make([%q(INTRODUCTION TO PREMODERN JAPANESE (JAPANLIT 246)), %q(146), %q(3), %q(5)]).includes ["NOT GIVEN THIS YEAR"]
make([%q(POINTS IN JAPANESE GRAMMAR (JAPANLIT 257)), %q(157), %q(2), %q(4)]).includes ["NOT GIVEN THIS YEAR"]
make([%q(THE TALE OF GENJI AND ITS HISTORICAL RECEPTION (JAPANLIT 270)), %q(170), %q(4), %q(4)]).includes ["NOT GIVEN THIS YEAR"]
make([%q(JAPANESE PRAGMATICS (JAPANLIT 281)), %q(181), %q(2), %q(4)]).includes ["NOT GIVEN THIS YEAR"]
make([%q(HONORS RESEARCH), %q(189A), %q(2), %q(5)]).includes ["AUT", "SPR"]
make([%q(HONORS RESEARCH), %q(189B), %q(5), %q(5)]).includes ["WIN"]
make([%q(INDIVIDUAL READING IN JAPANESE), %q(199), %q(1), %q(4)]).includes ["AUT", "WIN", "SPR", "SUM"]
make([%q(DIRECTED READING IN JAPANESE), %q(200), %q(1), %q(12)]).includes ["AUT", "WIN", "SPR", "SUM"]
make([%q(PROSEMINAR: INTRODUCTION TO GRADUATE STUDY IN JAPANESE), %q(201), %q(2), %q(5)]).includes ["AUT"]
make([%q(BIBLIOGRAPHIC AND RESEARCH METHODS IN JAPANESE), %q(202), %q(1), %q(3)]).includes ["NOT GIVEN THIS YEAR"]
make([%q(ACADEMIC READINGS IN JAPANESE I), %q(235), %q(2), %q(4)]).includes ["SPR"]
make([%q(ACADEMIC READINGS IN JAPANESE II), %q(236), %q(2), %q(4)]).includes ["NOT GIVEN THIS YEAR"]
make([%q(INTRODUCTION TO PREMODERN JAPANESE (JAPANLIT 146)), %q(246), %q(3), %q(5)]).includes ["NOT GIVEN THIS YEAR"]
make([%q(READINGS IN PREMODERN JAPANESE), %q(247), %q(2), %q(5)]).includes ["AUT"]
make([%q(READINGS IN CLASSICAL JAPANESE), %q(248), %q(5), %q(5)]).includes ["NOT GIVEN THIS YEAR"]
make([%q(POINTS IN JAPANESE GRAMMAR (JAPANLIT 157)), %q(257), %q(2), %q(4)]).includes ["NOT GIVEN THIS YEAR"]
make([%q(JAPANESE POETRY AND POETICS), %q(260), %q(2), %q(4)]).includes ["NOT GIVEN THIS YEAR"]
make([%q(INTRODUCTION TO SINO-JAPANESE), %q(266), %q(3), %q(5)]).includes ["NOT GIVEN THIS YEAR"]
make([%q(READINGS IN SINO-JAPANESE), %q(267), %q(2), %q(4)]).includes ["NOT GIVEN THIS YEAR"]
make([%q(THE TALE OF GENJI AND ITS HISTORICAL RECEPTION (JAPANLIT 170)), %q(270), %q(4), %q(4)]).includes ["NOT GIVEN THIS YEAR"]
make([%q(MODERN JAPANESE SHORT STORIES), %q(276), %q(2), %q(4)]).includes ["NOT GIVEN THIS YEAR"]
make([%q(RESEARCH IN JAPANESE LINGUISTICS), %q(279), %q(2), %q(4)]).includes ["NOT GIVEN THIS YEAR"]
make([%q(JAPANESE PRAGMATICS (JAPANLIT 181)), %q(281), %q(2), %q(4)]).includes ["NOT GIVEN THIS YEAR"]
make([%q(PICTURES OF THE FLOATING WORLD: IMAGES FROM JAPANESE POPULAR CULTURE (ARTHIST 287, ARTHIST 487X)), %q(287), %q(5), %q(5)]).includes ["WIN"]
make([%q(MODERN JAPANESE LITERATURE), %q(296), %q(2), %q(5)]).includes ["NOT GIVEN THIS YEAR"]
make([%q(THE THEORY AND PRACTICE OF JAPANESE LITERARY TRANSLATION), %q(298), %q(2), %q(5)]).includes ["NOT GIVEN THIS YEAR"]
make([%q(MASTER'S THESIS OR TRANSLATION), %q(299), %q(1), %q(5)]).includes ["AUT", "WIN", "SPR", "SUM"]
make([%q(JAPANESE HISTORICAL FICTION), %q(350), %q(3), %q(5)]).includes ["AUT"]
make([%q(SEMINAR: STRUCTURE OF JAPANESE), %q(377), %q(2), %q(4)]).includes ["NOT GIVEN THIS YEAR"]
make([%q(TOPICS IN PRAGMATICS AND DISCOURSE ANALYSIS), %q(381), %q(2), %q(4)]).includes ["WIN"]
make([%q(EARLY MODERN JAPANESE LITERATURE), %q(395), %q(2), %q(4)]).includes ["WIN"]
make([%q(MODERN JAPANESE LITERATURE SEMINAR: COMEDY), %q(396), %q(2), %q(5)]).includes ["SPR"]
make([%q(DISSERTATION RESEARCH), %q(399), %q(1), %q(12)]).includes ["AUT", "WIN", "SPR", "SUM"]
make([%q(ADVANCED LANGUAGE TRAINING), %q(400), %q(1), %q(15)]).includes ["AUT", "WIN", "SPR"]
make([%q(TGR PROJECT), %q(801), %q(0), %q(0)]).includes ["AUT", "WIN", "SPR", "SUM"]
make([%q(TGR DISSERTATION), %q(802), %q(0), %q(0)]).includes ["AUT", "WIN", "SPR", "SUM"]
