make([%q(Service-Learning Workshop on Issues of Education Equity (HISTORY 11W)), %q(11W), %q(1), %q(1)]).includes ["NOT GIVEN THIS YEAR"]
make([%q(Growing Up Bilingual (CHILATST 14N, EDUC 114N)), %q(14N), %q(3), %q(3)]).includes ["WIN"]
make([%q(African Americans and Social Movements (AFRICAAM 16N, SOC 16N)), %q(16N), %q(3), %q(3)]).includes ["NOT GIVEN THIS YEAR"]
make([%q(Revolution and the Filipino Diaspora: Exploring Global Activism in Local Communities), %q(27SI), %q(1), %q(2)]).includes ["SPR"]
make([%q(What is Whiteness? Historical and Contemporary Definitions of White Racial Identity in the U.S.), %q(28SI), %q(1), %q(2)]).includes ["NOT GIVEN THIS YEAR"]
make([%q(Theories in Race and Ethnicity: A Comparative Perspective (ANTHRO 32)), %q(32), %q(5), %q(5)]).includes ["NOT GIVEN THIS YEAR"]
make([%q(The 5th Element: Hip Hop Knowledge, Pedagogy, and Social Justice (AFRICAAM 32, AMSTUD 32, EDUC 32X, EDUC 432X, TAPS 32)), %q(32A), %q(1), %q(5)]).includes ["NOT GIVEN THIS YEAR"]
make([%q(Understanding Race and Ethnicity in American Society (SOC 45Q)), %q(45Q), %q(4), %q(4)]).includes ["AUT"]
make([%q(Comparative Fictions of Ethnicity (AMSTUD 51Q, COMPLIT 51Q)), %q(51Q), %q(4), %q(4)]).includes ["SPR"]
make([%q(Asian American Human Development: Cultural Perspectives on Psychology, Education and Critical Issues (ASNAMST 52D)), %q(52D), %q(3), %q(3)]).includes ["NOT GIVEN THIS YEAR"]
make([%q(Love Notes: Queers of Color on Politics of the Heart (CHILATST 53J)), %q(53J), %q(3), %q(3)]).includes ["NOT GIVEN THIS YEAR"]
make([%q(African American Women's Lives (AFRICAAM 54N, AMSTUD 54N, FEMGEN 54N, HISTORY 54N)), %q(54N), %q(3), %q(4)]).includes ["WIN"]
make([%q(MMUF Seminar), %q(55M), %q(1), %q(1)]).includes ["AUT", "WIN"]
make([%q(The Feminist Critique: The History and Politics of Gender Equality (AMSTUD 63N, FEMGEN 63N, HISTORY 63N)), %q(63N), %q(3), %q(4)]).includes ["WIN"]
make([%q(Racial and Ethnic Diversity in Modern America (HISTORY 64)), %q(64), %q(4), %q(5)]).includes ["NOT GIVEN THIS YEAR"]
make([%q(Nation in Motion: Film, Race and Immigration in Contemporary French Cinema (FRENCH 122)), %q(65), %q(3), %q(5)]).includes ["NOT GIVEN THIS YEAR"]
make([%q(The Americans are Coming!: The Cold War at Home and Abroad (HISTORY 66S)), %q(66S), %q(5), %q(5)]).includes ["WIN", "OFFERED ONCE ONLY"]
make([%q(Indigenous Cultural Heritage: Law, Practice and Theory (ARCHLGY 101, NATIVEAM 102)), %q(102), %q(5), %q(5)]).includes ["WIN"]
make([%q(Race, Ethnicity, and Linguistic Diversity in Classrooms: Sociocultural Theory and Practices (AFRICAAM 106, EDUC 103B, EDUC 337)), %q(103B), %q(3), %q(5)]).includes ["SPR"]
make([%q(Native American Women, Gender Roles, and Status (FEMGEN 103S, NATIVEAM 103S)), %q(103S), %q(5), %q(5)]).includes ["SPR"]
make([%q(Gang Colors: The Racialization of Violence and the American City (ANTHRO 106A)), %q(106A), %q(5), %q(5)]).includes ["NOT GIVEN THIS YEAR"]
make([%q(The Black Mediterranean: Greece, Rome and Antiquity (AFRICAAM 107C)), %q(107), %q(4), %q(5)]).includes ["NOT GIVEN THIS YEAR"]
make([%q(Introduction to Feminist Studies (AMSTUD 107, FEMGEN 101, TAPS 108)), %q(108), %q(4), %q(5)]).includes ["AUT"]
make([%q(American Indian Religious Freedom (NATIVEAM 108S)), %q(108S), %q(5), %q(5)]).includes ["WIN"]
make([%q(Urban Education (AFRICAAM 112, EDUC 112X, EDUC 212X, SOC 129X, SOC 229X)), %q(112X), %q(3), %q(4)]).includes ["WIN"]
make([%q(History of California Indians (HISTORY 250A)), %q(117S), %q(5), %q(5)]).includes ["NOT GIVEN THIS YEAR"]
make([%q(Digital Heritage: Bringing the Past Online with the Chinese American Historical Museum (ANTHRO 118A, ASNAMST 118A)), %q(118A), %q(5), %q(5)]).includes ["NOT GIVEN THIS YEAR"]
make([%q(Discourse of the Colonized: Native American and Indigenous Voices (NATIVEAM 121)), %q(121), %q(5), %q(5)]).includes ["AUT", "SPR"]
make([%q(Racial-Ethnic Politics in US (AMSTUD 121L, POLISCI 121L, PUBLPOL 121L)), %q(121L), %q(5), %q(5)]).includes ["NOT GIVEN THIS YEAR"]
make([%q(Hip Hop, Youth Identities, and the Politics of Language (AFRICAAM 121X, AMSTUD 121X, ANTHRO 121A, EDUC 121X, LINGUIST 155)), %q(121X), %q(3), %q(4)]).includes ["NOT GIVEN THIS YEAR"]
make([%q(Art in the Streets: Identity in Murals, Site-specific works, and Interventions in Public Spaces (AFRICAAM 122E)), %q(122E), %q(4), %q(4)]).includes ["WIN"]
make([%q(The Voting Rights Act (AFRICAAM 125V, POLISCI 125V)), %q(125V), %q(5), %q(5)]).includes ["NOT GIVEN THIS YEAR"]
make([%q(Curricular Public Policies: Recognition of African & Indigenous Populations ¿ Brazilian Experience), %q(126B), %q(3), %q(4)]).includes ["WIN"]
make([%q(Can't Stop Won't Stop: A History Of The Hip-Hop Arts (AFRICAAM 127A)), %q(127A), %q(4), %q(4)]).includes ["NOT GIVEN THIS YEAR"]
make([%q(WHAT WE WANT IS WE: Identity in Visual Arts, Social Engagement, and Civic Propositions), %q(128), %q(4), %q(4)]).includes ["SPR"]
make([%q(Community-based Research As Tool for Social Change:Discourses of Equity in Communities & Classrooms (AFRICAAM 130, EDUC 123X, EDUC 322)), %q(130), %q(3), %q(5)]).includes ["SPR"]
make([%q(Genes and Identity (AFRICAAM 131, ANTHRO 131)), %q(131), %q(5), %q(5)]).includes ["NOT GIVEN THIS YEAR"]
make([%q(Anthropology of the Middle East (ANTHRO 133A)), %q(133A), %q(3), %q(5)]).includes ["NOT GIVEN THIS YEAR"]
make([%q(Conversations in CSRE: Case Studies in the Stanford Community (ANTHRO 135H)), %q(135H), %q(1), %q(2)]).includes ["NOT GIVEN THIS YEAR"]
make([%q(CSRE House Seminar: Race and Ethnicity at Stanford (ANTHRO 135I)), %q(135I), %q(1), %q(2)]).includes ["NOT GIVEN THIS YEAR"]
make([%q(Medical Ethics in a Global World: Examining Race, Difference and Power in the Research Enterprise (ANTHRO 138, ANTHRO 238)), %q(138), %q(5), %q(5)]).includes ["SPR"]
make([%q(Stand Up Comedy and the \Great American Joke\ Since 1945 (AMSTUD 140)), %q(140C), %q(5), %q(5)]).includes ["AUT"]
make([%q(The Literature of the Americas (AMSTUD 142, COMPLIT 142, ENGLISH 172E)), %q(142), %q(5), %q(5)]).includes ["NOT GIVEN THIS YEAR"]
make([%q(What is Hemispheric Studies?), %q(142A), %q(5), %q(5)]).includes ["NOT GIVEN THIS YEAR"]
make([%q(Transforming Self and Systems: Crossing Borders of Race, Nation, Gender, Sexuality, and Class (ASNAMST 144, FEMGEN 144X)), %q(144), %q(5), %q(5)]).includes ["AUT"]
make([%q(Race and Ethnic Relations in the USA (SOC 145, SOC 245)), %q(145), %q(4), %q(4)]).includes ["SPR"]
make([%q(Race and Power (ANTHRO 145, ANTHRO 245)), %q(145F), %q(5), %q(5)]).includes ["NOT GIVEN THIS YEAR"]
make([%q(Community Matters: Research and Service with Community Organizations), %q(146), %q(2), %q(4)]).includes ["SPR"]
make([%q(Asian American Culture and Community (AMSTUD 146, ASNAMST 146S, COMPLIT 146)), %q(146S), %q(3), %q(5)]).includes ["WIN"]
make([%q(Comparative Ethnic Conflict (SOC 148, SOC 248)), %q(148), %q(4), %q(4)]).includes ["NOT GIVEN THIS YEAR"]
make([%q(Race and Political Sociology (SOC 150, SOC 250)), %q(150), %q(3), %q(3)]).includes ["NOT GIVEN THIS YEAR"]
make([%q(ID21 STRATLAB: Interdisciplinary Approaches to Improvising Identities (AMSTUD 151H, DANCE 151H, DANCE 251H, TAPS 151H, TAPS 351H)), %q(151H), %q(4), %q(5)]).includes ["NOT GIVEN THIS YEAR"]
make([%q(Anthropology of Drugs: Experience, Capitalism, Modernity (ANTHRO 154, ANTHRO 254B)), %q(154), %q(5), %q(5)]).includes ["AUT"]
make([%q(Movement and Meaning: Dance Studies in Global Comparative Context (DANCE 23, TAPS 159M, TAPS 259M)), %q(159M), %q(4), %q(4)]).includes ["AUT"]
make([%q(Women in Modern America (AMSTUD 161, FEMGEN 161, HISTORY 161)), %q(162), %q(4), %q(5)]).includes ["SPR"]
make([%q(Spirituality and Nonviolent Urban and Social Transformation (RELIGST 162, URBANST 126)), %q(162A), %q(3), %q(3)]).includes ["NOT GIVEN THIS YEAR"]
make([%q(Immigration and the Changing United States (CHILATST 164, SOC 164, SOC 264)), %q(164), %q(4), %q(4)]).includes ["SPR"]
make([%q(Immigration Debates in America, Past and Present (HISTORY 166B, HISTORY 366B)), %q(166B), %q(3), %q(5)]).includes ["WIN"]
make([%q(New Citizenship: Grassroots Movements for Social Justice in the U.S. (ANTHRO 169A, CHILATST 168, FEMGEN 140H)), %q(168), %q(5), %q(5)]).includes ["NOT GIVEN THIS YEAR"]
make([%q(Mexicans in the United States (AMSTUD 271, CHILATST 171, HISTORY 271)), %q(171H), %q(5), %q(5)]).includes ["SPR"]
make([%q(Out of Place: (W)riting Home (TAPS 172, TAPS 272)), %q(172), %q(4), %q(4)]).includes ["NOT GIVEN THIS YEAR"]
make([%q(Theories of Citizenship and Sovereignty in a Transnational Context (AMSTUD 272E, CHILATST 172, FEMGEN 272E, HISTORY 272E, HISTORY 372E)), %q(172H), %q(4), %q(5)]).includes ["AUT"]
make([%q(When Half is Whole: Developing Synergistic Identities and Mestiza Consciousness), %q(174S), %q(5), %q(5)]).includes ["NOT GIVEN THIS YEAR"]
make([%q(Living with Mindfulness, Meaning, and Compassion (TAPS 176)), %q(176), %q(5), %q(5)]).includes ["SPR"]
make([%q(Finding Meaning in Life's Struggles: Narrative Ways of Healing (TAPS 176S)), %q(176S), %q(5), %q(5)]).includes ["NOT GIVEN THIS YEAR"]
make([%q(Writing for Performance: The Fundamentals (FEMGEN 177, TAPS 177, TAPS 277)), %q(177), %q(5), %q(5)]).includes ["AUT"]
make([%q(Introduction to Dance on the Global Stage (DANCE 177)), %q(177B), %q(4), %q(4)]).includes ["NOT GIVEN THIS YEAR"]
make([%q(Well-Being in Immigrant Children & Youth: A Service Learning Course (CHILATST 177A, EDUC 177A, HUMBIO 29A)), %q(177E), %q(3), %q(3)]).includes ["AUT"]
make([%q(Well-Being in Immigrant Children & Youth: A Service Learning Course (CHILATST 177B, EDUC 177B)), %q(177F), %q(1), %q(3)]).includes ["WIN"]
make([%q(Well-Being in Immigrant Children & Youth: A Service Learning Course (CHILATST 177C, EDUC 177C)), %q(177G), %q(1), %q(3)]).includes ["SPR"]
make([%q(Ethics and Politics of Public Service (ETHICSOC 133, HUMBIO 178, PHIL 175A, PHIL 275A, POLISCI 133, PUBLPOL 103D, URBANST 122)), %q(178), %q(5), %q(5)]).includes ["NOT GIVEN THIS YEAR"]
make([%q(Intensive Playwriting (TAPS 178B, TAPS 278)), %q(178B), %q(5), %q(5)]).includes ["NOT GIVEN THIS YEAR"]
make([%q(Chroniclers of Desire: Creative Non-Fiction Writing Workshop (CSRE 279C, FEMGEN 179C, TAPS 179C, TAPS 279C)), %q(179C), %q(3), %q(5)]).includes ["SPR"]
make([%q(Flor y Canto: Poetry Workshop (CHILATST 179F, TAPS 179F, TAPS 279F)), %q(179F), %q(3), %q(5)]).includes ["NOT GIVEN THIS YEAR"]
make([%q(Indigenous Identity in Diaspora: People of Color Art Practice in North America (CSRE 279G, FEMGEN 179G, TAPS 279G)), %q(179G), %q(3), %q(5)]).includes ["WIN"]
make([%q(Re- Imagining American Borders (AMSTUD 183, FEMGEN 183)), %q(183), %q(5), %q(5)]).includes ["AUT"]
make([%q(The Anthropology of Race, Nature, and Animality (ANTHRO 187A)), %q(187A), %q(5), %q(5)]).includes ["NOT GIVEN THIS YEAR"]
make([%q(Imagining Women: Writers in Print and in Person (FEMGEN 188Q)), %q(188Q), %q(4), %q(5)]).includes ["WIN"]
make([%q(Language and Minority Rights (CHILATST 189W, EDUC 189X)), %q(189W), %q(3), %q(3)]).includes ["NOT GIVEN THIS YEAR"]
make([%q(Topics in the History of Sexuality: Sexual Violence in America (AMSTUD 258, FEMGEN 258, FEMGEN 358, HISTORY 258, HISTORY 358)), %q(192E), %q(4), %q(5)]).includes ["AUT"]
make([%q(Introduction to Comparative Studies in Race and Ethnicity (ENGLISH 172D, PSYCH 155, SOC 146, TAPS 165)), %q(196C), %q(5), %q(5)]).includes ["WIN"]
make([%q(Internship for Public Service (CHILATST 198)), %q(198), %q(1), %q(5)]).includes ["AUT", "WIN", "SPR", "SUM"]
make([%q(Latin@ Literature (CHILATST 200, ILAC 280, ILAC 382)), %q(200), %q(3), %q(5)]).includes ["AUT"]
make([%q(Directed Research), %q(200R), %q(1), %q(5)]).includes ["AUT", "WIN", "SPR"]
make([%q(Directed Reading), %q(200W), %q(1), %q(5)]).includes ["AUT", "WIN", "SPR"]
make([%q(CSRE Senior Seminar), %q(200X), %q(5), %q(5)]).includes ["AUT"]
make([%q(CSRE Senior Honors Research), %q(200Y), %q(1), %q(10)]).includes ["WIN"]
make([%q(CSRE Senior Honors Research), %q(200Z), %q(1), %q(10)]).includes ["SPR"]
make([%q(Introduction to Public History and Public Service (AFRICAAM 102, HISTORY 201, HISTORY 301)), %q(201), %q(4), %q(5)]).includes ["AUT"]
make([%q(From Racial Justice to Multiculturalism: Movement-based Arts Organizing in the Post Civil Rights Era (CHILATST 201B)), %q(201B), %q(5), %q(5)]).includes ["NOT GIVEN THIS YEAR"]
make([%q(Critical Concepts in Chican@ Literature (CHILATST 201C, ILAC 380E)), %q(201C), %q(3), %q(5)]).includes ["NOT GIVEN THIS YEAR"]
make([%q(The Changing Face of America: Building Leaders for Civil Rights and Education), %q(203A), %q(5), %q(5)]).includes ["SPR"]
make([%q(Education, Race, and Inequality in African American History, 1880-1990 (AFRICAAM 116, EDUC 216, HISTORY 255E)), %q(216X), %q(3), %q(5)]).includes ["SPR"]
make([%q(Public Policy Institute), %q(220), %q(3), %q(5)]).includes ["AUT", "SUM"]
make([%q(Race and Racism in American Politics (AMSTUD 226, POLISCI 226, POLISCI 326)), %q(226), %q(5), %q(5)]).includes ["NOT GIVEN THIS YEAR"]
make([%q(Curating Experience: Representation in and beyond Museums (AMSTUD 226X, EDUC 226X)), %q(226X), %q(4), %q(4)]).includes ["WIN"]
make([%q(Counseling Theories and Interventions from a Multicultural Perspective (AFRICAAM 233A, EDUC 233A)), %q(233A), %q(3), %q(5)]).includes ["NOT GIVEN THIS YEAR"]
make([%q(Writing Across Languages and Cultures: Research in Writing and Writing Instruction (EDUC 145, EDUC 243)), %q(243), %q(3), %q(5)]).includes ["WIN"]
make([%q(Understanding Racial and Ethnic Identity Development (AFRICAAM 245, EDUC 245)), %q(245), %q(3), %q(5)]).includes ["WIN"]
make([%q(Constructing Race and Religion in America (HISTORY 256G, HISTORY 356G, RELIGST 246, RELIGST 346)), %q(246), %q(4), %q(5)]).includes ["SPR"]
make([%q(Native American Identity in the American Imagination:  19th Century to Present (NATIVEAM 255)), %q(255C), %q(5), %q(5)]).includes ["SPR"]
make([%q(California's Minority-Majority Cities (HISTORY 260)), %q(260), %q(4), %q(5)]).includes ["SPR"]
make([%q(Chroniclers of Desire: Creative Non-Fiction Writing Workshop (CSRE 179C, FEMGEN 179C, TAPS 179C, TAPS 279C)), %q(279C), %q(3), %q(5)]).includes ["SPR"]
make([%q(Indigenous Identity in Diaspora: People of Color Art Practice in North America (CSRE 179G, FEMGEN 179G, TAPS 279G)), %q(279G), %q(3), %q(5)]).includes ["WIN"]
make([%q(Queer of Color Critique:  Race, Sex, Gender in Cultural Representations (FEMGEN 389E, ILAC 389E)), %q(289E), %q(3), %q(5)]).includes ["AUT"]
