make([%q(Russia's Weird Classic: Nikolai Gogol), %q(77Q), %q(3), %q(4)]).includes ["AUT"]
make([%q(Poetry to Prose: The Birth of the Great Russian Novel in Alexander Pushkin's Eugene Onegin), %q(78N), %q(3), %q(4)]).includes ["NOT GIVEN THIS YEAR"]
make([%q(Between Europe and Asia:  Introduction to Russian Culture), %q(115), %q(3), %q(3)]).includes ["SPR"]
make([%q(Poetry as System: Introduction to Theory and Practice of Russian Verse (SLAVIC 329)), %q(129), %q(4), %q(4)]).includes ["AUT"]
make([%q(Age of Experiment: Russian Literature in 1820-1845 (SLAVIC 345)), %q(145), %q(3), %q(5)]).includes ["AUT"]
make([%q(The Great Russian Novel: Theories of Time and Action (SLAVIC 346)), %q(146), %q(3), %q(5)]).includes ["WIN"]
make([%q(Modern Russian Literature and Culture: The Age of War and Revolution (SLAVIC 347)), %q(147), %q(3), %q(5)]).includes ["NOT GIVEN THIS YEAR"]
make([%q(Dissent and Disenchantment: Russian Literature and Culture since the Death of Stalin (SLAVIC 348)), %q(148), %q(3), %q(5)]).includes ["NOT GIVEN THIS YEAR"]
make([%q(Nabokov in the Transnational Context (COMPLIT 115, COMPLIT 315, SLAVIC 356)), %q(156), %q(3), %q(5)]).includes ["AUT"]
make([%q(Literature from Old Rus' and Medieval Russia (SLAVIC 379)), %q(179), %q(2), %q(4)]).includes ["NOT GIVEN THIS YEAR"]
make([%q(Philosophy and Literature (CLASSGEN 81, COMPLIT 181, ENGLISH 81, FRENCH 181, GERMAN 181, ITALIAN 181, PHIL 81)), %q(181), %q(5), %q(5)]).includes ["WIN"]
make([%q(Russian Poetry of the 18th and 19th Centuries (SLAVIC 387)), %q(187), %q(3), %q(4)]).includes ["NOT GIVEN THIS YEAR"]
make([%q(20th century Russian Poetry: From Aleksandr Blok to Joseph Brodsky (SLAVIC 388)), %q(188), %q(3), %q(5)]).includes ["WIN"]
make([%q(Tolstoy's Anna Karenina in Dialogue with Contemporary Philosophical, Social, and Ethical Thought (COMPLIT 190, COMPLIT 390, SLAVIC 390)), %q(190), %q(3), %q(5)]).includes ["WIN"]
make([%q(Russia:  Literature, Film, Identity, Alterity (SLAVIC 394)), %q(194), %q(3), %q(5)]).includes ["NOT GIVEN THIS YEAR"]
make([%q(Russian and East European Theater (SLAVIC 395)), %q(195), %q(3), %q(5)]).includes ["NOT GIVEN THIS YEAR"]
make([%q(Writing Between Languages:  The Case of Eastern European Jewish Literature (JEWISHST 148, JEWISHST 348, SLAVIC 398)), %q(198), %q(3), %q(5)]).includes ["SPR"]
make([%q(Individual Work for Undergraduates), %q(199), %q(1), %q(5)]).includes ["AUT", "WIN", "SPR", "SUM"]
make([%q(Proseminar in Literary Theory and Study of Russian Literature), %q(200), %q(3), %q(5)]).includes ["NOT GIVEN THIS YEAR"]
make([%q(Readings in Russian Realism), %q(225), %q(3), %q(5)]).includes ["NOT GIVEN THIS YEAR"]
make([%q(18th Century Russian Literature), %q(230), %q(5), %q(5)]).includes ["WIN"]
make([%q(Late and Post-Soviet Literature), %q(235), %q(3), %q(5)]).includes ["SPR"]
make([%q(The Russian Long Take), %q(236), %q(3), %q(5)]).includes ["NOT GIVEN THIS YEAR"]
make([%q(Artists and Power: Eastern European Literature and Film from 1945 to 1991), %q(242), %q(2), %q(5)]).includes ["WIN"]
make([%q(Dostoevsky: Narrative Performance and Literary Theory (COMPLIT 219)), %q(251), %q(3), %q(5)]).includes ["NOT GIVEN THIS YEAR"]
make([%q(Research Tools and Professionalization Workshop), %q(300B), %q(1), %q(1)]).includes ["AUT"]
make([%q(Introduction to Old Church Slavic), %q(311), %q(2), %q(4)]).includes ["NOT GIVEN THIS YEAR"]
make([%q(Isaac Babel and His Worlds), %q(315), %q(3), %q(4)]).includes ["NOT GIVEN THIS YEAR"]
make([%q(Boris Pasternak and the Poetry of the Russian Avant Garde), %q(327), %q(4), %q(4)]).includes ["NOT GIVEN THIS YEAR"]
make([%q(Poetry as System: Introduction to Theory and Practice of Russian Verse (SLAVIC 129)), %q(329), %q(4), %q(4)]).includes ["AUT"]
make([%q(Russia's Castaway Classic: Andrei Platonov), %q(340), %q(3), %q(5)]).includes ["NOT GIVEN THIS YEAR"]
make([%q(Age of Experiment: Russian Literature in 1820-1845 (SLAVIC 145)), %q(345), %q(3), %q(5)]).includes ["AUT"]
make([%q(The Great Russian Novel: Theories of Time and Action (SLAVIC 146)), %q(346), %q(3), %q(5)]).includes ["WIN"]
make([%q(Modern Russian Literature and Culture: The Age of War and Revolution (SLAVIC 147)), %q(347), %q(3), %q(5)]).includes ["NOT GIVEN THIS YEAR"]
make([%q(Dissent and Disenchantment: Russian Literature and Culture since the Death of Stalin (SLAVIC 148)), %q(348), %q(3), %q(5)]).includes ["NOT GIVEN THIS YEAR"]
make([%q(Nabokov in the Transnational Context (COMPLIT 115, COMPLIT 315, SLAVIC 156)), %q(356), %q(3), %q(5)]).includes ["AUT"]
make([%q(Folklore Theory and Slavic Folklore), %q(369), %q(1), %q(3)]).includes ["WIN"]
make([%q(Pushkin), %q(370), %q(2), %q(2)]).includes ["SPR"]
make([%q(Literature from Old Rus' and Medieval Russia (SLAVIC 179)), %q(379), %q(2), %q(4)]).includes ["NOT GIVEN THIS YEAR"]
make([%q(Russian Poetry of the 18th and 19th Centuries (SLAVIC 187)), %q(387), %q(3), %q(4)]).includes ["NOT GIVEN THIS YEAR"]
make([%q(20th century Russian Poetry: From Aleksandr Blok to Joseph Brodsky (SLAVIC 188)), %q(388), %q(3), %q(5)]).includes ["WIN"]
make([%q(Tolstoy's Anna Karenina in Dialogue with Contemporary Philosophical, Social, and Ethical Thought (COMPLIT 190, COMPLIT 390, SLAVIC 190)), %q(390), %q(3), %q(5)]).includes ["WIN"]
make([%q(Russia:  Literature, Film, Identity, Alterity (SLAVIC 194)), %q(394), %q(3), %q(5)]).includes ["NOT GIVEN THIS YEAR"]
make([%q(Russian and East European Theater (SLAVIC 195)), %q(395), %q(3), %q(5)]).includes ["NOT GIVEN THIS YEAR"]
make([%q(Writing Between Languages:  The Case of Eastern European Jewish Literature (JEWISHST 148, JEWISHST 348, SLAVIC 198)), %q(398), %q(3), %q(5)]).includes ["SPR"]
make([%q(INDIVIDUAL WORK), %q(399), %q(1), %q(15)]).includes ["AUT", "WIN", "SPR", "SUM"]
make([%q(TGR Dissertation), %q(802), %q(0), %q(0)]).includes ["AUT", "WIN", "SPR", "SUM"]
