make([%q(Economic Growth and Development Patterns, Policies, and Prospects), %q(103), %q(5), %q(5)]).includes ["AUT", "SPR"]
make([%q(Congressional Oversight and the Press), %q(104), %q(5), %q(5)]).includes ["AUT", "SPR"]
make([%q(Education Policy), %q(105), %q(5), %q(5)]).includes ["AUT", "SPR"]
make([%q(Criminal Justice Policy), %q(106), %q(5), %q(5)]).includes ["AUT", "SPR"]
make([%q(Civil  Rights Law), %q(107), %q(5), %q(5)]).includes ["AUT", "WIN", "SPR"]
make([%q(Urban Policy), %q(108), %q(5), %q(5)]).includes []
make([%q(Trans-Atlantic Relations), %q(109), %q(5), %q(5)]).includes []
make([%q(U.S. Foreign Policy), %q(110), %q(3), %q(3)]).includes ["AUT", "SPR"]
make([%q(Composing a Life in Public Service), %q(111), %q(3), %q(3)]).includes []
make([%q(Health Policy Making in the US), %q(112), %q(5), %q(5)]).includes ["WIN"]
make([%q(Critical Health Issues in the U.S. and Abroad), %q(113), %q(5), %q(5)]).includes ["WIN"]
make([%q(Health and Environmental Regulatory Policy), %q(115), %q(5), %q(5)]).includes ["NOT GIVEN THIS YEAR"]
make([%q(International Environmental Policy), %q(116), %q(5), %q(5)]).includes ["WIN"]
make([%q(Topics in American Politics and Public Policy), %q(118), %q(3), %q(3)]).includes ["NOT GIVEN THIS YEAR"]
make([%q(U. S. and Europe: Cooperation or Competition?), %q(119), %q(5), %q(5)]).includes ["AUT", "SPR"]
make([%q(Law and Public Policy in the Federal Government), %q(120), %q(5), %q(5)]).includes ["NOT GIVEN THIS YEAR"]
make([%q(Economic Analysis of Federal Environmental and Health Regulations), %q(121), %q(5), %q(5)]).includes ["NOT GIVEN THIS YEAR"]
make([%q(Energy, Environment and Security in South Asia), %q(122), %q(5), %q(5)]).includes ["NOT GIVEN THIS YEAR"]
make([%q(The American Presidency: From TR to Nixon), %q(124), %q(5), %q(5)]).includes ["SPR"]
make([%q(Transitions in Energy Policy Speakers Series), %q(128), %q(2), %q(2)]).includes ["NOT GIVEN THIS YEAR"]
make([%q(Women's, Maternal, and Children's Health), %q(129), %q(5), %q(5)]).includes ["WIN"]
make([%q(Security through Partnerships, Partnerships through Security), %q(130), %q(5), %q(5)]).includes ["NOT GIVEN THIS YEAR"]
make([%q(United States and Europe in Comparative Perspective), %q(131), %q(5), %q(5)]).includes ["NOT GIVEN THIS YEAR"]
make([%q(Bridging the gap between environmental science and policy), %q(132), %q(5), %q(5)]).includes ["NOT GIVEN THIS YEAR"]
make([%q(Federal Education Policy), %q(135), %q(5), %q(5)]).includes ["NOT GIVEN THIS YEAR"]
make([%q(Energy and Environment: Technology, Economics and Policy), %q(137), %q(5), %q(5)]).includes ["GIVEN NEXT YEAR"]
make([%q(Game Theory and Mathematical Models of Politics), %q(138), %q(5), %q(5)]).includes ["NOT GIVEN THIS YEAR"]
make([%q(Health and Environmental Policy Speaker Series), %q(140), %q(2), %q(2)]).includes ["NOT GIVEN THIS YEAR"]
make([%q(Images of National Politics from Classics in Political Science), %q(142), %q(5), %q(5)]).includes ["NOT GIVEN THIS YEAR"]
make([%q(Energy, Environment, Climate and Conservation Policy: A Washington, D.C. Perspective), %q(144), %q(5), %q(5)]).includes ["WIN"]
make([%q(Diplomacy in Practice: Security Issues in the South Caucasus), %q(146), %q(5), %q(5)]).includes ["AUT"]
make([%q(Art and the First Amendment: Testing the Limits of Expression (ARTHIST 148)), %q(148), %q(5), %q(5)]).includes ["NOT GIVEN THIS YEAR"]
make([%q(American Art, 1945 to the Present), %q(149), %q(5), %q(5)]).includes ["WIN"]
make([%q(Banking Regulation 5 Years After the Crisis), %q(151), %q(5), %q(5)]).includes ["SPR"]
make([%q(Energy and Climate Cooperation in the Western Hemisphere), %q(153), %q(5), %q(5)]).includes ["NOT GIVEN THIS YEAR"]
make([%q(Diplomacy in Practice), %q(154), %q(5), %q(5)]).includes ["SPR"]
make([%q(Images of National Politics from Classics in Political Science), %q(155), %q(5), %q(5)]).includes ["AUT"]
make([%q(Lobbying and the Art of Public Policy and Advocacy), %q(156), %q(5), %q(5)]).includes ["AUT"]
make([%q(Health Policy), %q(198Y), %q(5), %q(5)]).includes []
make([%q(International Economic Policy), %q(198Z), %q(5), %q(5)]).includes []
make([%q(CSRE Public Policy Seminar), %q(201A), %q(3), %q(5)]).includes []
make([%q(CSRE Public Policy Seminar), %q(201B), %q(3), %q(5)]).includes []
make([%q(From the Pantheon to the Capitol: Architecture, Cosmology, Mathematics and Illusion (ARTHIST 214)), %q(214), %q(5), %q(5)]).includes ["WIN"]
