make([%q(THE CHEMICAL ENGINEERING PROFESSION), %q(10), %q(1), %q(1)]).includes ["AUT"]
make([%q(AN EXPLORATION OF ART MATERIALS:  THE INTERSECTION OF ART AND SCIENCE), %q(12SC), %q(2), %q(2)]).includes ["SUM"]
make([%q(INTRODUCTION TO CHEMICAL ENGINEERING (ENGR 20)), %q(20), %q(3), %q(3)]).includes ["SPR"]
make([%q(BIOTECHNOLOGY (ENGR 25B)), %q(25B), %q(3), %q(3)]).includes ["SPR"]
make([%q(ENERGY: CHEMICAL TRANSFORMATIONS FOR PRODUCTION, STORAGE, AND USE (ENGR 25E)), %q(25E), %q(3), %q(3)]).includes ["WIN"]
make([%q(RENEWABLE ENERGY FOR A SUSTAINABLE WORLD), %q(35N), %q(3), %q(3)]).includes ["NOT GIVEN THIS YEAR"]
make([%q(ENVIRONMENTAL REGULATION AND POLICY), %q(60Q), %q(3), %q(3)]).includes ["AUT"]
make([%q(MASTERS OF DISASTER), %q(70Q), %q(3), %q(3)]).includes ["AUT"]
make([%q(ART, CHEMISTRY, AND MADNESS: THE SCIENCE OF ART MATERIALS), %q(80Q), %q(3), %q(3)]).includes ["SPR"]
make([%q(CHEMICAL PROCESS MODELING, DYNAMICS, AND CONTROL), %q(100), %q(3), %q(3)]).includes ["AUT"]
make([%q(EQUILIBRIUM THERMODYNAMICS), %q(110), %q(3), %q(3)]).includes ["WIN"]
make([%q(FLUID MECHANICS), %q(120A), %q(4), %q(4)]).includes ["WIN"]
make([%q(ENERGY AND MASS TRANSPORT), %q(120B), %q(4), %q(4)]).includes ["SPR"]
make([%q(SEPARATION PROCESSES), %q(130), %q(3), %q(3)]).includes ["SPR"]
make([%q(MICRO AND NANOSCALE FABRICATION ENGINEERING (CHEMENG 240)), %q(140), %q(3), %q(3)]).includes ["WIN"]
make([%q(BASIC PRINCIPLES OF HETEROGENEOUS CATALYSIS WITH APPLICATIONS IN ENERGY TRANSFORMATIONS (CHEMENG 242)), %q(142), %q(3), %q(3)]).includes ["SPR"]
make([%q(BIOCHEMICAL ENGINEERING), %q(150), %q(3), %q(3)]).includes ["WIN"]
make([%q(POLYMER SCIENCE AND ENGINEERING (CHEMENG 260)), %q(160), %q(3), %q(3)]).includes ["NOT GIVEN THIS YEAR"]
make([%q(POLYMERS FOR CLEAN ENERGY AND WATER (CHEMENG 262)), %q(162), %q(3), %q(3)]).includes ["AUT"]
make([%q(KINETICS AND REACTOR DESIGN), %q(170), %q(3), %q(3)]).includes ["AUT"]
make([%q(ENVIRONMENTAL MICROBIOLOGY I (CEE 274A, CHEMENG 274)), %q(174), %q(3), %q(3)]).includes ["AUT"]
make([%q(CHEMICAL ENGINEERING PLANT DESIGN), %q(180), %q(3), %q(3)]).includes ["SPR"]
make([%q(BIOCHEMISTRY I (BIO 188, BIO 288, CHEM 181, CHEMENG 281)), %q(181), %q(3), %q(3)]).includes ["AUT"]
make([%q(BIOCHEMISTRY II (BIO 189, BIO 289, CHEM 183, CHEMENG 283)), %q(183), %q(3), %q(3)]).includes ["WIN"]
make([%q(CHEMICAL ENGINEERING LABORATORY A), %q(185A), %q(4), %q(4)]).includes ["AUT"]
make([%q(CHEMICAL ENGINEERING LABORATORY B), %q(185B), %q(4), %q(4)]).includes ["WIN"]
make([%q(UNDERGRADUATE RESEARCH IN CHEMICAL ENGINEERING), %q(190), %q(1), %q(6)]).includes ["AUT", "WIN", "SPR", "SUM"]
make([%q(UNDERGRADUATE HONORS RESEARCH IN CHEMICAL ENGINEERING), %q(190H), %q(1), %q(5)]).includes ["AUT", "WIN", "SPR", "SUM"]
make([%q(UNDERGRADUATE HONORS SEMINAR), %q(191H), %q(1), %q(1)]).includes ["AUT", "WIN", "SPR", "SUM"]
make([%q(ENTREPRENEURSHIP IN ENGINEERING AND SCIENCE-BASED INDUSTRIES (CHEMENG 296)), %q(196), %q(3), %q(3)]).includes ["AUT"]
make([%q(MICRO AND NANOSCALE FABRICATION ENGINEERING (CHEMENG 140)), %q(240), %q(3), %q(3)]).includes ["WIN"]
make([%q(BASIC PRINCIPLES OF HETEROGENEOUS CATALYSIS WITH APPLICATIONS IN ENERGY TRANSFORMATIONS (CHEMENG 142)), %q(242), %q(3), %q(3)]).includes ["SPR"]
make([%q(POLYMER SCIENCE AND ENGINEERING (CHEMENG 160)), %q(260), %q(3), %q(3)]).includes ["NOT GIVEN THIS YEAR"]
make([%q(POLYMERS FOR CLEAN ENERGY AND WATER (CHEMENG 162)), %q(262), %q(3), %q(3)]).includes ["AUT"]
make([%q(ENVIRONMENTAL MICROBIOLOGY I (CEE 274A, CHEMENG 174)), %q(274), %q(3), %q(3)]).includes ["AUT"]
make([%q(BIOCHEMISTRY I (BIO 188, BIO 288, CHEM 181, CHEMENG 181)), %q(281), %q(3), %q(3)]).includes ["AUT"]
make([%q(BIOCHEMISTRY II (BIO 189, BIO 289, CHEM 183, CHEMENG 183)), %q(283), %q(3), %q(3)]).includes ["WIN"]
make([%q(ENTREPRENEURSHIP IN ENGINEERING AND SCIENCE-BASED INDUSTRIES (CHEMENG 196)), %q(296), %q(3), %q(3)]).includes ["AUT"]
make([%q(APPLIED MATHEMATICS IN THE CHEMICAL AND BIOLOGICAL SCIENCES (CME 330)), %q(300), %q(3), %q(3)]).includes ["AUT"]
make([%q(MICROHYDRODYNAMICS (ME 451D)), %q(310), %q(3), %q(3)]).includes ["WIN"]
make([%q(CHEMICAL KINETICS AND REACTION ENGINEERING), %q(320), %q(3), %q(3)]).includes ["SPR"]
make([%q(MOLECULAR THERMODYNAMICS), %q(340), %q(3), %q(3)]).includes ["AUT"]
make([%q(FUNDAMENTALS AND APPLICATIONS OF SPECTROSCOPY (PHOTON 345)), %q(345), %q(3), %q(3)]).includes ["WIN"]
make([%q(ADVANCED BIOCHEMICAL ENGINEERING (BIOE 355)), %q(355), %q(3), %q(3)]).includes ["SPR"]
make([%q(GRADUATE RESEARCH ROTATION IN CHEMICAL ENGINEERING), %q(399), %q(1), %q(1)]).includes ["AUT", "WIN", "SPR", "SUM"]
make([%q(GROWTH AND FORM), %q(420), %q(3), %q(3)]).includes ["NOT GIVEN THIS YEAR"]
make([%q(ELECTROCHEMICAL ENERGY CONVERSION), %q(432), %q(3), %q(3)]).includes ["NOT GIVEN THIS YEAR"]
make([%q(STRUCTURE AND REACTIVITY OF SOLID SURFACES), %q(442), %q(3), %q(3)]).includes ["NOT GIVEN THIS YEAR"]
make([%q(ELECTRONIC STRUCTURE THEORY AND APPLICATIONS TO CHEMICAL KINETICS (ENERGY 256)), %q(444), %q(3), %q(3)]).includes ["NOT GIVEN THIS YEAR"]
make([%q(ADVANCES IN BIOTECHNOLOGY (BIOE 450)), %q(450), %q(3), %q(3)]).includes ["SPR"]
make([%q(SYNTHETIC BIOLOGY AND METABOLIC ENGINEERING (BIOE 454)), %q(454), %q(3), %q(3)]).includes ["NOT GIVEN THIS YEAR"]
make([%q(MICROBIAL BIOENERGY SYSTEMS (CEE 274B)), %q(456), %q(3), %q(3)]).includes ["WIN"]
make([%q(FRONTIERS IN INTERDISCIPLINARY BIOSCIENCES (BIO 459, BIOC 459, BIOE 459, CHEM 459, PSYCH 459)), %q(459), %q(1), %q(1)]).includes ["NOT GIVEN THIS YEAR"]
make([%q(COMPLEX FLUIDS AND NON-NEWTONIAN FLOWS (ME 455)), %q(462), %q(3), %q(3)]).includes ["SPR"]
make([%q(POLYMER CHEMISTRY), %q(464), %q(3), %q(3)]).includes ["NOT GIVEN THIS YEAR"]
make([%q(POLYMER PHYSICS), %q(466), %q(3), %q(3)]).includes ["NOT GIVEN THIS YEAR"]
make([%q(SOLID STRUCTURE AND PROPERTIES OF POLYMERS), %q(469), %q(3), %q(3)]).includes ["WIN"]
make([%q(COMPLEX FLUID INTERFACES: CAPILLARITY AND INTERFACIAL DYNAMICS), %q(470), %q(3), %q(3)]).includes ["NOT GIVEN THIS YEAR"]
make([%q(THE STARTUP GARAGE: DESIGN (SOMGEN 282)), %q(482), %q(4), %q(4)]).includes ["AUT"]
make([%q(THE STARTUP GARAGE: TESTING AND LAUNCH (SOMGEN 284)), %q(484), %q(4), %q(4)]).includes ["WIN"]
make([%q(SPECIAL TOPICS IN PROTEIN BIOTECHNOLOGY), %q(500), %q(1), %q(1)]).includes ["AUT", "WIN", "SPR", "SUM"]
make([%q(SPECIAL TOPICS IN SEMICONDUCTOR PROCESSING), %q(501), %q(1), %q(1)]).includes ["AUT", "WIN", "SPR", "SUM"]
make([%q(SPECIAL TOPICS IN BIOCATALYSIS), %q(503), %q(1), %q(1)]).includes ["AUT", "WIN", "SPR", "SUM"]
make([%q(SPECIAL TOPICS IN MICRORHEOLOGY), %q(505), %q(1), %q(1)]).includes ["AUT", "WIN", "SPR", "SUM"]
make([%q(SPECIAL TOPICS IN POLYMER PHYSICS AND MOLECULAR ASSEMBLIES), %q(507), %q(1), %q(1)]).includes ["AUT", "WIN", "SPR", "SUM"]
make([%q(SPECIAL TOPICS IN TRANSPORT MECHANICS), %q(510), %q(1), %q(1)]).includes ["AUT", "WIN", "SPR", "SUM"]
make([%q(SPECIAL TOPICS IN FUNCTIONAL ORGANIC MATERIALS FOR ELECTRONIC AND OPTICAL DEVICES), %q(513), %q(1), %q(1)]).includes ["AUT", "WIN", "SPR", "SUM"]
make([%q(SPECIAL TOPICS IN BIOPOLYMER PHYSICS), %q(514), %q(1), %q(1)]).includes ["AUT", "WIN", "SPR", "SUM"]
make([%q(SPECIAL TOPICS IN MOLECULAR AND SYSTEMS BIOLOGY), %q(515), %q(1), %q(1)]).includes ["AUT", "WIN", "SPR", "SUM"]
make([%q(SPECIAL TOPICS IN ENERGY AND CATALYSIS), %q(516), %q(1), %q(1)]).includes ["AUT", "WIN", "SPR", "SUM"]
make([%q(SPECIAL TOPICS IN MICROBIAL PHYSIOLOGY AND METABOLISM), %q(517), %q(1), %q(1)]).includes ["AUT", "WIN", "SPR", "SUM"]
make([%q(SPECIAL TOPICS IN ADVANCED BIOPHYSICS AND PROTEIN DESIGN), %q(518), %q(1), %q(1)]).includes ["AUT", "WIN", "SPR", "SUM"]
make([%q(SPECIAL TOPICS IN INTERFACE SCIENCE AND CATALYSIS), %q(519), %q(1), %q(1)]).includes ["AUT", "WIN", "SPR", "SUM"]
make([%q(SPECIAL TOPICS IN BIOLOGICAL CHEMISTRY), %q(520), %q(1), %q(1)]).includes ["AUT", "WIN", "SPR", "SUM"]
make([%q(GRADUATE RESEARCH IN CHEMICAL ENGINEERING), %q(600), %q(1), %q(12)]).includes ["AUT", "WIN", "SPR", "SUM"]
make([%q(COLLOQUIUM), %q(699), %q(1), %q(1)]).includes ["AUT", "WIN", "SPR"]
make([%q(TGR PROJECT), %q(801), %q(0), %q(0)]).includes ["AUT", "WIN", "SPR", "SUM"]
make([%q(TGR DISSERTATION), %q(802), %q(0), %q(0)]).includes ["AUT", "WIN", "SPR", "SUM"]
