make([%q(The Oceans: An Introduction to the Marine Environment (EARTHSYS 8)), %q(8), %q(3), %q(3)]).includes ["NOT GIVEN THIS YEAR"]
make([%q(Human and Environmental Rights from Farm to Fork (EARTHSYS 14SI)), %q(11SI), %q(1), %q(1)]).includes ["NOT GIVEN THIS YEAR"]
make([%q(Environmental and Geological Field Studies in the Rocky Mountains (EARTHSYS 12SC, GES 12SC)), %q(12SC), %q(2), %q(2)]).includes ["SUM"]
make([%q(The Worst Journey in the World: The Science, Literature, and History of Polar Exploration (EARTHSYS 38N, GES 38N)), %q(38N), %q(3), %q(3)]).includes ["WIN"]
make([%q(The Global Warming Paradox (EARTHSYS 41N)), %q(41N), %q(3), %q(3)]).includes ["AUT"]
make([%q(The Global Warming Paradox II (EARTHSYS 42)), %q(42), %q(1), %q(1)]).includes ["NOT GIVEN THIS YEAR"]
make([%q(The Global Warming Paradox III), %q(43), %q(1), %q(1)]).includes ["NOT GIVEN THIS YEAR"]
make([%q(Exploring the Critical Interface between the Land and Monterey Bay: Elkhorn Slough (EARTHSYS 46N)), %q(46N), %q(3), %q(3)]).includes ["NOT GIVEN THIS YEAR"]
make([%q(Multi-Disciplinary Perspectives on a Large Urban Estuary: San Francisco Bay (CEE 50N, EARTHSYS 49N)), %q(49N), %q(3), %q(3)]).includes ["SPR"]
make([%q(Changes in the Coastal Ocean: The View From Monterey and San Francisco Bays (EARTHSYS 56Q)), %q(56Q), %q(3), %q(3)]).includes ["NOT GIVEN NEXT YEAR"]
make([%q(Climate Change from the Past to the Future (EARTHSYS 57Q)), %q(57Q), %q(3), %q(3)]).includes ["WIN"]
make([%q(Food and security (EARTHSYS 61Q, INTNLREL 61Q)), %q(61Q), %q(3), %q(3)]).includes ["AUT"]
make([%q(Environmental and Geological Field Studies in the Rocky Mountains (EARTHSYS 100, GES 101)), %q(101), %q(3), %q(3)]).includes ["AUT"]
make([%q(Food and Community: New Visions for a Sustainable Future (EARTHSYS 105)), %q(105), %q(3), %q(3)]).includes ["AUT"]
make([%q(World Food Economy (EARTHSYS 106, ECON 106)), %q(106), %q(5), %q(5)]).includes ["WIN"]
make([%q(Biology and Global Change (BIO 117, EARTHSYS 111)), %q(111), %q(4), %q(4)]).includes ["WIN"]
make([%q(Human Society and Environmental Change (EARTHSYS 112, HISTORY 103D)), %q(112), %q(4), %q(4)]).includes ["AUT"]
make([%q(Earth Sciences of the Hawaiian Islands (EARTHSCI 117, EARTHSYS 117)), %q(117), %q(4), %q(4)]).includes ["ALTERNATE YEARS", "NOT GIVEN NEXT YEAR"]
make([%q(Understanding Natural Hazards, Quantifying Risk, Increasing Resilience in Highly Urbanized Regions (EESS 218, GEOPHYS 118, GEOPHYS 218, GES 118, GES 218)), %q(118), %q(3), %q(3)]).includes ["WIN"]
make([%q(GIS for good: Applications of GIS for International Development and Humanitarian Assistance (EARTHSYS 127, EESS 222)), %q(122), %q(3), %q(4)]).includes ["SPR"]
make([%q(Stable Isotopes in Biogeochemistry (EARTHSYS 134, EARTHSYS 234, EESS 234)), %q(134), %q(3), %q(3)]).includes ["NOT GIVEN THIS YEAR"]
make([%q(Remote Sensing of the Oceans (EARTHSYS 141, EARTHSYS 241, EESS 241, GEOPHYS 141)), %q(141), %q(3), %q(4)]).includes ["WIN"]
make([%q(Atmosphere, Ocean, and Climate Dynamics: The Atmospheric Circulation (EARTHSYS 146A, EARTHSYS 246A, EESS 246A, GEOPHYS 146A, GEOPHYS 246A)), %q(146A), %q(3), %q(3)]).includes ["WIN"]
make([%q(Atmosphere, Ocean, and Climate Dynamics: the Ocean Circulation (EARTHSYS 146B, EARTHSYS 246B, EESS 246B, GEOPHYS 146B, GEOPHYS 246B)), %q(146B), %q(3), %q(3)]).includes ["SPR"]
make([%q(Introduction to Physical Oceanography (CEE 164, CEE 262D, EARTHSYS 164)), %q(148), %q(4), %q(4)]).includes ["WIN"]
make([%q(Biological Oceanography (EARTHSYS 151, EARTHSYS 251, EESS 251)), %q(151), %q(3), %q(4)]).includes ["SPR"]
make([%q(Marine Chemistry (EARTHSYS 152, EARTHSYS 252, EESS 252)), %q(152), %q(3), %q(4)]).includes ["SPR"]
make([%q(Science of Soils (EARTHSYS 155)), %q(155), %q(3), %q(4)]).includes ["SPR"]
make([%q(Soil and Water Chemistry (EARTHSYS 156, EARTHSYS 256, EESS 256)), %q(156), %q(1), %q(4)]).includes ["WIN"]
make([%q(Geomicrobiology (EARTHSYS 158, EARTHSYS 258, EESS 258)), %q(158), %q(3), %q(3)]).includes ["NOT GIVEN THIS YEAR"]
make([%q(Statistical Methods for Earth and Environmental Sciences: General Introduction (EARTHSYS 160)), %q(160), %q(3), %q(3)]).includes ["NOT GIVEN THIS YEAR"]
make([%q(Statistical Methods for the Earth and Environmental Sciences: Geostatistics (EARTHSYS 161, ENERGY 161)), %q(161), %q(3), %q(4)]).includes ["NOT GIVEN THIS YEAR"]
make([%q(Remote Sensing of Land (EARTHSYS 142, EARTHSYS 242, EESS 262)), %q(162), %q(4), %q(4)]).includes ["WIN"]
make([%q(Fundamentals of Geographic Information Science (GIS) (EARTHSYS 144)), %q(164), %q(3), %q(4)]).includes ["AUT"]
make([%q(Aquaculture and the Environment: Science, History, and Policy (EARTHSYS 173, EARTHSYS 273, EESS 273)), %q(173), %q(3), %q(3)]).includes ["NOT GIVEN THIS YEAR"]
make([%q(Seminar: Issues in Environmental Science, Technology and Sustainability (CEE 179S, CEE 279S, EARTHSYS 179S)), %q(179S), %q(1), %q(2)]).includes ["SUM"]
make([%q(Concepts of Urban Agriculture (EARTHSYS 181, EARTHSYS 281, EESS 281)), %q(181), %q(3), %q(3)]).includes ["NOT GIVEN THIS YEAR"]
make([%q(Current Issues in Sustainable Agriculture (EARTHSYS 182, EARTHSYS 282, EESS 282)), %q(182), %q(2), %q(2)]).includes ["NOT GIVEN THIS YEAR"]
make([%q(Food Matters: Agriculture in Film (EARTHSYS 183, EARTHSYS 283, EESS 283)), %q(183), %q(1), %q(1)]).includes ["WIN"]
make([%q(Climate and Agriculture (EARTHSYS 184, EARTHSYS 284, EESS 284)), %q(184), %q(3), %q(4)]).includes ["ALTERNATE YEARS", "GIVEN NEXT YEAR"]
make([%q(Topics in Geobiology (GES 208)), %q(208), %q(1), %q(1)]).includes ["AUT"]
make([%q(Fundamentals of Modeling (EARTHSYS 211)), %q(211), %q(3), %q(5)]).includes ["AUT"]
make([%q(Measurements in Earth Systems), %q(212), %q(3), %q(4)]).includes ["WIN"]
make([%q(Introduction to geostatistics and modeling of spatial uncertainty), %q(214), %q(3), %q(4)]).includes ["SPR"]
make([%q(Earth System Dynamics), %q(215), %q(2), %q(2)]).includes ["SPR"]
make([%q(Terrestrial Biogeochemistry (BIO 216)), %q(216), %q(3), %q(3)]).includes ["NOT GIVEN THIS YEAR"]
make([%q(Climate of the Cenozoic), %q(217), %q(3), %q(3)]).includes ["NOT GIVEN THIS YEAR"]
make([%q(Understanding Natural Hazards, Quantifying Risk, Increasing Resilience in Highly Urbanized Regions (EESS 118, GEOPHYS 118, GEOPHYS 218, GES 118, GES 218)), %q(218), %q(3), %q(3)]).includes ["WIN"]
make([%q(Climate Variability during the Holocene: Understanding what is Natural Climate Change), %q(219), %q(3), %q(3)]).includes ["SPR"]
make([%q(Physical Hydrogeology (CEE 260A)), %q(220), %q(4), %q(4)]).includes ["AUT"]
make([%q(CONTAMINANT HYDROGEOLOGY AND REACTIVE TRANSPORT (CEE 260C, GES 225)), %q(221), %q(4), %q(4)]).includes ["WIN"]
make([%q(GIS for good: Applications of GIS for International Development and Humanitarian Assistance (EARTHSYS 127, EESS 122)), %q(222), %q(3), %q(4)]).includes ["SPR"]
make([%q(Stable Isotopes in Biogeochemistry (EARTHSYS 134, EARTHSYS 234, EESS 134)), %q(234), %q(3), %q(3)]).includes ["NOT GIVEN THIS YEAR"]
make([%q(Advanced Oceanography), %q(240), %q(3), %q(3)]).includes ["NOT GIVEN THIS YEAR"]
make([%q(Remote Sensing of the Oceans (EARTHSYS 141, EARTHSYS 241, EESS 141, GEOPHYS 141)), %q(241), %q(3), %q(4)]).includes ["WIN"]
make([%q(Antarctic Marine Geology (EARTHSYS 272)), %q(242), %q(3), %q(3)]).includes ["GIVEN NEXT YEAR"]
make([%q(Marine Ecosystem Modeling), %q(244), %q(3), %q(3)]).includes ["NOT GIVEN THIS YEAR"]
make([%q(Advanced Biological Oceanography), %q(245), %q(3), %q(4)]).includes ["WIN"]
make([%q(Atmosphere, Ocean, and Climate Dynamics: The Atmospheric Circulation (EARTHSYS 146A, EARTHSYS 246A, EESS 146A, GEOPHYS 146A, GEOPHYS 246A)), %q(246A), %q(3), %q(3)]).includes ["WIN"]
make([%q(Atmosphere, Ocean, and Climate Dynamics: the Ocean Circulation (EARTHSYS 146B, EARTHSYS 246B, EESS 146B, GEOPHYS 146B, GEOPHYS 246B)), %q(246B), %q(3), %q(3)]).includes ["SPR"]
make([%q(Marine Stable Isotopes), %q(249), %q(3), %q(3)]).includes ["NOT GIVEN THIS YEAR"]
make([%q(Elkhorn Slough Microbiology), %q(250), %q(3), %q(3)]).includes ["SUM"]
make([%q(Biological Oceanography (EARTHSYS 151, EARTHSYS 251, EESS 151)), %q(251), %q(3), %q(4)]).includes ["SPR"]
make([%q(Marine Chemistry (EARTHSYS 152, EARTHSYS 252, EESS 152)), %q(252), %q(3), %q(4)]).includes ["SPR"]
make([%q(Hopkins Microbiology Course (BIO 274S, BIOHOPK 274, CEE 274S)), %q(253S), %q(3), %q(12)]).includes ["NOT GIVEN THIS YEAR"]
make([%q(Soil and Water Chemistry (EARTHSYS 156, EARTHSYS 256, EESS 156)), %q(256), %q(1), %q(4)]).includes ["WIN"]
make([%q(Geomicrobiology (EARTHSYS 158, EARTHSYS 258, EESS 158)), %q(258), %q(3), %q(3)]).includes ["NOT GIVEN THIS YEAR"]
make([%q(Environmental Microbial Genomics), %q(259), %q(1), %q(3)]).includes ["WIN"]
make([%q(Advanced Statistical Methods for Earth System Analysis (STATS 360)), %q(260), %q(3), %q(3)]).includes ["WIN"]
make([%q(Remote Sensing of Land (EARTHSYS 142, EARTHSYS 242, EESS 162)), %q(262), %q(4), %q(4)]).includes ["WIN"]
make([%q(Topics in Advanced Geostatistics (ENERGY 242)), %q(263), %q(3), %q(4)]).includes ["NOT GIVEN THIS YEAR"]
make([%q(Aquaculture and the Environment: Science, History, and Policy (EARTHSYS 173, EARTHSYS 273, EESS 173)), %q(273), %q(3), %q(3)]).includes ["NOT GIVEN THIS YEAR"]
make([%q(Principles and Practices of Sustainable Agriculture (EARTHSYS 180B)), %q(280B), %q(3), %q(4)]).includes ["AUT", "SPR"]
make([%q(Concepts of Urban Agriculture (EARTHSYS 181, EARTHSYS 281, EESS 181)), %q(281), %q(3), %q(3)]).includes ["NOT GIVEN THIS YEAR"]
make([%q(Current Issues in Sustainable Agriculture (EARTHSYS 182, EARTHSYS 282, EESS 182)), %q(282), %q(2), %q(2)]).includes ["NOT GIVEN THIS YEAR"]
make([%q(Food Matters: Agriculture in Film (EARTHSYS 183, EARTHSYS 283, EESS 183)), %q(283), %q(1), %q(1)]).includes ["WIN"]
make([%q(Climate and Agriculture (EARTHSYS 184, EARTHSYS 284, EESS 184)), %q(284), %q(3), %q(4)]).includes ["ALTERNATE YEARS", "GIVEN NEXT YEAR"]
make([%q(Directed Individual Study in Environmental Earth System Science), %q(292), %q(1), %q(10)]).includes ["AUT", "WIN", "SPR", "SUM"]
make([%q(Climate studies of terrestrial environments), %q(300), %q(3), %q(3)]).includes ["SPR"]
make([%q(Topics in Environmental Earth System Science), %q(301), %q(1), %q(1)]).includes ["AUT", "WIN", "SPR"]
make([%q(Climate and Energy Seminar), %q(310), %q(3), %q(3)]).includes ["NOT GIVEN THIS YEAR"]
make([%q(Global Land Use Change to 2050), %q(318), %q(2), %q(3)]).includes ["NOT GIVEN THIS YEAR"]
make([%q(Seminar in Hydrogeology), %q(322A), %q(1), %q(1)]).includes ["NOT GIVEN THIS YEAR"]
make([%q(Seminar in Hydrogeology), %q(322B), %q(1), %q(1)]).includes ["WIN"]
make([%q(Stanford at Sea (BIOHOPK 182H, BIOHOPK 323H, EARTHSYS 323)), %q(323), %q(16), %q(16)]).includes ["ALTERNATE YEARS", "GIVEN NEXT YEAR"]
make([%q(Advanced Topics in Hydrogeology), %q(330), %q(1), %q(2)]).includes ["WIN"]
make([%q(Geostatistics), %q(342), %q(1), %q(2)]).includes ["NOT GIVEN THIS YEAR"]
make([%q(Geostatistics), %q(342B), %q(1), %q(2)]).includes ["NOT GIVEN THIS YEAR"]
make([%q(Geostatistics), %q(342C), %q(1), %q(2)]).includes ["NOT GIVEN THIS YEAR"]
make([%q(Oceanic Fluid Dynamics (CEE 363F)), %q(363F), %q(3), %q(3)]).includes ["GIVEN NEXT YEAR"]
make([%q(Advanced Topics in Geophysical Fluid Dynamics (CEE 364F)), %q(364F), %q(2), %q(3)]).includes ["NOT GIVEN THIS YEAR"]
make([%q(Practical Experience in the Geosciences), %q(385), %q(1), %q(1)]).includes ["AUT", "WIN", "SPR", "SUM"]
make([%q(Current Topics in Ecosystem Modeling), %q(398), %q(1), %q(2)]).includes ["NOT GIVEN THIS YEAR"]
make([%q(Graduate Research), %q(400), %q(1), %q(15)]).includes ["AUT", "WIN", "SPR", "SUM"]
make([%q(TGR Project), %q(801), %q(0), %q(0)]).includes ["AUT", "WIN", "SPR", "SUM"]
make([%q(TGR Dissertation), %q(802), %q(0), %q(0)]).includes ["AUT", "WIN", "SPR", "SUM"]
