make([%q(The Nature of the Universe), %q(15), %q(3), %q(3)]).includes ["AUT", "SUM"]
make([%q(Cosmic Horizons), %q(16), %q(3), %q(3)]).includes ["WIN"]
make([%q(Black Holes), %q(17), %q(3), %q(3)]).includes ["SPR"]
make([%q(Frontiers in Theoretical Physics and Cosmology), %q(18N), %q(3), %q(3)]).includes ["NOT GIVEN THIS YEAR"]
make([%q(How Things Work: An Introduction to Physics), %q(19), %q(3), %q(3)]).includes ["AUT"]
make([%q(Mechanics and Heat), %q(21), %q(3), %q(3)]).includes ["AUT"]
make([%q(Mechanics and Heat with Laboratory), %q(21S), %q(4), %q(4)]).includes ["SUM"]
make([%q(Mechanics and Heat Laboratory), %q(22), %q(1), %q(1)]).includes ["AUT"]
make([%q(Electricity and Optics), %q(23), %q(3), %q(3)]).includes ["WIN"]
make([%q(Electricity and Optics with Lab), %q(23S), %q(4), %q(4)]).includes ["SUM"]
make([%q(Electricity and Optics Laboratory), %q(24), %q(1), %q(1)]).includes ["WIN"]
make([%q(Modern Physics), %q(25), %q(3), %q(3)]).includes ["SPR"]
make([%q(Modern Physics Laboratory), %q(26), %q(1), %q(1)]).includes ["SPR"]
make([%q(Mechanics), %q(41), %q(4), %q(4)]).includes ["WIN"]
make([%q(Mechanics Concepts, Calculations, and Context), %q(41A), %q(1), %q(1)]).includes ["WIN"]
make([%q(Classical Mechanics Laboratory), %q(42), %q(1), %q(1)]).includes ["WIN"]
make([%q(Electricity and Magnetism), %q(43), %q(4), %q(4)]).includes ["SPR"]
make([%q(Understanding Electromagnetic Phenomena), %q(43N), %q(1), %q(1)]).includes ["SPR"]
make([%q(Electricity and Magnetism Lab), %q(44), %q(1), %q(1)]).includes ["SPR"]
make([%q(Light and Heat), %q(45), %q(4), %q(4)]).includes ["AUT"]
make([%q(Advanced Topics in Light and Heat), %q(45N), %q(1), %q(1)]).includes ["AUT"]
make([%q(Light and Heat Laboratory), %q(46), %q(1), %q(1)]).includes ["AUT"]
make([%q(Astronomy Laboratory and Observational Astronomy), %q(50), %q(3), %q(3)]).includes ["AUT", "SUM"]
make([%q(Current Research Topics), %q(59), %q(1), %q(1)]).includes ["AUT"]
make([%q(Mechanics and Special Relativity), %q(61), %q(4), %q(4)]).includes ["AUT"]
make([%q(Classical Mechanics Laboratory), %q(62), %q(1), %q(1)]).includes ["AUT"]
make([%q(Electricity, Magnetism, and Waves), %q(63), %q(4), %q(4)]).includes ["WIN"]
make([%q(Electricity, Magnetism and Optics Laboratory), %q(64), %q(1), %q(1)]).includes ["WIN"]
make([%q(Quantum and Thermal Physics), %q(65), %q(4), %q(4)]).includes ["SPR"]
make([%q(Introduction to Laboratory Physics), %q(67), %q(2), %q(2)]).includes ["SPR"]
make([%q(Foundations of Modern Physics), %q(70), %q(4), %q(4)]).includes ["AUT"]
make([%q(Modern Physics in Your Life), %q(70N), %q(1), %q(1)]).includes ["NOT GIVEN THIS YEAR"]
make([%q(Science on the Back of the Envelope), %q(81N), %q(3), %q(3)]).includes ["AUT"]
make([%q(Physics in the 21st Century), %q(83N), %q(3), %q(3)]).includes ["AUT"]
make([%q(Practical Computing for Scientists), %q(91SI), %q(2), %q(2)]).includes ["SPR"]
make([%q(Introduction to Observational and Laboratory Astronomy), %q(100), %q(4), %q(4)]).includes ["SPR"]
make([%q(Intermediate Physics Laboratory I: Analog Electronics), %q(105), %q(4), %q(4)]).includes ["AUT"]
make([%q(Intermediate Physics Laboratory II: Experimental Techniques and Data Analysis), %q(107), %q(4), %q(4)]).includes ["WIN"]
make([%q(Advanced Physics Laboratory: Project), %q(108), %q(4), %q(4)]).includes ["WIN", "SPR"]
make([%q(Advanced Mechanics (PHYSICS 210)), %q(110), %q(3), %q(4)]).includes ["AUT"]
make([%q(Mathematical Methods of Physics), %q(112), %q(4), %q(4)]).includes ["WIN"]
make([%q(Computational Physics), %q(113), %q(4), %q(4)]).includes ["AUT"]
make([%q(Intermediate Electricity and Magnetism I), %q(120), %q(4), %q(4)]).includes ["WIN"]
make([%q(Intermediate Electricity and Magnetism II), %q(121), %q(4), %q(4)]).includes ["SPR"]
make([%q(Quantum Mechanics), %q(130), %q(4), %q(4)]).includes ["WIN"]
make([%q(Quantum Mechanics II), %q(131), %q(4), %q(4)]).includes ["SPR"]
make([%q(Advanced Topics in Quantum Mechanics (PHYSICS 234)), %q(134), %q(3), %q(4)]).includes ["AUT"]
make([%q(Introduction to Particle Physics I (PHYSICS 252)), %q(152), %q(3), %q(3)]).includes ["SPR"]
make([%q(Introduction to Stellar and Galactic Astrophysics (PHYSICS 260)), %q(160), %q(3), %q(4)]).includes ["WIN"]
make([%q(Introduction to Extragalactic Astrophysics and Cosmology (PHYSICS 261)), %q(161), %q(3), %q(3)]).includes ["SPR"]
make([%q(Thermodynamics, Kinetic Theory, and Statistical Mechanics I (PHYSICS 270)), %q(170), %q(3), %q(4)]).includes ["AUT"]
make([%q(Thermodynamics, Kinetic Theory, and Statistical Mechanics II (PHYSICS 271)), %q(171), %q(3), %q(4)]).includes ["WIN"]
make([%q(Solid State Physics (APPPHYS 272)), %q(172), %q(3), %q(3)]).includes ["SPR"]
make([%q(Independent Research and Study), %q(190), %q(1), %q(9)]).includes ["AUT", "WIN", "SPR", "SUM"]
make([%q(Senior Thesis Research), %q(205), %q(1), %q(12)]).includes ["AUT", "WIN", "SPR", "SUM"]
make([%q(Advanced Mechanics (PHYSICS 110)), %q(210), %q(3), %q(4)]).includes ["AUT"]
make([%q(Continuum Mechanics), %q(211), %q(3), %q(3)]).includes ["WIN"]
make([%q(Back of the Envelope Physics), %q(216), %q(3), %q(3)]).includes ["AUT"]
make([%q(Classical Electrodynamics), %q(220), %q(3), %q(3)]).includes ["SPR"]
make([%q(Quantum Mechanics), %q(230), %q(3), %q(3)]).includes ["WIN"]
make([%q(Quantum Mechanics), %q(231), %q(3), %q(3)]).includes ["SPR"]
make([%q(Advanced Topics in Quantum Mechanics (PHYSICS 134)), %q(234), %q(3), %q(4)]).includes ["AUT"]
make([%q(Introduction to the Physics of Energy), %q(240), %q(3), %q(3)]).includes ["AUT"]
make([%q(Introduction to Nuclear Energy), %q(241), %q(3), %q(3)]).includes ["WIN"]
make([%q(Introduction to Particle Physics I (PHYSICS 152)), %q(252), %q(3), %q(3)]).includes ["SPR"]
make([%q(Introduction to Stellar and Galactic Astrophysics (PHYSICS 160)), %q(260), %q(3), %q(4)]).includes ["WIN"]
make([%q(Introduction to Extragalactic Astrophysics and Cosmology (PHYSICS 161)), %q(261), %q(3), %q(3)]).includes ["SPR"]
make([%q(Introduction to Gravitation), %q(262), %q(3), %q(3)]).includes ["AUT"]
make([%q(Thermodynamics, Kinetic Theory, and Statistical Mechanics I (PHYSICS 170)), %q(270), %q(3), %q(4)]).includes ["AUT"]
make([%q(Thermodynamics, Kinetic Theory, and Statistical Mechanics II (PHYSICS 171)), %q(271), %q(3), %q(4)]).includes ["WIN"]
make([%q(Research Activities at Stanford), %q(290), %q(1), %q(1)]).includes ["AUT"]
make([%q(Practical Training), %q(291), %q(1), %q(3)]).includes ["AUT", "WIN", "SPR", "SUM"]
make([%q(Literature of Physics), %q(293), %q(1), %q(15)]).includes ["AUT", "WIN", "SPR", "SUM"]
make([%q(Teaching of Physics Seminar), %q(294), %q(1), %q(1)]).includes ["AUT", "WIN"]
make([%q(Learning & Teaching of Science (EDUC 280X)), %q(295), %q(3), %q(3)]).includes ["AUT"]
make([%q(Astrophysics Laboratory), %q(301), %q(3), %q(3)]).includes ["NOT GIVEN THIS YEAR"]
make([%q(Basic Plasma Physics), %q(312), %q(3), %q(3)]).includes ["NOT GIVEN THIS YEAR"]
make([%q(Laser Spectroscopy), %q(321), %q(3), %q(3)]).includes ["NOT GIVEN THIS YEAR"]
make([%q(Quantum Field Theory I), %q(330), %q(3), %q(3)]).includes ["AUT"]
make([%q(Quantum Field Theory II), %q(331), %q(3), %q(3)]).includes ["WIN"]
make([%q(Quantum Field Theory III), %q(332), %q(3), %q(3)]).includes ["SPR"]
make([%q(Standard Model of Particle Physics), %q(351), %q(3), %q(3)]).includes ["WIN"]
make([%q(Advanced Topics in Radiative Processes and Stellar Astrophysics), %q(361), %q(3), %q(3)]).includes ["NOT GIVEN THIS YEAR"]
make([%q(Advanced Extragalactic Astrophysics and Cosmology), %q(362), %q(3), %q(3)]).includes ["NOT GIVEN THIS YEAR"]
make([%q(Advanced Gravitation), %q(364), %q(3), %q(3)]).includes ["NOT GIVEN THIS YEAR"]
make([%q(Condensed Matter Theory I), %q(372), %q(3), %q(3)]).includes ["WIN"]
make([%q(Condensed Matter Theory II), %q(373), %q(3), %q(3)]).includes ["SPR"]
make([%q(Lattice Gauge Theory), %q(450), %q(3), %q(3)]).includes ["AUT"]
make([%q(TOPICS IN STRING THEORY), %q(451), %q(3), %q(3)]).includes ["SPR"]
make([%q(Research), %q(490), %q(1), %q(15)]).includes ["AUT", "WIN", "SPR", "SUM"]
make([%q(TGR Project), %q(801), %q(0), %q(0)]).includes ["AUT", "WIN", "SPR", "SUM"]
make([%q(TGR Dissertation), %q(802), %q(0), %q(0)]).includes ["AUT", "WIN", "SPR", "SUM"]
