make([%q(FIRST-YEAR FRENCH, FIRST QUARTER), %q(1), %q(5), %q(5)]).includes ["AUT", "WIN", "SPR"]
make([%q(ACCELERATED FIRST-YEAR FRENCH, PART 1), %q(1A), %q(5), %q(5)]).includes ["AUT", "WIN", "SPR"]
make([%q(ACCELERATED FIRST-YEAR BUSINESS FRENCH, PART 1), %q(1G), %q(4), %q(4)]).includes ["NOT GIVEN THIS YEAR"]
make([%q(FIRST-YEAR FRENCH, SECOND QUARTER), %q(2), %q(5), %q(5)]).includes ["AUT", "WIN", "SPR"]
make([%q(ACCELERATED FIRST-YEAR FRENCH, PART 2), %q(2A), %q(5), %q(5)]).includes ["AUT", "WIN", "SPR"]
make([%q(ACCELERATED FIRST-YEAR BUSINESS FRENCH, PART 2), %q(2G), %q(4), %q(4)]).includes ["NOT GIVEN THIS YEAR"]
make([%q(FIRST-YEAR FRENCH, THIRD QUARTER), %q(3), %q(5), %q(5)]).includes ["AUT", "WIN", "SPR"]
make([%q(ACCELERATED FIRST-YEAR BUSINESS FRENCH, PART 3), %q(3G), %q(4), %q(4)]).includes ["NOT GIVEN THIS YEAR"]
make([%q(INTENSIVE FIRST-YEAR FRENCH, PART A), %q(5A), %q(5), %q(5)]).includes ["SUM"]
make([%q(INTENSIVE FIRST-YEAR FRENCH, PART B), %q(5B), %q(5), %q(5)]).includes ["SUM"]
make([%q(INTENSIVE FIRST-YEAR FRENCH, PART C), %q(5C), %q(5), %q(5)]).includes ["SUM"]
make([%q(BEGINNING FRENCH ORAL COMMUNICATION), %q(10), %q(2), %q(2)]).includes ["AUT", "WIN", "SPR"]
make([%q(INTERMEDIATE FRENCH ORAL COMMUNICATION), %q(15), %q(2), %q(2)]).includes ["AUT", "WIN", "SPR"]
make([%q(INTERMEDIATE CONVERSATION: FRENCH IN EVERYDAY LIFE), %q(15S), %q(3), %q(3)]).includes ["NOT GIVEN THIS YEAR"]
make([%q(FRANCE AND FRANCOPHONIE), %q(20A), %q(2), %q(2)]).includes ["AUT"]
make([%q(FRENCH CINEMA), %q(20B), %q(2), %q(2)]).includes ["WIN"]
make([%q(CONTEMPORARY FRENCH LANGUAGE), %q(20C), %q(2), %q(2)]).includes ["SPR"]
make([%q(SECOND-YEAR FRENCH: CULTURAL EMPHASIS, FIRST QUARTER), %q(21C), %q(4), %q(5)]).includes ["AUT", "WIN", "SPR"]
make([%q(SECOND-YEAR FRENCH: CULTURAL EMPHASIS, SECOND QUARTER), %q(22C), %q(4), %q(5)]).includes ["AUT", "WIN", "SPR"]
make([%q(SECOND-YEAR FRENCH: CULTURAL EMPHASIS, THIRD QUARTER), %q(23C), %q(4), %q(5)]).includes ["AUT", "WIN", "SPR"]
make([%q(SECOND-YEAR FRENCH: LITERARY TEXTS), %q(24C), %q(3), %q(4)]).includes ["NOT GIVEN THIS YEAR"]
make([%q(SECOND-YEAR FRENCH: INTERNATIONAL RELATIONS, POLITICAL SCIENCE, AND ECONOMICS EMPHASIS), %q(24R), %q(3), %q(4)]).includes ["NOT GIVEN NEXT YEAR"]
make([%q(READING FRENCH), %q(50S), %q(2), %q(4)]).includes ["SUM"]
make([%q(BEGINNING FRENCH CONVERSATION), %q(60A), %q(1), %q(1)]).includes ["AUT", "WIN", "SPR"]
make([%q(INTERMEDIATE FRENCH CONVERSATION), %q(60B), %q(1), %q(1)]).includes ["AUT", "WIN", "SPR"]
make([%q(ADVANCED FRENCH CONVERSATION), %q(60C), %q(1), %q(1)]).includes ["AUT", "WIN", "SPR"]
make([%q(FRENCH VITICULTURE), %q(60D), %q(1), %q(1)]).includes ["AUT", "WIN", "SPR"]
make([%q(FRENCH COOKING), %q(60E), %q(1), %q(1)]).includes ["AUT", "WIN", "SPR"]
make([%q(FRENCH CINEMA), %q(60F), %q(1), %q(1)]).includes ["AUT", "WIN", "SPR"]
make([%q(FRENCH CHEESE), %q(60N), %q(1), %q(1)]).includes ["NOT GIVEN THIS YEAR"]
make([%q(ADVANCED VITICULTURE), %q(60P), %q(1), %q(1)]).includes ["WIN", "SPR"]
make([%q(TEACHING FRENCH CONVERSATION), %q(60T), %q(1), %q(1)]).includes ["AUT", "WIN", "SPR"]
make([%q(ADVANCED FRENCH ORAL COMMUNICATION), %q(120), %q(3), %q(3)]).includes ["AUT", "WIN", "SPR"]
make([%q(INTRODUCTION TO FRENCH TEXTS), %q(121), %q(3), %q(4)]).includes ["NOT GIVEN THIS YEAR"]
make([%q(INTRODUCTION TO FRENCH CULTURE AND CIVILIZATION), %q(122), %q(3), %q(4)]).includes ["NOT GIVEN THIS YEAR"]
make([%q(FRENCH CREATIVE WRITING), %q(123), %q(3), %q(4)]).includes ["NOT GIVEN THIS YEAR"]
make([%q(MASTERING  ADVANCED FRENCH GRAMMAR: GRAMMAR THROUGH CONTEMPORARY LITERATURE AND CULTURE), %q(124), %q(4), %q(5)]).includes ["AUT", "WIN", "SPR"]
make([%q(FRENCH PHONETICS), %q(125), %q(3), %q(4)]).includes ["NOT GIVEN THIS YEAR"]
make([%q(LANGUAGE SPECIALS), %q(199), %q(1), %q(5)]).includes ["AUT", "WIN", "SPR", "SUM"]
make([%q(INTENSIVE FIRST-YEAR FRENCH FOR STANFORD GRADS, PART A), %q(205A), %q(3), %q(5)]).includes ["SUM"]
make([%q(INTENSIVE FIRST-YEAR FRENCH FOR STANFORD GRADS, PART B), %q(205B), %q(3), %q(5)]).includes ["SUM"]
make([%q(INTENSIVE FIRST-YEAR FRENCH FOR STANFORD GRADS - PART C), %q(205C), %q(3), %q(5)]).includes ["SUM"]
make([%q(READING FRENCH), %q(250), %q(4), %q(4)]).includes ["SPR"]
make([%q(READING FRENCH), %q(250S), %q(2), %q(4)]).includes ["SUM"]
make([%q(GRADUATE STUDIES IN FRENCH CONVERSATION), %q(394), %q(1), %q(3)]).includes ["AUT", "WIN", "SPR"]
make([%q(GRADUATE STUDIES IN FRENCH), %q(395), %q(1), %q(5)]).includes ["AUT", "WIN", "SPR"]
