make([%q(GLOBAL AFFAIRS: SOCIAL MEDIA AND BLOG WRITING WORKSHOP), %q(200), %q(1), %q(2)]).includes ["NOT GIVEN THIS YEAR"]
make([%q(MANAGING GLOBAL COMPLEXITY), %q(201), %q(3), %q(3)]).includes ["SPR"]
make([%q(TOPICS IN INTERNATIONAL MACROECONOMICS), %q(202), %q(5), %q(5)]).includes ["AUT"]
make([%q(ISSUES IN INTERNATIONAL ECONOMICS), %q(203), %q(5), %q(5)]).includes ["WIN"]
make([%q(MICROECONOMICS (PUBLPOL 301A)), %q(204A), %q(4), %q(4)]).includes ["AUT"]
make([%q(COST-BENEFIT ANALYSIS AND EVALUATION (PUBLPOL 301B)), %q(204B), %q(4), %q(5)]).includes ["SPR"]
make([%q(INTRODUCTORY STATISTICS FOR POLICY), %q(205), %q(5), %q(5)]).includes ["AUT"]
make([%q(APPLIED STATISTICS FOR POLICY), %q(206), %q(5), %q(5)]).includes ["WIN"]
make([%q(GOVERNANCE, CORRUPTION, AND DEVELOPMENT), %q(207), %q(3), %q(5)]).includes ["SPR"]
make([%q(JUDGMENT AND DECISION MAKING (PUBLPOL 305A)), %q(207A), %q(4), %q(5)]).includes ["SPR"]
make([%q(PUBLIC POLICY AND SOCIAL PSYCHOLOGY: IMPLICATIONS AND APPLICATIONS (PSYCH 216, PUBLPOL 305B)), %q(207B), %q(4), %q(4)]).includes ["NOT GIVEN THIS YEAR"]
make([%q(JUSTICE (ETHICSOC 171, PHIL 171, PHIL 271, POLISCI 3P, POLISCI 136S, POLISCI 336S, PUBLPOL 103C, PUBLPOL 307)), %q(208), %q(4), %q(5)]).includes ["AUT"]
make([%q(PRACTICUM), %q(209), %q(1), %q(8)]).includes ["AUT", "WIN"]
make([%q(IPS MASTER'S THESIS), %q(209A), %q(1), %q(10)]).includes ["AUT", "WIN"]
make([%q(THE POLITICS OF INTERNATIONAL HUMANITARIAN ACTION), %q(210), %q(3), %q(5)]).includes ["AUT"]
make([%q(THE TRANSITION FROM WAR TO PEACE: PEACEBUILDING STRATEGIES), %q(211), %q(3), %q(5)]).includes ["SPR"]
make([%q(INTERNATIONAL MEDIATION AND CIVIL WARS), %q(213), %q(3), %q(5)]).includes ["WIN"]
make([%q(INTELLIGENCE AND NATIONAL SECURITY), %q(219), %q(3), %q(4)]).includes ["AUT"]
make([%q(DEMOCRACY, DEVELOPMENT, AND THE RULE OF LAW (INTNLREL 114D, POLISCI 114D, POLISCI 314D)), %q(230), %q(5), %q(5)]).includes ["AUT"]
make([%q(RUSSIA, THE WEST AND THE REST (REES 231)), %q(231), %q(4), %q(4)]).includes ["SPR"]
make([%q(CIVIL SOCIETY, PROTEST, AND REVOLUTION), %q(233), %q(3), %q(5)]).includes ["SPR"]
make([%q(RELIGION AND MULTICULTURALISM), %q(234), %q(3), %q(3)]).includes ["OFFERED ONCE ONLY"]
make([%q(FROM INNOVATION TO IMPLEMENTATION: HOW GOVERNMENT CAN DEVELOP AND APPLY NEW IDEAS (PUBLPOL 235)), %q(235), %q(3), %q(5)]).includes ["AUT"]
make([%q(INTERNATIONAL SECURITY IN A CHANGING WORLD (POLISCI 114S)), %q(241), %q(5), %q(5)]).includes ["WIN"]
make([%q(U.S. POLICY TOWARD NORTHEAST ASIA), %q(244), %q(5), %q(5)]).includes ["WIN"]
make([%q(AN INTRODUCTION TO THEORIES OF AUTHORITARIAN RESILIENCE AND VULNERABILITY), %q(245), %q(3), %q(5)]).includes ["OFFERED ONCE ONLY"]
make([%q(CHINA ON THE WORLD STAGE), %q(246), %q(3), %q(5)]).includes ["SPR"]
make([%q(ORGANIZED CRIME AND DEMOCRACY IN LATIN AMERICA (INTNLREL 152, POLISCI 244T)), %q(247), %q(5), %q(5)]).includes ["NOT GIVEN THIS YEAR"]
make([%q(LIVING AT THE NUCLEAR BRINK: YESTERDAY AND TODAY (POLISCI 115, POLISCI 315)), %q(249), %q(3), %q(3)]).includes ["WIN"]
make([%q(INTERNATIONAL CONFLICT RESOLUTION (PSYCH 383)), %q(250), %q(3), %q(3)]).includes ["WIN"]
make([%q(INTERNATIONAL CONFLICT RESOLUTION COLLOQUIUM (PSYCH 283)), %q(250A), %q(1), %q(1)]).includes ["NOT GIVEN THIS YEAR"]
make([%q(ENERGY AND CLIMATE COOPERATION IN THE WESTERN HEMISPHERE (EARTHSYS 132, EARTHSYS 232, INTNLREL 146A)), %q(263), %q(4), %q(4)]).includes ["OFFERED OCCASIONALLY"]
make([%q(BEHIND THE HEADLINES: AN INTRODUCTION TO US FOREIGN POLICY IN SOUTH AND EAST ASIA), %q(264), %q(3), %q(5)]).includes ["AUT"]
make([%q(THE GEOPOLITICS OF ENERGY), %q(270), %q(3), %q(5)]).includes ["SPR"]
make([%q(SANELA DIANA JENKINS INTERNATIONAL HUMAN RIGHTS COLLOQUIUM (FEMGEN 205X, INTNLREL 110, POLISCI 204, POLISCI 304)), %q(271), %q(1), %q(1)]).includes ["WIN"]
make([%q(INTERNATIONAL URBANIZATION SEMINAR: CROSS-CULTURAL COLLABORATION FOR SUSTAINABLE URBAN DEVELOPMENT (EARTHSYS 138, URBANST 145)), %q(274), %q(4), %q(5)]).includes ["SPR"]
make([%q(TRANSITIONAL JUSTICE, HUMAN RIGHTS, AND INTERNATIONAL CRIMINAL TRIBUNALS (ETHICSOC 280, INTNLREL 180A)), %q(280), %q(3), %q(5)]).includes ["SPR"]
make([%q(RESEARCH METHODS IN GLOBAL HEALTH (MED 226)), %q(290), %q(3), %q(3)]).includes ["SPR"]
make([%q(PRACTICAL TRAINING), %q(298), %q(1), %q(3)]).includes ["SPR", "SUM"]
make([%q(DIRECTED READING), %q(299), %q(1), %q(5)]).includes ["AUT", "WIN", "SPR", "SUM"]
make([%q(ISSUES IN INTERNATIONAL POLICY STUDIES), %q(300), %q(1), %q(1)]).includes ["AUT"]
make([%q(DECISION MAKING IN U.S. FOREIGN POLICY (POLISCI 316S)), %q(316S), %q(5), %q(5)]).includes ["SPR"]
make([%q(TGR DISSERTATION), %q(802), %q(0), %q(0)]).includes ["AUT", "WIN", "SPR", "SUM"]
