make([%q(LEADERSHIP IN MULTICULTURAL HEALTH), %q(1A), %q(2), %q(2)]).includes ["SPR"]
make([%q(IDENTITY, POWER AND PRIVILEGE IN MULTICULTURAL HEALTH), %q(1B), %q(1), %q(1)]).includes ["NOT GIVEN THIS YEAR"]
make([%q(RESPONSES TO THE AIDS EPIDEMIC), %q(10SC), %q(2), %q(2)]).includes ["SUM"]
make([%q(ALTERNATIVE SPRING BREAK: HEALTHCARE OF UNDERSERVED COMMUNITIES IN CENTRAL CALIFORNIA), %q(27SI), %q(1), %q(1)]).includes ["WIN"]
make([%q(ALTERNATIVE SPRING BREAK: HEALTH ACCESSIBILILTY), %q(28SI), %q(1), %q(1)]).includes ["WIN"]
make([%q(RESPIRATION), %q(50Q), %q(3), %q(3)]).includes ["AUT"]
make([%q(PALLIATIVE MEDICINE, HOSPICE AND END OF LIFE CARE FOR DIVERSE AMERICANS), %q(51Q), %q(3), %q(3)]).includes ["SPR"]
make([%q(CANCER AND THE IMMUNE SYSTEM), %q(70Q), %q(2), %q(2)]).includes ["SPR"]
make([%q(HORMONES IN A PERFORMANCE-ENHANCED SOCIETY), %q(71N), %q(3), %q(3)]).includes ["AUT"]
make([%q(WOMEN AND AGING (HUMBIO 87Q)), %q(87Q), %q(5), %q(5)]).includes ["NOT GIVEN THIS YEAR"]
make([%q(DILEMMAS IN CURRENT MEDICAL PRACTICE), %q(88Q), %q(3), %q(3)]).includes ["AUT"]
make([%q(HUMAN RIGHTS AND HEALTH), %q(108Q), %q(3), %q(3)]).includes ["SPR"]
make([%q(PATHOPHYSIOLOGY OF DISEASES OF THE HEART), %q(120N), %q(3), %q(3)]).includes ["SPR"]
make([%q(YES+EMPOWERMENT COURSE), %q(130), %q(1), %q(1)]).includes ["AUT", "WIN", "SPR"]
make([%q(COMMUNITY LEADERSHIP), %q(135), %q(2), %q(2)]).includes ["AUT", "WIN", "SPR"]
make([%q(PATIENT HEALTH EDUCATION IN COMMUNITY CLINICS (MED 243A)), %q(143A), %q(2), %q(2)]).includes ["AUT"]
make([%q(PATIENT HEALTH EDUCATION IN COMMUNITY CLINICS - PRACTICUM (MED 243B)), %q(143B), %q(2), %q(2)]).includes ["WIN"]
make([%q(PATIENT HEALTH EDUCATION IN COMMUNITY CLINICS - PRACTICUM (MED 243C)), %q(143C), %q(2), %q(2)]).includes ["SPR"]
make([%q(ALTERNATIVE SPRING BREAK: CONFRONTING HIV/AIDS IN SAN FRANCISCO), %q(145), %q(2), %q(2)]).includes ["WIN"]
make([%q(METHODS IN COMMUNITY ASSESSMENT, EVALUATION, AND RESEARCH (MED 247)), %q(147), %q(3), %q(3)]).includes ["SPR"]
make([%q(MEDICAL INTERPRETING AT THE CARDINAL FREE CLINICS: THE QUALIFIED BILINGUAL STUDENT PROGRAM), %q(149), %q(2), %q(2)]).includes ["WIN", "SPR"]
make([%q(CLINICAL FOUNDATIONS FOR PATIENT NAVIGATORS AT ARBOR FREE CLINIC), %q(150SI), %q(1), %q(1)]).includes ["WIN", "SPR"]
make([%q(FOUNDATIONS FOR COMMUNITY HEALTH ENGAGEMENT), %q(157), %q(3), %q(3)]).includes ["SPR"]
make([%q(HUNGER AND NUTRITION IN THE BAY AREA), %q(158), %q(2), %q(2)]).includes ["WIN", "SPR"]
make([%q(SERVICE-LEARNING IN MIGRANT HEALTH), %q(159A), %q(2), %q(2)]).includes ["NOT GIVEN THIS YEAR"]
make([%q(SERVICE-LEARNING IN MIGRANT HEALTH), %q(159B), %q(2), %q(2)]).includes ["NOT GIVEN THIS YEAR"]
make([%q(PHYSICIAN SHADOWING: STANFORD IMMERSION IN MEDICINE SERIES (SIMS)), %q(160), %q(1), %q(1)]).includes ["AUT", "WIN", "SPR"]
make([%q(IMPACT OF INFECTIOUS DISEASES ON HUMAN HISTORY (HUMBIO 176)), %q(176), %q(3), %q(3)]).includes ["AUT"]
make([%q(EARLY CLINICAL EXPERIENCE AT THE CARDINAL FREE CLINICS (MED 282)), %q(182), %q(1), %q(2)]).includes ["AUT", "WIN", "SPR", "SUM"]
make([%q(TEAM LEADERSHIP IN THE CARDINAL FREE CLINICS (MED 284)), %q(184), %q(1), %q(1)]).includes ["AUT", "SPR"]
make([%q(UNDERGRADUATE RESEARCH), %q(199), %q(1), %q(18)]).includes ["AUT", "WIN", "SPR", "SUM"]
make([%q(PRACTICAL APPLICATIONS FOR QUALITATIVE DATA ANALYSIS), %q(200A), %q(2), %q(2)]).includes ["AUT"]
make([%q(PRACTICAL APPLICATIONS FOR QUALITATIVE DATA ANALYSIS), %q(200B), %q(2), %q(2)]).includes ["WIN"]
make([%q(INTERNAL MEDICINE: BODY AS TEXT), %q(201), %q(1), %q(1)]).includes ["AUT"]
make([%q(ALTERNATIVE SPRING BREAK: RURAL AND AMERICAN INDIAN HEALTH DISPARITIES), %q(202), %q(3), %q(3)]).includes ["WIN"]
make([%q(ACCESS AND DELIVERY OF ESSENTIAL MEDICINES TO POOR AND UNDERSERVED COMMUNITIES), %q(204), %q(1), %q(1)]).includes ["NOT GIVEN THIS YEAR"]
make([%q(HEALTH AND HUMAN RIGHTS SPEAKER SERIES), %q(205), %q(1), %q(1)]).includes ["WIN"]
make([%q(META-RESEARCH: APPRAISING RESEARCH FINDINGS, BIAS, AND META-ANALYSIS (HRP 206, STATS 211)), %q(206), %q(3), %q(3)]).includes ["WIN"]
make([%q(HISTORY OF MEDICINE), %q(207), %q(1), %q(1)]).includes ["WIN"]
make([%q(THE FUTURE OF PRIMARY CARE), %q(208), %q(1), %q(1)]).includes ["AUT"]
make([%q(COMPASSION CULTIVATION FOR THE PHYSICIAN-IN-TRAINING), %q(213), %q(1), %q(1)]).includes ["AUT", "WIN"]
make([%q(CARDIOVASCULAR AND PULMONARY SCIENCES SEMINAR), %q(223), %q(2), %q(2)]).includes ["AUT", "WIN", "SPR"]
make([%q(RESEARCH METHODS IN GLOBAL HEALTH (IPS 290)), %q(226), %q(3), %q(3)]).includes ["SPR"]
make([%q(BEDSIDE ULTRASOUND), %q(227), %q(1), %q(2)]).includes ["AUT", "WIN", "SPR"]
make([%q(PHYSICIANS AND SOCIAL RESPONSIBILITY), %q(228), %q(1), %q(1)]).includes ["AUT"]
make([%q(INTRODUCTION TO GLOBAL HEALTH), %q(229), %q(1), %q(1)]).includes ["SPR"]
make([%q(MEASURING GLOBAL HEALTH (HRP 241, HUMBIO 129M)), %q(231), %q(4), %q(4)]).includes ["NOT GIVEN THIS YEAR"]
make([%q(DISCUSSIONS IN GLOBAL HEALTH), %q(232), %q(2), %q(2)]).includes ["AUT"]
make([%q(GLOBAL HEALTH: BEYOND DISEASES AND INTERNATIONAL ORGANIZATIONS), %q(233), %q(3), %q(3)]).includes ["AUT"]
make([%q(LITERATURE OF GLOBAL HEALTH (COMPLIT 229, FRENCH 229, HUMBIO 175L)), %q(234), %q(3), %q(5)]).includes ["SPR"]
make([%q(DESIGNING RESEARCH-BASED INTERVENTIONS TO SOLVE GLOBAL HEALTH PROBLEMS (AFRICAST 135, AFRICAST 235, EDUC 135X, EDUC 335X)), %q(235), %q(3), %q(4)]).includes ["SPR"]
make([%q(SEX AND GENDER DIFFERENCES IN HUMAN PHYSIOLOGY AND DISEASE (FEMGEN 241, HUMBIO 140)), %q(240), %q(2), %q(3)]).includes ["WIN"]
make([%q(CONTEXT AND PRACTICE OF HEALTH CARE IN FREE CLINICS), %q(241), %q(1), %q(1)]).includes ["AUT"]
make([%q(PHYSICIANS AND HUMAN RIGHTS), %q(242), %q(1), %q(1)]).includes ["WIN"]
make([%q(PATIENT HEALTH EDUCATION IN COMMUNITY CLINICS (MED 143A)), %q(243A), %q(2), %q(2)]).includes ["AUT"]
make([%q(PATIENT HEALTH EDUCATION IN COMMUNITY CLINICS - PRACTICUM (MED 143B)), %q(243B), %q(2), %q(2)]).includes ["WIN"]
make([%q(PATIENT HEALTH EDUCATION IN COMMUNITY CLINICS - PRACTICUM (MED 143C)), %q(243C), %q(2), %q(2)]).includes ["SPR"]
make([%q(THE MEDICAL INTERVIEW FOR SPANISH SPEAKERS), %q(246), %q(1), %q(1)]).includes ["AUT", "WIN", "SPR"]
make([%q(METHODS IN COMMUNITY ASSESSMENT, EVALUATION, AND RESEARCH (MED 147)), %q(247), %q(3), %q(3)]).includes ["SPR"]
make([%q(STUDENT ROUNDS), %q(248), %q(1), %q(1)]).includes ["AUT", "WIN", "SPR", "SUM"]
make([%q(OUTCOMES ANALYSIS (BIOMEDIN 251, HRP 252)), %q(252), %q(4), %q(4)]).includes ["SPR"]
make([%q(APPLIED GRANT-WRITING SKILLS FOR COMMUNITY AND CLINICAL RESEARCH), %q(253), %q(2), %q(2)]).includes ["WIN"]
make([%q(THE RESPONSIBLE CONDUCT OF RESEARCH), %q(255), %q(1), %q(1)]).includes ["AUT", "WIN", "SPR"]
make([%q(THE RESPONSIBLE CONDUCT OF RESEARCH FOR CLINICAL RESEARCHERS), %q(255C), %q(1), %q(1)]).includes ["AUT", "WIN"]
make([%q(GLOBAL HIV/AIDS (HUMBIO 156)), %q(256), %q(3), %q(3)]).includes ["SPR"]
make([%q(COMMUNITY HEALTH ADVOCACY), %q(257A), %q(2), %q(2)]).includes ["AUT"]
make([%q(COMMUNITY HEALTH ADVOCACY), %q(257B), %q(2), %q(2)]).includes ["WIN"]
make([%q(COMMUNITY HEALTH ADVOCACY), %q(257C), %q(2), %q(2)]).includes ["SPR"]
make([%q(POLICY ADVOCACY IN COMMUNITY HEALTH), %q(258A), %q(2), %q(2)]).includes ["WIN"]
make([%q(OAXACAN HEALTH ON BOTH SIDES OF THE BORDER), %q(259), %q(2), %q(2)]).includes ["SPR"]
make([%q(HIV: THE VIRUS, THE DISEASE, THE RESEARCH (IMMUNOL 260)), %q(260), %q(3), %q(4)]).includes ["NOT GIVEN THIS YEAR"]
make([%q(ADVANCED DECISION SCIENCE METHODS AND MODELING IN HEALTH (HRP 263)), %q(263), %q(3), %q(3)]).includes ["NOT GIVEN THIS YEAR"]
make([%q(GLOBAL BIODESIGN:  MEDICAL TECHNOLOGY IN AN INTERNATIONAL CONTEXT (BIOE 371)), %q(271), %q(1), %q(3)]).includes ["SPR"]
make([%q(BIODESIGN INNOVATION: NEEDS FINDING AND CONCEPT CREATION (BIOE 374A, ME 368A)), %q(272A), %q(4), %q(4)]).includes ["WIN"]
make([%q(BIODESIGN INNOVATION: CONCEPT DEVELOPMENT AND IMPLEMENTATION (BIOE 374B, ME 368B)), %q(272B), %q(4), %q(4)]).includes ["SPR"]
make([%q(BIODESIGN FOR MOBILE HEALTH (BIOE 273)), %q(273), %q(1), %q(2)]).includes ["AUT"]
make([%q(DESIGN FOR SERVICE INNOVATION (BIOE 372, HRP 274)), %q(274), %q(4), %q(4)]).includes ["NOT GIVEN THIS YEAR"]
make([%q(BIOMEDICAL INNOVATION INCUBATOR), %q(275B), %q(2), %q(5)]).includes ["SPR"]
make([%q(CAREERS IN MEDICAL TECHNOLOGY), %q(276), %q(2), %q(3)]).includes ["NOT GIVEN THIS YEAR"]
make([%q(EARLY CLINICAL EXPERIENCE AT THE CARDINAL FREE CLINICS (MED 182)), %q(282), %q(1), %q(2)]).includes ["AUT", "WIN", "SPR", "SUM"]
make([%q(TEAM LEADERSHIP IN THE CARDINAL FREE CLINICS (MED 184)), %q(284), %q(1), %q(1)]).includes ["AUT", "SPR"]
make([%q(INTRODUCTION TO BIOENGINEERING RESEARCH (BIOE 390)), %q(289), %q(1), %q(2)]).includes ["AUT"]
make([%q(ADVANCED CARDIAC LIFE SUPPORT), %q(295), %q(2), %q(2)]).includes ["AUT", "WIN", "SPR"]
make([%q(MD CAPSTONE EXPERIENCE: PREPARATION FOR RESIDENCY), %q(297A), %q(1), %q(1)]).includes ["WIN", "SPR"]
make([%q(DIRECTED READING IN MEDICINE), %q(299), %q(1), %q(18)]).includes ["AUT", "WIN", "SPR", "SUM"]
make([%q(MEDICAL SCHOLARS RESEARCH), %q(370), %q(4), %q(18)]).includes ["AUT", "WIN", "SPR", "SUM"]
make([%q(GRADUATE RESEARCH), %q(399), %q(1), %q(18)]).includes ["AUT", "WIN", "SPR", "SUM"]
