make([%q(THE MEANING OF LIFE: MORAL AND SPIRITUAL INQUIRY THROUGH LITERATURE), %q(10SC), %q(2), %q(2)]).includes ["NOT GIVEN THIS YEAR"]
make([%q(FIRST STEPS TOWARD SUSTAINABLE FOOD SOLUTIONS: WEIGHING POLITICAL, ECONOMIC, AND ETHICAL TRADE-OFFS), %q(12), %q(1), %q(1)]).includes ["SPR"]
make([%q(INTRODUCTION TO MORAL PHILOSOPHY (PHIL 2)), %q(20), %q(5), %q(5)]).includes ["AUT"]
make([%q(MODERN POLITICAL THOUGHT: MACHIAVELLI TO MARX AND MILL (POLISCI 131L)), %q(131S), %q(5), %q(5)]).includes ["WIN"]
make([%q(ETHICS AND POLITICS OF PUBLIC SERVICE (CSRE 178, HUMBIO 178, PHIL 175A, PHIL 275A, POLISCI 133, PUBLPOL 103D, URBANST 122)), %q(133), %q(5), %q(5)]).includes ["SPR"]
make([%q(INTRODUCTION TO GLOBAL JUSTICE (INTNLREL 136R, PHIL 76, POLISCI 136R, POLISCI 336)), %q(136R), %q(4), %q(4)]).includes ["SPR"]
make([%q(ETHICAL THEORY (PHIL 170, PHIL 270)), %q(170), %q(4), %q(4)]).includes ["WIN"]
make([%q(JUSTICE (IPS 208, PHIL 171, PHIL 271, POLISCI 3P, POLISCI 136S, POLISCI 336S, PUBLPOL 103C, PUBLPOL 307)), %q(171), %q(4), %q(5)]).includes ["AUT"]
make([%q(MORAL LIMITS OF THE MARKET (PHIL 174A, PHIL 274A, POLISCI 135P)), %q(174A), %q(4), %q(4)]).includes ["NOT GIVEN THIS YEAR"]
make([%q(BETRAYAL AND LOYALTY, TREASON AND TRUST (ETHICSOC 274L, PHIL 174L, PHIL 274L)), %q(174L), %q(2), %q(2)]).includes ["WIN"]
make([%q(INTRODUCTION TO ENVIRONMENTAL ETHICS (ETHICSOC 278M, PHIL 178M, PHIL 278M, POLISCI 134L)), %q(178M), %q(5), %q(5)]).includes ["WIN"]
make([%q(COLLECTIVE ACTION: ETHICS AND POLICY (PHIL 73, PUBLPOL 304A)), %q(180M), %q(3), %q(5)]).includes ["SPR"]
make([%q(BUSINESS ETHICS (PHIL 74)), %q(182M), %q(4), %q(4)]).includes ["NOT GIVEN THIS YEAR"]
make([%q(FAMILY, FRIENDS, AND GROUPS: THE ETHICS OF ASSOCIATION (POLISCI 132C)), %q(183M), %q(4), %q(4)]).includes ["NOT GIVEN THIS YEAR"]
make([%q(CONTEMPORARY MORAL PROBLEMS (PHIL 72, POLISCI 134P)), %q(185M), %q(5), %q(5)]).includes ["SPR"]
make([%q(ETHICS IN SOCIETY HONORS SEMINAR (PHIL 178)), %q(190), %q(3), %q(3)]).includes ["WIN"]
make([%q(INDEPENDENT STUDIES IN ETHICS IN SOCIETY), %q(199), %q(1), %q(15)]).includes ["AUT", "WIN", "SPR", "SUM"]
make([%q(ETHICS IN SOCIETY HONORS THESIS), %q(200A), %q(1), %q(5)]).includes ["AUT", "WIN", "SPR", "SUM"]
make([%q(ETHICS IN SOCIETY HONORS THESIS), %q(200B), %q(1), %q(5)]).includes ["AUT", "WIN", "SPR", "SUM"]
make([%q(ETHICS IN SOCIETY HONORS THESIS), %q(200C), %q(1), %q(5)]).includes ["SPR"]
make([%q(THE ETHICS OF STORYTELLING: THE AUTOBIOGRAPHICAL MONOLOGUE IN THEORY, IN PRACTICE, AND IN THE WORLD (TAPS 158L, TAPS 358L)), %q(201R), %q(4), %q(4)]).includes ["NOT GIVEN THIS YEAR"]
make([%q(EMOTIONS: MORALITY AND LAW (ETHICSOC 302, PHIL 177B, PHIL 277B)), %q(202), %q(2), %q(2)]).includes ["WIN"]
make([%q(ETHICS AND POLITICS (POLISCI 223F)), %q(202R), %q(5), %q(5)]).includes ["NOT GIVEN THIS YEAR"]
make([%q(ETHICS IN REAL LIFE: HOW PHILOSOPHY CAN MAKE US BETTER PEOPLE (PHIL 90E)), %q(203R), %q(4), %q(4)]).includes ["WIN"]
make([%q(THEORIES OF CIVIL SOCIETY, PHILANTHROPY, AND THE NONPROFIT SECTOR (POLISCI 236, POLISCI 236S)), %q(232T), %q(5), %q(5)]).includes ["SPR"]
make([%q(ETHICS ON THE EDGE:  BUSINESS, NON-PROFIT ORGANIZATIONS, GOVERNMENT, AND INDIVIDUALS (PUBLPOL 134, PUBLPOL 234)), %q(234R), %q(3), %q(3)]).includes ["SPR"]
make([%q(POLITICS AND EVIL (POLISCI 237M)), %q(237M), %q(5), %q(5)]).includes ["NOT GIVEN THIS YEAR"]
make([%q(BETRAYAL AND LOYALTY, TREASON AND TRUST (ETHICSOC 174L, PHIL 174L, PHIL 274L)), %q(274L), %q(2), %q(2)]).includes ["WIN"]
make([%q(RELIGION AND POLITICS: A LATIN AMERICAN PERSPECTIVE (ETHICSOC 376R, PHIL 176C, PHIL 276C)), %q(276R), %q(4), %q(4)]).includes ["SPR"]
make([%q(INTRODUCTION TO ENVIRONMENTAL ETHICS (ETHICSOC 178M, PHIL 178M, PHIL 278M, POLISCI 134L)), %q(278M), %q(5), %q(5)]).includes ["WIN"]
make([%q(TRANSITIONAL JUSTICE, HUMAN RIGHTS, AND INTERNATIONAL CRIMINAL TRIBUNALS (INTNLREL 180A, IPS 280)), %q(280), %q(3), %q(5)]).includes ["SPR"]
make([%q(CONFLICTS, ETHICS, AND THE ACADEMY), %q(301), %q(1), %q(3)]).includes ["NOT GIVEN THIS YEAR"]
make([%q(EMOTIONS: MORALITY AND LAW (ETHICSOC 202, PHIL 177B, PHIL 277B)), %q(302), %q(2), %q(2)]).includes ["WIN"]
make([%q(RELIGION AND POLITICS: A LATIN AMERICAN PERSPECTIVE (ETHICSOC 276R, PHIL 176C, PHIL 276C)), %q(376R), %q(4), %q(4)]).includes ["SPR"]
