make([%q(Religion Around the Globe), %q(1), %q(4), %q(4)]).includes ["AUT"]
make([%q(Is Stanford a Religion?), %q(2), %q(4), %q(4)]).includes ["WIN"]
make([%q(The Meaning of Life: Philosophical, Aesthetic, and Religious Perspectives), %q(11N), %q(5), %q(5)]).includes ["AUT"]
make([%q(Perspectives on the Good Life), %q(12N), %q(3), %q(4)]).includes ["NOT GIVEN THIS YEAR"]
make([%q(Mystical Journeys: Beyond Knowing and Reason), %q(13Q), %q(3), %q(3)]).includes ["WIN"]
make([%q(Demons, Death, and the Damned: The 'Other' and the Otherwordly in America), %q(14N), %q(3), %q(3)]).includes ["NOT GIVEN THIS YEAR"]
make([%q(Love, Power, and Justice: Ethics in Christian Perspective), %q(17N), %q(3), %q(3)]).includes ["SPR"]
make([%q(Religion and Politics: Comparing Europe to the U.S. (JEWISHST 18N)), %q(18N), %q(3), %q(4)]).includes ["NOT GIVEN THIS YEAR"]
make([%q(\Land of Milk and Honey\: Food, Justice, and Ethnic Identity in Jewish Culture (JEWISHST 19N)), %q(19N), %q(3), %q(3)]).includes ["WIN"]
make([%q(The Sun Also Shines on the Wicked: The Problem of Evil in Religious Thought), %q(20A), %q(3), %q(3)]).includes ["SPR"]
make([%q(Religion in Science Fiction and Fantasy), %q(21), %q(5), %q(5)]).includes ["SPR"]
make([%q(Science and Ideology), %q(22), %q(4), %q(4)]).includes ["SPR"]
make([%q(Sexuality, Gender, and Religion (FEMGEN 24)), %q(24), %q(2), %q(2)]).includes ["NOT GIVEN THIS YEAR"]
make([%q(Contemporary German Jewish Encounters: the Holocaust in Historical Memory), %q(25SI), %q(1), %q(1)]).includes ["NOT GIVEN THIS YEAR"]
make([%q(The Bible and its Interpreters), %q(26), %q(4), %q(4)]).includes ["AUT"]
make([%q(Religion and Science in Dialogue:  Possibilities and Future Directions), %q(28), %q(1), %q(2)]).includes ["NOT GIVEN THIS YEAR"]
make([%q(Interfaith@Noon), %q(28SI), %q(1), %q(1)]).includes ["NOT GIVEN THIS YEAR"]
make([%q(The Religious Life of Things), %q(31), %q(3), %q(5)]).includes ["SPR"]
make([%q(Religion, Democracy, and Human Rights (POLISCI 33S)), %q(35S), %q(3), %q(3)]).includes ["SUM"]
make([%q(Philosophy of Religion (PHIL 77S)), %q(36), %q(3), %q(3)]).includes ["AUT"]
make([%q(Exploring Buddhism), %q(50), %q(5), %q(5)]).includes ["WIN"]
make([%q(Exploring Zen), %q(55), %q(4), %q(4)]).includes ["NOT GIVEN THIS YEAR"]
make([%q(Exploring Chinese Religions), %q(56), %q(4), %q(4)]).includes ["NOT GIVEN THIS YEAR"]
make([%q(Exploring Islam), %q(61), %q(4), %q(4)]).includes ["AUT"]
make([%q(Islamic Encounters), %q(61S), %q(4), %q(4)]).includes ["SUM"]
make([%q(Philosophy of Religion), %q(62), %q(4), %q(4)]).includes ["NOT GIVEN THIS YEAR"]
make([%q(Jews and Christians: Conflict and Coexistence (JEWISHST 71)), %q(71), %q(3), %q(3)]).includes ["SPR"]
make([%q(Exploring Indian Religions), %q(81), %q(4), %q(4)]).includes ["AUT"]
make([%q(Approaches to the Study of Religion: Exploring  Christianity), %q(82), %q(4), %q(4)]).includes ["NOT GIVEN THIS YEAR"]
make([%q(Exploring American Religious History (AMSTUD 91)), %q(91), %q(4), %q(4)]).includes ["NOT GIVEN THIS YEAR"]
make([%q(Exploring Zoroastrianism), %q(93), %q(4), %q(4)]).includes ["NOT GIVEN THIS YEAR"]
make([%q(How to Read the Bible), %q(95), %q(4), %q(4)]).includes ["NOT GIVEN THIS YEAR"]
make([%q(Religion and War in America (HISTORY 154D)), %q(105), %q(4), %q(4)]).includes ["SPR"]
make([%q(Religion and the Environment: The Moral Meanings of Nature), %q(106), %q(3), %q(3)]).includes ["NOT GIVEN THIS YEAR"]
make([%q(Hindus and Muslims in South Asia), %q(107), %q(4), %q(4)]).includes ["NOT GIVEN THIS YEAR"]
make([%q(Indian Epics: Past and Present (COMPLIT 148B)), %q(108), %q(4), %q(4)]).includes ["NOT GIVEN THIS YEAR"]
make([%q(Emperor, Explorer, and God: Alexander the Great in the Global Imagination (CLASSICS 142)), %q(109), %q(3), %q(3)]).includes ["SPR"]
make([%q(Islam, Art, Modernity (RELIGST 310)), %q(110), %q(3), %q(5)]).includes ["NOT GIVEN THIS YEAR"]
make([%q(Islam in India: Conflict and Accommodation (HISTORY 195X)), %q(111), %q(4), %q(4)]).includes ["NOT GIVEN THIS YEAR"]
make([%q(Japanese Religion Through Film), %q(113B), %q(4), %q(4)]).includes ["NOT GIVEN THIS YEAR"]
make([%q(Asceticism:  The Discipline of Desire), %q(113C), %q(3), %q(3)]).includes ["SPR"]
make([%q(Yoga Ancient and Modern), %q(114), %q(4), %q(6)]).includes ["SPR"]
make([%q(Women and Pilgrimage in Japan), %q(115), %q(4), %q(4)]).includes ["SPR"]
make([%q(Who Speaks for Religion? Scholars Versus Believers), %q(116), %q(4), %q(4)]).includes ["NOT GIVEN THIS YEAR"]
make([%q(Christianity in 21st-century America), %q(117), %q(4), %q(4)]).includes ["WIN"]
make([%q(Gandhi, Nonviolence, Religion), %q(118), %q(4), %q(4)]).includes ["AUT"]
make([%q(Gandhi and His Legacy: Violence and Nonviolence in the World and in Ourselves), %q(119), %q(4), %q(5)]).includes ["WIN"]
make([%q(Spirits, Selves, and the Social: Histories of Thinking about Religion (ANTHRO 119A)), %q(119X), %q(5), %q(5)]).includes ["NOT GIVEN THIS YEAR"]
make([%q(Sufi Islam), %q(124), %q(4), %q(4)]).includes ["NOT GIVEN THIS YEAR"]
make([%q(Protestant Reformation (HISTORY 126B)), %q(126), %q(4), %q(4)]).includes ["AUT"]
make([%q(The Five Books of Moses), %q(128), %q(4), %q(4)]).includes ["NOT GIVEN THIS YEAR"]
make([%q(Modern Jewish Thought (JEWISHST 129)), %q(129), %q(4), %q(4)]).includes ["NOT GIVEN THIS YEAR"]
make([%q(Sex and Gender in Judaism and Christianity (FEMGEN 130, JEWISHST 120)), %q(130), %q(3), %q(3)]).includes ["AUT"]
make([%q(Jesus the Christ), %q(132), %q(4), %q(4)]).includes ["NOT GIVEN THIS YEAR"]
make([%q(How Jesus the Jew became God), %q(132C), %q(4), %q(4)]).includes ["NOT GIVEN THIS YEAR"]
make([%q(Early Christian Gospels (CLASSICS 145)), %q(132D), %q(4), %q(4)]).includes ["WIN"]
make([%q(Inventing Christianity in Late Antiquity), %q(133), %q(4), %q(4)]).includes ["NOT GIVEN THIS YEAR"]
make([%q(Sacred Space), %q(134), %q(4), %q(4)]).includes ["NOT GIVEN THIS YEAR"]
make([%q(Buddhist Yoga), %q(136), %q(4), %q(4)]).includes ["NOT GIVEN THIS YEAR"]
make([%q(RELIGION AND ETHICS: The Limits of Dialogue), %q(140), %q(3), %q(3)]).includes ["NOT GIVEN THIS YEAR"]
make([%q(John Calvin and Christian Faith), %q(144), %q(5), %q(5)]).includes ["NOT GIVEN THIS YEAR"]
make([%q(Religious Mystery and Rational Reflection), %q(146), %q(4), %q(4)]).includes ["NOT GIVEN THIS YEAR"]
make([%q(From Jesus to Paul), %q(148), %q(4), %q(4)]).includes ["NOT GIVEN THIS YEAR"]
make([%q(St. Paul and the Politics of Religion), %q(148A), %q(4), %q(4)]).includes ["NOT GIVEN THIS YEAR"]
make([%q(The Lotus Sutra: Story of a Buddhist Book), %q(150), %q(4), %q(4)]).includes ["NOT GIVEN THIS YEAR"]
make([%q(Music and Religious Experience in the Contemporary World (MUSIC 186A, MUSIC 286A, RELIGST 256)), %q(156), %q(3), %q(5)]).includes ["NOT GIVEN THIS YEAR"]
make([%q(Religion in Modern African Literature), %q(160), %q(4), %q(4)]).includes ["WIN"]
make([%q(Modern Religious Thought: From Galileo to Freud), %q(161), %q(4), %q(5)]).includes ["NOT GIVEN THIS YEAR"]
make([%q(Spirituality and Nonviolent Urban and Social Transformation (CSRE 162A, URBANST 126)), %q(162), %q(3), %q(3)]).includes ["NOT GIVEN THIS YEAR"]
make([%q(Philosophy of Religion), %q(168), %q(3), %q(3)]).includes ["NOT GIVEN THIS YEAR"]
make([%q(Biblical Hebrew, First Quarter (AMELANG 170A, JEWISHST 107A)), %q(170A), %q(2), %q(2)]).includes ["NOT GIVEN THIS YEAR"]
make([%q(Reading in Biblical Hebrew), %q(170C), %q(4), %q(4)]).includes ["NOT GIVEN THIS YEAR"]
make([%q(Readings in Talmudic Literature (JEWISHST 127D, JEWISHST 227D)), %q(170D), %q(1), %q(1)]).includes ["AUT", "WIN", "SPR"]
make([%q(Biblical Greek (CLASSICS 6G, JEWISHST 5)), %q(171A), %q(3), %q(5)]).includes ["WIN"]
make([%q(What is Enlightenment? Religion in the Age of Reason), %q(173), %q(4), %q(4)]).includes ["NOT GIVEN THIS YEAR"]
make([%q(Latin 500-1600 CE (CLASSICS 6L, ENGLISH 113L, PHIL 113L, PHIL 213L)), %q(173X), %q(5), %q(5)]).includes ["WIN"]
make([%q(Religious Existentialism-Kierkegaard), %q(174), %q(4), %q(4)]).includes ["NOT GIVEN THIS YEAR"]
make([%q(Religious Diversity: Theoretical and Practical Issues), %q(176), %q(4), %q(4)]).includes ["NOT GIVEN THIS YEAR"]
make([%q(Doing the Sacred: Religion and Performance), %q(179), %q(4), %q(4)]).includes ["SPR"]
make([%q(Atheism: Hegel to Heidegger (PHIL 183T)), %q(183), %q(5), %q(5)]).includes ["WIN"]
make([%q(Prophetic Voices of Social Critique), %q(185), %q(4), %q(4)]).includes ["NOT GIVEN THIS YEAR"]
make([%q(Issues in Liberation: El Salvador), %q(188A), %q(4), %q(4)]).includes ["WIN"]
make([%q(Individual Work), %q(199), %q(1), %q(15)]).includes ["AUT", "WIN", "SPR", "SUM"]
make([%q(Islamic Law (RELIGST 301)), %q(201), %q(3), %q(5)]).includes ["WIN"]
make([%q(Gender in Classical Islamic Law (RELIGST 301A)), %q(201A), %q(3), %q(5)]).includes ["NOT GIVEN THIS YEAR"]
make([%q(Myth, Place, and Ritual in the Study of Religion (RELIGST 303)), %q(203), %q(3), %q(5)]).includes ["NOT GIVEN THIS YEAR"]
make([%q(Paleography of Medieval and Early Modern Manuscripts (CLASSICS 215, DLCL 209, HISTORY 309G)), %q(204), %q(3), %q(5)]).includes ["NOT GIVEN THIS YEAR"]
make([%q(Religious Poetry), %q(205), %q(4), %q(4)]).includes ["NOT GIVEN THIS YEAR"]
make([%q(Ex Oriente Lux: Orientalism and the Study of Religion (RELIGST 308A)), %q(208A), %q(3), %q(5)]).includes ["AUT"]
make([%q(Architecture, Acoustics and Ritual in Byzantium (ARTHIST 208C, ARTHIST 408C, CLASSICS 175, MUSIC 208C, MUSIC 408C, REES 208C, REES 408C, RELIGST 308C)), %q(208C), %q(1), %q(3)]).includes ["NOT GIVEN THIS YEAR"]
make([%q(Sugar in the Milk: Modern Zoroastrianism as Race, Religion, and Ethnicity (RELIGST 309A)), %q(209A), %q(4), %q(5)]).includes ["NOT GIVEN THIS YEAR"]
make([%q(`Crow Eaters' & `Fire Worshippers': Exploring Contemporary Zoroastrianism Thru Reading Parsi Lit (RELIGST 309D)), %q(209D), %q(3), %q(5)]).includes ["NOT GIVEN THIS YEAR"]
make([%q(Imperishable Heroes and Unblemished Goddesses: Myth, Ritual, and Epic in Ancient Iran (CLASSICS 148, CLASSICS 248, RELIGST 309E)), %q(209E), %q(3), %q(5)]).includes ["NOT GIVEN THIS YEAR"]
make([%q(Chuang Tzu), %q(212), %q(5), %q(5)]).includes ["AUT"]
make([%q(Japanese Buddhism), %q(216), %q(4), %q(4)]).includes ["NOT GIVEN THIS YEAR"]
make([%q(Japanese Studies of Religion in China (RELIGST 317)), %q(217), %q(3), %q(3)]).includes ["NOT GIVEN THIS YEAR"]
make([%q(Minorities In Medieval Europe (HISTORY 217S)), %q(217X), %q(5), %q(5)]).includes ["SPR"]
make([%q(The Talmud (RELIGST 321)), %q(221), %q(4), %q(4)]).includes ["NOT GIVEN THIS YEAR"]
make([%q(What is Talmud? (RELIGST 321B)), %q(221B), %q(5), %q(5)]).includes ["NOT GIVEN THIS YEAR"]
make([%q(Sufism Seminar (RELIGST 322B)), %q(222B), %q(3), %q(5)]).includes ["NOT GIVEN THIS YEAR"]
make([%q(Studying Islam: History, Methods, Debates), %q(223), %q(4), %q(4)]).includes ["NOT GIVEN THIS YEAR"]
make([%q(Classical Islamic Texts (RELIGST 324)), %q(224), %q(3), %q(3)]).includes ["AUT"]
make([%q(Unveiling the Sacred: Explorations in Islamic Religious Imagination (RELIGST 324B)), %q(224B), %q(3), %q(5)]).includes ["NOT GIVEN THIS YEAR"]
make([%q(Judaism and Hellenism (RELIGST 326A)), %q(226A), %q(3), %q(5)]).includes ["NOT GIVEN THIS YEAR"]
make([%q(Jewish-Christian Relations in Antiquity (CLASSGEN 126B)), %q(226D), %q(1), %q(2)]).includes ["NOT GIVEN THIS YEAR"]
make([%q(The Qur'an (RELIGST 327)), %q(227), %q(5), %q(5)]).includes ["NOT GIVEN THIS YEAR"]
make([%q(Winged Bulls and Sun Disks: Religion and Politics in the Persian Empire (CLASSICS 146, CLASSICS 246, RELIGST 329)), %q(229), %q(3), %q(5)]).includes ["WIN"]
make([%q(Zen Studies (RELIGST 330B)), %q(230B), %q(4), %q(4)]).includes ["NOT GIVEN THIS YEAR"]
make([%q(Knowing God: Learning Religion in Popular Culture (AMSTUD 231X, EDUC 231X, JEWISHST 291X)), %q(231X), %q(4), %q(4)]).includes ["AUT"]
make([%q(The Ethics of Religious Politics (ETHICSOC 233R)), %q(233), %q(5), %q(5)]).includes ["WIN"]
make([%q(Emmanuel Levinas: Ethics, Philosophy and Religion (JEWISHST 224, JEWISHST 324, RELIGST 334)), %q(234), %q(4), %q(4)]).includes ["NOT GIVEN THIS YEAR"]
make([%q(Religion in Modern Society: Secularization and the Sacred (RELIGST 335)), %q(235), %q(4), %q(4)]).includes ["NOT GIVEN THIS YEAR"]
make([%q(Christian Neo-Platonism, East and West (RELIGST 338)), %q(238), %q(3), %q(5)]).includes ["NOT GIVEN THIS YEAR"]
make([%q(Luther and the Reform of Western Christianity (RELIGST 339)), %q(239), %q(3), %q(5)]).includes ["NOT GIVEN THIS YEAR"]
make([%q(Religion, Reason, and Romanticism), %q(245), %q(5), %q(5)]).includes ["NOT GIVEN THIS YEAR"]
make([%q(Constructing Race and Religion in America (CSRE 246, HISTORY 256G, HISTORY 356G, RELIGST 346)), %q(246), %q(4), %q(5)]).includes ["SPR"]
make([%q(Readings in Chinese Religious Texts:  The Lingbao Scriptures (RELIGST 347B)), %q(247B), %q(4), %q(4)]).includes ["NOT GIVEN THIS YEAR"]
make([%q(Chinese Buddhism in World Historical Perspective (RELIGST 348)), %q(248), %q(3), %q(5)]).includes ["NOT GIVEN THIS YEAR"]
make([%q(Chinese Buddhism Beyond the Great Wall (RELIGST 348A)), %q(248A), %q(3), %q(5)]).includes ["NOT GIVEN THIS YEAR"]
make([%q(Classics of Indian Buddhism), %q(250), %q(4), %q(4)]).includes ["NOT GIVEN THIS YEAR"]
make([%q(Readings in Indian Buddhist Texts (RELIGST 351)), %q(251), %q(3), %q(5)]).includes ["AUT"]
make([%q(Hearts and Diamonds: The Lives of Buddhist Sacred Texts), %q(252), %q(4), %q(4)]).includes ["NOT GIVEN THIS YEAR"]
make([%q(The Story of a Buddhist Megascripture: Readings in the Avatamsaka (RELIGST 352A)), %q(252A), %q(3), %q(5)]).includes ["NOT GIVEN THIS YEAR"]
make([%q(Mountains, Buddhist Practice, and Religious Studies (RELIGST 353)), %q(253), %q(3), %q(5)]).includes ["NOT GIVEN THIS YEAR"]
make([%q(Recent Contributions to Buddhist Studies (RELIGST 354)), %q(254), %q(3), %q(5)]).includes ["AUT"]
make([%q(Religion and Power in the Making of Modern South Asia (RELIGST 355)), %q(255), %q(3), %q(5)]).includes ["SPR"]
make([%q(Music and Religious Experience in the Contemporary World (MUSIC 186A, MUSIC 286A, RELIGST 156)), %q(256), %q(3), %q(5)]).includes ["NOT GIVEN THIS YEAR"]
make([%q(The Brahma Net Sutra (Fanwang Jing) (RELIGST 356)), %q(256), %q(4), %q(4)]).includes ["NOT GIVEN THIS YEAR"]
make([%q(Readings in Daoist Texts (RELIGST 357)), %q(257), %q(4), %q(4)]).includes ["NOT GIVEN THIS YEAR"]
make([%q(Female Divinities in China (HISTORY 293E, HISTORY 393E, RELIGST 357X)), %q(257X), %q(4), %q(5)]).includes ["WIN"]
make([%q(Japanese Buddhist Texts (RELIGST 358)), %q(258), %q(3), %q(5)]).includes ["NOT GIVEN THIS YEAR"]
make([%q(Religion and Music in South Asia (MUSIC 186, MUSIC 286)), %q(259), %q(4), %q(5)]).includes ["NOT GIVEN THIS YEAR"]
make([%q(Belief (in a post-Christian Age)), %q(261A), %q(5), %q(5)]).includes ["NOT GIVEN THIS YEAR"]
make([%q(Judaism and the Body), %q(263), %q(4), %q(4)]).includes ["NOT GIVEN THIS YEAR"]
make([%q(Dante's Spiritual Vision), %q(271A), %q(4), %q(5)]).includes ["NOT GIVEN THIS YEAR"]
make([%q(Dante's Spiritual Vision), %q(271B), %q(4), %q(5)]).includes ["NOT GIVEN THIS YEAR"]
make([%q(Kant on Religion (RELIGST 372)), %q(272), %q(3), %q(5)]).includes ["NOT GIVEN THIS YEAR"]
make([%q(Historicism and Its Problems: Ernst Troeltsch, the Study of Religion, and the Crisis of Historicism (RELIGST 373)), %q(273), %q(3), %q(5)]).includes ["NOT GIVEN THIS YEAR"]
make([%q(From Kant to Kierkegaard (RELIGST 374)), %q(274), %q(3), %q(5)]).includes ["AUT"]
make([%q(Kierkegaard (RELIGST 375)), %q(275), %q(3), %q(5)]).includes ["NOT GIVEN THIS YEAR"]
make([%q(The Later Heidegger: Art, Poetry, Language (PHIL 234B, RELIGST 377)), %q(277), %q(3), %q(3)]).includes ["NOT GIVEN THIS YEAR"]
make([%q(Heidegger: Confronting the Ultimate (RELIGST 378)), %q(278), %q(3), %q(5)]).includes ["NOT GIVEN THIS YEAR"]
make([%q(After God: Why religion at all? (RELIGST 379)), %q(279), %q(4), %q(4)]).includes ["AUT"]
make([%q(Heidegger on human being and God (RELIGST 379A)), %q(279A), %q(4), %q(4)]).includes ["NOT GIVEN THIS YEAR"]
make([%q(Schleiermacher: Reconstructing Religion (RELIGST 380)), %q(280), %q(3), %q(5)]).includes ["NOT GIVEN THIS YEAR"]
make([%q(Asian Religions in America; Asian American Religions (AMSTUD 281, ASNAMST 281, RELIGST 381)), %q(281), %q(4), %q(4)]).includes ["NOT GIVEN THIS YEAR"]
make([%q(King Solomon and the Search for Wisdom (RELIGST 382)), %q(282), %q(4), %q(4)]).includes ["NOT GIVEN THIS YEAR"]
make([%q(Heidegger, Hölderlin, and the Gods (RELIGST 383A)), %q(283A), %q(3), %q(5)]).includes ["NOT GIVEN THIS YEAR"]
make([%q(Majors Seminar), %q(290), %q(5), %q(5)]).includes ["WIN"]
make([%q(Church, State, & Schools: Issues in Education & Religion (EDUC 293X)), %q(293X), %q(4), %q(4)]).includes ["NOT GIVEN THIS YEAR"]
make([%q(Senior Essay/Honors Essay Research), %q(297), %q(3), %q(5)]).includes ["AUT", "WIN", "SPR"]
make([%q(Senior Colloquium), %q(298), %q(5), %q(5)]).includes ["SPR"]
make([%q(Theory in the Study of Religion), %q(300), %q(4), %q(4)]).includes ["NOT GIVEN THIS YEAR"]
make([%q(Islamic Law (RELIGST 201)), %q(301), %q(3), %q(5)]).includes ["WIN"]
make([%q(Gender in Classical Islamic Law (RELIGST 201A)), %q(301A), %q(3), %q(5)]).includes ["NOT GIVEN THIS YEAR"]
make([%q(Islamic Studies Proseminar), %q(302), %q(1), %q(5)]).includes ["NOT GIVEN THIS YEAR"]
make([%q(Myth, Place, and Ritual in the Study of Religion (RELIGST 203)), %q(303), %q(3), %q(5)]).includes ["NOT GIVEN THIS YEAR"]
make([%q(Theories and Methods), %q(304A), %q(4), %q(4)]).includes ["NOT GIVEN THIS YEAR"]
make([%q(Theories and Methods), %q(304B), %q(4), %q(4)]).includes ["AUT"]
make([%q(Life, Love, and Death in Islamic Narratives), %q(306), %q(3), %q(5)]).includes ["NOT GIVEN THIS YEAR"]
make([%q(Medieval Japanese Buddhism), %q(308), %q(3), %q(5)]).includes ["NOT GIVEN THIS YEAR"]
make([%q(Ex Oriente Lux: Orientalism and the Study of Religion (RELIGST 208A)), %q(308A), %q(3), %q(5)]).includes ["AUT"]
make([%q(Architecture, Acoustics and Ritual in Byzantium (ARTHIST 208C, ARTHIST 408C, CLASSICS 175, MUSIC 208C, MUSIC 408C, REES 208C, REES 408C, RELIGST 208C)), %q(308C), %q(1), %q(3)]).includes ["NOT GIVEN THIS YEAR"]
make([%q(Priests, Prophets, and Kings: Religion and Society in Late Antique Iran (CLASSICS 147, CLASSICS 247)), %q(309), %q(4), %q(5)]).includes ["NOT GIVEN THIS YEAR"]
make([%q(Sugar in the Milk: Modern Zoroastrianism as Race, Religion, and Ethnicity (RELIGST 209A)), %q(309A), %q(4), %q(5)]).includes ["NOT GIVEN THIS YEAR"]
make([%q(`Crow Eaters' & `Fire Worshippers': Exploring Contemporary Zoroastrianism Thru Reading Parsi Lit (RELIGST 209D)), %q(309D), %q(3), %q(5)]).includes ["NOT GIVEN THIS YEAR"]
make([%q(Imperishable Heroes and Unblemished Goddesses: Myth, Ritual, and Epic in Ancient Iran (CLASSICS 148, CLASSICS 248, RELIGST 209E)), %q(309E), %q(3), %q(5)]).includes ["NOT GIVEN THIS YEAR"]
make([%q(Islam, Art, Modernity (RELIGST 110)), %q(310), %q(3), %q(5)]).includes ["NOT GIVEN THIS YEAR"]
make([%q(Buddhist Studies Proseminar), %q(312), %q(1), %q(5)]).includes ["NOT GIVEN THIS YEAR"]
make([%q(Graduate Seminar on Buddhism), %q(313), %q(3), %q(5)]).includes ["SPR"]
make([%q(The Education of American Jews (EDUC 313X, JEWISHST 393X)), %q(313X), %q(4), %q(4)]).includes ["NOT GIVEN THIS YEAR"]
make([%q(Third Bhavanakrama & the Writings of Héshang Moheyan: Scripture in Buddhist Scholastic Polemics), %q(315), %q(3), %q(5)]).includes ["NOT GIVEN THIS YEAR"]
make([%q(Chinese Buddhism), %q(315A), %q(3), %q(5)]).includes ["NOT GIVEN THIS YEAR"]
make([%q(Japanese Studies of Religion in China (RELIGST 217)), %q(317), %q(3), %q(3)]).includes ["NOT GIVEN THIS YEAR"]
make([%q(Religion and Literature), %q(320), %q(4), %q(4)]).includes ["SPR"]
make([%q(The Talmud (RELIGST 221)), %q(321), %q(4), %q(4)]).includes ["NOT GIVEN THIS YEAR"]
make([%q(What is Talmud? (RELIGST 221B)), %q(321B), %q(5), %q(5)]).includes ["NOT GIVEN THIS YEAR"]
make([%q(Sufism Seminar (RELIGST 222B)), %q(322B), %q(3), %q(5)]).includes ["NOT GIVEN THIS YEAR"]
make([%q(Classical Islamic Texts (RELIGST 224)), %q(324), %q(3), %q(3)]).includes ["AUT"]
make([%q(Unveiling the Sacred: Explorations in Islamic Religious Imagination (RELIGST 224B)), %q(324B), %q(3), %q(5)]).includes ["NOT GIVEN THIS YEAR"]
make([%q(Judaism and Hellenism (RELIGST 226A)), %q(326A), %q(3), %q(5)]).includes ["NOT GIVEN THIS YEAR"]
make([%q(The Qur'an (RELIGST 227)), %q(327), %q(5), %q(5)]).includes ["NOT GIVEN THIS YEAR"]
make([%q(The Study of the Midrash), %q(328S), %q(1), %q(2)]).includes ["OFFERED OCCASIONALLY"]
make([%q(Winged Bulls and Sun Disks: Religion and Politics in the Persian Empire (CLASSICS 146, CLASSICS 246, RELIGST 229)), %q(329), %q(3), %q(5)]).includes ["WIN"]
make([%q(Advanced Paleography (CLASSICS 216, ENGLISH 300A, HISTORY 315)), %q(329X), %q(5), %q(5)]).includes ["WIN"]
make([%q(Zen Studies (RELIGST 230B)), %q(330B), %q(4), %q(4)]).includes ["NOT GIVEN THIS YEAR"]
make([%q(Religion and Modernity (ANTHRO 347)), %q(332X), %q(5), %q(5)]).includes ["NOT GIVEN THIS YEAR"]
make([%q(Emmanuel Levinas: Ethics, Philosophy and Religion (JEWISHST 224, JEWISHST 324, RELIGST 234)), %q(334), %q(4), %q(4)]).includes ["NOT GIVEN THIS YEAR"]
make([%q(Religion in Modern Society: Secularization and the Sacred (RELIGST 235)), %q(335), %q(4), %q(4)]).includes ["NOT GIVEN THIS YEAR"]
make([%q(Christian Neo-Platonism, East and West (RELIGST 238)), %q(338), %q(3), %q(5)]).includes ["NOT GIVEN THIS YEAR"]
make([%q(Luther and the Reform of Western Christianity (RELIGST 239)), %q(339), %q(3), %q(5)]).includes ["NOT GIVEN THIS YEAR"]
make([%q(Contemporary Religious Reflection), %q(340), %q(3), %q(5)]).includes ["NOT GIVEN THIS YEAR"]
make([%q(Comparative Perspectives on Classical Chinese Texts), %q(341), %q(4), %q(5)]).includes ["NOT GIVEN THIS YEAR"]
make([%q(Constructing Race and Religion in America (CSRE 246, HISTORY 256G, HISTORY 356G, RELIGST 246)), %q(346), %q(4), %q(5)]).includes ["SPR"]
make([%q(Chinese Buddhist Texts), %q(347), %q(3), %q(5)]).includes ["WIN"]
make([%q(Readings in Chinese Religious Texts:  The Lingbao Scriptures (RELIGST 247B)), %q(347B), %q(4), %q(4)]).includes ["NOT GIVEN THIS YEAR"]
make([%q(Chinese Buddhism in World Historical Perspective (RELIGST 248)), %q(348), %q(3), %q(5)]).includes ["NOT GIVEN THIS YEAR"]
make([%q(Chinese Buddhism Beyond the Great Wall (RELIGST 248A)), %q(348A), %q(3), %q(5)]).includes ["NOT GIVEN THIS YEAR"]
make([%q(Meditation and Mythology in Chinese Buddhism), %q(349), %q(3), %q(5)]).includes ["NOT GIVEN THIS YEAR"]
make([%q(Modern Western Religious Thought Proseminar), %q(350), %q(1), %q(5)]).includes ["NOT GIVEN THIS YEAR"]
make([%q(Readings in Indian Buddhist Texts (RELIGST 251)), %q(351), %q(3), %q(5)]).includes ["AUT"]
make([%q(The Story of a Buddhist Megascripture: Readings in the Avatamsaka (RELIGST 252A)), %q(352A), %q(3), %q(5)]).includes ["NOT GIVEN THIS YEAR"]
make([%q(Mountains, Buddhist Practice, and Religious Studies (RELIGST 253)), %q(353), %q(3), %q(5)]).includes ["NOT GIVEN THIS YEAR"]
make([%q(Recent Contributions to Buddhist Studies (RELIGST 254)), %q(354), %q(3), %q(5)]).includes ["AUT"]
make([%q(Religion and Power in the Making of Modern South Asia (RELIGST 255)), %q(355), %q(3), %q(5)]).includes ["SPR"]
make([%q(The Brahma Net Sutra (Fanwang Jing) (RELIGST 256)), %q(356), %q(4), %q(4)]).includes ["NOT GIVEN THIS YEAR"]
make([%q(Readings in Daoist Texts (RELIGST 257)), %q(357), %q(4), %q(4)]).includes ["NOT GIVEN THIS YEAR"]
make([%q(Female Divinities in China (HISTORY 293E, HISTORY 393E, RELIGST 257X)), %q(357X), %q(4), %q(5)]).includes ["WIN"]
make([%q(Japanese Buddhist Texts (RELIGST 258)), %q(358), %q(3), %q(5)]).includes ["NOT GIVEN THIS YEAR"]
make([%q(Comparative Religious Ethics), %q(370), %q(4), %q(4)]).includes ["NOT GIVEN THIS YEAR"]
make([%q(Kant on Religion (RELIGST 272)), %q(372), %q(3), %q(5)]).includes ["NOT GIVEN THIS YEAR"]
make([%q(Historicism and Its Problems: Ernst Troeltsch, the Study of Religion, and the Crisis of Historicism (RELIGST 273)), %q(373), %q(3), %q(5)]).includes ["NOT GIVEN THIS YEAR"]
make([%q(From Kant to Kierkegaard (RELIGST 274)), %q(374), %q(3), %q(5)]).includes ["AUT"]
make([%q(Kierkegaard (RELIGST 275)), %q(375), %q(3), %q(5)]).includes ["NOT GIVEN THIS YEAR"]
make([%q(The Later Heidegger: Art, Poetry, Language (PHIL 234B, RELIGST 277)), %q(377), %q(3), %q(3)]).includes ["NOT GIVEN THIS YEAR"]
make([%q(Heidegger: Confronting the Ultimate (RELIGST 278)), %q(378), %q(3), %q(5)]).includes ["NOT GIVEN THIS YEAR"]
make([%q(After God: Why religion at all? (RELIGST 279)), %q(379), %q(4), %q(4)]).includes ["AUT"]
make([%q(Heidegger on human being and God (RELIGST 279A)), %q(379A), %q(4), %q(4)]).includes ["NOT GIVEN THIS YEAR"]
make([%q(Schleiermacher: Reconstructing Religion (RELIGST 280)), %q(380), %q(3), %q(5)]).includes ["NOT GIVEN THIS YEAR"]
make([%q(Asian Religions in America; Asian American Religions (AMSTUD 281, ASNAMST 281, RELIGST 281)), %q(381), %q(4), %q(4)]).includes ["NOT GIVEN THIS YEAR"]
make([%q(King Solomon and the Search for Wisdom (RELIGST 282)), %q(382), %q(4), %q(4)]).includes ["NOT GIVEN THIS YEAR"]
make([%q(Heidegger, Hölderlin, and the Gods (RELIGST 283A)), %q(383A), %q(3), %q(5)]).includes ["NOT GIVEN THIS YEAR"]
make([%q(Research in Buddhist Studies), %q(385), %q(1), %q(15)]).includes ["AUT", "WIN", "SPR", "SUM"]
make([%q(Research in Islamic Studies), %q(386), %q(1), %q(15)]).includes ["AUT", "WIN", "SPR", "SUM"]
make([%q(Research in Jewish Studies), %q(387), %q(1), %q(15)]).includes ["AUT", "WIN", "SPR", "SUM"]
make([%q(Research in Modern Religious Thought, Ethics, and Philosophy), %q(388), %q(1), %q(15)]).includes ["AUT", "WIN", "SPR", "SUM"]
make([%q(Individual Work for Graduate Students), %q(389), %q(1), %q(15)]).includes ["AUT", "WIN", "SPR", "SUM"]
make([%q(Teaching Internship), %q(390), %q(3), %q(5)]).includes ["AUT", "WIN", "SPR"]
make([%q(Teaching Religious Studies), %q(391), %q(3), %q(3)]).includes ["NOT GIVEN THIS YEAR"]
make([%q(Paper in the Field), %q(392), %q(1), %q(15)]).includes ["AUT", "WIN", "SPR"]
make([%q(Master of Arts Thesis), %q(395), %q(2), %q(9)]).includes ["AUT", "WIN", "SPR"]
make([%q(Recent Works in Religious Studies), %q(399), %q(1), %q(2)]).includes ["NOT GIVEN THIS YEAR"]
make([%q(TGR Project), %q(801), %q(0), %q(0)]).includes ["AUT", "WIN", "SPR"]
make([%q(TGR Dissertation), %q(802), %q(0), %q(0)]).includes ["AUT", "WIN", "SPR", "SUM"]
