make([%q(MANAGING GROUPS AND TEAMS), %q(205), %q(1), %q(1)]).includes []
make([%q(ORGANIZATIONAL BEHAVIOR), %q(206), %q(2), %q(2)]).includes []
make([%q(LEADERSHIP LABORATORY), %q(209), %q(2), %q(2)]).includes []
make([%q(MSX: ORGANIZATIONAL DESIGN), %q(219), %q(2), %q(2)]).includes []
make([%q(SLOAN: HIGH PERFORMANCE LEADERSHIP), %q(259), %q(4), %q(4)]).includes []
make([%q(MSX: ORGANIZATIONAL BEHAVIOR), %q(278), %q(2), %q(2)]).includes []
make([%q(MSX: NEGOTIATIONS), %q(289), %q(2), %q(2)]).includes []
make([%q(NETWORKS), %q(322), %q(4), %q(4)]).includes []
make([%q(LEADERSHIP FELLOWS I), %q(330), %q(4), %q(4)]).includes []
make([%q(LEADERSHIP FELLOWS II), %q(331), %q(4), %q(4)]).includes []
make([%q(ACTING WITH POWER), %q(333), %q(3), %q(3)]).includes []
make([%q(INSIGHT TO OUTCOME), %q(336), %q(4), %q(4)]).includes []
make([%q(SCALING UP EXCELLENCE IN ORGANIZATIONS), %q(343), %q(4), %q(4)]).includes []
make([%q(LEADERSHIP COACHING AND MENTORING), %q(362), %q(3), %q(3)]).includes []
make([%q(LEADERSHIP PERSPECTIVES), %q(363), %q(4), %q(4)]).includes []
make([%q(HOW TO MAKE IDEAS STICK), %q(368), %q(4), %q(4)]).includes []
make([%q(HIGH-PERFORMANCE LEADERSHIP), %q(372), %q(4), %q(4)]).includes []
make([%q(INTERPERSONAL DYNAMICS), %q(374), %q(5), %q(5)]).includes []
make([%q(THE PATHS TO POWER), %q(377), %q(4), %q(4)]).includes []
make([%q(CONFLICT MANAGEMENT AND NEGOTIATION), %q(381), %q(3), %q(3)]).includes []
make([%q(LIVES OF CONSEQUENCE: HOW INDIVIDUALS DISCOVER PATHS TO MEANINGFUL ENGAGEMENT), %q(383), %q(3), %q(3)]).includes []
make([%q(LEADING SOCIAL CHANGE: EDUCATIONAL AND SOCIAL ENTREPRENEURSHIP (EDUC 321X)), %q(385), %q(4), %q(4)]).includes ["NOT GIVEN THIS YEAR"]
make([%q(REDESIGNING WORK FOR 21ST CENTURY MEN AND WOMEN), %q(387), %q(4), %q(4)]).includes []
make([%q(LEADERSHIP IN THE ENTERTAINMENT INDUSTRY), %q(388), %q(3), %q(3)]).includes []
make([%q(LEADERSHIP COACHING AND MENTORING II), %q(392), %q(3), %q(3)]).includes []
make([%q(LEADERSHIP IN DIVERSE ORGANIZATIONS), %q(393), %q(4), %q(4)]).includes ["AUT"]
make([%q(GAMES AND DECISIONS), %q(503), %q(1), %q(1)]).includes []
make([%q(CULTURE & ORGANIZATIONS), %q(504), %q(1), %q(1)]).includes []
make([%q(MANAGING SOCIAL NETWORKS IN ORGANIZATIONS), %q(522), %q(2), %q(2)]).includes []
make([%q(ADVANCED TOPICS IN TEAMS), %q(537), %q(2), %q(2)]).includes []
make([%q(HOW TO CHANGE THINGS WHEN CHANGE IS HARD), %q(541), %q(2), %q(2)]).includes []
make([%q(SCALING CHANGE), %q(543), %q(2), %q(2)]).includes []
make([%q(THE QUEST FOR HAPPINESS: EXPLORING THE PSYCHOLOGY OF HUMAN FULFILLMENT), %q(552), %q(2), %q(2)]).includes []
make([%q(MASTERING LIFE'S MOMENTS: THE CHALLENGE OF OPTIMIZING YOUR EXPERIENCE), %q(555), %q(1), %q(1)]).includes []
make([%q(HOW TO MAKE IDEAS STICK), %q(568), %q(2), %q(2)]).includes []
make([%q(STRATEGY AND MANAGEMENT IN DEVELOPING ECONOMIES), %q(569), %q(2), %q(2)]).includes []
make([%q(DIVERSITY, DYNAMICS, AND INFLUENCE), %q(571), %q(2), %q(2)]).includes []
make([%q(HIGH PERFORMANCE LEADERSHIP FOR FAMILY BUSINESS LEADERS), %q(572), %q(2), %q(2)]).includes []
make([%q(INTERPERSONAL DYNAMICS AT WORK), %q(574), %q(2), %q(2)]).includes []
make([%q(NEGOTIATIONS), %q(581), %q(2), %q(2)]).includes []
make([%q(LEADING SOCIAL CHANGE: EDUCATIONAL AND SOCIAL ENTREPRENEURSHIP), %q(582), %q(2), %q(2)]).includes []
make([%q(ORGANIZATIONAL LEARNING), %q(586), %q(2), %q(2)]).includes []
make([%q(ADVANCED NEGOTIATION), %q(591), %q(1), %q(1)]).includes []
make([%q(LEADERSHIP IN DIVERSE ORGANIZATIONS), %q(593), %q(2), %q(2)]).includes []
make([%q(ORGANIZATIONAL ECOLOGY (SOC 366A)), %q(601), %q(4), %q(4)]).includes ["SPR"]
make([%q(TOPICS IN SOCIAL NETWORK ANALYSIS: STRUCTURE AND DYNAMICS), %q(622), %q(2), %q(2)]).includes []
make([%q(STRATIFICATION IN ORGANIZATIONS), %q(623), %q(2), %q(2)]).includes []
make([%q(ECONOMIC DEVELOPMENT AND ECONOMIC SOCIOLOGY), %q(625), %q(4), %q(4)]).includes []
make([%q(STRATEGY AND ORGANIZATIONS), %q(626), %q(2), %q(2)]).includes []
make([%q(SOCIAL NORMS (PSYCH 223)), %q(630), %q(3), %q(3)]).includes ["WIN"]
make([%q(SOCIAL MOVEMENTS AND ORGANZIATIONS), %q(635), %q(4), %q(4)]).includes []
make([%q(STATISTICAL METHODS FOR BEHAVIORAL AND SOCIAL SCIENCES), %q(652), %q(5), %q(5)]).includes []
make([%q(CATEGORIES IN MARKETS), %q(653), %q(4), %q(4)]).includes []
make([%q(DESIGNING SOCIAL RESEARCH), %q(670), %q(3), %q(3)]).includes []
make([%q(SOCIAL PSYCHOLOGY OF ORGANIZATIONS), %q(671), %q(3), %q(3)]).includes []
make([%q(ORGANIZATION AND ENVIRONMENT), %q(672), %q(3), %q(3)]).includes []
make([%q(PERSPECTIVES ON THE SOCIAL PSYCHOLOGY OF ORGANIZATIONS), %q(673), %q(3), %q(3)]).includes []
make([%q(PERSPECTIVES ON ORGANIZATION AND ENVIRONMENT: SOCIAL MOVEMENT ORGANIZATIONS AND ENVIRONMENTS), %q(674), %q(3), %q(3)]).includes []
make([%q(MICRO RESEARCH METHODS), %q(675), %q(3), %q(3)]).includes []
make([%q(SOCIAL AND POLITICAL PROCESSES IN ORGANIZATIONS), %q(676), %q(4), %q(4)]).includes []
make([%q(THE DESIGN AND PROCESS OF EXPERIMENTAL RESEARCH), %q(678), %q(2), %q(2)]).includes []
make([%q(WORK AND EMPLOYMENT IN ORGANIZATIONS), %q(679), %q(2), %q(2)]).includes []
make([%q(MODELS OF SOCIAL DYNAMICS), %q(683), %q(4), %q(4)]).includes []
make([%q(ORGANIZATIONS IN COMPETITION), %q(690), %q(3), %q(3)]).includes []
make([%q(PHD DIRECTED READING (ACCT 691, FINANCE 691, GSBGEN 691, HRMGT 691, MGTECON 691, MKTG 691, OIT 691, POLECON 691, STRAMGT 691)), %q(691), %q(1), %q(15)]).includes []
make([%q(PHD DISSERTATION RESEARCH (ACCT 692, FINANCE 692, GSBGEN 692, HRMGT 692, MGTECON 692, MKTG 692, OIT 692, POLECON 692, STRAMGT 692)), %q(692), %q(1), %q(15)]).includes []
make([%q(TGR DISSERTATION (ACCT 802, FINANCE 802, GSBGEN 802, HRMGT 802, MGTECON 802, MKTG 802, OIT 802, POLECON 802, STRAMGT 802)), %q(802), %q(0), %q(0)]).includes []
