make([%q(PLANT BIOLOGY, EVOLUTION, AND ECOLOGY), %q(43), %q(5), %q(5)]).includes ["SPR"]
make([%q(CORE LABORATORY IN PLANT BIOLOGY, ECOLOGY AND EVOLUTION), %q(44Y), %q(5), %q(5)]).includes ["SPR"]
make([%q(ECOLOGICAL MECHANICS (BIOHOPK 250H)), %q(150H), %q(2), %q(2)]).includes ["WIN"]
make([%q(ECOLOGICAL MECHANICS (BIOHOPK 251H)), %q(151H), %q(2), %q(2)]).includes ["SPR"]
make([%q(PHYSIOLOGY OF GLOBAL CHANGE (BIOHOPK 252H)), %q(152H), %q(2), %q(2)]).includes ["SPR"]
make([%q(CURRENT TOPICS AND CONCEPTS IN QUANTITATIVE FISH DYNAMICS AND FISHERIES MANAGEMENT (BIOHOPK 253H)), %q(153H), %q(1), %q(1)]).includes ["SPR"]
make([%q(DEVELOPMENTAL BIOLOGY IN THE OCEAN: DIVERSE EMBRYONIC & LARVAL STRATEGIES OF MARINE INVERTEBRATES (BIOHOPK 260H)), %q(160H), %q(5), %q(8)]).includes ["SPR"]
make([%q(INVERTEBRATE ZOOLOGY (BIOHOPK 261H)), %q(161H), %q(5), %q(5)]).includes ["WIN"]
make([%q(COMPARATIVE ANIMAL PHYSIOLOGY (BIOHOPK 262H)), %q(162H), %q(5), %q(5)]).includes ["ALTERNATE YEARS", "GIVEN NEXT YEAR"]
make([%q(OCEANIC BIOLOGY (BIOHOPK 263H)), %q(163H), %q(4), %q(4)]).includes ["WIN"]
make([%q(THE EXTREME LIFE OF THE SEA (BIOHOPK 265H)), %q(165H), %q(3), %q(3)]).includes ["NOT GIVEN THIS YEAR"]
make([%q(MOLECULAR ECOLOGY (BIOHOPK 266H)), %q(166H), %q(5), %q(5)]).includes ["WIN"]
make([%q(NERVE, MUSCLE, AND SYNAPSE (BIOHOPK 267H)), %q(167H), %q(5), %q(5)]).includes ["NOT GIVEN THIS YEAR"]
make([%q(MARINE ECOLOGY (BIOHOPK 272H)), %q(172H), %q(5), %q(5)]).includes ["WIN"]
make([%q(MARINE CONSERVATION BIOLOGY (BIOHOPK 273H)), %q(173H), %q(4), %q(4)]).includes ["SPR"]
make([%q(EXPERIMENTAL DESIGN AND PROBABILITY (BIOHOPK 274H)), %q(174H), %q(3), %q(3)]).includes ["SPR"]
make([%q(DYNAMICS AND MANAGEMENT OF  MARINE POPULATIONS (BIOHOPK 277H)), %q(177H), %q(4), %q(4)]).includes ["WIN"]
make([%q(AIR AND WATER (BIOHOPK 280H)), %q(180H), %q(3), %q(3)]).includes ["AUT"]
make([%q(STANFORD AT SEA (BIOHOPK 323H, EARTHSYS 323, EESS 323)), %q(182H), %q(16), %q(16)]).includes ["ALTERNATE YEARS", "GIVEN NEXT YEAR"]
make([%q(HOLISTIC BIOLOGY (BIOHOPK 284H)), %q(184H), %q(16), %q(16)]).includes ["NOT GIVEN THIS YEAR"]
make([%q(ECOLOGY AND CONSERVATION OF KELP FOREST COMMUNITIES (BIOHOPK 285H)), %q(185H), %q(10), %q(12)]).includes ["SUM"]
make([%q(SENSORY ECOLOGY (BIOHOPK 287H)), %q(187H), %q(4), %q(4)]).includes ["WIN"]
make([%q(SUSTAINABILITY AND MARINE ECOSYSTEMS (BIOHOPK 289H)), %q(189H), %q(3), %q(3)]).includes ["ALTERNATE YEARS", "GIVEN NEXT YEAR"]
make([%q(DIRECTED INSTRUCTION OR READING), %q(198H), %q(1), %q(15)]).includes ["AUT", "WIN", "SPR", "SUM"]
make([%q(UNDERGRADUATE RESEARCH), %q(199H), %q(1), %q(15)]).includes ["AUT", "WIN", "SPR", "SUM"]
make([%q(ECOLOGICAL MECHANICS (BIOHOPK 150H)), %q(250H), %q(2), %q(2)]).includes ["WIN"]
make([%q(ECOLOGICAL MECHANICS (BIOHOPK 151H)), %q(251H), %q(2), %q(2)]).includes ["SPR"]
make([%q(PHYSIOLOGY OF GLOBAL CHANGE (BIOHOPK 152H)), %q(252H), %q(2), %q(2)]).includes ["SPR"]
make([%q(CURRENT TOPICS AND CONCEPTS IN QUANTITATIVE FISH DYNAMICS AND FISHERIES MANAGEMENT (BIOHOPK 153H)), %q(253H), %q(1), %q(1)]).includes ["SPR"]
make([%q(DEVELOPMENTAL BIOLOGY IN THE OCEAN: DIVERSE EMBRYONIC & LARVAL STRATEGIES OF MARINE INVERTEBRATES (BIOHOPK 160H)), %q(260H), %q(5), %q(8)]).includes ["SPR"]
make([%q(INVERTEBRATE ZOOLOGY (BIOHOPK 161H)), %q(261H), %q(5), %q(5)]).includes ["WIN"]
make([%q(COMPARATIVE ANIMAL PHYSIOLOGY (BIOHOPK 162H)), %q(262H), %q(5), %q(5)]).includes ["ALTERNATE YEARS", "GIVEN NEXT YEAR"]
make([%q(OCEANIC BIOLOGY (BIOHOPK 163H)), %q(263H), %q(4), %q(4)]).includes ["WIN"]
make([%q(POPULATION GENOMICS), %q(264H), %q(1), %q(2)]).includes ["NOT GIVEN THIS YEAR"]
make([%q(THE EXTREME LIFE OF THE SEA (BIOHOPK 165H)), %q(265H), %q(3), %q(3)]).includes ["NOT GIVEN THIS YEAR"]
make([%q(MOLECULAR ECOLOGY (BIOHOPK 166H)), %q(266H), %q(5), %q(5)]).includes ["WIN"]
make([%q(NERVE, MUSCLE, AND SYNAPSE (BIOHOPK 167H)), %q(267H), %q(5), %q(5)]).includes ["NOT GIVEN THIS YEAR"]
make([%q(MARINE ECOLOGY (BIOHOPK 172H)), %q(272H), %q(5), %q(5)]).includes ["WIN"]
make([%q(MARINE CONSERVATION BIOLOGY (BIOHOPK 173H)), %q(273H), %q(4), %q(4)]).includes ["SPR"]
make([%q(HOPKINS MICROBIOLOGY COURSE (BIO 274S, CEE 274S, EESS 253S)), %q(274), %q(3), %q(12)]).includes ["NOT GIVEN THIS YEAR"]
make([%q(EXPERIMENTAL DESIGN AND PROBABILITY (BIOHOPK 174H)), %q(274H), %q(3), %q(3)]).includes ["SPR"]
make([%q(SYNTHESIS IN ECOLOGY), %q(275H), %q(2), %q(2)]).includes ["GIVEN NEXT YEAR"]
make([%q(ESTIMATES AND ERRORS: THE THEORY OF SCIENTIFIC MEASUREMENT), %q(276H), %q(3), %q(3)]).includes ["AUT"]
make([%q(DYNAMICS AND MANAGEMENT OF  MARINE POPULATIONS (BIOHOPK 177H)), %q(277H), %q(4), %q(4)]).includes ["WIN"]
make([%q(SHORT COURSE ON OCEAN POLICY), %q(280), %q(3), %q(3)]).includes ["GIVEN NEXT YEAR"]
make([%q(AIR AND WATER (BIOHOPK 180H)), %q(280H), %q(3), %q(3)]).includes ["AUT"]
make([%q(HOLISTIC BIOLOGY (BIOHOPK 184H)), %q(284H), %q(16), %q(16)]).includes ["NOT GIVEN THIS YEAR"]
make([%q(ECOLOGY AND CONSERVATION OF KELP FOREST COMMUNITIES (BIOHOPK 185H)), %q(285H), %q(10), %q(12)]).includes ["SUM"]
make([%q(SENSORY ECOLOGY (BIOHOPK 187H)), %q(287H), %q(4), %q(4)]).includes ["WIN"]
make([%q(SUSTAINABILITY AND MARINE ECOSYSTEMS (BIOHOPK 189H)), %q(289H), %q(3), %q(3)]).includes ["ALTERNATE YEARS", "GIVEN NEXT YEAR"]
make([%q(TEACHING OF BIOLOGICAL SCIENCE), %q(290H), %q(1), %q(15)]).includes ["WIN", "SPR", "SUM"]
make([%q(RESEARCH), %q(300H), %q(1), %q(15)]).includes ["AUT", "WIN", "SPR", "SUM"]
make([%q(STANFORD AT SEA (BIOHOPK 182H, EARTHSYS 323, EESS 323)), %q(323H), %q(16), %q(16)]).includes ["ALTERNATE YEARS", "GIVEN NEXT YEAR"]
make([%q(TGR PROJECT), %q(801H), %q(0), %q(0)]).includes ["AUT", "WIN", "SPR", "SUM"]
make([%q(TGR DISSERTATION), %q(802H), %q(0), %q(0)]).includes ["AUT", "WIN", "SPR", "SUM"]
