make([%q(MAKING SENSE OF STRATEGY), %q(110Q), %q(3), %q(3)]).includes ["WIN"]
make([%q(STRATEGIC LEADERSHIP), %q(207), %q(3), %q(3)]).includes []
make([%q(LEADERSHIP LABORATORY), %q(209), %q(1), %q(1)]).includes []
make([%q(MANAGERIAL SKILLS), %q(210), %q(1), %q(1)]).includes []
make([%q(SLOAN: STRATEGIC LEADERSHIP), %q(257), %q(2), %q(2)]).includes []
make([%q(MSX: GENERATIVE LEADERSHIP), %q(259), %q(2), %q(2)]).includes []
make([%q(MSX: GLOBAL STRATEGIC MANAGEMENT), %q(279), %q(4), %q(4)]).includes []
make([%q(THE NEW BUSINESS IDEAS WORKSHOP), %q(313), %q(4), %q(4)]).includes []
make([%q(FROM LAUNCH TO LIQUIDITY), %q(315), %q(4), %q(4)]).includes []
make([%q(CREATE A NEW VENTURE: FROM IDEA TO LAUNCH I), %q(321), %q(4), %q(4)]).includes []
make([%q(CREATE A NEW VENTURE: FROM IDEA TO LAUNCH II), %q(322), %q(4), %q(4)]).includes []
make([%q(ACHIEVING SOCIAL IMPACT), %q(341), %q(4), %q(4)]).includes []
make([%q(CREATING AND MANAGING VERY EARLY STAGE VENTURES), %q(348), %q(4), %q(4)]).includes []
make([%q(GLOBAL VALUE CHAIN STRATEGIES), %q(350), %q(4), %q(4)]).includes []
make([%q(BUILDING AND MANAGING PROFESSIONAL SALES ORGANIZATIONS), %q(351), %q(4), %q(4)]).includes []
make([%q(ENTREPRENEURSHIP: FORMATION OF NEW VENTURES), %q(353), %q(4), %q(4)]).includes []
make([%q(ENTREPRENEURSHIP AND VENTURE CAPITAL), %q(354), %q(4), %q(4)]).includes []
make([%q(MANAGING GROWING ENTERPRISES), %q(355), %q(4), %q(4)]).includes []
make([%q(THE STARTUP GARAGE: DESIGN), %q(356), %q(4), %q(4)]).includes []
make([%q(ALIGNING START-UPS WITH THEIR MARKET), %q(359), %q(4), %q(4)]).includes []
make([%q(STRATEGIC DECISION MAKING), %q(365), %q(4), %q(4)]).includes []
make([%q(THE STARTUP GARAGE: TESTING AND LAUNCH), %q(366), %q(4), %q(4)]).includes []
make([%q(SOCIAL ENTREPRENEURSHIP AND SOCIAL INNOVATION), %q(367), %q(3), %q(3)]).includes []
make([%q(STRATEGIC MANAGEMENT OF NONPROFIT ORGANIZATIONS AND SOCIAL VENTURES), %q(368), %q(4), %q(4)]).includes []
make([%q(SOCIAL ENTREPRENEURSHIP), %q(369), %q(4), %q(4)]).includes []
make([%q(STRATEGIC MANAGEMENT OF TECHNOLOGY AND INNOVATION), %q(371), %q(4), %q(4)]).includes []
make([%q(STRATEGIC THINKING IN ACTION --- IN BUSINESS AND BEYOND), %q(373), %q(4), %q(4)]).includes []
make([%q(ENTREPRENEUR LEADER-IDENTITY DEVELOPMENT: A CRITICAL-INCIDENT APPROACH), %q(376), %q(4), %q(4)]).includes []
make([%q(STRATEGIC LEADERSHIP OF NONPROFITS (EDUC 377D)), %q(378), %q(4), %q(4)]).includes ["NOT GIVEN THIS YEAR"]
make([%q(LEADING STRATEGIC CHANGE IN THE HEALTH CARE INDUSTRY), %q(381), %q(3), %q(3)]).includes []
make([%q(ENTREPRENEURSHIP FROM THE PERSPECTIVE OF WOMEN), %q(508), %q(2), %q(2)]).includes []
make([%q(THE YIN AND YANG OF FAMILY BUSINESS TRANSITIONS), %q(512), %q(2), %q(2)]).includes []
make([%q(NEW VENTURE PITCH WORKSHOP), %q(513), %q(2), %q(2)]).includes []
make([%q(THE IMPROVISATIONAL ENTREPRENEUR), %q(514), %q(1), %q(1)]).includes []
make([%q(FUNDAMENTALS OF EFFECTIVE SELLING), %q(516), %q(2), %q(2)]).includes []
make([%q(STRATEGY IMPLEMENTATION), %q(524), %q(2), %q(2)]).includes []
make([%q(MANAGING TO OUTCOMES IN GOVERNMENT, EDUCATION, AND NONPROFIT ORGANIZATIONS), %q(526), %q(2), %q(2)]).includes []
make([%q(ENTREPRENEURIAL APPROACHES TO EDUCATION REFORM), %q(535), %q(2), %q(2)]).includes []
make([%q(LEADING CHANGE IN PUBLIC EDUCATION), %q(537), %q(2), %q(2)]).includes []
make([%q(ENTREPRENEURIAL INVESTING IN HEALTH CARE), %q(542), %q(1), %q(1)]).includes []
make([%q(ENTREPRENEURIAL ACQUISITION), %q(543), %q(2), %q(2)]).includes []
make([%q(SMALL BUSINESS STRATEGY), %q(546), %q(1), %q(1)]).includes []
make([%q(ANGEL AND VENTURE CAPITAL:  FINANCING AND DECISION-MAKING), %q(552), %q(1), %q(1)]).includes []
make([%q(ENTREPRENEURSHIP AND VENTURE CAPITAL), %q(554), %q(2), %q(2)]).includes []
make([%q(INTELLECTUAL PROPERTY: FINANCIAL AND STRATEGIC MANAGEMENT), %q(562), %q(1), %q(1)]).includes []
make([%q(STRATEGIC DECISION MAKING), %q(565), %q(2), %q(2)]).includes []
make([%q(SOCIAL ENTREPRENEURSHIP AND SOCIAL INNOVATION), %q(567), %q(2), %q(2)]).includes []
make([%q(STRATEGIC THINKING IN ACTION - IN BUSINESS & BEYOND: EVOLUTION OF THE GLOBAL SEMICONDUCTOR INDUSTRY), %q(573), %q(2), %q(2)]).includes []
make([%q(STRATEGIC THINKING IN ACTION - IN BUSINESS AND BEYOND (II)), %q(574), %q(2), %q(2)]).includes []
make([%q(STRATEGIC INTERACTIONS), %q(577), %q(1), %q(1)]).includes []
make([%q(THE CHALLENGES IN/WITH CHINA), %q(583), %q(2), %q(2)]).includes []
make([%q(NEW BUSINESS MODELS IN THE DEVELOPING WORLD), %q(584), %q(2), %q(2)]).includes []
make([%q(INTERNATIONAL BUSINESS), %q(585), %q(2), %q(2)]).includes []
make([%q(NEW WORLD GLOBAL BUSINESS), %q(586), %q(2), %q(2)]).includes []
make([%q(STRATEGY AND MANAGEMENT IN DEVELOPING ECONOMIES), %q(587), %q(1), %q(1)]).includes []
make([%q(PHD DIRECTED READING (ACCT 691, FINANCE 691, GSBGEN 691, HRMGT 691, MGTECON 691, MKTG 691, OB 691, OIT 691, POLECON 691)), %q(691), %q(1), %q(15)]).includes []
make([%q(PHD DISSERTATION RESEARCH (ACCT 692, FINANCE 692, GSBGEN 692, HRMGT 692, MGTECON 692, MKTG 692, OB 692, OIT 692, POLECON 692)), %q(692), %q(1), %q(15)]).includes []
make([%q(TGR DISSERTATION (ACCT 802, FINANCE 802, GSBGEN 802, HRMGT 802, MGTECON 802, MKTG 802, OB 802, OIT 802, POLECON 802)), %q(802), %q(0), %q(0)]).includes []
