make([%q(VIRTUAL TO REAL: FUNDAMENTALS OF HUMAN ANATOMY), %q(60Q), %q(3), %q(3)]).includes ["SPR"]
make([%q(CURRENT CONCEPTS IN TRANSPLANTATION), %q(68Q), %q(3), %q(3)]).includes ["SPR"]
make([%q(SURGICAL ANATOMY OF THE HAND: FROM RODIN TO RECONSTRUCTION), %q(70Q), %q(2), %q(2)]).includes ["WIN"]
make([%q(PROCEDURAL ANATOMY), %q(71Q), %q(3), %q(3)]).includes ["NOT GIVEN THIS YEAR"]
make([%q(ANATOMY IN SOCIETY), %q(72Q), %q(3), %q(3)]).includes ["WIN"]
make([%q(REGIONAL STUDY OF HUMAN STRUCTURE), %q(101), %q(5), %q(5)]).includes ["WIN"]
make([%q(HEAD AND NECK ANATOMY), %q(101A), %q(3), %q(3)]).includes ["SPR"]
make([%q(BASIC CARDIAC LIFE SUPPORT FOR UNDERGRADUATES), %q(110), %q(1), %q(1)]).includes ["AUT", "WIN", "SPR"]
make([%q(EMERGENCY MEDICAL TECHNICIAN TRAINING (SURG 211A)), %q(111A), %q(3), %q(4)]).includes ["AUT"]
make([%q(EMERGENCY MEDICAL TECHNICIAN TRAINING (SURG 211B)), %q(111B), %q(3), %q(4)]).includes ["WIN"]
make([%q(EMERGENCY MEDICAL TECHNICIAN TRAINING (SURG 211C)), %q(111C), %q(3), %q(4)]).includes ["SPR"]
make([%q(ADVANCED TRAINING AND TEACHING FOR THE EMT (SURG 212A)), %q(112A), %q(2), %q(3)]).includes ["AUT"]
make([%q(ADVANCED TRAINING AND TEACHING FOR THE EMT (SURG 212B)), %q(112B), %q(2), %q(3)]).includes ["WIN"]
make([%q(ADVANCED TRAINING AND TEACHING FOR THE EMT (SURG 212C)), %q(112C), %q(2), %q(3)]).includes ["SPR"]
make([%q(GLOBAL HUMANITARIAN MEDICINE (SURG 250)), %q(150), %q(1), %q(1)]).includes ["SPR"]
make([%q(UNDERGRADUATE RESEARCH), %q(199), %q(1), %q(18)]).includes ["AUT", "WIN", "SPR", "SUM"]
make([%q(BASIC CARDIAC LIFE SUPPORT FOR HEALTHCARE PROFESSIONALS), %q(201), %q(1), %q(1)]).includes ["AUT"]
make([%q(CLINICAL ANATOMY), %q(203A), %q(11), %q(11)]).includes ["AUT"]
make([%q(CLINICAL ANATOMY), %q(203B), %q(4), %q(4)]).includes ["WIN"]
make([%q(INTRODUCTION TO SURGERY), %q(204), %q(1), %q(1)]).includes ["AUT"]
make([%q(ADVANCED SUTURING TECHNIQUES), %q(205), %q(1), %q(1)]).includes ["AUT"]
make([%q(PLASTIC SURGERY TUTORIAL), %q(208), %q(2), %q(2)]).includes ["AUT", "WIN", "SPR", "SUM"]
make([%q(PLASTIC SURGERY), %q(209), %q(1), %q(18)]).includes ["AUT", "WIN", "SPR", "SUM"]
make([%q(MANAGING EMERGENCIES: WHAT EVERY DOCTOR SHOULD KNOW), %q(210), %q(1), %q(2)]).includes ["SPR"]
make([%q(EMERGENCY MEDICAL TECHNICIAN TRAINING (SURG 111A)), %q(211A), %q(3), %q(4)]).includes ["AUT"]
make([%q(EMERGENCY MEDICAL TECHNICIAN TRAINING (SURG 111B)), %q(211B), %q(3), %q(4)]).includes ["WIN"]
make([%q(EMERGENCY MEDICAL TECHNICIAN TRAINING (SURG 111C)), %q(211C), %q(3), %q(4)]).includes ["SPR"]
make([%q(ADVANCED TRAINING AND TEACHING FOR THE EMT (SURG 112A)), %q(212A), %q(2), %q(3)]).includes ["AUT"]
make([%q(ADVANCED TRAINING AND TEACHING FOR THE EMT (SURG 112B)), %q(212B), %q(2), %q(3)]).includes ["WIN"]
make([%q(ADVANCED TRAINING AND TEACHING FOR THE EMT (SURG 112C)), %q(212C), %q(2), %q(3)]).includes ["SPR"]
make([%q(EMERGENCY MEDICINE: INTRODUCTION), %q(220), %q(1), %q(2)]).includes ["AUT"]
make([%q(BIOSECURITY AND BIOTERRORISM RESPONSE (PUBLPOL 222)), %q(222), %q(2), %q(5)]).includes ["SPR"]
make([%q(WILDERNESS MEDICINE), %q(223), %q(2), %q(3)]).includes ["SPR"]
make([%q(WILDERNESS FIRST AID), %q(224), %q(2), %q(2)]).includes ["AUT", "WIN", "SPR"]
make([%q(WILDERNESS FIRST RESPONDER), %q(226), %q(4), %q(4)]).includes ["AUT", "WIN", "SPR"]
make([%q(OBESITY IN AMERICA), %q(230), %q(1), %q(1)]).includes ["WIN"]
make([%q(HEALTHCARE IN HAITI AND OTHER RESOURCE POOR COUNTRIES), %q(231), %q(1), %q(1)]).includes ["SPR"]
make([%q(SOCIAL EMERGENCY MEDICINE AND SERVICE LEARNING), %q(232), %q(2), %q(3)]).includes ["AUT", "WIN", "SPR"]
make([%q(ART AND ANATOMY STUDIO), %q(242), %q(1), %q(1)]).includes ["SPR"]
make([%q(GLOBAL HUMANITARIAN MEDICINE (SURG 150)), %q(250), %q(1), %q(1)]).includes ["SPR"]
make([%q(IMAGING ANATOMY), %q(251), %q(1), %q(1)]).includes ["AUT"]
make([%q(IMAGING ANATOMY (HEAD & NECK) II), %q(251B), %q(1), %q(1)]).includes ["WIN"]
make([%q(BEDSIDE ANATOMY), %q(252), %q(1), %q(1)]).includes ["WIN"]
make([%q(TOPICS IN SIMULATION OF HUMAN PHYSIOLOGY & ANATOMICAL SYSTEMS (CME 520)), %q(253), %q(1), %q(1)]).includes ["NOT GIVEN THIS YEAR"]
make([%q(TOPICS IN SIMULATION OF HUMAN PHYSIOLOGICAL AND ANATOMICAL SYSTEMS), %q(253), %q(1), %q(1)]).includes ["WIN"]
make([%q(OPERATIVE ANATOMY AND TECHNIQUES), %q(254), %q(1), %q(1)]).includes ["WIN"]
make([%q(EARLY CLINICAL EXPERIENCE IN SURGERY), %q(280), %q(1), %q(2)]).includes ["AUT", "WIN", "SPR", "SUM"]
make([%q(3D BIOMEDICAL VISUALIZATION: TECHNIQUES, METHODS, AND APPLICATIONS), %q(290), %q(1), %q(1)]).includes ["NOT GIVEN THIS YEAR"]
make([%q(INDIVIDUAL WORK: HUMAN ANATOMY), %q(296), %q(1), %q(18)]).includes ["AUT", "WIN", "SPR", "SUM"]
make([%q(DIRECTED READING IN SURGERY), %q(299), %q(1), %q(18)]).includes ["AUT", "WIN", "SPR", "SUM"]
make([%q(MEDICAL SCHOLARS RESEARCH), %q(370), %q(4), %q(18)]).includes ["AUT", "WIN", "SPR", "SUM"]
make([%q(GRADUATE RESEARCH), %q(399), %q(1), %q(18)]).includes ["AUT", "WIN", "SPR", "SUM"]
