make([%q(Accelerated Second-Year Spanish, Part I: Chilean Emphasis), %q(12S), %q(5), %q(5)]).includes ["AUT", "SPR", "SUM"]
make([%q(Accelerated Second-Year Spanish, Part II: Chilean Emphasis), %q(13S), %q(5), %q(5)]).includes ["AUT", "SPR", "SUM"]
make([%q(Women Writers of Latin America in the 20th Century), %q(14), %q(4), %q(5)]).includes ["AUT", "SPR"]
make([%q(Sustainable Cities: Comparative Transportation Systems in Latin America), %q(29), %q(4), %q(5)]).includes ["SPR"]
make([%q(Short Latin American Fiction of the 20th Century), %q(30), %q(4), %q(5)]).includes ["SUM"]
make([%q(The Chilean Energy System: 30 Years of Market Reforms), %q(31), %q(5), %q(5)]).includes ["SUM"]
make([%q(Global Work), %q(32), %q(4), %q(4)]).includes ["AUT"]
make([%q(Spanish Language Tutorial), %q(33), %q(2), %q(2)]).includes ["AUT", "SPR", "SUM"]
make([%q(Independent Study Topics), %q(34), %q(5), %q(5)]).includes ["SUM"]
make([%q(Independent Study in Organizational Behavior), %q(35), %q(2), %q(4)]).includes ["AUT"]
make([%q(Cultures of Disease and Medicine), %q(37), %q(5), %q(5)]).includes ["SPR"]
make([%q(INDEPENDENT STUDY OPTIONS), %q(39), %q(1), %q(2)]).includes ["SPR"]
make([%q(Academic Internship), %q(40), %q(2), %q(3)]).includes ["AUT", "SPR", "SUM"]
make([%q(Political Economy: Chile in Comparative Perspective), %q(41), %q(5), %q(5)]).includes ["SUM"]
make([%q(Environment, Economy and Society in Latin America, 1800's-Present), %q(55), %q(3), %q(5)]).includes ["SUM"]
make([%q(Living Chile: A Land of Extremes), %q(58), %q(5), %q(5)]).includes ["AUT", "SPR", "SUM"]
make([%q(Topics in Chilean History), %q(62), %q(4), %q(5)]).includes ["SUM"]
make([%q(The Emergence of Nations in Latin America), %q(68), %q(4), %q(5)]).includes ["AUT", "SPR"]
make([%q(Santiago: Urban Planning, Public Policy, and the Built Environment), %q(71), %q(4), %q(5)]).includes ["AUT", "SPR"]
make([%q(Marine Ecology of Chile and the South Pacific), %q(85), %q(5), %q(5)]).includes ["SPR"]
make([%q(Composition and Writing Workshop for Students in Santiago), %q(102S), %q(3), %q(5)]).includes ["AUT", "SPR", "SUM"]
make([%q(Modernization and its Discontents: Chilean Politics at the Turn of the Century), %q(116X), %q(5), %q(5)]).includes ["AUT"]
make([%q(Artistic Expression in Latin America), %q(118X), %q(5), %q(5)]).includes ["SUM"]
make([%q(The Chilean Economy: History, International Relations, and Development Strategies), %q(119X), %q(5), %q(5)]).includes ["SPR"]
make([%q(Latin America in the International System), %q(129X), %q(4), %q(5)]).includes ["SUM"]
make([%q(The Chilean Economy in Comparative Perspective), %q(130X), %q(5), %q(5)]).includes ["AUT"]
make([%q(Independent Project in Salmon Farming Data Analysis), %q(198B), %q(2), %q(4)]).includes ["SUM"]
