make([%q(INTRODUCTION TO GEOLOGY: THE PHYSICAL SCIENCE OF THE EARTH), %q(1A), %q(5), %q(5)]).includes ["SPR"]
make([%q(INTRODUCTION TO GEOLOGY: CALIFORNIA DESERT GEOLOGY), %q(1B), %q(4), %q(4)]).includes ["AUT"]
make([%q(INTRODUCTION TO GEOLOGY: DYNAMIC EARTH), %q(1C), %q(4), %q(4)]).includes ["NOT GIVEN THIS YEAR"]
make([%q(EVOLUTION AND EXTINCTION: INTRODUCTION TO HISTORICAL GEOLOGY (EARTHSYS 4)), %q(4), %q(4), %q(4)]).includes ["WIN"]
make([%q(LIVING ON THE EDGE), %q(5), %q(1), %q(1)]).includes ["AUT"]
make([%q(AN INTRODUCTION TO WILDERNESS SKILLS), %q(7A), %q(1), %q(1)]).includes ["AUT"]
make([%q(AN INTRODUCTION TO WILDERNESS SKILLS), %q(7B), %q(1), %q(1)]).includes ["WIN"]
make([%q(ADVANCED WILDERNESS SKILLS), %q(7C), %q(1), %q(1)]).includes ["SPR"]
make([%q(OCEANOGRAPHY: AN INTRODUCTION TO THE MARINE ENVIRONMENT), %q(8), %q(3), %q(3)]).includes ["SUM"]
make([%q(ENVIRONMENTAL AND GEOLOGICAL FIELD STUDIES IN THE ROCKY MOUNTAINS (EARTHSYS 12SC, EESS 12SC)), %q(12SC), %q(2), %q(2)]).includes ["SUM"]
make([%q(THE WORST JOURNEY IN THE WORLD: THE SCIENCE, LITERATURE, AND HISTORY OF POLAR EXPLORATION (EARTHSYS 38N, EESS 38N)), %q(38N), %q(3), %q(3)]).includes ["WIN"]
make([%q(FORENSIC GEOSCIENCE: STANFORD CSI), %q(39N), %q(3), %q(3)]).includes ["SPR"]
make([%q(DIAMONDS), %q(40N), %q(3), %q(3)]).includes ["NOT GIVEN THIS YEAR"]
make([%q(LANDSCAPES AND TECTONICS OF THE SAN FRANCISCO BAY AREA), %q(42N), %q(4), %q(4)]).includes ["AUT"]
make([%q(ENVIRONMENTAL PROBLEMS), %q(43Q), %q(3), %q(3)]).includes ["SPR"]
make([%q(THE COASTAL ZONE ENVIRONMENT), %q(50Q), %q(3), %q(3)]).includes ["NOT GIVEN THIS YEAR"]
make([%q(THE CALIFORNIA GOLD RUSH: GEOLOGIC BACKGROUND AND ENVIRONMENTAL IMPACT), %q(55Q), %q(3), %q(3)]).includes ["WIN"]
make([%q(INTRODUCTION TO GEOCHEMISTRY), %q(90), %q(3), %q(4)]).includes ["WIN"]
make([%q(ENVIRONMENTAL AND GEOLOGICAL FIELD STUDIES IN THE ROCKY MOUNTAINS (EARTHSYS 100, EESS 101)), %q(101), %q(3), %q(3)]).includes ["AUT"]
make([%q(EARTH MATERIALS: INTRODUCTION TO MINERALOGY), %q(102), %q(4), %q(4)]).includes ["AUT"]
make([%q(EARTH MATERIALS: ROCKS IN THIN SECTION), %q(103), %q(3), %q(3)]).includes ["WIN"]
make([%q(EARTH MATERIALS: INTRODUCTION TO PETROLOGY), %q(104), %q(4), %q(4)]).includes ["NOT GIVEN THIS YEAR"]
make([%q(INTRODUCTION TO FIELD METHODS), %q(105), %q(3), %q(3)]).includes ["SPR"]
make([%q(JOURNEY TO THE CENTER OF THE EARTH (GEOPHYS 184, GEOPHYS 274, GES 207)), %q(107), %q(3), %q(3)]).includes ["WIN"]
make([%q(STRUCTURAL GEOLOGY AND TECTONICS), %q(110), %q(3), %q(5)]).includes ["SPR"]
make([%q(FUNDAMENTALS OF STRUCTURAL GEOLOGY (CEE 195)), %q(111), %q(3), %q(3)]).includes ["WIN"]
make([%q(ENGINEERING GEOLOGY AND GLOBAL CHANGE (CEE 196)), %q(115), %q(3), %q(3)]).includes ["SPR"]
make([%q(UNDERSTANDING NATURAL HAZARDS, QUANTIFYING RISK, INCREASING RESILIENCE IN HIGHLY URBANIZED REGIONS (EESS 118, EESS 218, GEOPHYS 118, GEOPHYS 218, GES 218)), %q(118), %q(3), %q(3)]).includes ["WIN"]
make([%q(A SOLAR SYSTEM ODYSSEY: INTRODUCTION TO PLANETARY GEOLOGY), %q(119), %q(3), %q(3)]).includes ["NOT GIVEN THIS YEAR"]
make([%q(PLANETARY AND EARLY BIOLOGICAL EVOLUTION SEMINAR (GES 220)), %q(120), %q(2), %q(3)]).includes ["NOT GIVEN THIS YEAR"]
make([%q(WHAT MAKES A HABITABLE PLANET? (GES 221)), %q(121), %q(3), %q(3)]).includes ["ALTERNATE YEARS", "GIVEN NEXT YEAR"]
make([%q(PLANETARY SYSTEMS: DYNAMICS AND ORIGINS), %q(122), %q(3), %q(4)]).includes ["AUT"]
make([%q(PALEOBIOLOGY (EARTHSYS 122)), %q(123), %q(4), %q(4)]).includes ["ALTERNATE YEARS", "GIVEN NEXT YEAR"]
make([%q(SOIL PHYSICS AND HYDROLOGY), %q(130), %q(3), %q(3)]).includes ["NOT GIVEN THIS YEAR"]
make([%q(HYDROLOGICALLY-DRIVEN LANDSCAPE EVOLUTION), %q(131), %q(3), %q(3)]).includes ["NOT GIVEN THIS YEAR"]
make([%q(SENIOR SEMINAR: ISSUES IN EARTH SCIENCES (GEOPHYS 199)), %q(150), %q(3), %q(3)]).includes ["AUT"]
make([%q(SEDIMENTARY GEOLOGY AND PETROGRAPHY: DEPOSITIONAL SYSTEMS), %q(151), %q(4), %q(4)]).includes ["ALTERNATE YEARS", "GIVEN NEXT YEAR"]
make([%q(INTRODUCTION TO ISOTOPE GEOCHEMISTRY (GES 263)), %q(163), %q(3), %q(3)]).includes ["NOT GIVEN THIS YEAR"]
make([%q(ENVIRONMENTAL GEOCHEMISTRY (EARTHSYS 170, GES 270)), %q(170), %q(4), %q(4)]).includes ["WIN"]
make([%q(GEOCHEMICAL THERMODYNAMICS), %q(171), %q(3), %q(3)]).includes ["NOT GIVEN THIS YEAR"]
make([%q(IGNEOUS PROCESSES), %q(180), %q(4), %q(4)]).includes ["SPR"]
make([%q(METAMORPHIC PROCESSES), %q(181), %q(3), %q(5)]).includes ["NOT GIVEN THIS YEAR"]
make([%q(CALIFORNIA DESERT GEOLOGIC FIELD TRIP), %q(183), %q(1), %q(1)]).includes ["AUT"]
make([%q(FIELD SEMINAR ON EASTERN SIERRAN VOLCANISM), %q(184), %q(1), %q(1)]).includes ["SPR"]
make([%q(VOLCANOLOGY), %q(185), %q(3), %q(4)]).includes ["SPR"]
make([%q(RESEARCH IN THE FIELD), %q(190), %q(2), %q(2)]).includes ["AUT", "WIN", "SPR"]
make([%q(GES FIELD TRIPS (EARTHSCI 191)), %q(191), %q(1), %q(1)]).includes ["AUT", "WIN", "SPR", "SUM"]
make([%q(UNDERGRADUATE RESEARCH IN GEOLOGICAL AND ENVIRONMENTAL SCIENCES), %q(192), %q(1), %q(10)]).includes ["AUT", "WIN", "SPR", "SUM"]
make([%q(SENIOR THESIS), %q(197), %q(3), %q(5)]).includes ["AUT", "WIN", "SPR", "SUM"]
make([%q(SPECIAL PROBLEMS IN GEOLOGICAL AND ENVIRONMENTAL SCIENCES), %q(198), %q(1), %q(10)]).includes ["AUT", "WIN", "SPR", "SUM"]
make([%q(HONORS PROGRAM), %q(199), %q(1), %q(10)]).includes ["AUT", "WIN", "SPR", "SUM"]
make([%q(JOURNEY TO THE CENTER OF THE EARTH (GEOPHYS 184, GEOPHYS 274, GES 107)), %q(207), %q(3), %q(3)]).includes ["WIN"]
make([%q(TOPICS IN GEOBIOLOGY (EESS 208)), %q(208), %q(1), %q(1)]).includes ["AUT"]
make([%q(GEOLOGIC EVOLUTION OF THE WESTERN U.S. CORDILLERA), %q(210), %q(1), %q(3)]).includes ["WIN"]
make([%q(TOPICS IN REGIONAL GEOLOGY AND TECTONICS), %q(211), %q(2), %q(3)]).includes ["AUT", "WIN", "SPR"]
make([%q(TOPICS IN TECTONIC GEOMORPHOLOGY), %q(212), %q(2), %q(2)]).includes ["NOT GIVEN THIS YEAR"]
make([%q(TOPICS IN SEDIMENTARY GEOLOGY), %q(213), %q(2), %q(2)]).includes ["AUT", "WIN"]
make([%q(TOPICS IN PALEOBIOLOGY), %q(214), %q(2), %q(2)]).includes ["OFFERED OCCASIONALLY"]
make([%q(STRUCTURAL GEOLOGY AND ROCK MECHANICS (CEE 297R, GEOPHYS 251)), %q(215), %q(4), %q(4)]).includes ["AUT"]
make([%q(ROCK FRACTURE MECHANICS), %q(216), %q(3), %q(3)]).includes ["NOT GIVEN THIS YEAR"]
make([%q(FAULTS, FRACTURES, AND FLUID FLOW), %q(217), %q(3), %q(3)]).includes ["NOT GIVEN THIS YEAR"]
make([%q(UNDERSTANDING NATURAL HAZARDS, QUANTIFYING RISK, INCREASING RESILIENCE IN HIGHLY URBANIZED REGIONS (EESS 118, EESS 218, GEOPHYS 118, GEOPHYS 218, GES 118)), %q(218), %q(3), %q(3)]).includes ["WIN"]
make([%q(PLANETARY AND EARLY BIOLOGICAL EVOLUTION SEMINAR (GES 120)), %q(220), %q(2), %q(3)]).includes ["NOT GIVEN THIS YEAR"]
make([%q(WHAT MAKES A HABITABLE PLANET? (GES 121)), %q(221), %q(3), %q(3)]).includes ["ALTERNATE YEARS", "GIVEN NEXT YEAR"]
make([%q(PLANETARY SYSTEMS: DYNAMICS AND ORIGINS), %q(222), %q(3), %q(4)]).includes ["AUT"]
make([%q(REFLECTION SEISMOLOGY INTERPRETATION (GEOPHYS 183, GEOPHYS 223)), %q(223), %q(1), %q(4)]).includes ["SPR"]
make([%q(MODELING TRANSPORT AND TRANSFORMATIONS IN THE ENVIRONMENT), %q(224), %q(2), %q(3)]).includes ["WIN"]
make([%q(CONTAMINANT HYDROGEOLOGY AND REACTIVE TRANSPORT (CEE 260C, EESS 221)), %q(225), %q(4), %q(4)]).includes ["WIN"]
make([%q(AT THE INTERSECTION OF GEOCHEMISTRY, SEDIMENTARY GEOLOGY, AND PALEOBIOLOGY), %q(226), %q(3), %q(3)]).includes ["SPR"]
make([%q(SURFACE AND NEAR-SURFACE HYDROLOGIC RESPONSE (CEE 260B)), %q(237), %q(3), %q(3)]).includes ["ALTERNATE YEARS", "GIVEN NEXT YEAR"]
make([%q(SOIL PHYSICS), %q(238), %q(3), %q(3)]).includes ["NOT GIVEN THIS YEAR"]
make([%q(GEOSTATISTICS (ENERGY 240)), %q(240), %q(2), %q(3)]).includes ["SPR"]
make([%q(RESERVOIR CHARACTERIZATION AND FLOW MODELING WITH OUTCROP DATA (ENERGY 146, ENERGY 246)), %q(246), %q(3), %q(3)]).includes ["AUT"]
make([%q(PETROLEUM GEOCHEMISTRY IN ENVIRONMENTAL AND EARTH SCIENCE), %q(249), %q(3), %q(3)]).includes ["ALTERNATE YEARS", "GIVEN NEXT YEAR"]
make([%q(SEDIMENTATION MECHANICS), %q(250), %q(3), %q(4)]).includes ["NOT GIVEN THIS YEAR"]
make([%q(SEDIMENTARY BASINS), %q(251), %q(3), %q(3)]).includes ["AUT"]
make([%q(SEDIMENTARY PETROGRAPHY), %q(252), %q(4), %q(4)]).includes ["AUT"]
make([%q(PETROLEUM GEOLOGY AND EXPLORATION), %q(253), %q(3), %q(3)]).includes ["NOT GIVEN THIS YEAR"]
make([%q(BASIN AND PETROLEUM SYSTEM MODELING), %q(255), %q(3), %q(3)]).includes ["NOT GIVEN THIS YEAR"]
make([%q(QUANTITATIVE METHODS IN BASIN AND PETROLEUM SYSTEM MODELING (ENERGY 275)), %q(256), %q(1), %q(3)]).includes ["WIN"]
make([%q(CLASTIC SEQUENCE STRATIGRAPHY), %q(257), %q(3), %q(3)]).includes ["SPR"]
make([%q(STRATIGRAPHIC ARCHITECTURE), %q(259), %q(1), %q(1)]).includes ["AUT", "SPR"]
make([%q(LABORATORY METHODS IN ORGANIC GEOCHEMISTRY), %q(260), %q(2), %q(3)]).includes ["NOT GIVEN THIS YEAR"]
make([%q(PHYSICS AND CHEMISTRY OF MINERALS AND MINERAL SURFACES), %q(261), %q(4), %q(4)]).includes ["SPR"]
make([%q(THERMODYNAMICS AND DISORDER IN MINERALS AND MELTS), %q(262), %q(3), %q(3)]).includes ["NOT GIVEN THIS YEAR"]
make([%q(INTRODUCTION TO ISOTOPE GEOCHEMISTRY (GES 163)), %q(263), %q(3), %q(3)]).includes ["NOT GIVEN THIS YEAR"]
make([%q(MATHEMATICAL MODELING IN BIOGEOCHEMISTRY), %q(264), %q(3), %q(3)]).includes ["NOT GIVEN THIS YEAR"]
make([%q(SOLUTION-MINERAL EQUILIBRIA: THEORY), %q(267), %q(3), %q(3)]).includes ["OFFERED OCCASIONALLY"]
make([%q(ENVIRONMENTAL GEOCHEMISTRY (EARTHSYS 170, GES 170)), %q(270), %q(4), %q(4)]).includes ["WIN"]
make([%q(BIOMINERALIZATION), %q(272), %q(3), %q(3)]).includes ["SPR"]
make([%q(ISOTOPE GEOCHEMISTRY SEMINAR), %q(273), %q(1), %q(3)]).includes ["NOT GIVEN THIS YEAR"]
make([%q(ELECTRON PROBE MICROANALYTICAL TECHNIQUES), %q(275), %q(2), %q(3)]).includes ["WIN"]
make([%q(EARTH'S WEATHERING ENGINE), %q(276), %q(3), %q(3)]).includes ["NOT GIVEN THIS YEAR"]
make([%q(FLOOD BASALTS AND MASS EXTINCTIONS), %q(277), %q(3), %q(3)]).includes ["OFFERED OCCASIONALLY"]
make([%q(MANTLE PROCESSES), %q(278), %q(1), %q(3)]).includes ["NOT GIVEN THIS YEAR"]
make([%q(PRINCIPLES OF 40AR/39AR THERMOCHRONOMETRY), %q(281), %q(3), %q(4)]).includes ["SPR"]
make([%q(INTERPRETATIVE METHODS IN DETRITAL GEOCHRONOLOGY), %q(282), %q(1), %q(5)]).includes ["NOT GIVEN THIS YEAR"]
make([%q(THERMOCHRONOLOGY AND CRUSTAL EVOLUTION), %q(283), %q(4), %q(4)]).includes ["NOT GIVEN THIS YEAR"]
make([%q(FIELD SEMINAR ON EASTERN SIERRAN VOLCANISM), %q(284), %q(1), %q(1)]).includes ["NOT GIVEN THIS YEAR"]
make([%q(IGNEOUS PETROGENESIS OF THE CONTINENTS), %q(285), %q(2), %q(4)]).includes ["NOT GIVEN THIS YEAR"]
make([%q(SECONDARY IONIZATION MASS SPECTROMETRY), %q(286), %q(3), %q(3)]).includes ["AUT"]
make([%q(FUNDAMENTALS OF MASS SPECTROMETRY), %q(287), %q(3), %q(3)]).includes ["WIN"]
make([%q(DEPARTMENTAL SEMINAR IN GEOLOGICAL AND ENVIRONMENTAL SCIENCES), %q(290), %q(1), %q(1)]).includes ["AUT", "WIN", "SPR"]
make([%q(GES FIELD TRIPS), %q(291), %q(1), %q(1)]).includes ["AUT", "WIN", "SPR", "SUM"]
make([%q(DIRECTED READING WITH GEOLOGICAL AND ENVIRONMENTAL SCIENCES FACULTY), %q(292), %q(1), %q(10)]).includes ["AUT", "WIN", "SPR", "SUM"]
make([%q(FIELD RESEARCH), %q(299), %q(2), %q(4)]).includes ["AUT", "WIN", "SPR", "SUM"]
make([%q(CLIMATE CHANGE, CLIMATE VARIABILITY, AND LANDSCAPE DEVELOPMENT), %q(310), %q(1), %q(1)]).includes ["NOT GIVEN THIS YEAR"]
make([%q(INTERPRETATION OF TECTONICALLY ACTIVE LANDSCAPES), %q(311), %q(3), %q(3)]).includes ["AUT"]
make([%q(ANALYSIS OF LANDFORMS), %q(312), %q(3), %q(3)]).includes ["WIN"]
make([%q(MODELING OF LANDFORMS), %q(313), %q(3), %q(3)]).includes ["SPR"]
make([%q(LITERATURE OF STRUCTURAL GEOLOGY), %q(315), %q(1), %q(1)]).includes ["AUT", "WIN"]
make([%q(THE EVOLUTION OF BODY SIZE (BIO 325)), %q(325), %q(2), %q(2)]).includes ["NOT GIVEN THIS YEAR"]
make([%q(SEMINAR IN PALEOBIOLOGY), %q(328), %q(1), %q(1)]).includes ["NOT GIVEN THIS YEAR"]
make([%q(STANFORD ALPINE PROJECT SEMINAR), %q(336), %q(1), %q(1)]).includes ["AUT", "WIN", "SPR"]
make([%q(SEMINAR ON THE EARTH'S INTERIOR), %q(340), %q(1), %q(1)]).includes ["NOT GIVEN THIS YEAR"]
make([%q(ADVANCED STRATIGRAPHY SEMINAR AND FIELD COURSE), %q(355), %q(1), %q(3)]).includes ["OFFERED OCCASIONALLY"]
make([%q(METAMORPHIC PETROLOGY), %q(373), %q(3), %q(3)]).includes ["NOT GIVEN THIS YEAR"]
make([%q(METAMORPHIC PETROLOGY LABORATORY), %q(373L), %q(1), %q(1)]).includes ["NOT GIVEN THIS YEAR"]
make([%q(IGNEOUS PETROLOGY AND PETROGENESIS SEMINAR), %q(381), %q(1), %q(2)]).includes ["NOT GIVEN THIS YEAR"]
make([%q(VOLCANOLOGY SEMINAR), %q(384), %q(1), %q(2)]).includes ["OFFERED OCCASIONALLY"]
make([%q(PRACTICAL EXPERIENCE IN THE GEOSCIENCES), %q(385), %q(1), %q(1)]).includes ["AUT", "WIN", "SPR", "SUM"]
make([%q(ADVANCED PROJECTS), %q(399), %q(1), %q(10)]).includes ["AUT", "WIN", "SPR", "SUM"]
make([%q(GRADUATE RESEARCH), %q(400), %q(1), %q(15)]).includes ["AUT", "WIN", "SPR", "SUM"]
make([%q(TGR PROJECT), %q(801), %q(0), %q(0)]).includes ["AUT", "WIN", "SPR", "SUM"]
make([%q(TGR DISSERTATION), %q(802), %q(0), %q(0)]).includes ["AUT", "WIN", "SPR", "SUM"]
