make([%q(Sustaining Action: Research, Analysis and Writing for the Public (EARTHSYS 200)), %q(200), %q(3), %q(3)]).includes ["AUT", "SPR"]
make([%q(Digital Storytelling for Researchers), %q(215), %q(1), %q(3)]).includes ["NOT GIVEN THIS YEAR"]
make([%q(E-IPER Current Topics Seminar), %q(225), %q(1), %q(1)]).includes ["AUT", "WIN", "SPR"]
make([%q(Field Survey Data Collection & Analysis), %q(230), %q(3), %q(3)]).includes ["SPR"]
make([%q(Large Scale Farming Practices), %q(235), %q(1), %q(1)]).includes ["WIN"]
make([%q(Environmental Decision-Making and Risk Perception), %q(240), %q(1), %q(1)]).includes ["WIN"]
make([%q(Potential Impacts of Highly-Innovative Emerging Technologies on Climate and the Economy), %q(245), %q(3), %q(3)]).includes ["WIN"]
make([%q(Environmental Governance (CEE 277C)), %q(250), %q(3), %q(3)]).includes ["WIN", "ALTERNATE YEARS", "NOT GIVEN NEXT YEAR"]
make([%q(Graduate Practicum in Environment and Resources), %q(270), %q(1), %q(9)]).includes ["AUT", "WIN", "SPR", "SUM"]
make([%q(Specialized Writing and Reporting: Environmental Journalism (COMM 177C, COMM 277C, EARTHSYS 177C)), %q(277C), %q(4), %q(5)]).includes ["SPR"]
make([%q(Introduction to Environmental Science), %q(280), %q(2), %q(2)]).includes ["AUT", "SPR"]
make([%q(Capstone Project Seminar in Environment and Resources), %q(290), %q(1), %q(3)]).includes ["AUT", "SPR"]
make([%q(Environmental Forum Seminar), %q(310), %q(1), %q(2)]).includes ["AUT"]
make([%q(Environmental Research Design Seminar), %q(315), %q(1), %q(2)]).includes ["WIN"]
make([%q(Designing Environmental Research), %q(320), %q(3), %q(4)]).includes ["WIN"]
make([%q(Research Approaches for Environmental Problem Solving), %q(330), %q(3), %q(3)]).includes ["SPR"]
make([%q(Collaborating with the Future: Launching Large Scale Sustainable Transformations (ME 380, PSYCH 380)), %q(380), %q(3), %q(4)]).includes ["SPR"]
make([%q(Directed Individual Study in Environment and Resources), %q(398), %q(1), %q(9)]).includes ["AUT", "WIN", "SPR", "SUM"]
make([%q(Directed Research in Environment and Resources), %q(399), %q(1), %q(15)]).includes ["AUT", "WIN", "SPR", "SUM"]
make([%q(Ph.D. Qualifying Tutorial), %q(410), %q(1), %q(1)]).includes ["AUT", "WIN", "SPR", "SUM"]
make([%q(TGR Project), %q(801), %q(0), %q(0)]).includes ["AUT", "WIN", "SPR", "SUM"]
make([%q(TGR Dissertation), %q(802), %q(0), %q(0)]).includes ["AUT", "WIN", "SPR", "SUM"]
