make([%q(DIAMONDS FROM PEANUT BUTTER: MATERIAL TECHNOLOGIES AND HUMAN HISTORY), %q(10SC), %q(2), %q(2)]).includes ["NOT GIVEN THIS YEAR"]
make([%q(ENERGY TECHNOLOGIES FOR A SUSTAINABLE FUTURE), %q(11SC), %q(2), %q(2)]).includes ["NOT GIVEN THIS YEAR"]
make([%q(BIOENGINEERING MATERIALS TO HEAL THE BODY), %q(81N), %q(3), %q(3)]).includes ["NOT GIVEN THIS YEAR"]
make([%q(SCIENCE OF THE IMPOSSIBLE), %q(82N), %q(3), %q(3)]).includes ["SPR"]
make([%q(UNDERGRADUATE INDEPENDENT STUDY), %q(100), %q(1), %q(3)]).includes ["AUT", "WIN", "SPR", "SUM"]
make([%q(UNDERGRADUATE RESEARCH), %q(150), %q(3), %q(6)]).includes ["AUT", "WIN", "SPR", "SUM"]
make([%q(MICROSTRUCTURE AND MECHANICAL PROPERTIES (MATSCI 251)), %q(151), %q(3), %q(4)]).includes ["AUT"]
make([%q(ELECTRONIC MATERIALS ENGINEERING), %q(152), %q(4), %q(4)]).includes ["SPR"]
make([%q(NANOSTRUCTURE AND CHARACTERIZATION), %q(153), %q(4), %q(4)]).includes ["WIN"]
make([%q(THERMODYNAMIC EVALUATION OF GREEN ENERGY TECHNOLOGIES), %q(154), %q(4), %q(4)]).includes ["SPR"]
make([%q(NANOMATERIALS SYNTHESIS), %q(155), %q(4), %q(4)]).includes ["SPR"]
make([%q(SOLAR CELLS, FUEL CELLS, AND BATTERIES: MATERIALS FOR THE ENERGY SOLUTION (EE 293A, ENERGY 293A, MATSCI 256)), %q(156), %q(3), %q(4)]).includes ["AUT"]
make([%q(QUANTUM MECHANICS OF NANOSCALE MATERIALS), %q(157), %q(4), %q(4)]).includes ["WIN"]
make([%q(JAPANESE COMPANIES AND JAPANESE SOCIETY (ENGR 159Q)), %q(159Q), %q(3), %q(3)]).includes ["SPR"]
make([%q(NANOMATERIALS LABORATORY), %q(160), %q(4), %q(4)]).includes ["SPR"]
make([%q(NANOCHARACTERIZATION LABORATORY (MATSCI 171)), %q(161), %q(3), %q(4)]).includes ["WIN"]
make([%q(X-RAY DIFFRACTION LABORATORY (MATSCI 172, PHOTON 172)), %q(162), %q(3), %q(4)]).includes ["WIN"]
make([%q(MECHANICAL BEHAVIOR LABORATORY (MATSCI 173)), %q(163), %q(3), %q(4)]).includes ["AUT"]
make([%q(ELECTRONIC AND PHOTONIC MATERIALS AND DEVICES LABORATORY (MATSCI 174)), %q(164), %q(3), %q(4)]).includes ["AUT"]
make([%q(NANOSCALE MATERIALS PHYSICS COMPUTATION LABORATORY (MATSCI 175)), %q(165), %q(3), %q(4)]).includes ["WIN"]
make([%q(NANOCHARACTERIZATION LABORATORY (MATSCI 161)), %q(171), %q(3), %q(4)]).includes ["WIN"]
make([%q(X-RAY DIFFRACTION LABORATORY (MATSCI 162, PHOTON 172)), %q(172), %q(3), %q(4)]).includes ["WIN"]
make([%q(MECHANICAL BEHAVIOR LABORATORY (MATSCI 163)), %q(173), %q(3), %q(4)]).includes ["AUT"]
make([%q(ELECTRONIC AND PHOTONIC MATERIALS AND DEVICES LABORATORY (MATSCI 164)), %q(174), %q(3), %q(4)]).includes ["AUT"]
make([%q(NANOSCALE MATERIALS PHYSICS COMPUTATION LABORATORY (MATSCI 165)), %q(175), %q(3), %q(4)]).includes ["WIN"]
make([%q(ORGANIC AND BIOLOGICAL MATERIALS (MATSCI 210)), %q(190), %q(3), %q(4)]).includes ["SPR"]
make([%q(MATERIALS CHEMISTRY (MATSCI 202)), %q(192), %q(3), %q(4)]).includes ["AUT"]
make([%q(ATOMIC ARRANGEMENTS IN SOLIDS (MATSCI 203)), %q(193), %q(3), %q(4)]).includes ["AUT"]
make([%q(THERMODYNAMICS AND PHASE EQUILIBRIA (MATSCI 204)), %q(194), %q(3), %q(4)]).includes ["WIN"]
make([%q(WAVES AND DIFFRACTION IN SOLIDS (MATSCI 205, PHOTON 205)), %q(195), %q(3), %q(4)]).includes ["WIN"]
make([%q(DEFECTS IN CRYSTALLINE SOLIDS (MATSCI 206)), %q(196), %q(3), %q(4)]).includes ["WIN"]
make([%q(RATE PROCESSES IN MATERIALS (MATSCI 207)), %q(197), %q(3), %q(4)]).includes ["SPR"]
make([%q(MECHANICAL PROPERTIES OF MATERIALS (MATSCI 208)), %q(198), %q(3), %q(4)]).includes ["SPR"]
make([%q(ELECTRONIC AND OPTICAL PROPERTIES OF SOLIDS (MATSCI 209)), %q(199), %q(3), %q(4)]).includes ["SPR"]
make([%q(MASTER'S RESEARCH), %q(200), %q(1), %q(15)]).includes ["AUT", "WIN", "SPR", "SUM"]
make([%q(MATERIALS CHEMISTRY (MATSCI 192)), %q(202), %q(3), %q(4)]).includes ["AUT"]
make([%q(ATOMIC ARRANGEMENTS IN SOLIDS (MATSCI 193)), %q(203), %q(3), %q(4)]).includes ["AUT"]
make([%q(THERMODYNAMICS AND PHASE EQUILIBRIA (MATSCI 194)), %q(204), %q(3), %q(4)]).includes ["WIN"]
make([%q(WAVES AND DIFFRACTION IN SOLIDS (MATSCI 195, PHOTON 205)), %q(205), %q(3), %q(4)]).includes ["WIN"]
make([%q(DEFECTS IN CRYSTALLINE SOLIDS (MATSCI 196)), %q(206), %q(3), %q(4)]).includes ["WIN"]
make([%q(RATE PROCESSES IN MATERIALS (MATSCI 197)), %q(207), %q(3), %q(4)]).includes ["SPR"]
make([%q(MECHANICAL PROPERTIES OF MATERIALS (MATSCI 198)), %q(208), %q(3), %q(4)]).includes ["SPR"]
make([%q(ELECTRONIC AND OPTICAL PROPERTIES OF SOLIDS (MATSCI 199)), %q(209), %q(3), %q(4)]).includes ["SPR"]
make([%q(ORGANIC AND BIOLOGICAL MATERIALS (MATSCI 190)), %q(210), %q(3), %q(4)]).includes ["SPR"]
make([%q(MATERIALS SCIENCE COLLOQUIUM), %q(230), %q(1), %q(1)]).includes ["AUT", "WIN", "SPR"]
make([%q(MATHEMATICAL METHODS IN MATERIALS SCIENCE), %q(231), %q(3), %q(3)]).includes ["AUT"]
make([%q(MICROSTRUCTURE AND MECHANICAL PROPERTIES (MATSCI 151)), %q(251), %q(3), %q(4)]).includes ["AUT"]
make([%q(SOLAR CELLS, FUEL CELLS, AND BATTERIES: MATERIALS FOR THE ENERGY SOLUTION (EE 293A, ENERGY 293A, MATSCI 156)), %q(256), %q(3), %q(4)]).includes ["AUT"]
make([%q(PRACTICAL TRAINING), %q(299), %q(1), %q(1)]).includes ["AUT", "WIN", "SPR", "SUM"]
make([%q(PH.D. RESEARCH), %q(300), %q(1), %q(15)]).includes ["AUT", "WIN", "SPR", "SUM"]
make([%q(SOLAR CELLS), %q(302), %q(3), %q(3)]).includes ["AUT"]
make([%q(PRINCIPLES, MATERIALS AND DEVICES OF BATTERIES), %q(303), %q(3), %q(3)]).includes ["AUT"]
make([%q(GREEN'S FUNCTION METHODS IN ENGINEERING (ME 307)), %q(307), %q(3), %q(3)]).includes ["SPR"]
make([%q(LASERS IN MATERIALS PROCESSING), %q(311), %q(3), %q(3)]).includes ["ALTERNATE YEARS", "GIVEN NEXT YEAR"]
make([%q(NEW METHODS IN THIN FILM SYNTHESIS), %q(312), %q(3), %q(3)]).includes ["AUT"]
make([%q(NANOSCALE SCIENCE, ENGINEERING, AND TECHNOLOGY), %q(316), %q(3), %q(3)]).includes ["SPR"]
make([%q(NANOCHARACTERIZATION OF MATERIALS), %q(320), %q(3), %q(3)]).includes ["WIN"]
make([%q(TRANSMISSION ELECTRON MICROSCOPY), %q(321), %q(3), %q(3)]).includes ["ALTERNATE YEARS", "GIVEN NEXT YEAR"]
make([%q(TRANSMISSION ELECTRON MICROSCOPY LABORATORY), %q(322), %q(3), %q(3)]).includes ["SPR"]
make([%q(THIN FILM AND INTERFACE MICROANALYSIS), %q(323), %q(3), %q(3)]).includes ["NOT GIVEN NEXT YEAR"]
make([%q(X-RAY SCIENCE AND TECHNIQUES (PHOTON 326)), %q(326), %q(3), %q(3)]).includes ["AUT", "ALTERNATE YEARS", "NOT GIVEN NEXT YEAR"]
make([%q(ATOM-BASED COMPUTATIONAL METHODS FOR MATERIALS), %q(331), %q(3), %q(3)]).includes ["SPR"]
make([%q(ORGANIC SEMICONDUCTORS FOR ELECTRONICS AND PHOTONICS), %q(343), %q(3), %q(3)]).includes ["SPR"]
make([%q(NANOPHOTONICS (EE 336)), %q(346), %q(3), %q(3)]).includes ["AUT"]
make([%q(INTRODUCTION TO MAGNETISM AND MAGNETIC NANOSTRUCTURES), %q(347), %q(3), %q(3)]).includes ["SPR"]
make([%q(MECHANICAL PROPERTIES OF THIN FILMS), %q(353), %q(3), %q(3)]).includes ["NOT GIVEN THIS YEAR"]
make([%q(FRACTURE AND FATIGUE OF MATERIALS AND THIN FILM STRUCTURES), %q(358), %q(3), %q(3)]).includes ["NOT GIVEN THIS YEAR"]
make([%q(NANO-BIOTECHNOLOGY), %q(380), %q(3), %q(3)]).includes ["GIVEN NEXT YEAR"]
make([%q(BIOMATERIALS IN REGENERATIVE MEDICINE (BIOE 361)), %q(381), %q(3), %q(3)]).includes ["NOT GIVEN THIS YEAR"]
make([%q(BIO-CHIPS, IMAGING AND NANOMEDICINE (EE 225, SBIO 225)), %q(382), %q(3), %q(3)]).includes ["WIN"]
make([%q(GRADUATE INDEPENDENT STUDY), %q(399), %q(1), %q(10)]).includes ["AUT", "WIN", "SPR", "SUM"]
make([%q(PARTICIPATION IN MATERIALS SCIENCE TEACHING), %q(400), %q(1), %q(3)]).includes ["AUT", "WIN", "SPR"]
make([%q(TGR PROJECT FOR MS STUDENTS), %q(801), %q(0), %q(0)]).includes ["AUT", "WIN", "SPR", "SUM"]
make([%q(TGR DISSERTATION FOR PH.D STUDENTS), %q(802), %q(0), %q(0)]).includes ["AUT", "WIN", "SPR", "SUM"]
