make([%q(INTRODUCTION TO ENGINEERING ANALYSIS), %q(10), %q(4), %q(4)]).includes ["WIN", "SUM"]
make([%q(INTRO TO SOLID MECHANICS), %q(14), %q(4), %q(4)]).includes ["AUT", "WIN", "SPR"]
make([%q(DYNAMICS), %q(15), %q(4), %q(4)]).includes ["AUT", "SPR"]
make([%q(INTRODUCTION TO CHEMICAL ENGINEERING (CHEMENG 20)), %q(20), %q(3), %q(3)]).includes ["SPR"]
make([%q(BIOTECHNOLOGY (CHEMENG 25B)), %q(25B), %q(3), %q(3)]).includes ["SPR"]
make([%q(ENERGY: CHEMICAL TRANSFORMATIONS FOR PRODUCTION, STORAGE, AND USE (CHEMENG 25E)), %q(25E), %q(3), %q(3)]).includes ["WIN"]
make([%q(ENGINEERING THERMODYNAMICS), %q(30), %q(3), %q(3)]).includes ["AUT", "WIN", "SPR", "SUM"]
make([%q(CHEMICAL PRINCIPLES WITH APPLICATION TO NANOSCALE SCIENCE AND TECHNOLOGY), %q(31), %q(4), %q(4)]).includes ["AUT"]
make([%q(INTRODUCTORY ELECTRONICS), %q(40), %q(5), %q(5)]).includes ["AUT", "SPR"]
make([%q(INTRODUCTORY ELECTRONICS), %q(40A), %q(3), %q(3)]).includes ["AUT", "SPR"]
make([%q(ENGINEERING WIRELESS NETWORKS), %q(40C), %q(5), %q(5)]).includes ["SPR"]
make([%q(AN INTRO TO MAKING: WHAT IS EE), %q(40M), %q(3), %q(5)]).includes ["SPR"]
make([%q(PHYSICS OF ELECTRICAL ENGINEERING (EE 41)), %q(40P), %q(5), %q(5)]).includes ["WIN"]
make([%q(INTRODUCTION TO MATERIALS SCIENCE, NANOTECHNOLOGY EMPHASIS), %q(50), %q(4), %q(4)]).includes ["SPR"]
make([%q(INTRODUCTION TO MATERIALS SCIENCE, ENERGY EMPHASIS), %q(50E), %q(4), %q(4)]).includes ["AUT"]
make([%q(INTRODUCTION TO MATERIALS SCIENCE, BIOMATERIALS EMPHASIS), %q(50M), %q(4), %q(4)]).includes ["WIN"]
make([%q(ENGINEERING ECONOMY), %q(60), %q(3), %q(3)]).includes ["SUM"]
make([%q(INTRODUCTION TO OPTIMIZATION (MS&E 111)), %q(62), %q(4), %q(4)]).includes ["AUT", "SPR"]
make([%q(PROGRAMMING METHODOLOGY (CS 106A)), %q(70A), %q(3), %q(5)]).includes ["AUT", "WIN", "SPR", "SUM"]
make([%q(PROGRAMMING ABSTRACTIONS (CS 106B)), %q(70B), %q(3), %q(5)]).includes ["AUT", "WIN", "SPR", "SUM"]
make([%q(PROGRAMMING ABSTRACTIONS (ACCELERATED) (CS 106X)), %q(70X), %q(3), %q(5)]).includes ["AUT", "WIN"]
make([%q(INTRODUCTION TO BIOENGINEERING (BIOE 80)), %q(80), %q(4), %q(4)]).includes ["SPR"]
make([%q(ENVIRONMENTAL SCIENCE AND TECHNOLOGY (CEE 70)), %q(90), %q(3), %q(3)]).includes ["AUT", "SUM"]
make([%q(TEACHING PUBLIC SPEAKING), %q(100), %q(3), %q(3)]).includes ["AUT", "WIN", "SPR"]
make([%q(PUBLIC SPEAKING), %q(103), %q(3), %q(3)]).includes ["AUT", "WIN", "SPR"]
make([%q(FEEDBACK CONTROL DESIGN), %q(105), %q(3), %q(3)]).includes ["WIN", "SPR", "SUM"]
make([%q(PERSPECTIVES IN ASSISTIVE TECHNOLOGY (ENGR 210)), %q(110), %q(1), %q(3)]).includes ["WIN"]
make([%q(SOLAR DECATHLON), %q(113A), %q(1), %q(4)]).includes ["AUT"]
make([%q(SOLAR DECATHLON), %q(113B), %q(1), %q(4)]).includes ["WIN"]
make([%q(SOLAR DECATHLON 2015 (ENGR 213C)), %q(113C), %q(3), %q(3)]).includes ["SPR"]
make([%q(SOLAR DECATHLON 2015 (ENGR 213D)), %q(113D), %q(3), %q(3)]).includes ["SUM"]
make([%q(DESIGN THE TECH CHALLENGE (ENGR 215)), %q(115), %q(2), %q(2)]).includes ["NOT GIVEN THIS YEAR"]
make([%q(CROSS-CULTURAL DESIGN FOR SERVICE), %q(118), %q(3), %q(3)]).includes ["SUM"]
make([%q(FUNDAMENTALS OF PETROLEUM ENGINEERING (ENERGY 120)), %q(120), %q(3), %q(3)]).includes ["AUT"]
make([%q(SCIENCE, TECHNOLOGY, AND CONTEMPORARY SOCIETY), %q(130), %q(4), %q(5)]).includes ["NOT GIVEN THIS YEAR"]
make([%q(ETHICAL ISSUES IN ENGINEERING), %q(131), %q(4), %q(4)]).includes ["AUT", "SPR"]
make([%q(LEADERSHIP OF TECHNOLOGY VENTURES), %q(140A), %q(3), %q(4)]).includes ["SPR"]
make([%q(LEADERSHIP OF TECHNOLOGY VENTURES), %q(140B), %q(1), %q(2)]).includes ["AUT"]
make([%q(LEADERSHIP OF TECHNOLOGY VENTURES), %q(140C), %q(2), %q(3)]).includes ["AUT"]
make([%q(TECHNOLOGY ENTREPRENEURSHIP), %q(145), %q(4), %q(4)]).includes ["AUT", "WIN", "SUM"]
make([%q(SOCIAL INNOVATION AND ENTREPRENEURSHIP (ENGR 250)), %q(150), %q(1), %q(6)]).includes ["AUT", "WIN", "SPR"]
make([%q(VECTOR CALCULUS FOR ENGINEERS (CME 100)), %q(154), %q(5), %q(5)]).includes ["AUT", "SPR"]
make([%q(ORDINARY DIFFERENTIAL EQUATIONS FOR ENGINEERS (CME 102)), %q(155A), %q(5), %q(5)]).includes ["WIN", "SPR", "SUM"]
make([%q(LINEAR ALGEBRA AND PARTIAL DIFFERENTIAL EQUATIONS FOR ENGINEERS (CME 104)), %q(155B), %q(5), %q(5)]).includes ["SPR"]
make([%q(INTRODUCTION TO PROBABILITY AND STATISTICS FOR ENGINEERS (CME 106)), %q(155C), %q(3), %q(4)]).includes ["WIN", "SUM"]
make([%q(JAPANESE COMPANIES AND JAPANESE SOCIETY (MATSCI 159Q)), %q(159Q), %q(3), %q(3)]).includes ["SPR"]
make([%q(ENGINEERING PUBLIC SERVICE PROJECT), %q(192), %q(1), %q(2)]).includes ["NOT GIVEN THIS YEAR"]
make([%q(SPECIAL STUDIES IN ENGINEERING), %q(199), %q(1), %q(15)]).includes ["AUT", "WIN", "SPR"]
make([%q(WRITING OF ORIGINAL RESEARCH FOR ENGINEERS), %q(199W), %q(1), %q(3)]).includes ["AUT", "WIN", "SPR", "SUM"]
make([%q(WRITING: SPECIAL PROJECTS), %q(202S), %q(1), %q(1)]).includes ["AUT", "WIN", "SPR"]
make([%q(TECHNICAL  WRITING), %q(202W), %q(3), %q(3)]).includes ["AUT", "WIN", "SPR"]
make([%q(RESEARCH ETHICS FOR ENGINEERS AND SCIENTISTS), %q(204), %q(1), %q(2)]).includes ["SPR"]
make([%q(INTRODUCTION TO CONTROL DESIGN TECHNIQUES), %q(205), %q(3), %q(3)]).includes ["AUT"]
make([%q(CONTROL SYSTEM DESIGN), %q(206), %q(3), %q(4)]).includes ["NOT GIVEN THIS YEAR"]
make([%q(LINEAR CONTROL SYSTEMS I), %q(207A), %q(3), %q(3)]).includes ["NOT GIVEN THIS YEAR"]
make([%q(LINEAR CONTROL SYSTEMS II), %q(207B), %q(3), %q(3)]).includes ["NOT GIVEN THIS YEAR"]
make([%q(ANALYSIS AND CONTROL OF NONLINEAR SYSTEMS), %q(209A), %q(3), %q(3)]).includes ["WIN"]
make([%q(PERSPECTIVES IN ASSISTIVE TECHNOLOGY (ENGR 110)), %q(210), %q(1), %q(3)]).includes ["WIN"]
make([%q(SOLAR DECATHLON), %q(213), %q(1), %q(4)]).includes ["SPR"]
make([%q(SOLAR DECATHLON), %q(213A), %q(1), %q(4)]).includes ["AUT"]
make([%q(SOLAR DECATHLON), %q(213B), %q(1), %q(4)]).includes ["WIN"]
make([%q(SOLAR DECATHLON 2015 (ENGR 113C)), %q(213C), %q(3), %q(3)]).includes ["SPR"]
make([%q(SOLAR DECATHLON 2015 (ENGR 113D)), %q(213D), %q(3), %q(3)]).includes ["SUM"]
make([%q(DESIGN THE TECH CHALLENGE (ENGR 115)), %q(215), %q(2), %q(2)]).includes ["NOT GIVEN THIS YEAR"]
make([%q(TRANSFORMATIVE DESIGN (ANTHRO 332)), %q(231), %q(3), %q(5)]).includes ["NOT GIVEN THIS YEAR"]
make([%q(INTRODUCTION TO MICRO AND NANO ELECTROMECHANICAL SYSTEMS), %q(240), %q(3), %q(3)]).includes ["WIN"]
make([%q(TECHNOLOGY ENTREPRENEURSHIP AND LEAN STARTUPS), %q(245), %q(3), %q(4)]).includes ["WIN"]
make([%q(SOCIAL INNOVATION AND ENTREPRENEURSHIP (ENGR 150)), %q(250), %q(1), %q(6)]).includes ["AUT", "WIN", "SPR"]
make([%q(FROM PLAY TO INNOVATION), %q(280), %q(2), %q(4)]).includes ["SPR"]
make([%q(D.MEDIA 4.0 - DESIGNING MEDIA THAT MATTERS), %q(281), %q(2), %q(3)]).includes ["WIN"]
make([%q(GRADUATE ENVIRONMENT OF SUPPORT), %q(290), %q(1), %q(1)]).includes ["AUT"]
make([%q(SEMINAR IN FLUID MECHANICS), %q(298), %q(1), %q(1)]).includes ["AUT", "WIN", "SPR"]
make([%q(SPECIAL STUDIES IN ENGINEERING), %q(299), %q(1), %q(15)]).includes ["AUT", "WIN", "SPR", "SUM"]
make([%q(WOMEN'S PERSPECTIVES), %q(311A), %q(1), %q(1)]).includes ["WIN"]
make([%q(DESIGNING THE PROFESSIONAL), %q(311B), %q(1), %q(1)]).includes ["SPR"]
make([%q(SCIENCE AND ENGINEERING COURSE DESIGN (CTL 312)), %q(312), %q(2), %q(3)]).includes ["WIN"]
make([%q(TOPICS IN ENGINEERING AND SCIENCE EDUCATION), %q(313), %q(1), %q(2)]).includes ["SPR"]
make([%q(MICRO/NANO SYSTEMS DESIGN AND FABRICATION), %q(341), %q(3), %q(5)]).includes ["NOT GIVEN THIS YEAR"]
make([%q(MEMS LABORATORY II), %q(342), %q(3), %q(4)]).includes ["AUT"]
