make([%q(Translating Science to Disease Treatment), %q(50N), %q(3), %q(3)]).includes ["WIN"]
make([%q(Famine in the Modern World), %q(60Q), %q(3), %q(3)]).includes ["AUT"]
make([%q(Understanding Children's Health Disparities), %q(65N), %q(3), %q(3)]).includes ["WIN"]
make([%q(Understanding Children's Health Disparities), %q(65Q), %q(3), %q(3)]).includes ["NOT GIVEN THIS YEAR"]
make([%q(Health Promotion and the Campus Culture (PEDS 215)), %q(105), %q(4), %q(4)]).includes ["SPR"]
make([%q(Pursuit of Happiness and Health (PEDS 206)), %q(106), %q(3), %q(3)]).includes ["WIN"]
make([%q(Alcohol Issues and the Campus Culture), %q(116), %q(4), %q(4)]).includes ["SPR"]
make([%q(Pediatrics Journal Club (PEDS 230)), %q(130), %q(1), %q(1)]).includes ["SPR"]
make([%q(Social and Environmental Determinants of Health (PEDS 250)), %q(150), %q(3), %q(3)]).includes ["WIN"]
make([%q(Addressing Child Health Disparities through Community-based Service Learning (PEDS 259A)), %q(159A), %q(2), %q(2)]).includes ["NOT GIVEN THIS YEAR"]
make([%q(Addressing Child Health Disparities through Community-based Service Learning (PEDS 259B)), %q(159B), %q(2), %q(2)]).includes ["NOT GIVEN THIS YEAR"]
make([%q(Addressing Child Health Disparities through Community-based Service Learning (PEDS 259C)), %q(159C), %q(2), %q(2)]).includes ["NOT GIVEN THIS YEAR"]
make([%q(Undergraduate Directed Reading/Research), %q(199), %q(1), %q(18)]).includes ["AUT", "WIN", "SPR", "SUM"]
make([%q(Practical Applications for Qualitative Data Analysis), %q(202A), %q(2), %q(2)]).includes ["AUT"]
make([%q(Practical Applications for Qualitative Data Analysis), %q(202B), %q(2), %q(2)]).includes ["WIN"]
make([%q(Qualitative Research Methods and Study Design), %q(202C), %q(3), %q(3)]).includes ["SPR"]
make([%q(Pursuit of Happiness and Health (PEDS 106)), %q(206), %q(3), %q(3)]).includes ["WIN"]
make([%q(Medical-Legal Issues in Children's Health), %q(211), %q(2), %q(4)]).includes ["SPR"]
make([%q(Challenges of Human Migration: Health and Health Care of Migrants and Autochthonous Populations (HUMBIO 122M)), %q(212), %q(3), %q(3)]).includes ["SPR"]
make([%q(Critical Issues in Child Health), %q(213), %q(2), %q(2)]).includes ["AUT"]
make([%q(Introduction to Pediatrics Lecture Series), %q(214), %q(1), %q(1)]).includes ["WIN"]
make([%q(Health Promotion and the Campus Culture (PEDS 105)), %q(215), %q(4), %q(4)]).includes ["SPR"]
make([%q(Beyond Health Care: Seeking Health in Society (HUMBIO 122)), %q(222), %q(3), %q(3)]).includes ["WIN"]
make([%q(Human Rights and Global Health), %q(223), %q(3), %q(3)]).includes ["SPR"]
make([%q(Genocide and Humanitarian Intervention (HISTORY 224C, HISTORY 324C)), %q(224), %q(3), %q(3)]).includes ["WIN"]
make([%q(Humanitarian Aid and Politics), %q(225), %q(3), %q(3)]).includes ["AUT"]
make([%q(Famine in the Modern World (HISTORY 226E, HISTORY 326E)), %q(226), %q(3), %q(3)]).includes ["WIN"]
make([%q(Pediatrics Journal Club (PEDS 130)), %q(230), %q(1), %q(1)]).includes ["SPR"]
make([%q(Medicine for Innovators and Entrepreneurs (IMMUNOL 231)), %q(231), %q(3), %q(4)]).includes ["NOT GIVEN THIS YEAR"]
make([%q(Developmental Disabilities: From Biology to Policy (HUMBIO 146D)), %q(246), %q(3), %q(3)]).includes ["WIN"]
make([%q(Social and Environmental Determinants of Health (PEDS 150)), %q(250), %q(3), %q(3)]).includes ["WIN"]
make([%q(Medical Ethics I), %q(251A), %q(2), %q(2)]).includes ["WIN"]
make([%q(Medical Ethics II), %q(251B), %q(2), %q(2)]).includes ["AUT"]
make([%q(Pediatric Physical Findings Rounds), %q(254), %q(1), %q(1)]).includes ["WIN", "SPR"]
make([%q(Developing and Defining Strong Community-Academic Partnerships), %q(258), %q(2), %q(2)]).includes ["AUT"]
make([%q(Addressing Child Health Disparities through Community-based Service Learning (PEDS 159A)), %q(259A), %q(2), %q(2)]).includes ["NOT GIVEN THIS YEAR"]
make([%q(Addressing Child Health Disparities through Community-based Service Learning (PEDS 159B)), %q(259B), %q(2), %q(2)]).includes ["NOT GIVEN THIS YEAR"]
make([%q(Addressing Child Health Disparities through Community-based Service Learning (PEDS 159C)), %q(259C), %q(2), %q(2)]).includes ["NOT GIVEN THIS YEAR"]
make([%q(Early Clinical Experience), %q(280), %q(2), %q(4)]).includes ["AUT", "WIN", "SPR", "SUM"]
make([%q(Childhood Chronic Illness: Impact on Family Development), %q(281), %q(1), %q(1)]).includes ["AUT", "WIN", "SPR"]
make([%q(Pregnancy, Birth, and Infancy (OBGYN 282)), %q(282), %q(3), %q(3)]).includes ["SPR"]
make([%q(Directed Reading in Pediatrics), %q(299), %q(1), %q(18)]).includes ["AUT", "WIN", "SPR", "SUM"]
make([%q(Medical Scholars Research), %q(370), %q(4), %q(18)]).includes ["AUT", "WIN", "SPR", "SUM"]
make([%q(Graduate Research), %q(399), %q(1), %q(18)]).includes ["AUT", "WIN", "SPR", "SUM"]
