make([%q(Law and the Biosciences), %q(104Q), %q(3), %q(3)]).includes ["SPR"]
make([%q(Undergraduate Research), %q(199), %q(1), %q(18)]).includes ["AUT", "WIN", "SPR", "SUM"]
make([%q(Genetics and Developmental Biology Training Camp (DBIO 200)), %q(200), %q(1), %q(1)]).includes ["AUT"]
make([%q(Human Genetics), %q(202), %q(4), %q(4)]).includes ["AUT"]
make([%q(Advanced Genetics), %q(205), %q(3), %q(3)]).includes ["WIN"]
make([%q(Current Topics in Human, Population, and Statistical Genomics), %q(209), %q(2), %q(2)]).includes ["SPR"]
make([%q(Genomics and Personalized Medicine (DBIO 220)), %q(210), %q(3), %q(3)]).includes ["SPR"]
make([%q(Genomics), %q(211), %q(3), %q(3)]).includes ["WIN"]
make([%q(Introduction to Biomedical Informatics Research Methodology (BIOE 212, BIOMEDIN 212, CS 272)), %q(212), %q(3), %q(3)]).includes ["SPR"]
make([%q(Representations and Algorithms for Computational Molecular Biology (BIOE 214, BIOMEDIN 214, CS 274)), %q(214), %q(3), %q(4)]).includes ["AUT"]
make([%q(Frontiers in Biological Research (BIOC 215, DBIO 215)), %q(215), %q(1), %q(1)]).includes ["AUT", "WIN", "SPR"]
make([%q(Translational Bioinformatics), %q(217), %q(4), %q(4)]).includes ["WIN"]
make([%q(Computational Analysis of Biological Information: Introduction to Python for Biologists (MI 218, PATH 218)), %q(218), %q(2), %q(2)]).includes ["SUM"]
make([%q(Current Issues in Aging), %q(221), %q(2), %q(2)]).includes ["SPR"]
make([%q(Principles of Pharmacogenomics (BIOMEDIN 224)), %q(224), %q(3), %q(3)]).includes ["AUT", "WIN"]
make([%q(Advanced Imaging Lab in Biophysics (APPPHYS 232, BIO 132, BIO 232, BIOPHYS 232)), %q(232), %q(4), %q(4)]).includes ["SPR"]
make([%q(The Biology of Small Modulatory RNAs (MI 233, PATH 233)), %q(233), %q(2), %q(2)]).includes ["NOT GIVEN THIS YEAR"]
make([%q(Fundamentals of RNA Biology (MI 234, PATH 234)), %q(234), %q(2), %q(2)]).includes ["NOT GIVEN THIS YEAR"]
make([%q(C. Elegans Genetics), %q(235), %q(2), %q(2)]).includes ["ALTERNATE YEARS", "NOT GIVEN NEXT YEAR"]
make([%q(Intellectual Propery: Scientific Evidence in Patent Litigation), %q(243), %q(3), %q(3)]).includes ["SPR"]
make([%q(Introduction to Statistical Genetics (STATS 344)), %q(244), %q(3), %q(3)]).includes ["SPR"]
make([%q(Supervised Study), %q(260), %q(1), %q(18)]).includes ["AUT", "WIN", "SPR", "SUM"]
make([%q(Molecular Mechanisms of Neurodegenerative Disease), %q(267), %q(4), %q(4)]).includes ["WIN"]
make([%q(Human Molecular Genetics), %q(271), %q(4), %q(4)]).includes ["AUT"]
make([%q(Introduction to Medical Genetics), %q(272), %q(2), %q(3)]).includes ["AUT"]
make([%q(Introduction to Clinical Genetics Testing), %q(273), %q(1), %q(1)]).includes ["AUT"]
make([%q(A Case Based Approach to Clinical Genetics), %q(274A), %q(2), %q(2)]).includes ["WIN"]
make([%q(A Case Based Approach to Clinical Genetics), %q(274B), %q(2), %q(2)]).includes ["SPR"]
make([%q(Role Play and Genetic Counseling Observations), %q(275), %q(2), %q(2)]).includes ["AUT"]
make([%q(Genetic Counseling Clinical Rotations), %q(276), %q(4), %q(7)]).includes ["AUT", "WIN", "SPR", "SUM"]
make([%q(Prenatal Genetic Counseling), %q(278), %q(1), %q(1)]).includes ["AUT", "WIN", "SPR", "SUM"]
make([%q(Pediatric and Adult Genetic Counseling), %q(279), %q(1), %q(1)]).includes ["AUT", "WIN", "SPR", "SUM"]
make([%q(Metabolic Genetic Counseling), %q(280), %q(1), %q(1)]).includes ["AUT", "WIN", "SPR", "SUM"]
make([%q(Cancer Genetic Counseling), %q(281), %q(1), %q(1)]).includes ["AUT", "WIN", "SPR", "SUM"]
make([%q(Genetic Counseling Research Seminar), %q(282A), %q(1), %q(1)]).includes ["WIN"]
make([%q(Genetic Counseling Research Seminar), %q(282B), %q(1), %q(1)]).includes ["SPR"]
make([%q(Genetic Counseling Research), %q(283), %q(1), %q(8)]).includes ["AUT", "WIN", "SPR", "SUM"]
make([%q(Medical Genetics Seminar), %q(284), %q(1), %q(2)]).includes ["AUT", "WIN", "SPR"]
make([%q(Genetic Counseling Seminar), %q(285A), %q(2), %q(3)]).includes ["AUT"]
make([%q(Genetics Counseling Seminar), %q(285B), %q(2), %q(2)]).includes ["WIN"]
make([%q(Genetic Counseling Seminar), %q(285C), %q(2), %q(2)]).includes ["SPR"]
make([%q(Advanced Genetic Counseling Seminar), %q(286), %q(2), %q(2)]).includes ["AUT", "WIN", "SPR"]
make([%q(Directed Reading in Genetics), %q(299), %q(1), %q(18)]).includes ["AUT", "WIN", "SPR", "SUM"]
make([%q(RSEARCH), %q(299), %q(0), %q(60)]).includes ["AUT", "WIN", "SPR", "SUM"]
make([%q(Graduate Research), %q(399), %q(1), %q(18)]).includes ["AUT", "WIN", "SPR", "SUM"]
make([%q(TGR Project), %q(801), %q(0), %q(0)]).includes ["AUT", "WIN", "SPR", "SUM"]
make([%q(TGR Dissertation), %q(802), %q(0), %q(0)]).includes ["AUT", "WIN", "SPR", "SUM"]
