make([%q(COMPARATIVE ANATOMY AND PHYSIOLOGY OF MAMMALS), %q(10SC), %q(2), %q(2)]).includes ["NOT GIVEN THIS YEAR"]
make([%q(LIFE IN THE ZOO: BEHAVIOR, WELFARE AND ENRICHMENT), %q(11SC), %q(2), %q(2)]).includes ["SUM"]
make([%q(INTRODUCTION TO ANIMAL BEHAVIOR), %q(80N), %q(3), %q(3)]).includes ["SPR"]
make([%q(INTRODUCTION TO ANIMAL BEHAVIOR), %q(80Q), %q(3), %q(3)]).includes ["AUT"]
make([%q(COMPARATIVE ANATOMY AND PHYSIOLOGY OF MAMMALS), %q(81N), %q(3), %q(3)]).includes ["WIN"]
make([%q(HORSE MEDICINE), %q(83N), %q(3), %q(3)]).includes ["SPR"]
make([%q(GLOBALLY EMERGING ZOONOTIC DISEASES), %q(84Q), %q(3), %q(3)]).includes ["SPR"]
make([%q(ANIMAL USE IN BIOMEDICAL RESEARCH), %q(85N), %q(3), %q(3)]).includes ["SPR"]
make([%q(INTRODUCTION TO THE MOUSE IN BIOMEDICAL RESEARCH), %q(87Q), %q(3), %q(3)]).includes ["AUT"]
make([%q(BLOOD CELLS- THE BASICS), %q(88Q), %q(3), %q(3)]).includes ["WIN"]
make([%q(OUCH IT HURTS! THE COMPARATIVE NEUROBIOLOGY OF PAIN), %q(89Q), %q(3), %q(3)]).includes ["NOT GIVEN THIS YEAR"]
make([%q(COMPARATIVE NEUROANATOMY (COMPMED 207)), %q(107), %q(4), %q(4)]).includes ["ALTERNATE YEARS", "GIVEN NEXT YEAR"]
make([%q(THE MAKING OF THE PRIMATE BRAIN), %q(108), %q(3), %q(3)]).includes ["NOT GIVEN THIS YEAR"]
make([%q(PRE-VET ADVISORY), %q(110), %q(1), %q(1)]).includes ["AUT", "WIN", "SPR"]
make([%q(IMAGING ANATOMY IN ANIMAL MODELS), %q(121), %q(3), %q(3)]).includes ["AUT"]
make([%q(UNDERGRADUATE DIRECTED READING IN COMPARATIVE MEDICINE), %q(198), %q(1), %q(3)]).includes ["AUT", "WIN", "SPR", "SUM"]
make([%q(UNDERGRADUATE RESEARCH), %q(199), %q(1), %q(3)]).includes ["AUT", "WIN", "SPR", "SUM"]
make([%q(COMPARATIVE NEUROANATOMY (COMPMED 107)), %q(207), %q(4), %q(4)]).includes ["ALTERNATE YEARS", "GIVEN NEXT YEAR"]
make([%q(SYNAPTIC PROPERTIES AND NEURONAL CIRCUITS), %q(215), %q(2), %q(3)]).includes ["NOT GIVEN THIS YEAR"]
make([%q(DIRECTED READING IN COMPARATIVE MEDICINE), %q(299), %q(1), %q(18)]).includes ["AUT", "WIN", "SPR", "SUM"]
make([%q(MEDICAL SCHOLARS RESEARCH), %q(370), %q(4), %q(18)]).includes ["AUT", "WIN", "SPR", "SUM"]
make([%q(GRADUATE RESEARCH), %q(399), %q(1), %q(18)]).includes ["AUT", "WIN", "SPR", "SUM"]
