make([%q(SPANISH IMMERSION), %q(10SC), %q(2), %q(2)]).includes ["SUM"]
make([%q(THE MILLENIUM NOVEL IN LATIN AMERICA), %q(103N), %q(3), %q(3)]).includes ["WIN"]
make([%q(SPANISH SOCIETY IN THE 21ST CENTURY THROUGHOUT FILM), %q(110), %q(3), %q(5)]).includes ["NOT GIVEN THIS YEAR"]
make([%q(INTRODUCTION TO LYRIC POETRY), %q(114N), %q(3), %q(5)]).includes ["SPR"]
make([%q(A SHORT HISTORY OF IBERIAN CINEMA (ILAC 315)), %q(115), %q(3), %q(5)]).includes ["NOT GIVEN THIS YEAR"]
make([%q(APPROACHES TO SPANISH AND SPANISH AMERICAN LITERATURE), %q(116), %q(3), %q(5)]).includes ["AUT"]
make([%q(ADVANCED CRITICAL READING IN SPANISH), %q(120), %q(3), %q(5)]).includes ["WIN"]
make([%q(THE BIOGRAPHICAL SPACE IN CONTEMPORARY CULTURE (ILAC 320)), %q(120A), %q(3), %q(5)]).includes ["NOT GIVEN THIS YEAR"]
make([%q(LITERATURE AND POLITICS - TWO MEDITERRANEAN CASES: CATALONIA AND ITALY (ITALIAN 136)), %q(122), %q(3), %q(5)]).includes ["NOT GIVEN THIS YEAR"]
make([%q(ETHNOGRAPHY, IDENTITY, AND MEMORY IN LUSOPHONE FICTION), %q(123), %q(3), %q(5)]).includes ["NOT GIVEN THIS YEAR"]
make([%q(INTRODUCTION TO IBERIA: CULTURAL PERSPECTIVES), %q(130), %q(3), %q(5)]).includes ["WIN"]
make([%q(INTRODUCTION TO LATIN AMERICA: CULTURAL PERSPECTIVES), %q(131), %q(3), %q(5)]).includes ["AUT"]
make([%q(THE ANIMAL WITHIN: ANIMAL PRESENCE IN LATIN AMERICAN NARRATIVE), %q(133N), %q(3), %q(3)]).includes ["AUT"]
make([%q(IN THE FIRST PERSON: REPRESENTATION OF THE SELF IN MODERN LATIN AMERICA), %q(134), %q(3), %q(5)]).includes ["AUT"]
make([%q(FROM BOOK TO SCREEN: BRAZILIAN NOVELS AND THEIR FILM ADAPTATIONS), %q(135), %q(3), %q(5)]).includes ["WIN"]
make([%q(MODERN IBERIAN LITERATURES), %q(136), %q(3), %q(5)]).includes ["AUT"]
make([%q(FROM NATIONAL ANGST TO INCIPIENT MODERNITY: SPANISH LITERATURE AFTER EMPIRE), %q(138), %q(3), %q(5)]).includes ["SPR"]
make([%q(MIGRATION IN 21ST CENTURY LATIN AMERICAN FILM (CHILATST 140)), %q(140), %q(3), %q(5)]).includes ["NOT GIVEN THIS YEAR"]
make([%q(THE LATIN AMERICAN WOMEN'S NOVEL), %q(143), %q(3), %q(5)]).includes ["NOT GIVEN THIS YEAR"]
make([%q(POETS, JOURNALISTS AND COLLECTORS: LATIN AMERICAN MODERNISMO), %q(145), %q(3), %q(5)]).includes ["NOT GIVEN THIS YEAR"]
make([%q(MEDIEVAL AND EARLY MODERN IBERIAN LITERATURES), %q(157), %q(3), %q(5)]).includes ["AUT"]
make([%q(MODERN LATIN AMERICAN LITERATURE), %q(161), %q(3), %q(5)]).includes ["WIN"]
make([%q(THE WORLD THAT COLUMBUS MADE: IMAGINING THE SPANISH EMPIRE (1492- C. 1600) (HISTORY 76S)), %q(168), %q(5), %q(5)]).includes ["WIN"]
make([%q(DAYDREAMING IN PORTUGAL AND BRAZIL), %q(175), %q(3), %q(5)]).includes ["SPR"]
make([%q(THE CINEMA OF PEDRO ALMODOVAR (ILAC 393)), %q(193), %q(3), %q(5)]).includes ["WIN"]
make([%q(SPACES AND VOICES OF BRAZIL THROUGH FILM (PORTLANG 193Q)), %q(193Q), %q(3), %q(4)]).includes ["AUT"]
make([%q(INDIVIDUAL WORK), %q(199), %q(1), %q(12)]).includes ["AUT", "WIN", "SPR", "SUM"]
make([%q(RENAISSANCE PASTORALISMS), %q(207E), %q(3), %q(5)]).includes ["NOT GIVEN THIS YEAR"]
make([%q(QUEER ALMODOVAR (FEMST 210)), %q(210), %q(3), %q(5)]).includes ["NOT GIVEN THIS YEAR"]
make([%q(SPAIN & CATALONIA FACE TO FACE. HISTORY, LITERATURE AND ARTS WITHIN TWO EUROPEAN NATIONAL TRADITIONS), %q(217), %q(3), %q(5)]).includes ["NOT GIVEN THIS YEAR"]
make([%q(ANTICLERICALISM IN THE IBERIAN NOVEL OF THE 19TH CENTURY), %q(218), %q(3), %q(5)]).includes ["NOT GIVEN THIS YEAR"]
make([%q(THE GENERATION OF 1898 AND BEYOND), %q(223), %q(3), %q(5)]).includes ["NOT GIVEN THIS YEAR"]
make([%q(BORGES AND PHILOSOPHY), %q(240E), %q(3), %q(5)]).includes ["AUT"]
make([%q(FICTION WORKSHOP IN SPANISH), %q(241), %q(3), %q(5)]).includes ["NOT GIVEN THIS YEAR"]
make([%q(POETRY WORKSHOP IN SPANISH), %q(242), %q(3), %q(5)]).includes ["SPR"]
make([%q(THE MILLENIUM NOVEL IN LATIN AMERICA), %q(243), %q(3), %q(5)]).includes ["NOT GIVEN THIS YEAR"]
make([%q(BRAZILIAN SONGS), %q(245), %q(3), %q(5)]).includes ["NOT GIVEN THIS YEAR"]
make([%q(LATIN AMERICAN LITERARY THEORY), %q(251), %q(3), %q(5)]).includes ["NOT GIVEN THIS YEAR"]
make([%q(SURREALISM IN LATIN AMERICA AND SPAIN (POETRY AND FICTION)), %q(254), %q(3), %q(5)]).includes ["SPR"]
make([%q(DICTATORSHIPS IN LATIN AMERICA THROUGH TESTIMONIES AND FILM (ARGENTINA, CHILE, URUGUAY IN THE 70S)), %q(257), %q(3), %q(5)]).includes ["NOT GIVEN THIS YEAR"]
make([%q(VOICES IN BRAZILIAN FICTION), %q(261), %q(3), %q(5)]).includes ["NOT GIVEN THIS YEAR"]
make([%q(CATALONIA'S LITERARY CARTOGRAPHY), %q(274), %q(3), %q(5)]).includes ["AUT"]
make([%q(AESTHETICS, REVOLUTIONARIES AND TERRORISTS (ILAC 376)), %q(276), %q(3), %q(5)]).includes ["SPR"]
make([%q(SPANISH IN SOCIETY), %q(277), %q(3), %q(5)]).includes ["NOT GIVEN THIS YEAR"]
make([%q(SENIOR SEMINAR: EARLY 20TH CENTURY LYRIC POETRY (MACHADO, JIMENEZ, LORCA)), %q(278), %q(3), %q(5)]).includes ["WIN"]
make([%q(SENIOR SEMINAR: CUBA FROM BEGINNING TO END), %q(278A), %q(3), %q(5)]).includes ["SPR"]
make([%q(LATIN@ LITERATURE (CHILATST 200, CSRE 200, ILAC 382)), %q(280), %q(3), %q(5)]).includes ["AUT"]
make([%q(FERNANDO PESSOA'S FIVE FORMS OF ANXIETY), %q(281), %q(3), %q(5)]).includes ["SPR"]
make([%q(QUEER RAZA (CHILATST 120, FEMGEN 120)), %q(287), %q(3), %q(5)]).includes ["AUT"]
make([%q(INDIVIDUAL WORK), %q(299), %q(1), %q(12)]).includes ["AUT", "WIN", "SPR", "SUM"]
make([%q(RHYTHM: ETHICS AND POETICS OF THE PREMODERN), %q(305), %q(3), %q(5)]).includes ["NOT GIVEN THIS YEAR"]
make([%q(FIRST YEAR WRITING WORKSHOP), %q(309), %q(1), %q(1)]).includes ["AUT", "WIN"]
make([%q(A SHORT HISTORY OF IBERIAN CINEMA (ILAC 115)), %q(315), %q(3), %q(5)]).includes ["NOT GIVEN THIS YEAR"]
make([%q(REALISM AND SURREALISM IN THE CINEMA OF LUIS BUNUEL), %q(316), %q(3), %q(5)]).includes ["NOT GIVEN THIS YEAR"]
make([%q(THE BIOGRAPHICAL SPACE IN CONTEMPORARY CULTURE (ILAC 120A)), %q(320), %q(3), %q(5)]).includes ["NOT GIVEN THIS YEAR"]
make([%q(RACE AND SLAVERY IN NINETEENTH CENTURY SPAIN), %q(332), %q(3), %q(5)]).includes ["NOT GIVEN THIS YEAR"]
make([%q(MATERIALISM AND LITERATURE (COMPLIT 335A)), %q(335), %q(3), %q(5)]).includes ["WIN"]
make([%q(EARLY 20TH CENTURY IBERIAN POETRY), %q(336), %q(3), %q(5)]).includes ["NOT GIVEN THIS YEAR"]
make([%q(BIOPOLITICS AND SOVEREIGNITY IN ANDEAN CULTURE, 1920-1940), %q(345), %q(3), %q(5)]).includes ["NOT GIVEN THIS YEAR"]
make([%q(THE AMBIGUITY OF THE PERIPHERY), %q(371), %q(3), %q(5)]).includes ["AUT"]
make([%q(AESTHETICS, REVOLUTIONARIES AND TERRORISTS (ILAC 276)), %q(376), %q(3), %q(5)]).includes ["SPR"]
make([%q(CRITICAL CONCEPTS IN CHICAN@ LITERATURE (CHILATST 201C, CSRE 201C)), %q(380E), %q(3), %q(5)]).includes ["NOT GIVEN THIS YEAR"]
make([%q(LATIN@ LITERATURE (CHILATST 200, CSRE 200, ILAC 280)), %q(382), %q(3), %q(5)]).includes ["AUT"]
make([%q(QUEER OF COLOR CRITIQUE:  RACE, SEX, GENDER IN CULTURAL REPRESENTATIONS (CSRE 289E, FEMST 389E)), %q(389E), %q(3), %q(5)]).includes ["NOT GIVEN THIS YEAR"]
make([%q(THE CINEMA OF PEDRO ALMODOVAR (ILAC 193)), %q(393), %q(3), %q(5)]).includes ["WIN"]
make([%q(INDIVIDUAL WORK), %q(399), %q(1), %q(12)]).includes ["AUT", "WIN", "SPR", "SUM"]
make([%q(TGR PROJECT), %q(801), %q(0), %q(0)]).includes ["AUT"]
make([%q(TGR DISSERTATION), %q(802), %q(0), %q(0)]).includes ["AUT", "WIN", "SPR", "SUM"]
