make([%q(PUBLIC POLICY AND PERSONAL FINANCE (ECON 25N)), %q(55N), %q(3), %q(3)]).includes ["AUT"]
make([%q(POLITICS AND PUBLIC POLICY (POLISCI 123, PUBLPOL 201)), %q(101), %q(4), %q(5)]).includes ["SPR"]
make([%q(ORGANIZATIONS AND PUBLIC POLICY (PUBLPOL 202)), %q(102), %q(4), %q(5)]).includes ["SPR"]
make([%q(JUSTICE (ETHICSOC 171, IPS 208, PHIL 171, PHIL 271, POLISCI 3P, POLISCI 136S, POLISCI 336S, PUBLPOL 307)), %q(103C), %q(4), %q(5)]).includes ["AUT"]
make([%q(ETHICS AND POLITICS OF PUBLIC SERVICE (CSRE 178, ETHICSOC 133, HUMBIO 178, PHIL 175A, PHIL 275A, POLISCI 133, URBANST 122)), %q(103D), %q(5), %q(5)]).includes ["SPR"]
make([%q(ECONOMIC POLICY ANALYSIS (ECON 150, PUBLPOL 204)), %q(104), %q(4), %q(5)]).includes ["WIN", "SPR"]
make([%q(LAW AND ECONOMICS (ECON 154, PUBLPOL 206)), %q(106), %q(4), %q(5)]).includes ["WIN"]
make([%q(PUBLIC FINANCE AND FISCAL POLICY (ECON 141)), %q(107), %q(5), %q(5)]).includes ["WIN"]
make([%q(PRACTICAL TRAINING), %q(115), %q(1), %q(10)]).includes ["AUT", "WIN", "SPR", "SUM"]
make([%q(POLICY AND CLIMATE CHANGE), %q(121), %q(4), %q(5)]).includes ["NOT GIVEN THIS YEAR"]
make([%q(RACIAL-ETHNIC POLITICS IN US (AMSTUD 121L, CSRE 121L, POLISCI 121L)), %q(121L), %q(5), %q(5)]).includes ["AUT"]
make([%q(BIOSECURITY AND BIOTERRORISM RESPONSE), %q(122), %q(4), %q(5)]).includes ["SPR"]
make([%q(WHAT'S WRONG WITH AMERICAN GOVERNMENT? AN INSTITUTIONAL APPROACH (POLISCI 120C)), %q(124), %q(5), %q(5)]).includes ["SPR"]
make([%q(LAW AND PUBLIC POLICY), %q(125), %q(5), %q(5)]).includes ["NOT GIVEN THIS YEAR"]
make([%q(INTERNATIONAL PROBLEM-SOLVING THROUGH NGOS: POLICY, PLAYERS, STRATEGIES, AND ETHICS (INTNLREL 128B, PUBLPOL 228)), %q(128), %q(2), %q(2)]).includes ["NOT GIVEN THIS YEAR"]
make([%q(THE POLITICS OF POLICY MAKING (PUBLPOL 232)), %q(132), %q(3), %q(3)]).includes ["SPR"]
make([%q(URBAN POLITICS (AMSTUD 121Z, POLISCI 121, URBANST 111)), %q(133), %q(5), %q(5)]).includes ["WIN"]
make([%q(ETHICS ON THE EDGE:  BUSINESS, NON-PROFIT ORGANIZATIONS, GOVERNMENT, AND INDIVIDUALS (ETHICSOC 234R, PUBLPOL 234)), %q(134), %q(3), %q(3)]).includes ["SPR"]
make([%q(REGIONAL POLITICS AND DECISION MAKING IN SILICON VALLEY AND THE GREATER BAY AREA), %q(135), %q(3), %q(3)]).includes ["WIN"]
make([%q(GIVING 2.0: PHILANTHROPY BY DESIGN), %q(144), %q(4), %q(4)]).includes ["NOT GIVEN THIS YEAR"]
make([%q(POLITICS AND POLICY IN CALIFORNIA), %q(154), %q(3), %q(3)]).includes ["WIN"]
make([%q(DISRUPTION FOR GOOD- TECHNOLOGY, INNOVATION AND PHILANTHROPY), %q(155), %q(2), %q(2)]).includes ["NOT GIVEN THIS YEAR"]
make([%q(HEALTH CARE POLICY AND REFORM), %q(156), %q(3), %q(3)]).includes ["AUT"]
make([%q(APPLIED QUANTITATIVE RESEARCH IN POLITICAL SCIENCE (POLISCI 155)), %q(157), %q(5), %q(5)]).includes ["SPR"]
make([%q(GLOBAL ORGANIZATIONS: MANAGING DIVERSITY (PUBLPOL 268, SOC 168, SOC 268)), %q(168), %q(4), %q(4)]).includes ["WIN"]
make([%q(POLITICAL CORRUPTION (PUBLPOL 270)), %q(170), %q(2), %q(2)]).includes ["NOT GIVEN THIS YEAR"]
make([%q(THE URBAN ECONOMY (URBANST 173)), %q(174), %q(4), %q(4)]).includes ["SPR"]
make([%q(PHILANTHROPY AND SOCIAL INNOVATION), %q(183), %q(4), %q(4)]).includes ["NOT GIVEN THIS YEAR"]
make([%q(POVERTY AND POLICIES IN DEVELOPING ECONOMIES), %q(184), %q(5), %q(5)]).includes ["WIN"]
make([%q(TECHNOLOGY POLICY (PUBLPOL 294)), %q(194), %q(3), %q(4)]).includes ["WIN"]
make([%q(JUNIOR HONORS SEMINAR (ECON 198)), %q(197), %q(5), %q(5)]).includes ["SPR"]
make([%q(DIRECTED READINGS IN PUBLIC POLICY), %q(198), %q(1), %q(5)]).includes ["AUT", "WIN", "SPR", "SUM"]
make([%q(SENIOR RESEARCH), %q(199), %q(1), %q(15)]).includes ["AUT", "WIN", "SPR"]
make([%q(SENIOR PRACTICUM), %q(200A), %q(5), %q(5)]).includes ["AUT"]
make([%q(SENIOR PRACTICUM), %q(200B), %q(5), %q(5)]).includes ["WIN"]
make([%q(SENIOR PRACTICUM), %q(200C), %q(5), %q(5)]).includes ["SPR"]
make([%q(SENIOR HONORS SEMINAR), %q(200H), %q(3), %q(3)]).includes ["AUT"]
make([%q(POLITICS AND PUBLIC POLICY (POLISCI 123, PUBLPOL 101)), %q(201), %q(4), %q(5)]).includes ["SPR"]
make([%q(ORGANIZATIONS AND PUBLIC POLICY (PUBLPOL 102)), %q(202), %q(4), %q(5)]).includes ["SPR"]
make([%q(ECONOMIC POLICY ANALYSIS (ECON 150, PUBLPOL 104)), %q(204), %q(4), %q(5)]).includes ["WIN", "SPR"]
make([%q(LAW AND ECONOMICS (ECON 154, PUBLPOL 106)), %q(206), %q(4), %q(5)]).includes ["WIN"]
make([%q(BIOSECURITY AND BIOTERRORISM RESPONSE (SURG 222)), %q(222), %q(2), %q(5)]).includes ["SPR"]
make([%q(INTERNATIONAL PROBLEM-SOLVING THROUGH NGOS: POLICY, PLAYERS, STRATEGIES, AND ETHICS (INTNLREL 128B, PUBLPOL 128)), %q(228), %q(2), %q(2)]).includes ["NOT GIVEN THIS YEAR"]
make([%q(HEALTH CARE REGULATION, FINANCE AND POLICY (HRP 391)), %q(231), %q(3), %q(3)]).includes ["WIN"]
make([%q(THE POLITICS OF POLICY MAKING (PUBLPOL 132)), %q(232), %q(3), %q(3)]).includes ["SPR"]
make([%q(ETHICS ON THE EDGE:  BUSINESS, NON-PROFIT ORGANIZATIONS, GOVERNMENT, AND INDIVIDUALS (ETHICSOC 234R, PUBLPOL 134)), %q(234), %q(3), %q(3)]).includes ["SPR"]
make([%q(FROM INNOVATION TO IMPLEMENTATION: HOW GOVERNMENT CAN DEVELOP AND APPLY NEW IDEAS (IPS 235)), %q(235), %q(3), %q(5)]).includes ["AUT"]
make([%q(LAW AND PUBLIC POLICY: ISSUES IN IMPLEMENTATION), %q(236), %q(3), %q(3)]).includes ["NOT GIVEN THIS YEAR"]
make([%q(DESIGNING THE WAY UP: BREAKING THE CYCLE OF POVERTY IN AMERICA THROUGH INNOVATIVE EARLY INTERVENTION), %q(240), %q(3), %q(4)]).includes ["NOT GIVEN THIS YEAR"]
make([%q(DESIGN THINKING FOR PUBLIC POLICY INNOVATORS), %q(241), %q(3), %q(4)]).includes ["SPR"]
make([%q(GLOBAL ORGANIZATIONS: MANAGING DIVERSITY (PUBLPOL 168, SOC 168, SOC 268)), %q(268), %q(4), %q(4)]).includes ["WIN"]
make([%q(POLITICAL CORRUPTION (PUBLPOL 170)), %q(270), %q(2), %q(2)]).includes ["NOT GIVEN THIS YEAR"]
make([%q(TECHNOLOGY POLICY (PUBLPOL 194)), %q(294), %q(3), %q(4)]).includes ["WIN"]
make([%q(DIRECTED READINGS IN PUBLIC POLICY), %q(298), %q(1), %q(5)]).includes ["AUT", "WIN", "SPR", "SUM"]
make([%q(MICROECONOMICS (IPS 204A)), %q(301A), %q(4), %q(4)]).includes ["AUT"]
make([%q(COST-BENEFIT ANALYSIS AND EVALUATION (IPS 204B)), %q(301B), %q(4), %q(5)]).includes ["SPR"]
make([%q(INTRODUCTION TO AMERICAN LAW (AMSTUD 179, POLISCI 122)), %q(302A), %q(3), %q(5)]).includes ["AUT"]
make([%q(ECONOMIC ANALYSIS OF LAW), %q(302B), %q(4), %q(4)]).includes ["WIN"]
make([%q(POLITICAL METHODOLOGY II (POLISCI 350B)), %q(303B), %q(5), %q(5)]).includes ["WIN"]
make([%q(BAYESIAN STATISTICS AND ECONOMETRICS), %q(303C), %q(5), %q(5)]).includes ["NOT GIVEN THIS YEAR"]
make([%q(APPLIED ECONOMETRICS FOR PUBLIC POLICY), %q(303D), %q(4), %q(5)]).includes ["WIN"]
make([%q(COLLECTIVE ACTION: ETHICS AND POLICY (ETHICSOC 180M, PHIL 73)), %q(304A), %q(3), %q(5)]).includes ["SPR"]
make([%q(JUDGMENT AND DECISION MAKING (IPS 207A)), %q(305A), %q(4), %q(5)]).includes ["SPR"]
make([%q(PUBLIC POLICY AND SOCIAL PSYCHOLOGY: IMPLICATIONS AND APPLICATIONS (IPS 207B, PSYCH 216)), %q(305B), %q(4), %q(4)]).includes ["NOT GIVEN THIS YEAR"]
make([%q(WRITING AND RHETORIC FOR POLICY AUDIENCES), %q(306), %q(4), %q(4)]).includes ["WIN"]
make([%q(JUSTICE (ETHICSOC 171, IPS 208, PHIL 171, PHIL 271, POLISCI 3P, POLISCI 136S, POLISCI 336S, PUBLPOL 103C)), %q(307), %q(4), %q(5)]).includes ["AUT"]
make([%q(POLITICAL ANALYSIS FOR PUBLIC POLICYMAKERS), %q(308), %q(4), %q(4)]).includes ["AUT"]
make([%q(PRACTICUM), %q(309), %q(1), %q(10)]).includes ["AUT", "WIN"]
make([%q(PUBLIC POLICY RESEARCH PROJECT), %q(309X), %q(1), %q(10)]).includes ["AUT", "WIN", "SPR"]
make([%q(MASTER OF ARTS THESIS), %q(310), %q(1), %q(5)]).includes ["AUT", "WIN", "SPR", "SUM"]
make([%q(PUBLIC POLICY COLLOQUIUM), %q(311), %q(1), %q(1)]).includes ["AUT", "WIN", "SPR"]
make([%q(ISSUES IN SCIENCE POLICY), %q(313), %q(1), %q(1)]).includes ["NOT GIVEN THIS YEAR"]
make([%q(PRACTICAL TRAINING), %q(315), %q(1), %q(5)]).includes ["AUT", "WIN", "SPR", "SUM"]
make([%q(COMPARING INSTITUTIONAL FORMS: PUBLIC, PRIVATE, AND NONPROFIT (EDUC 377, GSBGEN 346, SOC 377)), %q(317), %q(4), %q(4)]).includes ["NOT GIVEN THIS YEAR"]
make([%q(REBOOTING GOVERNMENT WITH DESIGN THINKING (POLISCI 347D)), %q(347D), %q(3), %q(4)]).includes ["NOT GIVEN THIS YEAR"]
make([%q(SCIENCE AND TECHNOLOGY POLICY), %q(353), %q(3), %q(4)]).includes ["AUT"]
make([%q(ECONOMICS OF INNOVATION (ECON 113)), %q(354), %q(5), %q(5)]).includes ["SPR"]
make([%q(THE FUTURE OF FINANCE (ECON 152, ECON 252, STATS 238)), %q(364), %q(2), %q(2)]).includes ["SPR"]
make([%q(THE NATIONAL ENVIRONMENTAL POLICY ACT:  PUSHING THE RESET BUTTON), %q(413R), %q(2), %q(2)]).includes ["SPR"]
make([%q(TGR PROJECT), %q(801), %q(0), %q(0)]).includes ["AUT", "WIN", "SPR", "SUM"]
