make([%q(BIBLICAL GREEK (CLASSGRK 5, RELIGST 171A)), %q(5), %q(3), %q(5)]).includes ["AUT"]
make([%q(RELIGION AND POLITICS: COMPARING EUROPE TO THE U.S. (RELIGST 18N)), %q(18N), %q(3), %q(4)]).includes ["SPR"]
make([%q(EXPLORING JUDAISM (RELIGST 71)), %q(71), %q(4), %q(4)]).includes ["SPR"]
make([%q(JEWS, 1500 TO THE PRESENT (HISTORY 85B)), %q(85B), %q(3), %q(3)]).includes ["AUT"]
make([%q(FIRST-YEAR HEBREW, FIRST QUARTER (AMELANG 128A)), %q(101A), %q(5), %q(5)]).includes ["AUT"]
make([%q(FIRST-YEAR HEBREW, SECOND QUARTER (AMELANG 128B)), %q(101B), %q(5), %q(5)]).includes ["WIN"]
make([%q(FIRST-YEAR HEBREW, THIRD QUARTER (AMELANG 128C)), %q(101C), %q(5), %q(5)]).includes ["SPR"]
make([%q(SECOND-YEAR HEBREW, FIRST QUARTER (AMELANG 129A)), %q(102A), %q(4), %q(4)]).includes ["AUT"]
make([%q(SECOND-YEAR HEBREW, SECOND QUARTER (AMELANG 129B)), %q(102B), %q(4), %q(4)]).includes ["WIN"]
make([%q(SECOND-YEAR HEBREW, THIRD QUARTER (AMELANG 129C)), %q(102C), %q(4), %q(4)]).includes ["SPR"]
make([%q(HEBREW FORUM (AMELANG 131A)), %q(104), %q(2), %q(4)]).includes ["AUT"]
make([%q(FIRST-YEAR YIDDISH, FIRST QUARTER (AMELANG 140A)), %q(104A), %q(4), %q(4)]).includes ["AUT"]
make([%q(FIRST-YEAR YIDDISH, SECOND QUARTER (AMELANG 140B)), %q(104B), %q(4), %q(4)]).includes ["WIN"]
make([%q(FIRST-YEAR YIDDISH, THIRD QUARTER (AMELANG 140C)), %q(104C), %q(4), %q(4)]).includes ["SPR"]
make([%q(HEBREW FORUM (AMELANG 131B)), %q(105), %q(2), %q(4)]).includes ["NOT GIVEN THIS YEAR"]
make([%q(REFLECTION ON THE OTHER: THE JEW IN ARABIC LITERATURE, THE ARAB IN HEBREW LITERATURE (AMELANG 126, COMPLIT 145)), %q(106), %q(4), %q(4)]).includes ["AUT"]
make([%q(BIBLICAL HEBREW, FIRST QUARTER (AMELANG 170A, RELIGST 170A)), %q(107A), %q(2), %q(2)]).includes ["NOT GIVEN THIS YEAR"]
make([%q(BIBLICAL HEBREW, SECOND QUARTER (AMELANG 170B)), %q(107B), %q(1), %q(1)]).includes ["NOT GIVEN THIS YEAR"]
make([%q(LESSONS IN ECOLOGICAL RESTORATION: ISRAEL AND THE MIDDLE EAST (BIO 162)), %q(116), %q(3), %q(3)]).includes ["AUT"]
make([%q(READINGS IN TALMUDIC LITERATURE (JEWISHST 227D, RELIGST 170D, RELIGST 270D)), %q(127D), %q(1), %q(1)]).includes ["WIN", "SPR"]
make([%q(MODERN JEWISH THOUGHT (RELIGST 129)), %q(129), %q(4), %q(4)]).includes ["AUT"]
make([%q(REREADING JUDAISM IN LIGHT OF FEMINISM (FEMGEN 139)), %q(139), %q(4), %q(4)]).includes ["ALTERNATE YEARS", "GIVEN NEXT YEAR"]
make([%q(LITERATURE AND SOCIETY IN AFRICA AND THE CARIBBEAN (AFRICAAM 133, FRENCH 133)), %q(143), %q(4), %q(4)]).includes ["WIN"]
make([%q(POETIC THINKING ACROSS MEDIA (COMPLIT 154B, GERMAN 154)), %q(144B), %q(4), %q(4)]).includes ["AUT"]
make([%q(CO-EXISTENCE IN HEBREW LITERATURE (AMELANG 175, COMPLIT 161)), %q(146), %q(4), %q(5)]).includes ["GIVEN NEXT YEAR"]
make([%q(GERMAN CAPSTONE: READING FRANZ KAFKA (COMPLIT 111, COMPLIT 311C, GERMAN 190, GERMAN 390, JEWISHST 349)), %q(147), %q(3), %q(5)]).includes ["NOT GIVEN THIS YEAR"]
make([%q(WRITING BETWEEN LANGUAGES:  THE CASE OF EASTERN EUROPEAN JEWISH LITERATURE (JEWISHST 348, SLAVIC 198, SLAVIC 398)), %q(148), %q(3), %q(5)]).includes ["SPR"]
make([%q(JEWISH AMERICAN LITERATURE (ENGLISH 145D, REES 145D)), %q(155D), %q(5), %q(5)]).includes ["SPR"]
make([%q(JEWS, 1500 TO THE PRESENT (HISTORY 185B)), %q(185B), %q(5), %q(5)]).includes ["AUT"]
make([%q(DIRECTED READING IN YIDDISH, SECOND QUARTER), %q(199B), %q(1), %q(5)]).includes ["WIN"]
make([%q(READING HEBREW, FIRST QUARTER (AMELANG 250A)), %q(205), %q(2), %q(4)]).includes ["NOT GIVEN THIS YEAR"]
make([%q(EMMANUEL LEVINAS: ETHICS, PHILOSOPHY AND RELIGION (JEWISHST 324, RELIGST 234, RELIGST 334)), %q(224), %q(4), %q(4)]).includes ["AUT"]
make([%q(READINGS IN TALMUDIC LITERATURE (JEWISHST 127D, RELIGST 170D, RELIGST 270D)), %q(227D), %q(1), %q(1)]).includes ["WIN", "SPR"]
make([%q(MASTERPIECES OF HEBREW LITERATURE FROM THE BIBLE TO THE PRESENT (COMPLIT 283)), %q(243), %q(4), %q(5)]).includes ["WIN"]
make([%q(CAMPAIGNS AND ELECTIONS IN ISRAEL (POLISCI 241C)), %q(271C), %q(5), %q(5)]).includes ["WIN"]
make([%q(INTRODUCTION TO ISRAELI POLITICS (INTNLREL 163, POLISCI 249P)), %q(279P), %q(5), %q(5)]).includes ["AUT"]
make([%q(CIRCLES OF HELL: POLAND IN WORLD WAR II (HISTORY 228, HISTORY 328, JEWISHST 382)), %q(282), %q(5), %q(5)]).includes ["AUT"]
make([%q(RESEARCH SEMINAR IN MIDDLE EAST HISTORY (HISTORY 481, JEWISHST 481)), %q(287S), %q(4), %q(5)]).includes ["SPR"]
make([%q(PALESTINE AND THE ARAB-ISRAELI CONFLICT (HISTORY 288, JEWISHST 388)), %q(288), %q(4), %q(5)]).includes ["SPR"]
make([%q(KNOWING GOD: LEARNING RELIGION IN POPULAR CULTURE (EDUC 231X, RELIGST 231X)), %q(291X), %q(4), %q(4)]).includes ["NOT GIVEN THIS YEAR"]
make([%q(DIRECTED READING IN YIDDISH, FIRST QUARTER), %q(299A), %q(1), %q(5)]).includes ["AUT"]
make([%q(EMMANUEL LEVINAS: ETHICS, PHILOSOPHY AND RELIGION (JEWISHST 224, RELIGST 234, RELIGST 334)), %q(324), %q(4), %q(4)]).includes ["AUT"]
make([%q(WRITING BETWEEN LANGUAGES:  THE CASE OF EASTERN EUROPEAN JEWISH LITERATURE (JEWISHST 148, SLAVIC 198, SLAVIC 398)), %q(348), %q(3), %q(5)]).includes ["SPR"]
make([%q(GERMAN CAPSTONE: READING FRANZ KAFKA (COMPLIT 111, COMPLIT 311C, GERMAN 190, GERMAN 390, JEWISHST 147)), %q(349), %q(3), %q(5)]).includes ["NOT GIVEN THIS YEAR"]
make([%q(CIRCLES OF HELL: POLAND IN WORLD WAR II (HISTORY 228, HISTORY 328, JEWISHST 282)), %q(382), %q(5), %q(5)]).includes ["AUT"]
make([%q(CORE IN JEWISH HISTORY, 20TH CENTURY), %q(385B), %q(4), %q(5)]).includes ["NOT GIVEN THIS YEAR"]
make([%q(PALESTINE AND THE ARAB-ISRAELI CONFLICT (HISTORY 288, JEWISHST 288)), %q(388), %q(4), %q(5)]).includes ["SPR"]
make([%q(THE EDUCATION OF AMERICAN JEWS (EDUC 313X, RELIGST 313X)), %q(393X), %q(4), %q(4)]).includes ["AUT"]
make([%q(RESEARCH SEMINAR IN MIDDLE EAST HISTORY (HISTORY 481, JEWISHST 287S)), %q(481), %q(4), %q(5)]).includes ["SPR"]
make([%q(GRADUATE RESEARCH SEMINAR IN JEWISH HISTORY (HISTORY 486A)), %q(486A), %q(4), %q(5)]).includes ["WIN"]
make([%q(GRADUATE RESEARCH SEMINAR IN JEWISH HISTORY (HISTORY 486B)), %q(486B), %q(4), %q(5)]).includes ["SUM"]
