make([%q(Beginning Greek), %q(1G), %q(5), %q(5)]).includes ["AUT"]
make([%q(Beginning Latin), %q(1L), %q(5), %q(5)]).includes ["AUT"]
make([%q(Beginning Greek), %q(2G), %q(5), %q(5)]).includes ["WIN"]
make([%q(Beginning Latin), %q(2L), %q(5), %q(5)]).includes ["WIN"]
make([%q(Beginning Greek), %q(3G), %q(5), %q(5)]).includes ["SPR"]
make([%q(Beginning Latin), %q(3L), %q(5), %q(5)]).includes ["SPR"]
make([%q(Intensive Beginning Latin (CLASSLAT 210)), %q(4L), %q(12), %q(12)]).includes ["SUM"]
make([%q(Biblical Greek (JEWISHST 5, RELIGST 171A)), %q(6G), %q(3), %q(5)]).includes ["WIN"]
make([%q(Latin 500-1600 CE (ENGLISH 113L, PHIL 113L, PHIL 213L, RELIGST 173X)), %q(6L), %q(5), %q(5)]).includes ["WIN"]
make([%q(Biblical Greek (JEWISHST 5B, RELIGST 5B)), %q(7G), %q(3), %q(5)]).includes ["NOT GIVEN THIS YEAR"]
make([%q(Intermediate Greek: Prose), %q(11G), %q(5), %q(5)]).includes ["AUT"]
make([%q(Intermediate Latin: Introduction to Literature), %q(11L), %q(5), %q(5)]).includes ["AUT"]
make([%q(Intermediate Greek: Herodotus - the father of history?), %q(12G), %q(5), %q(5)]).includes ["WIN"]
make([%q(Intermediate Latin: Plautus), %q(12L), %q(5), %q(5)]).includes ["WIN"]
make([%q(Intermediate Greek: Homer), %q(13G), %q(5), %q(5)]).includes ["SPR"]
make([%q(Intermediate Latin: Cicero and Catullus), %q(13L), %q(5), %q(5)]).includes ["SPR"]
make([%q(Greek and Latin Roots of English), %q(14), %q(3), %q(3)]).includes ["SUM"]
make([%q(Sappho: Erotic Poetess of Lesbos (FEMGEN 24N)), %q(16N), %q(4), %q(5)]).includes ["SPR"]
make([%q(To Die For: Antigone and Political Dissent (TAPS 12N)), %q(17N), %q(4), %q(4)]).includes ["AUT"]
make([%q(Eight Great Archaeological Sites in Europe), %q(21Q), %q(3), %q(5)]).includes ["AUT", "SPR"]
make([%q(What is a Map?), %q(24N), %q(4), %q(4)]).includes ["WIN"]
make([%q(The Roman Empire: Its Grandeur and Fall (HISTORY 11N)), %q(26N), %q(4), %q(4)]).includes ["AUT"]
make([%q(Inequality: the Last 100,000 Years (HISTORY 15N)), %q(28N), %q(3), %q(3)]).includes ["SPR"]
make([%q(Greek Mythology), %q(31), %q(3), %q(5)]).includes ["SPR"]
make([%q(Gender and Power in Ancient Greece (FEMGEN 17)), %q(32), %q(4), %q(4)]).includes ["AUT"]
make([%q(Ancient Athletics), %q(34), %q(3), %q(4)]).includes ["WIN"]
make([%q(Becoming Like God: An Introduction to Greek Ethical Philosophy), %q(35), %q(3), %q(5)]).includes ["SPR"]
make([%q(Gender and Power in Ancient Rome), %q(36), %q(3), %q(5)]).includes ["WIN"]
make([%q(Herodotus), %q(41), %q(4), %q(5)]).includes ["NOT GIVEN THIS YEAR"]
make([%q(Philosophy and Literature (COMPLIT 181, ENGLISH 81, FRENCH 181, GERMAN 181, ITALIAN 181, PHIL 81, SLAVIC 181)), %q(42), %q(5), %q(5)]).includes ["WIN"]
make([%q(Introduction to the Archaeology of Greece (ARCHLGY 51)), %q(51), %q(3), %q(5)]).includes ["AUT"]
make([%q(Introduction to Roman Archaeology (ARCHLGY 81)), %q(52), %q(3), %q(5)]).includes ["SPR"]
make([%q(Introduction to World Architecture (ARTHIST 3)), %q(54), %q(5), %q(5)]).includes ["SPR"]
make([%q(Global History: The Ancient World (HISTORY 1A)), %q(76), %q(3), %q(5)]).includes ["AUT"]
make([%q(Ancient Empires: Near East), %q(81), %q(4), %q(5)]).includes ["AUT"]
make([%q(The Egyptians (AFRICAAM 30)), %q(82), %q(3), %q(5)]).includes ["NOT GIVEN THIS YEAR"]
make([%q(The Greeks (HISTORY 101)), %q(83), %q(4), %q(5)]).includes ["WIN"]
make([%q(The Romans (HISTORY 102A)), %q(84), %q(3), %q(5)]).includes ["SPR"]
make([%q(Origins of History in Greece and Rome (HISTORY 114)), %q(88), %q(4), %q(5)]).includes ["AUT"]
make([%q(Advanced Greek: Plato's Phaedrus), %q(101G), %q(3), %q(5)]).includes ["AUT"]
make([%q(Advanced Latin), %q(101L), %q(3), %q(5)]).includes ["AUT"]
make([%q(Advanced Greek: Lyric Poetry), %q(102G), %q(3), %q(5)]).includes ["WIN"]
make([%q(Advanced Latin: Livy), %q(102L), %q(4), %q(5)]).includes ["WIN"]
make([%q(Advanced Greek: Scientific Writing), %q(103G), %q(3), %q(5)]).includes ["SPR"]
make([%q(Advanced Latin: Latin Lovers), %q(103L), %q(3), %q(5)]).includes ["SPR"]
make([%q(Latin Syntax (CLASSICS 204A)), %q(104A), %q(4), %q(4)]).includes ["AUT"]
make([%q(Latin Syntax (CLASSICS 204B)), %q(104B), %q(2), %q(2)]).includes ["WIN"]
make([%q(Greek Syntax: Prose Composition (CLASSICS 205A)), %q(105A), %q(2), %q(2)]).includes ["WIN"]
make([%q(Greek Syntax: Prose Composition (CLASSICS 205B)), %q(105B), %q(4), %q(4)]).includes ["SPR"]
make([%q(Introduction to Greek Tragedy: Gods, Heroes, Fate, and Justice (TAPS 167)), %q(112), %q(4), %q(4)]).includes ["WIN"]
make([%q(Ecology in Philosophy and Literature), %q(121), %q(3), %q(5)]).includes ["WIN"]
make([%q(Ancient Medicine), %q(123), %q(3), %q(4)]).includes ["NOT GIVEN THIS YEAR"]
make([%q(Ancient and Modern Medicine), %q(124), %q(3), %q(4)]).includes ["NOT GIVEN THIS YEAR"]
make([%q(The Greek Invention of Mathematics (MATH 163)), %q(136), %q(3), %q(5)]).includes ["AUT"]
make([%q(Ancient Dance and its Modern Legacy (CLASSICS 237, TAPS 165C, TAPS 265C)), %q(137), %q(3), %q(5)]).includes ["WIN"]
make([%q(Emperor, Explorer, and God: Alexander the Great in the Global Imagination (RELIGST 109)), %q(142), %q(3), %q(3)]).includes ["SPR"]
make([%q(Images of Women in Ancient China and Greece (CHINGEN 143, CHINGEN 243, CLASSICS 243)), %q(143), %q(3), %q(5)]).includes ["SPR"]
make([%q(Early Christian Gospels (RELIGST 132D)), %q(145), %q(4), %q(4)]).includes ["WIN"]
make([%q(Winged Bulls and Sun Disks: Religion and Politics in the Persian Empire (CLASSICS 246, RELIGST 229, RELIGST 329)), %q(146), %q(3), %q(5)]).includes ["WIN"]
make([%q(Priests, Prophets, and Kings: Religion and Society in Late Antique Iran (CLASSICS 247, RELIGST 309)), %q(147), %q(4), %q(5)]).includes ["NOT GIVEN THIS YEAR"]
make([%q(Imperishable Heroes and Unblemished Goddesses: Myth, Ritual, and Epic in Ancient Iran (CLASSICS 248, RELIGST 209E, RELIGST 309E)), %q(148), %q(3), %q(5)]).includes ["NOT GIVEN THIS YEAR"]
make([%q(Majors Seminar), %q(150), %q(5), %q(5)]).includes ["WIN", "SPR"]
make([%q(Ten Things: An Archaeology of Design (ARCHLGY 151)), %q(151), %q(3), %q(3)]).includes ["AUT"]
make([%q(Ancient Urbanism (URBANST 119)), %q(153), %q(5), %q(5)]).includes ["WIN"]
make([%q(Sailing the Wine-Dark Sea: Maritime Archaeology of the Ancient Mediterranean (ARCHLGY 145)), %q(154), %q(3), %q(4)]).includes ["WIN"]
make([%q(Appropriations of Greek Art), %q(159), %q(4), %q(5)]).includes ["NOT GIVEN THIS YEAR"]
make([%q(Archaic Greek Art (ARTHIST 101)), %q(161), %q(4), %q(4)]).includes ["AUT"]
make([%q(Empire and Aftermath: Greek Art from the Parthenon to Scopas (ARTHIST 102, ARTHIST 302)), %q(162), %q(4), %q(4)]).includes ["WIN"]
make([%q(Greek Art In and Out of Context (ARTHIST 203)), %q(163), %q(4), %q(5)]).includes ["AUT"]
make([%q(Engineering the Roman Empire (ARCHLGY 118)), %q(168), %q(4), %q(5)]).includes ["SPR"]
make([%q(Archaeology of Britannia (ARCHLGY 169)), %q(169), %q(3), %q(4)]).includes ["SPR"]
make([%q(Byzantine Art and Architecture, 300-1453 C.E. (ARTHIST 106, ARTHIST 306)), %q(171), %q(4), %q(4)]).includes ["NOT GIVEN THIS YEAR"]
make([%q(Art & Architecture in the Medieval Mediterranean (ARTHIST 105, ARTHIST 305)), %q(172), %q(4), %q(4)]).includes ["NOT GIVEN THIS YEAR"]
make([%q(Hagia Sophia (ARTHIST 208)), %q(173), %q(5), %q(5)]).includes ["NOT GIVEN THIS YEAR"]
make([%q(Art and Religious Experience in Byzantium and Islam (ARTHIST 209, ARTHIST 309)), %q(174), %q(5), %q(5)]).includes ["NOT GIVEN THIS YEAR"]
make([%q(Architecture, Acoustics and Ritual in Byzantium (ARTHIST 208C, ARTHIST 408C, MUSIC 208C, MUSIC 408C, REES 208C, REES 408C, RELIGST 208C, RELIGST 308C)), %q(175), %q(1), %q(3)]).includes ["NOT GIVEN THIS YEAR"]
make([%q(Classical Seminar: Origins of Political Thought (CLASSICS 381, PHIL 176A, PHIL 276A, POLISCI 230A, POLISCI 330A)), %q(181), %q(4), %q(5)]).includes ["WIN"]
make([%q(Economy and Economics of Ancient Greece (ECON 114)), %q(183), %q(5), %q(5)]).includes ["WIN"]
make([%q(Ancient and Modern Slavery), %q(184), %q(3), %q(5)]).includes ["SPR"]
make([%q(Directed Readings (Undergraduate)), %q(198), %q(1), %q(15)]).includes ["AUT", "WIN", "SPR", "SUM"]
make([%q(Undergraduate Thesis: Senior Research), %q(199), %q(2), %q(10)]).includes ["AUT", "WIN", "SPR", "SUM"]
make([%q(Survey of Greek Literature: Archaic Greek), %q(201G), %q(3), %q(5)]).includes ["GIVEN NEXT YEAR"]
make([%q(Survey of Latin Literature: Literature of the Roman Republic), %q(201L), %q(3), %q(5)]).includes ["AUT"]
make([%q(Survey of Greek Literature: Classical Greek), %q(202G), %q(3), %q(5)]).includes ["GIVEN NEXT YEAR"]
make([%q(Survey of Latin Literature: Augustan Age Latin), %q(202L), %q(3), %q(5)]).includes ["WIN"]
make([%q(Survey of Greek Literature: Hellenistic and Late Greek), %q(203G), %q(3), %q(5)]).includes ["GIVEN NEXT YEAR"]
make([%q(Survey of Latin Literature: Imperial Latin), %q(203L), %q(3), %q(5)]).includes ["SPR"]
make([%q(Latin Syntax (CLASSICS 104A)), %q(204A), %q(4), %q(4)]).includes ["AUT"]
make([%q(Latin Syntax (CLASSICS 104B)), %q(204B), %q(2), %q(2)]).includes ["WIN"]
make([%q(Greek Syntax: Prose Composition (CLASSICS 105A)), %q(205A), %q(2), %q(2)]).includes ["WIN"]
make([%q(Greek Syntax: Prose Composition (CLASSICS 105B)), %q(205B), %q(4), %q(4)]).includes ["SPR"]
make([%q(The Semantics of Grammar), %q(206A), %q(2), %q(2)]).includes ["AUT"]
make([%q(The Semantics of Grammar), %q(206B), %q(2), %q(2)]).includes ["WIN"]
make([%q(Proseminar: Documentary Papyrology), %q(213), %q(3), %q(5)]).includes ["AUT"]
make([%q(Paleography of Medieval and Early Modern Manuscripts (DLCL 209, HISTORY 309G, RELIGST 204)), %q(215), %q(3), %q(5)]).includes ["NOT GIVEN THIS YEAR"]
make([%q(Advanced Paleography (ENGLISH 300A, HISTORY 315, RELIGST 329X)), %q(216), %q(5), %q(5)]).includes ["WIN"]
make([%q(Ancient Dance and its Modern Legacy (CLASSICS 137, TAPS 165C, TAPS 265C)), %q(237), %q(3), %q(5)]).includes ["WIN"]
make([%q(Images of Women in Ancient China and Greece (CHINGEN 143, CHINGEN 243, CLASSICS 143)), %q(243), %q(3), %q(5)]).includes ["SPR"]
make([%q(Classical Seminar: Rethinking Classics (DLCL 321)), %q(244), %q(4), %q(5)]).includes ["NOT GIVEN THIS YEAR"]
make([%q(Winged Bulls and Sun Disks: Religion and Politics in the Persian Empire (CLASSICS 146, RELIGST 229, RELIGST 329)), %q(246), %q(3), %q(5)]).includes ["WIN"]
make([%q(Priests, Prophets, and Kings: Religion and Society in Late Antique Iran (CLASSICS 147, RELIGST 309)), %q(247), %q(4), %q(5)]).includes ["NOT GIVEN THIS YEAR"]
make([%q(Imperishable Heroes and Unblemished Goddesses: Myth, Ritual, and Epic in Ancient Iran (CLASSICS 148, RELIGST 209E, RELIGST 309E)), %q(248), %q(3), %q(5)]).includes ["NOT GIVEN THIS YEAR"]
make([%q(Directed Reading in Classics (Graduate Students)), %q(298), %q(1), %q(15)]).includes ["AUT", "WIN", "SPR", "SUM"]
make([%q(Gateways to Classics), %q(301), %q(1), %q(1)]).includes ["AUT"]
make([%q(Aristotle and the Object of Mathematical Reasoning (PHIL 318)), %q(315), %q(4), %q(4)]).includes ["NOT GIVEN THIS YEAR"]
make([%q(Aristophanes: Comedy, and Democracy), %q(318), %q(4), %q(5)]).includes ["WIN"]
make([%q(The Odes and Epodes of Horace), %q(320), %q(3), %q(5)]).includes ["WIN"]
make([%q(Words and Things in the History of Classical Scholarship (HISTORY 303F)), %q(331), %q(4), %q(5)]).includes ["NOT GIVEN THIS YEAR"]
make([%q(Ekphrasis in Antiquity), %q(335), %q(3), %q(5)]).includes ["SPR"]
make([%q(Plato on Eros and Beauty), %q(336), %q(3), %q(5)]).includes ["SPR"]
make([%q(The Second Sophistic), %q(337), %q(3), %q(5)]).includes ["AUT"]
make([%q(Doing Business in Classical Antiquity: Mediterranean Exchange (ARCHLGY 327)), %q(352), %q(3), %q(5)]).includes ["NOT GIVEN THIS YEAR"]
make([%q(Archaeology: Post-Humanist Agendas (ARCHLGY 353)), %q(353), %q(3), %q(5)]).includes ["SPR"]
make([%q(Mediterranean Networks (ARCHLGY 367)), %q(367), %q(3), %q(5)]).includes ["WIN"]
make([%q(Reception and Literacy in Roman Art (ARTHIST 422)), %q(373), %q(5), %q(5)]).includes ["SPR"]
make([%q(Art, Ekphrasis, and Music in Byzantium and Islam (ARTHIST 405)), %q(376), %q(5), %q(5)]).includes ["NOT GIVEN THIS YEAR"]
make([%q(Animation, Performance, Presence in Medieval Art (ARTHIST 411)), %q(377), %q(5), %q(5)]).includes ["NOT GIVEN THIS YEAR"]
make([%q(Classical Seminar: Origins of Political Thought (CLASSICS 181, PHIL 176A, PHIL 276A, POLISCI 230A, POLISCI 330A)), %q(381), %q(4), %q(5)]).includes ["WIN"]
make([%q(High-Stakes Politics: Case Studies in Political Philosophy, Institutions, and Interests (POLISCI 231)), %q(382), %q(3), %q(5)]).includes ["NOT GIVEN THIS YEAR"]
make([%q(Ancient Greek Economic Development (POLISCI 430A)), %q(384A), %q(4), %q(5)]).includes ["WIN"]
make([%q(Ancient Greek Economic Development (POLISCI 430B)), %q(384B), %q(1), %q(5)]).includes ["SPR"]
make([%q(Early Empires: Han and Rome), %q(391), %q(4), %q(5)]).includes ["NOT GIVEN THIS YEAR"]
make([%q(Humanities+Design: Visualizing the Grand Tour (DLCL 396, HISTORY 336E)), %q(396), %q(4), %q(5)]).includes ["AUT"]
make([%q(Dissertation Research in Classics), %q(399), %q(1), %q(10)]).includes ["AUT", "WIN", "SPR", "SUM"]
make([%q(TGR M.A. Project), %q(801), %q(0), %q(0)]).includes ["AUT", "WIN", "SPR", "SUM"]
make([%q(TGR Ph.D. Dissertation), %q(802), %q(0), %q(0)]).includes ["AUT", "WIN", "SPR", "SUM"]
