make([%q(HISTORY AND THEORY OF NOVEL GROUP (ENGLISH 1)), %q(1), %q(1), %q(1)]).includes ["SPR"]
make([%q(DLCL FILM SERIES: CRIME AND THE CITY (DLCL 354A)), %q(152A), %q(1), %q(1)]).includes ["AUT", "WIN", "SPR"]
make([%q(HONORS THESIS SEMINAR), %q(189A), %q(4), %q(4)]).includes ["AUT"]
make([%q(HONORS THESIS SEMINAR), %q(189B), %q(2), %q(4)]).includes ["WIN"]
make([%q(HONORS THESIS SEMINAR), %q(189C), %q(2), %q(4)]).includes ["SPR"]
make([%q(HONORS THESIS ORAL PRESENTATION), %q(199), %q(1), %q(1)]).includes ["SPR"]
make([%q(HUMANITIES+DESIGN), %q(202), %q(2), %q(2)]).includes ["SPR"]
make([%q(PALEOGRAPHY OF MEDIEVAL AND EARLY MODERN MANUSCRIPTS (CLASSGEN 311, ENGLISH 209, HISTORY 309G, RELIGST 204)), %q(209), %q(3), %q(5)]).includes ["SPR"]
make([%q(HUMANITIES EDUCATION), %q(220), %q(1), %q(1)]).includes ["AUT", "WIN", "SPR"]
make([%q(PHILOSOPHY AND LITERATURE), %q(222), %q(1), %q(1)]).includes ["AUT", "WIN", "SPR"]
make([%q(RENAISSANCES), %q(223), %q(1), %q(1)]).includes ["AUT", "WIN", "SPR"]
make([%q(WORKSHOP IN POETICS), %q(224), %q(1), %q(1)]).includes ["AUT", "WIN", "SPR"]
make([%q(DIGITAL HUMANITIES), %q(225), %q(1), %q(1)]).includes ["AUT", "WIN", "SPR"]
make([%q(HISTORIES AND FUTURES OF HUMANISTIC EDUCATION: CULTURE AND CRISIS, BOOKS AND MOOCS (COMPLIT 265, EDUC 217X)), %q(265), %q(5), %q(5)]).includes ["WIN"]
make([%q(LITERARY TRANSLATION (ENGLISH 293)), %q(293), %q(3), %q(5)]).includes ["WIN"]
make([%q(MEDIEVAL METHODOLOGIES (ENGLISH 300, MUSIC 300C)), %q(300), %q(3), %q(3)]).includes ["WIN"]
make([%q(THE LEARNING AND TEACHING OF SECOND LANGUAGES), %q(301), %q(3), %q(3)]).includes ["SPR"]
make([%q(THE LEARNING AND TEACHING OF SECOND-LANGUAGE LITERATURES), %q(302), %q(1), %q(3)]).includes ["NOT GIVEN THIS YEAR"]
make([%q(LANGUAGE PROGRAM MANAGEMENT), %q(303), %q(1), %q(3)]).includes ["NOT GIVEN THIS YEAR"]
make([%q(PROFESSIONAL WORKSHOP), %q(311), %q(1), %q(2)]).includes ["SPR"]
make([%q(HUMANITIES EDUCATION IN THE CHANGING UNIVERSITY (COMPLIT 275, GERMAN 250)), %q(320), %q(3), %q(3)]).includes ["NOT GIVEN THIS YEAR"]
make([%q(CLASSICAL SEMINAR: RETHINKING CLASSICS), %q(321), %q(4), %q(5)]).includes ["NOT GIVEN THIS YEAR"]
make([%q(MEDIEVAL SEMINAR), %q(322), %q(3), %q(5)]).includes ["NOT GIVEN THIS YEAR"]
make([%q(EARLY MODERN SEMINAR (ITALIAN 220)), %q(323), %q(3), %q(5)]).includes ["NOT GIVEN THIS YEAR"]
make([%q(ENLIGHTENMENT SEMINAR (HISTORY 334, HISTORY 432A, HUMNTIES 324)), %q(324), %q(3), %q(5)]).includes ["NOT GIVEN THIS YEAR"]
make([%q(MODERN SEMINAR), %q(325), %q(3), %q(5)]).includes ["NOT GIVEN THIS YEAR"]
make([%q(DLCL FILM SERIES: CRIME AND THE CITY (DLCL 152A)), %q(354A), %q(1), %q(1)]).includes ["AUT", "WIN", "SPR"]
make([%q(INTRODUCTION TO GRADUATE STUDIES: CRITICISM AS PROFESSION (COMPLIT 369, FRENCH 369, GERMAN 369, ITALIAN 369)), %q(369), %q(5), %q(5)]).includes ["AUT"]
