make([%q(Directed Reading on Franco-Arab Topics), %q(4), %q(1), %q(4)]).includes ["NOT GIVEN THIS YEAR"]
make([%q(Engineering Research Internship), %q(10A), %q(6), %q(6)]).includes ["AUT", "WIN", "SPR"]
make([%q(Biology and Bio-Engineering Research Internship), %q(10B), %q(6), %q(6)]).includes ["AUT", "WIN", "SPR"]
make([%q(International Relations and Public Policy Research Internship), %q(10C), %q(6), %q(6)]).includes ["SPR"]
make([%q(Climate Change Research Internship), %q(10D), %q(6), %q(6)]).includes ["WIN", "SPR"]
make([%q(Special Internship), %q(11), %q(1), %q(6)]).includes ["AUT", "WIN", "SPR"]
make([%q(Paris Photography Workshop), %q(12), %q(3), %q(3)]).includes ["AUT"]
make([%q(French Through Songs Workshop), %q(12C), %q(3), %q(3)]).includes ["WIN"]
make([%q(Public Speaking in French Workshop: Phonetics, Rhythm and Confidence), %q(12D), %q(3), %q(3)]).includes ["SPR"]
make([%q(Media Internship), %q(14), %q(3), %q(3)]).includes ["AUT", "WIN", "SPR"]
make([%q(Hospital Internship), %q(15), %q(3), %q(3)]).includes ["AUT", "WIN", "SPR"]
make([%q(Independent Study: Women Writers in Paris), %q(16), %q(5), %q(5)]).includes ["WIN"]
make([%q(French Schooling Internship), %q(16A), %q(2), %q(3)]).includes ["AUT", "WIN", "SPR"]
make([%q(Engaged Intellectual), %q(17), %q(5), %q(5)]).includes ["WIN"]
make([%q(Arranged Internship 1), %q(19), %q(3), %q(6)]).includes ["AUT", "WIN", "SPR"]
make([%q(Intermediate French I), %q(22P), %q(5), %q(5)]).includes ["AUT", "WIN", "SPR"]
make([%q(Intermediate French II), %q(23P), %q(5), %q(5)]).includes ["AUT", "WIN", "SPR"]
make([%q(Introduction to French Society), %q(24), %q(1), %q(1)]).includes ["AUT", "WIN", "SPR"]
make([%q(France: Present and Future), %q(26), %q(2), %q(2)]).includes ["AUT"]
make([%q(Paris and Politics), %q(27), %q(5), %q(5)]).includes ["AUT"]
make([%q(The Avant Garde in France through Literature, Art, and Theater), %q(30), %q(4), %q(4)]).includes ["AUT"]
make([%q(French Politics in Cross-National Perspective), %q(32), %q(5), %q(5)]).includes ["AUT"]
make([%q(Franco-American Encounters: Paris-New York in the 20th Century), %q(34), %q(4), %q(4)]).includes ["SPR"]
make([%q(French Writing Workshop), %q(36), %q(3), %q(3)]).includes ["AUT", "WIN", "SPR"]
make([%q(Introductory Electronics), %q(40P), %q(5), %q(5)]).includes ["AUT", "SPR"]
make([%q(EAP: Perspective, Volume, and Design), %q(41), %q(2), %q(2)]).includes ["AUT", "WIN", "SPR"]
make([%q(EAP: Sculpture), %q(41E), %q(2), %q(2)]).includes ["AUT", "WIN", "SPR"]
make([%q(EAP: Drawing with Live Models), %q(42), %q(2), %q(2)]).includes ["AUT", "WIN", "SPR"]
make([%q(EAP: Painting and Use of Color), %q(43), %q(2), %q(2)]).includes ["AUT", "WIN", "SPR"]
make([%q(EAP: Analytical Drawing and Graphic Art), %q(44), %q(2), %q(2)]).includes ["AUT", "WIN", "SPR"]
make([%q(EAP: Computer Art), %q(44E), %q(2), %q(2)]).includes ["AUT", "WIN", "SPR"]
make([%q(Introductory Science of Materials), %q(50M), %q(4), %q(4)]).includes ["AUT", "WIN", "SPR"]
make([%q(The Artist's World: The Workshop, Patronage and Public in 19th and 20th Century France), %q(54), %q(4), %q(4)]).includes ["WIN"]
make([%q(Representations of Women in Christian Art: Boldness and Virtue), %q(60), %q(4), %q(4)]).includes ["SPR"]
make([%q(SAP: Overview of Modern French Art), %q(61A), %q(1), %q(1)]).includes ["SPR"]
make([%q(SAP: Overview of Studio Art), %q(61B), %q(1), %q(1)]).includes ["SPR"]
make([%q(SAP: Overview of Computer Art), %q(61C), %q(1), %q(1)]).includes ["SPR"]
make([%q(SAP: Overview of Product and Architectural Design), %q(61D), %q(2), %q(2)]).includes ["SPR"]
make([%q(The Ceilings of Paris), %q(72), %q(4), %q(4)]).includes ["AUT"]
make([%q(Film and Immigration in Contemporary French Cinema), %q(79), %q(3), %q(3)]).includes ["SPR"]
make([%q(France During the Second World War: Between History and Memory), %q(81), %q(5), %q(5)]).includes ["WIN"]
make([%q(Independent Studies), %q(82), %q(2), %q(3)]).includes ["SPR"]
make([%q(Globalization and Its Effect on France and the European Union), %q(91), %q(5), %q(5)]).includes ["WIN"]
make([%q(Building Paris: Its History, Architecture, and Urban Design), %q(92), %q(4), %q(4)]).includes ["SPR"]
make([%q(French Lecture Series 1), %q(103A), %q(1), %q(1)]).includes ["AUT", "WIN", "SPR"]
make([%q(French Lecture Series 2), %q(104A), %q(1), %q(1)]).includes ["AUT", "WIN", "SPR"]
make([%q(French Lecture Series 3), %q(105A), %q(1), %q(1)]).includes ["AUT", "WIN", "SPR"]
make([%q(Challenges of Integration in the European Union), %q(122X), %q(4), %q(5)]).includes ["SPR"]
make([%q(Advanced French I), %q(124P), %q(5), %q(5)]).includes ["AUT"]
make([%q(Building the European Economy: Economic Policies and Challenges Ahead), %q(124X), %q(5), %q(5)]).includes ["AUT"]
make([%q(Advanced French II), %q(125P), %q(5), %q(5)]).includes ["WIN", "SPR"]
make([%q(Health Systems and Health Insurance: France and the U.S., a Comparison across Space and Time), %q(153X), %q(5), %q(5)]).includes ["AUT"]
make([%q(Paris Special Topics), %q(180), %q(1), %q(6)]).includes ["AUT", "WIN", "SPR"]
make([%q(Contemporary African Literature in French), %q(186F), %q(4), %q(4)]).includes ["WIN"]
make([%q(Paris University: Health and Science 1), %q(195C), %q(1), %q(6)]).includes ["AUT", "WIN", "SPR"]
make([%q(Paris University: Health and Science 2), %q(195D), %q(1), %q(6)]).includes ["AUT", "WIN", "SPR"]
make([%q(Paris University: Humanities 1), %q(196C), %q(1), %q(6)]).includes ["AUT", "WIN", "SPR"]
make([%q(Paris University: Humanities 2), %q(196D), %q(1), %q(6)]).includes ["AUT", "WIN", "SPR"]
make([%q(Paris University: Humanities 3), %q(196E), %q(1), %q(6)]).includes ["AUT", "WIN", "SPR"]
make([%q(Paris University: Social Science 1), %q(197C), %q(1), %q(6)]).includes ["AUT", "WIN", "SPR"]
make([%q(Paris University: Social Science 2), %q(197D), %q(1), %q(6)]).includes ["AUT", "WIN", "SPR"]
make([%q(International Design and Construction Project), %q(198A), %q(1), %q(6)]).includes ["WIN", "SPR"]
make([%q(Paris University: Engineering 1), %q(198C), %q(1), %q(6)]).includes ["AUT", "WIN", "SPR"]
make([%q(Paris University: Engineering 2), %q(198D), %q(1), %q(6)]).includes ["AUT", "WIN", "SPR"]
make([%q(Directed Reading A), %q(199A), %q(1), %q(6)]).includes ["AUT", "WIN", "SPR"]
make([%q(Directed Reading B), %q(199B), %q(1), %q(6)]).includes ["AUT", "WIN", "SPR"]
make([%q(Directed Reading: C), %q(199C), %q(1), %q(6)]).includes ["AUT", "WIN", "SPR"]
