make([%q(Architecture, Culture and Nature in Madrid: Towards a Sustainable City), %q(8A), %q(2), %q(2)]).includes ["AUT"]
make([%q(Debating Design: Spanish and International Fashion), %q(8B), %q(2), %q(2)]).includes ["SPR"]
make([%q(Appreciating Spanish Music), %q(8C), %q(2), %q(2)]).includes ["SPR"]
make([%q(Spanish Chorus), %q(8D), %q(2), %q(2)]).includes ["WIN"]
make([%q(Accelerated Second-Year Spanish I), %q(12M), %q(5), %q(5)]).includes ["AUT", "WIN", "SPR"]
make([%q(Accelerated Second-Year Spanish II), %q(13M), %q(5), %q(5)]).includes ["AUT", "WIN", "SPR"]
make([%q(Introduction to Spanish Culture), %q(14), %q(1), %q(1)]).includes ["AUT", "WIN", "SPR"]
make([%q(Flamenco Dance), %q(15), %q(1), %q(1)]).includes ["AUT", "WIN", "SPR"]
make([%q(Spain on Stage: La cartela de 2014), %q(22), %q(5), %q(5)]).includes ["AUT"]
make([%q(Politics of \Culture/s\ in the Iberian's World: the Multicultural Debate), %q(25), %q(4), %q(4)]).includes ["SPR"]
make([%q(Independent Study: Topics in European Survey Research and Public Opinion), %q(28), %q(2), %q(4)]).includes ["WIN"]
make([%q(Spanish Language Tutorial), %q(33), %q(2), %q(2)]).includes ["AUT", "WIN", "SPR"]
make([%q(Dissidence and Continuity: Spanish Theater, 1907 to the Present), %q(41), %q(4), %q(5)]).includes ["WIN"]
make([%q(A European Model of Democracy: The Case of Spain), %q(42), %q(4), %q(4)]).includes ["WIN"]
make([%q(The Jacobean Star Way and Europe: Society, Politics and Culture), %q(43), %q(5), %q(5)]).includes ["SPR"]
make([%q(Women in Art: Case Study in the Madrid Museums), %q(45), %q(4), %q(4)]).includes ["WIN"]
make([%q(Drawing with Four Spanish Masters: Goya, Velazquez, Picasso and Dali), %q(46), %q(3), %q(3)]).includes ["AUT"]
make([%q(Spain: From Emigration to Immigration or Vice Versa?), %q(48), %q(4), %q(4)]).includes ["WIN"]
make([%q(Flirting with Spanish Metafiction: Cervantes, Velázquez, Fuentes, Almodóvar), %q(50), %q(4), %q(5)]).includes ["SPR"]
make([%q(Revolution and Reconciliation in Film), %q(52), %q(4), %q(4)]).includes ["WIN"]
make([%q(Health Care: A Contrastive Analysis between Spain and the U.S.), %q(57), %q(4), %q(4)]).includes ["SPR"]
make([%q(Integration into Spanish Society: Service Learning and Professional Opportunities), %q(60), %q(5), %q(5)]).includes ["AUT", "WIN", "SPR"]
make([%q(Society and Cultural Change: The Case of Spain), %q(61), %q(4), %q(4)]).includes ["AUT"]
make([%q(Spanish California: Historical Issues), %q(62), %q(4), %q(4)]).includes ["SPR"]
make([%q(Sociology of Communication), %q(71), %q(5), %q(5)]).includes ["SPR"]
make([%q(Issues in Bioethics Across Cultures), %q(72), %q(4), %q(4)]).includes ["WIN"]
make([%q(The Neuroscience of Language Learning), %q(73), %q(3), %q(3)]).includes ["SPR"]
make([%q(Islam in Spain and Europe: 1300 Years of Contact), %q(74), %q(4), %q(4)]).includes ["WIN"]
make([%q(Sefarad: The Jewish Community in Spain), %q(75), %q(4), %q(4)]).includes ["AUT"]
make([%q(Independent Study: Gender Disparities in Science and Science Education), %q(76), %q(2), %q(4)]).includes ["SPR"]
make([%q(Independent Study Topics in Systems Neuroscience), %q(77), %q(2), %q(4)]).includes ["SPR"]
make([%q(Topics in Spanish Literature and History), %q(78), %q(1), %q(3)]).includes ["AUT"]
make([%q(Earth and Water Resources' Sustainability in Spain), %q(79), %q(4), %q(4)]).includes ["AUT"]
make([%q(Word, Image and Power), %q(80), %q(4), %q(4)]).includes ["AUT"]
make([%q(Composition and Writing Workshop for Students in Madrid), %q(102M), %q(3), %q(5)]).includes ["AUT", "WIN", "SPR"]
make([%q(Directed Reading), %q(199A), %q(1), %q(5)]).includes ["AUT", "WIN", "SPR"]
