make([%q(Introduction to Cultural and Social Anthropology (ANTHRO 201)), %q(1), %q(5), %q(5)]).includes ["WIN"]
make([%q(Introduction to Cultural and Social Anthropology (ANTHRO 101S)), %q(1S), %q(3), %q(5)]).includes ["SUM"]
make([%q(Introduction to Prehistoric Archeology (ARCHLGY 1)), %q(3), %q(3), %q(5)]).includes ["AUT"]
make([%q(Language and Culture (ANTHRO 204)), %q(4), %q(4), %q(5)]).includes ["AUT"]
make([%q(Human Origins (ANTHRO 206, HUMBIO 6)), %q(6), %q(5), %q(5)]).includes ["NOT GIVEN THIS YEAR"]
make([%q(The Archaeology of Home (ARCHLGY 10)), %q(10A), %q(3), %q(5)]).includes ["AUT"]
make([%q(Darwin, Evolution, and Galapagos (HUMBIO 17SC)), %q(10SC), %q(2), %q(2)]).includes ["NOT GIVEN THIS YEAR"]
make([%q(Conservation and Development Dilemmas in the Amazon (HUMBIO 18SC)), %q(11SC), %q(2), %q(2)]).includes ["NOT GIVEN THIS YEAR"]
make([%q(Anthropology and Art), %q(12), %q(5), %q(5)]).includes ["NOT GIVEN THIS YEAR"]
make([%q(Parks and Peoples: Dilemmas of Protected Area Conservation in East Africa (HUMBIO 19SC)), %q(12SC), %q(2), %q(2)]).includes ["SUM"]
make([%q(Islamic Routes: Archaeology and Heritage of Muslim Societies (ARCHLGY 13, HISTORY 7E, HISTORY 107E)), %q(13A), %q(3), %q(5)]).includes ["AUT"]
make([%q(Zombies: Anthropology of the American Undead), %q(13SI), %q(1), %q(2)]).includes ["NOT GIVEN THIS YEAR"]
make([%q(Introduction to Anthropological Genetics), %q(14), %q(3), %q(3)]).includes ["NOT GIVEN THIS YEAR"]
make([%q(Sex and Gender), %q(15), %q(3), %q(3)]).includes ["NOT GIVEN THIS YEAR"]
make([%q(Native Americans in the 21st Century: Encounters, Identity, and Sovereignty in Contemporary America), %q(16), %q(5), %q(5)]).includes ["NOT GIVEN THIS YEAR"]
make([%q(Hauntings, Visions, and Prophecy), %q(19Q), %q(1), %q(3)]).includes ["NOT GIVEN THIS YEAR"]
make([%q(The Anthropology of Globalization), %q(21N), %q(4), %q(4)]).includes ["NOT GIVEN THIS YEAR"]
make([%q(Archaeology of North America), %q(22), %q(3), %q(5)]).includes ["NOT GIVEN THIS YEAR"]
make([%q(Ethnographies of North America: An Introduction to Cultural and Social Anthropology), %q(22N), %q(3), %q(4)]).includes ["NOT GIVEN THIS YEAR"]
make([%q(Glimpses of Divinity), %q(23N), %q(3), %q(3)]).includes ["NOT GIVEN THIS YEAR"]
make([%q(Maya Hieroglyphic Writing), %q(24N), %q(4), %q(4)]).includes ["NOT GIVEN THIS YEAR"]
make([%q(Contemporary Japanese Popular Culture), %q(25N), %q(3), %q(3)]).includes ["NOT GIVEN THIS YEAR"]
make([%q(God and the Supernatural), %q(26N), %q(3), %q(5)]).includes ["NOT GIVEN THIS YEAR"]
make([%q(Ethnicity and Violence: Anthropological Perspectives), %q(27N), %q(3), %q(5)]).includes ["NOT GIVEN THIS YEAR"]
make([%q(Secularism and its Critics), %q(28N), %q(3), %q(5)]).includes ["NOT GIVEN THIS YEAR"]
make([%q(The Big Shift), %q(30Q), %q(4), %q(4)]).includes ["SPR"]
make([%q(Ecology, Evolution, and Human Health), %q(31), %q(3), %q(5)]).includes ["NOT GIVEN THIS YEAR"]
make([%q(Theories in Race and Ethnicity: A Comparative Perspective (CSRE 32)), %q(32), %q(5), %q(5)]).includes ["NOT GIVEN THIS YEAR"]
make([%q(Animals and Us (ARCHLGY 34)), %q(34), %q(5), %q(5)]).includes ["AUT"]
make([%q(Animals and Us), %q(34), %q(5), %q(5)]).includes ["AUT"]
make([%q(Megacities), %q(42), %q(5), %q(5)]).includes ["WIN"]
make([%q(Violence and Belonging in the Middle East), %q(49), %q(5), %q(5)]).includes ["AUT"]
make([%q(Central Asia Through Films: A Weekly 3-Hour Seminar (REES 54A)), %q(54A), %q(3), %q(5)]).includes ["NOT GIVEN THIS YEAR"]
make([%q(Japanese Society and Culture (ANTHRO 277)), %q(77), %q(5), %q(5)]).includes ["NOT GIVEN THIS YEAR"]
make([%q(Medical Anthropology (ANTHRO 282, HUMBIO 176A)), %q(82), %q(3), %q(5)]).includes ["WIN"]
make([%q(Theory of Cultural and Social Anthropology), %q(90B), %q(5), %q(5)]).includes ["WIN"]
make([%q(Theory of Ecological and Environmental Anthropology (HUMBIO 118)), %q(90C), %q(5), %q(5)]).includes ["WIN"]
make([%q(Social Theory in the Anthropological Sciences), %q(90D), %q(5), %q(5)]).includes ["NOT GIVEN THIS YEAR"]
make([%q(Method and Evidence in Anthropology), %q(91), %q(5), %q(5)]).includes ["WIN"]
make([%q(Archaeological Methods (ARCHLGY 102)), %q(91A), %q(5), %q(5)]).includes ["WIN"]
make([%q(Undergraduate Research Proposal Writing Workshop), %q(92A), %q(2), %q(3)]).includes ["AUT"]
make([%q(Undergraduate Research Proposal Writing Workshop), %q(92B), %q(2), %q(3)]).includes ["WIN"]
make([%q(Prefield Research Seminar), %q(93), %q(5), %q(5)]).includes ["SPR"]
make([%q(Prefield Research Seminar: Non-Majors), %q(93B), %q(5), %q(5)]).includes ["SPR"]
make([%q(Postfield Research Seminar), %q(94), %q(5), %q(5)]).includes ["AUT"]
make([%q(Research in Anthropology), %q(95), %q(1), %q(10)]).includes ["AUT", "WIN", "SPR", "SUM"]
make([%q(Directed Study in Honors and Senior Papers), %q(95B), %q(1), %q(10)]).includes ["AUT", "WIN", "SPR", "SUM"]
make([%q(Directed Individual Study), %q(96), %q(1), %q(10)]).includes ["AUT", "WIN", "SPR", "SUM"]
make([%q(Internship in Anthropology), %q(97), %q(1), %q(10)]).includes ["AUT", "WIN", "SPR", "SUM"]
make([%q(Digital Methods in Archaeology (ANTHRO 298B)), %q(98B), %q(3), %q(5)]).includes ["WIN"]
make([%q(Catalhoyuk and Neolithic Archaeology), %q(98E), %q(1), %q(3)]).includes ["NOT GIVEN THIS YEAR"]
make([%q(Field School Training Workshop), %q(98F), %q(1), %q(3)]).includes ["NOT GIVEN THIS YEAR"]
make([%q(India's Forgotten Empire: The Rise and Fall of Indus Civilization), %q(100A), %q(3), %q(3)]).includes ["NOT GIVEN THIS YEAR"]
make([%q(Lifeways of the Ancient Maya (ANTHRO 200B)), %q(100B), %q(5), %q(5)]).includes ["NOT GIVEN THIS YEAR"]
make([%q(Chavin de Huantar Research |Seminar), %q(100D), %q(3), %q(5)]).includes ["AUT"]
make([%q(The Aztecs and Their Ancestors: Introduction to Mesoamerican Archaeology), %q(101), %q(3), %q(5)]).includes ["NOT GIVEN THIS YEAR"]
make([%q(Archaeology as a Profession (ARCHLGY 107A)), %q(101A), %q(5), %q(5)]).includes ["NOT GIVEN THIS YEAR"]
make([%q(Introduction to Cultural and Social Anthropology (ANTHRO 1S)), %q(101S), %q(3), %q(5)]).includes ["SUM"]
make([%q(Urban Ethnography (URBANST 140)), %q(102), %q(5), %q(5)]).includes ["NOT GIVEN THIS YEAR"]
make([%q(Ancient Civilizations: Complexity and Collapse (ANTHRO 202A)), %q(102A), %q(3), %q(5)]).includes ["NOT GIVEN THIS YEAR"]
make([%q(Aztec Language and Culture), %q(102B), %q(3), %q(3)]).includes ["NOT GIVEN THIS YEAR"]
make([%q(The Archaeology of Modern Urbanism), %q(103), %q(5), %q(5)]).includes ["NOT GIVEN THIS YEAR"]
make([%q(Human Osteoarchaeology (ANTHRO 203A)), %q(103A), %q(5), %q(5)]).includes ["NOT GIVEN THIS YEAR"]
make([%q(Ancient Cities in the New World (ANTHRO 205)), %q(105), %q(3), %q(5)]).includes ["NOT GIVEN THIS YEAR"]
make([%q(Archaeological Fieldwork: Critical Analysis and Practical Application (ANTHRO 205A)), %q(105A), %q(2), %q(3)]).includes ["NOT GIVEN THIS YEAR"]
make([%q(Heritage & Neoliberalism: Theorizations of the Past (ANTHRO 205B, ARCHLGY 105)), %q(105B), %q(3), %q(5)]).includes ["NOT GIVEN THIS YEAR"]
make([%q(Incas and their Ancestors: Peruvian Archaeology (ANTHRO 206A, ARCHLGY 102B)), %q(106), %q(3), %q(5)]).includes ["WIN"]
make([%q(Gang Colors: The Racialization of Violence and the American City (CSRE 106A)), %q(106A), %q(5), %q(5)]).includes ["NOT GIVEN THIS YEAR"]
make([%q(Catalhoyuk and Neolithic Archaeology (ARCHLGY 108E)), %q(108E), %q(3), %q(3)]).includes ["SPR"]
make([%q(Archaeology: World Cultural Heritage (ANTHRO 209)), %q(109), %q(5), %q(5)]).includes ["NOT GIVEN THIS YEAR"]
make([%q(Neandertals and Modern Humans: Origin, Evolution, Interactions (ANTHRO 210A)), %q(110A), %q(3), %q(3)]).includes ["NOT GIVEN THIS YEAR"]
make([%q(Examining Ethnographies (ANTHRO 210B)), %q(110B), %q(5), %q(5)]).includes ["NOT GIVEN THIS YEAR"]
make([%q(Archaeology of Sex, Sexuality, and Gender (ANTHRO 211)), %q(111), %q(5), %q(5)]).includes ["NOT GIVEN THIS YEAR"]
make([%q(Archaeology of the Andes of Argentina (ANTHRO 211A)), %q(111A), %q(3), %q(5)]).includes ["NOT GIVEN THIS YEAR"]
make([%q(Public Archaeology: Market Street Chinatown Archaeology Project (ANTHRO 212, ASNAMST 112)), %q(112), %q(4), %q(5)]).includes ["NOT GIVEN THIS YEAR"]
make([%q(Advanced Study in Public Archaeology), %q(112B), %q(2), %q(5)]).includes ["NOT GIVEN THIS YEAR"]
make([%q(Faunal Analysis: Animal Remains for the Archaeologist (ANTHRO 213, BIO 166, BIO 266)), %q(113), %q(5), %q(5)]).includes ["NOT GIVEN THIS YEAR"]
make([%q(Religious Practices in Archaeological Cultures (ANTHRO 213B)), %q(113B), %q(5), %q(5)]).includes ["WIN"]
make([%q(Prehistoric Stone Tools: Technology and Analysis (ANTHRO 214)), %q(114), %q(5), %q(5)]).includes ["NOT GIVEN THIS YEAR"]
make([%q(Landscape Archaeology and Global Information Systematics (ANTHRO 214B)), %q(114B), %q(3), %q(5)]).includes ["NOT GIVEN THIS YEAR"]
make([%q(The Social life of Human Bones (ANTHRO 215)), %q(115), %q(3), %q(5)]).includes ["WIN"]
make([%q(The Aegean in the Neolithic and Bronze Age (ANTHRO 215A, ARCHLGY 139, ARCHLGY 239)), %q(115A), %q(3), %q(5)]).includes ["NOT GIVEN THIS YEAR"]
make([%q(Peoples and Cultures of Ancient Mesoamerica (ANTHRO 215B)), %q(115B), %q(5), %q(5)]).includes ["NOT GIVEN THIS YEAR"]
make([%q(Data Analysis for Quantitative Research (ANTHRO 216)), %q(116), %q(5), %q(5)]).includes ["NOT GIVEN THIS YEAR"]
make([%q(Thinking Through Animals (ANTHRO 217)), %q(117), %q(5), %q(5)]).includes ["NOT GIVEN THIS YEAR"]
make([%q(Heritage, Environment, and Sovereignty in Hawaii (EARTHSYS 118)), %q(118), %q(4), %q(4)]).includes ["AUT"]
make([%q(Digital Heritage: Bringing the Past Online with the Chinese American Historical Museum (ASNAMST 118A, CSRE 118A)), %q(118A), %q(5), %q(5)]).includes ["NOT GIVEN THIS YEAR"]
make([%q(Zooarchaeology: An Introduction to Faunal Remains (ANTHRO 219, ARCHLGY 119)), %q(119), %q(5), %q(5)]).includes ["AUT"]
make([%q(Spirits, Selves, and the Social: Histories of Thinking about Religion (RELIGST 119X)), %q(119A), %q(5), %q(5)]).includes ["NOT GIVEN THIS YEAR"]
make([%q(Language and Prehistory (ANTHRO 221)), %q(121), %q(4), %q(5)]).includes ["NOT GIVEN THIS YEAR"]
make([%q(Hip Hop, Youth Identities, and the Politics of Language (AFRICAAM 121X, AMSTUD 121X, CSRE 121X, EDUC 121X, LINGUIST 155)), %q(121A), %q(3), %q(4)]).includes ["NOT GIVEN THIS YEAR"]
make([%q(Race and Culture in Mexico and Central America (ANTHRO 222A)), %q(122A), %q(3), %q(5)]).includes ["SPR"]
make([%q(Readings in Linguistic Anthropology (ANTHRO 223)), %q(123), %q(2), %q(2)]).includes ["NOT GIVEN THIS YEAR"]
make([%q(Maya Mythology and the Popol Vuh), %q(124), %q(3), %q(5)]).includes ["NOT GIVEN THIS YEAR"]
make([%q(Maya Mythology and the Popol Vuh), %q(124N), %q(3), %q(3)]).includes ["WIN"]
make([%q(Language and the Environment (ANTHRO 225)), %q(125), %q(4), %q(5)]).includes ["NOT GIVEN THIS YEAR"]
make([%q(International Criminal Courts and the Question of Global Justice), %q(125A), %q(3), %q(5)]).includes ["NOT GIVEN THIS YEAR"]
make([%q(International Criminal Courts and the Question of Global Justice), %q(125S), %q(3), %q(3)]).includes ["NOT GIVEN THIS YEAR"]
make([%q(Urban Culture in Global Perspective (URBANST 114)), %q(126), %q(5), %q(5)]).includes ["AUT"]
make([%q(City and Sounds), %q(127), %q(5), %q(5)]).includes ["NOT GIVEN THIS YEAR"]
make([%q(Cities and the Future: Utopias, Dystopias, and Other Urbanisms to Come), %q(127A), %q(3), %q(3)]).includes ["NOT GIVEN THIS YEAR"]
make([%q(Visual Studies), %q(128), %q(5), %q(5)]).includes ["NOT GIVEN THIS YEAR"]
make([%q(Interpreting Space and Place: An Introduction to Mapmaking), %q(130A), %q(5), %q(5)]).includes ["NOT GIVEN THIS YEAR"]
make([%q(Introduction to GIS in Anthropology (ANTHRO 230B)), %q(130B), %q(5), %q(5)]).includes ["NOT GIVEN THIS YEAR"]
make([%q(Spatial Approaches to Social Science (ANTHRO 230D, POLISCI 241S, URBANST 124)), %q(130D), %q(5), %q(5)]).includes ["NOT GIVEN THIS YEAR"]
make([%q(Genes and Identity (AFRICAAM 131, CSRE 131)), %q(131), %q(5), %q(5)]).includes ["NOT GIVEN THIS YEAR"]
make([%q(Religion and Politics in the Muslim World), %q(132), %q(5), %q(5)]).includes ["NOT GIVEN THIS YEAR"]
make([%q(Anthropology of the Middle East (CSRE 133A)), %q(133A), %q(3), %q(5)]).includes ["NOT GIVEN THIS YEAR"]
make([%q(Object Lessons (ANTHRO 234)), %q(134), %q(5), %q(5)]).includes ["NOT GIVEN THIS YEAR"]
make([%q(Cultural Studies (ANTHRO 235)), %q(135), %q(5), %q(5)]).includes ["NOT GIVEN THIS YEAR"]
make([%q(The Anthropology of Security (ANTHRO 235A)), %q(135A), %q(3), %q(5)]).includes ["NOT GIVEN THIS YEAR"]
make([%q(Conversations in CSRE: Case Studies in the Stanford Community (CSRE 135H)), %q(135H), %q(1), %q(2)]).includes ["NOT GIVEN THIS YEAR"]
make([%q(CSRE House Seminar: Race and Ethnicity at Stanford (CSRE 135I)), %q(135I), %q(1), %q(2)]).includes ["NOT GIVEN THIS YEAR"]
make([%q(The Anthropology of Global Supply Chains (ANTHRO 236)), %q(136), %q(5), %q(5)]).includes ["SPR"]
make([%q(The Politics of Humanitarianism (ANTHRO 237)), %q(137), %q(5), %q(5)]).includes ["NOT GIVEN THIS YEAR"]
make([%q(Traditional Medicine in the Modern World), %q(137A), %q(3), %q(3)]).includes ["NOT GIVEN THIS YEAR"]
make([%q(Medical Ethics in a Global World: Examining Race, Difference and Power in the Research Enterprise (ANTHRO 238, CSRE 138)), %q(138), %q(5), %q(5)]).includes ["SPR"]
make([%q(Conflict and Reconciliation in Africa: International Intervention (AFRICAST 138, AFRICAST 238, ANTHRO 238A)), %q(138A), %q(3), %q(5)]).includes ["SPR", "SUM"]
make([%q(Urban Africa), %q(138B), %q(5), %q(5)]).includes ["SPR"]
make([%q(Ethnography of Africa (ANTHRO 239)), %q(139), %q(5), %q(5)]).includes ["NOT GIVEN THIS YEAR"]
make([%q(Forgotten Africa: An Introduction to the Archaeology of Africa (AFRICAST 139A, ARCHLGY 139A)), %q(139A), %q(5), %q(5)]).includes ["NOT GIVEN THIS YEAR"]
make([%q(Ethnography of Africa), %q(140), %q(5), %q(5)]).includes ["WIN"]
make([%q(Ethnographic Archaeologies (ANTHRO 240A, ARCHLGY 137)), %q(140A), %q(4), %q(5)]).includes ["GIVEN NEXT YEAR"]
make([%q(Science, Technology, and Medicine in Africa (AFRICAST 141A)), %q(141A), %q(4), %q(4)]).includes ["NOT GIVEN THIS YEAR"]
make([%q(The Anthropology of Bits and Bytes: Digital Media in the Developing World), %q(141B), %q(5), %q(5)]).includes ["AUT"]
make([%q(Title  Social Change in Contemporary China:  Modernity and the Middle Kingdom (ANTHRO 243)), %q(143), %q(4), %q(5)]).includes ["NOT GIVEN THIS YEAR"]
make([%q(Anthropology and International Development), %q(143B), %q(3), %q(5)]).includes ["NOT GIVEN THIS YEAR"]
make([%q(Practice of Everyday Life in Kazakhstan: From Nomadism to Modernity (REES 244A)), %q(144A), %q(3), %q(5)]).includes ["NOT GIVEN THIS YEAR"]
make([%q(Race and Power (ANTHRO 245, CSRE 145F)), %q(145), %q(5), %q(5)]).includes ["NOT GIVEN THIS YEAR"]
make([%q(Reinventing the Other: Greeks, Romans, Barbarians), %q(145B), %q(3), %q(5)]).includes ["NOT GIVEN THIS YEAR"]
make([%q(Global Mobilities (STS 200B)), %q(146), %q(5), %q(5)]).includes ["NOT GIVEN THIS YEAR"]
make([%q(Anthropology of Youth), %q(146A), %q(5), %q(5)]).includes ["NOT GIVEN THIS YEAR"]
make([%q(Paperwork (STS 200G)), %q(146G), %q(5), %q(5)]).includes ["SPR"]
make([%q(Nature, Culture, Heritage (ANTHRO 247)), %q(147), %q(5), %q(5)]).includes ["NOT GIVEN THIS YEAR"]
make([%q(Folklore, Mythology, and Islam in Central Asia (REES 247A)), %q(147A), %q(3), %q(5)]).includes ["NOT GIVEN THIS YEAR"]
make([%q(Health, Politics, and Culture of Modern China (ANTHRO 248)), %q(148), %q(4), %q(5)]).includes ["NOT GIVEN THIS YEAR"]
make([%q(South Asia: History, People, Politics (ANTHRO 249)), %q(149), %q(5), %q(5)]).includes ["NOT GIVEN THIS YEAR"]
make([%q(Cities and Citizens in the Middle East (URBANST 144)), %q(149A), %q(4), %q(4)]).includes ["NOT GIVEN THIS YEAR"]
make([%q(Minaret and Mahallah: Women and Islam in Central Asia (FEMGEN 150A, REES 250A)), %q(150A), %q(3), %q(5)]).includes ["WIN"]
make([%q(Women, Fertility, and Work (ANTHRO 251, HUMBIO 148W)), %q(151), %q(5), %q(5)]).includes ["NOT GIVEN THIS YEAR"]
make([%q(Contemporary Chinese Society Through Independent Documentary Film (ANTHRO 251A)), %q(151A), %q(3), %q(5)]).includes ["NOT GIVEN THIS YEAR"]
make([%q(Ritual, Politics, Power (SOC 156)), %q(152), %q(5), %q(5)]).includes ["WIN"]
make([%q(Urban Poverty and Inequality in Contemporary China), %q(152A), %q(5), %q(5)]).includes ["NOT GIVEN THIS YEAR"]
make([%q(Population and social trends in Japan (ANTHRO 253A)), %q(153A), %q(3), %q(5)]).includes ["NOT GIVEN THIS YEAR"]
make([%q(Anthropology of Drugs: Experience, Capitalism, Modernity (ANTHRO 254B, CSRE 154)), %q(154), %q(5), %q(5)]).includes ["AUT"]
make([%q(Research Methods in Ecological Anthropology (ANTHRO 255)), %q(155), %q(5), %q(5)]).includes ["SPR"]
make([%q(Social and Environmental Sustainability: The Costa Rican Case (ANTHRO 260)), %q(160), %q(3), %q(5)]).includes ["SPR"]
make([%q(Tragedy of the Commons: Human Ecology of Communal Resources (ANTHRO 260A)), %q(160A), %q(5), %q(5)]).includes ["NOT GIVEN THIS YEAR"]
make([%q(Human Behavioral Ecology (ANTHRO 261, HUMBIO 117H)), %q(161), %q(3), %q(5)]).includes ["NOT GIVEN THIS YEAR"]
make([%q(Human Ecology: Adaptations to Climate and Climate Change (ANTHRO 261A)), %q(161A), %q(5), %q(5)]).includes ["NOT GIVEN THIS YEAR"]
make([%q(Indigenous Peoples and Environmental Problems (ANTHRO 262)), %q(162), %q(3), %q(5)]).includes ["SPR"]
make([%q(Conservation and Evolutionary Ecology (ANTHRO 263)), %q(163), %q(5), %q(5)]).includes ["NOT GIVEN THIS YEAR"]
make([%q(Natural Resource Extraction: Use and Development: Assessing Policies, Practices and Outcomes (ANTHRO 264)), %q(164), %q(3), %q(5)]).includes ["NOT GIVEN THIS YEAR"]
make([%q(Anthropology of Ecotourism), %q(164A), %q(5), %q(5)]).includes ["NOT GIVEN THIS YEAR"]
make([%q(Anthropology of Tourism), %q(164B), %q(5), %q(5)]).includes ["NOT GIVEN THIS YEAR"]
make([%q(Parks and Peoples: The Benefits and Costs of Protected Area Conservation), %q(165), %q(5), %q(5)]).includes ["NOT GIVEN THIS YEAR"]
make([%q(People and Parks: Management of Protected Areas), %q(165A), %q(5), %q(5)]).includes ["NOT GIVEN THIS YEAR"]
make([%q(Political Ecology of Tropical Land Use: Conservation, Natural Resource Extraction, and Agribusiness (ANTHRO 266)), %q(166), %q(3), %q(5)]).includes ["WIN"]
make([%q(A Wilderness Empire: The Political Ecology of California), %q(167A), %q(5), %q(5)]).includes ["NOT GIVEN THIS YEAR"]
make([%q(Everest: Extreme Anthropology), %q(168), %q(3), %q(5)]).includes ["NOT GIVEN THIS YEAR"]
make([%q(Risky Environments: The Nature of Disaster (ANTHRO 268A)), %q(168A), %q(5), %q(5)]).includes ["NOT GIVEN THIS YEAR"]
make([%q(The Ecology of Cuisine: Food, Nutrition, and the Evolution of the Human Diet (ANTHRO 269)), %q(169), %q(3), %q(5)]).includes ["AUT"]
make([%q(New Citizenship: Grassroots Movements for Social Justice in the U.S. (CHILATST 168, CSRE 168, FEMGEN 140H)), %q(169A), %q(5), %q(5)]).includes ["NOT GIVEN THIS YEAR"]
make([%q(Australian Ecosystems: Human Dimensions and Environmental Dynamics (ANTHRO 270)), %q(170), %q(3), %q(3)]).includes ["WIN"]
make([%q(The Biology and Evolution of Language (ANTHRO 271, HUMBIO 145L)), %q(171), %q(4), %q(5)]).includes ["NOT GIVEN THIS YEAR"]
make([%q(Seminar on Cultural Evolution and Coevolution (ANTHRO 272)), %q(172), %q(3), %q(5)]).includes ["NOT GIVEN THIS YEAR"]
make([%q(Human Dimensions of Global Environmental Change: Resilence, Vulnerability, and Environmental Justice (HUMBIO 111)), %q(173), %q(3), %q(3)]).includes ["NOT GIVEN THIS YEAR"]
make([%q(Beginnings of Social Complexity (ANTHRO 274)), %q(174), %q(5), %q(5)]).includes ["NOT GIVEN THIS YEAR"]
make([%q(Human Skeletal Anatomy (ANTHRO 275, BIO 174, BIO 274, HUMBIO 180)), %q(175), %q(5), %q(5)]).includes ["WIN"]
make([%q(Cultures, Minds, and Medicine (ANTHRO 276)), %q(176), %q(1), %q(1)]).includes ["AUT", "WIN", "SPR"]
make([%q(Environmental Change and Emerging Infectious Diseases (ANTHRO 277, HUMBIO 114)), %q(177), %q(3), %q(5)]).includes ["NOT GIVEN THIS YEAR"]
make([%q(Evolution and Conservation in Galapagos (ANTHRO 278)), %q(178), %q(5), %q(5)]).includes ["AUT"]
make([%q(Culture, Narrative, and Medicine (HUMBIO 177C)), %q(178A), %q(5), %q(5)]).includes ["NOT GIVEN THIS YEAR"]
make([%q(Cultures of Disease: Cancer and HIV/AIDS), %q(179), %q(5), %q(5)]).includes ["NOT GIVEN THIS YEAR"]
make([%q(Health, Illness, and Healing in South Asia (ANTHRO 279A)), %q(179A), %q(5), %q(5)]).includes ["NOT GIVEN THIS YEAR"]
make([%q(Science, Technology, and Gender), %q(180), %q(3), %q(5)]).includes ["NOT GIVEN THIS YEAR"]
make([%q(Gender in the Middle East: Iran, Turkey, and Egypt (FEMGEN 181A)), %q(181A), %q(4), %q(4)]).includes ["AUT"]
make([%q(An Anthropology of Annihilation: Tobacco at the Turn of the Millennium), %q(182), %q(3), %q(5)]).includes ["NOT GIVEN THIS YEAR"]
make([%q(Down and Out: Marginal Lives and Institutional Technologies (ANTHRO 282A)), %q(182A), %q(5), %q(5)]).includes ["NOT GIVEN THIS YEAR"]
make([%q(Smoke and Mirrors in Global Health), %q(182N), %q(3), %q(3)]).includes ["SPR"]
make([%q(Human Mobility and Adaptability (ANTHRO 283B)), %q(183B), %q(5), %q(5)]).includes ["NOT GIVEN THIS YEAR"]
make([%q(Spirituality and Healing (HUMBIO 179S)), %q(184), %q(3), %q(5)]).includes ["NOT GIVEN THIS YEAR"]
make([%q(Medical Anthropology of Contemporary Africa (ANTHRO 285)), %q(185), %q(5), %q(5)]).includes ["NOT GIVEN THIS YEAR"]
make([%q(Race and Biomedicine (ASNAMST 185A)), %q(185A), %q(3), %q(5)]).includes ["NOT GIVEN THIS YEAR"]
make([%q(Culture and Madness), %q(186), %q(5), %q(5)]).includes ["SPR"]
make([%q(The Most Rational People in the World), %q(186N), %q(4), %q(4)]).includes ["WIN"]
make([%q(Nuclear Cultures), %q(187), %q(5), %q(5)]).includes ["AUT"]
make([%q(The Anthropology of Race, Nature, and Animality (CSRE 187A)), %q(187A), %q(5), %q(5)]).includes ["NOT GIVEN THIS YEAR"]
make([%q(Anthropology Capstone: Contemporary Debates in Anthropology), %q(193), %q(5), %q(5)]).includes ["AUT"]
make([%q(Senior and Master's Paper Writing Workshop (ANTHRO 299)), %q(199), %q(1), %q(2)]).includes ["WIN", "SPR"]
make([%q(Lifeways of the Ancient Maya (ANTHRO 100B)), %q(200B), %q(5), %q(5)]).includes ["NOT GIVEN THIS YEAR"]
make([%q(STS Senior Capstone (STS 200C)), %q(200C), %q(5), %q(5)]).includes ["NOT GIVEN THIS YEAR"]
make([%q(Introduction to Cultural and Social Anthropology (ANTHRO 1)), %q(201), %q(5), %q(5)]).includes ["WIN"]
make([%q(Ancient Civilizations: Complexity and Collapse (ANTHRO 102A)), %q(202A), %q(3), %q(5)]).includes ["NOT GIVEN THIS YEAR"]
make([%q(Human Osteoarchaeology (ANTHRO 103A)), %q(203A), %q(5), %q(5)]).includes ["NOT GIVEN THIS YEAR"]
make([%q(Language and Culture (ANTHRO 4)), %q(204), %q(4), %q(5)]).includes ["AUT"]
make([%q(Ancient Cities in the New World (ANTHRO 105)), %q(205), %q(3), %q(5)]).includes ["NOT GIVEN THIS YEAR"]
make([%q(Archaeological Fieldwork: Critical Analysis and Practical Application (ANTHRO 105A)), %q(205A), %q(2), %q(3)]).includes ["NOT GIVEN THIS YEAR"]
make([%q(Heritage & Neoliberalism: Theorizations of the Past (ANTHRO 105B, ARCHLGY 105)), %q(205B), %q(3), %q(5)]).includes ["NOT GIVEN THIS YEAR"]
make([%q(Human Origins (ANTHRO 6, HUMBIO 6)), %q(206), %q(5), %q(5)]).includes ["NOT GIVEN THIS YEAR"]
make([%q(Incas and their Ancestors: Peruvian Archaeology (ANTHRO 106, ARCHLGY 102B)), %q(206A), %q(3), %q(5)]).includes ["WIN"]
make([%q(Archaeology: World Cultural Heritage (ANTHRO 109)), %q(209), %q(5), %q(5)]).includes ["NOT GIVEN THIS YEAR"]
make([%q(Neandertals and Modern Humans: Origin, Evolution, Interactions (ANTHRO 110A)), %q(210A), %q(3), %q(3)]).includes ["NOT GIVEN THIS YEAR"]
make([%q(Examining Ethnographies (ANTHRO 110B)), %q(210B), %q(5), %q(5)]).includes ["NOT GIVEN THIS YEAR"]
make([%q(Archaeology of Sex, Sexuality, and Gender (ANTHRO 111)), %q(211), %q(5), %q(5)]).includes ["NOT GIVEN THIS YEAR"]
make([%q(Archaeology of the Andes of Argentina (ANTHRO 111A)), %q(211A), %q(3), %q(5)]).includes ["NOT GIVEN THIS YEAR"]
make([%q(Public Archaeology: Market Street Chinatown Archaeology Project (ANTHRO 112, ASNAMST 112)), %q(212), %q(4), %q(5)]).includes ["NOT GIVEN THIS YEAR"]
make([%q(Faunal Analysis: Animal Remains for the Archaeologist (ANTHRO 113, BIO 166, BIO 266)), %q(213), %q(5), %q(5)]).includes ["NOT GIVEN THIS YEAR"]
make([%q(Religious Practices in Archaeological Cultures (ANTHRO 113B)), %q(213B), %q(5), %q(5)]).includes ["WIN"]
make([%q(Prehistoric Stone Tools: Technology and Analysis (ANTHRO 114)), %q(214), %q(5), %q(5)]).includes ["NOT GIVEN THIS YEAR"]
make([%q(Landscape Archaeology and Global Information Systematics (ANTHRO 114B)), %q(214B), %q(3), %q(5)]).includes ["NOT GIVEN THIS YEAR"]
make([%q(The Social life of Human Bones (ANTHRO 115)), %q(215), %q(3), %q(5)]).includes ["WIN"]
make([%q(The Aegean in the Neolithic and Bronze Age (ANTHRO 115A, ARCHLGY 139, ARCHLGY 239)), %q(215A), %q(3), %q(5)]).includes ["NOT GIVEN THIS YEAR"]
make([%q(Peoples and Cultures of Ancient Mesoamerica (ANTHRO 115B)), %q(215B), %q(5), %q(5)]).includes ["NOT GIVEN THIS YEAR"]
make([%q(Data Analysis for Quantitative Research (ANTHRO 116)), %q(216), %q(5), %q(5)]).includes ["NOT GIVEN THIS YEAR"]
make([%q(Thinking Through Animals (ANTHRO 117)), %q(217), %q(5), %q(5)]).includes ["NOT GIVEN THIS YEAR"]
make([%q(Zooarchaeology: An Introduction to Faunal Remains (ANTHRO 119, ARCHLGY 119)), %q(219), %q(5), %q(5)]).includes ["AUT"]
make([%q(Language and Prehistory (ANTHRO 121)), %q(221), %q(4), %q(5)]).includes ["NOT GIVEN THIS YEAR"]
make([%q(Race and Culture in Mexico and Central America (ANTHRO 122A)), %q(222A), %q(3), %q(5)]).includes ["SPR"]
make([%q(Readings in Linguistic Anthropology (ANTHRO 123)), %q(223), %q(2), %q(2)]).includes ["NOT GIVEN THIS YEAR"]
make([%q(Language and the Environment (ANTHRO 125)), %q(225), %q(4), %q(5)]).includes ["NOT GIVEN THIS YEAR"]
make([%q(Introduction to GIS in Anthropology (ANTHRO 130B)), %q(230B), %q(5), %q(5)]).includes ["NOT GIVEN THIS YEAR"]
make([%q(Spatial Approaches to Social Science (ANTHRO 130D, POLISCI 241S, URBANST 124)), %q(230D), %q(5), %q(5)]).includes ["NOT GIVEN THIS YEAR"]
make([%q(Object Lessons (ANTHRO 134)), %q(234), %q(5), %q(5)]).includes ["NOT GIVEN THIS YEAR"]
make([%q(Cultural Studies (ANTHRO 135)), %q(235), %q(5), %q(5)]).includes ["NOT GIVEN THIS YEAR"]
make([%q(The Anthropology of Security (ANTHRO 135A)), %q(235A), %q(3), %q(5)]).includes ["NOT GIVEN THIS YEAR"]
make([%q(The Anthropology of Global Supply Chains (ANTHRO 136)), %q(236), %q(5), %q(5)]).includes ["SPR"]
make([%q(The Politics of Humanitarianism (ANTHRO 137)), %q(237), %q(5), %q(5)]).includes ["NOT GIVEN THIS YEAR"]
make([%q(Medical Ethics in a Global World: Examining Race, Difference and Power in the Research Enterprise (ANTHRO 138, CSRE 138)), %q(238), %q(5), %q(5)]).includes ["SPR"]
make([%q(Conflict and Reconciliation in Africa: International Intervention (AFRICAST 138, AFRICAST 238, ANTHRO 138A)), %q(238A), %q(3), %q(5)]).includes ["SPR", "SUM"]
make([%q(Ethnography of Africa (ANTHRO 139)), %q(239), %q(5), %q(5)]).includes ["NOT GIVEN THIS YEAR"]
make([%q(Ethnographic Archaeologies (ANTHRO 140A, ARCHLGY 137)), %q(240A), %q(4), %q(5)]).includes ["GIVEN NEXT YEAR"]
make([%q(The State in Africa), %q(241), %q(5), %q(5)]).includes ["NOT GIVEN THIS YEAR"]
make([%q(Title  Social Change in Contemporary China:  Modernity and the Middle Kingdom (ANTHRO 143)), %q(243), %q(4), %q(5)]).includes ["NOT GIVEN THIS YEAR"]
make([%q(Race and Power (ANTHRO 145, CSRE 145F)), %q(245), %q(5), %q(5)]).includes ["NOT GIVEN THIS YEAR"]
make([%q(Evolutionary Theory in Archaeology), %q(245A), %q(3), %q(5)]).includes ["NOT GIVEN THIS YEAR"]
make([%q(Nature, Culture, Heritage (ANTHRO 147)), %q(247), %q(5), %q(5)]).includes ["NOT GIVEN THIS YEAR"]
make([%q(Health, Politics, and Culture of Modern China (ANTHRO 148)), %q(248), %q(4), %q(5)]).includes ["NOT GIVEN THIS YEAR"]
make([%q(South Asia: History, People, Politics (ANTHRO 149)), %q(249), %q(5), %q(5)]).includes ["NOT GIVEN THIS YEAR"]
make([%q(Women, Fertility, and Work (ANTHRO 151, HUMBIO 148W)), %q(251), %q(5), %q(5)]).includes ["NOT GIVEN THIS YEAR"]
make([%q(Contemporary Chinese Society Through Independent Documentary Film (ANTHRO 151A)), %q(251A), %q(3), %q(5)]).includes ["NOT GIVEN THIS YEAR"]
make([%q(Population and social trends in Japan (ANTHRO 153A)), %q(253A), %q(3), %q(5)]).includes ["NOT GIVEN THIS YEAR"]
make([%q(Anthropology of Drugs: Experience, Capitalism, Modernity (ANTHRO 154, CSRE 154)), %q(254B), %q(5), %q(5)]).includes ["AUT"]
make([%q(Research Methods in Ecological Anthropology (ANTHRO 155)), %q(255), %q(5), %q(5)]).includes ["SPR"]
make([%q(Social and Environmental Sustainability: The Costa Rican Case (ANTHRO 160)), %q(260), %q(3), %q(5)]).includes ["SPR"]
make([%q(Tragedy of the Commons: Human Ecology of Communal Resources (ANTHRO 160A)), %q(260A), %q(5), %q(5)]).includes ["NOT GIVEN THIS YEAR"]
make([%q(Human Behavioral Ecology (ANTHRO 161, HUMBIO 117H)), %q(261), %q(3), %q(5)]).includes ["NOT GIVEN THIS YEAR"]
make([%q(Human Ecology: Adaptations to Climate and Climate Change (ANTHRO 161A)), %q(261A), %q(5), %q(5)]).includes ["NOT GIVEN THIS YEAR"]
make([%q(Indigenous Peoples and Environmental Problems (ANTHRO 162)), %q(262), %q(3), %q(5)]).includes ["SPR"]
make([%q(Conservation and Evolutionary Ecology (ANTHRO 163)), %q(263), %q(5), %q(5)]).includes ["NOT GIVEN THIS YEAR"]
make([%q(Natural Resource Extraction: Use and Development: Assessing Policies, Practices and Outcomes (ANTHRO 164)), %q(264), %q(3), %q(5)]).includes ["NOT GIVEN THIS YEAR"]
make([%q(Political Ecology of Tropical Land Use: Conservation, Natural Resource Extraction, and Agribusiness (ANTHRO 166)), %q(266), %q(3), %q(5)]).includes ["WIN"]
make([%q(Risky Environments: The Nature of Disaster (ANTHRO 168A)), %q(268A), %q(5), %q(5)]).includes ["NOT GIVEN THIS YEAR"]
make([%q(The Ecology of Cuisine: Food, Nutrition, and the Evolution of the Human Diet (ANTHRO 169)), %q(269), %q(3), %q(5)]).includes ["AUT"]
make([%q(Australian Ecosystems: Human Dimensions and Environmental Dynamics (ANTHRO 170)), %q(270), %q(3), %q(3)]).includes ["WIN"]
make([%q(The Biology and Evolution of Language (ANTHRO 171, HUMBIO 145L)), %q(271), %q(4), %q(5)]).includes ["NOT GIVEN THIS YEAR"]
make([%q(Seminar on Cultural Evolution and Coevolution (ANTHRO 172)), %q(272), %q(3), %q(5)]).includes ["NOT GIVEN THIS YEAR"]
make([%q(Beginnings of Social Complexity (ANTHRO 174)), %q(274), %q(5), %q(5)]).includes ["NOT GIVEN THIS YEAR"]
make([%q(Human Skeletal Anatomy (ANTHRO 175, BIO 174, BIO 274, HUMBIO 180)), %q(275), %q(5), %q(5)]).includes ["WIN"]
make([%q(Cultures, Minds, and Medicine (ANTHRO 176)), %q(276), %q(1), %q(1)]).includes ["AUT", "WIN", "SPR"]
make([%q(Environmental Change and Emerging Infectious Diseases (ANTHRO 177, HUMBIO 114)), %q(277), %q(3), %q(5)]).includes ["NOT GIVEN THIS YEAR"]
make([%q(Japanese Society and Culture (ANTHRO 77)), %q(277), %q(5), %q(5)]).includes ["NOT GIVEN THIS YEAR"]
make([%q(Evolution and Conservation in Galapagos (ANTHRO 178)), %q(278), %q(5), %q(5)]).includes ["AUT"]
make([%q(Health, Illness, and Healing in South Asia (ANTHRO 179A)), %q(279A), %q(5), %q(5)]).includes ["NOT GIVEN THIS YEAR"]
make([%q(Medical Anthropology (ANTHRO 82, HUMBIO 176A)), %q(282), %q(3), %q(5)]).includes ["WIN"]
make([%q(Down and Out: Marginal Lives and Institutional Technologies (ANTHRO 182A)), %q(282A), %q(5), %q(5)]).includes ["NOT GIVEN THIS YEAR"]
make([%q(Ecology, Evolution, and Human Health), %q(283), %q(3), %q(5)]).includes ["NOT GIVEN THIS YEAR"]
make([%q(Human Mobility and Adaptability (ANTHRO 183B)), %q(283B), %q(5), %q(5)]).includes ["NOT GIVEN THIS YEAR"]
make([%q(Medical Anthropology of Contemporary Africa (ANTHRO 185)), %q(285), %q(5), %q(5)]).includes ["NOT GIVEN THIS YEAR"]
make([%q(Master's Thesis Writing Seminar), %q(293B), %q(2), %q(4)]).includes ["WIN"]
make([%q(Digital Methods in Archaeology (ANTHRO 98B)), %q(298B), %q(3), %q(5)]).includes ["WIN"]
make([%q(Senior and Master's Paper Writing Workshop (ANTHRO 199)), %q(299), %q(1), %q(2)]).includes ["WIN", "SPR"]
make([%q(Directed Individual Study), %q(299), %q(1), %q(10)]).includes ["AUT"]
make([%q(Reading Theory Through Ethnography), %q(300), %q(5), %q(5)]).includes ["SPR"]
make([%q(History of Anthropological Theory, Culture and Society), %q(301), %q(5), %q(5)]).includes ["WIN"]
make([%q(Foundations of Social Theory), %q(301A), %q(5), %q(5)]).includes ["AUT"]
make([%q(History of Anthropological Theory, Ecology and Environment), %q(302), %q(5), %q(5)]).includes ["WIN"]
make([%q(Introduction to Archaeological Theory), %q(303), %q(5), %q(5)]).includes ["AUT"]
make([%q(Data Analysis for Quantitative Research), %q(304), %q(5), %q(5)]).includes ["WIN"]
make([%q(Research Methods in Ecological Anthropology), %q(305), %q(5), %q(5)]).includes ["NOT GIVEN THIS YEAR"]
make([%q(Anthropological Research Methods), %q(306), %q(5), %q(5)]).includes ["AUT"]
make([%q(Archaeological Methods), %q(307), %q(5), %q(5)]).includes ["SPR"]
make([%q(Proposal Writing Seminar in Cultural and Social Anthropology), %q(308), %q(5), %q(5)]).includes ["SPR"]
make([%q(Proposal Writing Seminar in Archaeological Anthropology), %q(308A), %q(5), %q(5)]).includes ["SPR"]
make([%q(Advanced Evolutionary Theory in Anthropological Sciences), %q(309), %q(5), %q(5)]).includes ["NOT GIVEN THIS YEAR"]
make([%q(Intersections), %q(310C), %q(5), %q(5)]).includes ["NOT GIVEN THIS YEAR"]
make([%q(Introduction to Graduate Studies), %q(310G), %q(2), %q(2)]).includes ["AUT"]
make([%q(Ethnographic Writing), %q(311), %q(3), %q(5)]).includes ["NOT GIVEN THIS YEAR"]
make([%q(Introduction to Culture and Society Graduate Studies in Anthropology), %q(311G), %q(2), %q(2)]).includes ["WIN", "SPR"]
make([%q(Writing Across Audiences: Styles and Methods), %q(312), %q(5), %q(5)]).includes ["NOT GIVEN THIS YEAR"]
make([%q(Anthropology of Neoliberalism), %q(313), %q(5), %q(5)]).includes ["NOT GIVEN THIS YEAR"]
make([%q(Politics of the Mass Subject), %q(316), %q(5), %q(5)]).includes ["SPR"]
make([%q(Colonial Archives and Archaeology: Models and Methods of Analysis), %q(317), %q(5), %q(5)]).includes ["NOT GIVEN THIS YEAR"]
make([%q(Democracy and Political Authority), %q(318), %q(5), %q(5)]).includes ["NOT GIVEN THIS YEAR"]
make([%q(South Asia: History, People, Politics), %q(319), %q(5), %q(5)]).includes ["NOT GIVEN THIS YEAR"]
make([%q(Race, Ethnicity, and Language (EDUC 389X, LINGUIST 253)), %q(320A), %q(3), %q(4)]).includes ["NOT GIVEN THIS YEAR"]
make([%q(Reading Marx, Reading Weber), %q(321), %q(5), %q(5)]).includes ["NOT GIVEN THIS YEAR"]
make([%q(Anthropology and Literature: Problems of Representation, Power, and Textuality (COMPLIT 321B)), %q(321A), %q(5), %q(5)]).includes ["NOT GIVEN THIS YEAR"]
make([%q(From Biopolitics to Necropolitics and Beyond), %q(322), %q(5), %q(5)]).includes ["NOT GIVEN THIS YEAR"]
make([%q(Political Anthropology), %q(324), %q(5), %q(5)]).includes ["SPR"]
make([%q(Postcolonial and Indigenous Archaeologies), %q(326), %q(5), %q(5)]).includes ["WIN"]
make([%q(Language and Political Economy), %q(327), %q(5), %q(5)]).includes ["NOT GIVEN THIS YEAR"]
make([%q(The Anthropology of Technology), %q(331), %q(5), %q(5)]).includes ["NOT GIVEN THIS YEAR"]
make([%q(Transformative Design (ENGR 231)), %q(332), %q(3), %q(5)]).includes ["NOT GIVEN THIS YEAR"]
make([%q(The Anthropology of Heritage: Concepts, Contexts and Critique (ARCHLGY 132, ARCHLGY 232, ARCHLGY 332)), %q(332A), %q(3), %q(5)]).includes ["NOT GIVEN THIS YEAR"]
make([%q(Anthropologies of Evidence), %q(333), %q(5), %q(5)]).includes ["NOT GIVEN THIS YEAR"]
make([%q(The Cultural Politics of Ambiguity), %q(333A), %q(5), %q(5)]).includes ["NOT GIVEN THIS YEAR"]
make([%q(Trauma and Healing), %q(334), %q(5), %q(5)]).includes ["NOT GIVEN THIS YEAR"]
make([%q(Anthropology of Rights), %q(336), %q(5), %q(5)]).includes ["NOT GIVEN THIS YEAR"]
make([%q(The Politics of Humanitarianism), %q(337), %q(5), %q(5)]).includes ["NOT GIVEN THIS YEAR"]
make([%q(Anthropological Approaches to Religion), %q(338), %q(5), %q(5)]).includes ["NOT GIVEN THIS YEAR"]
make([%q(Anthropology of Religion), %q(339), %q(5), %q(5)]).includes ["NOT GIVEN THIS YEAR"]
make([%q(Technologies of Extinctions: Ecocides and Genocides (FRENCH 339A)), %q(339A), %q(5), %q(5)]).includes ["NOT GIVEN THIS YEAR"]
make([%q(The Archaeololgy of Religious Crusading in Medieval Europe), %q(341), %q(5), %q(5)]).includes ["NOT GIVEN THIS YEAR"]
make([%q(Culture as Commodity), %q(343), %q(5), %q(5)]).includes ["NOT GIVEN THIS YEAR"]
make([%q(Graphic Medicine), %q(344), %q(5), %q(5)]).includes ["NOT GIVEN THIS YEAR"]
make([%q(New Visions in Medical Anthropology), %q(345), %q(5), %q(5)]).includes ["WIN"]
make([%q(The Social Imagination), %q(346), %q(5), %q(5)]).includes ["AUT"]
make([%q(Sexuality Studies in Anthropology), %q(346A), %q(5), %q(5)]).includes ["NOT GIVEN THIS YEAR"]
make([%q(Religion and Modernity (RELIGST 332X)), %q(347), %q(5), %q(5)]).includes ["NOT GIVEN THIS YEAR"]
make([%q(Representing Medicine), %q(348), %q(5), %q(5)]).includes ["NOT GIVEN THIS YEAR"]
make([%q(Anthropology of Capitalism), %q(349), %q(5), %q(5)]).includes ["AUT"]
make([%q(Foucault: The Question of Method), %q(352), %q(5), %q(5)]).includes ["NOT GIVEN THIS YEAR"]
make([%q(Landscape), %q(353), %q(5), %q(5)]).includes ["NOT GIVEN THIS YEAR"]
make([%q(Cities in Global Perspective), %q(355), %q(5), %q(5)]).includes ["NOT GIVEN THIS YEAR"]
make([%q(The Anthropology of Development), %q(356), %q(5), %q(5)]).includes ["NOT GIVEN THIS YEAR"]
make([%q(Other Minds: Puzzles in Psychiatric and Psychological Anthropology), %q(357), %q(5), %q(5)]).includes ["NOT GIVEN THIS YEAR"]
make([%q(Anthropology and the Limit of Experience), %q(358), %q(5), %q(5)]).includes ["AUT"]
make([%q(Copies, Collections, and Commodities), %q(359), %q(5), %q(5)]).includes ["NOT GIVEN THIS YEAR"]
make([%q(Social Structure and Social Networks), %q(360), %q(5), %q(5)]).includes ["AUT"]
make([%q(Life and Death in Contemporary Latin America: An Anthropological Inquiry), %q(361), %q(5), %q(5)]).includes ["NOT GIVEN THIS YEAR"]
make([%q(Human Spatial Dynamics: Seminar in Communicating Contemporary Science), %q(362), %q(5), %q(5)]).includes ["NOT GIVEN THIS YEAR"]
make([%q(Introduction to Human Evolution, Ecology, Genetics, and Culture), %q(362A), %q(5), %q(5)]).includes ["NOT GIVEN THIS YEAR"]
make([%q(Demography and Life History Theory), %q(363), %q(5), %q(5)]).includes ["NOT GIVEN THIS YEAR"]
make([%q(EcoGroup: Current Topics in Ecological, Evolutionary, and Environmental Anthropology), %q(364), %q(2), %q(5)]).includes ["WIN"]
make([%q(EcoGroup: Problems in Ecological and Evolutionary Anthropology), %q(364A), %q(2), %q(5)]).includes ["NOT GIVEN THIS YEAR"]
make([%q(The Theory of the Modern Subject), %q(365), %q(5), %q(5)]).includes ["NOT GIVEN THIS YEAR"]
make([%q(Material Semiotics), %q(366), %q(5), %q(5)]).includes ["NOT GIVEN THIS YEAR"]
make([%q(The Anthropology of Science: Global Politics and Laboratory Life), %q(367), %q(5), %q(5)]).includes ["NOT GIVEN THIS YEAR"]
make([%q(Dynamics of Coupled Human-Natural Systems), %q(368), %q(5), %q(5)]).includes ["NOT GIVEN THIS YEAR"]
make([%q(Advanced Topics in Human Behavioral), %q(369), %q(2), %q(5)]).includes ["AUT"]
make([%q(Advanced Theory and Method in Historical Archaeology), %q(370), %q(5), %q(5)]).includes ["NOT GIVEN THIS YEAR"]
make([%q(Proposal Writing for Archaeologists (ARCHLGY 371)), %q(371), %q(3), %q(3)]).includes ["NOT GIVEN THIS YEAR"]
make([%q(Urban Ecologies), %q(372), %q(5), %q(5)]).includes ["WIN"]
make([%q(Things: An Archaeology of the Relationships Between Humans and Things), %q(373), %q(5), %q(5)]).includes ["AUT"]
make([%q(Archaeology of Colonialism/Postcolonialisms), %q(374), %q(5), %q(5)]).includes ["NOT GIVEN THIS YEAR"]
make([%q(Archaeology and Globalism), %q(375), %q(4), %q(5)]).includes ["NOT GIVEN THIS YEAR"]
make([%q(Archaeology: The Emergence of a Discipline), %q(376), %q(5), %q(5)]).includes ["NOT GIVEN THIS YEAR"]
make([%q(What is Authority?: Anthropological Perspectives), %q(377), %q(5), %q(5)]).includes ["SPR"]
make([%q(Dynamics of Coupled Human-Natural Systems), %q(378), %q(5), %q(5)]).includes ["NOT GIVEN THIS YEAR"]
make([%q(Empathy Lab), %q(379), %q(5), %q(5)]).includes ["WIN"]
make([%q(Practice and Performance: Bourdieu, Butler, Giddens, de Certeau), %q(380), %q(5), %q(5)]).includes ["NOT GIVEN THIS YEAR"]
make([%q(Archaeology of Violence), %q(381), %q(5), %q(5)]).includes ["NOT GIVEN THIS YEAR"]
make([%q(Advanced Topics in Medical Anthropology), %q(382), %q(5), %q(5)]).includes ["NOT GIVEN THIS YEAR"]
make([%q(Sacrifice, Ethics and Modern Convictions), %q(384), %q(5), %q(5)]).includes ["AUT"]
make([%q(Epidemics, Chronics, and Contagion), %q(386), %q(5), %q(5)]).includes ["NOT GIVEN THIS YEAR"]
make([%q(Strangers and Intimate: Exploring Civility), %q(387), %q(5), %q(5)]).includes ["WIN"]
make([%q(Anthropology of the Extraordinary: Ontologies and Phenomenologies), %q(388), %q(5), %q(5)]).includes ["WIN"]
make([%q(Dissertation Writers Seminar), %q(400), %q(1), %q(3)]).includes ["AUT", "WIN", "SPR"]
make([%q(Qualifying Examination: Topic), %q(401A), %q(2), %q(5)]).includes ["AUT", "WIN", "SPR", "SUM"]
make([%q(Qualifying Examination: Area), %q(401B), %q(2), %q(5)]).includes ["AUT", "WIN", "SPR", "SUM"]
make([%q(Teaching Assistantship), %q(440), %q(3), %q(5)]).includes ["AUT", "WIN", "SPR", "SUM"]
make([%q(Master's Research Thesis), %q(441), %q(1), %q(15)]).includes ["WIN", "SPR", "SUM"]
make([%q(Reading Group), %q(442), %q(2), %q(3)]).includes ["WIN"]
make([%q(Anthropology Colloquium), %q(444), %q(1), %q(1)]).includes ["AUT", "WIN", "SPR"]
make([%q(Anthropology Brown Bag Series), %q(445), %q(1), %q(1)]).includes ["WIN", "SPR"]
make([%q(Method of Analysis Program in the Social Sciences (COMM 310)), %q(446A), %q(1), %q(1)]).includes ["NOT GIVEN THIS YEAR"]
make([%q(Research Apprenticeship), %q(450), %q(1), %q(15)]).includes ["AUT", "WIN", "SPR", "SUM"]
make([%q(Directed Individual Study), %q(451), %q(1), %q(15)]).includes ["AUT", "WIN", "SPR", "SUM"]
make([%q(Graduate Internship), %q(452), %q(3), %q(5)]).includes ["AUT", "WIN", "SPR", "SUM"]
make([%q(TGR Project), %q(801), %q(0), %q(0)]).includes ["AUT", "WIN", "SPR", "SUM"]
make([%q(TGR Dissertation), %q(802), %q(0), %q(0)]).includes ["AUT", "WIN", "SPR", "SUM"]
