make([%q(INTRODUCTION TO THEATER AND PERFORMANCE STUDIES), %q(1), %q(4), %q(4)]).includes ["AUT", "SPR"]
make([%q(ART IS MY OCCUPATION: PROFESSIONAL DEVELOPMENT FOR CREATIVES (ARTSINST 5, ARTSTUDI 6P, MUSIC 6P)), %q(6P), %q(1), %q(1)]).includes ["WIN"]
make([%q(ACTING INTENSIVE: THEATRE AND BEYOND, INTO THE WORLD OF FILM), %q(10AX), %q(2), %q(2)]).includes ["NOT GIVEN THIS YEAR"]
make([%q(ARTS AND IDEAS: 20TH CENTURY ART IN CONFLICT), %q(10N), %q(4), %q(4)]).includes ["NOT GIVEN THIS YEAR"]
make([%q(SET DESIGN), %q(11AX), %q(2), %q(2)]).includes ["NOT GIVEN THIS YEAR"]
make([%q(DRAMATIC TENSIONS: THEATER AND THE MARKETPLACE), %q(11N), %q(4), %q(4)]).includes ["AUT"]
make([%q(LEARNING THEATER: FROM AUDIENCE TO CRITIC AT THE OREGON SHAKESPEARE FESTIVAL), %q(11SC), %q(2), %q(2)]).includes ["SUM"]
make([%q(SKETCH COMEDY AND IMPROVISATION), %q(12AX), %q(2), %q(2)]).includes ["NOT GIVEN THIS YEAR"]
make([%q(TO DIE FOR: ANTIGONE AND POLITICAL DISSENT (CLASSGEN 6N)), %q(12N), %q(4), %q(4)]).includes ["WIN"]
make([%q(PLAYWRITING LAB: THE ART OF DRAMATIC WRITING), %q(12SC), %q(2), %q(2)]).includes ["NOT GIVEN THIS YEAR"]
make([%q(MUSICAL THEATER), %q(13AX), %q(2), %q(2)]).includes ["NOT GIVEN THIS YEAR"]
make([%q(LAW AND DRAMA), %q(13N), %q(4), %q(4)]).includes ["SPR"]
make([%q(JOURNEYING IN AND OUT: CREATIVE WRITING AND PERFORMANCE IN PRISON), %q(13SC), %q(2), %q(2)]).includes ["NOT GIVEN THIS YEAR"]
make([%q(LAW AND DRAMA), %q(14SC), %q(2), %q(2)]).includes ["SUM"]
make([%q(ACTING FOR NON-MAJORS (TAPS 124D)), %q(20), %q(1), %q(3)]).includes ["AUT", "WIN", "SPR", "SUM"]
make([%q(ACTING FOR NON-MAJORS), %q(20A), %q(2), %q(2)]).includes ["SUM"]
make([%q(STORYCRAFT), %q(21), %q(1), %q(1)]).includes ["WIN", "SPR"]
make([%q(SCENE WORK), %q(22), %q(1), %q(2)]).includes ["AUT", "WIN", "SPR"]
make([%q(GAME DESIGN: MAKING PLAY (TAPS 223)), %q(23), %q(3), %q(3)]).includes ["SPR"]
make([%q(SCIENCE-IN-THEATRE: A NEW GENRE? (CHEM 25Q)), %q(25Q), %q(3), %q(3)]).includes ["WIN"]
make([%q(MAKEUP FOR THE STAGE), %q(28), %q(2), %q(2)]).includes ["WIN"]
make([%q(THEATER PERFORMANCE: ACTING), %q(29), %q(1), %q(3)]).includes ["AUT", "WIN", "SPR"]
make([%q(HOW THEATER IS DESIGNED), %q(30), %q(4), %q(4)]).includes ["AUT"]
make([%q(INTRODUCTION TO LIGHTING AND PRODUCTION), %q(31), %q(4), %q(4)]).includes ["WIN"]
make([%q(THE 5TH ELEMENT: HIP HOP KNOWLEDGE, PEDAGOGY, AND SOCIAL JUSTICE (AFRICAAM 32, AMSTUD 32, CSRE 32A, EDUC 32X, EDUC 432X)), %q(32), %q(1), %q(5)]).includes ["SPR"]
make([%q(HISTORY OF COSTUME AND FASHION), %q(32F), %q(4), %q(4)]).includes ["SPR"]
make([%q(STAGE MANAGEMENT TECHNIQUES (TAPS 334)), %q(34), %q(3), %q(3)]).includes ["AUT", "SPR"]
make([%q(THEATRE CREW), %q(39), %q(1), %q(3)]).includes ["AUT", "WIN", "SPR", "SUM"]
make([%q(THEATER PERFORMANCE: PROSSER STAGE MANAGEMENT), %q(39D), %q(2), %q(4)]).includes ["AUT", "WIN", "SPR"]
make([%q(INVENTING MODERN THEATRE: GEORG BüCHNER AND FRANK WEDEKIND (GERMAN 41N)), %q(41N), %q(3), %q(3)]).includes ["NOT GIVEN THIS YEAR"]
make([%q(BEGINNING IMPROVISING), %q(103), %q(3), %q(3)]).includes ["AUT", "WIN", "SPR"]
make([%q(IMPROV & DESIGN), %q(105V), %q(1), %q(1)]).includes ["NOT GIVEN THIS YEAR"]
make([%q(CREATIVE EXPRESSION: MUSICAL THEATER (MUSIC 112)), %q(112), %q(4), %q(4)]).includes ["AUT", "WIN"]
make([%q(CREATIVE EXPRESSION: DIRECTING THE MUSICAL), %q(113), %q(3), %q(3)]).includes ["WIN"]
make([%q(DESIGNING WONDER: CREATING \EVERYDAY AUDIENCES\), %q(114), %q(4), %q(4)]).includes ["AUT"]
make([%q(ACTING I: SCENE STUDY), %q(120A), %q(1), %q(3)]).includes ["AUT", "WIN"]
make([%q(ACTING II: ADVANCED SCENE STUDY), %q(120B), %q(1), %q(3)]).includes ["WIN"]
make([%q(STUDIO PERFORMANCE), %q(120D), %q(1), %q(5)]).includes ["NOT GIVEN THIS YEAR"]
make([%q(VOCAL PRODUCTION AND AUDITION (TAPS 210V)), %q(120V), %q(1), %q(3)]).includes ["AUT"]
make([%q(PHYSICAL CHARACTERIZATION), %q(121C), %q(3), %q(3)]).includes ["AUT"]
make([%q(PERIOD AND STYLE:ACTING), %q(121P), %q(3), %q(3)]).includes ["SPR"]
make([%q(SHAKESPEARE PERFORMANCE INTENSIVE), %q(121S), %q(4), %q(4)]).includes ["AUT"]
make([%q(UNDERGRAD PERFORMANCE PROJECT: ATTEMPTS ON HER LIFE BY MARTIN CRIMP), %q(122P), %q(2), %q(9)]).includes ["AUT"]
make([%q(SPEAKING WITH DISTINCTION), %q(123), %q(3), %q(3)]).includes ["WIN"]
make([%q(ACTING FOR NON-MAJORS (TAPS 20)), %q(124D), %q(1), %q(3)]).includes ["AUT", "WIN", "SPR", "SUM"]
make([%q(YOUR AMERICAN LIFE), %q(126), %q(4), %q(4)]).includes ["WIN"]
make([%q(DYNAMICS OF CONFLICT: CONTACT AND COMBAT IN PERFORMANCE), %q(127), %q(4), %q(4)]).includes ["WIN"]
make([%q(ADVANCED MOVEMENT FOR ACTORS: CONDITIONING, IMPROVISATION AND COMPOSITION), %q(127X), %q(4), %q(4)]).includes ["SPR"]
make([%q(ACTING FOR FILM AND VIDEO), %q(128), %q(3), %q(3)]).includes ["SPR"]
make([%q(ADVANCED ACTING), %q(129), %q(4), %q(4)]).includes ["SPR"]
make([%q(REDESIGNING THEATER: LIVE & DIGITAL PERFORMANCE (ME 288)), %q(130), %q(3), %q(3)]).includes ["AUT"]
make([%q(LIGHTING DESIGN), %q(131), %q(4), %q(4)]).includes ["NOT GIVEN THIS YEAR"]
make([%q(COSTUME DESIGN), %q(132), %q(4), %q(4)]).includes ["NOT GIVEN THIS YEAR"]
make([%q(STAGE SCENERY DESIGN), %q(133), %q(3), %q(4)]).includes ["WIN"]
make([%q(STAGE MANAGEMENT PROJECT), %q(134), %q(3), %q(5)]).includes ["AUT", "WIN", "SPR", "SUM"]
make([%q(VIRTUAL DRAFTING FOR DESIGNERS), %q(136), %q(3), %q(5)]).includes ["SPR"]
make([%q(HAND DRAFTING FOR DESIGNERS), %q(137), %q(3), %q(3)]).includes ["NOT GIVEN THIS YEAR"]
make([%q(PROJECTS IN THEATRICAL PRODUCTION), %q(140), %q(1), %q(4)]).includes ["AUT", "WIN", "SPR"]
make([%q(PUPPETRY WITH A TWIST (TAPS 344)), %q(144), %q(3), %q(4)]).includes ["SPR"]
make([%q(ID21 STRATLAB: INTERDISCIPLINARY APPROACHES TO IMPROVISING IDENTITIES (AMSTUD 151H, CSRE 151H, DANCE 151H, DANCE 251H, TAPS 351H)), %q(151H), %q(4), %q(5)]).includes ["NOT GIVEN THIS YEAR"]
make([%q(GREAT BOOKS: DRAMATIC TRADITIONS (TAPS 351)), %q(151T), %q(4), %q(4)]).includes ["WIN"]
make([%q(FOOD AND PERFORMANCE: MEALS, MARKETS, MAIZE AND MACARONI), %q(152H), %q(4), %q(4)]).includes ["NOT GIVEN THIS YEAR"]
make([%q(JAPANESE THEATER: NOH TO CONTEMPORARY PERFORMANCE), %q(153S), %q(4), %q(4)]).includes ["NOT GIVEN THIS YEAR"]
make([%q(THEATER AND LEGAL REGULATION), %q(154S), %q(4), %q(4)]).includes ["NOT GIVEN THIS YEAR"]
make([%q(THEATRE OF WAR), %q(155T), %q(4), %q(4)]).includes ["NOT GIVEN THIS YEAR"]
make([%q(PERFORMING HISTORY: RACE, POLITICS, AND STAGING THE PLAYS OF AUGUST WILSON (AFRICAAM 156, TAPS 356)), %q(156), %q(4), %q(4)]).includes ["AUT"]
make([%q(WORLD DRAMA AND PERFORMANCE (TAPS 357)), %q(157), %q(4), %q(4)]).includes ["AUT"]
make([%q(PROXIMITY AND TEMPORALITY IN PERFORMANCE (TAPS 358H)), %q(158H), %q(4), %q(5)]).includes ["NOT GIVEN THIS YEAR"]
make([%q(THE ETHICS OF STORYTELLING: THE AUTOBIOGRAPHICAL MONOLOGUE IN THEORY, IN PRACTICE, AND IN THE WORLD (ETHICSOC 201R, TAPS 358L)), %q(158L), %q(4), %q(4)]).includes ["NOT GIVEN THIS YEAR"]
make([%q(INTRODUCTION TO GAME STUDIES), %q(159), %q(4), %q(4)]).includes ["AUT", "WIN"]
make([%q(RETHINKING THE BALLERINA (DANCE 160, TAPS 260)), %q(160), %q(4), %q(4)]).includes ["WIN"]
make([%q(CHICAN@/LATIN@ PERFORMANCE IN THE U.S. (CHILATST 160N)), %q(160N), %q(4), %q(4)]).includes ["SPR"]
make([%q(DANCE, HISTORY AND CONFLICT (DANCE 161H)), %q(161H), %q(4), %q(4)]).includes ["NOT GIVEN THIS YEAR"]
make([%q(PERFORMANCE AND THE TEXT (TAPS 262)), %q(162), %q(5), %q(5)]).includes ["NOT GIVEN THIS YEAR"]
make([%q(BAROQUE MODERNITIES: DANCE, THEATER, FILM, POLITICAL THEORY (DANCE 162H)), %q(162H), %q(4), %q(4)]).includes ["NOT GIVEN THIS YEAR"]
make([%q(THE IDEA OF A THEATER), %q(162I), %q(5), %q(5)]).includes ["NOT GIVEN THIS YEAR"]
make([%q(QUEER ART AND PERFORMANCE (FEMGEN 140P, TAPS 364T)), %q(164T), %q(4), %q(5)]).includes ["NOT GIVEN THIS YEAR"]
make([%q(INTRODUCTION TO COMPARATIVE STUDIES IN RACE AND ETHNICITY (ANTHRO 33, CSRE 196C, ENGLISH 172D, SOC 146)), %q(165), %q(5), %q(5)]).includes ["NOT GIVEN THIS YEAR"]
make([%q(HISTORIOGRAPHY OF THEATER (TAPS 304)), %q(166H), %q(3), %q(5)]).includes ["NOT GIVEN THIS YEAR"]
make([%q(INTRODUCTION TO GREEK TRAGEDY (CLASSGEN 110)), %q(167), %q(4), %q(4)]).includes ["WIN"]
make([%q(DIRECTING & DRAMATURGY: COMPOSITION AND ADAPTATION FOR THEATRE (TAPS 370)), %q(170), %q(4), %q(5)]).includes ["NOT GIVEN THIS YEAR"]
make([%q(DIRECTING WORKSHOP: THE ACTOR-DIRECTOR DIALOGUE (TAPS 372)), %q(170B), %q(4), %q(4)]).includes ["WIN"]
make([%q(PERFORMANCE MAKING (TAPS 371)), %q(171), %q(4), %q(4)]).includes ["NOT GIVEN THIS YEAR"]
make([%q(OUT OF PLACE: (W)RITING HOME (CSRE 172, TAPS 272)), %q(172), %q(4), %q(4)]).includes ["AUT"]
make([%q(SOLO PERFORMANCE (TAPS 373W)), %q(173), %q(4), %q(5)]).includes ["NOT GIVEN THIS YEAR"]
make([%q(PERFORMANCE MAKING: PRODUCTION (TAPS 374A)), %q(174A), %q(5), %q(5)]).includes ["NOT GIVEN THIS YEAR"]
make([%q(WRITING FOR PERFORMANCE: THE FUNDAMENTALS (CSRE 177)), %q(175), %q(5), %q(5)]).includes ["SPR"]
make([%q(LIVING WITH MINDFULNESS, MEANING, AND COMPASSION (CSRE 176)), %q(176), %q(5), %q(5)]).includes ["SPR"]
make([%q(FINDING MEANING IN LIFE'S STRUGGLES: NARRATIVE WAYS OF HEALING (CSRE 176S)), %q(176S), %q(5), %q(5)]).includes ["NOT GIVEN THIS YEAR"]
make([%q(PAGE TO STAGE: PLAYWRITING AND SOLO PERFORMANCE (TAPS 278)), %q(178), %q(3), %q(5)]).includes ["NOT GIVEN THIS YEAR"]
make([%q(INTENSIVE PLAYWRITING (CSRE 178B, TAPS 278)), %q(178B), %q(5), %q(5)]).includes ["WIN"]
make([%q(CHICANO & CHICANA THEATER:  POLITICS IN PERFORMANCE (CHILATST 179, TAPS 379)), %q(179), %q(3), %q(5)]).includes ["NOT GIVEN THIS YEAR"]
make([%q(CHRONICLERS OF DESIRE: CREATIVE NON-FICTION WRITING WORKSHOP (CSRE 179C, CSRE 279C, TAPS 279C)), %q(179C), %q(3), %q(5)]).includes ["NOT GIVEN THIS YEAR"]
make([%q(FLOR Y CANTO: POETRY WORKSHOP (CHILATST 179F, CSRE 179F, TAPS 279F)), %q(179F), %q(3), %q(5)]).includes ["WIN"]
make([%q(INDIGENOUS IDENTITY IN DIASPORA: PEOPLE OF COLOR ART PRACTICE IN NORTH AMERICA (CSRE 179G, CSRE 279G, TAPS 279G)), %q(179G), %q(3), %q(5)]).includes ["NOT GIVEN THIS YEAR"]
make([%q(COLOR (ARTSTUDI 180)), %q(180P), %q(3), %q(4)]).includes ["AUT"]
make([%q(NOAM CHOMSKY: THE DRAMA OF RESISTANCE), %q(180Q), %q(4), %q(4)]).includes ["WIN"]
make([%q(THE PERSONAL IS POLITICAL:  ART, ACTIVISM AND PERFORMANCE), %q(184Q), %q(4), %q(5)]).includes ["NOT GIVEN THIS YEAR"]
make([%q(SPECIAL RESEARCH), %q(190), %q(1), %q(5)]).includes ["AUT", "WIN", "SPR", "SUM"]
make([%q(INDEPENDENT STUDY), %q(191), %q(1), %q(18)]).includes ["AUT", "WIN", "SPR", "SUM"]
make([%q(LIFE IN THE BODY, PERFORMING THE SELF), %q(193), %q(2), %q(2)]).includes ["NOT GIVEN THIS YEAR"]
make([%q(DANCE IN PRISON: THE ARTS, JUVENILE JUSTICE, AND REHABILITATION IN AMERICA (DANCE 197)), %q(197), %q(4), %q(4)]).includes ["SPR"]
make([%q(SENIOR PROJECT), %q(200), %q(2), %q(9)]).includes ["AUT", "WIN", "SPR", "SUM"]
make([%q(HONORS COLLOQUIUM), %q(201A), %q(1), %q(1)]).includes ["AUT", "WIN", "SPR", "SUM"]
make([%q(HONORS COLLOQUIUM), %q(201B), %q(1), %q(1)]).includes ["AUT", "WIN", "SPR", "SUM"]
make([%q(HONORS COLLOQUIUM), %q(201C), %q(1), %q(1)]).includes ["AUT", "WIN", "SPR", "SUM"]
make([%q(HONORS COLLOQUIUM), %q(201D), %q(1), %q(1)]).includes ["AUT", "WIN", "SPR", "SUM"]
make([%q(HONORS THESIS), %q(202), %q(2), %q(9)]).includes ["AUT", "WIN", "SPR", "SUM"]
make([%q(ADVANCED IMPROVISATION), %q(203), %q(3), %q(3)]).includes ["WIN"]
make([%q(VOCAL PRODUCTION AND AUDITION (TAPS 120V)), %q(210V), %q(1), %q(3)]).includes ["AUT"]
make([%q(STANFORD IMPROV ENSEMBLE), %q(213), %q(1), %q(2)]).includes ["NOT GIVEN THIS YEAR"]
make([%q(GAME DESIGN: MAKING PLAY (TAPS 23)), %q(223), %q(3), %q(3)]).includes ["SPR"]
make([%q(ADVANCED STAGE LIGHTING DESIGN), %q(231), %q(1), %q(5)]).includes ["WIN"]
make([%q(ADVANCED COSTUME DESIGN), %q(232), %q(1), %q(5)]).includes ["AUT", "WIN", "SPR", "SUM"]
make([%q(ADVANCED SCENE DESIGN), %q(233), %q(1), %q(5)]).includes ["AUT", "WIN", "SPR", "SUM"]
make([%q(ADVANCED STAGE MANAGEMENT PROJECT), %q(234), %q(2), %q(9)]).includes ["AUT", "WIN", "SPR", "SUM"]
make([%q(DIRECTING SCENES: THE DIRECTOR'S TOOLKIT), %q(236), %q(4), %q(4)]).includes ["AUT"]
make([%q(FAMILY DRAMA: AMERICAN PLAYS ABOUT FAMILIES (ENGLISH 148)), %q(248), %q(5), %q(5)]).includes ["AUT"]
make([%q(GAME STUDIES), %q(259), %q(1), %q(1)]).includes ["WIN"]
make([%q(RETHINKING THE BALLERINA (DANCE 160, TAPS 160)), %q(260), %q(4), %q(4)]).includes ["WIN"]
make([%q(PERFORMANCE AND THE TEXT (TAPS 162)), %q(262), %q(5), %q(5)]).includes ["NOT GIVEN THIS YEAR"]
make([%q(THE TOTAL WORK OF ART (GERMAN 262)), %q(262S), %q(5), %q(5)]).includes ["AUT"]
make([%q(OUT OF PLACE: (W)RITING HOME (CSRE 172, TAPS 172)), %q(272), %q(4), %q(4)]).includes ["AUT"]
make([%q(DIRECTING & DRAMATURGY: COMPOSITION AND ADAPTATION FOR THEATRE (TAPS 373)), %q(273), %q(4), %q(4)]).includes ["NOT GIVEN THIS YEAR"]
make([%q(INTENSIVE PLAYWRITING (CSRE 178B, TAPS 178B)), %q(278), %q(5), %q(5)]).includes ["WIN"]
make([%q(PAGE TO STAGE: PLAYWRITING AND SOLO PERFORMANCE (TAPS 178)), %q(278), %q(3), %q(5)]).includes ["NOT GIVEN THIS YEAR"]
make([%q(CHRONICLERS OF DESIRE: CREATIVE NON-FICTION WRITING WORKSHOP (CSRE 179C, CSRE 279C, TAPS 179C)), %q(279C), %q(3), %q(5)]).includes ["NOT GIVEN THIS YEAR"]
make([%q(FLOR Y CANTO: POETRY WORKSHOP (CHILATST 179F, CSRE 179F, TAPS 179F)), %q(279F), %q(3), %q(5)]).includes ["WIN"]
make([%q(INDIGENOUS IDENTITY IN DIASPORA: PEOPLE OF COLOR ART PRACTICE IN NORTH AMERICA (CSRE 179G, CSRE 279G, TAPS 179G)), %q(279G), %q(3), %q(5)]).includes ["NOT GIVEN THIS YEAR"]
make([%q(INTERACTIVE ART / PERFORMANCE DESIGN (ME 289A)), %q(289A), %q(2), %q(2)]).includes ["WIN"]
make([%q(INTERACTIVE ART / PERFORMANCE CREATION (ME 289B)), %q(289B), %q(3), %q(4)]).includes ["SPR"]
make([%q(SPECIAL RESEARCH), %q(290), %q(1), %q(5)]).includes ["AUT", "WIN", "SPR", "SUM"]
make([%q(CRITICAL STYLES I), %q(300A), %q(5), %q(5)]).includes ["NOT GIVEN THIS YEAR"]
make([%q(CRITICAL STYLES II), %q(300B), %q(5), %q(5)]).includes ["NOT GIVEN THIS YEAR"]
make([%q(HISTORIOGRAPHY OF THEATER (TAPS 166H)), %q(304), %q(3), %q(5)]).includes ["NOT GIVEN THIS YEAR"]
make([%q(ANALYZING PERFORMANCE), %q(311), %q(4), %q(4)]).includes ["AUT"]
make([%q(THE ARCHIVE IN THE REPERTOIRE), %q(312), %q(4), %q(4)]).includes ["SPR"]
make([%q(PERFORMANCE AND PERFORMATIVITY), %q(313), %q(1), %q(4)]).includes ["WIN"]
make([%q(PERFORMING IDENTITIES), %q(314), %q(4), %q(4)]).includes ["AUT", "WIN"]
make([%q(PROSEMINAR), %q(321), %q(3), %q(5)]).includes ["NOT GIVEN THIS YEAR"]
make([%q(STAGE MANAGEMENT TECHNIQUES (TAPS 34)), %q(334), %q(3), %q(3)]).includes ["AUT", "SPR"]
make([%q(COMPREHENSIVE 1ST YEAR EXAM), %q(336), %q(2), %q(2)]).includes ["WIN"]
make([%q(PUPPETRY WITH A TWIST (TAPS 144)), %q(344), %q(3), %q(4)]).includes ["SPR"]
make([%q(GREAT BOOKS: DRAMATIC TRADITIONS (TAPS 151T)), %q(351), %q(4), %q(4)]).includes ["WIN"]
make([%q(ID21 STRATLAB: INTERDISCIPLINARY APPROACHES TO IMPROVISING IDENTITIES (AMSTUD 151H, CSRE 151H, DANCE 151H, DANCE 251H, TAPS 151H)), %q(351H), %q(4), %q(5)]).includes ["NOT GIVEN THIS YEAR"]
make([%q(REPRESENTATION AND THEATRE CULTURE IN 20TH CENTURY FRANCE (FRENCH 210)), %q(353), %q(5), %q(5)]).includes ["SPR"]
make([%q(THE NERVOUS AGE: NEUROSIS, NEUROLOGY, AND NINETEENTH-CENTURY THEATRE (GERMAN 284, HUMBIO 162)), %q(354), %q(5), %q(5)]).includes ["SPR"]
make([%q(PERFORMING HISTORY: RACE, POLITICS, AND STAGING THE PLAYS OF AUGUST WILSON (AFRICAAM 156, TAPS 156)), %q(356), %q(4), %q(4)]).includes ["AUT"]
make([%q(WORLD DRAMA AND PERFORMANCE (TAPS 157)), %q(357), %q(4), %q(4)]).includes ["AUT"]
make([%q(PROXIMITY AND TEMPORALITY IN PERFORMANCE (TAPS 158H)), %q(358H), %q(4), %q(5)]).includes ["NOT GIVEN THIS YEAR"]
make([%q(THE ETHICS OF STORYTELLING: THE AUTOBIOGRAPHICAL MONOLOGUE IN THEORY, IN PRACTICE, AND IN THE WORLD (ETHICSOC 201R, TAPS 158L)), %q(358L), %q(4), %q(4)]).includes ["NOT GIVEN THIS YEAR"]
make([%q(GREEK TRAGEDY), %q(360), %q(3), %q(5)]).includes ["SPR"]
make([%q(QUEER ART AND PERFORMANCE (FEMGEN 140P, TAPS 164T)), %q(364T), %q(4), %q(5)]).includes ["NOT GIVEN THIS YEAR"]
make([%q(UNDERSTANDING AND STAGING MOLIèRE THEATRE (FRENCH 316)), %q(368S), %q(3), %q(5)]).includes ["NOT GIVEN THIS YEAR"]
make([%q(DIRECTING & DRAMATURGY: COMPOSITION AND ADAPTATION FOR THEATRE (TAPS 170)), %q(370), %q(4), %q(5)]).includes ["NOT GIVEN THIS YEAR"]
make([%q(PERFORMANCE MAKING (TAPS 171)), %q(371), %q(4), %q(4)]).includes ["NOT GIVEN THIS YEAR"]
make([%q(DIRECTING WORKSHOP: THE ACTOR-DIRECTOR DIALOGUE (TAPS 170B)), %q(372), %q(4), %q(4)]).includes ["WIN"]
make([%q(DIRECTING & DRAMATURGY: COMPOSITION AND ADAPTATION FOR THEATRE (TAPS 273)), %q(373), %q(4), %q(4)]).includes ["NOT GIVEN THIS YEAR"]
make([%q(SOLO PERFORMANCE (TAPS 173)), %q(373W), %q(4), %q(5)]).includes ["NOT GIVEN THIS YEAR"]
make([%q(PRACTICE BASED RESEARCH), %q(374), %q(4), %q(4)]).includes ["AUT"]
make([%q(PERFORMANCE MAKING: PRODUCTION (TAPS 174A)), %q(374A), %q(5), %q(5)]).includes ["NOT GIVEN THIS YEAR"]
make([%q(MAIN STAGE PRODUCTION), %q(375), %q(3), %q(5)]).includes ["NOT GIVEN THIS YEAR"]
make([%q(PROJECTS IN PERFORMANCE), %q(376), %q(4), %q(4)]).includes ["AUT", "WIN", "SPR", "SUM"]
make([%q(GRADUATE DIRECTORS' STAGED READING PROJECT), %q(377), %q(2), %q(2)]).includes ["AUT", "WIN", "SPR", "SUM"]
make([%q(CHICANO & CHICANA THEATER:  POLITICS IN PERFORMANCE (CHILATST 179, TAPS 179)), %q(379), %q(3), %q(5)]).includes ["NOT GIVEN THIS YEAR"]
make([%q(INSTANTANEOUS, INCESSANT, INFINITE: TIME AND PERFORMANCE), %q(381), %q(4), %q(4)]).includes ["WIN"]
make([%q(DIRECTED READING), %q(390), %q(1), %q(6)]).includes ["AUT", "WIN", "SPR", "SUM"]
make([%q(DISSERTATION RESEARCH), %q(399), %q(1), %q(9)]).includes ["AUT", "WIN", "SPR", "SUM"]
make([%q(TGR PROJECT), %q(801), %q(0), %q(0)]).includes ["AUT", "WIN", "SPR", "SUM"]
make([%q(TGR DISSERTATION), %q(802), %q(0), %q(0)]).includes ["AUT", "WIN", "SPR", "SUM"]
