make([%q(Beginning Classical Chinese, First Quarter (CHINLIT 205)), %q(125), %q(2), %q(5)]).includes ["AUT"]
make([%q(Beginning Classical Chinese, Second Quarter (CHINLIT 206)), %q(126), %q(2), %q(5)]).includes ["WIN"]
make([%q(Beginning Classical Chinese, Third Quarter (CHINLIT 207)), %q(127), %q(2), %q(5)]).includes ["SPR"]
make([%q(Lyrical and Local Prose (CHINLIT 230)), %q(130), %q(3), %q(5)]).includes ["AUT"]
make([%q(Chinese Biographies of Women (CHINLIT 232)), %q(132), %q(2), %q(5)]).includes ["AUT"]
make([%q(Ghost Stories and Other Strange Tales (CHINLIT 235)), %q(135), %q(3), %q(4)]).includes ["WIN"]
make([%q(Classical Poetry:  Reading, Theory, Interpretation (CHINLIT 255)), %q(155), %q(4), %q(4)]).includes ["GIVEN NEXT YEAR"]
make([%q(Major Figures in Classical Chinese Poetry (CHINLIT 265)), %q(165), %q(4), %q(4)]).includes ["GIVEN NEXT YEAR"]
make([%q(Chinese Ci Poetry (Song Lyrics) (CHINLIT 266)), %q(166), %q(3), %q(4)]).includes ["NOT GIVEN THIS YEAR"]
make([%q(Modern Chinese Novel: Theory, Aesthetics, History (CHINLIT 274, COMPLIT 254)), %q(174), %q(4), %q(4)]).includes ["NOT GIVEN THIS YEAR"]
make([%q(Honors Research), %q(189A), %q(2), %q(5)]).includes ["AUT", "SPR"]
make([%q(Honors Research), %q(189B), %q(5), %q(5)]).includes ["WIN"]
make([%q(Chinese Cultural Revolution: Performance, Politics, and Aesthetics (CHINLIT 290, COMPLIT 135)), %q(190), %q(4), %q(4)]).includes ["NOT GIVEN THIS YEAR"]
make([%q(The Structure of Modern Chinese (CHINLIT 291)), %q(191), %q(2), %q(4)]).includes ["NOT GIVEN THIS YEAR"]
make([%q(The History of Chinese (CHINLIT 292)), %q(192), %q(4), %q(4)]).includes ["SPR"]
make([%q(Individual Reading in Chinese), %q(199), %q(1), %q(4)]).includes ["AUT", "WIN", "SPR", "SUM"]
make([%q(Directed Reading in Chinese), %q(200), %q(1), %q(12)]).includes ["AUT", "WIN", "SPR", "SUM"]
make([%q(Proseminar: Bibliographic and Research Methods in Chinese Studies), %q(201), %q(3), %q(5)]).includes ["WIN"]
make([%q(Beginning Classical Chinese, First Quarter (CHINLIT 125)), %q(205), %q(2), %q(5)]).includes ["AUT"]
make([%q(Beginning Classical Chinese, Second Quarter (CHINLIT 126)), %q(206), %q(2), %q(5)]).includes ["WIN"]
make([%q(Beginning Classical Chinese, Third Quarter (CHINLIT 127)), %q(207), %q(2), %q(5)]).includes ["SPR"]
make([%q(Advanced Classical Chinese: Philosophical Texts), %q(221), %q(3), %q(5)]).includes ["WIN"]
make([%q(Advanced Classical Chinese: Historical Narration), %q(222), %q(2), %q(5)]).includes ["AUT"]
make([%q(Advanced Classical Chinese: Literary Essays), %q(223), %q(2), %q(5)]).includes ["NOT GIVEN THIS YEAR"]
make([%q(Lyrical and Local Prose (CHINLIT 130)), %q(230), %q(3), %q(5)]).includes ["AUT"]
make([%q(Chinese Biographies of Women (CHINLIT 132)), %q(232), %q(2), %q(5)]).includes ["AUT"]
make([%q(Ghost Stories and Other Strange Tales (CHINLIT 135)), %q(235), %q(3), %q(4)]).includes ["WIN"]
make([%q(Classical Poetry:  Reading, Theory, Interpretation (CHINLIT 155)), %q(255), %q(4), %q(4)]).includes ["GIVEN NEXT YEAR"]
make([%q(Sources of Chinese Poetry), %q(261), %q(4), %q(4)]).includes ["NOT GIVEN THIS YEAR"]
make([%q(Lyric (Shih) I), %q(263), %q(2), %q(4)]).includes ["NOT GIVEN THIS YEAR"]
make([%q(Major Figures in Classical Chinese Poetry (CHINLIT 165)), %q(265), %q(4), %q(4)]).includes ["GIVEN NEXT YEAR"]
make([%q(Chinese Ci Poetry (Song Lyrics) (CHINLIT 166)), %q(266), %q(3), %q(4)]).includes ["NOT GIVEN THIS YEAR"]
make([%q(Traditional Chinese Fiction: Novels), %q(272), %q(2), %q(4)]).includes ["NOT GIVEN THIS YEAR"]
make([%q(Chinese Drama), %q(273), %q(2), %q(4)]).includes ["NOT GIVEN THIS YEAR"]
make([%q(Modern Chinese Novel: Theory, Aesthetics, History (CHINLIT 174, COMPLIT 254)), %q(274), %q(4), %q(4)]).includes ["NOT GIVEN THIS YEAR"]
make([%q(For Love of Country: National Narratives in Chinese Literature and Film (CHINLIT 379)), %q(279), %q(3), %q(5)]).includes ["SPR"]
make([%q(The Poetics and Politics of Affect in Modern China), %q(289), %q(3), %q(5)]).includes ["NOT GIVEN THIS YEAR"]
make([%q(Chinese Cultural Revolution: Performance, Politics, and Aesthetics (CHINLIT 190, COMPLIT 135)), %q(290), %q(4), %q(4)]).includes ["NOT GIVEN THIS YEAR"]
make([%q(The Structure of Modern Chinese (CHINLIT 191)), %q(291), %q(2), %q(4)]).includes ["NOT GIVEN THIS YEAR"]
make([%q(The History of Chinese (CHINLIT 192)), %q(292), %q(4), %q(4)]).includes ["SPR"]
make([%q(Master's Thesis or Translation), %q(299), %q(1), %q(5)]).includes ["AUT", "WIN", "SPR", "SUM"]
make([%q(Late Imperial Chinese Fiction), %q(369), %q(2), %q(5)]).includes ["SPR"]
make([%q(China in the World (COMPLIT 371)), %q(371), %q(2), %q(5)]).includes ["AUT"]
make([%q(For Love of Country: National Narratives in Chinese Literature and Film (CHINLIT 279)), %q(379), %q(3), %q(5)]).includes ["SPR"]
make([%q(Seminar in Chinese Syntax), %q(391), %q(4), %q(4)]).includes ["SPR"]
make([%q(Dissertation Research), %q(399), %q(1), %q(12)]).includes ["AUT", "WIN", "SPR", "SUM"]
