make([%q(MANAGERIAL ECONOMICS), %q(200), %q(4), %q(4)]).includes []
make([%q(MANAGERIAL ECONOMICS - ACCELERATED), %q(203), %q(4), %q(4)]).includes []
make([%q(MSX:  ECONOMICS), %q(209), %q(3), %q(3)]).includes []
make([%q(GROWTH AND STABILIZATION IN THE GLOBAL ECONOMY), %q(300), %q(4), %q(4)]).includes []
make([%q(ECONOMICS OF ORGANIZATION), %q(330), %q(4), %q(4)]).includes []
make([%q(HEALTH CARE REGULATION, FINANCE AND POLICY), %q(331), %q(3), %q(3)]).includes []
make([%q(ANALYSIS OF COSTS, RISKS, AND BENEFITS OF HEALTH CARE), %q(332), %q(4), %q(4)]).includes []
make([%q(THE INTERNATIONAL ECONOMY), %q(334), %q(4), %q(4)]).includes []
make([%q(THE FINANCIAL CRISIS), %q(343), %q(4), %q(4)]).includes []
make([%q(MOTIVATION IN THEORY AND IN PRACTICE), %q(364), %q(3), %q(3)]).includes []
make([%q(CONTEMPORARY ECONOMIC POLICY), %q(381), %q(3), %q(3)]).includes []
make([%q(THE ECONOMICS OF INTERNET SEARCH), %q(512), %q(2), %q(2)]).includes []
make([%q(PLATFORM COMPETITION IN DIGITAL MARKETS), %q(513), %q(2), %q(2)]).includes []
make([%q(MARKETS OF INFORMATION), %q(514), %q(2), %q(2)]).includes []
make([%q(STATISTICS AND CAUSALITY), %q(535), %q(2), %q(2)]).includes []
make([%q(MANAGEMENT PRACTICES IN EUROPE, THE US AND EMERGING MARKETS), %q(591), %q(1), %q(1)]).includes []
make([%q(MICROECONOMIC ANALYSIS I), %q(600), %q(4), %q(4)]).includes []
make([%q(MICROECONOMIC ANALYSIS II), %q(601), %q(4), %q(4)]).includes []
make([%q(AUCTIONS, BARGAINING, AND PRICING), %q(602), %q(4), %q(4)]).includes []
make([%q(ECONOMETRIC METHODS I), %q(603), %q(4), %q(4)]).includes []
make([%q(ECONOMETRIC METHODS II), %q(604), %q(4), %q(4)]).includes []
make([%q(ECONOMETRIC METHODS III), %q(605), %q(2), %q(2)]).includes []
make([%q(MICROECONOMIC THEORY FOR NON-ECONOMIST PHDS), %q(606), %q(4), %q(4)]).includes []
make([%q(MULTIPERSON DECISION THEORY), %q(608), %q(4), %q(4)]).includes []
make([%q(APPLIED ECONOMETRICS AND ECONOMIC RESEARCH), %q(609), %q(4), %q(4)]).includes []
make([%q(MACROECONOMICS), %q(610), %q(4), %q(4)]).includes []
make([%q(OPEN ECONOMY MACROECONOMICS), %q(611), %q(4), %q(4)]).includes []
make([%q(TOPICS IN STABILIZATION AND REFORM), %q(614), %q(4), %q(4)]).includes []
make([%q(TOPICS IN ECONOMICS OF INFORMATION), %q(615), %q(3), %q(3)]).includes []
make([%q(TOPICS IN GAME THEORY), %q(616), %q(3), %q(3)]).includes []
make([%q(ECONOMICS OF ELECTRONIC COMMERCE AND THE INTERNET), %q(620), %q(4), %q(4)]).includes []
make([%q(DYNAMIC POLITICAL ECONOMY THEORY), %q(624), %q(4), %q(4)]).includes []
make([%q(READING GROUP IN INDUSTRIAL ORGANIZATION), %q(628), %q(1), %q(1)]).includes []
make([%q(MICROECONOMICS WORKSHOP), %q(629), %q(3), %q(3)]).includes []
make([%q(QUANTITATIVE METHODS FOR EMPIRICAL RESEARCH), %q(640), %q(3), %q(3)]).includes []
make([%q(NATURAL RESOURCE AND ENERGY ECONOMICS), %q(651), %q(4), %q(4)]).includes []
make([%q(PERSONNEL ECONOMICS), %q(652), %q(3), %q(3)]).includes []
make([%q(PHD DIRECTED READING (ACCT 691, FINANCE 691, GSBGEN 691, HRMGT 691, MKTG 691, OB 691, OIT 691, POLECON 691, STRAMGT 691)), %q(691), %q(1), %q(15)]).includes []
make([%q(PHD DISSERTATION RESEARCH (ACCT 692, FINANCE 692, GSBGEN 692, HRMGT 692, MKTG 692, OB 692, OIT 692, POLECON 692, STRAMGT 692)), %q(692), %q(1), %q(15)]).includes []
make([%q(TGR DISSERTATION (ACCT 802, FINANCE 802, GSBGEN 802, HRMGT 802, MKTG 802, OB 802, OIT 802, POLECON 802, STRAMGT 802)), %q(802), %q(0), %q(0)]).includes []
