make([%q(ASB: ILLUMINATING MULTIDISCIPLINARY PERSPECTIVES ON MENTAL HEALTH IN THE BAY AREA AND BEYOND), %q(29SI), %q(1), %q(1)]).includes ["WIN"]
make([%q(CLINICAL AND SOCIETAL ISSUES OF NEUROLOGICAL DISORDERS), %q(35SI), %q(2), %q(2)]).includes ["SPR"]
make([%q(CUPID'S DILEMMA: UNDERSTANDING DATING DYNAMICS), %q(60N), %q(3), %q(3)]).includes ["NOT GIVEN THIS YEAR"]
make([%q(MIND-BODY MEDICINE: A GLOBAL PERSPECTIVE), %q(70N), %q(3), %q(3)]).includes ["SPR"]
make([%q(TEMPERAMENT AND CREATIVITY IN MOOD DISORDERS), %q(76Q), %q(2), %q(2)]).includes ["NOT GIVEN THIS YEAR"]
make([%q(DEVIANTS IN LITERATURE), %q(77N), %q(3), %q(3)]).includes ["WIN"]
make([%q(MENTAL HEALTH IN COLLEGIATE ATHLETES), %q(78Q), %q(3), %q(3)]).includes ["SPR"]
make([%q(FAMILY DYNAMICS IN LITERATURE), %q(79Q), %q(3), %q(3)]).includes ["NOT GIVEN THIS YEAR"]
make([%q(FATE OF ORPHANS AND VULNERABLE CHILDREN IN SUB SAHARAN AFRICA: THE HIV/AIDS PANDEMIC), %q(81Q), %q(2), %q(2)]).includes ["WIN"]
make([%q(MADNESS AND THE WOMB: MEDICAL AND ARTISTIC APPROACHES TO MENTAL ILLNESS IN WOMEN THROUGH THE AGES), %q(111Q), %q(3), %q(3)]).includes ["NOT GIVEN THIS YEAR"]
make([%q(SLEEP AND DREAMS (PSYC 235)), %q(135), %q(3), %q(3)]).includes ["WIN", "SPR"]
make([%q(VALUESCIENCE: SHEDDING ILLUSION TO LIVE BETTER (PSYC 236A)), %q(136A), %q(3), %q(4)]).includes ["AUT"]
make([%q(VALUESCIENCE: SHEDDING ILLUSION TO LIVE BETTER (PSYC 236B)), %q(136B), %q(3), %q(4)]).includes ["SPR"]
make([%q(UNDERSTANDING RELATIONSHIPS: A COUPLES AND FAMILY THERAPY PERSPECTIVE (PSYC 239)), %q(139), %q(4), %q(4)]).includes ["SPR"]
make([%q(SPECIAL LABORATORY PROJECTS), %q(195), %q(1), %q(3)]).includes ["AUT", "WIN", "SPR", "SUM"]
make([%q(UNDERGRADUATE RESEARCH), %q(199), %q(1), %q(18)]).includes ["AUT", "WIN", "SPR", "SUM"]
make([%q(CHILD AND ADOLESCENT PSYCHOPATHOLOGY), %q(211), %q(1), %q(1)]).includes ["AUT"]
make([%q(PEDIATRIC PSYCHOSOMATIC MEDICINE: PSYCHOLOGICAL ISSUES IN THE PHYSICALLY ILL CHILD), %q(212), %q(1), %q(1)]).includes ["NOT GIVEN THIS YEAR"]
make([%q(STANFORD KLINGENSTEIN FELLOWSHIP PROGRAM), %q(225), %q(1), %q(1)]).includes ["AUT", "WIN", "SPR"]
make([%q(MINDFULNESS: AN AWARENESS-BASED STRESS REDUCTION PROGRAM IN MEDICINE), %q(233), %q(3), %q(3)]).includes ["AUT", "WIN", "SPR", "SUM"]
make([%q(SLEEP AND DREAMS (PSYC 135)), %q(235), %q(3), %q(3)]).includes ["WIN", "SPR"]
make([%q(VALUESCIENCE: SHEDDING ILLUSION TO LIVE BETTER (PSYC 136A)), %q(236A), %q(3), %q(4)]).includes ["AUT"]
make([%q(VALUESCIENCE: SHEDDING ILLUSION TO LIVE BETTER (PSYC 136B)), %q(236B), %q(3), %q(4)]).includes ["SPR"]
make([%q(UNDERSTANDING RELATIONSHIPS: A COUPLES AND FAMILY THERAPY PERSPECTIVE (PSYC 139)), %q(239), %q(4), %q(4)]).includes ["SPR"]
make([%q(PRINCIPLES AND PRACTICES IN CARE OF THE DYING), %q(247), %q(1), %q(1)]).includes ["NOT GIVEN THIS YEAR"]
make([%q(METHODOLOGY OF RESEARCH IN BEHAVIORAL SCIENCES), %q(250), %q(1), %q(3)]).includes ["AUT", "WIN", "SPR"]
make([%q(TEACHING IN PSYCHIATRY), %q(290), %q(1), %q(10)]).includes ["AUT", "WIN", "SPR", "SUM"]
make([%q(DIRECTED READING IN PSYCHIATRY), %q(299), %q(1), %q(18)]).includes ["AUT", "WIN", "SPR", "SUM"]
make([%q(MEDICAL SCHOLARS RESEARCH), %q(370), %q(4), %q(18)]).includes ["AUT", "WIN", "SPR", "SUM"]
make([%q(GRADUATE RESEARCH), %q(399), %q(1), %q(18)]).includes ["AUT", "WIN", "SPR", "SUM"]
