make([%q(INTRODUCTION TO COMPUTING AT STANFORD), %q(1C), %q(1), %q(1)]).includes ["AUT"]
make([%q(PRACTICAL UNIX), %q(1U), %q(1), %q(1)]).includes ["AUT", "WIN", "SPR"]
make([%q(MULTIMEDIA PRODUCTION), %q(2C), %q(1), %q(2)]).includes ["AUT", "WIN"]
make([%q(PROBLEM-SOLVING FOR THE CS TECHNICAL INTERVIEW), %q(9), %q(1), %q(1)]).includes ["WIN"]
make([%q(GREAT IDEAS IN COMPUTER SCIENCE), %q(10SC), %q(2), %q(2)]).includes ["NOT GIVEN THIS YEAR"]
make([%q(CAN MACHINES KNOW? CAN MACHINES FEEL?), %q(21N), %q(3), %q(3)]).includes ["AUT"]
make([%q(HISTORY AND PHILOSOPHY OF ARTIFICIAL INTELLIGENCE (SYMSYS 22)), %q(22), %q(2), %q(2)]).includes ["AUT"]
make([%q(COMPUTERS AND PHOTOGRAPHY: FROM CAPTURE TO SHARING), %q(45N), %q(3), %q(4)]).includes ["AUT"]
make([%q(GREAT IDEAS IN COMPUTER SCIENCE), %q(54N), %q(3), %q(3)]).includes ["AUT"]
make([%q(GREAT DISCOVERIES AND INVENTIONS IN COMPUTING), %q(56N), %q(3), %q(3)]).includes ["WIN"]
make([%q(THE BUSINESS OF THE INTERNET), %q(73N), %q(3), %q(3)]).includes ["SPR"]
make([%q(DIGITAL DILEMMAS), %q(74N), %q(3), %q(3)]).includes ["AUT"]
make([%q(CELL PHONES, SENSORS, AND YOU), %q(75N), %q(3), %q(3)]).includes ["NOT GIVEN THIS YEAR"]
make([%q(INTERACTION DESIGN BASICS), %q(77), %q(2), %q(2)]).includes ["WIN"]
make([%q(UNDERSTANDING WOMEN'S EXPERIENCE IN HIGH-TECH COMPANIES), %q(78), %q(3), %q(3)]).includes ["WIN"]
make([%q(CODE THE CHANGE: LEARN WEB DEVELOPMENT THROUGH NONPROFIT PROJECTS), %q(90SI), %q(2), %q(2)]).includes ["AUT", "SPR"]
make([%q(INTRODUCTION TO FUNCTIONAL PROGRAMMING IN HASKELL), %q(93SI), %q(1), %q(1)]).includes ["WIN"]
make([%q(CALLBACK ME MAYBE: CONTEMPORARY JAVASCRIPT), %q(99SI), %q(2), %q(2)]).includes ["AUT", "SPR"]
make([%q(INTRODUCTION TO COMPUTING PRINCIPLES), %q(101), %q(3), %q(5)]).includes ["SPR"]
make([%q(MATHEMATICAL FOUNDATIONS OF COMPUTING), %q(103), %q(3), %q(5)]).includes ["AUT", "WIN", "SPR"]
make([%q(INTRODUCTION TO COMPUTERS), %q(105), %q(3), %q(5)]).includes ["AUT", "WIN"]
make([%q(PROGRAMMING METHODOLOGY (ENGR 70A)), %q(106A), %q(3), %q(5)]).includes ["AUT", "WIN", "SPR", "SUM"]
make([%q(PROGRAMMING ABSTRACTIONS (ENGR 70B)), %q(106B), %q(3), %q(5)]).includes ["AUT", "WIN", "SPR", "SUM"]
make([%q(STANDARD C++ PROGRAMMING LABORATORY), %q(106L), %q(1), %q(1)]).includes ["AUT", "SPR"]
make([%q(PROGRAMMING ABSTRACTIONS (ACCELERATED) (ENGR 70X)), %q(106X), %q(3), %q(5)]).includes ["AUT", "WIN"]
make([%q(COMPUTER ORGANIZATION AND SYSTEMS), %q(107), %q(3), %q(5)]).includes ["AUT", "WIN", "SPR", "SUM"]
make([%q(OBJECT-ORIENTED SYSTEMS DESIGN), %q(108), %q(3), %q(4)]).includes ["AUT", "WIN"]
make([%q(INTRODUCTION TO PROBABILITY FOR COMPUTER SCIENTISTS), %q(109), %q(3), %q(5)]).includes ["WIN", "SPR", "SUM"]
make([%q(STATISTICAL COMPUTING WITH R LABORATORY), %q(109L), %q(1), %q(1)]).includes ["WIN", "SPR"]
make([%q(PRINCIPLES OF COMPUTER SYSTEMS), %q(110), %q(3), %q(5)]).includes ["AUT", "WIN", "SPR"]
make([%q(FROM LANGUAGES TO INFORMATION (LINGUIST 180, LINGUIST 280)), %q(124), %q(3), %q(4)]).includes ["WIN"]
make([%q(COMPUTER VISION: FOUNDATIONS AND APPLICATIONS), %q(131), %q(3), %q(4)]).includes ["AUT"]
make([%q(OPERATING SYSTEMS AND SYSTEMS PROGRAMMING), %q(140), %q(3), %q(4)]).includes ["WIN", "SPR"]
make([%q(WEB APPLICATIONS), %q(142), %q(3), %q(3)]).includes ["WIN", "SPR"]
make([%q(COMPILERS), %q(143), %q(3), %q(4)]).includes ["SPR", "SUM"]
make([%q(INTRODUCTION TO COMPUTER NETWORKING), %q(144), %q(3), %q(4)]).includes ["AUT"]
make([%q(INTRODUCTION TO DATABASES), %q(145), %q(3), %q(4)]).includes ["AUT", "SUM"]
make([%q(INTRODUCTION TO HUMAN-COMPUTER INTERACTION DESIGN), %q(147), %q(3), %q(4)]).includes ["WIN"]
make([%q(INTRODUCTION TO COMPUTER GRAPHICS AND IMAGING), %q(148), %q(3), %q(4)]).includes ["AUT", "SUM"]
make([%q(PARALLEL COMPUTING), %q(149), %q(3), %q(4)]).includes ["WIN"]
make([%q(INTRODUCTION TO AUTOMATA AND COMPLEXITY THEORY), %q(154), %q(3), %q(4)]).includes ["WIN"]
make([%q(COMPUTER AND NETWORK SECURITY), %q(155), %q(3), %q(3)]).includes ["SPR"]
make([%q(LOGIC AND AUTOMATED REASONING), %q(157), %q(3), %q(3)]).includes ["AUT"]
make([%q(DESIGN AND ANALYSIS OF ALGORITHMS), %q(161), %q(3), %q(5)]).includes ["AUT", "SPR", "SUM"]
make([%q(IMPLEMENTATION OF ALGORITHMS), %q(161L), %q(1), %q(1)]).includes ["SPR"]
make([%q(COMPUTING WITH PHYSICAL OBJECTS: ALGORITHMS FOR SHAPE AND MOTION), %q(164), %q(3), %q(3)]).includes ["NOT GIVEN THIS YEAR"]
make([%q(DATA STRUCTURES), %q(166), %q(3), %q(4)]).includes ["SPR"]
make([%q(READINGS IN ALGORITHMS), %q(167), %q(3), %q(3)]).includes ["SPR"]
make([%q(STANFORD LAPTOP ORCHESTRA: COMPOSITION, CODING, AND PERFORMANCE (MUSIC 128)), %q(170), %q(1), %q(5)]).includes ["SPR"]
make([%q(A COMPUTATIONAL TOUR OF THE HUMAN GENOME), %q(173), %q(3), %q(3)]).includes ["NOT GIVEN THIS YEAR"]
make([%q(DIGITAL PHOTOGRAPHY), %q(178), %q(3), %q(5)]).includes ["SPR"]
make([%q(COMPUTERS, ETHICS, AND PUBLIC POLICY), %q(181), %q(4), %q(4)]).includes ["AUT", "WIN", "SPR"]
make([%q(COMPUTERS, ETHICS, AND PUBLIC POLICY (WIM)), %q(181W), %q(4), %q(4)]).includes ["AUT", "WIN", "SPR"]
make([%q(SENIOR PROJECT), %q(191), %q(1), %q(6)]).includes ["AUT", "WIN", "SPR", "SUM"]
make([%q(WRITING INTENSIVE SENIOR PROJECT (WIM)), %q(191W), %q(3), %q(6)]).includes ["AUT", "WIN", "SPR"]
make([%q(PROGRAMMING SERVICE PROJECT), %q(192), %q(1), %q(4)]).includes ["AUT", "WIN", "SPR", "SUM"]
make([%q(CLIENT-SIDE INTERNET TECHNOLOGIES), %q(193C), %q(3), %q(3)]).includes ["SUM"]
make([%q(IPHONE AND IPAD APPLICATION PROGRAMMING), %q(193P), %q(3), %q(3)]).includes ["AUT", "SPR"]
make([%q(SOFTWARE PROJECT), %q(194), %q(3), %q(3)]).includes ["WIN", "SPR"]
make([%q(SOFTWARE PROJECT (WIM)), %q(194W), %q(3), %q(3)]).includes ["WIN", "SPR"]
make([%q(COMPUTER CONSULTING), %q(196), %q(2), %q(2)]).includes ["WIN", "SPR"]
make([%q(TEACHING COMPUTER SCIENCE), %q(198), %q(3), %q(4)]).includes ["AUT", "WIN", "SPR"]
make([%q(INDEPENDENT WORK), %q(199), %q(1), %q(6)]).includes ["AUT", "WIN", "SPR", "SUM"]
make([%q(INDEPENDENT WORK), %q(199P), %q(1), %q(6)]).includes ["AUT", "WIN", "SPR", "SUM"]
make([%q(CARE AND FEEDING OF LARGE-SCALE WEB SERVICES), %q(200), %q(1), %q(1)]).includes ["SPR"]
make([%q(LAW FOR COMPUTER SCIENCE PROFESSIONALS), %q(202), %q(1), %q(1)]).includes ["SPR"]
make([%q(LEGAL INFORMATICS), %q(204), %q(3), %q(3)]).includes ["SPR"]
make([%q(MATHEMATICAL METHODS FOR ROBOTICS, VISION, AND GRAPHICS), %q(205A), %q(3), %q(3)]).includes ["AUT"]
make([%q(MATHEMATICAL METHODS FOR FLUIDS, SOLIDS, AND INTERFACES), %q(205B), %q(3), %q(3)]).includes ["NOT GIVEN THIS YEAR"]
make([%q(THE ECONOMICS OF SOFTWARE), %q(207), %q(2), %q(2)]).includes ["AUT"]
make([%q(SOFTWARE PROJECT EXPERIENCE WITH CORPORATE PARTNERS), %q(210A), %q(3), %q(4)]).includes ["WIN"]
make([%q(SOFTWARE PROJECT EXPERIENCE WITH CORPORATE PARTNERS), %q(210B), %q(3), %q(4)]).includes ["SPR"]
make([%q(ARTIFICIAL INTELLIGENCE: PRINCIPLES AND TECHNIQUES), %q(221), %q(3), %q(4)]).includes ["AUT"]
make([%q(RATIONAL AGENCY AND INTELLIGENT INTERACTION (PHIL 358)), %q(222), %q(3), %q(3)]).includes ["NOT GIVEN THIS YEAR"]
make([%q(INTRODUCTION TO ROBOTICS (ME 320)), %q(223A), %q(3), %q(3)]).includes ["WIN"]
make([%q(MULTI-AGENT SYSTEMS), %q(224M), %q(3), %q(3)]).includes ["SPR"]
make([%q(NATURAL LANGUAGE PROCESSING (LINGUIST 284)), %q(224N), %q(3), %q(4)]).includes ["AUT"]
make([%q(SPOKEN LANGUAGE PROCESSING (LINGUIST 285)), %q(224S), %q(2), %q(4)]).includes ["SPR"]
make([%q(NATURAL LANGUAGE UNDERSTANDING (LINGUIST 188, LINGUIST 288)), %q(224U), %q(3), %q(4)]).includes ["SPR"]
make([%q(SOCIAL AND INFORMATION NETWORK ANALYSIS), %q(224W), %q(3), %q(4)]).includes ["AUT"]
make([%q(EXPERIMENTAL ROBOTICS), %q(225A), %q(3), %q(3)]).includes ["NOT GIVEN THIS YEAR"]
make([%q(ROBOT PROGRAMMING LABORATORY), %q(225B), %q(3), %q(4)]).includes ["NOT GIVEN THIS YEAR"]
make([%q(STATISTICAL TECHNIQUES IN ROBOTICS), %q(226), %q(3), %q(3)]).includes ["NOT GIVEN THIS YEAR"]
make([%q(GENERAL GAME PLAYING), %q(227B), %q(3), %q(3)]).includes ["SPR"]
make([%q(PROBABILISTIC GRAPHICAL MODELS: PRINCIPLES AND TECHNIQUES), %q(228), %q(3), %q(4)]).includes ["WIN"]
make([%q(MACHINE LEARNING), %q(229), %q(3), %q(4)]).includes ["AUT"]
make([%q(STATISTICAL LEARNING THEORY (STATS 231)), %q(229T), %q(3), %q(3)]).includes ["WIN"]
make([%q(COMPUTER VISION: FROM 3D RECONSTRUCTION TO RECOGNITION), %q(231A), %q(3), %q(4)]).includes ["WIN"]
make([%q(THE CUTTING EDGE OF COMPUTER VISION), %q(231B), %q(3), %q(3)]).includes ["NOT GIVEN THIS YEAR"]
make([%q(MOBILE COMPUTER VISION), %q(231M), %q(3), %q(4)]).includes ["SPR"]
make([%q(DIGITAL IMAGE PROCESSING (EE 368)), %q(232), %q(3), %q(3)]).includes ["AUT", "WIN", "SPR"]
make([%q(ADVANCED TOPICS IN OPERATING SYSTEMS), %q(240), %q(3), %q(3)]).includes ["SPR"]
make([%q(EMBEDDED WIRELESS SYSTEMS), %q(240E), %q(3), %q(3)]).includes ["SPR"]
make([%q(FUNCTIONAL SYSTEMS IN HASKELL), %q(240H), %q(3), %q(4)]).includes ["SPR"]
make([%q(PROGRAMMING LANGUAGES), %q(242), %q(3), %q(3)]).includes ["AUT"]
make([%q(PROGRAM ANALYSIS AND OPTIMIZATIONS), %q(243), %q(3), %q(4)]).includes ["WIN"]
make([%q(ADVANCED TOPICS IN NETWORKING), %q(244), %q(3), %q(4)]).includes ["SPR"]
make([%q(DISTRIBUTED SYSTEMS), %q(244B), %q(3), %q(3)]).includes ["SPR"]
make([%q(READINGS AND PROJECTS IN DISTRIBUTED SYSTEMS), %q(244C), %q(3), %q(6)]).includes ["OFFERED OCCASIONALLY"]
make([%q(NETWORKED WIRELESS SYSTEMS), %q(244E), %q(3), %q(3)]).includes ["NOT GIVEN THIS YEAR"]
make([%q(DATABASE SYSTEMS PRINCIPLES), %q(245), %q(3), %q(3)]).includes ["WIN"]
make([%q(MINING MASSIVE DATA SETS), %q(246), %q(3), %q(4)]).includes ["WIN"]
make([%q(MINING MASSIVE DATA SETS HADOOP LAB), %q(246H), %q(1), %q(1)]).includes ["WIN"]
make([%q(HUMAN-COMPUTER INTERACTION DESIGN STUDIO), %q(247), %q(3), %q(4)]).includes ["SPR"]
make([%q(HUMAN COMPUTER INTERACTION TECHNOLOGY LABORATORY), %q(247L), %q(1), %q(1)]).includes ["SPR"]
make([%q(INTERACTIVE COMPUTER GRAPHICS), %q(248), %q(3), %q(4)]).includes ["WIN"]
make([%q(OBJECT-ORIENTED PROGRAMMING FROM A MODELING AND SIMULATION PERSPECTIVE), %q(249A), %q(3), %q(3)]).includes ["AUT"]
make([%q(LARGE-SCALE SOFTWARE DEVELOPMENT), %q(249B), %q(3), %q(3)]).includes ["NOT GIVEN THIS YEAR"]
make([%q(COMPUTATIONAL COMPLEXITY), %q(254), %q(3), %q(3)]).includes ["WIN"]
make([%q(INTRODUCTION TO CRYPTOGRAPHY), %q(255), %q(3), %q(3)]).includes ["WIN"]
make([%q(OPTIMIZATION AND ALGORITHMIC PARADIGMS), %q(261), %q(3), %q(3)]).includes ["WIN"]
make([%q(COMPUTATIONAL GENOMICS (BIOMEDIN 262)), %q(262), %q(3), %q(3)]).includes ["WIN"]
make([%q(ALGORITHMS FOR MODERN DATA MODELS (MS&E 317)), %q(263), %q(3), %q(3)]).includes ["SPR"]
make([%q(RANDOMIZED ALGORITHMS AND PROBABILISTIC ANALYSIS (CME 309)), %q(265), %q(3), %q(3)]).includes ["AUT"]
make([%q(PARAMETERIZED ALGORITHMS AND COMPLEXITY), %q(266), %q(3), %q(3)]).includes ["NOT GIVEN THIS YEAR"]
make([%q(GRAPH ALGORITHMS), %q(267), %q(3), %q(3)]).includes ["WIN"]
make([%q(MODELING BIOMEDICAL SYSTEMS: ONTOLOGY, TERMINOLOGY, PROBLEM SOLVING (BIOMEDIN 210)), %q(270), %q(3), %q(3)]).includes ["WIN"]
make([%q(INTRODUCTION TO BIOMEDICAL INFORMATICS RESEARCH METHODOLOGY (BIOE 212, BIOMEDIN 212, GENE 212)), %q(272), %q(3), %q(3)]).includes ["SPR"]
make([%q(A COMPUTATIONAL TOUR OF THE HUMAN GENOME (BIOMEDIN 273A, DBIO 273A)), %q(273A), %q(3), %q(3)]).includes ["AUT"]
make([%q(REPRESENTATIONS AND ALGORITHMS FOR COMPUTATIONAL MOLECULAR BIOLOGY (BIOE 214, BIOMEDIN 214, GENE 214)), %q(274), %q(3), %q(4)]).includes ["AUT"]
make([%q(TRANSLATIONAL BIOINFORMATICS (BIOMEDIN 217)), %q(275), %q(4), %q(4)]).includes ["WIN"]
make([%q(SYMBOLIC MUSICAL INFORMATION (MUSIC 253)), %q(275A), %q(2), %q(4)]).includes ["WIN"]
make([%q(MUSIC QUERY, ANALYSIS, AND STYLE SIMULATION (MUSIC 254)), %q(275B), %q(2), %q(4)]).includes ["SPR"]
make([%q(INFORMATION RETRIEVAL AND WEB SEARCH (LINGUIST 286)), %q(276), %q(3), %q(3)]).includes ["SPR"]
make([%q(EXPERIMENTAL HAPTICS), %q(277), %q(3), %q(3)]).includes ["SPR"]
make([%q(RESEARCH PROJECT IN COMPUTER SCIENCE), %q(294), %q(3), %q(3)]).includes ["OFFERED OCCASIONALLY"]
make([%q(RESEARCH PROJECT IN ARTIFICIAL INTELLIGENCE), %q(294A), %q(3), %q(3)]).includes ["NOT GIVEN THIS YEAR"]
make([%q(RESEARCH PROJECT IN HUMAN-COMPUTER INTERACTION), %q(294H), %q(3), %q(3)]).includes ["NOT GIVEN THIS YEAR"]
make([%q(SOFTWARE ENGINEERING), %q(295), %q(2), %q(3)]).includes ["NOT GIVEN THIS YEAR"]
make([%q(SEMINAR ON TEACHING INTRODUCTORY COMPUTER SCIENCE), %q(298), %q(1), %q(3)]).includes ["NOT GIVEN THIS YEAR"]
make([%q(DEPARTMENTAL LECTURE SERIES), %q(300), %q(1), %q(1)]).includes ["AUT"]
make([%q(INDUSTRIAL LECTURESHIPS IN COMPUTER SCIENCE), %q(309), %q(1), %q(1)]).includes ["OFFERED OCCASIONALLY"]
make([%q(CLOUD COMPUTING), %q(309A), %q(1), %q(1)]).includes ["AUT"]
make([%q(PARALLEL COMPUTER ARCHITECTURE AND PROGRAMMING), %q(315A), %q(3), %q(3)]).includes ["NOT GIVEN THIS YEAR"]
make([%q(PARALLEL COMPUTING RESEARCH PROJECT), %q(315B), %q(3), %q(3)]).includes ["NOT GIVEN THIS YEAR"]
make([%q(ADVANCED MULTI-CORE SYSTEMS (EE 382E)), %q(316), %q(3), %q(3)]).includes ["AUT"]
make([%q(TOPICS IN DIGITAL SYSTEMS), %q(319), %q(3), %q(3)]).includes ["OFFERED OCCASIONALLY"]
make([%q(TOPICS IN COMPUTER VISION), %q(328), %q(3), %q(3)]).includes ["OFFERED OCCASIONALLY"]
make([%q(TOPICS IN ARTIFICIAL INTELLIGENCE), %q(329), %q(3), %q(3)]).includes ["OFFERED OCCASIONALLY"]
make([%q(ADVANCED READING IN COMPUTER VISION), %q(331A), %q(3), %q(3)]).includes ["WIN"]
make([%q(3D REPRESENTATION AND RECOGNITION), %q(331B), %q(3), %q(3)]).includes ["AUT"]
make([%q(CONVEX OPTIMIZATION I (CME 364A, EE 364A)), %q(334A), %q(3), %q(3)]).includes ["WIN", "SUM"]
make([%q(TOPICS IN COMPUTER SYSTEMS), %q(340), %q(3), %q(4)]).includes ["OFFERED OCCASIONALLY"]
make([%q(PROJECT IN MINING MASSIVE DATA SETS), %q(341), %q(3), %q(3)]).includes ["SPR"]
make([%q(ADVANCED TOPICS IN COMPILERS), %q(343), %q(3), %q(3)]).includes ["SPR"]
make([%q(TOPICS IN COMPUTER NETWORKS), %q(344), %q(3), %q(3)]).includes ["NOT GIVEN THIS YEAR"]
make([%q(ADVANCED WIRELESS NETWORKS), %q(344E), %q(3), %q(3)]).includes ["NOT GIVEN THIS YEAR"]
make([%q(TOPICS IN DATABASE SYSTEMS), %q(345D), %q(3), %q(3)]).includes ["WIN"]
make([%q(DATABASE SYSTEM IMPLEMENTATION), %q(346), %q(3), %q(5)]).includes ["SPR"]
make([%q(PARALLEL AND DISTRIBUTED DATA MANAGEMENT), %q(347), %q(3), %q(3)]).includes ["SPR"]
make([%q(COMPUTER GRAPHICS: GEOMETRIC MODELING), %q(348A), %q(3), %q(4)]).includes ["WIN"]
make([%q(COMPUTER GRAPHICS: IMAGE SYNTHESIS TECHNIQUES), %q(348B), %q(3), %q(4)]).includes ["SPR"]
make([%q(TOPICS IN PROGRAMMING SYSTEMS), %q(349), %q(3), %q(3)]).includes ["OFFERED OCCASIONALLY"]
make([%q(TOPICS IN PROGRAMMING SYSTEMS: READINGS IN DISTRIBUTED SYSTEMS), %q(349C), %q(1), %q(3)]).includes ["NOT GIVEN THIS YEAR"]
make([%q(TOPICS IN CIRCUIT COMPLEXITY), %q(354), %q(3), %q(3)]).includes ["SPR"]
make([%q(ADVANCED TOPICS IN CRYPTOGRAPHY), %q(355), %q(3), %q(3)]).includes ["SPR"]
make([%q(ADVANCED TOPICS IN FORMAL METHODS), %q(357), %q(3), %q(3)]).includes ["AUT"]
make([%q(TOPICS IN PROGRAMMING LANGUAGE THEORY), %q(358), %q(3), %q(3)]).includes ["OFFERED OCCASIONALLY"]
make([%q(TOPICS IN THE THEORY OF COMPUTATION), %q(359), %q(3), %q(3)]).includes ["OFFERED OCCASIONALLY"]
make([%q(ADVANCED ALGORITHMS), %q(361A), %q(3), %q(3)]).includes ["NOT GIVEN THIS YEAR"]
make([%q(ADVANCED ALGORITHMS), %q(361B), %q(3), %q(3)]).includes ["SPR"]
make([%q(ALGORITHMIC FRONTIERS: EFFECTIVE ALGORITHMS FOR LARGE DATA), %q(362), %q(3), %q(3)]).includes ["SPR"]
make([%q(ALGORITHMIC GAME THEORY), %q(364A), %q(3), %q(3)]).includes ["AUT"]
make([%q(TOPICS IN ALGORITHMIC GAME THEORY), %q(364B), %q(3), %q(3)]).includes ["WIN"]
make([%q(ALGEBRAIC GRAPH ALGORITHMS), %q(367), %q(3), %q(3)]).includes ["SPR"]
make([%q(TOPICS IN ANALYSIS OF ALGORITHMS), %q(369), %q(3), %q(3)]).includes ["OFFERED OCCASIONALLY"]
make([%q(BEYOND WORST-CASE ANALYSIS), %q(369N), %q(3), %q(3)]).includes ["NOT GIVEN THIS YEAR"]
make([%q(COMPUTATIONAL BIOLOGY IN FOUR DIMENSIONS (CME 371)), %q(371), %q(3), %q(3)]).includes ["SPR"]
make([%q(ALGORITHMS IN BIOLOGY (BIOMEDIN 374)), %q(374), %q(2), %q(3)]).includes ["SPR"]
make([%q(RESEARCH TOPICS IN HUMAN-COMPUTER INTERACTION), %q(376), %q(3), %q(4)]).includes ["SPR"]
make([%q(TOPICS IN HUMAN-COMPUTER INTERACTION), %q(377), %q(2), %q(3)]).includes ["OFFERED OCCASIONALLY"]
make([%q(TOPICS IN LEARNING AND TECHNOLOGY: D.COMPRESS - DESIGNING CALM (EDUC 328A)), %q(377D), %q(2), %q(3)]).includes ["NOT GIVEN THIS YEAR"]
make([%q(LEARNING IN A NETWORKED WORLD: LEARNING ANALYTICS IN TECHNOLOGY-ENHANCED EDUCATION (EDUC 298)), %q(377L), %q(3), %q(3)]).includes ["NOT GIVEN THIS YEAR"]
make([%q(HCI ISSUES IN WEARABLE COMPUTING), %q(377W), %q(3), %q(3)]).includes ["SPR"]
make([%q(INTERDISCIPLINARY TOPICS), %q(379), %q(3), %q(3)]).includes ["OFFERED OCCASIONALLY"]
make([%q(DESIGNING LIBERATION TECHNOLOGY (POLISCI 337T)), %q(379L), %q(3), %q(4)]).includes ["SPR"]
make([%q(CURRICULAR PRACTICAL TRAINING), %q(390A), %q(1), %q(1)]).includes ["AUT", "WIN", "SPR", "SUM"]
make([%q(CURRICULAR PRACTICAL TRAINING), %q(390B), %q(1), %q(1)]).includes ["AUT", "WIN", "SPR", "SUM"]
make([%q(CURRICULAR PRACTICAL TRAINING), %q(390C), %q(1), %q(1)]).includes ["AUT", "WIN", "SPR", "SUM"]
make([%q(COMPUTER LABORATORY), %q(393), %q(1), %q(9)]).includes ["AUT", "WIN", "SPR", "SUM"]
make([%q(INDEPENDENT DATABASE PROJECT), %q(395), %q(1), %q(6)]).includes ["AUT", "WIN", "SPR", "SUM"]
make([%q(INDEPENDENT PROJECT), %q(399), %q(1), %q(9)]).includes ["AUT", "WIN", "SPR", "SUM"]
make([%q(INDEPENDENT PROJECT), %q(399P), %q(1), %q(9)]).includes ["AUT", "WIN", "SPR", "SUM"]
make([%q(BEYOND BITS AND ATOMS: DESIGNING TECHNOLOGICAL TOOLS (EDUC 236X)), %q(402), %q(3), %q(5)]).includes ["NOT GIVEN THIS YEAR"]
make([%q(BEYOND BITS AND ATOMS - LAB (EDUC 211X)), %q(402L), %q(1), %q(3)]).includes ["NOT GIVEN THIS YEAR"]
make([%q(LEARNING ANALYTICS AND COMPUTATIONAL MODELING IN SOCIAL SCIENCE (EDUC 390X)), %q(424M), %q(3), %q(4)]).includes ["NOT GIVEN THIS YEAR"]
make([%q(HIGH-LEVEL VISION: OBJECT REPRESENTATION (PSYCH 250)), %q(431), %q(3), %q(3)]).includes ["SPR"]
make([%q(HIGH PRODUCTIVITY AND PERFORMANCE WITH DOMAIN-SPECIFIC LANGUAGES IN SCALA), %q(442), %q(3), %q(3)]).includes ["NOT GIVEN THIS YEAR"]
make([%q(SOFTWARE DESIGN EXPERIENCES), %q(447), %q(3), %q(4)]).includes ["NOT GIVEN THIS YEAR"]
make([%q(TOPICS IN COMPUTER GRAPHICS), %q(448), %q(3), %q(4)]).includes ["OFFERED OCCASIONALLY"]
make([%q(DATA VISUALIZATION), %q(448B), %q(3), %q(3)]).includes ["NOT GIVEN THIS YEAR"]
make([%q(TOPICS IN GEOMETRIC ALGORITHMS:DATA-DRIVEN SHAPE ANALYSIS), %q(468), %q(3), %q(3)]).includes ["WIN", "SPR"]
make([%q(MUSIC, COMPUTING, AND DESIGN I: SOFTWARE PARADIGMS FOR COMPUTER MUSIC (MUSIC 256A)), %q(476A), %q(1), %q(4)]).includes ["AUT"]
make([%q(MUSIC, COMPUTING, DESIGN II: MOBILE MUSIC (MUSIC 256B)), %q(476B), %q(1), %q(4)]).includes ["WIN"]
make([%q(ADVANCED READING AND RESEARCH), %q(499), %q(1), %q(15)]).includes ["AUT", "WIN", "SPR", "SUM"]
make([%q(ADVANCED READING AND RESEARCH), %q(499P), %q(1), %q(15)]).includes ["AUT", "WIN", "SPR", "SUM"]
make([%q(DATABASE AND INFORMATION MANAGEMENT SEMINAR), %q(545), %q(1), %q(1)]).includes ["WIN"]
make([%q(SEMINAR ON LIBERATION TECHNOLOGIES (POLISCI 337S)), %q(546), %q(1), %q(1)]).includes ["AUT", "WIN"]
make([%q(HUMAN-COMPUTER INTERACTION SEMINAR), %q(547), %q(1), %q(1)]).includes ["AUT", "WIN", "SPR"]
make([%q(INTERNET AND DISTRIBUTED SYSTEMS SEMINAR), %q(548), %q(1), %q(1)]).includes ["NOT GIVEN THIS YEAR"]
make([%q(HUMAN-COMPUTER INTERACTION IN THE REAL WORLD), %q(549), %q(1), %q(1)]).includes ["SPR"]
make([%q(TGR PROJECT), %q(801), %q(0), %q(0)]).includes ["AUT", "WIN", "SPR", "SUM"]
make([%q(TGR DISSERTATION), %q(802), %q(0), %q(0)]).includes ["AUT", "WIN", "SPR", "SUM"]
