make([%q(Ballet Intensive), %q(13AX), %q(2), %q(2)]).includes ["NOT GIVEN THIS YEAR"]
make([%q(Modern Dance: Traditions of Creation), %q(14AX), %q(2), %q(2)]).includes ["NOT GIVEN THIS YEAR"]
make([%q(Scene in Action: Dance, Fashion, and Visual Art as Performance), %q(15AX), %q(2), %q(2)]).includes ["SUM"]
make([%q(Movement and Meaning: Dance Studies in Global Comparative Context (CSRE 159M, TAPS 159M, TAPS 259M)), %q(23), %q(4), %q(4)]).includes ["AUT"]
make([%q(Dancing Power and Culture in the Black Atlantic), %q(24), %q(4), %q(4)]).includes ["WIN"]
make([%q(Studio to Stage), %q(25), %q(1), %q(1)]).includes ["SPR"]
make([%q(Dance and at the African Diaspora (TAPS 155M)), %q(26), %q(4), %q(4)]).includes ["NOT GIVEN THIS YEAR"]
make([%q(Choreographic Film), %q(27), %q(1), %q(1)]).includes ["AUT"]
make([%q(Integrated Dance: Dance and Disability Class), %q(28), %q(1), %q(1)]).includes ["SPR"]
make([%q(Chocolate Heads Movement Band Performance Workshop), %q(30), %q(2), %q(2)]).includes ["AUT"]
make([%q(Chocolate Head-Space: Crowd-Sourced Performance Experience), %q(31), %q(2), %q(2)]).includes ["WIN"]
make([%q(Choreography for Evita), %q(32), %q(1), %q(1)]).includes ["WIN"]
make([%q(The Critic as Artist (TAPS 151D)), %q(33), %q(4), %q(4)]).includes ["SPR"]
make([%q(GAGA), %q(34), %q(1), %q(1)]).includes ["WIN"]
make([%q(Choreography and Textures), %q(35), %q(1), %q(1)]).includes ["WIN"]
make([%q(Scene in Action Performance Workshop), %q(36), %q(1), %q(1)]).includes ["AUT"]
make([%q(Beginning Lyric Contemporary), %q(37), %q(1), %q(1)]).includes ["WIN"]
make([%q(Intro/Beginning Contemporary Modern), %q(39), %q(1), %q(1)]).includes ["SPR"]
make([%q(Liquid Flow: Introduction to Contemporary Dance and Dance-making), %q(43), %q(1), %q(1)]).includes ["AUT"]
make([%q(Dance Improvisation Techniques and Strategies Lab: From Hip Hop to Contact (AFRICAAM 45)), %q(45), %q(2), %q(2)]).includes ["SPR"]
make([%q(Social Dance I), %q(46), %q(1), %q(1)]).includes ["AUT", "WIN", "SPR"]
make([%q(Beginning Ballet), %q(48), %q(1), %q(1)]).includes ["WIN", "SPR"]
make([%q(Ballet Repertory: Swan Lake Recalibrated), %q(56), %q(1), %q(1)]).includes ["NOT GIVEN THIS YEAR"]
make([%q(Dance Repertory: Hope Mohr/Denae Hannah), %q(57), %q(1), %q(1)]).includes ["NOT GIVEN THIS YEAR"]
make([%q(Beginning Hip Hop), %q(58), %q(1), %q(1)]).includes ["AUT"]
make([%q(Intermediate-Advanced Hip-Hop), %q(59), %q(1), %q(1)]).includes ["AUT", "WIN"]
make([%q(The Evolution of Hip Hop and the Dance Stage: From Broadway to Hollywood and MTV), %q(60), %q(1), %q(1)]).includes ["NOT GIVEN THIS YEAR"]
make([%q(Beginning Dance and Dance Making), %q(63), %q(1), %q(1)]).includes ["NOT GIVEN THIS YEAR"]
make([%q(Construction Site), %q(65), %q(2), %q(2)]).includes ["NOT GIVEN THIS YEAR"]
make([%q(Being S(c)ene: Dance, Fashion and Art as Exhibition), %q(67), %q(2), %q(2)]).includes ["NOT GIVEN THIS YEAR"]
make([%q(The Athletic Body in Dance: Conditioning to Aesthetics), %q(69), %q(1), %q(1)]).includes ["NOT GIVEN THIS YEAR"]
make([%q(Student Choreography: Studio to Stage), %q(100), %q(1), %q(1)]).includes ["NOT GIVEN THIS YEAR"]
make([%q(Dance, Text, Gesture: Performance and Composition (AFRICAAM 103)), %q(103), %q(1), %q(1)]).includes ["NOT GIVEN THIS YEAR"]
make([%q(Hip Hop Meets Broadway), %q(108), %q(1), %q(1)]).includes ["SPR"]
make([%q(Developing Creativity In Dance), %q(118), %q(2), %q(2)]).includes ["SPR"]
make([%q(History of the Waltz), %q(133), %q(1), %q(1)]).includes ["NOT GIVEN THIS YEAR"]
make([%q(Intermediate Contemporary Modern Technique), %q(140), %q(1), %q(1)]).includes ["AUT", "WIN"]
make([%q(Advanced Contemporary Modern Technique), %q(141), %q(2), %q(2)]).includes ["AUT", "WIN", "SPR"]
make([%q(Social Dance II), %q(146), %q(1), %q(1)]).includes ["AUT", "SPR"]
make([%q(Living Traditions of Swing), %q(147), %q(1), %q(1)]).includes ["WIN"]
make([%q(Intermediate Ballet), %q(148), %q(1), %q(1)]).includes ["WIN"]
make([%q(Advanced Ballet), %q(149), %q(2), %q(2)]).includes ["AUT", "WIN", "SPR"]
make([%q(ID21 STRATLAB: Interdisciplinary Approaches to Improvising Identities (AMSTUD 151H, CSRE 151H, DANCE 251H, TAPS 151H, TAPS 351H)), %q(151H), %q(4), %q(5)]).includes ["NOT GIVEN THIS YEAR"]
make([%q(Social Dance III), %q(156), %q(1), %q(1)]).includes ["WIN"]
make([%q(Hybrid Action: Physical Intelligence in a Digital Culture (TAPS 156T)), %q(156T), %q(4), %q(4)]).includes ["AUT"]
make([%q(Rethinking the Ballerina (FEMGEN 160, TAPS 160, TAPS 260)), %q(160), %q(4), %q(4)]).includes ["WIN"]
make([%q(Dance, History and Conflict (TAPS 161H)), %q(161H), %q(4), %q(4)]).includes ["NOT GIVEN THIS YEAR"]
make([%q(Baroque Modernities: Dance, Theater, Film, Political Theory (TAPS 162H)), %q(162H), %q(4), %q(4)]).includes ["NOT GIVEN THIS YEAR"]
make([%q(Performing Indigeneity on Global Stage (NATIVEAM 167)), %q(167), %q(4), %q(4)]).includes ["NOT GIVEN THIS YEAR"]
make([%q(Introduction to Dance on the Global Stage (CSRE 177B)), %q(177), %q(4), %q(4)]).includes ["NOT GIVEN THIS YEAR"]
make([%q(Special Research), %q(190), %q(1), %q(5)]).includes ["AUT", "WIN", "SPR", "SUM"]
make([%q(Independent Research), %q(191), %q(1), %q(18)]).includes ["AUT"]
make([%q(Dance in Prison: The Arts, Juvenile Justice, and Rehabilitation in America (TAPS 197)), %q(197), %q(4), %q(4)]).includes ["SPR"]
make([%q(ID21 STRATLAB: Interdisciplinary Approaches to Improvising Identities (AMSTUD 151H, CSRE 151H, DANCE 151H, TAPS 151H, TAPS 351H)), %q(251H), %q(4), %q(5)]).includes ["NOT GIVEN THIS YEAR"]
make([%q(Special Research), %q(290), %q(1), %q(18)]).includes ["AUT", "WIN", "SPR", "SUM"]
