make([%q(Civil Procedure I), %q(201), %q(4), %q(4)]).includes ["AUT"]
make([%q(Constitutional Law), %q(203), %q(3), %q(3)]).includes ["WIN"]
make([%q(Contracts), %q(205), %q(4), %q(4)]).includes ["AUT"]
make([%q(Criminal Law), %q(207), %q(4), %q(4)]).includes ["AUT"]
make([%q(Property), %q(217), %q(4), %q(4)]).includes ["WIN"]
make([%q(JSD Research Colloquium), %q(218), %q(0), %q(0)]).includes ["AUT", "WIN", "SPR"]
make([%q(Legal Research and Writing), %q(219), %q(2), %q(2)]).includes ["AUT"]
make([%q(Regulatory Economics), %q(220), %q(5), %q(5)]).includes ["WIN"]
make([%q(Intellectual Property: Commercial Law), %q(221), %q(3), %q(3)]).includes ["NOT GIVEN THIS YEAR"]
make([%q(Advanced Legal Research), %q(222), %q(3), %q(3)]).includes ["SPR"]
make([%q(Torts), %q(223), %q(4), %q(4)]).includes ["AUT"]
make([%q(Federal Litigation), %q(224), %q(2), %q(2)]).includes ["WIN", "SPR"]
make([%q(Immigrants' Rights Clinic: Clinical Practice), %q(225A), %q(4), %q(4)]).includes ["AUT", "SPR"]
make([%q(Immigrants' Rights Clinic: Clinical Methods), %q(225B), %q(4), %q(4)]).includes ["AUT", "SPR"]
make([%q(Immigrants' Rights Clinic: Clinical Coursework), %q(225C), %q(4), %q(4)]).includes ["AUT", "SPR"]
make([%q(Accounting), %q(226), %q(3), %q(3)]).includes ["AUT"]
make([%q(Equal Protection: Race and the Law), %q(229), %q(3), %q(3)]).includes ["NOT GIVEN THIS YEAR"]
make([%q(Creation of the Constitution), %q(230), %q(4), %q(4)]).includes ["SPR"]
make([%q(Antitrust), %q(233), %q(3), %q(3)]).includes ["SPR"]
make([%q(Art and the Law), %q(236), %q(2), %q(2)]).includes ["AUT"]
make([%q(Administrative Law), %q(238), %q(4), %q(4)]).includes ["WIN", "SPR"]
make([%q(Writing Workshop: Law and Creativity), %q(239), %q(3), %q(3)]).includes ["SPR"]
make([%q(Bankruptcy), %q(240), %q(3), %q(3)]).includes ["AUT"]
make([%q(Payment Systems), %q(241), %q(3), %q(3)]).includes ["SPR"]
make([%q(Corporations), %q(242), %q(4), %q(4)]).includes ["AUT", "SPR"]
make([%q(China Law and Business), %q(245), %q(3), %q(3)]).includes ["WIN"]
make([%q(Corporate Reorganization), %q(248), %q(3), %q(3)]).includes ["SPR"]
make([%q(Conflict of Laws), %q(251), %q(3), %q(3)]).includes ["SPR"]
make([%q(Constitutional Law: The Fourteenth Amendment), %q(255), %q(3), %q(3)]).includes ["AUT", "SPR"]
make([%q(State-Building and the Rule of Law Workshop), %q(259), %q(3), %q(3)]).includes ["AUT"]
make([%q(Corporate Finance I), %q(262), %q(3), %q(3)]).includes ["SPR"]
make([%q(Juelsgaard Intellectual Property and Innovation Clinic:  Clinical Practice), %q(266A), %q(4), %q(4)]).includes ["WIN", "SPR"]
make([%q(Juelsgaard Intellectual Property and Innovation Clinic:  Clinical Methods), %q(266B), %q(4), %q(4)]).includes ["WIN", "SPR"]
make([%q(Juelsgaard Intellectual Property and Innovation Clinic: Clinical Coursework), %q(266C), %q(4), %q(4)]).includes ["WIN", "SPR"]
make([%q(Law of Nonprofits), %q(267), %q(3), %q(3)]).includes ["WIN"]
make([%q(Organizations and Transactions Clinic: Clinical Practice), %q(272A), %q(4), %q(4)]).includes ["AUT", "SPR"]
make([%q(Organizations and Transactions Clinic: Clinical Methods), %q(272B), %q(4), %q(4)]).includes ["AUT", "SPR"]
make([%q(Organizations and Transactions Clinic: Clinical Coursework), %q(272C), %q(4), %q(4)]).includes ["AUT", "SPR"]
make([%q(Deals I), %q(273), %q(3), %q(3)]).includes ["WIN"]
make([%q(Advanced Immigrants' Rights Clinic), %q(274), %q(2), %q(7)]).includes ["AUT", "WIN", "SPR"]
make([%q(Deals II), %q(275), %q(2), %q(2)]).includes ["SPR"]
make([%q(Employee Benefits Law), %q(276), %q(3), %q(3)]).includes ["NOT GIVEN THIS YEAR"]
make([%q(The Article III Judge), %q(278), %q(2), %q(2)]).includes ["WIN"]
make([%q(Advanced Organizations and Transactions Clinic), %q(279), %q(2), %q(7)]).includes ["WIN"]
make([%q(Toxic Harms), %q(280), %q(3), %q(3)]).includes ["WIN"]
make([%q(Natural Resources Law and Policy), %q(281), %q(3), %q(3)]).includes ["AUT"]
make([%q(Federal Courts), %q(283), %q(4), %q(4)]).includes ["WIN"]
make([%q(International Trade Law), %q(285), %q(3), %q(3)]).includes ["SPR"]
make([%q(Evidence), %q(290), %q(4), %q(4)]).includes ["WIN", "SPR"]
make([%q(Estate Planning), %q(292), %q(3), %q(3)]).includes ["WIN"]
make([%q(Family Law), %q(293), %q(3), %q(3)]).includes ["WIN"]
make([%q(Entertainment Law), %q(297), %q(3), %q(3)]).includes ["SPR"]
make([%q(Derivatives), %q(299), %q(2), %q(2)]).includes ["AUT"]
make([%q(Securities Litigation), %q(300), %q(3), %q(3)]).includes ["SPR"]
make([%q(Labor Law), %q(301), %q(3), %q(3)]).includes ["SPR"]
make([%q(Advanced Topics in Federalism), %q(302), %q(2), %q(3)]).includes ["WIN"]
make([%q(Law and the Rhetorical Tradition), %q(304), %q(3), %q(3)]).includes ["WIN"]
make([%q(Gender, Law, and Public Policy), %q(307), %q(3), %q(3)]).includes ["SPR"]
make([%q(Protecting Workers' Rights in Hard Times), %q(310), %q(2), %q(3)]).includes ["SPR"]
make([%q(Comparative Law), %q(311), %q(2), %q(3)]).includes ["WIN"]
make([%q(Criminal Procedure: Investigation), %q(312), %q(4), %q(4)]).includes ["AUT"]
make([%q(Criminal Procedure: Adjudication), %q(315), %q(4), %q(4)]).includes ["SPR"]
make([%q(The Criminal Trial Jury), %q(317), %q(3), %q(3)]).includes ["AUT"]
make([%q(History of American Law), %q(318), %q(3), %q(3)]).includes ["SPR"]
make([%q(Legislation), %q(319), %q(3), %q(3)]).includes ["WIN"]
make([%q(Patent Prosecution), %q(321), %q(2), %q(2)]).includes ["WIN"]
make([%q(Patent Litigation Workshop), %q(322), %q(3), %q(3)]).includes ["SPR"]
make([%q(Cross Border Mergers and Acquisitions), %q(323), %q(3), %q(3)]).includes ["SPR"]
make([%q(Intellectual Property: Copyright), %q(324), %q(3), %q(3)]).includes ["AUT"]
make([%q(The Role of the Modern General Counsel), %q(325), %q(2), %q(2)]).includes ["WIN"]
make([%q(Intellectual Property: Patents), %q(326), %q(3), %q(3)]).includes ["AUT"]
make([%q(Introduction to Organizational Behavior), %q(327), %q(4), %q(4)]).includes ["WIN"]
make([%q(Intellectual Property: Advanced Patents), %q(328), %q(3), %q(3)]).includes ["SPR"]
make([%q(Intellectual Property: International), %q(329), %q(3), %q(3)]).includes ["WIN"]
make([%q(International Human Rights), %q(330), %q(3), %q(3)]).includes ["WIN"]
make([%q(Intellectual Property: Strategy for Technology Companies), %q(331), %q(3), %q(3)]).includes ["AUT"]
make([%q(Judgment and Decision-Making), %q(333), %q(4), %q(4)]).includes ["SPR"]
make([%q(International Criminal Law), %q(334), %q(3), %q(3)]).includes ["AUT"]
make([%q(Legal Ethics), %q(335), %q(3), %q(3)]).includes ["SPR"]
make([%q(Real Estate Transactions), %q(336), %q(3), %q(3)]).includes ["AUT"]
make([%q(Intellectual Property: Trademark and Unfair Competition Law), %q(337), %q(3), %q(3)]).includes ["WIN"]
make([%q(Land Use), %q(338), %q(3), %q(3)]).includes ["SPR"]
make([%q(Employment Law), %q(339), %q(3), %q(3)]).includes ["AUT"]
make([%q(Comparative Corporate Capitalism), %q(340), %q(2), %q(2)]).includes ["WIN"]
make([%q(Intellectual Property: Scientific Evidence in Patent Litigation), %q(343), %q(3), %q(3)]).includes ["SPR"]
make([%q(Law and Economics Seminar I), %q(344), %q(2), %q(3)]).includes ["AUT"]
make([%q(Law and Economics Seminar II), %q(344), %q(2), %q(3)]).includes ["WIN"]
make([%q(Law and Culture in American Fiction), %q(345), %q(3), %q(3)]).includes ["AUT"]
make([%q(Law and Culture in American Film), %q(347), %q(3), %q(3)]).includes ["WIN"]
make([%q(Health Care Regulation, Finance and Policy), %q(348), %q(3), %q(3)]).includes ["WIN"]
make([%q(Employment Discrimination), %q(349), %q(3), %q(3)]).includes ["AUT"]
make([%q(Corporate Income Taxation), %q(351), %q(3), %q(3)]).includes ["SPR"]
make([%q(International Tax), %q(352), %q(2), %q(2)]).includes ["SPR"]
make([%q(Corporate Acquisitions), %q(353), %q(4), %q(4)]).includes ["WIN"]
make([%q(Taxation I), %q(355), %q(5), %q(5)]).includes ["SPR"]
make([%q(Advanced Antitrust: Litigating an Antitrust Case), %q(358), %q(3), %q(3)]).includes ["SPR"]
make([%q(Tax Policy), %q(359), %q(2), %q(2)]).includes ["WIN"]
make([%q(Advanced Empirical Methods), %q(360), %q(3), %q(3)]).includes ["WIN"]
make([%q(History of the Common Law in England and America), %q(363), %q(3), %q(3)]).includes ["SPR"]
make([%q(Law and Biosciences: Neuroscience), %q(368), %q(3), %q(3)]).includes ["SPR"]
make([%q(Legal History Workshop), %q(372), %q(2), %q(3)]).includes ["WIN"]
make([%q(Protection of Personality), %q(373), %q(3), %q(3)]).includes ["WIN"]
make([%q(Partnership Tax), %q(377), %q(2), %q(2)]).includes ["WIN"]
make([%q(Banking Law), %q(378), %q(3), %q(3)]).includes ["AUT"]
make([%q(Health Law and Policy: Public Health and Bioethics), %q(386), %q(3), %q(3)]).includes ["SPR"]
make([%q(Internet Torts and Crimes), %q(387), %q(2), %q(2)]).includes ["SPR"]
make([%q(Technological, Economic and Business Forces Transforming the Private Practice of Law), %q(388), %q(2), %q(2)]).includes ["SPR"]
make([%q(Remedies), %q(393), %q(3), %q(3)]).includes ["AUT"]
make([%q(Criminal Law and Policy: Research Workshop), %q(394), %q(3), %q(3)]).includes ["SPR"]
make([%q(Creating New Legal Tools to Address the Environmental Impacts of Energy Projects), %q(395), %q(3), %q(3)]).includes ["AUT"]
make([%q(Law and Economics of Death Penalty), %q(397), %q(2), %q(3)]).includes ["WIN"]
make([%q(Directed Research), %q(400), %q(1), %q(4)]).includes ["AUT", "WIN", "SPR"]
make([%q(Venture Capital II), %q(401), %q(3), %q(3)]).includes ["SPR"]
make([%q(Moot Court), %q(402), %q(2), %q(2)]).includes ["AUT", "WIN"]
make([%q(Senior Thesis), %q(403), %q(5), %q(8)]).includes ["AUT", "WIN", "SPR"]
make([%q(Foreign Legal Study: Bucerius Law School), %q(404B), %q(9), %q(14)]).includes ["AUT"]
make([%q(Foreign Legal Study: Centro de Investigación y Docencia Económicas), %q(404C), %q(9), %q(14)]).includes ["AUT"]
make([%q(Foreign Legal Study: European University Institute), %q(404E), %q(9), %q(14)]).includes ["AUT"]
make([%q(Foreign Legal Study: Peking University Law School), %q(404P), %q(9), %q(14)]).includes ["AUT"]
make([%q(Foreign Legal Study: National University of Singapore), %q(404S), %q(9), %q(14)]).includes ["AUT"]
make([%q(Foreign Legal Study: Waseda University), %q(404W), %q(9), %q(14)]).includes ["AUT"]
make([%q(Privacy and Technology in Law and Practice), %q(405), %q(2), %q(2)]).includes ["SPR"]
make([%q(Research Track), %q(406), %q(9), %q(12)]).includes ["AUT", "WIN", "SPR"]
make([%q(International Deal Making), %q(407), %q(2), %q(2)]).includes ["AUT"]
make([%q(Criminal Defense Clinic: Clinical Practice), %q(408A), %q(4), %q(4)]).includes ["AUT", "WIN"]
make([%q(Criminal Defense Clinic: Clinical Methods), %q(408B), %q(4), %q(4)]).includes ["AUT", "WIN"]
make([%q(Criminal Defense Clinic: Clinical Coursework), %q(408C), %q(4), %q(4)]).includes ["AUT", "WIN"]
make([%q(Introduction to Intellectual Property), %q(409), %q(3), %q(4)]).includes ["SPR"]
make([%q(Directed Writing), %q(411), %q(1), %q(4)]).includes ["AUT", "WIN", "SPR"]
make([%q(Policy Practicum:  Obesity in Santa Clara County), %q(413A), %q(1), %q(3)]).includes ["AUT", "WIN", "SPR"]
make([%q(Policy Practicum:  Election Administration and Reform), %q(413B), %q(2), %q(2)]).includes ["AUT"]
make([%q(Policy Practicum:  Improving Bone Marrow Donation Programs), %q(413C), %q(2), %q(3)]).includes ["AUT", "WIN"]
make([%q(Policy Practicum:  Institutional and Legislative Copyright Reform), %q(413D), %q(2), %q(3)]).includes ["AUT", "WIN"]
make([%q(Policy Practicum:  Empirical Study of Patent Troll Litigation), %q(413E), %q(2), %q(2)]).includes ["AUT", "WIN", "SPR"]
make([%q(Policy Practicum:  Mediation Confidentiality and Attorney Malpractice in California), %q(413F), %q(2), %q(2)]).includes ["AUT", "WIN"]
make([%q(Policy Practicum:  Social Mobility In Higher Education), %q(413G), %q(2), %q(2)]).includes ["AUT", "WIN"]
make([%q(Policy Practicum:  State Law Enforcement Access to Customer Records of Communication Companies), %q(413H), %q(2), %q(2)]).includes ["WIN", "SPR"]
make([%q(Policy Practicum:  Tax Regulatory Project), %q(413I), %q(3), %q(3)]).includes ["AUT", "WIN"]
make([%q(Policy Practicum:  Court-Supervised Remediation of Complex Environmental Problems), %q(413J), %q(2), %q(2)]).includes ["WIN", "SPR"]
make([%q(Policy Practicum:  Stream Flow Restoration Transactions), %q(413K), %q(1), %q(3)]).includes ["AUT", "WIN"]
make([%q(Policy Practicum:  Advising Congress on Health Policy), %q(413L), %q(2), %q(2)]).includes ["AUT", "WIN"]
make([%q(Policy Practicum:  Stereotype Threat and Higher Education), %q(413M), %q(2), %q(2)]).includes ["AUT", "WIN"]
make([%q(Policy Practicum:  Court Online Mediation Service Practicum), %q(413N), %q(2), %q(2)]).includes ["AUT"]
make([%q(Policy Practicum:  China's Solar Industry and its Global Implications), %q(413O), %q(2), %q(3)]).includes ["WIN", "SPR"]
make([%q(Policy Practicum:  Wildlife Trafficking:  Stopping the Scourge), %q(413P), %q(2), %q(2)]).includes ["WIN"]
make([%q(Policy Practicum:  Constitutional Design in Libya: The Division of National & Provincial Powers), %q(413Q), %q(1), %q(1)]).includes ["WIN"]
make([%q(Policy Practicum:  The National Environmental Policy Act:  Pushing the Reset Button), %q(413R), %q(2), %q(2)]).includes ["SPR"]
make([%q(Policy Practicum:  Carbon Pollution Standards and Carbon Taxes), %q(413S), %q(2), %q(2)]).includes ["WIN", "SPR"]
make([%q(Policy Practicum:Human Rights & Conditions of Detention in the Americas in the Inter-American System), %q(413T), %q(1), %q(4)]).includes ["SPR"]
make([%q(Policy Practicum:  Next Steps in Network Neutrality), %q(413U), %q(1), %q(3)]).includes ["SPR"]
make([%q(Advanced Criminal Law and Public Policy:  A Research Practicum), %q(417), %q(3), %q(3)]).includes ["AUT"]
make([%q(Advanced Criminal Defense Clinic), %q(418), %q(2), %q(7)]).includes ["AUT", "WIN", "SPR"]
make([%q(Three Strikes Project: Criminal Justice Reform & Individual Representation), %q(419), %q(3), %q(3)]).includes ["AUT", "WIN"]
make([%q(Advanced Supreme Court Litigation Clinic), %q(423), %q(2), %q(7)]).includes ["AUT", "WIN", "SPR"]
make([%q(Secured Credit), %q(424), %q(3), %q(3)]).includes ["WIN"]
make([%q(Statutory Interpretation), %q(425), %q(3), %q(3)]).includes ["AUT"]
make([%q(Local Government Law), %q(427), %q(3), %q(3)]).includes ["WIN"]
make([%q(Trusts and Estates), %q(430), %q(2), %q(2)]).includes ["AUT"]
make([%q(Hot Topics on Major Federal Environmental Statutory Schemes), %q(432), %q(2), %q(3)]).includes ["AUT"]
make([%q(Contract Design:  Principles and Practice), %q(434), %q(2), %q(2)]).includes ["SPR"]
make([%q(Supreme Court Litigation Clinic: Clinical Practice), %q(436A), %q(4), %q(4)]).includes ["AUT", "SPR"]
make([%q(Supreme Court Litigation Clinic: Clinical Methods), %q(436B), %q(4), %q(4)]).includes ["AUT", "SPR"]
make([%q(Supreme Court Litigation Clinic: Clinical Coursework), %q(436C), %q(4), %q(4)]).includes ["AUT", "SPR"]
make([%q(Water Law and Policy), %q(437), %q(3), %q(3)]).includes ["SPR"]
make([%q(Criminality and the Carceral State:  Interdisciplinary Perspectives and Current Controversies), %q(439), %q(2), %q(2)]).includes ["SPR"]
make([%q(Thinking Like a Policy Analyst: Introduction to Policy Analysis), %q(444), %q(2), %q(2)]).includes ["AUT", "WIN"]
make([%q(Communications Law: Broadcast and Cable Television), %q(447), %q(3), %q(3)]).includes ["WIN"]
make([%q(Contemporary Issues in Constitutional Law), %q(448), %q(2), %q(2)]).includes ["AUT"]
make([%q(European Union Law), %q(451), %q(2), %q(3)]).includes ["WIN"]
make([%q(State-Building and the Rule of Law Workshop: Advanced (ALEP)), %q(453A), %q(3), %q(3)]).includes ["WIN", "SPR"]
make([%q(State-Building and the Rule of Law Workshop: Advanced (BLPP)), %q(453B), %q(3), %q(3)]).includes ["NOT GIVEN THIS YEAR"]
make([%q(State-Building and the Rule of Law Workshop: Advanced (TLLEP)), %q(453C), %q(3), %q(3)]).includes ["WIN", "SPR"]
make([%q(State-Building and the Rule of Law Workshop: Advanced (ILEI)), %q(453D), %q(3), %q(3)]).includes ["WIN", "SPR"]
make([%q(State-Building and the Rule of Law Workshop: Advanced (RLDP)), %q(453E), %q(3), %q(3)]).includes ["WIN", "SPR"]
make([%q(Energy Law), %q(455), %q(3), %q(3)]).includes ["WIN"]
make([%q(Food and Drug Administration), %q(458), %q(3), %q(3)]).includes ["SPR"]
make([%q(Venture Capital I), %q(465), %q(3), %q(3)]).includes ["WIN"]
make([%q(Quantitative Methods: Finance), %q(467), %q(2), %q(2)]).includes ["WIN"]
make([%q(Statistical Inference in Law), %q(468), %q(3), %q(3)]).includes ["SPR"]
make([%q(Constitutional Law: Freedom of Speech), %q(471), %q(3), %q(3)]).includes ["SPR"]
make([%q(Externship Companion Seminar), %q(472), %q(2), %q(2)]).includes ["AUT", "WIN", "SPR"]
make([%q(Externship, Special Circumstances), %q(473), %q(12), %q(12)]).includes ["WIN", "SPR"]
make([%q(\U.S. SEC Law Student Observer Program and Securities Regulation Seminar\), %q(473X), %q(3), %q(3)]).includes ["AUT"]
make([%q(Externship, Civil Law), %q(474), %q(5), %q(12)]).includes ["AUT", "WIN", "SPR"]
make([%q(Externship, Criminal Law), %q(475), %q(5), %q(12)]).includes ["AUT", "WIN", "SPR"]
make([%q(Advanced Criminal Practice), %q(476), %q(3), %q(3)]).includes ["AUT"]
make([%q(Intellectual Property: Patent Litigation), %q(477), %q(3), %q(3)]).includes ["NOT GIVEN THIS YEAR"]
make([%q(IP Advanced Topics:  The Future of Online Music and Online Video), %q(478), %q(3), %q(3)]).includes ["AUT"]
make([%q(International Law), %q(479), %q(3), %q(3)]).includes ["SPR"]
make([%q(Law and Biosciences: Genetics), %q(480), %q(3), %q(3)]).includes ["SPR"]
make([%q(Communications Law: Internet and Telephony), %q(481), %q(3), %q(3)]).includes ["SPR"]
make([%q(Deal Litigation Seminar), %q(483), %q(2), %q(3)]).includes ["WIN"]
make([%q(The Financial Crisis), %q(487), %q(3), %q(3)]).includes ["WIN"]
make([%q(Legal Aspects of Autonomous Driving), %q(488), %q(2), %q(3)]).includes ["AUT"]
make([%q(Reproductive Justice: Law, Policy and Advocacy), %q(490), %q(2), %q(2)]).includes ["WIN"]
make([%q(Myth, Law, and Practice), %q(491), %q(2), %q(2)]).includes ["WIN"]
make([%q(Multi-Party Litigation), %q(492), %q(3), %q(3)]).includes ["WIN"]
make([%q(Entrepreneurship, Leadership and the Law Practicum), %q(493), %q(2), %q(2)]).includes ["AUT"]
make([%q(Legal Studies Workshop), %q(496), %q(1), %q(1)]).includes ["AUT", "WIN", "SPR"]
make([%q(Designing Liberation Technologies), %q(498), %q(3), %q(4)]).includes ["SPR"]
make([%q(Intellectual Property: Trade Secrets), %q(499), %q(3), %q(3)]).includes ["SPR"]
make([%q(Modern American Legal Thought), %q(500), %q(3), %q(3)]).includes ["SPR"]
make([%q(International Business Negotiation), %q(504), %q(3), %q(3)]).includes ["AUT"]
make([%q(Law and Social Change in the Global Context), %q(508), %q(3), %q(3)]).includes ["AUT"]
make([%q(Facilitation for Attorneys), %q(509), %q(2), %q(2)]).includes ["AUT"]
make([%q(Legal Cultures and Legal Professionals in Latin America and Latin Europe), %q(511), %q(2), %q(2)]).includes ["AUT"]
make([%q(Intellectual Property: Licensing), %q(512), %q(2), %q(2)]).includes ["AUT"]
make([%q(California Coast: Science, Policy and Law), %q(514), %q(4), %q(4)]).includes ["SPR"]
make([%q(Clean Tech: Business Fundamentals and Public Policy), %q(515), %q(2), %q(2)]).includes ["AUT"]
make([%q(Why Intellectual Property?: Rationales and Critiques of IP Law), %q(517), %q(2), %q(2)]).includes ["SPR"]
make([%q(International Public Interest Lawyering Colloquium), %q(518), %q(2), %q(3)]).includes ["AUT"]
make([%q(21st Century Professional Skills and Practice Management), %q(519), %q(2), %q(2)]).includes ["WIN"]
make([%q(Betrayal and Loyalty, Treason and Trust), %q(520), %q(2), %q(2)]).includes ["WIN"]
make([%q(Private Equity Investing), %q(522), %q(3), %q(3)]).includes ["WIN"]
make([%q(Mental Health Law), %q(524), %q(3), %q(3)]).includes ["SPR"]
make([%q(Juvenile Justice and Social Policy), %q(527), %q(3), %q(3)]).includes ["WIN"]
make([%q(Economic Analysis of Law), %q(528), %q(4), %q(4)]).includes ["WIN"]
make([%q(Wine and the Law), %q(531), %q(2), %q(3)]).includes ["SPR"]
make([%q(Understanding the Legislative Process: American Legislative Institutions in Analytical Perspective), %q(532), %q(3), %q(3)]).includes ["SPR"]
make([%q(The United States Senate as a Legal Institution), %q(537), %q(3), %q(3)]).includes ["WIN"]
make([%q(Sociology of Law), %q(538), %q(3), %q(4)]).includes ["SPR"]
make([%q(Litigation and Institutional Design), %q(540), %q(2), %q(3)]).includes ["SPR"]
make([%q(Legal Profession Workshop: Deconstructing Big Law), %q(541), %q(3), %q(3)]).includes ["AUT"]
make([%q(Entrepreneurship, Leadership and Law in Social Enterprises), %q(543), %q(2), %q(2)]).includes ["SPR"]
make([%q(Alternate Dispute Resolution: Law, Practice, and Policy), %q(545), %q(3), %q(3)]).includes ["AUT"]
make([%q(Alternative Dispute Resolution: Practicum), %q(546), %q(2), %q(2)]).includes ["SPR"]
make([%q(International Commercial Arbitration), %q(554), %q(2), %q(2)]).includes ["SPR"]
make([%q(The Plaintiffs' Lawyer: Institutional Constraints and Ethical Challenges), %q(555), %q(3), %q(3)]).includes ["SPR"]
make([%q(Counterterrorism and the Law), %q(556), %q(2), %q(2)]).includes ["SPR"]
make([%q(Direct Democracy), %q(557), %q(2), %q(3)]).includes ["AUT"]
make([%q(Workshop on International Security, Law, and Social Science), %q(558), %q(1), %q(1)]).includes ["AUT", "WIN", "SPR"]
make([%q(Mental Health Law: Forensics), %q(560), %q(3), %q(3)]).includes ["WIN"]
make([%q(Beyond the Common Law: Tort Reform and Tort Alternatives), %q(563), %q(2), %q(2)]).includes ["SPR"]
make([%q(The Future of Finance), %q(564), %q(2), %q(2)]).includes ["SPR"]
make([%q(Immigration Law, Policy and Constitutional Rights), %q(565), %q(3), %q(3)]).includes ["WIN"]
make([%q(Social Justice Impact Litigation: Issues and Strategies), %q(572), %q(2), %q(2)]).includes ["SPR"]
make([%q(Law and Sexuality), %q(576), %q(2), %q(3)]).includes ["WIN"]
make([%q(Regulation of the Political Process), %q(577), %q(4), %q(4)]).includes ["WIN"]
make([%q(International Investment Law), %q(583), %q(2), %q(2)]).includes ["WIN"]
make([%q(Classical Islamic Law), %q(586), %q(4), %q(4)]).includes ["SPR"]
make([%q(Sports Law), %q(588), %q(2), %q(2)]).includes ["WIN"]
make([%q(Modern Capital Markets and the Financial Crisis), %q(590), %q(4), %q(4)]).includes ["WIN"]
make([%q(Securities Regulation: Money-Raising, from Start-up through IPO and the Emerging Crowdfunding Market), %q(591), %q(4), %q(4)]).includes ["SPR"]
make([%q(Law and Race), %q(592), %q(2), %q(3)]).includes ["WIN"]
make([%q(Terrorism and the Courts), %q(593), %q(3), %q(3)]).includes ["WIN"]
make([%q(Federal Indian Law), %q(600), %q(3), %q(3)]).includes ["SPR"]
make([%q(Religion and the First Amendment), %q(602), %q(3), %q(3)]).includes ["WIN"]
make([%q(Environmental Law and Policy), %q(603), %q(3), %q(3)]).includes ["SPR"]
make([%q(International Environmental Law), %q(605), %q(3), %q(3)]).includes ["SPR"]
make([%q(Supreme Court Simulation Seminar), %q(606), %q(3), %q(3)]).includes ["WIN"]
make([%q(Trial Advocacy Workshop), %q(610), %q(4), %q(4)]).includes ["AUT"]
make([%q(Constitutional Law: Speech and Religion), %q(612), %q(4), %q(4)]).includes ["SPR"]
make([%q(Dispute Systems Design), %q(613), %q(3), %q(3)]).includes ["SPR"]
make([%q(Negotiation), %q(615), %q(3), %q(3)]).includes ["AUT", "WIN", "SPR"]
make([%q(Complex Litigation), %q(616), %q(3), %q(3)]).includes ["AUT"]
make([%q(Public Interest Law and Practice), %q(617), %q(2), %q(3)]).includes ["WIN"]
make([%q(Criminal Prosecution Clinic: Clinical Practice), %q(620A), %q(4), %q(4)]).includes ["WIN"]
make([%q(Criminal Prosecution Clinic: Clinical Methods), %q(620B), %q(4), %q(4)]).includes ["WIN"]
make([%q(Criminal Prosecution Clinic: Clinical Coursework), %q(620C), %q(4), %q(4)]).includes ["WIN"]
make([%q(Sentencing and Corrections), %q(621), %q(3), %q(3)]).includes ["SPR"]
make([%q(Environmental Law Clinic: Clinical Practice), %q(622A), %q(4), %q(4)]).includes ["AUT", "WIN"]
make([%q(Environmental Law Clinic: Clinical Methods), %q(622B), %q(4), %q(4)]).includes ["AUT", "WIN"]
make([%q(Environmental Law Clinic: Clinical Coursework), %q(622C), %q(4), %q(4)]).includes ["AUT", "WIN"]
make([%q(Advanced Environmental Law Clinic), %q(623), %q(2), %q(7)]).includes ["AUT", "WIN", "SPR"]
make([%q(Legislative Simulation: The Federal Budget), %q(626), %q(3), %q(3)]).includes ["AUT"]
make([%q(Oral Argument Workshop), %q(628A), %q(2), %q(2)]).includes ["SPR"]
make([%q(Oral Argument Workshop), %q(628B), %q(1), %q(1)]).includes ["SPR"]
make([%q(Spanish For Lawyers), %q(629), %q(3), %q(3)]).includes ["WIN"]
make([%q(Religious Liberty Clinic: Practice), %q(632A), %q(4), %q(4)]).includes ["SPR"]
make([%q(Religious Liberty Clinic: Clinical Methods), %q(632B), %q(4), %q(4)]).includes ["SPR"]
make([%q(Religious Liberty Clinic: Clinical Coursework), %q(632C), %q(4), %q(4)]).includes ["SPR"]
make([%q(The Future of Labor Law & Policy), %q(635), %q(2), %q(2)]).includes ["WIN"]
make([%q(Mediation), %q(638), %q(3), %q(3)]).includes ["SPR"]
make([%q(Lawyering and Social Intelligence), %q(639), %q(3), %q(3)]).includes ["AUT"]
make([%q(Community Law Clinic: Clinical Practice), %q(640A), %q(4), %q(4)]).includes ["WIN", "SPR"]
make([%q(Community Law Clinic: Clinical Methods), %q(640B), %q(4), %q(4)]).includes ["WIN", "SPR"]
make([%q(Community Law Clinic: Clinical Coursework), %q(640C), %q(4), %q(4)]).includes ["WIN", "SPR"]
make([%q(Constitutional Litigation), %q(641), %q(3), %q(3)]).includes ["SPR"]
make([%q(Advanced Community Law Clinic), %q(642), %q(2), %q(7)]).includes ["AUT", "WIN", "SPR"]
make([%q(Medical-Legal Issues in Children's Health), %q(643), %q(4), %q(4)]).includes ["SPR"]
make([%q(Disability Rights), %q(644), %q(3), %q(3)]).includes ["SPR"]
make([%q(Reading The Constitution), %q(645), %q(2), %q(2)]).includes ["WIN"]
make([%q(Cyberlaw/Fair Use Clinic: Advanced), %q(649A), %q(4), %q(4)]).includes ["WIN", "SPR"]
make([%q(Cyberlaw/Fair Use Clinic: Advanced), %q(649B), %q(3), %q(3)]).includes ["WIN", "SPR"]
make([%q(Advanced Negotiation: Public Policy), %q(650), %q(3), %q(3)]).includes ["WIN"]
make([%q(Animal Law), %q(652), %q(2), %q(2)]).includes ["SPR"]
make([%q(Corporate Law: Theory and Practice), %q(653), %q(2), %q(2)]).includes ["AUT"]
make([%q(Law and Biosciences Workshop), %q(654), %q(2), %q(3)]).includes ["WIN"]
make([%q(International Conflict Resolution), %q(656), %q(3), %q(3)]).includes ["WIN"]
make([%q(International Human Rights and Conflict Resolution Clinic: Clinical Practice), %q(658A), %q(4), %q(4)]).includes ["AUT"]
make([%q(International Human Rights and Conflict Resolution Clinic: Clinical Methods), %q(658B), %q(4), %q(4)]).includes ["AUT"]
make([%q(International Human Rights and Conflict Resolution Clinic: Clinical Coursework), %q(658C), %q(4), %q(4)]).includes ["AUT"]
make([%q(Advanced Negotiation: Transactions), %q(659), %q(3), %q(3)]).includes ["SPR"]
make([%q(Youth and Education Advocacy Clinic: Clinical Practice), %q(660A), %q(4), %q(4)]).includes ["WIN", "SPR"]
make([%q(Youth and Education Law Project: Clinical Methods), %q(660B), %q(4), %q(4)]).includes ["WIN", "SPR"]
make([%q(Youth and Education Law Project: Clinical Coursework), %q(660C), %q(4), %q(4)]).includes ["WIN", "SPR"]
make([%q(Advanced Negotiation: International), %q(661), %q(3), %q(3)]).includes ["WIN"]
make([%q(Advanced Youth and Education Advocacy Clinic), %q(662), %q(2), %q(7)]).includes ["AUT", "WIN", "SPR"]
make([%q(Advanced International Human Rights and Conflict Resolution Clinic), %q(663), %q(2), %q(7)]).includes ["AUT", "WIN", "SPR"]
make([%q(Advanced Legal Writing: Business Transactions), %q(664), %q(3), %q(3)]).includes ["AUT", "WIN", "SPR"]
make([%q(Advanced Legal Writing: Legislative Drafting and Analysis), %q(665), %q(3), %q(3)]).includes ["SPR"]
make([%q(Legal Technology and Informatics), %q(668), %q(2), %q(3)]).includes ["AUT"]
make([%q(Narrative Skills and the Law), %q(669), %q(3), %q(3)]).includes ["AUT"]
make([%q(White Collar Crime), %q(670), %q(3), %q(3)]).includes ["WIN"]
make([%q(Critical Theory), %q(671), %q(3), %q(3)]).includes ["AUT"]
make([%q(Advanced Legal Writing:  Drafting and Negotiating Sports Law Transactions), %q(673), %q(3), %q(3)]).includes ["WIN"]
make([%q(Advanced Legal Writing: Litigation), %q(674), %q(3), %q(3)]).includes ["AUT"]
make([%q(Human Trafficking: Historical, Legal, and Medical Perspectives), %q(675), %q(3), %q(3)]).includes ["SPR"]
make([%q(Rethinking Refugee Communities), %q(676), %q(2), %q(2)]).includes ["NOT GIVEN THIS YEAR"]
make([%q(Professional Responsibility), %q(677), %q(3), %q(3)]).includes ["AUT"]
make([%q(Introduction to Microeconomics), %q(678), %q(3), %q(3)]).includes ["AUT"]
make([%q(The Rule of Law - The Foundation of Functional Communities), %q(679), %q(2), %q(2)]).includes ["SPR"]
make([%q(Pivotal Moments in American Institutions and Public Law, 1791-Present), %q(680), %q(3), %q(3)]).includes ["SPR"]
make([%q(Better:  Improving Decision-Making, Achievement, and Performance), %q(681A), %q(1), %q(1)]).includes ["AUT", "WIN"]
make([%q(Can Philosophical Insights or Empirical Knowledge Help Us Make Hard Choices?), %q(681B), %q(1), %q(1)]).includes ["WIN", "SPR"]
make([%q(Group Behavior), %q(681C), %q(1), %q(1)]).includes ["WIN", "SPR"]
make([%q(How Can You Represent Those People?), %q(681D), %q(1), %q(1)]).includes ["WIN", "SPR"]
make([%q(Human Rights and Film), %q(681E), %q(1), %q(1)]).includes ["WIN", "SPR"]
make([%q(Law, Narrative, and Boundaries), %q(681F), %q(1), %q(1)]).includes ["WIN", "SPR"]
make([%q(Searching for Balance), %q(681G), %q(1), %q(1)]).includes ["WIN", "SPR"]
make([%q(The Ethics of Philanthropy), %q(681H), %q(1), %q(1)]).includes ["WIN"]
make([%q(The Sea Around Us: Ethical, Physical, and Emotional Connections Between Humans and the Ocean), %q(681I), %q(1), %q(1)]).includes ["WIN", "SPR"]
make([%q(When Bad Things are Done by Good People), %q(681J), %q(1), %q(1)]).includes ["WIN", "SPR"]
make([%q(Why are people so sure?), %q(681K), %q(1), %q(1)]).includes ["AUT", "WIN"]
make([%q(Social Movements and Dilemmas for Lawyers), %q(681L), %q(1), %q(1)]).includes ["WIN", "SPR"]
make([%q(Legal Fictions), %q(681M), %q(1), %q(1)]).includes ["AUT", "WIN"]
make([%q(Law and Performance), %q(681N), %q(1), %q(1)]).includes ["SPR"]
make([%q(The Rules of Political Warfare), %q(681O), %q(1), %q(1)]).includes ["WIN"]
make([%q(Personal Satisfaction in Legal Practice), %q(681P), %q(1), %q(1)]).includes ["WIN", "SPR"]
make([%q(Failure), %q(681Q), %q(1), %q(1)]).includes ["AUT", "WIN"]
make([%q(The Arrest, Trial, and Execution of Jesus of Nazareth), %q(681R), %q(1), %q(1)]).includes ["WIN", "SPR"]
make([%q(Advanced Criminal Law and Public Policy II: A Research Practicum), %q(682), %q(3), %q(3)]).includes ["WIN"]
make([%q(The Future of Human Rights: Law, Politics, and Social Justice in a Multipolar, Multimedia World), %q(683), %q(2), %q(2)]).includes ["SPR"]
make([%q(Conflicts, Ethics, and the Academy), %q(684), %q(3), %q(3)]).includes ["NOT GIVEN THIS YEAR"]
make([%q(The American Legal Profession), %q(685), %q(3), %q(3)]).includes ["SPR"]
make([%q(Advanced Legal Writing: Business Transactions, Technology and Social Enterprise), %q(686), %q(3), %q(3)]).includes ["SPR"]
make([%q(Three Strikes Project: Criminal Justice Reform in Action), %q(687), %q(3), %q(3)]).includes ["SPR"]
make([%q(Advanced Religious Liberty Clinic), %q(688), %q(2), %q(7)]).includes ["AUT", "WIN", "SPR"]
make([%q(Advanced Topics in Administrative Law), %q(690), %q(2), %q(2)]).includes ["SPR"]
make([%q(Advanced Topics in Criminal Law and Policy), %q(691), %q(3), %q(3)]).includes ["SPR"]
make([%q(Modern Surveillance Law), %q(692), %q(2), %q(2)]).includes ["WIN"]
make([%q(Law and Politics Workshop), %q(693), %q(2), %q(3)]).includes ["SPR"]
make([%q(The Law of War), %q(694), %q(3), %q(3)]).includes ["SPR"]
make([%q(International Human Rights:  Media and Education), %q(695), %q(2), %q(2)]).includes ["SPR"]
make([%q(Computer Security and Privacy), %q(696), %q(2), %q(2)]).includes ["SPR"]
make([%q(Comparative Law and Society), %q(697), %q(2), %q(2)]).includes ["AUT"]
make([%q(Education Law and Policy), %q(698), %q(3), %q(3)]).includes ["WIN"]
make([%q(Arbitration in America), %q(699), %q(3), %q(3)]).includes ["SPR"]
make([%q(SPILS Law and Society Seminar), %q(701), %q(3), %q(3)]).includes ["AUT"]
make([%q(Corporate Governance and Practice Seminar), %q(703), %q(2), %q(2)]).includes ["AUT", "WIN"]
make([%q(Law, Science, and Technology Colloquium), %q(704), %q(2), %q(2)]).includes ["AUT", "WIN"]
make([%q(SPILS Masters Thesis), %q(705), %q(4), %q(4)]).includes ["WIN", "SPR"]
make([%q(Environmental Law and Policy Colloquium), %q(706), %q(2), %q(2)]).includes ["AUT", "WIN", "SPR"]
make([%q(SPILS Research Methods Workshop), %q(707), %q(2), %q(2)]).includes ["WIN"]
make([%q(Advanced Legal Writing for American Practice), %q(708), %q(3), %q(3)]).includes ["WIN", "SPR"]
make([%q(Introduction to American Law), %q(709), %q(3), %q(3)]).includes ["AUT"]
make([%q(Research Design for Empirical Legal Studies), %q(712), %q(3), %q(4)]).includes ["AUT"]
make([%q(Private Equity Investing: Quantitative Skills Seminar), %q(721), %q(1), %q(1)]).includes ["WIN"]
make([%q(Sanela Diana Jenkins International Human Rights Speaker Series: Health and Human Rights), %q(723), %q(1), %q(1)]).includes ["WIN"]
make([%q(Ethics On the Edge: Business, Non-Profit Organizations, Government, and Individuals), %q(724), %q(2), %q(2)]).includes ["SPR"]
make([%q(Finance and Society), %q(725), %q(3), %q(3)]).includes ["WIN"]
make([%q(Negotiation on the Ground: Discussions at the Intersection of Theory and Practice), %q(726), %q(1), %q(1)]).includes ["WIN", "SPR"]
make([%q(Regulating the Quality and Safety of Health Care), %q(727), %q(3), %q(3)]).includes ["SPR"]
make([%q(Stolen Art), %q(728), %q(2), %q(2)]).includes ["SPR"]
make([%q(Legal Informatics), %q(729), %q(2), %q(3)]).includes ["SPR"]
make([%q(Advanced Legal Writing: Technology Transactions), %q(730), %q(3), %q(3)]).includes ["SPR"]
make([%q(Current Issues in Network Neutrality), %q(731), %q(2), %q(2)]).includes ["SPR"]
make([%q(Topics in Corporate Finance), %q(732), %q(3), %q(3)]).includes ["SPR"]
make([%q(Topics in American Legal Practice), %q(733), %q(1), %q(1)]).includes ["SPR"]
make([%q(Federalism), %q(742), %q(3), %q(3)]).includes []
make([%q(Comparative Class Actions), %q(748), %q(1), %q(1)]).includes []
make([%q(Global Litigation), %q(749), %q(3), %q(3)]).includes []
make([%q(Topics in Complex Litigation), %q(750), %q(1), %q(1)]).includes ["SPR"]
make([%q(Just and Unjust Wars), %q(751), %q(2), %q(2)]).includes ["WIN"]
make([%q(International Criminal Justice), %q(752), %q(2), %q(2)]).includes ["AUT"]
make([%q(TGR: Dissertation), %q(802), %q(0), %q(0)]).includes ["AUT", "WIN", "SPR"]
