make([%q(SHAKESPEARE AND PERFORMANCE IN A GLOBAL CONTEXT), %q(10N), %q(3), %q(3)]).includes ["NOT GIVEN THIS YEAR"]
make([%q(SHAKESPEARE, PLAYING, GENDER), %q(11Q), %q(3), %q(3)]).includes ["SPR"]
make([%q(WORLDS (NO LONGER) APART), %q(11SC), %q(2), %q(2)]).includes ["NOT GIVEN THIS YEAR"]
make([%q(GHOST STORIES: WHY THE DEAD RETURN AND WHAT THEY WANT FROM US), %q(12SC), %q(2), %q(2)]).includes ["SUM"]
make([%q(WHAT IS NEOCONSERVATISM? THE MOVEMENT'S HISTORY AND IDEAS), %q(31SI), %q(2), %q(2)]).includes ["NOT GIVEN THIS YEAR"]
make([%q(AESTHETICS OF DISSENT: THE CASE OF ISLAMIC IRAN (INTNLREL 71Q)), %q(40Q), %q(2), %q(2)]).includes ["NOT GIVEN THIS YEAR"]
make([%q(BORDERLANDS OF LITERATURE AND CULTURE), %q(41N), %q(3), %q(4)]).includes ["NOT GIVEN THIS YEAR"]
make([%q(COMPARATIVE FICTIONS OF ETHNICITY (AMSTUD 51Q, CSRE 51Q)), %q(51Q), %q(4), %q(4)]).includes ["WIN"]
make([%q(HUMAN RIGHTS AND WORLD LITERATURE), %q(57), %q(5), %q(5)]).includes ["SUM"]
make([%q(WHAT IS COMPARATIVE LITERATURE?), %q(101), %q(5), %q(5)]).includes ["AUT"]
make([%q(INTRODUCTION TO COMPARATIVE QUEER LITERARY STUDIES (COMPLIT 310, FEMST 110)), %q(110), %q(3), %q(5)]).includes ["NOT GIVEN THIS YEAR"]
make([%q(GERMAN CAPSTONE: READING FRANZ KAFKA (COMPLIT 311C, GERMAN 190, GERMAN 390, JEWISHST 147, JEWISHST 349)), %q(111), %q(3), %q(5)]).includes ["NOT GIVEN THIS YEAR"]
make([%q(OSCAR WILDE AND THE FRENCH DECADENTS (COMPLIT 312, FRENCH 112, FRENCH 312)), %q(112), %q(3), %q(5)]).includes ["WIN"]
make([%q(NABOKOV IN THE TRANSNATIONAL CONTEXT (COMPLIT 315, SLAVIC 156, SLAVIC 356)), %q(115), %q(3), %q(5)]).includes ["AUT"]
make([%q(POEMS, POETRY, WORLDS), %q(121), %q(3), %q(5)]).includes ["AUT"]
make([%q(LITERATURE AS PERFORMANCE (COMPLIT 322)), %q(122), %q(5), %q(5)]).includes ["SPR"]
make([%q(THE NOVEL, THE WORLD (ENGLISH 184)), %q(123), %q(5), %q(5)]).includes ["WIN"]
make([%q(PAST DESIRE MADE PRESENT: THE TRADITIONS OF EROTIC POETRY IN MEDIEVAL IRAN AND EUROPE), %q(125), %q(3), %q(5)]).includes ["NOT GIVEN THIS YEAR"]
make([%q(THE GOTHIC NOVEL), %q(125A), %q(5), %q(5)]).includes ["NOT GIVEN THIS YEAR"]
make([%q(CONTEMPORARY PERSIAN POETRY: ENCOUNTER OF A THOUSAND-YEAR-OLD CLASSICAL TRADITION WITH MODERNITY), %q(129A), %q(5), %q(5)]).includes ["NOT GIVEN THIS YEAR"]
make([%q(DYNASTIES, DICTATORS AND DEMOCRATS: HISTORY AND POLITICS IN GERMANY (GERMAN 132)), %q(132A), %q(3), %q(5)]).includes ["WIN"]
make([%q(GENDER AND MODERNISM (COMPLIT 333)), %q(133), %q(3), %q(5)]).includes ["NOT GIVEN THIS YEAR"]
make([%q(CHINESE CULTURAL REVOLUTION: PERFORMANCE, POLITICS, AND AESTHETICS (CHINLIT 190, CHINLIT 290)), %q(135), %q(4), %q(4)]).includes ["NOT GIVEN THIS YEAR"]
make([%q(THE MEANING OF ARABIC LITERATURE: A SEMINAR INVESTIGATION INTO THE NEBULOUS CONCEPT OF ADAB), %q(141A), %q(3), %q(5)]).includes ["NOT GIVEN THIS YEAR"]
make([%q(THE LITERATURE OF THE AMERICAS (AMSTUD 142, CSRE 142, ENGLISH 172E)), %q(142), %q(5), %q(5)]).includes ["NOT GIVEN THIS YEAR"]
make([%q(ALLA TURCA LOVE: TALES OF ROMANCE IN TURKISH LITERATURE (COMPLIT 342)), %q(143A), %q(3), %q(5)]).includes ["NOT GIVEN THIS YEAR"]
make([%q(ISTANBUL THE MUSE: THE CITY IN LITERATURE AND FILM), %q(144A), %q(3), %q(5)]).includes ["SPR"]
make([%q(REFLECTION ON THE OTHER: THE JEW IN ARABIC LITERATURE, THE ARAB IN HEBREW LITERATURE (AMELANG 126, JEWISHST 106)), %q(145), %q(4), %q(4)]).includes ["AUT"]
make([%q(IDEAS OF AFRICA IN ATLANTIC WRITING (COMPLIT 345B, FRENCH 145B, FRENCH 345B)), %q(145B), %q(3), %q(5)]).includes ["NOT GIVEN THIS YEAR"]
make([%q(ASIAN AMERICAN CULTURE AND COMMUNITY (AMSTUD 146, ASNAMST 146S, CSRE 146S)), %q(146), %q(3), %q(5)]).includes ["AUT"]
make([%q(THE ARAB SPRING IN ARABIC LITERATURE (COMPLIT 347)), %q(146A), %q(3), %q(5)]).includes ["NOT GIVEN THIS YEAR"]
make([%q(INDIAN EPICS: PAST AND PRESENT (RELIGST 108)), %q(148B), %q(4), %q(4)]).includes ["WIN"]
make([%q(CLASSICAL ARABIC POETRY: AN INTRODUCTION (COMPLIT 346)), %q(149A), %q(3), %q(5)]).includes ["NOT GIVEN THIS YEAR"]
make([%q(PHILOSOPHIES, LITERATURES, AND ALTERNATIVES (COMPLIT 351A)), %q(151A), %q(3), %q(5)]).includes ["NOT GIVEN THIS YEAR"]
make([%q(FILM & PHILOSOPHY (FRENCH 154, ITALIAN 154, PHIL 193C, PHIL 293C)), %q(154A), %q(4), %q(4)]).includes ["NOT GIVEN THIS YEAR"]
make([%q(POETIC THINKING ACROSS MEDIA (GERMAN 154, JEWISHST 144B)), %q(154B), %q(4), %q(4)]).includes ["AUT"]
make([%q(CONTEMPORARY TURKISH CINEMA AND SOCIETY (COMPLIT 357)), %q(157), %q(3), %q(5)]).includes ["WIN"]
make([%q(THE LITERATURE OF DEHUMANIZATION), %q(160), %q(3), %q(5)]).includes ["NOT GIVEN THIS YEAR"]
make([%q(CO-EXISTENCE IN HEBREW LITERATURE (AMELANG 175, JEWISHST 146)), %q(161), %q(4), %q(5)]).includes ["GIVEN NEXT YEAR"]
make([%q(AMERICAN POETRY AND SECULAR PRAYER), %q(162), %q(3), %q(5)]).includes ["WIN"]
make([%q(IMAGINING THE OCEANS (COMPLIT 368, ENGLISH 168, ENGLISH 368, FRENCH 168, FRENCH 368)), %q(168), %q(5), %q(5)]).includes ["SPR"]
make([%q(ETHICS OF JIHAD), %q(171), %q(5), %q(5)]).includes ["WIN"]
make([%q(PHILOSOPHY AND LITERATURE (CLASSGEN 81, ENGLISH 81, FRENCH 181, GERMAN 181, ITALIAN 181, PHIL 81, SLAVIC 181)), %q(181), %q(5), %q(5)]).includes ["WIN"]
make([%q(TOLSTOY'S ANNA KARENINA IN DIALOGUE WITH CONTEMPORARY PHILOSOPHICAL, SOCIAL, AND ETHICAL THOUGHT (COMPLIT 390, SLAVIC 190, SLAVIC 390)), %q(190), %q(3), %q(5)]).includes ["WIN"]
make([%q(INDEPENDENT RESEARCH), %q(194), %q(1), %q(5)]).includes ["AUT", "WIN", "SPR", "SUM"]
make([%q(SENIOR SEMINAR: J.R.R. TOLKIEN AND JUNOT DIAZ'S SPECULATIVE NARRATIVES), %q(199), %q(5), %q(5)]).includes ["WIN"]
make([%q(MARTIN HEIDEGGER (COMPLIT 313A, GERMAN 282, GERMAN 382)), %q(213A), %q(3), %q(5)]).includes ["NOT GIVEN THIS YEAR"]
make([%q(THE WORK OF LUIS MARTíN SANTOS IN MID-TWENTIETH CENTURY SPAIN), %q(218), %q(3), %q(5)]).includes ["NOT GIVEN THIS YEAR"]
make([%q(DOSTOEVSKY: NARRATIVE PERFORMANCE AND LITERARY THEORY (SLAVIC 251)), %q(219), %q(3), %q(5)]).includes ["NOT GIVEN THIS YEAR"]
make([%q(COURTLY LOVE: DECEIT AND DESIRE IN THE MIDDLE AGES (FRENCH 234, ITALIAN 234)), %q(221A), %q(3), %q(5)]).includes ["NOT GIVEN THIS YEAR"]
make([%q(WRESTLING WITH MODERNITY: GERMAN LITERATURE AND THOUGHT FROM 1900 TO THE PRESENT (GERMAN 222, GERMAN 322)), %q(222A), %q(5), %q(8)]).includes ["SPR"]
make([%q(GENOCIDE AND THE HUMANITIES), %q(224A), %q(3), %q(5)]).includes ["NOT GIVEN THIS YEAR"]
make([%q(QUEER LITERATURE AND FILM (FEMGEN 226A)), %q(226A), %q(3), %q(5)]).includes ["AUT"]
make([%q(INTRODUCTION TO DIGITAL HUMANITIES: CONCEPTS, TECHNOLOGIES, TOOLS (COMPLIT 338D)), %q(228D), %q(1), %q(3)]).includes ["WIN"]
make([%q(LITERATURE OF GLOBAL HEALTH (FRENCH 229, HUMBIO 175L, MED 234)), %q(229), %q(3), %q(5)]).includes ["SPR"]
make([%q(THE NOVEL IN EUROPE: THE AGE OF COMPROMISE, 1800-1848), %q(230A), %q(5), %q(5)]).includes ["NOT GIVEN THIS YEAR"]
make([%q(BAROQUE AND NEOBAROQUE (SPANLIT 293E)), %q(233), %q(5), %q(5)]).includes ["NOT GIVEN THIS YEAR"]
make([%q(LITERATURE AND TRANSGRESSION (FEMGEN 236)), %q(236), %q(3), %q(5)]).includes ["SPR"]
make([%q(INTRODUCTION TO HEBREW LITERATURE), %q(240A), %q(3), %q(5)]).includes ["NOT GIVEN THIS YEAR"]
make([%q(SHORT STORIES FROM SOUTH ASIA), %q(242A), %q(3), %q(5)]).includes ["NOT GIVEN THIS YEAR"]
make([%q(READINGS IN AVICENNA AND AL-JURJANI), %q(243B), %q(3), %q(5)]).includes ["SPR"]
make([%q(INTRODUCTORY OTTOMAN TURKISH), %q(245), %q(1), %q(3)]).includes ["SPR"]
make([%q(OTTOMAN TRANSLATION WORKSHOP), %q(246B), %q(1), %q(2)]).includes ["NOT GIVEN THIS YEAR"]
make([%q(BOLLYWOOD AND BEYOND: AN INTRODUCTION TO INDIAN FILM (FILMSTUD 250B, ICA 250)), %q(247), %q(3), %q(5)]).includes ["SPR"]
make([%q(READING TURKISH I), %q(248A), %q(3), %q(5)]).includes ["AUT"]
make([%q(READING TURKISH II), %q(248B), %q(2), %q(4)]).includes ["WIN"]
make([%q(ADVANCED TURKISH FOR RESEARCH), %q(248C), %q(2), %q(4)]).includes ["SPR"]
make([%q(THE IRANIAN CINEMA: IMAGE AND MEANING (ICA 249A)), %q(249A), %q(1), %q(3)]).includes ["AUT"]
make([%q(IRANIAN CINEMA IN DIASPORA (ICA 249B)), %q(249B), %q(1), %q(3)]).includes ["WIN"]
make([%q(CONTEMPORARY IRANIAN THEATER), %q(249C), %q(1), %q(3)]).includes ["SPR"]
make([%q(LITERATURE, HISTORY AND MEMORY (FRENCH 248)), %q(250), %q(3), %q(5)]).includes ["NOT GIVEN THIS YEAR"]
make([%q(AN INTRODUCTION TO CLASSICAL ARABIC POETRY: THE SHAKESPEARE OF THE ARABS (AL-MUTANABBI)), %q(252A), %q(2), %q(5)]).includes ["NOT GIVEN THIS YEAR"]
make([%q(AN INTRODUCTION TO CLASSICAL ARABIC PROSE: THE SHAKESPEARE OF THE ARABS (AL-JAHIZ)), %q(252B), %q(2), %q(5)]).includes ["NOT GIVEN THIS YEAR"]
make([%q(HONORé DE BALZAC (FRENCH 253)), %q(253), %q(3), %q(5)]).includes ["AUT"]
make([%q(MODERN CHINESE NOVEL: THEORY, AESTHETICS, HISTORY (CHINLIT 174, CHINLIT 274)), %q(254), %q(4), %q(4)]).includes ["NOT GIVEN THIS YEAR"]
make([%q(EXPLOSIONS OF ENLIGHTENMENT (GERMAN 262A)), %q(262A), %q(3), %q(5)]).includes ["WIN"]
make([%q(WALTER BENJAMIN (GERMAN 264A)), %q(264), %q(3), %q(5)]).includes ["WIN"]
make([%q(HISTORIES AND FUTURES OF HUMANISTIC EDUCATION: CULTURE AND CRISIS, BOOKS AND MOOCS (DLCL 265, EDUC 217X)), %q(265), %q(5), %q(5)]).includes ["WIN"]
make([%q(FUTURITY: WHY THE PAST MATTERS (GERMAN 271)), %q(271A), %q(3), %q(5)]).includes ["WIN"]
make([%q(HUMANITIES EDUCATION IN THE CHANGING UNIVERSITY (DLCL 320, GERMAN 250)), %q(275), %q(3), %q(3)]).includes ["NOT GIVEN THIS YEAR"]
make([%q(VISIONS OF THE FUTURE IN LITERATURE), %q(281), %q(4), %q(4)]).includes ["NOT GIVEN THIS YEAR"]
make([%q(MASTERPIECES OF HEBREW LITERATURE FROM THE BIBLE TO THE PRESENT (JEWISHST 243)), %q(283), %q(4), %q(5)]).includes ["WIN"]
make([%q(THINKING IN FICTION), %q(303D), %q(5), %q(5)]).includes ["NOT GIVEN THIS YEAR"]
make([%q(INTRODUCTION TO COMPARATIVE QUEER LITERARY STUDIES (COMPLIT 110, FEMST 110)), %q(310), %q(3), %q(5)]).includes ["NOT GIVEN THIS YEAR"]
make([%q(SHAKESPEARE, ISLAM, AND OTHERS), %q(311), %q(5), %q(5)]).includes ["NOT GIVEN THIS YEAR"]
make([%q(GERMAN CAPSTONE: READING FRANZ KAFKA (COMPLIT 111, GERMAN 190, GERMAN 390, JEWISHST 147, JEWISHST 349)), %q(311C), %q(3), %q(5)]).includes ["NOT GIVEN THIS YEAR"]
make([%q(OSCAR WILDE AND THE FRENCH DECADENTS (COMPLIT 112, FRENCH 112, FRENCH 312)), %q(312), %q(3), %q(5)]).includes ["WIN"]
make([%q(MARTIN HEIDEGGER (COMPLIT 213A, GERMAN 282, GERMAN 382)), %q(313A), %q(3), %q(5)]).includes ["NOT GIVEN THIS YEAR"]
make([%q(NABOKOV IN THE TRANSNATIONAL CONTEXT (COMPLIT 115, SLAVIC 156, SLAVIC 356)), %q(315), %q(3), %q(5)]).includes ["AUT"]
make([%q(EPIC AND EMPIRE (ENGLISH 314)), %q(320A), %q(5), %q(5)]).includes ["SPR"]
make([%q(FROM ENLIGHTENMENT TO REALISM: GERMAN LITERATURE 1750-1900 (GERMAN 221, GERMAN 321)), %q(321A), %q(5), %q(8)]).includes ["WIN"]
make([%q(ANTHROPOLOGY AND LITERATURE: PROBLEMS OF REPRESENTATION, POWER, AND TEXTUALITY (ANTHRO 321A)), %q(321B), %q(5), %q(5)]).includes ["WIN"]
make([%q(LITERATURE AS PERFORMANCE (COMPLIT 122)), %q(322), %q(5), %q(5)]).includes ["SPR"]
make([%q(LANDSCAPES OF THE SUBLIME), %q(324), %q(5), %q(5)]).includes ["NOT GIVEN THIS YEAR"]
make([%q(RETHINKING COMPARATIVE LITERARY STUDY OUTSIDE OF ACADEMIA), %q(325), %q(2), %q(2)]).includes ["SPR"]
make([%q(GENRES OF THE NOVEL (FRENCH 327)), %q(327), %q(5), %q(5)]).includes ["NOT GIVEN THIS YEAR"]
make([%q(LITERATURE, NARRATIVE, AND THE SELF (FRENCH 328, ITALIAN 328)), %q(328), %q(3), %q(5)]).includes ["AUT"]
make([%q(THE BOURGEOIS), %q(330), %q(5), %q(5)]).includes ["NOT GIVEN THIS YEAR"]
make([%q(GENDER AND MODERNISM (COMPLIT 133)), %q(333), %q(3), %q(5)]).includes ["NOT GIVEN THIS YEAR"]
make([%q(CONCEPTS OF MODERNITY II: THE STUDY OF CULTURE IN THE AGE OF GLOBALIZATION (ENGLISH 334B, MTL 334B)), %q(334B), %q(5), %q(5)]).includes ["WIN"]
make([%q(MATERIALISM AND LITERATURE (ILAC 335)), %q(335A), %q(3), %q(5)]).includes ["WIN"]
make([%q(THE GOTHIC IN LITERATURE AND CULTURE (ENGLISH 338, FRENCH 338)), %q(338), %q(5), %q(5)]).includes ["WIN"]
make([%q(INTRODUCTION TO DIGITAL HUMANITIES: CONCEPTS, TECHNOLOGIES, TOOLS (COMPLIT 228D)), %q(338D), %q(1), %q(3)]).includes ["WIN"]
make([%q(ALLA TURCA LOVE: TALES OF ROMANCE IN TURKISH LITERATURE (COMPLIT 143A)), %q(342), %q(3), %q(5)]).includes ["NOT GIVEN THIS YEAR"]
make([%q(IDEAS OF AFRICA IN ATLANTIC WRITING (COMPLIT 145B, FRENCH 145B, FRENCH 345B)), %q(345B), %q(3), %q(5)]).includes ["NOT GIVEN THIS YEAR"]
make([%q(CLASSICAL ARABIC POETRY: AN INTRODUCTION (COMPLIT 149A)), %q(346), %q(3), %q(5)]).includes ["NOT GIVEN THIS YEAR"]
make([%q(THE ARAB SPRING IN ARABIC LITERATURE (COMPLIT 146A)), %q(347), %q(3), %q(5)]).includes ["NOT GIVEN THIS YEAR"]
make([%q(PHILOSOPHIES, LITERATURES, AND ALTERNATIVES (COMPLIT 151A)), %q(351A), %q(3), %q(5)]).includes ["NOT GIVEN THIS YEAR"]
make([%q(EXPERIMENT AND THE NOVEL), %q(353A), %q(5), %q(5)]).includes ["NOT GIVEN THIS YEAR"]
make([%q(CONTEMPORARY TURKISH CINEMA AND SOCIETY (COMPLIT 157)), %q(357), %q(3), %q(5)]).includes ["WIN"]
make([%q(PHILOSOPHICAL READING GROUP (FRENCH 395, ITALIAN 395)), %q(359A), %q(1), %q(1)]).includes ["AUT", "WIN"]
make([%q(THE THEORY OF THE NOVEL (ENGLISH 360B)), %q(360B), %q(5), %q(5)]).includes ["SPR"]
make([%q(ECOLOGY, HISTORY, EXCHANGE), %q(363), %q(4), %q(5)]).includes ["NOT GIVEN THIS YEAR"]
make([%q(STYLE), %q(364), %q(5), %q(5)]).includes ["NOT GIVEN THIS YEAR"]
make([%q(IMAGINING THE OCEANS (COMPLIT 168, ENGLISH 168, ENGLISH 368, FRENCH 168, FRENCH 368)), %q(368), %q(5), %q(5)]).includes ["SPR"]
make([%q(INTRODUCTION TO GRADUATE STUDIES: CRITICISM AS PROFESSION (DLCL 369, FRENCH 369, GERMAN 369, ITALIAN 369)), %q(369), %q(5), %q(5)]).includes ["AUT"]
make([%q(CHINA IN THE WORLD (CHINLIT 371)), %q(371), %q(2), %q(5)]).includes ["AUT"]
make([%q(TOLSTOY'S ANNA KARENINA IN DIALOGUE WITH CONTEMPORARY PHILOSOPHICAL, SOCIAL, AND ETHICAL THOUGHT (COMPLIT 190, SLAVIC 190, SLAVIC 390)), %q(390), %q(3), %q(5)]).includes ["WIN"]
make([%q(PEDAGOGY SEMINAR I (ENGLISH 396L)), %q(396L), %q(2), %q(2)]).includes ["AUT"]
make([%q(INDIVIDUAL WORK), %q(399), %q(1), %q(15)]).includes ["AUT", "WIN", "SPR", "SUM"]
make([%q(TGR DISSERTATION), %q(802), %q(0), %q(0)]).includes ["AUT", "WIN", "SPR", "SUM"]
