make([%q(Media, Culture, and Society (COMM 1B)), %q(1B), %q(5), %q(5)]).includes ["WIN"]
make([%q(Introduction to American National Government and Politics (POLISCI 2)), %q(2), %q(5), %q(5)]).includes ["SPR"]
make([%q(Global Flows: The Globalization of Hip Hop Art, Culture, and Politics), %q(15), %q(1), %q(2)]).includes ["NOT GIVEN THIS YEAR"]
make([%q(The 5th Element: Hip Hop Knowledge, Pedagogy, and Social Justice (AFRICAAM 32, CSRE 32A, EDUC 32X, EDUC 432X, TAPS 32)), %q(32), %q(1), %q(5)]).includes ["SPR"]
make([%q(The Literature of Inequality: Have and Have-Nots from the Gilded Age to the Occupy Era), %q(50N), %q(3), %q(3)]).includes ["NOT GIVEN THIS YEAR"]
make([%q(Comparative Fictions of Ethnicity (COMPLIT 51Q, CSRE 51Q)), %q(51Q), %q(4), %q(4)]).includes ["WIN"]
make([%q(Mark Twain and American Culture (ENGLISH 68N)), %q(68N), %q(4), %q(4)]).includes ["SPR"]
make([%q(Exploring American Religious History (RELIGST 91)), %q(91), %q(4), %q(4)]).includes ["NOT GIVEN THIS YEAR"]
make([%q(American Fiction into Film: How Hollywood Scripts and Projects Black and White Relations), %q(101), %q(3), %q(5)]).includes ["NOT GIVEN THIS YEAR"]
make([%q(On the Road:  Cars and the Auto-Mobility of Race, Gender, Class, and Age in American Literature), %q(103), %q(3), %q(5)]).includes ["NOT GIVEN THIS YEAR"]
make([%q(Law and Popular Culture), %q(105N), %q(3), %q(3)]).includes ["WIN"]
make([%q(Introduction to Feminist Studies (CSRE 108, FEMGEN 101, HISTORY 107)), %q(107), %q(4), %q(5)]).includes ["AUT"]
make([%q(Visions of the 1960s), %q(114Q), %q(5), %q(5)]).includes ["AUT"]
make([%q(American Economic History (ECON 116, HISTORY 156)), %q(116), %q(5), %q(5)]).includes ["SPR"]
make([%q(Digital Media in Society (COMM 120W, COMM 220)), %q(120), %q(4), %q(5)]).includes ["SPR"]
make([%q(Masterpieces of American Literature), %q(121), %q(3), %q(5)]).includes ["NOT GIVEN THIS YEAR"]
make([%q(Racial-Ethnic Politics in US (CSRE 121L, POLISCI 121L, PUBLPOL 121L)), %q(121L), %q(5), %q(5)]).includes ["AUT"]
make([%q(Hip Hop, Youth Identities, and the Politics of Language (AFRICAAM 121X, ANTHRO 121A, CSRE 121X, EDUC 121X, LINGUIST 155)), %q(121X), %q(3), %q(4)]).includes ["NOT GIVEN THIS YEAR"]
make([%q(Urban Politics (POLISCI 121, PUBLPOL 133, URBANST 111)), %q(121Z), %q(5), %q(5)]).includes ["WIN"]
make([%q(American Literature, 1855 to World War I), %q(123D), %q(5), %q(5)]).includes ["NOT GIVEN THIS YEAR"]
make([%q(Mark Twain: A Fresh Look at an Icon and Iconoclast, 100 Years after His Death), %q(123G), %q(3), %q(5)]).includes ["NOT GIVEN THIS YEAR"]
make([%q(THE AMERICAN WEST (ARTHIST 152, ENGLISH 124, HISTORY 151, POLISCI 124A)), %q(124A), %q(4), %q(4)]).includes ["SPR"]
make([%q(American Art and Culture, 1528-1910 (ARTHIST 132, ARTHIST 332)), %q(132), %q(4), %q(4)]).includes ["AUT"]
make([%q(Deliberative Democracy and its Critics (COMM 135, COMM 235, COMM 335, POLISCI 234P, POLISCI 334P)), %q(135), %q(3), %q(5)]).includes ["SPR"]
make([%q(The Dialogue of Democracy (COMM 137W, COMM 237, POLISCI 232T, POLISCI 332T)), %q(137), %q(4), %q(5)]).includes ["NOT GIVEN THIS YEAR"]
make([%q(American Women Writers, 1850-1920 (ENGLISH 139B)), %q(139B), %q(5), %q(5)]).includes ["SPR"]
make([%q(Stand Up Comedy and the \Great American Joke\ Since 1945), %q(140), %q(3), %q(5)]).includes ["AUT"]
make([%q(The Literature of the Americas (COMPLIT 142, CSRE 142, ENGLISH 172E)), %q(142), %q(5), %q(5)]).includes ["NOT GIVEN THIS YEAR"]
make([%q(Introduction to African American Literature (AFRICAAM 43)), %q(143), %q(3), %q(5)]).includes ["NOT GIVEN THIS YEAR"]
make([%q(Culture Wars: Art and Social Conflict in the USA, 1890-1950 (ARTHIST 145, ARTHIST 345, FEMGEN 145)), %q(145M), %q(4), %q(4)]).includes ["SPR"]
make([%q(Asian American Culture and Community (ASNAMST 146S, COMPLIT 146, CSRE 146S)), %q(146), %q(3), %q(5)]).includes ["AUT"]
make([%q(American Literature and Culture to 1855 (ENGLISH 23, ENGLISH 123)), %q(150), %q(3), %q(5)]).includes ["WIN"]
make([%q(Colonial and Revolutionary America (HISTORY 150A)), %q(150A), %q(5), %q(5)]).includes ["AUT"]
make([%q(19th-Century America (AFRICAAM 150B, HISTORY 150B)), %q(150B), %q(5), %q(5)]).includes ["WIN"]
make([%q(The United States in the Twentieth Century (HISTORY 150C)), %q(150C), %q(5), %q(5)]).includes ["SPR"]
make([%q(ID21 STRATLAB: Interdisciplinary Approaches to Improvising Identities (CSRE 151H, DANCE 151H, DANCE 251H, TAPS 151H, TAPS 351H)), %q(151H), %q(4), %q(5)]).includes ["NOT GIVEN THIS YEAR"]
make([%q(\Mutually Assured Destruction\: American Culture and the Cold War), %q(152A), %q(5), %q(5)]).includes ["NOT GIVEN THIS YEAR"]
make([%q(African American Literature (AFRICAAM 152E, ENGLISH 152E)), %q(152E), %q(5), %q(5)]).includes ["WIN"]
make([%q(Global Harlem Renaissance (AFRICAAM 152G)), %q(152G), %q(5), %q(5)]).includes ["NOT GIVEN THIS YEAR"]
make([%q(The American Civil War: A Visual History (ARTHIST 154, ARTHIST 354)), %q(154X), %q(4), %q(4)]).includes ["NOT GIVEN THIS YEAR"]
make([%q(Women and Medicine in US History: Women as Patients, Healers and Doctors), %q(156H), %q(5), %q(5)]).includes ["WIN"]
make([%q(Introduction to Asian American History (ASNAMST 159, HISTORY 159)), %q(159), %q(5), %q(5)]).includes ["SPR"]
make([%q(American Photographs, 1839-1971:  A Cultural History (ARTHIST 159, ARTHIST 359)), %q(159X), %q(4), %q(4)]).includes ["SPR"]
make([%q(Perspectives on American Identity), %q(160), %q(5), %q(5)]).includes ["WIN", "SPR"]
make([%q(Women in Modern America (CSRE 162, FEMGEN 161, HISTORY 161)), %q(161), %q(4), %q(5)]).includes ["SPR"]
make([%q(From Freedom to Freedom Now: African American History, 1865-1965 (HISTORY 164C)), %q(164C), %q(5), %q(5)]).includes ["NOT GIVEN THIS YEAR"]
make([%q(History of Higher Education in the U.S. (EDUC 165, EDUC 265, HISTORY 158C)), %q(165), %q(3), %q(5)]).includes ["WIN"]
make([%q(Introduction to African American History: The Modern African American Freedom Struggle (AFRICAAM 166, HISTORY 166)), %q(166), %q(3), %q(5)]).includes ["AUT"]
make([%q(Asian American Fiction (ENGLISH 169B)), %q(169B), %q(5), %q(5)]).includes ["AUT"]
make([%q(Ethnicity and Dissent in United States Art and Literature (ARTHIST 178, ARTHIST 378)), %q(178), %q(4), %q(4)]).includes ["NOT GIVEN THIS YEAR"]
make([%q(Introduction to American Law (POLISCI 122, PUBLPOL 302A)), %q(179), %q(3), %q(5)]).includes ["AUT"]
make([%q(Border Crossings and American Identities (CSRE 183)), %q(183), %q(5), %q(5)]).includes ["AUT"]
make([%q(American Studies Internship), %q(185), %q(1), %q(3)]).includes ["AUT", "WIN", "SPR", "SUM"]
make([%q(Tales of Three Cities: New York, Chicago, Los Angeles (ENGLISH 186)), %q(186), %q(5), %q(5)]).includes ["WIN"]
make([%q(American Hauntings), %q(186A), %q(5), %q(5)]).includes ["NOT GIVEN THIS YEAR"]
make([%q(Individual Work), %q(195), %q(1), %q(5)]).includes ["AUT", "WIN", "SPR", "SUM"]
make([%q(History of Education in the United States (EDUC 201, HISTORY 158B)), %q(201), %q(3), %q(5)]).includes ["SPR"]
make([%q(The American 1960s: Thought, Protest, and Culture), %q(214), %q(5), %q(5)]).includes ["AUT"]
make([%q(Race and Racism in American Politics (CSRE 226, POLISCI 226, POLISCI 326)), %q(226), %q(5), %q(5)]).includes ["NOT GIVEN THIS YEAR"]
make([%q(Curating Experience: Representation in and beyond Museums (CSRE 226X, EDUC 226X)), %q(226X), %q(4), %q(4)]).includes ["SPR"]
make([%q(Pre-Honors Seminar), %q(240A), %q(1), %q(5)]).includes ["SPR"]
make([%q(The Visual Culture of the American Home Front, 1941-1945 (ARTHIST 244)), %q(244), %q(5), %q(5)]).includes ["NOT GIVEN THIS YEAR"]
make([%q(Senior Research), %q(250), %q(1), %q(15)]).includes ["AUT", "WIN", "SPR", "SUM"]
make([%q(Topics in Constitutional History (HISTORY 251G, POLISCI 222S)), %q(251), %q(5), %q(5)]).includes ["WIN"]
make([%q(The American Enlightenment), %q(251C), %q(5), %q(5)]).includes ["NOT GIVEN THIS YEAR"]
make([%q(Racial Identity in the American Imagination (AFRICAAM 255, CSRE 255D, HISTORY 355D)), %q(255D), %q(4), %q(5)]).includes ["NOT GIVEN THIS YEAR"]
make([%q(U.S.-China Relations: From the Opium War to Tiananmen (HISTORY 256, HISTORY 356)), %q(256), %q(4), %q(5)]).includes ["SPR"]
make([%q(Journalism and Imaginative Writing in America (COMM 278)), %q(257), %q(5), %q(5)]).includes ["NOT GIVEN THIS YEAR"]
make([%q(Topics in the History of Sexuality: Sexual Violence (CSRE 192E, FEMGEN 258, FEMGEN 358, HISTORY 258, HISTORY 358)), %q(258), %q(4), %q(5)]).includes ["WIN"]
make([%q(Geography, Time, and Trauma in Asian American Literature (ASNAMST 187)), %q(261A), %q(5), %q(5)]).includes ["NOT GIVEN THIS YEAR"]
make([%q(Mixed Race Literature in the U.S. and South Africa (AFRICAAM 261E)), %q(261E), %q(5), %q(5)]).includes ["NOT GIVEN THIS YEAR"]
make([%q(Gender and Sexuality in Asian American Literature (ASNAMST 188, FEMST 261F, FEMST 361F)), %q(261F), %q(5), %q(5)]).includes ["NOT GIVEN THIS YEAR"]
make([%q(Globalizing the American Revolution (HISTORY 262A)), %q(262A), %q(5), %q(5)]).includes ["WIN"]
make([%q(African American Poetics (AFRICAAM 262D)), %q(262D), %q(5), %q(5)]).includes ["NOT GIVEN THIS YEAR"]
make([%q(Transnational American Studies), %q(262F), %q(5), %q(5)]).includes ["NOT GIVEN THIS YEAR"]
make([%q(Writing Asian American History (ASNAMST 265, HISTORY 365)), %q(265), %q(5), %q(5)]).includes ["NOT GIVEN THIS YEAR"]
make([%q(Religion in Twentieth Century American Life (HISTORY 267)), %q(267), %q(5), %q(5)]).includes ["NOT GIVEN THIS YEAR"]
make([%q(Asian Religions in America; Asian American Religions (ASNAMST 281, RELIGST 281, RELIGST 381)), %q(281), %q(4), %q(4)]).includes ["WIN"]
