make([%q(Introduction to the Visual Arts: Prehistoric through Medieval), %q(1A), %q(5), %q(5)]).includes ["WIN"]
make([%q(Introduction to the Visual Arts: History of Western Art from the Renaissance to the Present), %q(1B), %q(5), %q(5)]).includes ["AUT"]
make([%q(Asian Arts and Cultures (JAPANGEN 60)), %q(2), %q(5), %q(5)]).includes ["NOT GIVEN THIS YEAR"]
make([%q(Introduction to World Architecture (CLASSICS 54)), %q(3), %q(5), %q(5)]).includes ["SPR"]
make([%q(Photography:  Truth or Fiction or...), %q(10SC), %q(2), %q(2)]).includes ["NOT GIVEN THIS YEAR"]
make([%q(The Portrait: Identities in Question), %q(80N), %q(3), %q(3)]).includes ["NOT GIVEN THIS YEAR"]
make([%q(Student Guides at the Cantor Center for the Visual Arts), %q(99A), %q(2), %q(2)]).includes ["WIN"]
make([%q(The Artist in Ancient Greek Society (CLASSICS 18N)), %q(100N), %q(3), %q(3)]).includes ["SPR"]
make([%q(Archaic Greek Art (CLASSICS 161)), %q(101), %q(4), %q(4)]).includes ["AUT"]
make([%q(Empire and Aftermath: Greek Art from the Parthenon to Scopas (ARTHIST 302, CLASSICS 162)), %q(102), %q(4), %q(4)]).includes ["WIN"]
make([%q(Art & Architecture in the Medieval Mediterranean (ARTHIST 305, CLASSICS 172)), %q(105), %q(4), %q(4)]).includes ["NOT GIVEN THIS YEAR"]
make([%q(Medieval Journeys: Introduction through the Art and Architecture (DLCL 123)), %q(105B), %q(3), %q(5)]).includes ["SPR"]
make([%q(Byzantine Art and Architecture, 300-1453 C.E. (ARTHIST 306, CLASSICS 171)), %q(106), %q(4), %q(4)]).includes ["NOT GIVEN THIS YEAR"]
make([%q(What Do Medieval Images Want? Theories of the Image in Byzantium, Islam, and the Latin West (ARTHIST 306B)), %q(106B), %q(4), %q(4)]).includes ["NOT GIVEN THIS YEAR"]
make([%q(St. Petersburg, a Cultural Biography: Architecture, Urban Planning, the Arts), %q(107A), %q(4), %q(4)]).includes ["NOT GIVEN THIS YEAR"]
make([%q(Virginity and Power: Mary in the Middle Ages (ARTHIST 308)), %q(108), %q(4), %q(4)]).includes ["NOT GIVEN THIS YEAR"]
make([%q(The Book in the Medieval World (ARTHIST 309)), %q(109), %q(4), %q(4)]).includes ["WIN"]
make([%q(Means, Media and Mode: An Introduction to Western Medieval Art (ARTHIST 309D)), %q(109D), %q(4), %q(4)]).includes ["NOT GIVEN THIS YEAR"]
make([%q(Introduction to Italian Renaissance, 1420-1580 (ARTHIST 311)), %q(111), %q(4), %q(4)]).includes ["AUT"]
make([%q(Mystical Naturalism: Van Eyck, Dürer, and the Northern Renaissance (ARTHIST 314)), %q(114), %q(4), %q(4)]).includes ["NOT GIVEN THIS YEAR"]
make([%q(Picturing the Papacy, 1300-1850 (ARTHIST 317)), %q(117), %q(4), %q(4)]).includes ["NOT GIVEN THIS YEAR"]
make([%q(Titian, Veronese, Tintoretto (ARTHIST 318)), %q(118), %q(4), %q(4)]).includes ["NOT GIVEN THIS YEAR"]
make([%q(Pagan Mythology and the Making of Modern Europe), %q(118N), %q(3), %q(3)]).includes ["SPR"]
make([%q(Living in a Material World: Seventeenth-century Dutch and Flemish Painting (ARTHIST 320)), %q(120), %q(4), %q(4)]).includes ["WIN"]
make([%q(18th-Century Art in Europe, ca 1660-1780 (ARTHIST 321)), %q(121), %q(4), %q(4)]).includes ["NOT GIVEN THIS YEAR"]
make([%q(The Age of Revolution: Painting in Europe 1780-1830 (ARTHIST 322)), %q(122), %q(4), %q(4)]).includes ["NOT GIVEN THIS YEAR"]
make([%q(Thinking about Visual Attention : from Balzac to Facebook), %q(123N), %q(3), %q(3)]).includes ["NOT GIVEN THIS YEAR"]
make([%q(The Age of Naturalism, Painting in Europe1830-1874 (ARTHIST 324)), %q(124), %q(4), %q(4)]).includes ["NOT GIVEN THIS YEAR"]
make([%q(Post-Naturalist Painting (ARTHIST 326)), %q(126), %q(4), %q(4)]).includes ["NOT GIVEN THIS YEAR"]
make([%q(African Art and Politics, c. 1900 - Present (AFRICAST 127)), %q(127A), %q(4), %q(4)]).includes ["NOT GIVEN THIS YEAR"]
make([%q(American Art and Culture, 1528-1910 (AMSTUD 132, ARTHIST 332)), %q(132), %q(4), %q(4)]).includes ["NOT GIVEN THIS YEAR"]
make([%q(Couture Culture: Fashion, Art & Modernism from Manet to Mondrian), %q(140N), %q(3), %q(4)]).includes ["NOT GIVEN THIS YEAR"]
make([%q(Architecture Since 1900 (CEE 32G)), %q(142), %q(4), %q(4)]).includes ["AUT"]
make([%q(Home Alone: Houses that Artists and Thinkers Design for Themselves (ARTHIST 342A)), %q(142A), %q(4), %q(4)]).includes ["NOT GIVEN THIS YEAR"]
make([%q(American Architecture (ARTHIST 343A)), %q(143A), %q(4), %q(4)]).includes ["NOT GIVEN THIS YEAR"]
make([%q(On Looking: Art, Obscenity, and the Ethics of Spectatorship), %q(144), %q(4), %q(4)]).includes ["AUT"]
make([%q(Culture Wars: Art and Social Conflict in the USA, 1890-1950 (AMSTUD 145M, ARTHIST 345, FEMGEN 145)), %q(145), %q(4), %q(4)]).includes ["NOT GIVEN THIS YEAR"]
make([%q(What is Contemporary Art, and Where Did it Come From?), %q(146X), %q(3), %q(3)]).includes ["SUM"]
make([%q(MODERNISM AND MODERNITY (ARTHIST 347)), %q(147), %q(4), %q(4)]).includes ["SPR"]
make([%q(Art and the First Amendment: Testing the Limits of Expression (SIW 148)), %q(148), %q(5), %q(5)]).includes ["NOT GIVEN THIS YEAR"]
make([%q(Art After the A-bomb: American and European Art, 1945-1989), %q(149S), %q(4), %q(4)]).includes ["NOT GIVEN THIS YEAR"]
make([%q(The American West (AMSTUD 124A, ENGLISH 124, HISTORY 151, POLISCI 124A)), %q(152), %q(5), %q(5)]).includes ["SPR"]
make([%q(The American Civil War: A Visual History (AMSTUD 154X, ARTHIST 354)), %q(154), %q(4), %q(4)]).includes ["WIN"]
make([%q(Abstract Expressionism: Painting/Modern/America), %q(155C), %q(4), %q(4)]).includes ["SPR"]
make([%q(American and European Art, 1945-1968 (ARTHIST 356)), %q(156), %q(4), %q(4)]).includes ["NOT GIVEN THIS YEAR"]
make([%q(Art and the Power of Place: Site, Location, Environment), %q(156N), %q(3), %q(3)]).includes ["WIN"]
make([%q(Histories of Photography (ARTHIST 357A)), %q(157A), %q(4), %q(4)]).includes ["NOT GIVEN THIS YEAR"]
make([%q(American Photographs, 1839-1971:  A Cultural History (AMSTUD 159X, ARTHIST 359)), %q(159), %q(4), %q(4)]).includes ["NOT GIVEN THIS YEAR"]
make([%q(Intro to Contemporary Art), %q(160), %q(4), %q(4)]).includes ["AUT"]
make([%q(Race, Gender, and Sexuality in Contemporary Art (ARTHIST 362)), %q(162), %q(4), %q(4)]).includes ["NOT GIVEN THIS YEAR"]
make([%q(Technology and the Visual Imagination (ARTHIST 364A, FILMSTUD 164A, FILMSTUD 364A)), %q(164A), %q(4), %q(4)]).includes ["WIN"]
make([%q(Fashion Shows: From Lady Godiva to Lady Gaga (ARTHIST 365A, FILMSTUD 165A, FILMSTUD 365A)), %q(165A), %q(4), %q(4)]).includes ["NOT GIVEN THIS YEAR"]
make([%q(Representing Fashion), %q(166), %q(4), %q(4)]).includes ["SPR"]
make([%q(Beyond the Fuzzy-Techie Divide: Art, Science, Technology (ARTHIST 367, FILMSTUD 167B, FILMSTUD 367B)), %q(167), %q(4), %q(4)]).includes ["NOT GIVEN THIS YEAR"]
make([%q(Issues in Contemporary Art (ARTHIST 373)), %q(173), %q(4), %q(4)]).includes ["NOT GIVEN THIS YEAR"]
make([%q(Feminism and Contemporary Art (ARTHIST 376)), %q(176), %q(4), %q(4)]).includes ["NOT GIVEN THIS YEAR"]
make([%q(Ethnicity and Dissent in United States Art and Literature (AMSTUD 178, ARTHIST 378)), %q(178), %q(4), %q(4)]).includes ["NOT GIVEN THIS YEAR"]
make([%q(Aristocrats, Warriors, Sex Workers, and Barbarians: Lived Life in Early Modern Japanese Painting (ARTHIST 384, JAPANGEN 184, JAPANGEN 384)), %q(184), %q(4), %q(4)]).includes ["WIN"]
make([%q(Theme and Style in Japanese Art (ARTHIST 386, JAPANGEN 186, JAPANGEN 286)), %q(186), %q(4), %q(4)]).includes ["AUT"]
make([%q(Arts of War and Peace: Late Medieval and Early Modern Japan, 1500-1868 (ARTHIST 387, JAPANGEN 185)), %q(187), %q(4), %q(4)]).includes ["NOT GIVEN THIS YEAR"]
make([%q(The History of Modern and Contemporary Japanese and Chinese Architecture and Urbanism (ARTHIST 388A)), %q(188A), %q(4), %q(4)]).includes ["NOT GIVEN THIS YEAR"]
make([%q(From Shanghai Modern to Global Contemporary: Frontiers of Modern Chinese Art), %q(188B), %q(4), %q(4)]).includes ["WIN"]
make([%q(Global  Currents: Early Modern Art Enterprises, Economies, and Imaginaries (ARTHIST 389C)), %q(189C), %q(4), %q(4)]).includes ["SPR"]
make([%q(Art of the African Diaspora), %q(192B), %q(4), %q(4)]).includes ["WIN"]
make([%q(The Artist in Ancient Greek Society (ARTHIST 400M)), %q(200M), %q(4), %q(5)]).includes ["NOT GIVEN THIS YEAR"]
make([%q(Greek Art In and Out of Context (CLASSICS 163)), %q(203), %q(4), %q(5)]).includes ["AUT"]
make([%q(Cairo and Istanbul: Urban Space, Memory, Protest), %q(205), %q(5), %q(5)]).includes ["AUT"]
make([%q(Islamic Painting: Landscape, Body, Power), %q(205A), %q(5), %q(5)]).includes ["NOT GIVEN THIS YEAR"]
make([%q(Women and the Book: Scribes, Artists, and Readers from Late Antiquity through the Fourteenth Century (FEMGEN 216, HISTORY 216, HISTORY 316)), %q(206H), %q(4), %q(5)]).includes ["WIN"]
make([%q(Phenomenology and Aesthetics in Medieval Art), %q(207C), %q(5), %q(5)]).includes ["WIN"]
make([%q(Hagia Sophia (CLASSICS 173)), %q(208), %q(5), %q(5)]).includes ["NOT GIVEN THIS YEAR"]
make([%q(The Art of Medieval Spain: Muslims, Christians, Jews), %q(208B), %q(5), %q(5)]).includes ["NOT GIVEN THIS YEAR"]
make([%q(Architecture, Acoustics and Ritual in Byzantium (ARTHIST 408C, CLASSICS 175, MUSIC 208C, MUSIC 408C, REES 208C, REES 408C, RELIGST 208C, RELIGST 308C)), %q(208C), %q(1), %q(3)]).includes ["NOT GIVEN THIS YEAR"]
make([%q(Art and Religious Experience in Byzantium and Islam (ARTHIST 309, CLASSICS 174)), %q(209), %q(5), %q(5)]).includes ["NOT GIVEN THIS YEAR"]
make([%q(Renaissance Florence, 1440-1540), %q(212), %q(5), %q(5)]).includes ["SPR"]
make([%q(Renaissance Print Culture: Art in the Cantor Arts Center), %q(213), %q(5), %q(5)]).includes ["NOT GIVEN THIS YEAR"]
make([%q(From the Pantheon to the Capitol: Architecture, Cosmology, Mathematics and Illusion (SIW 214)), %q(214), %q(5), %q(5)]).includes ["WIN"]
make([%q(Architectural Theory from Antiquity to Le Corbusier (ARTHIST 417B)), %q(217B), %q(5), %q(5)]).includes ["AUT"]
make([%q(Cezanne), %q(225), %q(5), %q(5)]).includes ["SPR"]
make([%q(Topophilia:  Place in Japanese Visual Culture through 19th Century (JAPANGEN 229)), %q(229D), %q(5), %q(5)]).includes ["NOT GIVEN THIS YEAR"]
make([%q(The Visual Culture of American Travel), %q(243C), %q(5), %q(5)]).includes ["WIN"]
make([%q(The Visual Culture of the American Home Front, 1941-1945 (AMSTUD 244)), %q(244), %q(5), %q(5)]).includes ["NOT GIVEN THIS YEAR"]
make([%q(Art, Business & the Law), %q(245), %q(5), %q(5)]).includes ["NOT GIVEN THIS YEAR"]
make([%q(California Dreaming: West Coast Art and Visual Culture, 1848 - present), %q(246A), %q(5), %q(5)]).includes ["NOT GIVEN THIS YEAR"]
make([%q(Pop Art), %q(246B), %q(5), %q(5)]).includes ["SPR"]
make([%q(Architecture, Urbanism, and Visual Culture in Early Modern Rome), %q(248B), %q(5), %q(5)]).includes ["NOT GIVEN THIS YEAR"]
make([%q(Hidden Histories: Art and Misrepresentation), %q(255), %q(5), %q(5)]).includes ["NOT GIVEN THIS YEAR"]
make([%q(Office of Metropolitan Architecture: Workshop of the New (CEE 132Q)), %q(262), %q(4), %q(5)]).includes ["NOT GIVEN THIS YEAR"]
make([%q(The View through the Windshield: Cars and the American Landscape), %q(263B), %q(4), %q(4)]).includes ["NOT GIVEN THIS YEAR"]
make([%q(Picturing the Cosmos), %q(264A), %q(5), %q(5)]).includes ["NOT GIVEN THIS YEAR"]
make([%q(Art and Technology (STS 200I)), %q(269A), %q(5), %q(5)]).includes ["SPR"]
make([%q(Anatomy of Exhibition), %q(278), %q(5), %q(5)]).includes ["WIN"]
make([%q(Pictures of the Floating World: Images from Japanese Popular Culture (ARTHIST 487X, JAPANLIT 287)), %q(287), %q(5), %q(5)]).includes ["NOT GIVEN THIS YEAR"]
make([%q(The Japanese Tea Ceremony: The History, Aesthetics, and Politics Behind a National Pastime (JAPANGEN 287A)), %q(287A), %q(5), %q(5)]).includes ["WIN"]
make([%q(The Enduring Passion for Ink: Contemporary Chinese Ink Painting), %q(288B), %q(5), %q(5)]).includes ["NOT GIVEN THIS YEAR"]
make([%q(Making the Masterpiece in Song Dynasty China (ARTHIST 489A)), %q(289A), %q(5), %q(5)]).includes ["WIN"]
make([%q(Writing and the Visual), %q(294), %q(5), %q(5)]).includes ["AUT"]
make([%q(Visual Arts Internship), %q(295), %q(1), %q(5)]).includes ["AUT", "WIN", "SPR", "SUM"]
make([%q(Junior Seminar: Methods & Historiography of Art History), %q(296), %q(5), %q(5)]).includes ["AUT"]
make([%q(Honors Thesis Writing), %q(297), %q(1), %q(5)]).includes ["AUT", "WIN", "SPR"]
make([%q(Individual Work: Art History), %q(298), %q(1), %q(15)]).includes ["AUT", "WIN", "SPR"]
make([%q(Empire and Aftermath: Greek Art from the Parthenon to Scopas (ARTHIST 102, CLASSICS 162)), %q(302), %q(4), %q(4)]).includes ["WIN"]
make([%q(Art & Architecture in the Medieval Mediterranean (ARTHIST 105, CLASSICS 172)), %q(305), %q(4), %q(4)]).includes ["NOT GIVEN THIS YEAR"]
make([%q(Byzantine Art and Architecture, 300-1453 C.E. (ARTHIST 106, CLASSICS 171)), %q(306), %q(4), %q(4)]).includes ["NOT GIVEN THIS YEAR"]
make([%q(What Do Medieval Images Want? Theories of the Image in Byzantium, Islam, and the Latin West (ARTHIST 106B)), %q(306B), %q(4), %q(4)]).includes ["NOT GIVEN THIS YEAR"]
make([%q(Virginity and Power: Mary in the Middle Ages (ARTHIST 108)), %q(308), %q(4), %q(4)]).includes ["NOT GIVEN THIS YEAR"]
make([%q(The Book in the Medieval World (ARTHIST 109)), %q(309), %q(4), %q(4)]).includes ["WIN"]
make([%q(Art and Religious Experience in Byzantium and Islam (ARTHIST 209, CLASSICS 174)), %q(309), %q(5), %q(5)]).includes ["NOT GIVEN THIS YEAR"]
make([%q(Means, Media and Mode: An Introduction to Western Medieval Art (ARTHIST 109D)), %q(309D), %q(4), %q(4)]).includes ["NOT GIVEN THIS YEAR"]
make([%q(Introduction to Italian Renaissance, 1420-1580 (ARTHIST 111)), %q(311), %q(4), %q(4)]).includes ["AUT"]
make([%q(Mystical Naturalism: Van Eyck, Dürer, and the Northern Renaissance (ARTHIST 114)), %q(314), %q(4), %q(4)]).includes ["NOT GIVEN THIS YEAR"]
make([%q(Picturing the Papacy, 1300-1850 (ARTHIST 117)), %q(317), %q(4), %q(4)]).includes ["NOT GIVEN THIS YEAR"]
make([%q(Titian, Veronese, Tintoretto (ARTHIST 118)), %q(318), %q(4), %q(4)]).includes ["NOT GIVEN THIS YEAR"]
make([%q(Living in a Material World: Seventeenth-century Dutch and Flemish Painting (ARTHIST 120)), %q(320), %q(4), %q(4)]).includes ["WIN"]
make([%q(18th-Century Art in Europe, ca 1660-1780 (ARTHIST 121)), %q(321), %q(4), %q(4)]).includes ["NOT GIVEN THIS YEAR"]
make([%q(The Age of Revolution: Painting in Europe 1780-1830 (ARTHIST 122)), %q(322), %q(4), %q(4)]).includes ["NOT GIVEN THIS YEAR"]
make([%q(The Age of Naturalism, Painting in Europe1830-1874 (ARTHIST 124)), %q(324), %q(4), %q(4)]).includes ["NOT GIVEN THIS YEAR"]
make([%q(Post-Naturalist Painting (ARTHIST 126)), %q(326), %q(4), %q(4)]).includes ["NOT GIVEN THIS YEAR"]
make([%q(American Art and Culture, 1528-1910 (AMSTUD 132, ARTHIST 132)), %q(332), %q(4), %q(4)]).includes ["NOT GIVEN THIS YEAR"]
make([%q(Home Alone: Houses that Artists and Thinkers Design for Themselves (ARTHIST 142A)), %q(342A), %q(4), %q(4)]).includes ["NOT GIVEN THIS YEAR"]
make([%q(American Architecture (ARTHIST 143A)), %q(343A), %q(4), %q(4)]).includes ["NOT GIVEN THIS YEAR"]
make([%q(Culture Wars: Art and Social Conflict in the USA, 1890-1950 (AMSTUD 145M, ARTHIST 145, FEMGEN 145)), %q(345), %q(4), %q(4)]).includes ["NOT GIVEN THIS YEAR"]
make([%q(MODERNISM AND MODERNITY (ARTHIST 147)), %q(347), %q(4), %q(4)]).includes ["SPR"]
make([%q(The American Civil War: A Visual History (AMSTUD 154X, ARTHIST 154)), %q(354), %q(4), %q(4)]).includes ["WIN"]
make([%q(American and European Art, 1945-1968 (ARTHIST 156)), %q(356), %q(4), %q(4)]).includes ["NOT GIVEN THIS YEAR"]
make([%q(Histories of Photography (ARTHIST 157A)), %q(357A), %q(4), %q(4)]).includes ["NOT GIVEN THIS YEAR"]
make([%q(American Photographs, 1839-1971:  A Cultural History (AMSTUD 159X, ARTHIST 159)), %q(359), %q(4), %q(4)]).includes ["NOT GIVEN THIS YEAR"]
make([%q(Race, Gender, and Sexuality in Contemporary Art (ARTHIST 162)), %q(362), %q(4), %q(4)]).includes ["NOT GIVEN THIS YEAR"]
make([%q(Technology and the Visual Imagination (ARTHIST 164A, FILMSTUD 164A, FILMSTUD 364A)), %q(364A), %q(4), %q(4)]).includes ["WIN"]
make([%q(Fashion Shows: From Lady Godiva to Lady Gaga (ARTHIST 165A, FILMSTUD 165A, FILMSTUD 365A)), %q(365A), %q(4), %q(4)]).includes ["NOT GIVEN THIS YEAR"]
make([%q(Beyond the Fuzzy-Techie Divide: Art, Science, Technology (ARTHIST 167, FILMSTUD 167B, FILMSTUD 367B)), %q(367), %q(4), %q(4)]).includes ["NOT GIVEN THIS YEAR"]
make([%q(Issues in Contemporary Art (ARTHIST 173)), %q(373), %q(4), %q(4)]).includes ["NOT GIVEN THIS YEAR"]
make([%q(Feminism and Contemporary Art (ARTHIST 176)), %q(376), %q(4), %q(4)]).includes ["NOT GIVEN THIS YEAR"]
make([%q(Ethnicity and Dissent in United States Art and Literature (AMSTUD 178, ARTHIST 178)), %q(378), %q(4), %q(4)]).includes ["NOT GIVEN THIS YEAR"]
make([%q(Aristocrats, Warriors, Sex Workers, and Barbarians: Lived Life in Early Modern Japanese Painting (ARTHIST 184, JAPANGEN 184, JAPANGEN 384)), %q(384), %q(4), %q(4)]).includes ["WIN"]
make([%q(Theme and Style in Japanese Art (ARTHIST 186, JAPANGEN 186, JAPANGEN 286)), %q(386), %q(4), %q(4)]).includes ["AUT"]
make([%q(Arts of War and Peace: Late Medieval and Early Modern Japan, 1500-1868 (ARTHIST 187, JAPANGEN 185)), %q(387), %q(4), %q(4)]).includes ["NOT GIVEN THIS YEAR"]
make([%q(The History of Modern and Contemporary Japanese and Chinese Architecture and Urbanism (ARTHIST 188A)), %q(388A), %q(4), %q(4)]).includes ["NOT GIVEN THIS YEAR"]
make([%q(Global  Currents: Early Modern Art Enterprises, Economies, and Imaginaries (ARTHIST 189C)), %q(389C), %q(4), %q(4)]).includes ["SPR"]
make([%q(The Artist in Ancient Greek Society (ARTHIST 200M)), %q(400M), %q(4), %q(5)]).includes ["NOT GIVEN THIS YEAR"]
make([%q(Art, Ekphrasis, and Music in Byzantium and Islam (CLASSICS 376)), %q(405), %q(5), %q(5)]).includes ["NOT GIVEN THIS YEAR"]
make([%q(Graduate Pedagogy Course), %q(405A), %q(2), %q(2)]).includes ["SPR"]
make([%q(Architecture, Acoustics and Ritual in Byzantium (ARTHIST 208C, CLASSICS 175, MUSIC 208C, MUSIC 408C, REES 208C, REES 408C, RELIGST 208C, RELIGST 308C)), %q(408C), %q(1), %q(3)]).includes ["NOT GIVEN THIS YEAR"]
make([%q(Iconoclasm), %q(409), %q(5), %q(5)]).includes ["SPR"]
make([%q(Animation, Performance, Presence in Medieval Art (CLASSICS 377)), %q(411), %q(5), %q(5)]).includes ["NOT GIVEN THIS YEAR"]
make([%q(Michelangelo), %q(413), %q(5), %q(5)]).includes ["NOT GIVEN THIS YEAR"]
make([%q(Baroque: 1900-2000), %q(415), %q(5), %q(5)]).includes ["WIN"]
make([%q(Bernini), %q(416), %q(5), %q(5)]).includes ["AUT"]
make([%q(Architectural Theory from Antiquity to Le Corbusier (ARTHIST 217B)), %q(417B), %q(5), %q(5)]).includes ["AUT"]
make([%q(Reception and Literacy in Roman Art (CLASSICS 373)), %q(422), %q(5), %q(5)]).includes ["SPR"]
make([%q(The Material Imagination), %q(423), %q(5), %q(5)]).includes ["NOT GIVEN THIS YEAR"]
make([%q(NARRATIVE THEORY & VISUAL FORM), %q(426), %q(5), %q(5)]).includes ["NOT GIVEN THIS YEAR"]
make([%q(Rethinking American Art), %q(432), %q(5), %q(5)]).includes ["NOT GIVEN THIS YEAR"]
make([%q(The Art Market), %q(440A), %q(5), %q(5)]).includes ["NOT GIVEN THIS YEAR"]
make([%q(Looking at Violence), %q(442), %q(5), %q(5)]).includes ["NOT GIVEN THIS YEAR"]
make([%q(What's not American about American Art?), %q(445), %q(5), %q(5)]).includes ["NOT GIVEN THIS YEAR"]
make([%q(Piet Mondrian:  Art, History and Historiography), %q(447), %q(5), %q(5)]).includes ["NOT GIVEN THIS YEAR"]
make([%q(Reading Walter Benjamin), %q(453), %q(5), %q(5)]).includes ["NOT GIVEN THIS YEAR"]
make([%q(The Image in Question : French theory after Foucault), %q(454), %q(5), %q(5)]).includes ["SPR"]
make([%q(Abstract Expressionism), %q(457), %q(5), %q(5)]).includes ["AUT"]
make([%q(Warhol and After), %q(458), %q(5), %q(5)]).includes ["NOT GIVEN THIS YEAR"]
make([%q(The American Civil War:  An Experiential History), %q(461), %q(5), %q(5)]).includes ["NOT GIVEN THIS YEAR"]
make([%q(The Sense of Place in American Art), %q(462), %q(5), %q(5)]).includes ["AUT"]
make([%q(Grad Seminar: American - Ekphrasis), %q(463), %q(5), %q(5)]).includes ["NOT GIVEN THIS YEAR"]
make([%q(Media Technology Theory (COMM 384)), %q(465), %q(3), %q(5)]).includes ["NOT GIVEN THIS YEAR"]
make([%q(Globalization and the Visual Arts), %q(470), %q(5), %q(5)]).includes ["NOT GIVEN THIS YEAR"]
make([%q(Mellon Curating Course), %q(472), %q(5), %q(5)]).includes ["SPR"]
make([%q(Problems in the History of Collecting, Circulation and Display), %q(478), %q(5), %q(5)]).includes ["WIN"]
make([%q(The Situation of the Artist in Traditional Japan (JAPANGEN 220)), %q(485), %q(5), %q(5)]).includes ["NOT GIVEN THIS YEAR"]
make([%q(Exhibiting East Asian Art), %q(485A), %q(1), %q(5)]).includes ["NOT GIVEN THIS YEAR"]
make([%q(Pictures of the Floating World: Images from Japanese Popular Culture (ARTHIST 287, JAPANLIT 287)), %q(487X), %q(5), %q(5)]).includes ["NOT GIVEN THIS YEAR"]
make([%q(Connoisseurship Studies of Chinese Painting, Calligraphy, and Seals), %q(489), %q(5), %q(5)]).includes ["NOT GIVEN THIS YEAR"]
make([%q(Making the Masterpiece in Song Dynasty China (ARTHIST 289A)), %q(489A), %q(5), %q(5)]).includes ["WIN"]
make([%q(Curatorial Activism in the Arts of Africa), %q(490), %q(5), %q(5)]).includes ["NOT GIVEN THIS YEAR"]
make([%q(Methods and Issues in Visual Studies), %q(502), %q(5), %q(5)]).includes ["AUT"]
make([%q(Art History Bibliography and Library Methods), %q(600), %q(1), %q(1)]).includes ["AUT"]
make([%q(Teaching Praxis), %q(610), %q(1), %q(5)]).includes ["AUT", "WIN", "SPR"]
make([%q(Area Core Examination Preparation), %q(620), %q(5), %q(5)]).includes ["AUT", "WIN", "SPR", "SUM"]
make([%q(Dissertation Proposal Preparation), %q(640), %q(5), %q(5)]).includes ["AUT", "WIN", "SPR", "SUM"]
make([%q(Dissertation Research), %q(650), %q(5), %q(5)]).includes ["AUT", "WIN", "SPR", "SUM"]
make([%q(Independent Study), %q(660), %q(1), %q(15)]).includes ["AUT", "WIN", "SPR", "SUM"]
make([%q(Extended Seminar), %q(660E), %q(4), %q(4)]).includes ["AUT", "WIN", "SPR"]
make([%q(Dissertation Seminar), %q(670), %q(3), %q(5)]).includes ["NOT GIVEN THIS YEAR"]
make([%q(TGR Dissertation), %q(802), %q(0), %q(0)]).includes ["AUT", "WIN", "SPR", "SUM"]
