make([%q(READING BIBLICAL HEBREW, FIRST QUARTER), %q(51A), %q(2), %q(2)]).includes ["NOT GIVEN THIS YEAR"]
make([%q(UNDERGRADUATE DIRECTED READING), %q(99), %q(1), %q(3)]).includes ["SPR"]
make([%q(BEGINNING AMHARIC, FIRST QUARTER), %q(100A), %q(4), %q(4)]).includes ["AUT"]
make([%q(FIRST-YEAR AMHARIC, SECOND QUARTER), %q(100B), %q(4), %q(4)]).includes ["WIN"]
make([%q(FIRST-YEAR AMHARIC, THIRD QUARTER), %q(100C), %q(4), %q(4)]).includes ["SPR"]
make([%q(FIRST-YEAR HAUSA, FIRST QUARTER), %q(103A), %q(4), %q(4)]).includes ["NOT GIVEN THIS YEAR"]
make([%q(FIRST-YEAR HAUSA, SECOND QUARTER), %q(103B), %q(4), %q(4)]).includes ["NOT GIVEN THIS YEAR"]
make([%q(FIRST-YEAR HAUSA, THIRD QUARTER), %q(103C), %q(4), %q(4)]).includes ["NOT GIVEN THIS YEAR"]
make([%q(FIRST-YEAR SWAHILI, FIRST QUARTER), %q(106A), %q(5), %q(5)]).includes ["AUT", "SPR"]
make([%q(FIRST-YEAR SWAHILI, SECOND QUARTER), %q(106B), %q(5), %q(5)]).includes ["AUT", "WIN"]
make([%q(FIRST-YEAR SWAHILI, THIRD QUARTER), %q(106C), %q(5), %q(5)]).includes ["WIN", "SPR"]
make([%q(SECOND-YEAR SWAHILI, FIRST QUARTER), %q(107A), %q(5), %q(5)]).includes ["AUT", "SPR"]
make([%q(SECOND-YEAR SWAHILI, SECOND QUARTER), %q(107B), %q(5), %q(5)]).includes ["WIN"]
make([%q(SECOND-YEAR SWAHILI, THIRD QUARTER), %q(107C), %q(5), %q(5)]).includes ["SPR"]
make([%q(THIRD-YEAR SWAHILI, FIRST QUARTER), %q(108A), %q(4), %q(4)]).includes ["AUT"]
make([%q(THIRD-YEAR SWAHILI, SECOND QUARTER), %q(108B), %q(4), %q(4)]).includes ["WIN"]
make([%q(THIRD-YEAR SWAHILI, THIRD QUARTER), %q(108C), %q(4), %q(4)]).includes ["SPR"]
make([%q(FIRST-YEAR WOLOF, FIRST QUARTER), %q(110A), %q(3), %q(3)]).includes ["NOT GIVEN THIS YEAR"]
make([%q(BEGINNING AFRIKAANS, FIRST QUARTER), %q(114A), %q(4), %q(4)]).includes ["WIN"]
make([%q(BEGINNING AFRIKAANS, SECOND QUARTER), %q(114B), %q(4), %q(4)]).includes ["SPR"]
make([%q(REFLECTION ON THE OTHER: THE JEW IN ARABIC LITERATURE, THE ARAB IN HEBREW LITERATURE (COMPLIT 145, JEWISHST 106)), %q(126), %q(4), %q(4)]).includes ["AUT"]
make([%q(FIRST-YEAR HEBREW, FIRST QUARTER (JEWISHST 101A)), %q(128A), %q(5), %q(5)]).includes ["AUT"]
make([%q(FIRST-YEAR HEBREW, SECOND QUARTER (JEWISHST 101B)), %q(128B), %q(5), %q(5)]).includes ["WIN"]
make([%q(FIRST-YEAR HEBREW, THIRD QUARTER (JEWISHST 101C)), %q(128C), %q(5), %q(5)]).includes ["SPR"]
make([%q(SECOND-YEAR HEBREW, FIRST QUARTER (JEWISHST 102A)), %q(129A), %q(4), %q(4)]).includes ["AUT"]
make([%q(SECOND-YEAR HEBREW, SECOND QUARTER (JEWISHST 102B)), %q(129B), %q(4), %q(4)]).includes ["WIN"]
make([%q(SECOND-YEAR HEBREW, THIRD QUARTER (JEWISHST 102C)), %q(129C), %q(4), %q(4)]).includes ["SPR"]
make([%q(HEBREW FORUM (JEWISHST 104)), %q(131A), %q(2), %q(4)]).includes ["AUT"]
make([%q(HEBREW FORUM (JEWISHST 105)), %q(131B), %q(2), %q(4)]).includes ["NOT GIVEN THIS YEAR"]
make([%q(THE AFRICAN FORUM, SECOND QUARTER), %q(133B), %q(1), %q(1)]).includes ["NOT GIVEN THIS YEAR"]
make([%q(THE AFRICAN FORUM, THIRD QUARTER), %q(133C), %q(1), %q(1)]).includes ["NOT GIVEN THIS YEAR"]
make([%q(FIRST-YEAR IGBO, FIRST QUARTER), %q(134A), %q(4), %q(4)]).includes ["AUT"]
make([%q(FIRST-YEAR IGBO, SECOND QUARTER), %q(134B), %q(4), %q(4)]).includes ["WIN"]
make([%q(FIRST-YEAR IGBO, THIRD QUARTER), %q(134C), %q(4), %q(4)]).includes ["SPR"]
make([%q(SECOND-YEAR IGBO, FIRST QUARTER), %q(135A), %q(4), %q(4)]).includes ["NOT GIVEN THIS YEAR"]
make([%q(FIRST-YEAR XHOSA, FIRST QUARTER), %q(136A), %q(4), %q(4)]).includes ["AUT"]
make([%q(FIRST-YEAR XHOSA, SECOND QUARTER), %q(136B), %q(4), %q(4)]).includes ["WIN"]
make([%q(FIRST-YEAR XHOSA, THIRD QUARTER), %q(136C), %q(4), %q(4)]).includes ["SPR"]
make([%q(SECOND-YEAR XHOSA, FIRST QUARTER), %q(137A), %q(4), %q(4)]).includes ["AUT"]
make([%q(SECOND-YEAR XHOSA, SECOND QUARTER), %q(137B), %q(4), %q(4)]).includes ["WIN"]
make([%q(SECOND-YEAR XHOSA, THIRD QUARTER), %q(137C), %q(4), %q(4)]).includes ["SPR"]
make([%q(FIRST-YEAR YIDDISH, FIRST QUARTER (JEWISHST 104A)), %q(140A), %q(4), %q(4)]).includes ["AUT"]
make([%q(FIRST-YEAR YIDDISH, SECOND QUARTER (JEWISHST 104B)), %q(140B), %q(4), %q(4)]).includes ["WIN"]
make([%q(FIRST-YEAR YIDDISH, THIRD QUARTER (JEWISHST 104C)), %q(140C), %q(4), %q(4)]).includes ["SPR"]
make([%q(FIRST-YEAR MODERN PERSIAN, FIRST QUARTER), %q(144A), %q(5), %q(5)]).includes ["AUT"]
make([%q(FIRST-YEAR MODERN PERSIAN, SECOND QUARTER), %q(144B), %q(5), %q(5)]).includes ["WIN"]
make([%q(FIRST-YEAR MODERN PERSIAN, THIRD QUARTER), %q(144C), %q(5), %q(5)]).includes ["SPR"]
make([%q(SECOND-YEAR MODERN PERSIAN, FIRST QUARTER), %q(145A), %q(5), %q(5)]).includes ["AUT"]
make([%q(SECOND-YEAR MODERN PERSIAN, SECOND QUARTER), %q(145B), %q(5), %q(5)]).includes ["WIN"]
make([%q(SECOND-YEAR MODERN PERSIAN ,THIRD QUARTER), %q(145C), %q(5), %q(5)]).includes ["SPR"]
make([%q(THIRD-YEAR PERSIAN, FIRST QUARTER), %q(146A), %q(4), %q(4)]).includes ["AUT"]
make([%q(THIRD-YEAR PERSIAN, SECOND QUARTER), %q(146B), %q(4), %q(4)]).includes ["WIN"]
make([%q(THIRD-YEAR PERSIAN, THIRD QUARTER), %q(146C), %q(4), %q(4)]).includes ["SPR"]
make([%q(INTRODUCTION TO TWI), %q(153), %q(1), %q(1)]).includes ["SPR"]
make([%q(FIRST-YEAR TWI, FIRST QUARTER), %q(153A), %q(4), %q(4)]).includes ["AUT", "SPR"]
make([%q(FIRST-YEAR TWI, SECOND QUARTER), %q(153B), %q(4), %q(4)]).includes ["WIN"]
make([%q(FIRST-YEAR BEGINNING TWI, THIRD QUARTER), %q(153C), %q(4), %q(4)]).includes ["SPR"]
make([%q(SECOND-YEAR TWI, FIRST QUARTER), %q(154A), %q(4), %q(4)]).includes ["NOT GIVEN THIS YEAR"]
make([%q(SECOND-YEAR TWI, SECOND QUARTER), %q(154B), %q(4), %q(4)]).includes ["NOT GIVEN THIS YEAR"]
make([%q(SECOND-YEAR TWI, THIRD QUARTER), %q(154C), %q(4), %q(4)]).includes ["AUT"]
make([%q(FIRST-YEAR ZULU, FIRST QUARTER), %q(156A), %q(4), %q(4)]).includes ["AUT"]
make([%q(FIRST-YEAR ZULU, SECOND QUARTER), %q(156B), %q(4), %q(4)]).includes ["WIN"]
make([%q(FIRST-YEAR ZULU, THIRD QUARTER), %q(156C), %q(4), %q(4)]).includes ["SPR"]
make([%q(SECONT-YEAR ZULU, FIRST QUARTER), %q(157A), %q(4), %q(4)]).includes ["AUT"]
make([%q(SECOND-YEAR ZULU, SECOND QUARTER), %q(157B), %q(4), %q(4)]).includes ["WIN"]
make([%q(SECOND-YEAR ZULU, THIRD QUARTER), %q(157C), %q(4), %q(4)]).includes ["SPR"]
make([%q(BIBLICAL HEBREW, FIRST QUARTER (JEWISHST 107A, RELIGST 170A)), %q(170A), %q(2), %q(2)]).includes ["NOT GIVEN THIS YEAR"]
make([%q(BIBLICAL HEBREW, SECOND QUARTER (JEWISHST 107B)), %q(170B), %q(1), %q(1)]).includes ["NOT GIVEN THIS YEAR"]
make([%q(BIBLICAL HEBREW, THIRD QUARTER), %q(170C), %q(1), %q(1)]).includes ["NOT GIVEN THIS YEAR"]
make([%q(THE BIBLE IN MODERN HEBREW LITERATURE), %q(171), %q(3), %q(4)]).includes ["NOT GIVEN THIS YEAR"]
make([%q(CO-EXISTENCE IN HEBREW LITERATURE (COMPLIT 161, JEWISHST 146)), %q(175), %q(4), %q(5)]).includes ["GIVEN NEXT YEAR"]
make([%q(INTRODUCTION TO LADINO: LANGUAGE, LITERATURE, AND CULTURE), %q(176), %q(1), %q(4)]).includes ["NOT GIVEN THIS YEAR"]
make([%q(MIDDLE EASTERN CITIES IN LITERATURE AND FILM), %q(177), %q(4), %q(5)]).includes ["NOT GIVEN THIS YEAR"]
make([%q(FIRST-YEAR KINYARWANDA, FIRST QUARTER), %q(180A), %q(4), %q(4)]).includes ["WIN"]
make([%q(FIRST-YEAR KINYARWANDA, SECOND QUARTER), %q(180B), %q(4), %q(4)]).includes ["SPR"]
make([%q(INTERMEDIATE FULANI, FIRST QUARTER), %q(182A), %q(3), %q(3)]).includes ["NOT GIVEN THIS YEAR"]
make([%q(INTERMEDIATE FULANI, SECOND QUARTER), %q(182B), %q(3), %q(3)]).includes ["NOT GIVEN THIS YEAR"]
make([%q(INTERMEDIATE FULANI, THIRD QUARTER), %q(182C), %q(3), %q(3)]).includes ["NOT GIVEN THIS YEAR"]
make([%q(FIRST-YEAR TURKISH, FIRST QUARTER), %q(184A), %q(5), %q(5)]).includes ["AUT"]
make([%q(FIRST-YEAR TURKISH, SECOND QUARTER), %q(184B), %q(5), %q(5)]).includes ["WIN"]
make([%q(FIRST-YEAR TURKISH, THIRD QUARTER), %q(184C), %q(5), %q(5)]).includes ["SPR"]
make([%q(SECOND-YEAR TURKISH, FIRST QUARTER), %q(185A), %q(5), %q(5)]).includes ["AUT"]
make([%q(SECOND-YEAR TURKISH, SECOND QUARTER), %q(185B), %q(5), %q(5)]).includes ["WIN"]
make([%q(SECOND-YEAR TURKISH, THIRD QUARTER), %q(185C), %q(5), %q(5)]).includes ["SPR"]
make([%q(THIRD-YEAR TURKISH, FIRST QUARTER), %q(186A), %q(3), %q(3)]).includes ["AUT"]
make([%q(THIRD-YEAR TURKISH, SECOND QUARTER), %q(186B), %q(3), %q(3)]).includes ["WIN"]
make([%q(THIRD-YEAR TURKISH, THIRD QUARTER), %q(186C), %q(3), %q(3)]).includes ["SPR"]
make([%q(FIRST-YEAR YORUBA, FIRST QUARTER), %q(187A), %q(4), %q(4)]).includes ["AUT"]
make([%q(FIRST-YEAR YORUBA, SECOND QUARTER), %q(187B), %q(4), %q(4)]).includes ["WIN"]
make([%q(FIRST-YEAR YORUBA, THIRD QUARTER), %q(187C), %q(4), %q(4)]).includes ["SPR"]
make([%q(BEGINNING HAUSA, FIRST QUARTER), %q(203A), %q(3), %q(3)]).includes ["SUM"]
make([%q(BEGINNING HAUSA, SECOND QUARTER), %q(203B), %q(3), %q(3)]).includes ["SUM"]
make([%q(INTENSIVE BEGINNING SWAHILI, PART B), %q(206B), %q(4), %q(4)]).includes ["NOT GIVEN THIS YEAR"]
make([%q(INTENSIVE BEGINNING SWAHILI, PART C), %q(206C), %q(4), %q(4)]).includes ["NOT GIVEN THIS YEAR"]
make([%q(CONTEMPORARY LANGUAGE OF IRAN, FIRST QUARTER), %q(216A), %q(3), %q(3)]).includes ["NOT GIVEN THIS YEAR"]
make([%q(CONTEMPORARY LANGUAGE OF IRAN, SECOND QUARTER), %q(216B), %q(3), %q(3)]).includes ["NOT GIVEN THIS YEAR"]
make([%q(CONTEMPORARY LANGUAGE OF IRAN, THIRD QUARTER), %q(216C), %q(3), %q(3)]).includes ["NOT GIVEN THIS YEAR"]
make([%q(READING HEBREW, FIRST QUARTER (JEWISHST 205)), %q(250A), %q(2), %q(4)]).includes ["NOT GIVEN THIS YEAR"]
make([%q(DIRECTED READING IN AFRICAN AND MIDDLE EASTERN LANGUAGES), %q(297), %q(1), %q(5)]).includes ["AUT", "WIN", "SPR", "SUM"]
make([%q(GRADUATE STUDIES IN AFRICAN AND MIDDLE EASTERN LANGUAGES), %q(395), %q(1), %q(5)]).includes ["AUT", "WIN", "SPR"]
