make([%q(DIRECTED STUDY), %q(197), %q(1), %q(3)]).includes ["AUT", "WIN", "SPR", "SUM"]
make([%q(DIRECTED STUDY), %q(397), %q(1), %q(3)]).includes ["AUT", "WIN", "SPR", "SUM"]
make([%q(WORKSHOP IN PRONUNCIATION FOR INTERNATIONAL STUDENTS), %q(683P), %q(1), %q(2)]).includes ["SUM"]
make([%q(WORKSHOP IN READING AND VOCABULARY FOR INTERNATIONAL STUDENTS), %q(683R), %q(1), %q(2)]).includes ["SUM"]
make([%q(WORKSHOP IN ORAL COMMUNICATION FOR INTERNATIONAL STUDENTS), %q(683S), %q(1), %q(2)]).includes ["SUM"]
make([%q(WORKSHOP IN WRITTEN COMMUNICATION FOR INTERNATIONAL STUDENTS), %q(683W), %q(1), %q(2)]).includes ["SUM"]
make([%q(LANGUAGE AND CULTURE OF SILICON VALLEY), %q(684S), %q(1), %q(2)]).includes ["SUM"]
make([%q(AMERICAN LANGUAGE AND CULTURE, FIRST SESSION), %q(687X), %q(3), %q(3)]).includes ["SUM"]
make([%q(AMERICAN LANGUAGE AND CULTURE, SECOND SESSION), %q(687Y), %q(3), %q(3)]).includes ["SUM"]
make([%q(INTENSIVE ENGLISH AND ACADEMIC ORIENTATION FOR FOREIGN GRADUATE STUDENTS), %q(688), %q(6), %q(6)]).includes ["SUM"]
make([%q(INTENSIVE SPOKEN ENGLISH), %q(688A), %q(3), %q(3)]).includes ["SUM"]
make([%q(INTENSIVE ACADEMIC WRITING), %q(688B), %q(3), %q(3)]).includes ["SUM"]
make([%q(INTENSIVE ENGLISH AND ACADEMIC ORIENTATION FOR STANFORD VISITING SCHOLARS), %q(688V), %q(5), %q(5)]).includes ["SUM"]
make([%q(BUILDING COMMUNICATION SKILLS THROUGH IMPROVISATION), %q(689B), %q(1), %q(1)]).includes ["SUM"]
make([%q(LEARNING ENGLISH ON YOUR OWN), %q(689E), %q(1), %q(1)]).includes ["NOT GIVEN THIS YEAR"]
make([%q(AMERICAN HUMOR), %q(689H), %q(1), %q(1)]).includes ["SUM"]
make([%q(LIVING IN THE USA), %q(689L), %q(1), %q(1)]).includes ["SUM"]
make([%q(PRONUNCIATION), %q(689P), %q(2), %q(2)]).includes ["SUM"]
make([%q(EXPLORING SILICON VALLEY LANGUAGE AND CULTURE), %q(689S), %q(1), %q(1)]).includes ["SUM"]
make([%q(INTERACTING IN CALIFORNIA'S VINEYARD CULTURE), %q(689T), %q(1), %q(1)]).includes ["SUM"]
make([%q(VOCABULARY AND IDIOM), %q(689V), %q(1), %q(1)]).includes ["SUM"]
make([%q(WORKING IN THE USA), %q(689W), %q(1), %q(1)]).includes ["NOT GIVEN THIS YEAR"]
make([%q(INTERACTING IN ENGLISH), %q(690A), %q(1), %q(3)]).includes ["AUT", "WIN", "SPR"]
make([%q(ACADEMIC DISCUSSION), %q(690B), %q(1), %q(3)]).includes ["AUT", "WIN", "SPR"]
make([%q(ADVANCED INTERACTING IN ENGLISH), %q(690C), %q(1), %q(3)]).includes ["AUT", "WIN", "SPR"]
make([%q(ORAL PRESENTATION), %q(691), %q(1), %q(3)]).includes ["AUT", "WIN", "SPR", "SUM"]
make([%q(SPEAKING AND TEACHING IN ENGLISH), %q(692), %q(1), %q(3)]).includes ["AUT", "WIN", "SPR"]
make([%q(LISTENING COMPREHENSION), %q(693A), %q(1), %q(3)]).includes ["AUT"]
make([%q(ADVANCED LISTENING COMPREHENSION, AND VOCABULARY DEVELOPMENT), %q(693B), %q(1), %q(3)]).includes ["AUT", "WIN", "SPR"]
make([%q(GRADUATE READING AND VOCABULARY DEVELOPMENT), %q(693R), %q(1), %q(3)]).includes ["SPR"]
make([%q(ENGLISH FOR BUSINESS, INDUSTRY AND PROFESSIONAL LIFE), %q(694), %q(1), %q(3)]).includes ["AUT", "WIN", "SPR"]
make([%q(PRONUNCIATION AND INTONATION), %q(695A), %q(1), %q(3)]).includes ["AUT", "WIN", "SPR", "SUM"]
make([%q(ADVANCED PRONUNCIATION AND INTONATION), %q(695B), %q(1), %q(3)]).includes ["AUT", "WIN", "SPR"]
make([%q(UNDERSTANDING AMERICAN HUMOR), %q(696), %q(1), %q(3)]).includes ["SPR"]
make([%q(WRITING FUNDAMENTALS), %q(697), %q(1), %q(3)]).includes ["AUT", "WIN", "SPR"]
make([%q(WRITING ACADEMIC ENGLISH), %q(698A), %q(1), %q(3)]).includes ["AUT", "WIN", "SPR", "SUM"]
make([%q(ADVANCED GRADUATE WRITING), %q(698B), %q(1), %q(3)]).includes ["AUT", "WIN", "SPR", "SUM"]
make([%q(WRITING AND PRESENTING RESEARCH), %q(698C), %q(1), %q(3)]).includes ["AUT", "WIN"]
