make([%q(FIRST-YEAR KOREAN, FIRST QUARTER), %q(1), %q(5), %q(5)]).includes ["AUT"]
make([%q(BEGINNING KOREAN FOR HERITAGE LEARNERS, FIRST QUARTER), %q(1H), %q(3), %q(3)]).includes ["AUT"]
make([%q(FIRST-YEAR KOREAN, SECOND QUARTER), %q(2), %q(5), %q(5)]).includes ["WIN"]
make([%q(BEGINNING KOREAN FOR HERITAGE LEARNERS, SECOND QUARTER), %q(2H), %q(3), %q(3)]).includes ["WIN"]
make([%q(FIRST-YEAR KOREAN, THIRD QUARTER), %q(3), %q(5), %q(5)]).includes ["SPR"]
make([%q(BEGINNING KOREAN FOR HERITAGE LEARNERS, THIRD QUARTER), %q(3H), %q(3), %q(3)]).includes ["SPR"]
make([%q(SECOND-YEAR KOREAN, FIRST QUARTER), %q(21), %q(5), %q(5)]).includes ["AUT"]
make([%q(SECOND-YEAR KOREAN, SECOND QUARTER), %q(22), %q(5), %q(5)]).includes ["WIN"]
make([%q(SECOND-YEAR KOREAN, THIRD QUARTER), %q(23), %q(5), %q(5)]).includes ["SPR"]
make([%q(THIRD-YEAR KOREAN, FIRST QUARTER), %q(101), %q(4), %q(5)]).includes ["AUT"]
make([%q(THIRD-YEAR KOREAN, SECOND QUARTER), %q(102), %q(4), %q(5)]).includes ["WIN"]
make([%q(THIRD-YEAR KOREAN, THIRD QUARTER), %q(103), %q(4), %q(5)]).includes ["SPR"]
make([%q(KOREAN PRONUNCIATION AND INTONATION), %q(110), %q(1), %q(2)]).includes ["NOT GIVEN THIS YEAR"]
make([%q(MEDICAL KOREAN, FIRST QUARTER), %q(111), %q(2), %q(3)]).includes ["NOT GIVEN THIS YEAR"]
make([%q(MEDICAL KOREAN, SECOND QUARTER), %q(112), %q(2), %q(2)]).includes ["NOT GIVEN THIS YEAR"]
make([%q(KOREAN CULTURE), %q(120A), %q(1), %q(3)]).includes ["NOT GIVEN THIS YEAR"]
make([%q(KOREAN CULTURE), %q(120B), %q(1), %q(2)]).includes ["NOT GIVEN THIS YEAR"]
make([%q(KOREAN CULTURE), %q(120C), %q(1), %q(2)]).includes ["NOT GIVEN THIS YEAR"]
make([%q(KOREAN LANGUAGE AND CULTURE THROUGH DRAMA AND FILM), %q(120K), %q(2), %q(3)]).includes ["AUT"]
make([%q(READING KOREAN), %q(130), %q(2), %q(3)]).includes ["WIN"]
make([%q(DIRECTED READING IN KOREAN), %q(200), %q(1), %q(5)]).includes ["AUT", "WIN", "SPR", "SUM"]
make([%q(GRADUATE STUDIES IN KOREAN), %q(395), %q(1), %q(5)]).includes ["AUT", "WIN", "SPR"]
