make([%q(STRATEGY BEYOND MARKETS), %q(230), %q(2), %q(2)]).includes []
make([%q(STRATEGY BEYOND MARKETS: CHALLENGES AND OPPORTUNITIES IN DEVELOPING ECONOMIES), %q(231), %q(3), %q(3)]).includes []
make([%q(LAW AND ECONOMICS FOR CORPORATE STRATEGY), %q(232), %q(3), %q(3)]).includes []
make([%q(MSX: STRATEGY BEYOND MARKETS), %q(239), %q(3), %q(3)]).includes []
make([%q(LAW AND ECONOMICS FOR CORPORATE STRATEGY), %q(330), %q(3), %q(3)]).includes []
make([%q(MANAGERS AND THE LEGAL ENVIRONMENT), %q(332), %q(4), %q(4)]).includes []
make([%q(THE BUSINESS WORLD: MORAL AND SPIRITUAL INQUIRY THROUGH LITERATURE), %q(349), %q(3), %q(3)]).includes []
make([%q(MEASURING OPINION AND SENTIMENT), %q(528), %q(2), %q(2)]).includes []
make([%q(LAW AND ECONOMICS FOR CORPORATE STRATEGY), %q(530), %q(3), %q(3)]).includes []
make([%q(INTELLECTUAL PROPERTY AND ITS EFFECT ON BUSINESS), %q(547), %q(2), %q(2)]).includes []
make([%q(NEW OPPORTUNITIES IN THE CHANGING WORLD OF AMERICAN HEALTH CARE), %q(555), %q(1), %q(1)]).includes []
make([%q(THE FUTURE OF GROWTH: DEVELOPED AND DEVELOPING WORLD), %q(571), %q(2), %q(2)]).includes []
make([%q(MANAGING GLOBAL POLITICAL RISK), %q(584), %q(1), %q(1)]).includes []
make([%q(ADVANCED TOPICS IN POLITICAL ECONOMY), %q(670), %q(4), %q(4)]).includes []
make([%q(BEHAVIORAL POLITICAL ECONOMY), %q(676), %q(4), %q(4)]).includes []
make([%q(POLITICAL ECONOMY AND POLITICAL BEHAVIOR), %q(677), %q(4), %q(4)]).includes []
make([%q(FOUNDATIONS OF POLITICAL ECONOMY), %q(680), %q(3), %q(3)]).includes []
make([%q(ECONOMIC ANALYSIS OF POLITICAL INSTITUTIONS), %q(681), %q(4), %q(4)]).includes []
make([%q(TESTING MODELS OF GOVERNMENTAL DECISION-MAKING (POLISCI 351C)), %q(682), %q(4), %q(4)]).includes ["SPR"]
make([%q(POLITICAL DEVELOPMENT ECONOMICS), %q(683), %q(4), %q(4)]).includes []
make([%q(PHD DIRECTED READING (ACCT 691, FINANCE 691, GSBGEN 691, HRMGT 691, MGTECON 691, MKTG 691, OB 691, OIT 691, STRAMGT 691)), %q(691), %q(1), %q(15)]).includes []
make([%q(PHD DISSERTATION RESEARCH (ACCT 692, FINANCE 692, GSBGEN 692, HRMGT 692, MGTECON 692, MKTG 692, OB 692, OIT 692, STRAMGT 692)), %q(692), %q(1), %q(15)]).includes []
make([%q(TGR DISSERTATION (ACCT 802, FINANCE 802, GSBGEN 802, HRMGT 802, MGTECON 802, MKTG 802, OB 802, OIT 802, STRAMGT 802)), %q(802), %q(0), %q(0)]).includes []
