make([%q(FIRST-YEAR MODERN CHINESE, FIRST QUARTER), %q(1), %q(5), %q(5)]).includes ["AUT"]
make([%q(FIRST-YEAR MODERN CHINESE FOR BILINGUAL STUDENTS, FIRST QUARTER), %q(1B), %q(3), %q(3)]).includes ["AUT"]
make([%q(FIRST-YEAR MODERN CHINESE, SECOND QUARTER), %q(2), %q(5), %q(5)]).includes ["WIN"]
make([%q(FIRST-YEAR MODERN CHINESE FOR BILINGUAL STUDENTS, SECOND QUARTER), %q(2B), %q(3), %q(3)]).includes ["WIN"]
make([%q(FIRST-YEAR MODERN CHINESE, THIRD QUARTER), %q(3), %q(5), %q(5)]).includes ["SPR"]
make([%q(FIRST-YEAR MODERN CHINESE FOR BILINGUAL STUDENTS, THIRD QUARTER), %q(3B), %q(3), %q(3)]).includes ["SPR"]
make([%q(INTENSIVE FIRST-YEAR MODERN CHINESE), %q(5), %q(8), %q(8)]).includes ["SUM"]
make([%q(BEGINNING CONVERSATIONAL CHINESE, FIRST QUARTER), %q(6), %q(2), %q(2)]).includes ["AUT"]
make([%q(BEGINNING CONVERSATIONAL CHINESE, SECOND QUARTER), %q(7), %q(2), %q(2)]).includes ["WIN"]
make([%q(BEGINNING CONVERSATIONAL CHINESE, THIRD QUARTER), %q(8), %q(2), %q(2)]).includes ["SPR"]
make([%q(BEGINNING SOUTHERN MIN (TAIWANESE) CONVERSATION, FIRST QUARTER), %q(10), %q(2), %q(2)]).includes ["AUT"]
make([%q(BEGINNING SOUTHERN MIN (TAIWANESE) CONVERSATION, SECOND QUARTER), %q(11), %q(2), %q(2)]).includes ["WIN"]
make([%q(BEGINNING SOUTHERN MIN (TAIWANESE) CONVERSATION, THIRD QUARTER), %q(12), %q(2), %q(2)]).includes ["SPR"]
make([%q(INTERMEDIATE SOUTHERN MIN (TAIWANESE) CONVERSATION, FIRST QUARTER), %q(13A), %q(2), %q(2)]).includes ["AUT"]
make([%q(INTERMEDIATE SOUTHERN MIN (TAIWANESE) CONVERSATION, SECOND QUARTER), %q(13B), %q(2), %q(2)]).includes ["WIN"]
make([%q(INTERMEDIATE SOUTHERN MIN (TAIWANESE) CONVERSATION, THIRD QUARTER), %q(13C), %q(2), %q(2)]).includes ["SPR"]
make([%q(BEGINNING CONVERSATIONAL CANTONESE, FIRST QUARTER), %q(15), %q(2), %q(2)]).includes ["AUT"]
make([%q(BEGINNING CONVERSATIONAL CANTONESE FOR MANDARIN SPEAKERS, FIRST QUARTER), %q(15M), %q(2), %q(2)]).includes ["AUT"]
make([%q(BEGINNING CANTONESE CONVERSATION, SECOND QUARTER), %q(16), %q(2), %q(2)]).includes ["WIN"]
make([%q(BEGINNING CONVERSATIONAL CANTONESE FOR MANDARIN SPEAKERS, SECOND QUARTER), %q(16M), %q(2), %q(2)]).includes ["WIN"]
make([%q(BEGINNING CONVERSATIONAL CANTONESE, THIRD QUARTER), %q(17), %q(2), %q(2)]).includes ["SPR"]
make([%q(BEGINNING CONVERSATIONAL CANTONESE FOR MANDARIN SPEAKERS, THIRD QUARTER), %q(17M), %q(2), %q(2)]).includes ["SPR"]
make([%q(INTERMEDIATE CANTONESE CONVERSATION, FIRST QUARTER), %q(18), %q(2), %q(2)]).includes ["AUT"]
make([%q(INTERMEDIATE CONVERSATIONAL CANTONESE, SECOND QUARTER.), %q(19), %q(2), %q(2)]).includes ["WIN"]
make([%q(INTERMEDIATE CONVERSATIONAL CANTONESE, THIRD QUARTER), %q(20), %q(2), %q(2)]).includes ["SPR"]
make([%q(ADVANCED CONVERSATIONAL CANTONESE, FIRST QUARTER), %q(20A), %q(2), %q(2)]).includes ["AUT"]
make([%q(ADVANCED CONVERSATIONAL CANTONESE, SECOND QUARTER), %q(20B), %q(2), %q(2)]).includes ["WIN"]
make([%q(ADVANCED CANTONESE CONVERSATION - THIRD QUARTER), %q(20C), %q(2), %q(2)]).includes ["SPR"]
make([%q(SECOND-YEAR MODERN CHINESE, FIRST QUARTER), %q(21), %q(5), %q(5)]).includes ["AUT"]
make([%q(SECOND-YEAR MODERN CHINESE FOR BILINGUAL STUDENTS, FIRST QUARTER), %q(21B), %q(3), %q(3)]).includes ["AUT"]
make([%q(SECOND-YEAR MODERN CHINESE, SECOND QUARTER), %q(22), %q(5), %q(5)]).includes ["WIN"]
make([%q(SECOND-YEAR CHINESE FOR BILINGUAL STUDENTS, SECOND QUARTER), %q(22B), %q(3), %q(3)]).includes ["WIN"]
make([%q(SECOND-YEAR MODERN CHINESE, THIRD QUARTER), %q(23), %q(5), %q(5)]).includes ["SPR"]
make([%q(SECOND-YEAR CHINESE FOR BILINGUAL STUDENTS, THIRD QUARTER), %q(23B), %q(3), %q(3)]).includes ["SPR"]
make([%q(INTENSIVE SECOND-YEAR MODERN CHINESE), %q(25), %q(8), %q(8)]).includes ["SUM"]
make([%q(INTERMEDIATE CHINESE CONVERSATION, FIRST QUARTER), %q(27), %q(2), %q(2)]).includes ["AUT"]
make([%q(INTERMEDIATE CHINESE CONVERSATION, SECOND QUARTER), %q(28), %q(2), %q(2)]).includes ["WIN"]
make([%q(INTERMEDIATE CHINESE CONVERSATION, THIRD QUARTER), %q(29), %q(2), %q(2)]).includes ["SPR"]
make([%q(ACCELERATED BEGINNING MANDARIN FOR ENGINEERING STUDENTS, FIRST QUARTER), %q(31E), %q(4), %q(4)]).includes ["SPR"]
make([%q(ACCELERATED BEGINNING MANDARIN III), %q(33G), %q(4), %q(4)]).includes ["NOT GIVEN THIS YEAR"]
make([%q(INTERMEDIATE-TO-ADVANCED CHINESE CONVERSATION, FIRST QUARTER), %q(41), %q(2), %q(2)]).includes ["AUT"]
make([%q(INTERMEDIATE-TO-ADVANCED CHINESE CONVERSATION, SECOND QUARTER), %q(42), %q(2), %q(2)]).includes ["WIN"]
make([%q(INTERMEDIATE-TO-ADVANCED CHINESE CONVERSATION, THIRD QUARTER), %q(43), %q(2), %q(2)]).includes ["SPR"]
make([%q(LANGUAGE SPECIALS), %q(99), %q(1), %q(5)]).includes ["AUT", "WIN", "SPR"]
make([%q(THIRD-YEAR MODERN CHINESE, FIRST QUARTER), %q(101), %q(5), %q(5)]).includes ["AUT"]
make([%q(THIRD-YEAR MODERN CHINESE FOR BILINGUAL STUDENTS, FIRST QUARTER), %q(101B), %q(3), %q(3)]).includes ["AUT"]
make([%q(THIRD-YEAR MODERN CHINESE, SECOND QUARTER), %q(102), %q(5), %q(5)]).includes ["WIN"]
make([%q(THIRD-YEAR MODERN CHINESE FOR BILINGUAL STUDENTS, SECOND QUARTER), %q(102B), %q(3), %q(3)]).includes ["WIN"]
make([%q(THIRD-YEAR MODERN CHINESE, THIRD QUARTER), %q(103), %q(5), %q(5)]).includes ["SPR"]
make([%q(THIRD-YEAR MODERN CHINESE FOR BILINGUAL STUDENTS, THIRD QUARTER), %q(103B), %q(3), %q(3)]).includes ["SPR"]
make([%q(INTENSIVE THIRD-YEAR MODERN CHINESE), %q(105), %q(8), %q(8)]).includes ["SUM"]
make([%q(ADVANCED CHINESE CONVERSATION, FIRST QUARTER), %q(121), %q(2), %q(2)]).includes ["AUT"]
make([%q(ADVANCED CHINESE CONVERSATION, SECOND QUARTER), %q(122), %q(2), %q(2)]).includes ["NOT GIVEN THIS YEAR"]
make([%q(ADVANCED CHINESE CONVERSATION, THIRD QUARTER), %q(123), %q(2), %q(2)]).includes ["SPR"]
make([%q(BUSINESS CHINESE, FIRST QUARTER), %q(131), %q(3), %q(4)]).includes ["AUT"]
make([%q(BUSINESS CHINESE, SECOND QUARTER), %q(132), %q(3), %q(4)]).includes ["WIN"]
make([%q(BUSINESS CHINESE, THIRD QUARTER), %q(133), %q(3), %q(4)]).includes ["SPR"]
make([%q(INDIVIDUAL READING), %q(199), %q(1), %q(5)]).includes ["AUT", "WIN", "SPR"]
make([%q(DIRECTED READING), %q(200), %q(1), %q(5)]).includes ["AUT", "WIN", "SPR"]
make([%q(INTENSIVE THIRD-YEAR MODERN CHINESE), %q(205S), %q(8), %q(8)]).includes ["SUM"]
make([%q(FOURTH-YEAR MODERN CHINESE, FIRST QUARTER), %q(211), %q(5), %q(5)]).includes ["AUT"]
make([%q(FOURTH YEAR MODERN CHINESE FOR BILINGUAL STUDENTS, FIRST QUARTER), %q(211B), %q(3), %q(3)]).includes ["AUT"]
make([%q(FOURTH-YEAR MODERN CHINESE, SECOND QUARTER), %q(212), %q(5), %q(5)]).includes ["WIN"]
make([%q(FOURTH-YEAR MODERN CHINESE FOR BILINGUAL STUDENTS, SECOND QUARTER), %q(212B), %q(3), %q(3)]).includes ["WIN"]
make([%q(FOURTH-YEAR MODERN CHINESE, THIRD QUARTER), %q(213), %q(5), %q(5)]).includes ["SPR"]
make([%q(FOURTH-YEAR MODERN CHINESE FOR BILINGUAL STUDENTS, THIRD QUARTER), %q(213B), %q(3), %q(3)]).includes ["SPR"]
make([%q(FIFTH-YEAR MODERN CHINESE: CULTURAL CHINA, FIRST QUARTER), %q(231), %q(4), %q(4)]).includes ["AUT"]
make([%q(FIFTH-YEAR MODERN CHINESE: CULTURAL CHINA, SECOND QUARTER), %q(232), %q(4), %q(4)]).includes ["WIN"]
make([%q(FIFTH-YEAR MODERN CHINESE: CULTURAL CHINA, THIRD QUARTER), %q(233), %q(4), %q(4)]).includes ["SPR"]
make([%q(ACCELERATED BEGINNING MANDARIN FOR ENGINEERING STUDENTS, FIRST QUARTER), %q(331E), %q(2), %q(5)]).includes ["SPR"]
make([%q(GRADUATE STUDIES IN CHINESE CONVERSATION), %q(394), %q(1), %q(3)]).includes ["AUT", "WIN", "SPR"]
make([%q(GRADUATE STUDIES IN CHINESE), %q(395), %q(2), %q(5)]).includes ["AUT", "WIN", "SPR", "SUM"]
