make([%q(INTRODUCTION TO INTERNATIONAL RELATIONS (INTNLREL 1)), %q(1), %q(5), %q(5)]).includes ["AUT"]
make([%q(INTRODUCTION TO INTERNATIONAL RELATIONS), %q(1Z), %q(5), %q(5)]).includes ["SUM"]
make([%q(INTRODUCTION TO AMERICAN NATIONAL GOVERNMENT AND POLITICS (AMSTUD 2)), %q(2), %q(5), %q(5)]).includes ["SPR"]
make([%q(JUSTICE (ETHICSOC 171, IPS 208, PHIL 171, PHIL 271, POLISCI 136S, POLISCI 336S, PUBLPOL 103C, PUBLPOL 307)), %q(3P), %q(4), %q(5)]).includes ["AUT"]
make([%q(INTRODUCTION TO COMPARATIVE POLITICS), %q(4), %q(5), %q(5)]).includes ["SPR"]
make([%q(AMERICAN FOREIGN POLICY IN THE 21ST CENTURY), %q(10SC), %q(2), %q(2)]).includes ["SUM"]
make([%q(THE RWANDAN GENOCIDE), %q(11N), %q(3), %q(3)]).includes ["SPR"]
make([%q(CLIMATE CHANGE AND CONFLICT: WILL WARMING LEAD TO WARRING?), %q(12N), %q(3), %q(3)]).includes ["NOT GIVEN THIS YEAR"]
make([%q(THE FEDERAL GOVERNMENT AND THE WEST), %q(18SC), %q(2), %q(2)]).includes ["NOT GIVEN THIS YEAR"]
make([%q(POLITICS OF ENERGY EFFICIENCY), %q(19N), %q(5), %q(5)]).includes ["NOT GIVEN THIS YEAR"]
make([%q(THE FACE OF BATTLE), %q(22SC), %q(2), %q(2)]).includes ["SUM"]
make([%q(ENERGY IN THE WEST (CEE 15SC, ENERGY 10SC)), %q(23SC), %q(2), %q(2)]).includes ["SUM"]
make([%q(LAW AND ORDER), %q(24Q), %q(3), %q(3)]).includes ["AUT"]
make([%q(CONSERVATISM AND LIBERALISM IN AMERICAN POLITICS AND POLICY), %q(24SC), %q(2), %q(2)]).includes ["NOT GIVEN THIS YEAR"]
make([%q(THINKING LIKE A SOCIAL SCIENTIST), %q(27N), %q(3), %q(3)]).includes ["WIN"]
make([%q(THE CHANGING NATURE OF RACIAL IDENTITY IN AMERICAN POLITICS), %q(28N), %q(3), %q(3)]).includes ["AUT"]
make([%q(RELIGION, DEMOCRACY, AND HUMAN RIGHTS (RELIGST 35S)), %q(33S), %q(3), %q(3)]).includes ["SUM"]
make([%q(RELIGION AND POLITICS), %q(34S), %q(3), %q(3)]).includes ["NOT GIVEN THIS YEAR"]
make([%q(THE RWANDAN GENOCIDE), %q(42Q), %q(5), %q(5)]).includes ["NOT GIVEN THIS YEAR"]
make([%q(CIVIL WAR NARRATIVES), %q(45N), %q(3), %q(3)]).includes ["SPR"]
make([%q(DICTATORS), %q(49N), %q(3), %q(3)]).includes ["NOT GIVEN THIS YEAR"]
make([%q(AMERICA AND THE WORLD ECONOMY (INTNLREL 110C, POLISCI 110X)), %q(110C), %q(5), %q(5)]).includes ["WIN"]
make([%q(WAR AND PEACE IN AMERICAN FOREIGN POLICY (INTNLREL 110D, POLISCI 110Y)), %q(110D), %q(5), %q(5)]).includes ["SPR"]
make([%q(AMERICA AND THE WORLD ECONOMY (INTNLREL 110C, POLISCI 110C)), %q(110X), %q(5), %q(5)]).includes ["WIN"]
make([%q(WAR AND PEACE IN AMERICAN FOREIGN POLICY (INTNLREL 110D, POLISCI 110D)), %q(110Y), %q(5), %q(5)]).includes ["SPR"]
make([%q(DEMOCRACY, DEVELOPMENT, AND THE RULE OF LAW (INTNLREL 114D, IPS 230, POLISCI 314D)), %q(114D), %q(5), %q(5)]).includes ["AUT"]
make([%q(INTERNATIONAL SECURITY IN A CHANGING WORLD (IPS 241)), %q(114S), %q(5), %q(5)]).includes ["WIN"]
make([%q(LIVING AT THE NUCLEAR BRINK: YESTERDAY AND TODAY (IPS 249, POLISCI 315)), %q(115), %q(3), %q(3)]).includes ["WIN"]
make([%q(HISTORY OF NUCLEAR WEAPONS), %q(116), %q(5), %q(5)]).includes ["NOT GIVEN THIS YEAR"]
make([%q(U.S. RELATIONS IN IRAN), %q(118P), %q(5), %q(5)]).includes ["AUT"]
make([%q(CAMPAIGNS, VOTING, MEDIA, AND ELECTIONS (COMM 162, COMM 262)), %q(120B), %q(4), %q(5)]).includes ["WIN"]
make([%q(WHAT'S WRONG WITH AMERICAN GOVERNMENT? AN INSTITUTIONAL APPROACH (PUBLPOL 124)), %q(120C), %q(5), %q(5)]).includes ["SPR"]
make([%q(WHAT'S WRONG WITH AMERICAN GOVERNMENT? AN INSTITUTIONAL APPROACH), %q(120Z), %q(4), %q(4)]).includes ["SUM"]
make([%q(URBAN POLITICS (AMSTUD 121Z, PUBLPOL 133, URBANST 111)), %q(121), %q(5), %q(5)]).includes ["WIN"]
make([%q(RACIAL-ETHNIC POLITICS IN US (AMSTUD 121L, CSRE 121L, PUBLPOL 121L)), %q(121L), %q(5), %q(5)]).includes ["AUT"]
make([%q(INTRODUCTION TO AMERICAN LAW (AMSTUD 179, PUBLPOL 302A)), %q(122), %q(3), %q(5)]).includes ["AUT"]
make([%q(POLITICS AND PUBLIC POLICY (PUBLPOL 101, PUBLPOL 201)), %q(123), %q(4), %q(5)]).includes ["SPR"]
make([%q(THE AMERICAN WEST (AMSTUD 124A, ARTHIST 152, ENGLISH 124, HISTORY 151)), %q(124A), %q(4), %q(4)]).includes ["SPR"]
make([%q(THE FEDERAL SYSTEM: JUDICIAL POLITICS AND CONSTITUTIONAL LAW), %q(124R), %q(5), %q(5)]).includes ["AUT"]
make([%q(CIVIL LIBERTIES: JUDICIAL POLITICS AND CONSTITUTIONAL LAW), %q(124S), %q(5), %q(5)]).includes ["NOT GIVEN THIS YEAR"]
make([%q(THE FIRST AMENDMENT:  FREEDOM OF SPEECH AND PRESS (COMM 151, COMM 251)), %q(125P), %q(4), %q(5)]).includes ["SPR"]
make([%q(CHICANO/LATINO POLITICS (CHILATST 125S)), %q(125S), %q(5), %q(5)]).includes ["NOT GIVEN THIS YEAR"]
make([%q(THE VOTING RIGHTS ACT (AFRICAAM 125V, CSRE 125V)), %q(125V), %q(5), %q(5)]).includes ["SPR"]
make([%q(ECONOMIC INEQUALITY AND POLITICAL DYSFUNCTION), %q(127P), %q(5), %q(5)]).includes ["NOT GIVEN THIS YEAR"]
make([%q(MODERN POLITICAL THOUGHT: MACHIAVELLI TO MARX AND MILL (ETHICSOC 131S)), %q(131L), %q(5), %q(5)]).includes ["WIN"]
make([%q(FAMILY, FRIENDS, AND GROUPS: THE ETHICS OF ASSOCIATION (ETHICSOC 183M)), %q(132C), %q(4), %q(4)]).includes ["NOT GIVEN THIS YEAR"]
make([%q(ETHICS AND POLITICS OF PUBLIC SERVICE (CSRE 178, ETHICSOC 133, HUMBIO 178, PHIL 175A, PHIL 275A, PUBLPOL 103D, URBANST 122)), %q(133), %q(5), %q(5)]).includes ["SPR"]
make([%q(INTRODUCTION TO ENVIRONMENTAL ETHICS (ETHICSOC 178M, ETHICSOC 278M, PHIL 178M, PHIL 278M)), %q(134L), %q(5), %q(5)]).includes ["WIN"]
make([%q(CONTEMPORARY MORAL PROBLEMS (ETHICSOC 185M, PHIL 72)), %q(134P), %q(5), %q(5)]).includes ["SPR"]
make([%q(MORAL LIMITS OF THE MARKET (ETHICSOC 174A, PHIL 174A, PHIL 274A)), %q(135P), %q(4), %q(4)]).includes ["NOT GIVEN THIS YEAR"]
make([%q(INTRODUCTION TO GLOBAL JUSTICE (ETHICSOC 136R, INTNLREL 136R, PHIL 76, POLISCI 336)), %q(136R), %q(4), %q(4)]).includes ["SPR"]
make([%q(JUSTICE (ETHICSOC 171, IPS 208, PHIL 171, PHIL 271, POLISCI 3P, POLISCI 336S, PUBLPOL 103C, PUBLPOL 307)), %q(136S), %q(4), %q(5)]).includes ["AUT"]
make([%q(CHINA IN WORLD POLITICS (POLISCI 340L)), %q(140L), %q(5), %q(5)]).includes ["AUT"]
make([%q(POLITICS OF INDIA), %q(141S), %q(5), %q(5)]).includes ["WIN"]
make([%q(BRITISH POLITICS), %q(142B), %q(5), %q(5)]).includes ["NOT GIVEN THIS YEAR"]
make([%q(COMPARATIVE CORRUPTION (SOC 113)), %q(143S), %q(5), %q(5)]).includes ["AUT"]
make([%q(COMPARATIVE DEMOCRATIC DEVELOPMENT (SOC 112)), %q(147), %q(5), %q(5)]).includes ["NOT GIVEN THIS YEAR"]
make([%q(CHINESE POLITICS: THE TRANSFORMATION AND THE ERA OF REFORM (POLISCI 348)), %q(148), %q(3), %q(5)]).includes ["WIN"]
make([%q(ISLAM, IRAN, AND THE WEST), %q(149S), %q(5), %q(5)]).includes ["SPR"]
make([%q(MIDDLE EASTERN POLITICS), %q(149T), %q(5), %q(5)]).includes ["SPR"]
make([%q(INTRODUCTION TO GAME THEORETIC METHODS IN POLITICAL SCIENCE (POLISCI 352)), %q(152), %q(3), %q(5)]).includes ["SPR"]
make([%q(APPLIED QUANTITATIVE RESEARCH IN POLITICAL SCIENCE (PUBLPOL 157)), %q(155), %q(5), %q(5)]).includes ["SPR"]
make([%q(SANELA DIANA JENKINS INTERNATIONAL HUMAN RIGHTS COLLOQUIUM (FEMGEN 205X, INTNLREL 110, IPS 271, POLISCI 304)), %q(204), %q(1), %q(1)]).includes ["WIN"]
make([%q(POLITICAL ECONOMY OF EAST ASIA (INTNLREL 159)), %q(211), %q(3), %q(5)]).includes ["SPR"]
make([%q(INTERNATIONAL SECURITY IN SOUTH ASIA: PAKISTAN, INDIA AND THE UNITED STATES.), %q(211P), %q(5), %q(5)]).includes ["NOT GIVEN THIS YEAR"]
make([%q(A POST AMERICAN CENTURY? AMERICAN FOREIGN POLICY IN A UNI-MULTI-UNIPOLAR WORLD), %q(213S), %q(5), %q(5)]).includes ["SPR"]
make([%q(CHALLENGES AND DILEMMAS IN AMERICAN FOREIGN POLICY (POLISCI 314R)), %q(214R), %q(5), %q(5)]).includes ["WIN"]
make([%q(EXPLAINING ETHNIC VIOLENCE), %q(215), %q(5), %q(5)]).includes ["NOT GIVEN THIS YEAR"]
make([%q(NUCLEAR WEAPONS AND INTERNATIONAL POLITICS (POLISCI 315F)), %q(215F), %q(5), %q(5)]).includes ["NOT GIVEN THIS YEAR"]
make([%q(INTERNATIONAL HISTORY AND INTERNATIONAL RELATIONS THEORY (HISTORY 306E, POLISCI 316)), %q(216E), %q(5), %q(5)]).includes ["NOT GIVEN THIS YEAR"]
make([%q(INTERNATIONAL ORGANIZATIONS AND INSTITUTIONS), %q(216G), %q(5), %q(5)]).includes ["SPR"]
make([%q(JAPANESE POLITICS AND INTERNATIONAL RELATIONS (POLISCI 318J)), %q(218J), %q(5), %q(5)]).includes ["NOT GIVEN THIS YEAR"]
make([%q(POLITICAL ECONOMY OF INTERNATIONAL TRADE AND INVESTMENT (INTNLREL 118S)), %q(218S), %q(5), %q(5)]).includes ["NOT GIVEN THIS YEAR"]
make([%q(TERRORISM), %q(218T), %q(5), %q(5)]).includes ["NOT GIVEN THIS YEAR"]
make([%q(DIRECTED READING AND RESEARCH IN INTERNATIONAL RELATIONS), %q(219), %q(1), %q(10)]).includes ["AUT", "WIN", "SPR", "SUM"]
make([%q(TOPICS IN CONSTITUTIONAL HISTORY (AMSTUD 251, HISTORY 251G)), %q(222S), %q(5), %q(5)]).includes ["WIN"]
make([%q(ETHICS AND POLITICS (ETHICSOC 202R)), %q(223F), %q(5), %q(5)]).includes ["NOT GIVEN THIS YEAR"]
make([%q(PIVOTAL MOMENTS IN AMERICAN INSTITUTIONS AND PUBLIC LAW, 1781-PRESENT), %q(223R), %q(5), %q(5)]).includes ["NOT GIVEN THIS YEAR"]
make([%q(HERETICS TO HEADSCARVES), %q(224H), %q(5), %q(5)]).includes ["NOT GIVEN THIS YEAR"]
make([%q(THE PSYCHOLOGY OF COMMUNICATION ABOUT POLITICS IN AMERICA (COMM 164, COMM 264, PSYCH 170)), %q(224L), %q(4), %q(4)]).includes ["NOT GIVEN THIS YEAR"]
make([%q(FIXING US POLITICS: POLITICAL REFORM IN PRINCIPLE AND PRACTICE), %q(225C), %q(5), %q(5)]).includes ["WIN"]
make([%q(RACE AND RACISM IN AMERICAN POLITICS (AMSTUD 226, CSRE 226, POLISCI 326)), %q(226), %q(5), %q(5)]).includes ["NOT GIVEN THIS YEAR"]
make([%q(APPROACHES TO AMERICAN LEGAL HISTORY (HISTORY 253D)), %q(226U), %q(5), %q(5)]).includes ["AUT"]
make([%q(THE DEMOCRATIC FAITH: AN EMPIRICAL ANALYSIS OF CITIZENSHIP), %q(228), %q(5), %q(5)]).includes ["NOT GIVEN THIS YEAR"]
make([%q(DIRECTED READING AND RESEARCH IN AMERICAN POLITICS), %q(229), %q(1), %q(10)]).includes ["AUT", "WIN", "SPR", "SUM"]
make([%q(RUNNING TIME: RUNNING AND WINNING ELECTIONS (COMM 163)), %q(229R), %q(5), %q(5)]).includes ["AUT"]
make([%q(HIGH-STAKES POLITICS: CASE STUDIES IN POLITICAL PHILOSOPHY, INSTITUTIONS, AND INTERESTS (CLASSHIS 332)), %q(231), %q(3), %q(5)]).includes ["NOT GIVEN THIS YEAR"]
make([%q(THE DIALOGUE OF DEMOCRACY (AMSTUD 137, COMM 137W, COMM 237, POLISCI 332T)), %q(232T), %q(4), %q(5)]).includes ["NOT GIVEN THIS YEAR"]
make([%q(SCIENCE, TECHNOLOGY, AND SOCIETY IN THE FACE OF THE LOOMING DISASTER (FRENCH 228, ITALIAN 228)), %q(233F), %q(3), %q(5)]).includes ["NOT GIVEN THIS YEAR"]
make([%q(DELIBERATIVE DEMOCRACY AND ITS CRITICS (AMSTUD 135, COMM 135, COMM 235, COMM 335, POLISCI 334P)), %q(234P), %q(3), %q(5)]).includes ["SPR"]
make([%q(CREATIVE POLITICAL THINKING: THREE CASES (HISTORY 305G, POLISCI 335J)), %q(235J), %q(4), %q(5)]).includes ["NOT GIVEN THIS YEAR"]
make([%q(CREATIVE POLITICAL THINKING: THREE CASES (POLISCI 335J)), %q(235J), %q(5), %q(5)]).includes ["NOT GIVEN THIS YEAR"]
make([%q(THEORIES OF CIVIL SOCIETY, PHILANTHROPY, AND THE NONPROFIT SECTOR (ETHICSOC 232T, POLISCI 236S)), %q(236), %q(5), %q(5)]).includes ["SPR"]
make([%q(THEORIES OF CIVIL SOCIETY, PHILANTHROPY, AND THE NONPROFIT SECTOR (ETHICSOC 232T, POLISCI 236)), %q(236S), %q(5), %q(5)]).includes ["SPR"]
make([%q(POLITICS AND EVIL (ETHICSOC 237M)), %q(237M), %q(5), %q(5)]).includes ["NOT GIVEN THIS YEAR"]
make([%q(POLITICAL DISAGREEMENT), %q(238), %q(5), %q(5)]).includes ["NOT GIVEN THIS YEAR"]
make([%q(GOVERNING THE 21ST CENTURY WORLD), %q(238C), %q(5), %q(5)]).includes ["WIN"]
make([%q(HISTORY OF INTERNATIONAL RELATIONS THOUGHT (INTNLREL 136)), %q(238T), %q(5), %q(5)]).includes ["WIN"]
make([%q(DIRECTED READING AND RESEARCH IN POLITICAL THEORY), %q(239), %q(1), %q(10)]).includes ["AUT", "WIN", "SPR", "SUM"]
make([%q(THE COMPARATIVE POLITICAL ECONOMY OF POST-COMMUNIST TRANSITIONS), %q(240C), %q(3), %q(4)]).includes ["NOT GIVEN THIS YEAR"]
make([%q(DEMOCRACY, PROMOTION, AND AMERICAN FOREIGN POLICY), %q(240T), %q(5), %q(5)]).includes ["SPR"]
make([%q(CAMPAIGNS AND ELECTIONS IN ISRAEL (JEWISHST 271C)), %q(241C), %q(5), %q(5)]).includes ["WIN"]
make([%q(SPATIAL APPROACHES TO SOCIAL SCIENCE (ANTHRO 130D, ANTHRO 230D, URBANST 124)), %q(241S), %q(5), %q(5)]).includes ["WIN"]
make([%q(CIVIL WAR AND PEACE PROCESSES), %q(242A), %q(5), %q(5)]).includes ["SPR"]
make([%q(CORRUPTION, CONFLICT AND FINANCIAL CRISIS: CONTEMPORARY GLOBAL POLITICS AND JOURNALISM), %q(242C), %q(5), %q(5)]).includes ["NOT GIVEN THIS YEAR"]
make([%q(THE POLITICAL ECONOMY OF DEVELOPMENT), %q(243C), %q(5), %q(5)]).includes ["WIN"]
make([%q(POLITICAL ECONOMY OF DEVELOPMENT IN RURAL INDIA), %q(243E), %q(5), %q(5)]).includes ["NOT GIVEN THIS YEAR"]
make([%q(POLITICS OF ECONOMIC REFORM), %q(243L), %q(5), %q(5)]).includes ["NOT GIVEN THIS YEAR"]
make([%q(AN INTRODUCTION TO POLITICAL DEVELOPMENT), %q(244), %q(5), %q(5)]).includes ["SPR"]
make([%q(RELIGION AND POLITICS IN LATIN AMERICA), %q(244P), %q(5), %q(5)]).includes ["NOT GIVEN THIS YEAR"]
make([%q(ORGANIZED CRIME AND DEMOCRACY IN LATIN AMERICA (INTNLREL 152, IPS 247)), %q(244T), %q(5), %q(5)]).includes ["NOT GIVEN THIS YEAR"]
make([%q(POLITICAL CULTURE (POLISCI 344U)), %q(244U), %q(5), %q(5)]).includes ["AUT"]
make([%q(MIDDLE EAST POLITICS), %q(245E), %q(5), %q(5)]).includes ["NOT GIVEN THIS YEAR"]
make([%q(POLITICS IN MODERN IRAN), %q(245R), %q(5), %q(5)]).includes ["WIN"]
make([%q(THE DYNAMICS OF CHANGE IN AFRICA (AFRICAST 301A, POLISCI 346P)), %q(246P), %q(4), %q(5)]).includes ["WIN"]
make([%q(GOVERNANCE AND POVERTY), %q(247G), %q(5), %q(5)]).includes ["WIN"]
make([%q(POLITICAL-ECONOMY OF CRIME AND VIOLENCE IN LATIN AMERICA (POLISCI 348L)), %q(248L), %q(5), %q(5)]).includes ["NOT GIVEN THIS YEAR"]
make([%q(LATIN AMERICAN POLITICS (POLISCI 348S)), %q(248S), %q(5), %q(5)]).includes ["WIN"]
make([%q(DIRECTED READING AND RESEARCH IN COMPARATIVE POLITICS), %q(249), %q(1), %q(10)]).includes ["AUT", "WIN", "SPR", "SUM"]
make([%q(INTRODUCTION TO ISRAELI POLITICS (INTNLREL 163, JEWISHST 279P)), %q(249P), %q(5), %q(5)]).includes ["AUT"]
make([%q(DIRECTED READING AND RESEARCH IN POLITICAL METHODOLOGY), %q(259), %q(1), %q(10)]).includes ["AUT", "WIN", "SPR", "SUM"]
make([%q(POLITICAL INSTITUTIONS), %q(291), %q(5), %q(5)]).includes ["WIN"]
make([%q(POLITICAL BEHAVIOR), %q(292), %q(5), %q(5)]).includes ["WIN"]
make([%q(RESEARCH DESIGN), %q(293), %q(5), %q(5)]).includes ["SPR"]
make([%q(HONORS THESIS), %q(299A), %q(1), %q(5)]).includes ["AUT"]
make([%q(HONORS THESIS), %q(299B), %q(1), %q(5)]).includes ["WIN"]
make([%q(HONORS THESIS), %q(299C), %q(1), %q(5)]).includes ["SPR"]
make([%q(HONORS THESIS SEMINAR), %q(299Q), %q(3), %q(5)]).includes ["AUT"]
make([%q(SANELA DIANA JENKINS INTERNATIONAL HUMAN RIGHTS COLLOQUIUM (FEMGEN 205X, INTNLREL 110, IPS 271, POLISCI 204)), %q(304), %q(1), %q(1)]).includes ["WIN"]
make([%q(DEMOCRACY, DEVELOPMENT, AND THE RULE OF LAW (INTNLREL 114D, IPS 230, POLISCI 114D)), %q(314D), %q(5), %q(5)]).includes ["AUT"]
make([%q(CHALLENGES AND DILEMMAS IN AMERICAN FOREIGN POLICY (POLISCI 214R)), %q(314R), %q(5), %q(5)]).includes ["WIN"]
make([%q(LIVING AT THE NUCLEAR BRINK: YESTERDAY AND TODAY (IPS 249, POLISCI 115)), %q(315), %q(3), %q(3)]).includes ["WIN"]
make([%q(NUCLEAR WEAPONS AND INTERNATIONAL POLITICS (POLISCI 215F)), %q(315F), %q(5), %q(5)]).includes ["NOT GIVEN THIS YEAR"]
make([%q(INTERNATIONAL HISTORY AND INTERNATIONAL RELATIONS THEORY (HISTORY 306E, POLISCI 216E)), %q(316), %q(5), %q(5)]).includes ["NOT GIVEN THIS YEAR"]
make([%q(DECISION MAKING IN U.S. FOREIGN POLICY (IPS 316S)), %q(316S), %q(5), %q(5)]).includes ["SPR"]
make([%q(JAPANESE POLITICS AND INTERNATIONAL RELATIONS (POLISCI 218J)), %q(318J), %q(5), %q(5)]).includes ["NOT GIVEN THIS YEAR"]
make([%q(DIRECTED READING IN INTERNATIONAL RELATIONS), %q(319), %q(1), %q(10)]).includes ["AUT", "WIN", "SPR", "SUM"]
make([%q(LAW AND POLITICS WORKSHOP), %q(321), %q(2), %q(3)]).includes ["SPR"]
make([%q(TOPICS IN CONSTITUTIONAL HISTORY), %q(322S), %q(5), %q(5)]).includes ["WIN"]
make([%q(PIVOTAL MOMENTS IN AMERICAN INSTITUTIONS AND PUBLIC LAW, 1781-PRESENT), %q(323), %q(5), %q(5)]).includes ["NOT GIVEN THIS YEAR"]
make([%q(THE PRESS AND THE POLITICAL PROCESS (COMM 160, COMM 260)), %q(323R), %q(4), %q(5)]).includes ["NOT GIVEN THIS YEAR"]
make([%q(GRADUATE SEMINAR IN POLITICAL PSYCHOLOGY (COMM 308)), %q(324), %q(1), %q(3)]).includes ["NOT GIVEN THIS YEAR"]
make([%q(RACE AND RACISM IN AMERICAN POLITICS (AMSTUD 226, CSRE 226, POLISCI 226)), %q(326), %q(5), %q(5)]).includes ["NOT GIVEN THIS YEAR"]
make([%q(THE POLITICS OF EDUCATION), %q(326T), %q(5), %q(5)]).includes ["NOT GIVEN THIS YEAR"]
make([%q(MINORITY BEHAVIOR AND REPRESENTATION), %q(327), %q(5), %q(5)]).includes ["SPR"]
make([%q(DIRECTED READING AND RESEARCH IN AMERICAN POLITICS), %q(329), %q(1), %q(10)]).includes ["AUT", "WIN", "SPR", "SUM"]
make([%q(CLASSICAL SEMINAR: ORIGINS OF POLITICAL THOUGHT (CLASSHIS 133, CLASSHIS 333, PHIL 176A, PHIL 276A)), %q(330A), %q(4), %q(5)]).includes ["NOT GIVEN THIS YEAR"]
make([%q(TOPICS IN POLITICAL PHILOSOPHY (PHIL 372D)), %q(332), %q(5), %q(5)]).includes ["SPR"]
make([%q(THE DIALOGUE OF DEMOCRACY (AMSTUD 137, COMM 137W, COMM 237, POLISCI 232T)), %q(332T), %q(4), %q(5)]).includes ["NOT GIVEN THIS YEAR"]
make([%q(RATIONAL AND SOCIAL AGENCY (PHIL 377)), %q(333), %q(2), %q(5)]).includes ["NOT GIVEN THIS YEAR"]
make([%q(MARX (PHIL 339)), %q(333S), %q(2), %q(4)]).includes ["AUT"]
make([%q(PHILANTHROPY AND CIVIL SOCIETY (EDUC 374, SOC 374)), %q(334), %q(1), %q(3)]).includes ["AUT", "WIN", "SPR"]
make([%q(DELIBERATIVE DEMOCRACY AND ITS CRITICS (AMSTUD 135, COMM 135, COMM 235, COMM 335, POLISCI 234P)), %q(334P), %q(3), %q(5)]).includes ["SPR"]
make([%q(CREATIVE POLITICAL THINKING: THREE CASES (POLISCI 235J)), %q(335J), %q(5), %q(5)]).includes ["NOT GIVEN THIS YEAR"]
make([%q(CREATIVE POLITICAL THINKING: THREE CASES (HISTORY 305G, POLISCI 235J)), %q(335J), %q(4), %q(5)]).includes ["NOT GIVEN THIS YEAR"]
make([%q(INTRODUCTION TO GLOBAL JUSTICE (ETHICSOC 136R, INTNLREL 136R, PHIL 76, POLISCI 136R)), %q(336), %q(4), %q(4)]).includes ["SPR"]
make([%q(JUSTICE (ETHICSOC 171, IPS 208, PHIL 171, PHIL 271, POLISCI 3P, POLISCI 136S, PUBLPOL 103C, PUBLPOL 307)), %q(336S), %q(4), %q(5)]).includes ["AUT"]
make([%q(SEMINAR ON LIBERATION TECHNOLOGIES (CS 546)), %q(337S), %q(1), %q(1)]).includes ["AUT", "WIN"]
make([%q(DESIGNING LIBERATION TECHNOLOGY (CS 379L)), %q(337T), %q(3), %q(4)]).includes ["SPR"]
make([%q(THE PROBLEM OF EVIL IN LITERATURE, FILM, AND PHILOSOPHY (FRENCH 265)), %q(338E), %q(3), %q(5)]).includes ["WIN"]
make([%q(DIRECTED READING AND RESEARCH IN POLITICAL THEORY), %q(339), %q(1), %q(5)]).includes ["AUT", "WIN", "SPR", "SUM"]
make([%q(CHINA IN WORLD POLITICS (POLISCI 140L)), %q(340L), %q(5), %q(5)]).includes ["AUT"]
make([%q(POLITICS AND GEOGRAPHY), %q(344), %q(3), %q(5)]).includes ["WIN"]
make([%q(POLITICAL CULTURE (POLISCI 244U)), %q(344U), %q(5), %q(5)]).includes ["AUT"]
make([%q(THE DYNAMICS OF CHANGE IN AFRICA (AFRICAST 301A, POLISCI 246P)), %q(346P), %q(4), %q(5)]).includes ["WIN"]
make([%q(REBOOTING GOVERNMENT WITH DESIGN THINKING (PUBLPOL 347D)), %q(347D), %q(3), %q(4)]).includes ["NOT GIVEN THIS YEAR"]
make([%q(CHINESE POLITICS: THE TRANSFORMATION AND THE ERA OF REFORM (POLISCI 148)), %q(348), %q(3), %q(5)]).includes ["WIN"]
make([%q(POLITICAL-ECONOMY OF CRIME AND VIOLENCE IN LATIN AMERICA (POLISCI 248L)), %q(348L), %q(5), %q(5)]).includes ["NOT GIVEN THIS YEAR"]
make([%q(LATIN AMERICAN POLITICS (POLISCI 248S)), %q(348S), %q(5), %q(5)]).includes ["WIN"]
make([%q(DIRECTED READING AND RESEARCH IN COMPARATIVE POLITICS), %q(349), %q(1), %q(10)]).includes ["AUT", "WIN", "SPR", "SUM"]
make([%q(POLITICAL METHODOLOGY I), %q(350A), %q(5), %q(5)]).includes ["AUT"]
make([%q(POLITICAL METHODOLOGY II (PUBLPOL 303B)), %q(350B), %q(5), %q(5)]).includes ["WIN"]
make([%q(POLITICAL METHODOLOGY III), %q(350C), %q(3), %q(5)]).includes ["SPR"]
make([%q(FOUNDATIONS OF POLITICAL ECONOMY), %q(351A), %q(3), %q(3)]).includes ["AUT"]
make([%q(ECONOMIC ANALYSIS OF POLITICAL INSTITUTIONS), %q(351B), %q(4), %q(4)]).includes ["WIN"]
make([%q(TESTING MODELS OF GOVERNMENTAL DECISION-MAKING (POLECON 682)), %q(351C), %q(4), %q(4)]).includes ["SPR"]
make([%q(INTRODUCTION TO GAME THEORETIC METHODS IN POLITICAL SCIENCE (POLISCI 152)), %q(352), %q(3), %q(5)]).includes ["SPR"]
make([%q(WORKSHOP IN STATISTICAL MODELING), %q(353A), %q(1), %q(2)]).includes ["NOT GIVEN THIS YEAR"]
make([%q(WORKSHOP IN STATISTICAL MODELING), %q(353C), %q(1), %q(2)]).includes ["NOT GIVEN THIS YEAR"]
make([%q(SAMPLING AND SURVEYS), %q(357), %q(5), %q(5)]).includes ["NOT GIVEN THIS YEAR"]
make([%q(ADVANCED INDIVIDUAL STUDY IN POLITICAL METHODOLOGY), %q(359), %q(1), %q(10)]).includes ["AUT", "WIN", "SPR", "SUM"]
make([%q(NEW ECONOMICS OF ORGANIZATION), %q(362), %q(5), %q(5)]).includes ["WIN"]
make([%q(DISSERTATION), %q(400), %q(1), %q(10)]).includes ["AUT", "WIN", "SPR", "SUM"]
make([%q(DISPUTE RESOLUTION IN INTERNATIONAL ECONOMIC LAW), %q(404), %q(1), %q(1)]).includes ["NOT GIVEN THIS YEAR"]
make([%q(INTERNATIONAL RELATIONS THEORY, PART I), %q(410A), %q(5), %q(5)]).includes ["AUT"]
make([%q(INTERNATIONAL RELATIONS THEORY, PART II), %q(410B), %q(5), %q(5)]).includes ["WIN"]
make([%q(RESEARCH IN INTERNATIONAL RELATIONS), %q(410C), %q(5), %q(5)]).includes ["SPR"]
make([%q(WORKSHOP IN INTERNATIONAL RELATIONS), %q(411A), %q(1), %q(2)]).includes ["AUT"]
make([%q(WORKSHOP IN INTERNATIONAL RELATIONS), %q(411B), %q(1), %q(2)]).includes ["WIN"]
make([%q(THE POLITICS AND ECONOMICS OF MODERN EUROPE), %q(412), %q(3), %q(5)]).includes ["SPR"]
make([%q(AMERICAN POLITICAL INSTITUTIONS), %q(420A), %q(5), %q(5)]).includes ["AUT"]
make([%q(TOPICS IN AMERICAN POLITICAL BEHAVIOR), %q(420B), %q(4), %q(5)]).includes ["WIN"]
make([%q(DISCOVERY IN AMERICAN POLITICS), %q(420C), %q(5), %q(5)]).includes ["SPR"]
make([%q(QUESTIONNAIRE DESIGN FOR SURVEYS AND LABORATORY EXPERIMENTS: SOCIAL AND COGNITIVE PERSPECTIVES (COMM 339, PSYCH 231)), %q(421K), %q(4), %q(4)]).includes ["NOT GIVEN THIS YEAR"]
make([%q(WORKSHOP IN AMERICAN POLITICS), %q(422), %q(1), %q(2)]).includes ["WIN", "SPR"]
make([%q(THE LABORATORY OF THE STUDY OF AMERICAN VALUES I), %q(423A), %q(1), %q(5)]).includes ["AUT"]
make([%q(THE LABORATORY OF THE STUDY OF AMERICAN VALUES II), %q(423B), %q(1), %q(5)]).includes ["WIN"]
make([%q(THE LABORATORY OF THE STUDY OF AMERICAN VALUES III), %q(423C), %q(1), %q(5)]).includes ["NOT GIVEN THIS YEAR"]
make([%q(POLITICAL COMMUNICATION (COMM 360G)), %q(425), %q(1), %q(5)]).includes ["AUT"]
make([%q(THEORIES OF RACISM IN AMERICAN POLITICS: A CRITIQUE), %q(426S), %q(0), %q(0)]).includes ["NOT GIVEN THIS YEAR"]
make([%q(RACE AND RACISM IN AMERICAN POLITICS), %q(427R), %q(5), %q(5)]).includes ["NOT GIVEN THIS YEAR"]
make([%q(POLITICAL ECONOMY AND POLITICAL BEHAVIOR), %q(428), %q(4), %q(4)]).includes ["SPR"]
make([%q(WEALTHY HELLAS), %q(430A), %q(4), %q(5)]).includes ["NOT GIVEN THIS YEAR"]
make([%q(WEALTHY HELLAS), %q(430B), %q(1), %q(5)]).includes ["NOT GIVEN THIS YEAR"]
make([%q(SELECTIONS IN MODERN POLITICAL THOUGHT), %q(432R), %q(5), %q(5)]).includes ["AUT"]
make([%q(WORKSHOP IN POLITICAL THEORY), %q(433), %q(1), %q(2)]).includes ["AUT", "WIN", "SPR"]
make([%q(EGALITARIANISM), %q(434), %q(5), %q(5)]).includes ["WIN"]
make([%q(POLITICAL REALISM (PHIL 372R)), %q(435R), %q(3), %q(5)]).includes ["NOT GIVEN THIS YEAR"]
make([%q(AMARTYA SEN'S CAPABILITY THEORY (PHIL 378)), %q(436R), %q(2), %q(4)]).includes ["NOT GIVEN THIS YEAR"]
make([%q(AUTONOMY), %q(437), %q(5), %q(5)]).includes ["NOT GIVEN THIS YEAR"]
make([%q(THEORIES IN COMPARATIVE POLITICS), %q(440A), %q(5), %q(5)]).includes ["AUT"]
make([%q(POLITICAL ECONOMY OF DEVELOPMENT), %q(440B), %q(5), %q(5)]).includes ["WIN"]
make([%q(METHODS IN COMPARATIVE POLITICS), %q(440C), %q(5), %q(5)]).includes ["SPR"]
make([%q(WORKSHOP IN COMPARATIVE POLITICS), %q(440D), %q(1), %q(2)]).includes ["AUT", "WIN", "SPR"]
make([%q(GRAD SEMINAR ON MIDDLE EASTERN POLITICS), %q(441L), %q(5), %q(5)]).includes ["SPR"]
make([%q(POLITICAL ECONOMY OF REFORM IN CHINA), %q(443S), %q(5), %q(5)]).includes ["SPR"]
make([%q(COMPARATIVE POLITICAL ECONOMY: ADVANCED INDUSTRIAL SOCIETIES), %q(444), %q(3), %q(5)]).includes ["AUT"]
make([%q(WORKSHOP: CHINA SOCIAL SCIENCE (SOC 368W)), %q(448R), %q(1), %q(1)]).includes ["WIN", "SPR"]
make([%q(DESIGN AND ANALYSIS OF EXPERIMENTS), %q(451), %q(3), %q(5)]).includes ["NOT GIVEN THIS YEAR"]
make([%q(DESIGN AND ANALYSIS OF SURVEYS (POLISCI 474)), %q(454), %q(1), %q(5)]).includes ["WIN"]
make([%q(DESIGN AND ANALYSIS OF SURVEYS), %q(474), %q(1), %q(5)]).includes ["WIN"]
make([%q(TGR PROJECT), %q(801), %q(0), %q(0)]).includes ["AUT", "WIN", "SPR", "SUM"]
make([%q(TGR DISSERTATION), %q(802), %q(0), %q(0)]).includes ["AUT", "WIN", "SPR", "SUM"]
