make([%q(CONFLICT IN THE CONGO), %q(72SI), %q(1), %q(2)]).includes ["NOT GIVEN THIS YEAR"]
make([%q(RUNNING WHILE OTHERS WALK: AFRICAN PERSPECTIVES ON DEVELOPMENT (AFRICAST 209)), %q(109), %q(5), %q(5)]).includes ["NOT GIVEN THIS YEAR"]
make([%q(EDUCATION FOR ALL? THE GLOBAL AND LOCAL IN PUBLIC POLICY MAKING IN AFRICA (AFRICAST 211)), %q(111), %q(5), %q(5)]).includes ["SPR"]
make([%q(AIDS, LITERACY, AND LAND: FOREIGN AID AND DEVELOPMENT IN AFRICA (AFRICAST 212)), %q(112), %q(5), %q(5)]).includes ["NOT GIVEN THIS YEAR"]
make([%q(SOUTH AFRICAN ENCOUNTERS (AFRICAAM 115)), %q(115), %q(1), %q(1)]).includes ["WIN"]
make([%q(AFRICAN ART AND POLITICS, C. 1900 - PRESENT (ARTHIST 127A)), %q(127), %q(4), %q(4)]).includes ["NOT GIVEN THIS YEAR"]
make([%q(DESIGNING RESEARCH-BASED INTERVENTIONS TO SOLVE GLOBAL HEALTH PROBLEMS (AFRICAST 235, EDUC 135X, EDUC 335X, MED 235)), %q(135), %q(3), %q(4)]).includes ["SPR"]
make([%q(CONFLICT AND RECONCILIATION IN AFRICA: INTERNATIONAL INTERVENTION (AFRICAST 238, ANTHRO 138A, ANTHRO 238A)), %q(138), %q(3), %q(5)]).includes ["SPR", "SUM"]
make([%q(FORGOTTEN AFRICA: AN INTRODUCTION TO THE ARCHAEOLOGY OF AFRICA (ANTHRO 139A, ARCHLGY 139A)), %q(139A), %q(5), %q(5)]).includes ["SPR"]
make([%q(SCIENCE, TECHNOLOGY, AND MEDICINE IN AFRICA (ANTHRO 141A)), %q(141A), %q(4), %q(4)]).includes ["AUT"]
make([%q(CHALLENGING THE STATUS QUO: SOCIAL ENTREPRENEURS ADVANCING DEMOCRACY, DEVELOPMENT AND JUSTICE (INTNLREL 142)), %q(142), %q(5), %q(5)]).includes ["WIN"]
make([%q(AIDS IN AFRICA), %q(151), %q(3), %q(3)]).includes ["NOT GIVEN THIS YEAR"]
make([%q(MADAGASCAR PREFIELD SEMINAR), %q(190), %q(1), %q(2)]).includes ["NOT GIVEN THIS YEAR"]
make([%q(BACK FROM AFRICA WORKSHOP), %q(195), %q(1), %q(2)]).includes ["NOT GIVEN THIS YEAR"]
make([%q(INDEPENDENT STUDY OR DIRECTED READING), %q(199), %q(1), %q(5)]).includes ["AUT", "WIN", "SPR", "SUM"]
make([%q(THE HIV/AIDS EPIDEMIC IN TANZANIA: A PRE-FIELD SEMINAR), %q(200), %q(1), %q(1)]).includes ["SPR"]
make([%q(RUNNING WHILE OTHERS WALK: AFRICAN PERSPECTIVES ON DEVELOPMENT (AFRICAST 109)), %q(209), %q(5), %q(5)]).includes ["NOT GIVEN THIS YEAR"]
make([%q(EDUCATION FOR ALL? THE GLOBAL AND LOCAL IN PUBLIC POLICY MAKING IN AFRICA (AFRICAST 111)), %q(211), %q(5), %q(5)]).includes ["SPR"]
make([%q(AIDS, LITERACY, AND LAND: FOREIGN AID AND DEVELOPMENT IN AFRICA (AFRICAST 112)), %q(212), %q(5), %q(5)]).includes ["NOT GIVEN THIS YEAR"]
make([%q(MEMORY AND HERITAGE IN SOUTH AFRICA SYLLABUS), %q(224), %q(1), %q(1)]).includes ["NOT GIVEN THIS YEAR"]
make([%q(DESIGNING RESEARCH-BASED INTERVENTIONS TO SOLVE GLOBAL HEALTH PROBLEMS (AFRICAST 135, EDUC 135X, EDUC 335X, MED 235)), %q(235), %q(3), %q(4)]).includes ["SPR"]
make([%q(CONFLICT AND RECONCILIATION IN AFRICA: INTERNATIONAL INTERVENTION (AFRICAST 138, ANTHRO 138A, ANTHRO 238A)), %q(238), %q(3), %q(5)]).includes ["SPR", "SUM"]
make([%q(INDEPENDENT STUDY OR DIRECTED READING), %q(299), %q(1), %q(10)]).includes ["AUT", "WIN", "SPR"]
make([%q(CONTEMPORARY ISSUES IN AFRICAN STUDIES), %q(300), %q(1), %q(1)]).includes ["AUT", "WIN", "SPR"]
make([%q(THE DYNAMICS OF CHANGE IN AFRICA (POLISCI 246P, POLISCI 346P)), %q(301A), %q(4), %q(5)]).includes ["WIN"]
make([%q(RESEARCH WORKSHOP), %q(302), %q(1), %q(1)]).includes ["SPR"]
