make([%q(FUNCTIONAL MATERIALS AND DEVICES), %q(77N), %q(3), %q(3)]).includes ["AUT"]
make([%q(ENERGY OPTIONS FOR THE 21ST CENTURY), %q(79N), %q(3), %q(3)]).includes ["AUT"]
make([%q(ELECTRONS AND PHOTONS (PHOTON 201)), %q(201), %q(4), %q(4)]).includes ["WIN"]
make([%q(QUANTUM PROBABILITY AND QUANTUM INFORMATION), %q(202), %q(4), %q(4)]).includes ["NOT GIVEN THIS YEAR"]
make([%q(ATOMS, FIELDS AND PHOTONS), %q(203), %q(4), %q(4)]).includes ["SPR"]
make([%q(QUANTUM MATERIALS), %q(204), %q(4), %q(4)]).includes ["WIN"]
make([%q(INTRODUCTION TO BIOPHYSICS (BIO 126, BIO 226)), %q(205), %q(3), %q(4)]).includes ["WIN"]
make([%q(LABORATORY ELECTRONICS), %q(207), %q(4), %q(4)]).includes ["WIN"]
make([%q(LABORATORY ELECTRONICS), %q(208), %q(4), %q(4)]).includes ["SPR", "ALTERNATE YEARS", "NOT GIVEN NEXT YEAR"]
make([%q(NUMERICAL METHODS FOR PHYSICISTS AND ENGINEERS), %q(215), %q(4), %q(4)]).includes ["SPR"]
make([%q(X-RAY AND VUV PHYSICS (PHOTON 216)), %q(216), %q(3), %q(3)]).includes ["ALTERNATE YEARS", "GIVEN NEXT YEAR"]
make([%q(ESTIMATION AND CONTROL METHODS FOR APPLIED PHYSICS), %q(217), %q(4), %q(4)]).includes ["ALTERNATE YEARS", "GIVEN NEXT YEAR"]
make([%q(APPLIED ELECTRODYNAMICS), %q(220), %q(3), %q(3)]).includes ["WIN", "ALTERNATE YEARS", "NOT GIVEN NEXT YEAR"]
make([%q(STOCHASTIC AND NONLINEAR DYNAMICS (BIO 223)), %q(223), %q(3), %q(3)]).includes ["ALTERNATE YEARS", "GIVEN NEXT YEAR"]
make([%q(NONLINEAR DYNAMICS: THIS SIDE OF CHAOS), %q(223B), %q(3), %q(3)]).includes ["AUT", "ALTERNATE YEARS", "NOT GIVEN NEXT YEAR"]
make([%q(PROBABILITY AND QUANTUM MECHANICS), %q(225), %q(3), %q(3)]).includes ["SPR", "ALTERNATE YEARS", "NOT GIVEN NEXT YEAR"]
make([%q(QUANTUM DEVICE PHYSICS OF ATOMIC AND SEMICONDUCTOR SYSTEMS), %q(227), %q(3), %q(3)]).includes ["ALTERNATE YEARS", "GIVEN NEXT YEAR"]
make([%q(ADVANCED IMAGING LAB IN BIOPHYSICS (BIO 132, BIO 232, BIOPHYS 232, GENE 232)), %q(232), %q(4), %q(4)]).includes ["SPR"]
make([%q(BIOLOGY BY THE NUMBERS: EVOLUTION (BIOC 236)), %q(236), %q(3), %q(3)]).includes ["ALTERNATE YEARS", "GIVEN NEXT YEAR"]
make([%q(FROM ATOM SMASHERS TO X-RAY LASERS (PHOTON 240)), %q(240), %q(3), %q(3)]).includes ["ALTERNATE YEARS", "GIVEN NEXT YEAR"]
make([%q(MAGNETISM AND LONG RANGE ORDER IN SOLIDS), %q(270), %q(3), %q(3)]).includes ["NOT GIVEN THIS YEAR"]
make([%q(SOLID STATE PHYSICS (PHYSICS 172)), %q(272), %q(3), %q(3)]).includes ["SPR"]
make([%q(SOLID STATE PHYSICS II), %q(273), %q(3), %q(3)]).includes ["AUT"]
make([%q(PHENOMENOLOGY OF SUPERCONDUCTORS), %q(280), %q(3), %q(3)]).includes ["ALTERNATE YEARS", "GIVEN NEXT YEAR"]
make([%q(PHYSICS OF DISORDERED SYSTEMS), %q(285), %q(3), %q(3)]).includes ["ALTERNATE YEARS", "GIVEN NEXT YEAR"]
make([%q(DIRECTED STUDIES IN APPLIED PHYSICS), %q(290), %q(1), %q(15)]).includes ["AUT", "WIN", "SPR", "SUM"]
make([%q(PRACTICAL TRAINING), %q(291), %q(3), %q(3)]).includes ["SUM"]
make([%q(THEORETICAL NEUROSCIENCE), %q(293), %q(3), %q(3)]).includes ["SPR"]
make([%q(CELLULAR BIOPHYSICS (BIO 294)), %q(294), %q(3), %q(3)]).includes ["SPR", "ALTERNATE YEARS", "NOT GIVEN NEXT YEAR"]
make([%q(LASERS LABORATORY), %q(304), %q(4), %q(4)]).includes ["WIN"]
make([%q(ADVANCED NONLINEAR OPTICS LABORATORY), %q(305), %q(4), %q(4)]).includes ["AUT"]
make([%q(METHODS IN COMPUTATIONAL BIOLOGY), %q(315), %q(3), %q(3)]).includes ["ALTERNATE YEARS", "GIVEN NEXT YEAR"]
make([%q(INTRODUCTION TO ACCELERATOR PHYSICS), %q(324), %q(3), %q(3)]).includes ["ALTERNATE YEARS", "GIVEN NEXT YEAR"]
make([%q(X-RAYS: PAST, PRESENT AND FUTURE (PHOTON 325)), %q(325), %q(3), %q(3)]).includes ["ALTERNATE YEARS", "GIVEN NEXT YEAR"]
make([%q(ADVANCED NUMERICAL METHODS FOR DATA ANALYSIS AND SIMULATION), %q(345), %q(3), %q(3)]).includes ["ALTERNATE YEARS", "GIVEN NEXT YEAR"]
make([%q(LITERATURE OF ULTRACOLD ATOMIC PHYSICS), %q(376), %q(3), %q(3)]).includes ["ALTERNATE YEARS", "GIVEN NEXT YEAR"]
make([%q(INTRODUCTION TO ATOMIC PROCESSES), %q(383), %q(3), %q(3)]).includes ["NOT GIVEN THIS YEAR"]
make([%q(QUANTUM OPTICS AND MEASUREMENTS), %q(387), %q(3), %q(3)]).includes ["ALTERNATE YEARS", "GIVEN NEXT YEAR"]
make([%q(DISSERTATION RESEARCH), %q(390), %q(1), %q(15)]).includes ["AUT", "WIN", "SPR", "SUM"]
make([%q(TOPICS IN MOLECULAR BIOPHYSICS: BIOPHYSICS OF FUNCTIONAL RNA), %q(392), %q(3), %q(3)]).includes ["AUT", "ALTERNATE YEARS", "NOT GIVEN NEXT YEAR"]
make([%q(SYNCHROTRON RADIATION AND FREE ELECTRON LASERS: PRINCIPLES AND APPLICATIONS (PHOTON 453A)), %q(453A), %q(3), %q(3)]).includes ["SPR"]
make([%q(CONDENSED MATTER SEMINAR), %q(470), %q(1), %q(1)]).includes ["AUT", "WIN", "SPR"]
make([%q(TOPICS IN CONDENSED MATTER PHYSICS: QUANTUM MATTER MEETS QUANTUM OPTICS), %q(473B), %q(3), %q(3)]).includes ["WIN"]
make([%q(OPTICS AND ELECTRONICS SEMINAR), %q(483), %q(1), %q(1)]).includes ["AUT", "WIN", "SPR"]
make([%q(TGR DISSERTATION), %q(802), %q(0), %q(0)]).includes ["AUT", "WIN", "SPR", "SUM"]
