make([%q(Computational Modeling for Future Leaders), %q(20Q), %q(3), %q(3)]).includes ["WIN"]
make([%q(Vector Calculus for Engineers (ENGR 154)), %q(100), %q(5), %q(5)]).includes ["AUT"]
make([%q(Vector Calculus for Engineers, ACE), %q(100A), %q(6), %q(6)]).includes ["AUT"]
make([%q(Ordinary Differential Equations for Engineers (ENGR 155A)), %q(102), %q(5), %q(5)]).includes ["AUT", "WIN", "SPR", "SUM"]
make([%q(Ordinary Differential Equations for Engineers, ACE), %q(102A), %q(6), %q(6)]).includes ["AUT", "WIN", "SPR"]
make([%q(Introduction to Matrix Methods (EE 103)), %q(103), %q(4), %q(5)]).includes ["AUT"]
make([%q(Linear Algebra and Partial Differential Equations for Engineers (ENGR 155B)), %q(104), %q(5), %q(5)]).includes ["SPR"]
make([%q(Linear Algebra and Partial Differential Equations for Engineers, ACE), %q(104A), %q(6), %q(6)]).includes ["SPR"]
make([%q(Introduction to Probability and Statistics for Engineers (ENGR 155C)), %q(106), %q(3), %q(4)]).includes ["WIN", "SUM"]
make([%q(Introduction to Scientific Computing (MATH 114)), %q(108), %q(3), %q(4)]).includes ["WIN", "SUM"]
make([%q(Projects in Applied and Computational Mathematics), %q(181), %q(3), %q(3)]).includes ["WIN"]
make([%q(Startup Engineering), %q(184), %q(3), %q(3)]).includes ["NOT GIVEN THIS YEAR"]
make([%q(Introduction to MATLAB), %q(192), %q(1), %q(1)]).includes ["AUT", "WIN", "SPR"]
make([%q(Introduction to Scientific Python), %q(193), %q(1), %q(1)]).includes ["AUT", "WIN", "SPR"]
make([%q(Introduction to MPI), %q(194), %q(1), %q(1)]).includes ["SPR"]
make([%q(Introduction to R (STATS 195)), %q(195), %q(1), %q(1)]).includes ["AUT"]
make([%q(Linear Algebra with Application to Engineering Computations (ME 300A)), %q(200), %q(3), %q(3)]).includes ["AUT"]
make([%q(Partial Differential Equations in Engineering (ME 300B)), %q(204), %q(3), %q(3)]).includes ["WIN"]
make([%q(Introduction to Numerical Methods for Engineering (AA 214A, ME 300C)), %q(206), %q(3), %q(3)]).includes ["AUT", "SPR"]
make([%q(Introduction to Programming for Scientists and Engineers (EARTHSCI 211)), %q(211), %q(3), %q(3)]).includes ["AUT"]
make([%q(Advanced Programming for Scientists and Engineers (ENERGY 212)), %q(212), %q(3), %q(3)]).includes ["WIN"]
make([%q(Introduction to parallel computing using MPI, openMP, and CUDA (ME 339)), %q(213), %q(3), %q(3)]).includes ["SPR"]
make([%q(Parallel Computing Group Projects), %q(213B), %q(1), %q(1)]).includes ["NOT GIVEN THIS YEAR"]
make([%q(Software Design in Modern Fortran for Scientists and Engineers (EARTHSCI 214)), %q(214), %q(3), %q(3)]).includes ["AUT"]
make([%q(Advanced Computational Fluid Dynamics (AA 215A)), %q(215A), %q(3), %q(3)]).includes ["WIN"]
make([%q(Advanced Computational Fluid Dynamics (AA 215B)), %q(215B), %q(3), %q(3)]).includes ["NOT GIVEN THIS YEAR"]
make([%q(Workshop in Quantitative Finance (STATS 239B)), %q(239B), %q(1), %q(1)]).includes ["NOT GIVEN THIS YEAR"]
make([%q(Mathematical and Computational Finance Seminar (STATS 239)), %q(242), %q(1), %q(1)]).includes ["AUT", "WIN", "SPR"]
make([%q(Financial Models and Statistical Methods in Active Risk Management (STATS 243)), %q(243), %q(3), %q(4)]).includes ["WIN"]
make([%q(Project Course in Mathematical and Computational Finance), %q(244), %q(1), %q(6)]).includes ["AUT", "WIN", "SPR", "SUM"]
make([%q(Topics in Mathematical and Computational Finance), %q(245), %q(1), %q(1)]).includes ["AUT", "WIN", "SPR", "SUM"]
make([%q(Introduction to Linear Dynamical Systems (EE 263)), %q(263), %q(3), %q(3)]).includes ["AUT", "SUM"]
make([%q(Master's Research), %q(291), %q(1), %q(6)]).includes ["AUT", "WIN", "SPR", "SUM"]
make([%q(Advanced MATLAB for Scientific Computing), %q(292), %q(1), %q(1)]).includes ["AUT", "WIN", "SPR"]
make([%q(Departmental Seminar Series), %q(300), %q(1), %q(1)]).includes ["AUT", "WIN"]
make([%q(Numerical Linear Algebra), %q(302), %q(3), %q(3)]).includes ["AUT"]
make([%q(Partial Differential Equations of Applied Mathematics (MATH 220)), %q(303), %q(3), %q(3)]).includes ["AUT"]
make([%q(Numerical Optimization (MS&E 315)), %q(304), %q(3), %q(3)]).includes ["WIN"]
make([%q(Discrete Mathematics and Algorithms (MS&E 316)), %q(305), %q(3), %q(3)]).includes ["WIN"]
make([%q(Numerical Solution of Partial Differential Equations (MATH 226)), %q(306), %q(3), %q(3)]).includes ["SPR"]
make([%q(Stochastic Methods in Engineering (MATH 228)), %q(308), %q(3), %q(3)]).includes ["SPR"]
make([%q(Randomized Algorithms and Probabilistic Analysis (CS 265)), %q(309), %q(3), %q(3)]).includes ["AUT"]
make([%q(Mathematical Methods of Imaging (MATH 221A)), %q(321A), %q(3), %q(3)]).includes ["ALTERNATE YEARS", "GIVEN NEXT YEAR"]
make([%q(Mathematical Methods of Imaging (MATH 221B)), %q(321B), %q(3), %q(3)]).includes ["ALTERNATE YEARS", "GIVEN NEXT YEAR"]
make([%q(Spectral Methods in Computational Physics (ME 408)), %q(322), %q(3), %q(3)]).includes ["WIN"]
make([%q(Distributed Algorithms and Optimization), %q(323), %q(3), %q(3)]).includes ["SPR"]
make([%q(Numerical Approximations of Partial Differential Equations in Theory and Practice), %q(325), %q(1), %q(2)]).includes ["NOT GIVEN THIS YEAR"]
make([%q(Numerical Methods for Initial Boundary Value Problems), %q(326), %q(3), %q(3)]).includes ["NOT GIVEN THIS YEAR"]
make([%q(Numerical Methods for Stiff Problems), %q(327), %q(3), %q(3)]).includes ["NOT GIVEN THIS YEAR"]
make([%q(Advanced Topics in Partial Differential Equations), %q(328), %q(3), %q(3)]).includes ["NOT GIVEN THIS YEAR"]
make([%q(Top Ten Algorithms of the 20th Century (MATH 310)), %q(329), %q(3), %q(3)]).includes ["NOT GIVEN THIS YEAR"]
make([%q(Applied Mathematics in the Chemical and Biological Sciences (CHEMENG 300)), %q(330), %q(3), %q(3)]).includes ["AUT"]
make([%q(Advanced Methods in Numerical Optimization (MS&E 312)), %q(334), %q(3), %q(3)]).includes ["AUT"]
make([%q(Advanced Topics in Numerical Linear Algebra), %q(335), %q(1), %q(1)]).includes ["WIN"]
make([%q(Linear and Conic Optimization with Applications (MS&E 314)), %q(336), %q(3), %q(3)]).includes ["WIN", "ALTERNATE YEARS", "NOT GIVEN NEXT YEAR"]
make([%q(Large-Scale Numerical Optimization (MS&E 318)), %q(338), %q(3), %q(3)]).includes ["SPR"]
make([%q(Parallel Methods in Numerical Analysis), %q(342), %q(3), %q(3)]).includes ["ALTERNATE YEARS", "GIVEN NEXT YEAR"]
make([%q(Model Reduction), %q(345), %q(3), %q(3)]).includes ["NOT GIVEN THIS YEAR"]
make([%q(Engineering Functional Analysis and Finite Elements (ME 412)), %q(356), %q(3), %q(3)]).includes ["WIN"]
make([%q(Finite Element Method for Fluid Mechanics), %q(358), %q(3), %q(3)]).includes ["NOT GIVEN THIS YEAR"]
make([%q(An Introduction to Compressed Sensing (STATS 330)), %q(362), %q(3), %q(3)]).includes ["AUT"]
make([%q(Convex Optimization I (CS 334A, EE 364A)), %q(364A), %q(3), %q(3)]).includes ["WIN", "SUM"]
make([%q(Convex Optimization II (EE 364B)), %q(364B), %q(3), %q(3)]).includes ["NOT GIVEN THIS YEAR"]
make([%q(Computational Biology in Four Dimensions (CS 371)), %q(371), %q(3), %q(3)]).includes ["SPR"]
make([%q(Applied Fourier Analysis and Elements of Modern Signal Processing (MATH 262)), %q(372), %q(3), %q(3)]).includes ["ALTERNATE YEARS", "NOT GIVEN NEXT YEAR"]
make([%q(Curricular Practical Training), %q(390), %q(1), %q(1)]).includes ["AUT", "WIN", "SPR", "SUM"]
make([%q(Special Research Topics in Computational and Mathematical Engineering), %q(399), %q(1), %q(15)]).includes ["AUT", "WIN", "SPR", "SUM"]
make([%q(Ph.D. Research), %q(400), %q(1), %q(15)]).includes ["AUT", "WIN", "SPR", "SUM"]
make([%q(Computational Consulting), %q(444), %q(1), %q(3)]).includes ["AUT", "WIN", "SPR"]
make([%q(Numerical Analysis and Computational and Mathematical Engineering Seminar), %q(500), %q(1), %q(1)]).includes ["AUT", "WIN", "SPR"]
make([%q(Linear Algebra and Optimization Seminar), %q(510), %q(1), %q(1)]).includes ["AUT", "WIN"]
make([%q(Topics in Simulation of Human Physiology & Anatomical Systems (SURG 253)), %q(520), %q(1), %q(1)]).includes ["NOT GIVEN THIS YEAR"]
make([%q(TGR Project), %q(801), %q(0), %q(0)]).includes ["AUT", "WIN", "SPR", "SUM"]
make([%q(TGR Dissertation), %q(802), %q(0), %q(0)]).includes ["AUT", "WIN", "SPR", "SUM"]
