make([%q(Introduction to International Relations (POLISCI 1)), %q(1), %q(5), %q(5)]).includes ["AUT", "SPR"]
make([%q(The Human Rights Fad? International Human Rights Advocacy and the Ethics of Humanitarianism), %q(12), %q(1), %q(1)]).includes ["NOT GIVEN THIS YEAR"]
make([%q(Not For Sale: Human Trafficking in the Bay Area), %q(13), %q(1), %q(1)]).includes ["NOT GIVEN THIS YEAR"]
make([%q(World War 1: Ongoing and New Controversies), %q(40N), %q(3), %q(3)]).includes ["AUT"]
make([%q(United Nations Peacekeeping), %q(60Q), %q(3), %q(3)]).includes ["WIN"]
make([%q(Food and security (EARTHSYS 61Q, EESS 61Q)), %q(61Q), %q(3), %q(3)]).includes ["ALTERNATE YEARS", "GIVEN NEXT YEAR"]
make([%q(Aesthetics of Dissent: the Case of Islamic Iran (COMPLIT 40Q)), %q(71Q), %q(2), %q(2)]).includes ["AUT"]
make([%q(History of the International System (HISTORY 102)), %q(102), %q(5), %q(5)]).includes ["SPR"]
make([%q(Global Catholicism (HISTORY 203E)), %q(103E), %q(5), %q(5)]).includes ["SPR"]
make([%q(Human Trafficking: Historical, Legal, and Medical Perspectives (FEMGEN 105C, HISTORY 105C)), %q(105C), %q(5), %q(5)]).includes ["WIN"]
make([%q(America and the World Economy (POLISCI 110C, POLISCI 110X)), %q(110C), %q(5), %q(5)]).includes ["NOT GIVEN THIS YEAR"]
make([%q(War and Peace in American Foreign Policy (POLISCI 110D, POLISCI 110Y)), %q(110D), %q(5), %q(5)]).includes ["SPR"]
make([%q(Micro Finance, Impact Investment and Gender), %q(112), %q(1), %q(2)]).includes ["NOT GIVEN THIS YEAR"]
make([%q(Democracy, Development, and the Rule of Law (IPS 230, POLISCI 114D, POLISCI 314D)), %q(114D), %q(5), %q(5)]).includes ["AUT"]
make([%q(Political Economy of International Trade and Investment (POLISCI 218S)), %q(118S), %q(5), %q(5)]).includes ["NOT GIVEN THIS YEAR"]
make([%q(The International Human Rights Movement;  Assessing its History, Work and Current Challenges), %q(119), %q(4), %q(4)]).includes ["SUM"]
make([%q(Introduction to European Studies (POLISCI 213E)), %q(122), %q(5), %q(5)]).includes ["WIN"]
make([%q(The Political Economy of the European Union), %q(122A), %q(5), %q(5)]).includes ["NOT GIVEN NEXT YEAR"]
make([%q(The Future of the European Union: Challenges and Opportunities), %q(123), %q(5), %q(5)]).includes ["SPR"]
make([%q(International Problem-Solving Through NGOs: Policy, Players, Strategies, and Ethics (PUBLPOL 128, PUBLPOL 228)), %q(128B), %q(2), %q(2)]).includes ["NOT GIVEN THIS YEAR"]
make([%q(International Environmental Law and Policy), %q(135A), %q(5), %q(5)]).includes ["WIN"]
make([%q(History of International Relations Thought (POLISCI 238T)), %q(136), %q(5), %q(5)]).includes ["NOT GIVEN THIS YEAR"]
make([%q(Introduction to Global Justice (ETHICSOC 136R, PHIL 76, POLISCI 136R, POLISCI 336)), %q(136R), %q(4), %q(4)]).includes ["SPR"]
make([%q(International Law and International Relations), %q(140A), %q(5), %q(5)]).includes ["AUT"]
make([%q(The U.S., U.N. Peacekeeping, and Humanitarian War (HISTORY 201C)), %q(140C), %q(5), %q(5)]).includes ["AUT"]
make([%q(Camera as Witness: International Human Rights Documentaries), %q(141A), %q(5), %q(5)]).includes ["AUT"]
make([%q(Challenging the Status Quo: Social Entrepreneurs Advancing Democracy, Development and Justice (AFRICAST 142)), %q(142), %q(3), %q(5)]).includes ["WIN"]
make([%q(State and Society in Korea (SOC 111, SOC 211)), %q(143), %q(4), %q(4)]).includes ["NOT GIVEN THIS YEAR"]
make([%q(New Global Human Rights), %q(144), %q(3), %q(3)]).includes ["NOT GIVEN THIS YEAR"]
make([%q(Genocide and Humanitarian Intervention), %q(145), %q(4), %q(4)]).includes ["SUM"]
make([%q(The Economics and Political Economy of the Multilateral Trade System), %q(149), %q(5), %q(5)]).includes ["WIN"]
make([%q(Decoding the Arab Spring and the Future of the MIddle East), %q(151), %q(5), %q(5)]).includes ["NOT GIVEN THIS YEAR"]
make([%q(Organized Crime and Democracy in Latin America (IPS 247, POLISCI 244T)), %q(152), %q(5), %q(5)]).includes ["NOT GIVEN THIS YEAR"]
make([%q(The Cold War: An International History (HISTORY 266C)), %q(154), %q(5), %q(5)]).includes ["AUT"]
make([%q(The Political Economy of the Arab Revolutions), %q(157), %q(5), %q(5)]).includes ["NOT GIVEN THIS YEAR"]
make([%q(Political Economy of East Asia (POLISCI 211)), %q(159), %q(3), %q(5)]).includes ["NOT GIVEN THIS YEAR"]
make([%q(Introduction to Israeli Politics (JEWISHST 279P, POLISCI 249P)), %q(163), %q(5), %q(5)]).includes ["NOT GIVEN THIS YEAR"]
make([%q(Presidents and Foreign Policy in Modern History (HISTORY 261G)), %q(173), %q(5), %q(5)]).includes ["WIN"]
make([%q(Diplomacy on the Ground: Case Studies in the Challenges of Representing Your Country (HISTORY 252B)), %q(174), %q(5), %q(5)]).includes ["SPR"]
make([%q(Bridging the Divide:  Civil-Military Relations and Military Service as Public Service), %q(177), %q(1), %q(1)]).includes ["NOT GIVEN THIS YEAR"]
make([%q(Transitional Justice, Human Rights, and International Criminal Tribunals (ETHICSOC 280, IPS 280)), %q(180A), %q(3), %q(5)]).includes ["SPR"]
make([%q(World War I: Three Perspectives), %q(182), %q(2), %q(2)]).includes ["NOT GIVEN THIS YEAR"]
make([%q(PRACTICAL TRAINING), %q(189), %q(1), %q(3)]).includes ["SPR", "SUM"]
make([%q(IR Journal), %q(191), %q(1), %q(1)]).includes ["AUT", "WIN", "SPR"]
make([%q(Directed Reading in International Relations), %q(197), %q(1), %q(5)]).includes ["AUT", "WIN", "SPR", "SUM"]
make([%q(Senior Thesis), %q(198), %q(2), %q(10)]).includes ["AUT", "WIN", "SPR", "SUM"]
make([%q(International Relations Honors Field Research), %q(200A), %q(3), %q(3)]).includes ["SPR"]
make([%q(International Relations Honors Seminar), %q(200B), %q(3), %q(3)]).includes ["AUT"]
make([%q(IR Honors Thesis Writing), %q(200C), %q(1), %q(1)]).includes ["WIN"]
make([%q(Palestinian Nationalism, Past and Present), %q(206), %q(5), %q(5)]).includes ["NOT GIVEN THIS YEAR"]
make([%q(Tribe, State, and Society in the Modern Middle East), %q(207), %q(5), %q(5)]).includes ["NOT GIVEN THIS YEAR"]
