make([%q(The Future of Academic Medicine), %q(200), %q(1), %q(1)]).includes ["AUT"]
make([%q(Practice of Medicine I), %q(201), %q(11), %q(11)]).includes ["AUT"]
make([%q(Practice of Medicine II), %q(202), %q(8), %q(8)]).includes ["WIN"]
make([%q(Practice of Medicine III), %q(203), %q(8), %q(8)]).includes ["SPR"]
make([%q(Practice of Medicine IV), %q(204), %q(10), %q(10)]).includes ["AUT"]
make([%q(Practice of Medicine V), %q(205), %q(8), %q(8)]).includes ["WIN"]
make([%q(Practice of Medicine VI), %q(206), %q(9), %q(9)]).includes ["SPR"]
make([%q(Medical Mandarin I: Beginning), %q(207A), %q(2), %q(3)]).includes ["AUT"]
make([%q(Medical Mandarin II: Intermediate), %q(207B), %q(2), %q(3)]).includes ["AUT"]
make([%q(Medical Mandarin III: Advanced), %q(207C), %q(2), %q(3)]).includes ["AUT"]
make([%q(Professional Mandarin I), %q(207D), %q(2), %q(3)]).includes ["AUT"]
make([%q(Medical Mandarin I: Beginning), %q(208A), %q(2), %q(3)]).includes ["WIN"]
make([%q(Medical Mandarin II: Intermediate), %q(208B), %q(2), %q(3)]).includes ["WIN"]
make([%q(Medical Mandarin III: Advanced), %q(208C), %q(2), %q(3)]).includes ["WIN"]
make([%q(Professional Mandarin II), %q(208D), %q(2), %q(3)]).includes ["WIN"]
make([%q(Medical Mandarin III: Beginning), %q(209A), %q(2), %q(3)]).includes ["SPR"]
make([%q(Medical Mandarin III: Intermediate), %q(209B), %q(2), %q(3)]).includes ["SPR"]
make([%q(Medical Mandarin III: Advanced), %q(209C), %q(2), %q(3)]).includes ["SPR"]
make([%q(Professional Mandarin III), %q(209D), %q(2), %q(3)]).includes ["SPR"]
make([%q(Creative Writing), %q(211), %q(1), %q(1)]).includes ["WIN"]
make([%q(The Human Condition: Medicine, Arts, and Humanities), %q(212), %q(2), %q(2)]).includes ["SPR"]
make([%q(Stanford Medical Student Journal), %q(214), %q(1), %q(1)]).includes ["AUT", "WIN", "SPR"]
make([%q(Queer Health and Medicine), %q(215), %q(1), %q(1)]).includes ["SPR"]
make([%q(Cells to Tissues), %q(216), %q(3), %q(3)]).includes ["AUT"]
make([%q(Physician Scientist Hour), %q(217), %q(1), %q(1)]).includes ["AUT", "WIN", "SPR"]
make([%q(Human Health and Disease I), %q(220), %q(3), %q(3)]).includes ["WIN"]
make([%q(Human Health and Disease II), %q(221), %q(12), %q(12)]).includes ["SPR"]
make([%q(Human Health and Disease III), %q(222), %q(15), %q(15)]).includes ["AUT"]
make([%q(Human Health and Disease IV), %q(223), %q(11), %q(11)]).includes ["WIN"]
make([%q(Popular and Clinical Nutrition: Food Facts, Fads, and Pharmacology), %q(225), %q(1), %q(1)]).includes ["SPR"]
make([%q(History of Medicine Online), %q(226), %q(1), %q(1)]).includes ["AUT", "WIN", "SPR"]
make([%q(Careers in Medicine: Pathways in the Medical Sciences), %q(227), %q(1), %q(1)]).includes ["SPR"]
make([%q(Career Transition Planning: Taking Action Today for a Successful Tomorrow), %q(228), %q(1), %q(1)]).includes ["SPR"]
make([%q(Managing Difficult Conversations), %q(229), %q(2), %q(2)]).includes ["AUT"]
make([%q(Future Faculty Seminar (CTL 231)), %q(231), %q(1), %q(1)]).includes ["AUT"]
make([%q(Introduction to Academic Medicine for Physician-Scientists), %q(232), %q(3), %q(3)]).includes ["NOT GIVEN THIS YEAR"]
make([%q(Medical Education Seminar Series), %q(233), %q(1), %q(1)]).includes ["AUT", "WIN", "SPR"]
make([%q(Introduction to Writing Research Proposals), %q(234), %q(3), %q(3)]).includes ["SPR"]
make([%q(Wilderness Leadership and Mentorship Skills for Medical Students), %q(235), %q(2), %q(2)]).includes ["SPR"]
make([%q(Introduction to Teaching and Mentoring), %q(236), %q(1), %q(1)]).includes ["NOT GIVEN THIS YEAR"]
make([%q(Medical Impact of Sexual and Relationship Abuse Throughout the Life Course (FEMGEN 237)), %q(237), %q(1), %q(1)]).includes ["WIN"]
make([%q(Preparation and Practice for Biotechnology Business and Finance), %q(239), %q(2), %q(2)]).includes ["WIN"]
make([%q(Health Policy, Finance and Economics I), %q(255A), %q(1), %q(1)]).includes ["NOT GIVEN THIS YEAR"]
make([%q(Health Policy, Finance and Economics II), %q(255B), %q(1), %q(1)]).includes ["NOT GIVEN THIS YEAR"]
make([%q(Challenging Sex and Gender Dichotomies in Medicine (FEMGEN 124, FEMGEN 224)), %q(257), %q(2), %q(2)]).includes ["SPR"]
make([%q(Journeys in Women's Health and Sex and Gender in Medicine (FEMGEN 260X)), %q(260), %q(1), %q(1)]).includes ["NOT GIVEN THIS YEAR"]
make([%q(Bioethics and Anthropology Interdisciplinary Directed Individual Study), %q(295), %q(3), %q(5)]).includes ["AUT", "WIN", "SPR", "SUM"]
make([%q(Reflections, Research, and Advances in Patient Care), %q(297), %q(4), %q(4)]).includes ["AUT", "WIN", "SPR", "SUM"]
make([%q(Women's Health Independent Project), %q(298), %q(1), %q(1)]).includes ["AUT", "WIN", "SPR", "SUM"]
