make([%q(TO DIE FOR: ANTIGONE AND POLITICAL DISSENT (TAPS 12N)), %q(6N), %q(4), %q(4)]).includes ["WIN"]
make([%q(GREEK AND LATIN ROOTS OF ENGLISH), %q(9), %q(3), %q(3)]).includes ["SUM"]
make([%q(GENDER AND POWER IN ANCIENT GREECE (FEMGEN 17)), %q(17), %q(3), %q(4)]).includes ["AUT"]
make([%q(GREEK MYTHOLOGY), %q(18), %q(3), %q(5)]).includes ["SPR", "SUM"]
make([%q(GREEK MYTHOLOGY AND POPULAR CULTURE), %q(19SI), %q(2), %q(2)]).includes ["AUT"]
make([%q(MAPPING THE MEDITERRANEAN), %q(20N), %q(4), %q(5)]).includes ["NOT GIVEN THIS YEAR"]
make([%q(SAPPHO: EROTIC POETESS OF LESBOS (FEMGEN 24N)), %q(24N), %q(4), %q(5)]).includes ["SPR"]
make([%q(ANCIENT ATHLETICS), %q(34), %q(3), %q(4)]).includes ["WIN", "SUM"]
make([%q(ANCIENT PAGE TO MODERN STAGE), %q(38A), %q(3), %q(5)]).includes ["SPR"]
make([%q(CLASSICAL CALIFORNIA), %q(61N), %q(4), %q(4)]).includes ["WIN"]
make([%q(HERODOTUS), %q(66), %q(4), %q(5)]).includes ["OFFERED OCCASIONALLY"]
make([%q(PHILOSOPHY AND LITERATURE (COMPLIT 181, ENGLISH 81, FRENCH 181, GERMAN 181, ITALIAN 181, PHIL 81, SLAVIC 181)), %q(81), %q(5), %q(5)]).includes ["WIN"]
make([%q(EXPLORING THE NEW TESTAMENT (RELIGST 86)), %q(86), %q(4), %q(4)]).includes ["WIN"]
make([%q(PRIESTS, PROPHETS, AND KINGS: RELIGION AND SOCIETY IN LATE ANTIQUE IRAN (CLASSGEN 206, RELIGST 209, RELIGST 309)), %q(106), %q(4), %q(5)]).includes ["SPR"]
make([%q(EMPEROR, EXPLORER, AND GOD: ALEXANDER THE GREAT IN THE GLOBAL IMAGINATION (RELIGST 109)), %q(109), %q(3), %q(3)]).includes ["WIN"]
make([%q(INTRODUCTION TO GREEK TRAGEDY (TAPS 167)), %q(110), %q(4), %q(4)]).includes ["WIN"]
make([%q(ECOLOGY IN PHILOSOPHY AND LITERATURE), %q(116), %q(3), %q(5)]).includes ["AUT"]
make([%q(THE LANGUAGE OF HOMER), %q(117), %q(4), %q(5)]).includes ["NOT GIVEN THIS YEAR"]
make([%q(URBAN SUSTAINABILITY: LONG-TERM ARCHAEOLOGICAL PERSPECTIVES (CLASSGEN 223, URBANST 115)), %q(123), %q(3), %q(5)]).includes ["WIN"]
make([%q(JEWISH-CHRISTIAN RELATIONS IN ANTIQUITY (RELIGST 226D)), %q(126B), %q(1), %q(2)]).includes ["NOT GIVEN THIS YEAR"]
make([%q(EARLY CHRISTIAN GOSPELS (RELIGST 132D)), %q(132), %q(4), %q(4)]).includes ["NOT GIVEN THIS YEAR"]
make([%q(ANCIENT MEDICINE), %q(139), %q(3), %q(4)]).includes ["AUT"]
make([%q(ANCIENT AND MODERN MEDICINE), %q(149), %q(3), %q(4)]).includes ["NOT GIVEN THIS YEAR"]
make([%q(IMAGES OF WOMEN IN ANCIENT CHINA AND GREECE (CHINGEN 143, CHINGEN 243, CLASSGEN 253)), %q(153), %q(4), %q(4)]).includes ["NOT GIVEN THIS YEAR"]
make([%q(WINGED BULLS AND SUN DISKS: RELIGION AND POLITICS IN THE PERSIAN EMPIRE (CLASSGEN 259, RELIGST 229, RELIGST 329)), %q(159), %q(3), %q(5)]).includes ["NOT GIVEN THIS YEAR"]
make([%q(DIRECTED READINGS (UNDERGRADUATE)), %q(160), %q(1), %q(15)]).includes ["AUT", "WIN", "SPR", "SUM"]
make([%q(MAJORS SEMINAR), %q(176), %q(5), %q(5)]).includes ["WIN"]
make([%q(IMPERISHABLE HEROES AND UNBLEMISHED GODDESSES: MYTH, RITUAL, AND EPIC IN ANCIENT IRAN (CLASSGEN 289, RELIGST 209E, RELIGST 309E)), %q(189), %q(3), %q(5)]).includes ["NOT GIVEN THIS YEAR"]
make([%q(UNDERGRADUATE THESIS: SENIOR RESEARCH), %q(199), %q(2), %q(10)]).includes ["AUT", "WIN", "SPR", "SUM"]
make([%q(THE SEMANTICS OF GRAMMAR), %q(205A), %q(2), %q(2)]).includes ["AUT"]
make([%q(THE SEMANTICS OF GRAMMAR), %q(205B), %q(2), %q(2)]).includes ["WIN"]
make([%q(PRIESTS, PROPHETS, AND KINGS: RELIGION AND SOCIETY IN LATE ANTIQUE IRAN (CLASSGEN 106, RELIGST 209, RELIGST 309)), %q(206), %q(4), %q(5)]).includes ["SPR"]
make([%q(SURVEY OF GREEK AND LATIN LITERATURE: LITERATURE OF THE ROMAN REPUBLIC), %q(207A), %q(3), %q(5)]).includes ["ALTERNATE YEARS", "GIVEN NEXT YEAR"]
make([%q(SURVEY OF GREEK AND LATIN LITERATURE: AUGUSTAN AGE LATIN), %q(207B), %q(3), %q(5)]).includes ["ALTERNATE YEARS", "GIVEN NEXT YEAR"]
make([%q(SURVEY OF GREEK AND LATIN LITERATURE: IMPERIAL LATIN), %q(207C), %q(3), %q(5)]).includes ["ALTERNATE YEARS", "GIVEN NEXT YEAR"]
make([%q(SURVEY OF GREEK AND LATIN LITERATURE: ARCHAIC GREEK), %q(208A), %q(3), %q(5)]).includes ["AUT"]
make([%q(SURVEY OF GREEK AND LATIN LITERATURE: CLASSICAL GREEK), %q(208B), %q(3), %q(5)]).includes ["WIN"]
make([%q(SURVEY OF GREEK AND LATIN LITERATURE: HELLENISTIC AND LATE GREEK), %q(208C), %q(3), %q(5)]).includes ["SPR"]
make([%q(INTRODUCTION TO LATIN EPIGRAPHY), %q(219), %q(2), %q(3)]).includes ["WIN"]
make([%q(URBAN SUSTAINABILITY: LONG-TERM ARCHAEOLOGICAL PERSPECTIVES (CLASSGEN 123, URBANST 115)), %q(223), %q(3), %q(5)]).includes ["WIN"]
make([%q(CLASSICAL EPIC AND THE ENGLISH RENAISSANCE), %q(229), %q(3), %q(5)]).includes ["NOT GIVEN THIS YEAR"]
make([%q(WORDS AND THINGS IN THE HISTORY OF CLASSICAL SCHOLARSHIP (HISTORY 303F)), %q(241), %q(4), %q(5)]).includes ["AUT"]
make([%q(SECOND SOPHISTIC SCIENCE), %q(243), %q(3), %q(4)]).includes ["NOT GIVEN THIS YEAR"]
make([%q(IMAGES OF WOMEN IN ANCIENT CHINA AND GREECE (CHINGEN 143, CHINGEN 243, CLASSGEN 153)), %q(253), %q(4), %q(4)]).includes ["NOT GIVEN THIS YEAR"]
make([%q(WINGED BULLS AND SUN DISKS: RELIGION AND POLITICS IN THE PERSIAN EMPIRE (CLASSGEN 159, RELIGST 229, RELIGST 329)), %q(259), %q(3), %q(5)]).includes ["NOT GIVEN THIS YEAR"]
make([%q(DIRECTED READING IN CLASSICS (GRADUATE STUDENTS)), %q(260), %q(1), %q(15)]).includes ["AUT", "WIN", "SPR", "SUM"]
make([%q(IMPERISHABLE HEROES AND UNBLEMISHED GODDESSES: MYTH, RITUAL, AND EPIC IN ANCIENT IRAN (CLASSGEN 189, RELIGST 209E, RELIGST 309E)), %q(289), %q(3), %q(5)]).includes ["NOT GIVEN THIS YEAR"]
make([%q(GATEWAYS TO CLASSICS), %q(300A), %q(1), %q(1)]).includes ["AUT"]
make([%q(PALEOGRAPHY OF MEDIEVAL AND EARLY MODERN MANUSCRIPTS (DLCL 209, ENGLISH 209, HISTORY 309G, RELIGST 204)), %q(311), %q(3), %q(5)]).includes ["SPR"]
make([%q(THE ANCIENT SCIENCES OF GEOGRAPHY), %q(312), %q(3), %q(5)]).includes ["SPR"]
make([%q(COLLECTING IN ANTIQUITY), %q(335), %q(3), %q(5)]).includes ["AUT"]
make([%q(AUGUSTINE ON MEMORY, TIME, AND THE SELF), %q(336), %q(3), %q(5)]).includes ["SPR"]
make([%q(ARISTOTLE AND THE OBJECT OF MATHEMATICAL REASONING (PHIL 318)), %q(338), %q(4), %q(4)]).includes ["NOT GIVEN THIS YEAR"]
make([%q(WORKSHOP ON TEACHING CLASSICS IN THE DIGITAL AGE), %q(339), %q(2), %q(4)]).includes ["AUT"]
make([%q(MASTER'S THESIS RESEARCH), %q(359), %q(1), %q(15)]).includes ["WIN", "SPR", "SUM"]
make([%q(DISSERTATION RESEARCH IN CLASSICS), %q(360), %q(1), %q(10)]).includes ["AUT", "WIN", "SPR", "SUM"]
make([%q(TGR M.A. PROJECT), %q(801), %q(0), %q(0)]).includes ["AUT", "WIN", "SPR", "SUM"]
make([%q(TGR PH.D. DISSERTATION), %q(802), %q(0), %q(0)]).includes ["AUT", "WIN", "SPR", "SUM"]
