make([%q(Introduction to Film Study), %q(4), %q(5), %q(5)]).includes ["WIN"]
make([%q(Language of Film), %q(4S), %q(3), %q(3)]).includes ["SUM"]
make([%q(Introduction to Digital Media), %q(6), %q(5), %q(5)]).includes ["NOT GIVEN THIS YEAR"]
make([%q(Introduction to Television Studies), %q(7), %q(5), %q(5)]).includes ["NOT GIVEN THIS YEAR"]
make([%q(History of World Cinema I, 1895-1929 (FILMSTUD 300A)), %q(100A), %q(4), %q(4)]).includes ["NOT GIVEN THIS YEAR"]
make([%q(History of World Cinema II, 1930-1959 (FILMSTUD 300B)), %q(100B), %q(4), %q(4)]).includes ["SPR"]
make([%q(History of World Cinema III, 1960-Present (FILMSTUD 300C)), %q(100C), %q(4), %q(4)]).includes ["SPR"]
make([%q(Fundamentals of Cinematic Analysis (FILMSTUD 301)), %q(101), %q(4), %q(4)]).includes ["AUT"]
make([%q(Theories of the Moving Image (FILMSTUD 302)), %q(102), %q(4), %q(4)]).includes ["WIN"]
make([%q(Introduction to the Movies- How Movies Are Developed, Produced, Marketed and Exhibited (FILMSTUD 304)), %q(104), %q(4), %q(4)]).includes ["NOT GIVEN THIS YEAR"]
make([%q(Science Fiction Cinema (FILMSTUD 310)), %q(110), %q(4), %q(4)]).includes ["AUT"]
make([%q(Darkness in Light: The Filmic Imagination of Horror), %q(110N), %q(3), %q(3)]).includes ["SPR"]
make([%q(Documentary Issues and Traditions (FILMSTUD 315)), %q(115), %q(4), %q(4)]).includes ["AUT"]
make([%q(International Documentary (FILMSTUD 316)), %q(116), %q(4), %q(4)]).includes ["NOT GIVEN THIS YEAR"]
make([%q(Contemporary Chinese Auteurs (FILMSTUD 333)), %q(133), %q(4), %q(4)]).includes ["NOT GIVEN THIS YEAR"]
make([%q(Gender and Sexuality in Chinese Cinema (FILMSTUD 336)), %q(136), %q(4), %q(4)]).includes ["NOT GIVEN THIS YEAR"]
make([%q(Film Aesthetics: Editing (FILMSTUD 340)), %q(140), %q(4), %q(4)]).includes ["NOT GIVEN THIS YEAR"]
make([%q(Music Across Media: Music Video to Postclassical Cinema (FILMSTUD 341, MUSIC 185, MUSIC 385)), %q(141), %q(4), %q(4)]).includes ["NOT GIVEN THIS YEAR"]
make([%q(Politics and Aesthetics in East European Cinema (FILMSTUD 345)), %q(145), %q(4), %q(4)]).includes ["NOT GIVEN THIS YEAR"]
make([%q(History and Politics in Russian and Eastern European Cinema (FILMSTUD 345B, REES 301A)), %q(145B), %q(4), %q(5)]).includes ["AUT"]
make([%q(Cinema and the City (FILMSTUD 350)), %q(150), %q(4), %q(4)]).includes ["NOT GIVEN THIS YEAR"]
make([%q(Film Noir from Bogart to Mulholland Drive (FILMSTUD 357)), %q(157), %q(4), %q(4)]).includes ["WIN"]
make([%q(Technology and the Visual Imagination (ARTHIST 164A, ARTHIST 364A, FILMSTUD 364A)), %q(164A), %q(4), %q(4)]).includes ["NOT GIVEN THIS YEAR"]
make([%q(Fashion Shows: From Lady Godiva to Lady Gaga (ARTHIST 165A, ARTHIST 365A, FILMSTUD 365A)), %q(165A), %q(4), %q(4)]).includes ["WIN"]
make([%q(Beyond the Fuzzy-Techie Divide: Art, Science, Technology (ARTHIST 167, ARTHIST 367, FILMSTUD 367B)), %q(167B), %q(4), %q(4)]).includes ["SPR"]
make([%q(Bollywood and Beyond: An Introduction to Indian Film (COMPLIT 247, ICA 250)), %q(250B), %q(3), %q(5)]).includes ["SPR"]
make([%q(Media in Transition), %q(251), %q(5), %q(5)]).includes ["NOT GIVEN THIS YEAR"]
make([%q(Movies and Methods-The Judy Garland Seminar (FILMSTUD 490)), %q(290), %q(5), %q(5)]).includes ["WIN"]
make([%q(Honors Thesis Writing), %q(297), %q(1), %q(5)]).includes ["AUT", "WIN", "SPR"]
make([%q(Independent Study: Film and Media Studies), %q(299), %q(1), %q(15)]).includes ["AUT", "WIN", "SPR", "SUM"]
make([%q(History of World Cinema I, 1895-1929 (FILMSTUD 100A)), %q(300A), %q(4), %q(4)]).includes ["NOT GIVEN THIS YEAR"]
make([%q(History of World Cinema II, 1930-1959 (FILMSTUD 100B)), %q(300B), %q(4), %q(4)]).includes ["SPR"]
make([%q(History of World Cinema III, 1960-Present (FILMSTUD 100C)), %q(300C), %q(4), %q(4)]).includes ["SPR"]
make([%q(Fundamentals of Cinematic Analysis (FILMSTUD 101)), %q(301), %q(4), %q(4)]).includes ["AUT"]
make([%q(Theories of the Moving Image (FILMSTUD 102)), %q(302), %q(4), %q(4)]).includes ["WIN"]
make([%q(Introduction to the Movies- How Movies Are Developed, Produced, Marketed and Exhibited (FILMSTUD 104)), %q(304), %q(4), %q(4)]).includes ["NOT GIVEN THIS YEAR"]
make([%q(Science Fiction Cinema (FILMSTUD 110)), %q(310), %q(4), %q(4)]).includes ["AUT"]
make([%q(Documentary Issues and Traditions (FILMSTUD 115)), %q(315), %q(4), %q(4)]).includes ["AUT"]
make([%q(International Documentary (FILMSTUD 116)), %q(316), %q(4), %q(4)]).includes ["NOT GIVEN THIS YEAR"]
make([%q(East Asian Cinema), %q(332), %q(4), %q(4)]).includes ["NOT GIVEN THIS YEAR"]
make([%q(Contemporary Chinese Auteurs (FILMSTUD 133)), %q(333), %q(4), %q(4)]).includes ["NOT GIVEN THIS YEAR"]
make([%q(Gender and Sexuality in Chinese Cinema (FILMSTUD 136)), %q(336), %q(4), %q(4)]).includes ["NOT GIVEN THIS YEAR"]
make([%q(Film Aesthetics: Editing (FILMSTUD 140)), %q(340), %q(4), %q(4)]).includes ["NOT GIVEN THIS YEAR"]
make([%q(Music Across Media: Music Video to Postclassical Cinema (FILMSTUD 141, MUSIC 185, MUSIC 385)), %q(341), %q(4), %q(4)]).includes ["NOT GIVEN THIS YEAR"]
make([%q(Politics and Aesthetics in East European Cinema (FILMSTUD 145)), %q(345), %q(4), %q(4)]).includes ["NOT GIVEN THIS YEAR"]
make([%q(History and Politics in Russian and Eastern European Cinema (FILMSTUD 145B, REES 301A)), %q(345B), %q(4), %q(5)]).includes ["AUT"]
make([%q(Cinema and the City (FILMSTUD 150)), %q(350), %q(4), %q(4)]).includes ["NOT GIVEN THIS YEAR"]
make([%q(Comics and the City), %q(355), %q(4), %q(4)]).includes ["NOT GIVEN THIS YEAR"]
make([%q(Film Noir from Bogart to Mulholland Drive (FILMSTUD 157)), %q(357), %q(4), %q(4)]).includes ["WIN"]
make([%q(Technology and the Visual Imagination (ARTHIST 164A, ARTHIST 364A, FILMSTUD 164A)), %q(364A), %q(4), %q(4)]).includes ["NOT GIVEN THIS YEAR"]
make([%q(Fashion Shows: From Lady Godiva to Lady Gaga (ARTHIST 165A, ARTHIST 365A, FILMSTUD 165A)), %q(365A), %q(4), %q(4)]).includes ["WIN"]
make([%q(Beyond the Fuzzy-Techie Divide: Art, Science, Technology (ARTHIST 167, ARTHIST 367, FILMSTUD 167B)), %q(367B), %q(4), %q(4)]).includes ["SPR"]
make([%q(Frankfurt School & Film Theory), %q(402), %q(5), %q(5)]).includes ["WIN"]
make([%q(Postwar American Avant Garde Cinema), %q(404), %q(5), %q(5)]).includes ["NOT GIVEN THIS YEAR"]
make([%q(Montage), %q(406), %q(5), %q(5)]).includes ["AUT"]
make([%q(Documentary Perspectives I), %q(410A), %q(4), %q(4)]).includes ["NOT GIVEN THIS YEAR"]
make([%q(Documentary Perspectives II), %q(410B), %q(4), %q(4)]).includes ["WIN"]
make([%q(Comics), %q(414), %q(5), %q(5)]).includes ["NOT GIVEN THIS YEAR"]
make([%q(Chinese Cinema), %q(436), %q(5), %q(5)]).includes ["NOT GIVEN THIS YEAR"]
make([%q(Movies and Methods-The Judy Garland Seminar (FILMSTUD 290)), %q(490), %q(5), %q(5)]).includes ["WIN"]
make([%q(Area Core Examination Preparation), %q(620), %q(5), %q(5)]).includes ["AUT", "WIN", "SPR", "SUM"]
make([%q(Independent Study), %q(660), %q(1), %q(15)]).includes ["AUT", "WIN", "SPR", "SUM"]
make([%q(Extended Seminar), %q(660E), %q(4), %q(4)]).includes ["AUT", "WIN", "SPR"]
