make([%q(ECONOMICS OF HEALTH AND MEDICAL CARE (BIOMEDIN 256, ECON 126, HRP 256)), %q(156), %q(5), %q(5)]).includes ["AUT", "WIN"]
make([%q(BIOMEDICAL INFORMATICS COLLOQUIUM), %q(200), %q(1), %q(1)]).includes ["AUT", "WIN", "SPR"]
make([%q(BIOMEDICAL INFORMATICS STUDENT SEMINAR), %q(201), %q(1), %q(1)]).includes ["AUT", "WIN", "SPR", "SUM"]
make([%q(PRECISION PRACTICE WITH BIG DATA), %q(205), %q(1), %q(1)]).includes ["AUT"]
make([%q(INFORMATICS IN INDUSTRY), %q(206), %q(1), %q(1)]).includes ["SPR"]
make([%q(SMART HEALTH THROUGH DIGITAL MEDICINE), %q(207), %q(1), %q(1)]).includes ["SUM"]
make([%q(MODELING BIOMEDICAL SYSTEMS: ONTOLOGY, TERMINOLOGY, PROBLEM SOLVING (CS 270)), %q(210), %q(3), %q(3)]).includes ["WIN"]
make([%q(INTRODUCTION TO BIOMEDICAL INFORMATICS RESEARCH METHODOLOGY (BIOE 212, CS 272, GENE 212)), %q(212), %q(3), %q(3)]).includes ["SPR"]
make([%q(REPRESENTATIONS AND ALGORITHMS FOR COMPUTATIONAL MOLECULAR BIOLOGY (BIOE 214, CS 274, GENE 214)), %q(214), %q(3), %q(4)]).includes ["AUT"]
make([%q(DATA DRIVEN MEDICINE), %q(215), %q(3), %q(3)]).includes ["AUT"]
make([%q(REPRESENTATIONS AND ALGORITHMS FOR MOLECULAR BIOLOGY: LECTURES), %q(216), %q(1), %q(2)]).includes ["AUT"]
make([%q(TRANSLATIONAL BIOINFORMATICS (CS 275)), %q(217), %q(4), %q(4)]).includes ["WIN"]
make([%q(TRANSLATIONAL BIOINFORMATICS LECTURES), %q(218), %q(2), %q(2)]).includes ["WIN"]
make([%q(MATHEMATICAL MODELS AND MEDICAL DECISIONS), %q(219), %q(2), %q(2)]).includes ["WIN"]
make([%q(PRINCIPLES OF PHARMACOGENOMICS (GENE 224)), %q(224), %q(3), %q(3)]).includes ["AUT", "WIN"]
make([%q(DATA DRIVEN MEDICINE: LECTURES), %q(225), %q(2), %q(2)]).includes ["AUT"]
make([%q(COMPUTATIONAL MOLECULAR BIOLOGY (BIOC 218)), %q(231), %q(3), %q(3)]).includes ["AUT", "WIN", "SPR"]
make([%q(INTERMEDIATE BIOSTATISTICS: ANALYSIS OF DISCRETE DATA (HRP 261, STATS 261)), %q(233), %q(3), %q(3)]).includes ["WIN"]
make([%q(OUTCOMES ANALYSIS (HRP 252, MED 252)), %q(251), %q(4), %q(4)]).includes ["SPR"]
make([%q(ECONOMICS OF HEALTH AND MEDICAL CARE (BIOMEDIN 156, ECON 126, HRP 256)), %q(256), %q(5), %q(5)]).includes ["AUT", "WIN"]
make([%q(GENOMICS, BIOINFORMATICS AND MEDICINE (BIOC 158, BIOC 258, HUMBIO 158G)), %q(258), %q(3), %q(3)]).includes ["AUT", "WIN", "SPR"]
make([%q(COMPUTATIONAL METHODS FOR BIOMEDICAL IMAGE ANALYSIS AND INTERPRETATION (RAD 260)), %q(260), %q(3), %q(4)]).includes ["SPR"]
make([%q(COMPUTATIONAL GENOMICS (CS 262)), %q(262), %q(3), %q(3)]).includes ["WIN"]
make([%q(A COMPUTATIONAL TOUR OF THE HUMAN GENOME (CS 273A, DBIO 273A)), %q(273A), %q(3), %q(3)]).includes ["AUT"]
make([%q(BIOMEDICAL INFORMATICS TEACHING METHODS), %q(290), %q(1), %q(3)]).includes ["AUT", "WIN", "SPR", "SUM"]
make([%q(DIRECTED READING AND RESEARCH), %q(299), %q(1), %q(18)]).includes ["AUT", "WIN", "SPR", "SUM"]
make([%q(MEDICAL SCHOLARS RESEARCH), %q(370), %q(4), %q(18)]).includes ["AUT", "WIN", "SPR", "SUM"]
make([%q(ALGORITHMS IN BIOLOGY (CS 374)), %q(374), %q(2), %q(3)]).includes ["SPR"]
make([%q(CURRICULAR PRACTICAL TRAINING), %q(390A), %q(1), %q(1)]).includes ["AUT", "WIN", "SPR", "SUM"]
make([%q(CURRICULAR PRACTICAL TRAINING), %q(390B), %q(1), %q(1)]).includes ["AUT", "WIN", "SPR", "SUM"]
make([%q(CURRICULAR PRACTICAL TRAINING), %q(390C), %q(1), %q(1)]).includes ["AUT", "WIN", "SPR", "SUM"]
make([%q(ANALYSIS OF COSTS, RISKS, AND BENEFITS OF HEALTH CARE (HRP 392)), %q(432), %q(4), %q(4)]).includes ["AUT"]
make([%q(TGR MASTER'S PROJECT), %q(801), %q(0), %q(0)]).includes ["AUT", "WIN", "SPR", "SUM"]
make([%q(TGR PHD DISSERTATION), %q(802), %q(0), %q(0)]).includes ["AUT", "WIN", "SPR", "SUM"]
