make([%q(Human Trafficking: Historical, Legal, and Medical Perspectives (HISTORY 5C, HUMBIO 178T, SOMGEN 205)), %q(5C), %q(3), %q(3)]).includes ["SPR"]
make([%q(Gender and Power in Ancient Greece (CLASSGEN 17)), %q(17), %q(3), %q(4)]).includes ["AUT"]
make([%q(Sexuality, Gender, and Religion (RELIGST 24)), %q(24), %q(2), %q(2)]).includes ["WIN"]
make([%q(Sappho: Erotic Poetess of Lesbos (CLASSGEN 24N)), %q(24N), %q(4), %q(5)]).includes ["SPR"]
make([%q(Spoken Sexuality: Language and the Social Construction of Sexuality (LINGUIST 52N)), %q(52N), %q(3), %q(3)]).includes ["WIN"]
make([%q(Introduction to Feminist Studies (AMSTUD 107, CSRE 108, HISTORY 107)), %q(101), %q(4), %q(5)]).includes ["AUT"]
make([%q(Feminist Theories and Methods Across the Disciplines (FEMGEN 203, PHIL 153, PHIL 253)), %q(103), %q(2), %q(5)]).includes ["WIN"]
make([%q(Junior Seminar and Practicum), %q(104A), %q(1), %q(1)]).includes ["WIN"]
make([%q(Senior Seminar and Practicum), %q(104B), %q(2), %q(2)]).includes ["GIVEN NEXT YEAR"]
make([%q(Honors Work), %q(105), %q(1), %q(15)]).includes ["AUT", "WIN", "SPR", "SUM"]
make([%q(Human Trafficking: Historical, Legal, and Medical Perspectives (HISTORY 105C, INTNLREL 105C)), %q(105C), %q(5), %q(5)]).includes ["SPR"]
make([%q(Ripped from the Headlines: Current Feminist, Gender, and Sexuality Issues and Questions), %q(107A), %q(1), %q(2)]).includes ["AUT"]
make([%q(EAST House Seminar: Current Issues and Debates in Education (EDUC 100B)), %q(107B), %q(1), %q(1)]).includes ["WIN"]
make([%q(You're Majoring in What?! Why Feminism is Still Relevant), %q(107C), %q(1), %q(2)]).includes ["SPR"]
make([%q(Internship in Feminist Studies), %q(108), %q(1), %q(5)]).includes ["AUT", "WIN", "SPR", "SUM"]
make([%q(Looking Back, Moving Forward: Raising Critical Awareness in Gender and Sports (FEMGEN 209)), %q(109), %q(3), %q(3)]).includes ["SPR"]
make([%q(Queer Reading and Queer Writing in Early Modern England (ENGLISH 105A)), %q(115), %q(5), %q(5)]).includes ["AUT"]
make([%q(Queer Raza (CHILATST 120, ILAC 287)), %q(120), %q(3), %q(5)]).includes ["AUT"]
make([%q(Challenging Sex and Gender Dichotomies in Medicine (FEMGEN 224, INDE 257)), %q(124), %q(2), %q(2)]).includes ["SPR"]
make([%q(Current Controversies in Women's Health (FEMGEN 256, HUMBIO 125, OBGYN 256)), %q(125), %q(3), %q(3)]).includes ["SPR"]
make([%q(Critical Issues in International Women's Health (HUMBIO 129)), %q(129), %q(4), %q(4)]).includes ["AUT", "WIN"]
make([%q(Violence Against Women: Theory, Issues, and Prevention (FEMGEN 238, HUMBIO 178V)), %q(138), %q(3), %q(4)]).includes ["AUT"]
make([%q(Rereading Judaism in Light of Feminism (JEWISHST 139)), %q(139), %q(4), %q(4)]).includes ["ALTERNATE YEARS", "GIVEN NEXT YEAR"]
make([%q(Destroying Dichotomies: Exploring Multiple Sex, Gender, and Sexual Identities), %q(140A), %q(3), %q(5)]).includes ["SPR"]
make([%q(LGBT/Queer Life in the United States (FEMGEN 240D, HISTORY 257C)), %q(140D), %q(4), %q(5)]).includes ["SPR"]
make([%q(Identity and Popular Music (CSRE 140G, MUSIC 140G)), %q(140G), %q(3), %q(5)]).includes ["SPR"]
make([%q(New Citizenship: Grassroots Movements for Social Justice in the U.S. (ANTHRO 169A, CHILATST 168, CSRE 168)), %q(140H), %q(5), %q(5)]).includes ["WIN"]
make([%q(Queer Art and Performance (TAPS 164T, TAPS 364T)), %q(140P), %q(4), %q(5)]).includes ["NOT GIVEN THIS YEAR"]
make([%q(Sociology of Gender (FEMGEN 242, SOC 142, SOC 242)), %q(142), %q(5), %q(5)]).includes ["WIN"]
make([%q(History of Women and Gender in Science, Medicine and Engineering (HISTORY 144)), %q(144), %q(5), %q(5)]).includes ["SPR"]
make([%q(Culture Wars: Art and Social Conflict in the USA, 1890-1950 (AMSTUD 145M, ARTHIST 145, ARTHIST 345)), %q(145), %q(4), %q(4)]).includes ["SPR"]
make([%q(Women Poets (ENGLISH 150D)), %q(150D), %q(5), %q(5)]).includes ["SPR"]
make([%q(Studying Popular Music (FEMGEN 251, MUSIC 151F, MUSIC 251F)), %q(151), %q(3), %q(5)]).includes ["WIN"]
make([%q('Tis all in pieces:  Space and Gender on the Threshold of the Modern World (FEMGEN 252)), %q(152), %q(5), %q(5)]).includes ["SPR"]
make([%q(Creating the Gendered Story), %q(153Q), %q(4), %q(5)]).includes ["WIN"]
make([%q(Black Feminist Theory (AFRICAAM 154)), %q(154), %q(5), %q(5)]).includes ["AUT"]
make([%q(The Changing American Family (FEMGEN 255, SOC 155, SOC 255)), %q(155), %q(4), %q(4)]).includes ["AUT"]
make([%q(Happiness, Well-Being, Gender (PSYCH 129)), %q(156), %q(1), %q(3)]).includes ["WIN"]
make([%q(Language and Gender (LINGUIST 156)), %q(156X), %q(4), %q(4)]).includes ["SPR"]
make([%q(Women in Modern America (AMSTUD 161, CSRE 162, HISTORY 161)), %q(161), %q(4), %q(5)]).includes ["SPR"]
make([%q(Imagining Women: Writers in Print and in Person (CSRE 188Q)), %q(188Q), %q(4), %q(5)]).includes ["AUT"]
make([%q(Writing Women's Lives), %q(191Q), %q(2), %q(2)]).includes ["AUT"]
make([%q(Psychological Well-Being on Campus: A Focus on Gender and Sexual Identities (EDUC 193G)), %q(193G), %q(1), %q(1)]).includes ["AUT"]
make([%q(Directed Reading), %q(195), %q(1), %q(15)]).includes ["AUT", "WIN", "SPR", "SUM"]
make([%q(Feminist, Gender, and Sexuality Studies Honors Workshop), %q(199A), %q(2), %q(3)]).includes ["AUT"]
make([%q(Feminist, Gender, and Sexuality Studies Honors Workshop), %q(199B), %q(2), %q(3)]).includes ["WIN"]
make([%q(Feminist, Gender, and Sexuality Studies Honors Workshop), %q(199C), %q(2), %q(3)]).includes ["SPR"]
make([%q(Feminist Theories and Methods Across the Disciplines (FEMGEN 103, PHIL 153, PHIL 253)), %q(203), %q(2), %q(5)]).includes ["WIN"]
make([%q(Songs of Love and War: Gender, Crusade, Politics (FRENCH 205)), %q(205), %q(3), %q(5)]).includes ["WIN"]
make([%q(Sanela Diana Jenkins International Human Rights Colloquium (INTNLREL 110, IPS 271, POLISCI 204, POLISCI 304)), %q(205X), %q(1), %q(1)]).includes ["WIN"]
make([%q(Looking Back, Moving Forward: Raising Critical Awareness in Gender and Sports (FEMGEN 109)), %q(209), %q(3), %q(3)]).includes ["SPR"]
make([%q(Challenging Sex and Gender Dichotomies in Medicine (FEMGEN 124, INDE 257)), %q(224), %q(2), %q(2)]).includes ["SPR"]
make([%q(Queer Literature and Film (COMPLIT 226A)), %q(226A), %q(3), %q(5)]).includes ["AUT"]
make([%q(Literature and Transgression (COMPLIT 236)), %q(236), %q(3), %q(5)]).includes ["SPR"]
make([%q(Medical Impact of Sexual and Relationship Abuse Throughout the Life Course (INDE 237)), %q(237), %q(1), %q(1)]).includes ["WIN"]
make([%q(Violence Against Women: Theory, Issues, and Prevention (FEMGEN 138, HUMBIO 178V)), %q(238), %q(3), %q(4)]).includes ["AUT"]
make([%q(LGBT/Queer Life in the United States (FEMGEN 140D, HISTORY 257C)), %q(240D), %q(4), %q(5)]).includes ["SPR"]
make([%q(Sex and Gender Differences in Human Physiology and Disease (HUMBIO 140, MED 240)), %q(241), %q(2), %q(3)]).includes ["WIN"]
make([%q(Sociology of Gender (FEMGEN 142, SOC 142, SOC 242)), %q(242), %q(5), %q(5)]).includes ["WIN"]
make([%q(Studying Popular Music (FEMGEN 151, MUSIC 151F, MUSIC 251F)), %q(251), %q(3), %q(5)]).includes ["WIN"]
make([%q('Tis all in pieces:  Space and Gender on the Threshold of the Modern World (FEMGEN 152)), %q(252), %q(5), %q(5)]).includes ["SPR"]
make([%q(The Changing American Family (FEMGEN 155, SOC 155, SOC 255)), %q(255), %q(4), %q(4)]).includes ["AUT"]
make([%q(Current Controversies in Women's Health (FEMGEN 125, HUMBIO 125, OBGYN 256)), %q(256), %q(3), %q(3)]).includes ["SPR"]
make([%q(Topics in the History of Sexuality: Sexual Violence (AMSTUD 258, CSRE 192E, FEMGEN 358, HISTORY 258, HISTORY 358)), %q(258), %q(4), %q(5)]).includes ["WIN"]
make([%q(Seminar in Women's Health: Women and Disabilities (FEMGEN 360)), %q(260), %q(5), %q(5)]).includes ["SPR"]
make([%q(Journeys in Women's Health and Sex and Gender in Medicine (INDE 260)), %q(260X), %q(1), %q(1)]).includes ["NOT GIVEN THIS YEAR"]
make([%q(Education, Gender, and Development (EDUC 197, SOC 134)), %q(297), %q(4), %q(4)]).includes ["NOT GIVEN THIS YEAR"]
make([%q(Graduate Workshop: Feminist, Gender, and Sexuality Studies (EDUC 370X)), %q(299), %q(1), %q(3)]).includes ["AUT", "WIN", "SPR"]
make([%q(Topics in the History of Sexuality: Sexual Violence (AMSTUD 258, CSRE 192E, FEMGEN 258, HISTORY 258, HISTORY 358)), %q(358), %q(4), %q(5)]).includes ["WIN"]
make([%q(Seminar in Women's Health: Women and Disabilities (FEMGEN 260)), %q(360), %q(5), %q(5)]).includes ["SPR"]
make([%q(Graduate Independent Study), %q(395), %q(1), %q(15)]).includes ["AUT", "WIN", "SPR"]
