make([%q(Novels of Sensation: Gothic, Detective Story, Prohibition, and Transgression in Victorian Fiction), %q(17), %q(5), %q(5)]).includes ["AUT"]
make([%q(Making Public Policy: An Introduction to Political Philosophy, Politics, and Economics), %q(18), %q(4), %q(5)]).includes ["WIN"]
make([%q(British and American Constitutional Systems in Comparative Perspective), %q(24), %q(4), %q(5)]).includes ["SPR"]
make([%q(Modern UK and European Government and Politics), %q(35), %q(4), %q(5)]).includes ["AUT"]
make([%q(Comparative Health Care Systems: UK and U.S.), %q(42), %q(4), %q(4)]).includes ["SPR"]
make([%q(British Economic Policy since World War II), %q(45), %q(5), %q(5)]).includes ["AUT"]
make([%q(The Rise of the Woman Writer 1660-1860), %q(57), %q(5), %q(5)]).includes ["WIN"]
make([%q(Shakespeare and his Contemporaries), %q(60), %q(5), %q(5)]).includes ["SPR"]
make([%q(History and Architecture of Oxford), %q(74), %q(4), %q(5)]).includes ["SPR"]
make([%q(The Meaning of Life), %q(76), %q(4), %q(4)]).includes ["AUT"]
make([%q(Solo Performance), %q(77), %q(5), %q(5)]).includes ["WIN"]
make([%q(The Social Determinants of Health in the U.K. and the U.S.), %q(79), %q(3), %q(3)]).includes ["SPR"]
make([%q(British Theatre: Now, Then), %q(81), %q(5), %q(5)]).includes ["WIN"]
make([%q(Heidegger and the Philosophy of Religion), %q(83), %q(4), %q(4)]).includes ["AUT"]
make([%q(Collecting the World), %q(93), %q(4), %q(4)]).includes ["SPR"]
make([%q(Gender and Social Change in Modern Britain), %q(117W), %q(4), %q(5)]).includes ["WIN"]
make([%q(Tutorial in Anthropology), %q(195A), %q(6), %q(7)]).includes ["AUT", "WIN", "SPR"]
make([%q(Tutorial in Biology), %q(195B), %q(6), %q(7)]).includes ["AUT", "WIN", "SPR"]
make([%q(Tutorial in Classics), %q(195C), %q(6), %q(7)]).includes ["AUT", "WIN", "SPR"]
make([%q(Tutorial in Drama), %q(195E), %q(6), %q(7)]).includes ["AUT", "WIN", "SPR"]
make([%q(Tutorial in Economics), %q(195F), %q(6), %q(7)]).includes ["AUT", "WIN", "SPR"]
make([%q(Tutorial in Economic History), %q(195G), %q(6), %q(7)]).includes ["AUT", "WIN", "SPR"]
make([%q(Tutorial in Jurisprudence), %q(195J), %q(6), %q(7)]).includes ["AUT", "WIN", "SPR"]
make([%q(Tutorial in Health Care), %q(195L), %q(6), %q(7)]).includes ["AUT", "WIN", "SPR"]
make([%q(Tutorial in History of Science), %q(195M), %q(6), %q(7)]).includes ["AUT", "WIN", "SPR"]
make([%q(Tutorial in Human Biology), %q(195N), %q(6), %q(7)]).includes ["AUT", "WIN", "SPR"]
make([%q(Tutorial: Interdisciplinary), %q(195P), %q(6), %q(7)]).includes ["AUT", "WIN", "SPR"]
make([%q(Tutorial in International Relations), %q(195R), %q(6), %q(7)]).includes ["AUT", "WIN", "SPR"]
make([%q(Tutorial in Computer Studies), %q(195S), %q(6), %q(7)]).includes ["AUT", "WIN", "SPR"]
make([%q(Tutorial in Literature), %q(195T), %q(6), %q(7)]).includes ["AUT", "WIN", "SPR"]
make([%q(Tutorial in Music), %q(195U), %q(6), %q(7)]).includes ["AUT", "WIN", "SPR"]
make([%q(Tutorial in Philosophy), %q(195V), %q(6), %q(7)]).includes ["AUT", "WIN", "SPR"]
make([%q(Tutorial in Physics), %q(195W), %q(6), %q(7)]).includes ["AUT", "WIN", "SPR"]
make([%q(Tutorial in Political Science), %q(195Z), %q(6), %q(7)]).includes ["AUT", "WIN", "SPR"]
make([%q(Tutorial in Psychology), %q(196A), %q(6), %q(7)]).includes ["AUT", "WIN", "SPR"]
make([%q(Tutorial in Religion), %q(196B), %q(6), %q(7)]).includes ["AUT", "WIN", "SPR"]
make([%q(Tutorial in Sociology), %q(196C), %q(6), %q(7)]).includes ["AUT", "WIN", "SPR"]
make([%q(Tutorial in History), %q(196E), %q(6), %q(7)]).includes ["AUT", "WIN", "SPR"]
make([%q(Tutorial in History of Art), %q(196F), %q(6), %q(7)]).includes ["AUT", "WIN", "SPR"]
make([%q(Tutorial in Chemistry), %q(196G), %q(6), %q(7)]).includes ["AUT", "SPR"]
make([%q(Tutorial in Zoology), %q(196K), %q(6), %q(7)]).includes ["AUT", "WIN", "SPR"]
make([%q(Tutorial in Public Policy), %q(196M), %q(6), %q(7)]).includes ["AUT", "WIN", "SPR"]
make([%q(Tutorial in Mathematics), %q(196N), %q(6), %q(7)]).includes ["AUT", "WIN", "SPR"]
make([%q(Tutorial in Anthropology), %q(197A), %q(6), %q(7)]).includes ["AUT", "WIN", "SPR"]
make([%q(Tutorial in Biology), %q(197B), %q(6), %q(7)]).includes ["AUT", "WIN", "SPR"]
make([%q(Tutorial in Classics), %q(197C), %q(6), %q(7)]).includes ["AUT", "WIN", "SPR"]
make([%q(Tutorial in Drama), %q(197E), %q(6), %q(7)]).includes ["AUT", "WIN", "SPR"]
make([%q(Tutorial in Economics), %q(197F), %q(6), %q(7)]).includes ["AUT", "WIN", "SPR"]
make([%q(Tutorial in Jurisprudence), %q(197J), %q(6), %q(7)]).includes ["AUT", "WIN", "SPR"]
make([%q(Tutorial in Health Care), %q(197L), %q(6), %q(7)]).includes ["AUT", "WIN", "SPR"]
make([%q(Tutorial in History of Science), %q(197M), %q(6), %q(7)]).includes ["AUT", "WIN", "SPR"]
make([%q(Tutorial in Human Biology), %q(197N), %q(6), %q(7)]).includes ["AUT", "WIN", "SPR"]
make([%q(Tutorial: Interdisciplinary), %q(197P), %q(6), %q(7)]).includes ["AUT", "WIN", "SPR"]
make([%q(Tutorial in International Relations), %q(197R), %q(6), %q(7)]).includes ["AUT", "WIN", "SPR"]
make([%q(Tutorial in Computer Studies), %q(197S), %q(6), %q(7)]).includes ["AUT", "WIN", "SPR"]
make([%q(Tutorial in English Literature), %q(197T), %q(6), %q(7)]).includes ["AUT", "WIN", "SPR"]
make([%q(Tutorial in Music), %q(197U), %q(6), %q(7)]).includes ["AUT", "WIN", "SPR"]
make([%q(Tutorial in Philosophy), %q(197V), %q(6), %q(7)]).includes ["AUT", "WIN", "SPR"]
make([%q(Tutorial in Political Science), %q(197Z), %q(6), %q(7)]).includes ["AUT", "WIN", "SPR"]
make([%q(Tutorial in Psychology), %q(198A), %q(6), %q(7)]).includes ["AUT", "WIN", "SPR"]
make([%q(Tutorial in Religion), %q(198B), %q(6), %q(7)]).includes ["AUT", "WIN", "SPR"]
make([%q(Tutorial in Sociology), %q(198C), %q(6), %q(7)]).includes ["AUT", "WIN", "SPR"]
make([%q(Tutorial in History), %q(198E), %q(6), %q(7)]).includes ["AUT", "WIN", "SPR"]
make([%q(Tutorial in History of Art), %q(198F), %q(6), %q(7)]).includes ["AUT", "WIN", "SPR"]
make([%q(Tutorial in Zoology), %q(198K), %q(6), %q(7)]).includes ["AUT", "WIN", "SPR"]
make([%q(Tutorial in Public Policy), %q(198M), %q(6), %q(7)]).includes ["AUT", "WIN", "SPR"]
make([%q(Tutorial in Mathematics), %q(198N), %q(6), %q(7)]).includes ["AUT", "WIN", "SPR"]
make([%q(Directed Reading A), %q(199A), %q(2), %q(4)]).includes ["AUT", "WIN", "SPR"]
make([%q(Directed Reading B), %q(199B), %q(2), %q(5)]).includes ["AUT", "WIN", "SPR"]
make([%q(Directed Reading), %q(199D), %q(1), %q(3)]).includes ["AUT", "WIN", "SPR"]
make([%q(Art and Society in Britain), %q(221Y), %q(4), %q(5)]).includes ["WIN"]
