make([%q(Abs and Glutes), %q(2), %q(1), %q(1)]).includes ["AUT", "WIN", "SPR"]
make([%q(Badminton: Beginning), %q(8), %q(1), %q(1)]).includes ["AUT", "WIN", "SPR", "SUM"]
make([%q(Badminton: Intermediate), %q(9), %q(1), %q(1)]).includes ["AUT", "WIN", "SPR", "SUM"]
make([%q(Basketball Skills), %q(14), %q(1), %q(1)]).includes ["AUT", "WIN", "SPR"]
make([%q(Bellydance Fusion), %q(16), %q(1), %q(1)]).includes ["AUT", "SPR"]
make([%q(Cardio Dance), %q(17), %q(1), %q(1)]).includes ["AUT", "WIN", "SPR"]
make([%q(Core Training), %q(23), %q(1), %q(1)]).includes ["AUT", "WIN", "SPR", "SUM"]
make([%q(Cross Training Fitness), %q(27), %q(1), %q(1)]).includes ["AUT", "WIN"]
make([%q(Cycling: Indoor), %q(30), %q(1), %q(1)]).includes ["AUT", "WIN", "SPR", "SUM"]
make([%q(Fitness Training), %q(32), %q(1), %q(1)]).includes ["WIN", "SPR"]
make([%q(Diving), %q(33), %q(1), %q(1)]).includes ["SPR"]
make([%q(Fencing: Beginning), %q(39), %q(1), %q(1)]).includes ["AUT", "WIN"]
make([%q(Fencing, Intermediate), %q(40), %q(1), %q(1)]).includes ["WIN"]
make([%q(Futsal), %q(43), %q(1), %q(1)]).includes ["WIN"]
make([%q(Field Hockey, Indoor), %q(45), %q(1), %q(1)]).includes ["WIN"]
make([%q(Field Hockey, Intermediate), %q(46), %q(1), %q(1)]).includes ["NOT GIVEN THIS YEAR"]
make([%q(Golf: Beginning), %q(51), %q(1), %q(1)]).includes ["AUT", "WIN", "SPR", "SUM"]
make([%q(Golf: Advanced Beginning), %q(52), %q(1), %q(1)]).includes ["AUT", "WIN", "SPR", "SUM"]
make([%q(Golf: Intermediate), %q(53), %q(1), %q(1)]).includes ["AUT", "WIN", "SPR", "SUM"]
make([%q(Golf: Advanced), %q(54), %q(1), %q(1)]).includes ["AUT", "SPR"]
make([%q(Gymnastics: Beginning), %q(58), %q(1), %q(1)]).includes ["AUT", "WIN"]
make([%q(Gymnastics: Intermediate), %q(59), %q(1), %q(1)]).includes ["AUT", "WIN"]
make([%q(Hip Hop), %q(63), %q(1), %q(1)]).includes ["AUT", "WIN", "SPR", "SUM"]
make([%q(Horsemanship: Beginning Riding), %q(65), %q(1), %q(1)]).includes ["WIN", "SPR"]
make([%q(Horsemanship: Advanced Beginning Riding), %q(66), %q(1), %q(1)]).includes ["AUT"]
make([%q(Horsemanship: Intermediate Riding), %q(67), %q(1), %q(1)]).includes ["NOT GIVEN THIS YEAR"]
make([%q(Horsemanship: Student Assistant), %q(68), %q(1), %q(1)]).includes ["AUT", "WIN", "SPR"]
make([%q(Leadership: Assertiveness and Creativity), %q(69), %q(1), %q(1)]).includes ["NOT GIVEN THIS YEAR"]
make([%q(Horsemanship), %q(70), %q(1), %q(1)]).includes ["AUT", "WIN", "SPR"]
make([%q(Kickboxing), %q(76), %q(1), %q(1)]).includes ["AUT", "WIN", "SPR", "SUM"]
make([%q(Lifeguard Training), %q(80), %q(1), %q(1)]).includes ["AUT", "SPR"]
make([%q(Learn to Row for Men), %q(87), %q(1), %q(1)]).includes ["AUT"]
make([%q(Learn To Row For Women), %q(88), %q(1), %q(1)]).includes ["AUT"]
make([%q(Rowing Ergometer), %q(89), %q(1), %q(1)]).includes ["AUT"]
make([%q(Pilates Mat), %q(90), %q(1), %q(1)]).includes ["AUT", "WIN", "SPR"]
make([%q(Sailing, Beginning), %q(98), %q(1), %q(1)]).includes ["AUT", "SPR"]
make([%q(Sailing, Advanced Beginning), %q(99), %q(1), %q(1)]).includes ["AUT", "SPR"]
make([%q(Sailing, Intermediate), %q(100), %q(1), %q(1)]).includes ["AUT", "SPR"]
make([%q(Coaching Corps), %q(102), %q(1), %q(1)]).includes ["AUT", "WIN", "SPR"]
make([%q(Social Dance, Beginning), %q(109), %q(1), %q(1)]).includes ["AUT", "WIN", "SPR"]
make([%q(Social Dance, Intermediate), %q(110), %q(1), %q(1)]).includes ["WIN"]
make([%q(Soccer: Indoor, Beginning/Intermediate), %q(113), %q(1), %q(1)]).includes ["WIN"]
make([%q(Soccer, Indoor: Intermediate/Advanced), %q(114), %q(1), %q(1)]).includes ["WIN"]
make([%q(Soccer: Advanced for Men), %q(115), %q(1), %q(1)]).includes ["WIN"]
make([%q(Soccer: Advanced for Women), %q(116), %q(1), %q(1)]).includes ["WIN"]
make([%q(Squash, Beginning/Intermediate), %q(123), %q(1), %q(1)]).includes ["AUT", "WIN", "SPR"]
make([%q(Swimming: Beginning I), %q(128), %q(1), %q(1)]).includes ["AUT", "SPR", "SUM"]
make([%q(Swimming: Beginning II), %q(129), %q(1), %q(1)]).includes ["AUT", "WIN", "SPR", "SUM"]
make([%q(Swimming: Intermediate), %q(131), %q(1), %q(1)]).includes ["AUT", "WIN", "SPR", "SUM"]
make([%q(Swimming: Advanced), %q(132), %q(1), %q(1)]).includes ["AUT", "WIN", "SPR", "SUM"]
make([%q(Swim Conditioning), %q(133), %q(1), %q(1)]).includes ["AUT", "WIN", "SPR"]
make([%q(Synchronized Swimming, Beginning), %q(134), %q(1), %q(1)]).includes ["AUT"]
make([%q(Aqua Boot Camp), %q(135), %q(1), %q(1)]).includes ["SPR"]
make([%q(Swimming: Stroke Refinement), %q(136), %q(1), %q(1)]).includes ["AUT"]
make([%q(Table Tennis: Intermediate/Advanced), %q(138), %q(1), %q(1)]).includes ["AUT", "WIN", "SPR"]
make([%q(TABLE TENNIS: BEGINNING), %q(139), %q(1), %q(1)]).includes ["AUT", "WIN", "SPR"]
make([%q(Taiji Quan (Tai Chi)), %q(140), %q(1), %q(1)]).includes ["AUT", "WIN", "SPR"]
make([%q(Tai Chi: Intermediate), %q(141), %q(1), %q(1)]).includes ["WIN"]
make([%q(Tennis: Beginning), %q(144), %q(1), %q(1)]).includes ["AUT", "WIN", "SPR", "SUM"]
make([%q(Tennis: Low Intermediate), %q(145), %q(1), %q(1)]).includes ["AUT", "WIN", "SPR", "SUM"]
make([%q(Tennis: Intermediate), %q(146), %q(1), %q(1)]).includes ["AUT", "WIN", "SPR", "SUM"]
make([%q(Tennis: Advanced), %q(147), %q(1), %q(1)]).includes ["AUT", "WIN", "SPR", "SUM"]
make([%q(Total Body Workout), %q(151), %q(1), %q(1)]).includes ["AUT", "WIN", "SPR", "SUM"]
make([%q(Volleyball), %q(162), %q(1), %q(1)]).includes ["AUT", "WIN"]
make([%q(Volleyball: Intermediate/Advanced), %q(163), %q(1), %q(1)]).includes ["WIN"]
make([%q(Volleyball: Intermediate Sand), %q(164), %q(1), %q(1)]).includes ["AUT", "SPR"]
make([%q(Volleyball: Advanced Sand), %q(165), %q(1), %q(1)]).includes ["AUT", "SPR"]
make([%q(Water Polo: Beginning), %q(169), %q(1), %q(1)]).includes ["SPR"]
make([%q(Water Polo: Intermediate/Advanced), %q(170), %q(1), %q(1)]).includes ["AUT", "SPR"]
make([%q(Weight Training: Intermediate), %q(173), %q(1), %q(1)]).includes ["SPR"]
make([%q(Weight Training: Beginning), %q(174), %q(1), %q(1)]).includes ["AUT", "WIN", "SPR", "SUM"]
make([%q(Functional Training), %q(175), %q(1), %q(1)]).includes ["AUT", "WIN", "SPR"]
make([%q(Weight Training for Women), %q(176), %q(1), %q(1)]).includes ["AUT"]
make([%q(Circuit Training), %q(177), %q(1), %q(1)]).includes ["WIN"]
make([%q(Wrestling and Introduction to Mixed Martial Arts (MMA)), %q(179), %q(1), %q(1)]).includes ["SPR"]
make([%q(Yoga for Less-stress Living), %q(180), %q(1), %q(1)]).includes ["AUT", "WIN", "SPR"]
make([%q(YOGA: Beginning), %q(181), %q(1), %q(1)]).includes ["AUT", "WIN", "SPR"]
make([%q(Yoga: Asana Practice), %q(182), %q(1), %q(1)]).includes ["AUT", "WIN", "SPR", "SUM"]
make([%q(Yoga: Advanced Asana), %q(183), %q(1), %q(1)]).includes ["AUT", "WIN", "SPR"]
make([%q(Yoga/Pilates Fusion), %q(184), %q(1), %q(1)]).includes ["AUT", "WIN", "SPR", "SUM"]
make([%q(Yoga: Intermediate Asana), %q(185), %q(1), %q(1)]).includes ["AUT", "WIN", "SPR"]
make([%q(Zumba), %q(186), %q(1), %q(1)]).includes ["AUT", "WIN", "SPR", "SUM"]
make([%q(Business Practices in Sport), %q(189), %q(2), %q(2)]).includes ["NOT GIVEN THIS YEAR"]
