make([%q(First-Year Modern Chinese, First Quarter), %q(1C), %q(5), %q(5)]).includes ["AUT"]
make([%q(First-Year Modern Chinese, Third Quarter), %q(3C), %q(5), %q(5)]).includes ["SPR"]
make([%q(Beginning Conversational Chinese, First Quarter), %q(6C), %q(2), %q(2)]).includes ["AUT"]
make([%q(Sex, Gender, and Power in Modern China), %q(7), %q(3), %q(5)]).includes ["AUT"]
make([%q(Marvelous Creatures: Animals and Humans in Chinese Literature and Society), %q(8), %q(3), %q(4)]).includes ["AUT"]
make([%q(Beginning Conversational Chinese, Third Quarter), %q(8C), %q(2), %q(2)]).includes ["SPR"]
make([%q(Chinese Language Tutorial), %q(9), %q(2), %q(2)]).includes ["AUT", "SPR"]
make([%q(Chinese Film Studies), %q(17), %q(4), %q(4)]).includes ["AUT"]
make([%q(Communication, Culture, and Society: The Chinese Way), %q(20), %q(4), %q(4)]).includes ["SPR"]
make([%q(Second-Year Modern Chinese), %q(21C), %q(5), %q(5)]).includes ["AUT"]
make([%q(Second-Year Modern Chinese), %q(23C), %q(5), %q(5)]).includes ["SPR"]
make([%q(Chinese Media Studies), %q(42), %q(4), %q(4)]).includes ["AUT", "SPR"]
make([%q(Arts and Society in Contemporary China), %q(51), %q(3), %q(3)]).includes ["SPR"]
make([%q(Chinese Economy in Transition), %q(55), %q(5), %q(5)]).includes ["SPR"]
make([%q(China in the World Economy: Han Dynasty to the Present), %q(58), %q(5), %q(5)]).includes ["AUT"]
make([%q(Chinese Philosophies and Modern China), %q(60), %q(4), %q(4)]).includes ["SPR"]
make([%q(China-Africa and Middle East Relations), %q(67), %q(4), %q(4)]).includes ["AUT"]
make([%q(Third-Year Modern Chinese), %q(101C), %q(5), %q(5)]).includes ["AUT"]
make([%q(Third-Year Modern Chinese), %q(103C), %q(5), %q(5)]).includes ["SPR"]
make([%q(Directed Reading A), %q(199A), %q(1), %q(4)]).includes ["AUT", "SPR"]
make([%q(Directed Reading B), %q(199B), %q(1), %q(4)]).includes ["AUT", "SPR"]
make([%q(Fourth-Year Modern Chinese), %q(211C), %q(5), %q(5)]).includes ["AUT"]
make([%q(Fourth-Year Modern Chinese), %q(213C), %q(5), %q(5)]).includes ["SPR"]
