make([%q(UNDERGRADUATE FINANCE RESEARCH AND DISCUSSION SEMINAR), %q(121), %q(1), %q(1)]).includes []
make([%q(MANAGERIAL FINANCE), %q(201), %q(4), %q(4)]).includes []
make([%q(MANAGERIAL FINANCE - ACCELERATED), %q(204), %q(4), %q(4)]).includes []
make([%q(CORPORATE FINANCE: APPLICATIONS, TECHNIQUES, AND MODELS), %q(211), %q(3), %q(3)]).includes []
make([%q(ACCELERATED CORPORATE FINANCE: APPLICATIONS, TECHNIQUES, AND MODELS), %q(214), %q(3), %q(3)]).includes []
make([%q(FINANCE FOR NON-MBAS), %q(221), %q(3), %q(3)]).includes []
make([%q(MSX: FINANCE), %q(229), %q(4), %q(4)]).includes []
make([%q(MANAGERIAL FINANCE - ADVANCED), %q(310), %q(4), %q(4)]).includes []
make([%q(PRIVATE EQUITY INVESTING SEMINAR), %q(319), %q(4), %q(4)]).includes []
make([%q(DEBT MARKETS), %q(320), %q(4), %q(4)]).includes []
make([%q(INVESTMENT MANAGEMENT AND ENTREPRENEURIAL FINANCE), %q(321), %q(3), %q(3)]).includes []
make([%q(FINANCIAL INTERMEDIARIES AND CAPITAL MARKETS), %q(322), %q(4), %q(4)]).includes []
make([%q(PRACTICAL CORPORATE FINANCE), %q(324), %q(4), %q(4)]).includes []
make([%q(DERIVATIVE SECURITIES), %q(326), %q(4), %q(4)]).includes []
make([%q(FINANCIAL MARKETS), %q(327), %q(4), %q(4)]).includes []
make([%q(INVESTMENT SEMINAR), %q(329), %q(4), %q(4)]).includes []
make([%q(INVESTMENT MANAGEMENT: ASSET ALLOCATION AND ASSET/MANAGER SELECTION), %q(330), %q(4), %q(4)]).includes []
make([%q(PRACTICAL CORPORATE FINANCE (ACCELERATED)), %q(331), %q(4), %q(4)]).includes []
make([%q(FINANCE AND SOCIETY), %q(332), %q(3), %q(3)]).includes []
make([%q(CORPORATE VALUATION, GOVERNANCE AND BEHAVIOR), %q(335), %q(4), %q(4)]).includes []
make([%q(THE FINANCE OF RETIREMENT AND PENSIONS), %q(336), %q(4), %q(4)]).includes []
make([%q(MODELING FOR INVESTMENT MANAGEMENT), %q(341), %q(3), %q(3)]).includes []
make([%q(HISTORY OF FINANCIAL CRISES), %q(345), %q(4), %q(4)]).includes []
make([%q(INSTITUTIONAL MONEY MANAGEMENT), %q(346), %q(3), %q(3)]).includes []
make([%q(CORPORATE FINANCIAL MODELING), %q(350), %q(4), %q(4)]).includes []
make([%q(ADVANCED CORPORATE FINANCIAL MODELING), %q(351), %q(4), %q(4)]).includes []
make([%q(BEHAVIORAL FINANCE), %q(361), %q(4), %q(4)]).includes []
make([%q(ENTREPRENEURIAL FINANCE), %q(373), %q(4), %q(4)]).includes []
make([%q(PRIVATE EQUITY IN FRONTIER MARKETS: CREATING A NEW INVESTIBLE ASSET CLASS), %q(381), %q(4), %q(4)]).includes []
make([%q(ANGEL AND VENTURE CAPITAL FINANCING AND DECISION MAKING), %q(385), %q(4), %q(4)]).includes []
make([%q(MANAGING WEALTH AND PRIVATE INVESTING), %q(555), %q(2), %q(2)]).includes []
make([%q(FINANCIAL TRADING STRATEGIES), %q(562), %q(2), %q(2)]).includes []
make([%q(PRIVATE EQUITY - AN OVERVIEW OF THE INDUSTRY), %q(587), %q(2), %q(2)]).includes []
make([%q(FINANCIAL MARKETS I), %q(620), %q(3), %q(3)]).includes []
make([%q(FINANCIAL MARKETS II), %q(621), %q(4), %q(4)]).includes []
make([%q(DYNAMIC ASSET PRICING THEORY), %q(622), %q(4), %q(4)]).includes []
make([%q(CORPORATE FINANCE THEORY), %q(624), %q(4), %q(4)]).includes []
make([%q(EMPIRICAL ASSET PRICING), %q(625), %q(4), %q(4)]).includes []
make([%q(ADVANCED CORPORATE FINANCE), %q(626), %q(3), %q(3)]).includes []
make([%q(FINANCE PRE-SEMINAR READING COURSE), %q(628), %q(1), %q(1)]).includes []
make([%q(EMPIRICAL CORPORATE FINANCE), %q(630), %q(3), %q(3)]).includes []
make([%q(EMPIRICAL DYNAMIC ASSET PRICING), %q(632), %q(4), %q(4)]).includes []
make([%q(ADVANCED EMPIRICAL CORPORATE FINANCE), %q(633), %q(4), %q(4)]).includes []
make([%q(PHD DIRECTED READING (ACCT 691, GSBGEN 691, HRMGT 691, MGTECON 691, MKTG 691, OB 691, OIT 691, POLECON 691, STRAMGT 691)), %q(691), %q(1), %q(15)]).includes []
make([%q(PHD DISSERTATION RESEARCH (ACCT 692, GSBGEN 692, HRMGT 692, MGTECON 692, MKTG 692, OB 692, OIT 692, POLECON 692, STRAMGT 692)), %q(692), %q(1), %q(15)]).includes []
make([%q(TGR DISSERTATION (ACCT 802, GSBGEN 802, HRMGT 802, MGTECON 802, MKTG 802, OB 802, OIT 802, POLECON 802, STRAMGT 802)), %q(802), %q(0), %q(0)]).includes []
