make([%q(HISTORY AND THEORY OF NOVEL GROUP (DLCL 1)), %q(1), %q(1), %q(1)]).includes ["SPR"]
make([%q(CREATIVE EXPRESSION IN WRITING), %q(9CE), %q(3), %q(3)]).includes ["AUT", "WIN", "SPR"]
make([%q(FICTION WRITING), %q(10AX), %q(2), %q(2)]).includes ["SUM"]
make([%q(THE NEW MILLENNIUM MIX: CROSSINGS OF RACE & CULTURE), %q(15SC), %q(2), %q(2)]).includes ["SUM"]
make([%q(AMERICAN LITERATURE AND CULTURE TO 1855 (AMSTUD 150, ENGLISH 123)), %q(23), %q(3), %q(5)]).includes ["WIN"]
make([%q(TALKING BACK: INTERTEXTUALITY IN CONTEMPORARY FICTION (ENGLISH 142D)), %q(42D), %q(3), %q(5)]).includes ["AUT"]
make([%q(CONTEMPORARY BRITISH FICTION (ENGLISH 144B)), %q(44B), %q(3), %q(5)]).includes ["WIN"]
make([%q(SPORTS AND CULTURE), %q(47N), %q(3), %q(3)]).includes ["SPR"]
make([%q(THE SISTERS: POETRY & PAINTING (ARTHIST 160N)), %q(51N), %q(3), %q(3)]).includes ["WIN"]
make([%q(GROWING UP IN AMERICA (PSYCH 29N)), %q(64N), %q(3), %q(3)]).includes ["WIN"]
make([%q(CONTEMPORARY WOMEN FICTION WRITERS), %q(65N), %q(3), %q(3)]).includes ["AUT"]
make([%q(MARK TWAIN AND AMERICAN CULTURE (AMSTUD 68N)), %q(68N), %q(4), %q(4)]).includes ["SPR"]
make([%q(PHILOSOPHY AND LITERATURE (CLASSGEN 81, COMPLIT 181, FRENCH 181, GERMAN 181, ITALIAN 181, PHIL 81, SLAVIC 181)), %q(81), %q(5), %q(5)]).includes ["WIN"]
make([%q(GRAPHIC NOVELS ASIAN AMERICAN STYLE (ASNAMST 88N)), %q(88N), %q(3), %q(3)]).includes ["WIN"]
make([%q(FICTION WRITING), %q(90), %q(5), %q(5)]).includes ["AUT", "WIN", "SPR", "SUM"]
make([%q(CREATIVE NONFICTION), %q(91), %q(5), %q(5)]).includes ["AUT", "WIN", "SPR", "SUM"]
make([%q(READING AND WRITING POETRY), %q(92), %q(5), %q(5)]).includes ["AUT", "WIN", "SPR"]
make([%q(CREATIVE WRITING ACROSS GENRES), %q(94), %q(5), %q(5)]).includes ["AUT", "WIN", "SPR"]
make([%q(LITERARY HISTORY I), %q(100A), %q(5), %q(5)]).includes ["AUT"]
make([%q(LITERARY HISTORY II), %q(100B), %q(5), %q(5)]).includes ["WIN"]
make([%q(LITERARY HISTORY III), %q(100C), %q(5), %q(5)]).includes ["SPR"]
make([%q(THE MATERIAL BOOK), %q(102A), %q(5), %q(5)]).includes ["SPR"]
make([%q(THE ACTIVE LIFE OR THE CONTEMPLATIVE LIFE?), %q(103H), %q(5), %q(5)]).includes ["AUT"]
make([%q(QUEER READING AND QUEER WRITING IN EARLY MODERN ENGLAND (FEMGEN 115)), %q(105A), %q(5), %q(5)]).includes ["AUT"]
make([%q(SHAKESPEARE AND MODERN CRITICAL DEVELOPMENTS), %q(115A), %q(5), %q(5)]).includes ["SPR"]
make([%q(LATE SHAKESPEARE: GENRE, STYLE, AUTHORSHIP), %q(115B), %q(5), %q(5)]).includes ["WIN"]
make([%q(LITERATURE AND THE BRAIN (FRENCH 118, FRENCH 318, PSYCH 118F)), %q(118), %q(5), %q(5)]).includes ["NOT GIVEN THIS YEAR"]
make([%q(AUSTEN AND WOOLF), %q(122A), %q(5), %q(5)]).includes ["NOT GIVEN THIS YEAR"]
make([%q(AMERICAN LITERATURE AND CULTURE TO 1855 (AMSTUD 150, ENGLISH 23)), %q(123), %q(3), %q(5)]).includes ["WIN"]
make([%q(THE ELUSIVE MR. POE: AN INTRODUCTION TO THE WORKS OF EDGAR ALLAN POE), %q(123F), %q(5), %q(5)]).includes ["AUT"]
make([%q(THE AMERICAN WEST (AMSTUD 124A, ARTHIST 152, HISTORY 151, POLISCI 124A)), %q(124), %q(4), %q(4)]).includes ["SPR"]
make([%q(THE PICARESQUE NOVEL), %q(131A), %q(3), %q(5)]).includes ["SUM"]
make([%q(LOVE IN NINETEENTH CENTURY FICTION AND POETRY), %q(132G), %q(3), %q(5)]).includes ["WIN"]
make([%q(ROMANTIC POETRY AND POETICS), %q(136), %q(5), %q(5)]).includes ["SPR"]
make([%q(AMERICAN WOMEN WRITERS, 1850-1920 (AMSTUD 139B)), %q(139B), %q(5), %q(5)]).includes ["SPR"]
make([%q(WORLD LITERATURE IN ENGLISH), %q(141B), %q(5), %q(5)]).includes ["AUT"]
make([%q(THE HOLLYWOOD NOVELISTS), %q(142C), %q(3), %q(5)]).includes ["SUM"]
make([%q(TALKING BACK: INTERTEXTUALITY IN CONTEMPORARY FICTION (ENGLISH 42D)), %q(142D), %q(3), %q(5)]).includes ["AUT"]
make([%q(CONTEMPORARY BRITISH FICTION (ENGLISH 44B)), %q(144B), %q(3), %q(5)]).includes ["WIN"]
make([%q(FEMALE MODERNISTS:  WOMEN WRITERS IN PARIS BETWEEN THE WARS), %q(144F), %q(5), %q(5)]).includes ["WIN"]
make([%q(JEWISH AMERICAN LITERATURE (JEWISHST 155D, REES 145D)), %q(145D), %q(5), %q(5)]).includes ["SPR"]
make([%q(AMERICAN FICTION SINCE 1945), %q(145G), %q(5), %q(5)]).includes ["SPR"]
make([%q(DEVELOPMENT OF THE SHORT STORY: CONTINUITY AND INNOVATION), %q(146), %q(5), %q(5)]).includes ["SPR"]
make([%q(FAMILY DRAMA: AMERICAN PLAYS ABOUT FAMILIES (TAPS 248)), %q(148), %q(5), %q(5)]).includes ["AUT"]
make([%q(WOMEN POETS (FEMGEN 150D)), %q(150D), %q(5), %q(5)]).includes ["SPR"]
make([%q(ANGELHEADED HIPSTERS:  BEAT WRITERS OF SAN FRANCISCO AND NEW YORK), %q(151F), %q(5), %q(5)]).includes ["WIN"]
make([%q(WASTELANDS), %q(151H), %q(5), %q(5)]).includes ["WIN"]
make([%q(AFRICAN AMERICAN LITERATURE (AFRICAAM 152E, AMSTUD 152E)), %q(152E), %q(5), %q(5)]).includes ["WIN"]
make([%q(AMERICAN LITERARY JOURNALISM), %q(157), %q(5), %q(5)]).includes ["AUT"]
make([%q(POETRY AND POETICS), %q(160), %q(5), %q(5)]).includes ["AUT", "WIN", "SPR"]
make([%q(NARRATIVE AND NARRATIVE THEORY), %q(161), %q(5), %q(5)]).includes ["AUT", "SPR"]
make([%q(NARRATIVE & NARRATIVE THEORY:  POWER, DIFFERENCE, AND THE CONSTRUCTION OF FICTIONAL WORLDS), %q(161A), %q(5), %q(5)]).includes ["WIN"]
make([%q(CRITICAL METHODS: READINGS IN FEMINIST AND QUEER CRITICISM), %q(162A), %q(5), %q(5)]).includes ["WIN"]
make([%q(EARLY SHAKESPEARE: POET AND PLAYWRIGHT), %q(163C), %q(5), %q(5)]).includes ["AUT"]
make([%q(SENIOR SEMINAR), %q(164), %q(5), %q(5)]).includes ["AUT", "WIN", "SPR"]
make([%q(CONTEMPORARY SCIENCE FICTIONS AND TECHNOFUTURES), %q(167), %q(3), %q(5)]).includes ["SUM"]
make([%q(IMAGINING THE OCEANS (COMPLIT 168, COMPLIT 368, ENGLISH 368, FRENCH 168, FRENCH 368)), %q(168), %q(5), %q(5)]).includes ["SPR"]
make([%q(ASIAN AMERICAN FICTION (AMSTUD 169B)), %q(169B), %q(5), %q(5)]).includes ["AUT"]
make([%q(HISTORY OF THE ENGLISH LANGUAGE (LINGUIST 163)), %q(171H), %q(5), %q(5)]).includes ["AUT"]
make([%q(INTRODUCTION TO COMPARATIVE STUDIES IN RACE AND ETHNICITY (ANTHRO 33, CSRE 196C, SOC 146, TAPS 165)), %q(172D), %q(5), %q(5)]).includes ["NOT GIVEN THIS YEAR"]
make([%q(THE LITERATURE OF THE AMERICAS (AMSTUD 142, COMPLIT 142, CSRE 142)), %q(172E), %q(5), %q(5)]).includes ["NOT GIVEN THIS YEAR"]
make([%q(GROWING UP DIFFERENT: COMING-OF-AGE STORIES IN A DIVERSIFYING AMERICA), %q(172F), %q(3), %q(5)]).includes ["SUM"]
make([%q(PASSIONS, EMOTIONS, MOODS), %q(173H), %q(5), %q(5)]).includes ["WIN"]
make([%q(THE NOVEL, THE WORLD (COMPLIT 123)), %q(184), %q(5), %q(5)]).includes ["WIN"]
make([%q(INTRODUCTION TO CRITICAL TEXT MINING), %q(184E), %q(5), %q(5)]).includes ["AUT"]
make([%q(TEXT TECHNOLOGIES: A HISTORY (STS 200D)), %q(184H), %q(5), %q(5)]).includes ["AUT"]
make([%q(TALES OF THREE CITIES: NEW YORK, CHICAGO, LOS ANGELES (AMSTUD 186)), %q(186), %q(5), %q(5)]).includes ["WIN"]
make([%q(HEROIC TRAITORS: THE WHISTLEBLOWER IN AMERICAN LITERATURE AND CULTURE), %q(186F), %q(3), %q(5)]).includes ["SUM"]
make([%q(INTERMEDIATE FICTION WRITING), %q(190), %q(5), %q(5)]).includes ["AUT", "WIN", "SPR"]
make([%q(FICTION INTO FILM), %q(190F), %q(5), %q(5)]).includes ["WIN"]
make([%q(THE GRAPHIC NOVEL), %q(190G), %q(5), %q(5)]).includes ["AUT"]
make([%q(THE GRAPHIC NOVEL), %q(190H), %q(5), %q(5)]).includes ["WIN"]
make([%q(SPECIAL TOPICS IN INTERMEDIATE FICTION WRITING), %q(190T), %q(5), %q(5)]).includes ["SPR"]
make([%q(READING FOR WRITERS), %q(190V), %q(5), %q(5)]).includes ["WIN"]
make([%q(INTERMEDIATE CREATIVE NONFICTION), %q(191), %q(5), %q(5)]).includes ["AUT", "WIN", "SPR"]
make([%q(SPECIAL TOPICS IN INTERMEDIATE CREATIVE NONFICTION), %q(191T), %q(5), %q(5)]).includes ["SPR"]
make([%q(INTERMEDIATE POETRY WRITING), %q(192), %q(5), %q(5)]).includes ["AUT", "SPR"]
make([%q(THE OCCASIONS OF POETRY), %q(192V), %q(5), %q(5)]).includes ["WIN"]
make([%q(INDIVIDUAL RESEARCH), %q(194), %q(5), %q(5)]).includes ["AUT", "WIN", "SPR", "SUM"]
make([%q(HOW TO WRITE A GREAT ESSAY: A WRITING BOOTCAMP FOR UNDERGRADUATES), %q(195B), %q(5), %q(5)]).includes ["AUT"]
make([%q(WRITING CENTER PEER TUTOR SEMINAR (PWR 195, PWR 295)), %q(195W), %q(3), %q(3)]).includes ["SPR"]
make([%q(HONORS SEMINAR: CRITICAL APPROACHES TO LITERATURE), %q(196A), %q(3), %q(3)]).includes ["AUT"]
make([%q(HONORS ESSAY WORKSHOP), %q(196B), %q(2), %q(2)]).includes ["AUT"]
make([%q(SENIORS HONORS ESSAY), %q(197), %q(1), %q(10)]).includes ["AUT", "WIN", "SPR"]
make([%q(INDIVIDUAL WORK), %q(198), %q(1), %q(5)]).includes ["AUT", "WIN", "SPR", "SUM"]
make([%q(INDIVIDUAL WORK: LEVINTHAL TUTORIAL), %q(198L), %q(5), %q(5)]).includes ["WIN"]
make([%q(SENIOR INDEPENDENT ESSAY), %q(199), %q(1), %q(10)]).includes ["AUT", "WIN", "SPR"]
make([%q(PALEOGRAPHY OF MEDIEVAL AND EARLY MODERN MANUSCRIPTS (CLASSGEN 311, DLCL 209, HISTORY 309G, RELIGST 204)), %q(209), %q(3), %q(5)]).includes ["SPR"]
make([%q(MEANING AND MINING: METHOD AND INTERPRETATION IN THE DIGITAL HUMANITIES), %q(253), %q(5), %q(5)]).includes ["WIN"]
make([%q(TEXT IN CONTEXT: BEOWULF FROM THEN `TIL NOW), %q(270A), %q(5), %q(5)]).includes ["WIN"]
make([%q(FICTION WORKSHOP FOR GRADUATE STUDENTS), %q(290G), %q(3), %q(3)]).includes ["WIN"]
make([%q(ADVANCED POETRY WRITING), %q(292), %q(5), %q(5)]).includes ["SPR"]
make([%q(LITERARY TRANSLATION (DLCL 293)), %q(293), %q(3), %q(5)]).includes ["WIN"]
make([%q(MEDIEVAL METHODOLOGIES (DLCL 300, MUSIC 300C)), %q(300), %q(3), %q(3)]).includes ["WIN"]
make([%q(MEDIEVAL VISIONARIES), %q(301D), %q(5), %q(5)]).includes ["AUT"]
make([%q(SEXUALITY AND TERROR: THE BRITISH GOTHIC NOVEL FROM WALPOLE TO MARY SHELLEY), %q(303B), %q(5), %q(5)]).includes ["AUT"]
make([%q(ROMANTICISM AND ANTIQUARIANISM), %q(304A), %q(5), %q(5)]).includes ["WIN"]
make([%q(DICKENS AND ELIOT), %q(305D), %q(5), %q(5)]).includes ["SPR"]
make([%q(THE NOVEL OF IDEAS), %q(313A), %q(5), %q(5)]).includes ["SPR"]
make([%q(EPIC AND EMPIRE (COMPLIT 320A)), %q(314), %q(5), %q(5)]).includes ["SPR"]
make([%q(NARRATIVE MEDICINE), %q(330), %q(5), %q(5)]).includes ["WIN"]
make([%q(CONCEPTS OF MODERNITY I: PHILOSOPHICAL FOUNDATIONS (MTL 334A)), %q(334A), %q(5), %q(5)]).includes ["AUT"]
make([%q(CONCEPTS OF MODERNITY II: THE STUDY OF CULTURE IN THE AGE OF GLOBALIZATION (COMPLIT 334B, MTL 334B)), %q(334B), %q(5), %q(5)]).includes ["WIN"]
make([%q(THE GOTHIC IN LITERATURE AND CULTURE (COMPLIT 338, FRENCH 338)), %q(338), %q(5), %q(5)]).includes ["WIN"]
make([%q(THE THEORY OF THE NOVEL (COMPLIT 360B)), %q(360B), %q(5), %q(5)]).includes ["SPR"]
make([%q(EAST GOES WEST: TRANSNATIONAL ASIA/PACIFIC SPATIAL GEOGRAPHIES), %q(361B), %q(5), %q(5)]).includes ["AUT"]
make([%q(THE 1790S: THE AFTERSHOCK OF REVOLUTION), %q(365E), %q(5), %q(5)]).includes ["WIN"]
make([%q(AMERICAN RENAISSANCE LITERATURE: THE INVENTION OF THE AMERICAN AUTHOR), %q(365F), %q(5), %q(5)]).includes ["SPR"]
make([%q(IMAGINING THE OCEANS (COMPLIT 168, COMPLIT 368, ENGLISH 168, FRENCH 168, FRENCH 368)), %q(368), %q(5), %q(5)]).includes ["SPR"]
make([%q(RENAISSANCE LITERATURE AND POLITICS AFTER THE NEW HISTORICISM), %q(375A), %q(5), %q(5)]).includes ["WIN"]
make([%q(MILTON IN THE LONG RESTORATION), %q(376), %q(5), %q(5)]).includes ["SPR"]
make([%q(GRADUATE FICTION WORKSHOP), %q(390), %q(3), %q(3)]).includes ["AUT", "WIN", "SPR"]
make([%q(GRADUATE POETRY WORKSHOP), %q(392), %q(3), %q(3)]).includes ["AUT", "WIN", "SPR"]
make([%q(INDEPENDENT STUDY), %q(394), %q(1), %q(10)]).includes ["SUM"]
make([%q(AD HOC GRADUATE SEMINAR), %q(395), %q(1), %q(5)]).includes ["AUT", "WIN", "SPR"]
make([%q(INTRODUCTION TO GRADUATE STUDY FOR PH.D. STUDENTS), %q(396), %q(5), %q(5)]).includes ["AUT"]
make([%q(PEDAGOGY SEMINAR I (COMPLIT 396L)), %q(396L), %q(2), %q(2)]).includes ["AUT"]
make([%q(PUBLICATION WORKSHOP: THE ARTICLE), %q(396P), %q(3), %q(5)]).includes ["WIN"]
make([%q(PEDAGOGY SEMINAR II), %q(397A), %q(1), %q(1)]).includes ["AUT"]
make([%q(TEACHING THE HUMANITIES: LIGHTING A FIRE (EDUC 405X)), %q(397X), %q(2), %q(4)]).includes ["WIN"]
make([%q(RESEARCH COURSE), %q(398), %q(1), %q(18)]).includes ["AUT", "WIN", "SPR", "SUM"]
make([%q(LITERARY LAB), %q(398L), %q(2), %q(5)]).includes ["AUT", "WIN", "SPR"]
make([%q(REVISION AND DEVELOPMENT OF A PAPER), %q(398R), %q(4), %q(5)]).includes ["AUT", "WIN", "SPR", "SUM"]
make([%q(ORALS, PUBLICATION AND DISSERTATION WORKSHOP), %q(398W), %q(2), %q(2)]).includes ["AUT", "WIN", "SPR"]
make([%q(THESIS), %q(399), %q(1), %q(10)]).includes ["AUT", "WIN", "SPR", "SUM"]
make([%q(TGR DISSERTATION), %q(802), %q(0), %q(0)]).includes ["AUT", "WIN", "SPR", "SUM"]
