make([%q(Predicting Volcanic Eruptions), %q(20N), %q(3), %q(3)]).includes ["SPR"]
make([%q(Planetary Habitability, World View, and Sustainability), %q(50N), %q(3), %q(3)]).includes ["OFFERED OCCASIONALLY"]
make([%q(Man versus Nature: Coping with Disasters Using Space Technology (EE 60N)), %q(60N), %q(4), %q(4)]).includes ["NOT GIVEN THIS YEAR"]
make([%q(Directed Reading), %q(100), %q(1), %q(2)]).includes ["AUT", "WIN", "SPR", "SUM"]
make([%q(The Water Course (EARTHSYS 104)), %q(104), %q(4), %q(4)]).includes ["SPR"]
make([%q(Earth on the Edge: Introduction to Geophysics), %q(110), %q(3), %q(3)]).includes ["AUT"]
make([%q(Exploring Geosciences with MATLAB), %q(112), %q(1), %q(3)]).includes ["AUT"]
make([%q(Earthquakes and Volcanoes (EARTHSYS 113)), %q(113), %q(3), %q(3)]).includes ["SPR"]
make([%q(Understanding Natural Hazards, Quantifying Risk, Increasing Resilience in Highly Urbanized Regions (EESS 118, EESS 218, GEOPHYS 218, GES 118, GES 218)), %q(118), %q(3), %q(3)]).includes ["WIN"]
make([%q(Ice, Water, Fire (GEOPHYS 220)), %q(120), %q(3), %q(5)]).includes ["SPR"]
make([%q(Introductory Seismology), %q(130), %q(3), %q(3)]).includes ["AUT"]
make([%q(The Energy-Water Nexus (EARTHSYS 140)), %q(135), %q(3), %q(3)]).includes ["SPR"]
make([%q(Remote Sensing of the Oceans (EARTHSYS 141, EARTHSYS 241, EESS 141, EESS 241)), %q(141), %q(3), %q(4)]).includes ["WIN"]
make([%q(Atmosphere, Ocean, and Climate Dynamics: The Atmospheric Circulation (EARTHSYS 146A, EARTHSYS 246A, EESS 146A, EESS 246A, GEOPHYS 246A)), %q(146A), %q(3), %q(3)]).includes ["WIN"]
make([%q(Atmosphere, Ocean, and Climate Dynamics: the Ocean Circulation (EARTHSYS 146B, EARTHSYS 246B, EESS 146B, EESS 246B, GEOPHYS 246B)), %q(146B), %q(3), %q(3)]).includes ["SPR"]
make([%q(Geodynamics: Our Dynamic Earth), %q(150), %q(3), %q(3)]).includes ["WIN"]
make([%q(Introduction to SES Computing (ISESC)), %q(160), %q(2), %q(3)]).includes ["GIVEN NEXT YEAR"]
make([%q(Laboratory Methods in Geophysics), %q(162), %q(2), %q(3)]).includes ["AUT"]
make([%q(Global Tectonics), %q(170), %q(3), %q(3)]).includes ["NOT GIVEN THIS YEAR"]
make([%q(Tectonics Field Trip), %q(171), %q(1), %q(3)]).includes ["SPR"]
make([%q(Fluids and Flow in the Earth: Computational Methods (GEOPHYS 200)), %q(181), %q(3), %q(3)]).includes ["GIVEN NEXT YEAR"]
make([%q(Reflection Seismology (GEOPHYS 222)), %q(182), %q(3), %q(3)]).includes ["AUT"]
make([%q(Reflection Seismology Interpretation (GEOPHYS 223, GES 223)), %q(183), %q(1), %q(4)]).includes ["SPR"]
make([%q(Journey to the Center of the Earth (GEOPHYS 274, GES 107, GES 207)), %q(184), %q(3), %q(3)]).includes ["WIN"]
make([%q(Rock Physics for Reservoir Characterization (GEOPHYS 260)), %q(185), %q(3), %q(3)]).includes ["SPR"]
make([%q(Tectonophysics (GEOPHYS 290)), %q(186), %q(3), %q(3)]).includes ["NOT GIVEN THIS YEAR"]
make([%q(Environmental Soundings Image Estimation (GEOPHYS 211)), %q(187), %q(3), %q(3)]).includes ["WIN"]
make([%q(Near-Surface Geophysics), %q(190), %q(3), %q(3)]).includes ["NOT GIVEN THIS YEAR"]
make([%q(Undergraduate Research in Geophysics), %q(196), %q(1), %q(10)]).includes ["AUT", "WIN", "SPR", "SUM"]
make([%q(Senior Thesis in Geophysics), %q(197), %q(3), %q(5)]).includes ["AUT", "WIN", "SPR", "SUM"]
make([%q(Honors Program), %q(198), %q(1), %q(3)]).includes ["AUT", "WIN", "SPR", "SUM"]
make([%q(Senior Seminar: Issues in Earth Sciences (GES 150)), %q(199), %q(3), %q(3)]).includes ["AUT"]
make([%q(Fluids and Flow in the Earth: Computational Methods (GEOPHYS 181)), %q(200), %q(3), %q(3)]).includes ["GIVEN NEXT YEAR"]
make([%q(Frontiers of Geophysical Research at Stanford: Faculty Lectures), %q(201), %q(1), %q(1)]).includes ["AUT"]
make([%q(Reservoir Geomechanics), %q(202), %q(3), %q(3)]).includes ["WIN"]
make([%q(Spectral Finite Element Method (SPECFEM) Seismograms), %q(204), %q(3), %q(3)]).includes ["NOT GIVEN THIS YEAR"]
make([%q(Basic Earth Imaging), %q(210), %q(2), %q(3)]).includes ["AUT"]
make([%q(Environmental Soundings Image Estimation (GEOPHYS 187)), %q(211), %q(3), %q(3)]).includes ["WIN"]
make([%q(Understanding Natural Hazards, Quantifying Risk, Increasing Resilience in Highly Urbanized Regions (EESS 118, EESS 218, GEOPHYS 118, GES 118, GES 218)), %q(218), %q(3), %q(3)]).includes ["WIN"]
make([%q(Ice, Water, Fire (GEOPHYS 120)), %q(220), %q(3), %q(5)]).includes ["SPR"]
make([%q(Reflection Seismology (GEOPHYS 182)), %q(222), %q(3), %q(3)]).includes ["AUT"]
make([%q(Reflection Seismology Interpretation (GEOPHYS 183, GES 223)), %q(223), %q(1), %q(4)]).includes ["SPR"]
make([%q(Seismic Reflection Processing), %q(224), %q(2), %q(3)]).includes ["WIN"]
make([%q(WAVES AND FIELDS IN GEOPHYSICS), %q(235), %q(3), %q(3)]).includes ["AUT"]
make([%q(Borehole Seismic Modeling and Imaging), %q(240), %q(3), %q(3)]).includes ["SPR"]
make([%q(Seismic Reservoir Characterization (ENERGY 141, ENERGY 241)), %q(241A), %q(3), %q(4)]).includes ["SPR"]
make([%q(Atmosphere, Ocean, and Climate Dynamics: The Atmospheric Circulation (EARTHSYS 146A, EARTHSYS 246A, EESS 146A, EESS 246A, GEOPHYS 146A)), %q(246A), %q(3), %q(3)]).includes ["WIN"]
make([%q(Atmosphere, Ocean, and Climate Dynamics: the Ocean Circulation (EARTHSYS 146B, EARTHSYS 246B, EESS 146B, EESS 246B, GEOPHYS 146B)), %q(246B), %q(3), %q(3)]).includes ["SPR"]
make([%q(Structural Geology and Rock Mechanics (CEE 297R, GES 215)), %q(251), %q(4), %q(4)]).includes ["AUT"]
make([%q(Report on Energy Industry Training), %q(255), %q(1), %q(3)]).includes ["AUT", "WIN", "SPR", "SUM"]
make([%q(Introduction to Computational Earth Sciences), %q(257), %q(2), %q(4)]).includes ["ALTERNATE YEARS", "GIVEN NEXT YEAR"]
make([%q(Applied Optimization Laboratory (Geophys 258) (EE 257)), %q(258), %q(3), %q(4)]).includes ["NOT GIVEN THIS YEAR"]
make([%q(Rock Physics for Reservoir Characterization (GEOPHYS 185)), %q(260), %q(3), %q(3)]).includes ["SPR"]
make([%q(Rock Physics), %q(262), %q(3), %q(3)]).includes ["AUT"]
make([%q(Imaging Radar and Applications (EE 355)), %q(265), %q(3), %q(3)]).includes ["WIN"]
make([%q(Electromagnetic Properties of Geological Materials), %q(270), %q(2), %q(3)]).includes ["WIN"]
make([%q(Journey to the Center of the Earth (GEOPHYS 184, GES 107, GES 207)), %q(274), %q(3), %q(3)]).includes ["WIN"]
make([%q(3-D Seismic Imaging), %q(280), %q(2), %q(3)]).includes ["SPR"]
make([%q(Geophysical Inverse Problems), %q(281), %q(3), %q(3)]).includes ["NOT GIVEN THIS YEAR"]
make([%q(Hydrogeophysics), %q(284), %q(3), %q(3)]).includes ["OFFERED OCCASIONALLY"]
make([%q(Global Seismology), %q(286), %q(3), %q(3)]).includes ["ALTERNATE YEARS", "GIVEN NEXT YEAR"]
make([%q(Earthquake Seismology), %q(287), %q(3), %q(5)]).includes ["ALTERNATE YEARS", "GIVEN NEXT YEAR"]
make([%q(Crustal Deformation), %q(288A), %q(3), %q(5)]).includes ["AUT"]
make([%q(Crustal Deformation), %q(288B), %q(3), %q(5)]).includes ["WIN"]
make([%q(Global Positioning System in Earth Sciences), %q(289), %q(3), %q(5)]).includes ["SPR"]
make([%q(Tectonophysics (GEOPHYS 186)), %q(290), %q(3), %q(3)]).includes ["NOT GIVEN THIS YEAR"]
make([%q(Reflection Seismology), %q(385A), %q(1), %q(2)]).includes ["AUT", "WIN", "SPR", "SUM"]
make([%q(Environmental Geophysics), %q(385B), %q(1), %q(2)]).includes ["AUT", "WIN", "SPR", "SUM"]
make([%q(Theoretical Geophysics), %q(385D), %q(1), %q(2)]).includes ["AUT", "WIN", "SPR", "SUM"]
make([%q(Tectonics), %q(385E), %q(1), %q(2)]).includes ["AUT", "WIN", "SPR", "SUM"]
make([%q(Global Seismic Techniques, Theory, and Application), %q(385J), %q(1), %q(2)]).includes ["AUT", "WIN", "SPR", "SUM"]
make([%q(Crustal Mechanics), %q(385K), %q(1), %q(5)]).includes ["AUT", "WIN", "SPR", "SUM"]
make([%q(Earthquake Seismology, Deformation, and Stress), %q(385L), %q(1), %q(5)]).includes ["AUT", "WIN", "SPR", "SUM"]
make([%q(Experimental Rock Physics), %q(385N), %q(1), %q(2)]).includes ["AUT", "WIN", "SPR", "SUM"]
make([%q(Wave Physics), %q(385S), %q(1), %q(2)]).includes ["AUT", "WIN", "SPR", "SUM"]
make([%q(Poroelasticity), %q(385V), %q(1), %q(2)]).includes ["AUT", "WIN", "SPR", "SUM"]
make([%q(Radio Remote Sensing), %q(385Z), %q(1), %q(2)]).includes ["AUT", "WIN", "SPR", "SUM"]
make([%q(Research in Geophysics), %q(400), %q(1), %q(15)]).includes ["AUT", "WIN", "SPR", "SUM"]
make([%q(TGR Project), %q(801), %q(0), %q(0)]).includes ["AUT", "WIN", "SPR", "SUM"]
make([%q(TGR Dissertation), %q(802), %q(0), %q(0)]).includes ["AUT", "WIN", "SPR", "SUM"]
