make([%q(Advanced Conversation Salon), %q(60S), %q(1), %q(1)]).includes ["NOT GIVEN THIS YEAR"]
make([%q(Narrative Medicine and Near-Death Experiences (ITALIAN 75N)), %q(75N), %q(3), %q(3)]).includes ["AUT"]
make([%q(Oscar Wilde and the French Decadents (COMPLIT 112, COMPLIT 312, FRENCH 312)), %q(112), %q(3), %q(5)]).includes ["WIN"]
make([%q(Literature and the Brain (ENGLISH 118, FRENCH 318, PSYCH 118F)), %q(118), %q(5), %q(5)]).includes ["NOT GIVEN THIS YEAR"]
make([%q(Coffee and Cigarettes: The Making of French Intellectual Culture), %q(120), %q(4), %q(5)]).includes ["NOT GIVEN THIS YEAR"]
make([%q(Nation in Motion: Film, Race and Immigration in Contemporary French Cinema (CSRE 65)), %q(122), %q(3), %q(5)]).includes ["SPR"]
make([%q(The View from Paris: Key Moments in French Culture), %q(124), %q(4), %q(4)]).includes ["AUT"]
make([%q(Religion, The Self, and Society in 20th-Century French Novels and Film), %q(125), %q(3), %q(5)]).includes ["NOT GIVEN THIS YEAR"]
make([%q(Introduction to Medieval and Renaissance French Literature), %q(130), %q(4), %q(4)]).includes ["WIN"]
make([%q(Absolutism, Enlightenment, and Revolution in 17th- and 18th-Century France), %q(131), %q(4), %q(4)]).includes ["SPR"]
make([%q(Literature, Revolutions, and Changes in 19th- and 20th-Century France), %q(132), %q(4), %q(4)]).includes ["AUT"]
make([%q(Literature and Society in Africa and the Caribbean (AFRICAAM 133, JEWISHST 143)), %q(133), %q(4), %q(4)]).includes ["WIN"]
make([%q(Paris: Capital of the Modern World (FRENCH 340, HISTORY 230C)), %q(140), %q(4), %q(5)]).includes ["AUT"]
make([%q(French Theatromania: From Great Classics to Private Theater in 17th & 18th Century France), %q(145), %q(3), %q(5)]).includes ["NOT GIVEN THIS YEAR"]
make([%q(Ideas of Africa in Atlantic Writing (COMPLIT 145B, COMPLIT 345B, FRENCH 345B)), %q(145B), %q(3), %q(5)]).includes ["NOT GIVEN THIS YEAR"]
make([%q(Season and Off-Season of North-African Cinema and Literature (FRENCH 350)), %q(150), %q(3), %q(5)]).includes ["NOT GIVEN THIS YEAR"]
make([%q(Film & Philosophy (COMPLIT 154A, ITALIAN 154, PHIL 193C, PHIL 293C)), %q(154), %q(4), %q(4)]).includes ["NOT GIVEN THIS YEAR"]
make([%q(Imagining the Oceans (COMPLIT 168, COMPLIT 368, ENGLISH 168, ENGLISH 368, FRENCH 368)), %q(168), %q(5), %q(5)]).includes ["SPR"]
make([%q(Philosophy and Literature (CLASSGEN 81, COMPLIT 181, ENGLISH 81, GERMAN 181, ITALIAN 181, PHIL 81, SLAVIC 181)), %q(181), %q(5), %q(5)]).includes ["WIN"]
make([%q(Parisian Cultures of the 19th and Early 20th Centuries), %q(190Q), %q(4), %q(4)]).includes ["NOT GIVEN THIS YEAR"]
make([%q(Individual Work), %q(199), %q(1), %q(12)]).includes ["AUT", "WIN", "SPR", "SUM"]
make([%q(Revolutions in Prose: The 19th-Century French Novel), %q(204), %q(3), %q(5)]).includes ["NOT GIVEN THIS YEAR"]
make([%q(Songs of Love and War: Gender, Crusade, Politics (FEMGEN 205)), %q(205), %q(3), %q(5)]).includes ["WIN"]
make([%q(Representation and Theatre Culture in 20th Century France (TAPS 353)), %q(210), %q(5), %q(5)]).includes ["SPR"]
make([%q(When the World Spoke French: Kings, Writers, and Philosophers, 1630-1789/Old Regime France), %q(213), %q(4), %q(5)]).includes ["NOT GIVEN THIS YEAR"]
make([%q(Skepticism and Atheism in Early-Modern French Thought), %q(218), %q(4), %q(5)]).includes ["AUT"]
make([%q(The Renaissance Body in French Literature and Medicine (FRENCH 319)), %q(219), %q(3), %q(5)]).includes ["NOT GIVEN THIS YEAR"]
make([%q(Conceiving Other Worlds: Travel Narrative and Science Fiction in Early-Modern France), %q(221), %q(4), %q(5)]).includes ["SPR"]
make([%q(Introduction to Medieval French Literature), %q(225), %q(5), %q(5)]).includes ["NOT GIVEN THIS YEAR"]
make([%q(Science, Technology, and Society in the Face of the Looming Disaster (ITALIAN 228, POLISCI 233F)), %q(228), %q(3), %q(5)]).includes ["NOT GIVEN THIS YEAR"]
make([%q(Literature of Global Health (COMPLIT 229, HUMBIO 175L, MED 234)), %q(229), %q(3), %q(5)]).includes ["SPR"]
make([%q(Courtly Love: Deceit and Desire in the Middle Ages (COMPLIT 221A, ITALIAN 234)), %q(234), %q(3), %q(5)]).includes ["NOT GIVEN THIS YEAR"]
make([%q(Cultural Contact in Medieval French Literature), %q(237), %q(3), %q(5)]).includes ["NOT GIVEN THIS YEAR"]
make([%q(Seasons in North African Cinema and Literature), %q(242), %q(3), %q(5)]).includes ["NOT GIVEN THIS YEAR"]
make([%q(Literature, History and Memory (COMPLIT 250)), %q(248), %q(3), %q(5)]).includes ["NOT GIVEN THIS YEAR"]
make([%q(Writing, Memory, and Self-Fashioning (ITALIAN 251)), %q(251), %q(3), %q(5)]).includes ["NOT GIVEN THIS YEAR"]
make([%q(Honoré de Balzac (COMPLIT 253)), %q(253), %q(3), %q(5)]).includes ["AUT"]
make([%q(Italy, France, and Postcolonialism (ITALIAN 260)), %q(260), %q(3), %q(5)]).includes ["AUT"]
make([%q(The Problem of Evil in Literature, Film, and Philosophy (POLISCI 338E)), %q(265), %q(3), %q(5)]).includes ["WIN"]
make([%q(Thinking Modernity: Montaigne to Lafayette), %q(271), %q(3), %q(5)]).includes ["WIN"]
make([%q(Twentieth-Century French Thought: Literature, Politics, and Intellectual History), %q(275), %q(3), %q(5)]).includes ["SPR"]
make([%q(Nineteenth-Century French Realism: Classic Novels and Contemporary Interpretations), %q(284), %q(3), %q(5)]).includes ["WIN"]
make([%q(Topics in French Literature and Philosophy), %q(293A), %q(2), %q(2)]).includes ["NOT GIVEN THIS YEAR"]
make([%q(Topics in French Literature and Philosophy), %q(293B), %q(2), %q(2)]).includes ["NOT GIVEN THIS YEAR"]
make([%q(Oscar Wilde and the French Decadents (COMPLIT 112, COMPLIT 312, FRENCH 112)), %q(312), %q(3), %q(5)]).includes ["WIN"]
make([%q(Understanding and Staging Molière Theatre (TAPS 368S)), %q(316), %q(3), %q(5)]).includes ["NOT GIVEN THIS YEAR"]
make([%q(Literature and the Brain (ENGLISH 118, FRENCH 118, PSYCH 118F)), %q(318), %q(5), %q(5)]).includes ["NOT GIVEN THIS YEAR"]
make([%q(The Renaissance Body in French Literature and Medicine (FRENCH 219)), %q(319), %q(3), %q(5)]).includes ["NOT GIVEN THIS YEAR"]
make([%q(The Posthumanistic Subject), %q(320), %q(3), %q(5)]).includes ["NOT GIVEN THIS YEAR"]
make([%q(Genres of the Novel (COMPLIT 327)), %q(327), %q(5), %q(5)]).includes ["NOT GIVEN THIS YEAR"]
make([%q(Literature, Narrative, and the Self (COMPLIT 328, ITALIAN 328)), %q(328), %q(3), %q(5)]).includes ["AUT"]
make([%q(The Craft of Confession and Its Cultural Contexts), %q(331), %q(5), %q(5)]).includes ["SPR"]
make([%q(The Gothic in Literature and Culture (COMPLIT 338, ENGLISH 338)), %q(338), %q(5), %q(5)]).includes ["WIN"]
make([%q(Technologies of Extinctions: Ecocides and Genocides (ANTHRO 339A)), %q(339A), %q(5), %q(5)]).includes ["SPR"]
make([%q(Paris: Capital of the Modern World (FRENCH 140, HISTORY 230C)), %q(340), %q(4), %q(5)]).includes ["AUT"]
make([%q(Ideas of Africa in Atlantic Writing (COMPLIT 145B, COMPLIT 345B, FRENCH 145B)), %q(345B), %q(3), %q(5)]).includes ["NOT GIVEN THIS YEAR"]
make([%q(Season and Off-Season of North-African Cinema and Literature (FRENCH 150)), %q(350), %q(3), %q(5)]).includes ["NOT GIVEN THIS YEAR"]
make([%q(Imagining the Oceans (COMPLIT 168, COMPLIT 368, ENGLISH 168, ENGLISH 368, FRENCH 168)), %q(368), %q(5), %q(5)]).includes ["SPR"]
make([%q(Introduction to Graduate Studies: Criticism as Profession (COMPLIT 369, DLCL 369, GERMAN 369, ITALIAN 369)), %q(369), %q(5), %q(5)]).includes ["AUT"]
make([%q(Philosophical Reading Group (COMPLIT 359A, ITALIAN 395)), %q(395), %q(1), %q(1)]).includes ["AUT", "WIN"]
make([%q(Intensive Reading in French/Italian (ITALIAN 398)), %q(398), %q(10), %q(10)]).includes ["SUM"]
make([%q(Individual Work), %q(399), %q(1), %q(12)]).includes ["AUT", "WIN", "SPR", "SUM"]
make([%q(TGR Project), %q(801), %q(0), %q(0)]).includes ["SUM"]
