make([%q(WRITING & RHETORIC 1:  THE RHETORIC OF AMERICAN MULTICULTURAL EXPERIENCE), %q(1AH), %q(4), %q(4)]).includes ["SPR"]
make([%q(WRITING & RHETORIC 1:  A MOUNTAIN FOR ITSELF: THE RHETORIC OF WILDERNESS), %q(1AT), %q(4), %q(4)]).includes ["NOT GIVEN THIS YEAR"]
make([%q(WRITING & RHETORIC 1: HEALTHY OR CUTTHROAT: THE RHETORIC OF COMPETITION), %q(1BR), %q(4), %q(4)]).includes ["SPR"]
make([%q(WRITING & RHETORIC 1: THE RHETORIC OF GAMING), %q(1CA), %q(4), %q(4)]).includes ["AUT"]
make([%q(WRITING & RHETORIC 1: MIXTAPES & MEETUPS: THE INTERACTIVE RHETORIC OF MEDIA AND RELATIONSHIPS), %q(1CG), %q(4), %q(4)]).includes ["NOT GIVEN THIS YEAR"]
make([%q(WRITING & RHETORIC 1:  INVESTIGATING THE NEWS: JOURNALISM, TECHNOLOGY & THE FUTURE), %q(1CK), %q(4), %q(4)]).includes ["SPR"]
make([%q(WRITING & RHETORIC 1: THE POLITICS OF DIFFERENCE, IDENTITY, AND HARM: THE RHETORIC OF HATE CRIMES), %q(1CL), %q(4), %q(4)]).includes ["AUT"]
make([%q(WRITING & RHETORIC 1:  WRITING NATURE:  DISCOURSES IN ECOLOGY, CULTURE, AND TECHNOLOGY), %q(1CR), %q(4), %q(4)]).includes ["AUT", "SPR"]
make([%q(WRITING & RHETORIC 1: DEBATING THE ENVIRONMENT), %q(1CS), %q(4), %q(4)]).includes ["NOT GIVEN THIS YEAR"]
make([%q(WRITING & RHETORIC 1: SPORTING RHETORIC: POWER, PERFORMANCE, PROFIT AND POLITICS), %q(1CW), %q(4), %q(4)]).includes ["AUT"]
make([%q(WRITING WELL: AN INTRODUCTION TO COLLEGE WRITING), %q(1D), %q(3), %q(3)]).includes ["SUM"]
make([%q(WRITING & RHETORIC 1:  IS THIS WHAT A FEMINIST LOOKS LIKE?  RACE/GENDER IN THE OBAMA AGE), %q(1DC), %q(4), %q(4)]).includes ["NOT GIVEN THIS YEAR"]
make([%q(WRITING & RHETORIC 1:  THE VIRTUE OF VICE AND THE VICE OF VIRTUE: THE RHETORIC OF CRIMINALITY), %q(1DH), %q(4), %q(4)]).includes ["NOT GIVEN THIS YEAR"]
make([%q(WRITING & RHETORIC 1:  GANGSTERS, GLAMOUR GIRLS & GOLD-DIGGERS:  DIALECTIC OF AM. CULTURE & HOLLYWOO), %q(1DW), %q(4), %q(4)]).includes ["NOT GIVEN THIS YEAR"]
make([%q(WRITING & RHETORIC 1: FROM THE GALLERIES TO THE STREETS: THE RHETORIC OF PUBLIC SPACE ART), %q(1EC), %q(4), %q(4)]).includes ["AUT"]
make([%q(WRITING & RHETORIC 1:  PROWLING TOWARD CERTAINTY: EXPLORATION AS ARGUMENT), %q(1EE), %q(4), %q(4)]).includes ["SPR"]
make([%q(WRITING & RHETORIC 1: THE RHETORIC OF GLOBAL DEVELOPMENT AND SOCIAL CHANGE), %q(1EP), %q(4), %q(4)]).includes ["AUT"]
make([%q(WRITING & RHETORIC 1:  FAKE NEWS AND THE RHETORIC OF  \TRUTHINESS\), %q(1HR), %q(4), %q(4)]).includes ["NOT GIVEN THIS YEAR"]
make([%q(WRITING & RHETORIC 1:  LIES AND THE LYING LIARS WHO TELL THEM: RHETORIC AND DECEPTION), %q(1JH), %q(4), %q(4)]).includes ["NOT GIVEN THIS YEAR"]
make([%q(WRITING & RHETORIC 1:  'SAVING STRANGERS': RHETORIC AND HUMANITARIAN INTERVENTION), %q(1JL), %q(4), %q(4)]).includes ["WIN"]
make([%q(WRITING & RHETORIC 1: RHETORIC OF THE STARTUPS), %q(1JM), %q(4), %q(4)]).includes ["WIN"]
make([%q(WRITING & RHETORIC 1:  THE RHETORIC OF CONSUMER CULTURE), %q(1JP), %q(4), %q(4)]).includes ["NOT GIVEN THIS YEAR"]
make([%q(WRITING & RHETORIC 1: BEYOND DNA: THE OMICS REVOLUTION), %q(1JS), %q(4), %q(4)]).includes ["WIN"]
make([%q(PWR 1:  RHETORIC HEALTH CARE), %q(1JT), %q(4), %q(4)]).includes ["NOT GIVEN THIS YEAR"]
make([%q(WRITING & RHETORIC 1:  AUTHENTIC EXPERIENCE:  THE RHETORIC OF TOURISM), %q(1KB), %q(4), %q(4)]).includes ["NOT GIVEN THIS YEAR"]
make([%q(WRITING & RHETORIC 1:  THE FEATURE ARTICLE:  WRITING AND CHANGE), %q(1KD), %q(4), %q(4)]).includes ["SPR"]
make([%q(WRITING & RHETORIC 1:  THE SCIENCE OF SPORTS), %q(1KE), %q(4), %q(4)]).includes ["NOT GIVEN THIS YEAR"]
make([%q(WRITING & RHETORIC 1:  IF THESE WALLS COULD TALK:  THE RHETORIC OF PLACES AND SPACES), %q(1KM), %q(4), %q(4)]).includes ["NOT GIVEN THIS YEAR"]
make([%q(WRITING & RHETORIC 1:  IMAGINING OTHERS: 21ST CENTURY COSMOPOLITANISM), %q(1KS), %q(4), %q(4)]).includes ["NOT GIVEN THIS YEAR"]
make([%q(WRITING & RHETORIC 1: THE EMPEROR'S NEW CLOTHES: THE RHETORIC OF MODERN MYTHOLOGY), %q(1KT), %q(4), %q(4)]).includes ["AUT", "WIN"]
make([%q(WRITING & RHETORIC 1: HEAVENLY BODIES: THE RHETORIC OF SANCTITY AND MARTYRDOM), %q(1MD), %q(4), %q(4)]).includes ["SPR"]
make([%q(WRITING & RHETORIC 1:  WRITING ABOUT CITIES: EXPLORATION, OBSERVATION, RESEARCH, ANALYSIS), %q(1MF), %q(4), %q(4)]).includes ["NOT GIVEN THIS YEAR"]
make([%q(WRITING & RHETORIC 1: THE RHETORIC OF THE AMERICAN WEST), %q(1MG), %q(4), %q(4)]).includes ["NOT GIVEN THIS YEAR"]
make([%q(WRITING & RHETORIC 1: ENVIRONMENTAL AESTHETICS: THE RHETORIC OF BEAUTY WORTH SAVING), %q(1MS), %q(4), %q(4)]).includes ["AUT", "WIN"]
make([%q(WRITING & RHETORIC 1:  SUPREME COURT RHETORIC), %q(1PB), %q(4), %q(4)]).includes ["WIN"]
make([%q(WRITING & RHETORIC 1:  HE SAID, SHE SAID: THE RHETORIC OF GENDER POLITICS), %q(1PH), %q(4), %q(4)]).includes ["NOT GIVEN THIS YEAR"]
make([%q(WRITING & RHETORIC 1: DOMESTICATION: HOW HUMANS SHAPE THE NATURAL WORLD), %q(1RC), %q(4), %q(4)]).includes ["NOT GIVEN THIS YEAR"]
make([%q(WRITING & RHETORIC 1:  THE WAR BETWEEN WARS: THE \ISMS\ OF MODERNISM), %q(1RT), %q(4), %q(4)]).includes ["NOT GIVEN THIS YEAR"]
make([%q(WRITING & RHETORIC 1: MACHINE DREAMS: THE RHETORIC OF TECHNOLOGY), %q(1SB), %q(4), %q(4)]).includes ["NOT GIVEN THIS YEAR"]
make([%q(WRITING & RHETORIC 1:  BODY AND MIND: THE RHETORIC OF GESTURE), %q(1SG), %q(4), %q(4)]).includes ["NOT GIVEN THIS YEAR"]
make([%q(WRITING & RHETORIC 1:  STRANGE ART, STRANGER POLITICS: ABSURDISM AND THE RHETORIC OF SOCIAL ACTION), %q(1SH), %q(4), %q(4)]).includes ["NOT GIVEN THIS YEAR"]
make([%q(WRITING & RHETORIC 1:  NEW MEDIA RHETORIC AND WEB 2.0), %q(1SL), %q(4), %q(4)]).includes ["NOT GIVEN THIS YEAR"]
make([%q(WRITING & RHETORIC 1: THE ELEPHANT, THE TIGER, AND THE CELLPHONE: RHETORIC OF INDIA AND INDIAN FILM), %q(1SM), %q(4), %q(4)]).includes ["NOT GIVEN THIS YEAR"]
make([%q(WRITING & RHETORIC 1:  GROWING UP GLOBAL: THE RHETORIC OF CHILDREN'S CULTURE TODAY), %q(1SP), %q(4), %q(4)]).includes ["NOT GIVEN THIS YEAR"]
make([%q(WRITING & RHETORIC 1: THE PAGE AND THE STAGE: WRITING AND PERFORMANCE), %q(1SS), %q(4), %q(4)]).includes ["SPR"]
make([%q(WRITING & RHETORIC 1:  THE RHETORIC OF BIOMEDICAL ETHICS), %q(1ST), %q(4), %q(4)]).includes ["WIN"]
make([%q(WRITING & RHETORIC 1: THE WORLD ACCORDING TO BOLLYWOOD:  INDIAN CINEMA AND ITS REPRESENTATIONS), %q(1SU), %q(4), %q(4)]).includes ["NOT GIVEN THIS YEAR"]
make([%q(WRITING & RHETORIC 1:  SCANDALS, PRIVATE LIVES, AND PUBLIC FACES: THE RHETORIC OF STANFORD), %q(1SW), %q(4), %q(4)]).includes ["NOT GIVEN THIS YEAR"]
make([%q(WRITING & RHETORIC 1:  EATING-ANIMALS:  THE RHETORIC OF ANIMALS, FOOD, AND THE ENVIRONMENT), %q(1VS), %q(4), %q(4)]).includes ["NOT GIVEN THIS YEAR"]
make([%q(WRITING & RHETORIC 1:  READING MINDS: THE RHETORIC OF CONSCIOUSNESS), %q(1WG), %q(4), %q(4)]).includes ["SPR"]
make([%q(WRITING & RHETORIC 1: ON CAGES, BOXES & BOUNDARIES: THE RHETORIC OF LIMITS), %q(1ZS), %q(4), %q(4)]).includes ["AUT"]
make([%q(WRITING & RHETORIC 2:  ETHNIC NARRATIVES AND THE RHETORIC OF AMERICAN IDENTITY), %q(2AH), %q(4), %q(4)]).includes ["AUT", "WIN"]
make([%q(WRITING & RHETORIC 2:  RHETORIC AND GLOBAL LEADERSHIP), %q(2AO), %q(4), %q(4)]).includes ["AUT", "SPR"]
make([%q(WRITING & RHETORIC 2: HOUSE RED, HOT BELLIES, AND HIGH VELOCITY LEAD THERAPY: THE RHETORIC OF TRAUMA), %q(2AT), %q(4), %q(4)]).includes ["NOT GIVEN THIS YEAR"]
make([%q(WRITING & RHETORIC 2:  NETWORKED RHETORIC: SOCIAL NETWORKS, PARTICIPATORY MEDIA AND THE FUTURE OF WR), %q(2CA), %q(4), %q(4)]).includes ["NOT GIVEN THIS YEAR"]
make([%q(WRITING & RHETORIC 2: SOUNDS OF STANFORD: LISTENING & WRITING TO HIGHER EDUCATION), %q(2CG), %q(4), %q(4)]).includes ["WIN", "SPR"]
make([%q(WRITING & RHETORIC 2: SPEAKING OUT: CLAIMING CITIZENSHIP, DEMANDING RIGHTS), %q(2CK), %q(4), %q(4)]).includes ["AUT", "WIN"]
make([%q(WRITING & RHETORIC 2: INVISIBLE CRIMES, MASKED VICES: THE RHETORIC OF VIOLENCE), %q(2CL), %q(4), %q(4)]).includes ["WIN", "SPR"]
make([%q(WRITING & RHETORIC 2: COMMUNICATING SCIENCE AND THE ENVIRONMENT), %q(2CR), %q(4), %q(4)]).includes ["NOT GIVEN THIS YEAR"]
make([%q(WRITING & RHETORIC 2: RHETORICAL GAMES: SPORT, POLICY AND DEVELOPMENT IN THE 21ST CENTURY), %q(2CW), %q(4), %q(4)]).includes ["WIN", "SPR"]
make([%q(WRITING & RHETORIC 2:  THE POPULAR SCIENCE OF SEX), %q(2DC), %q(4), %q(4)]).includes ["NOT GIVEN THIS YEAR"]
make([%q(WRITING & RHETORIC 2:  I POST THEREFORE I AM: 21ST CENTURY IDENTITY?), %q(2DH), %q(4), %q(4)]).includes ["SPR"]
make([%q(WRITING & RHETORIC 2: 'LIKE' THIS CLASS: THE RHETORIC OF PUBLIC RELATIONS), %q(2EC), %q(4), %q(4)]).includes ["WIN", "SPR"]
make([%q(WRITING & RHETORIC 2:  ONCE UPON A CAUSE: PRODUCING PICTURE BOOKS FOR LOCAL CHILDREN), %q(2EE), %q(4), %q(4)]).includes ["AUT", "WIN"]
make([%q(WRITING & RHETORIC 2: GLOBAL PROTEST AND CIVIL UNREST: THE RHETORIC OF RESISTANCE), %q(2EP), %q(4), %q(4)]).includes ["SPR"]
make([%q(WRITING & RHETORIC 2:  UNPREDICTABLE DIALOGUE: ART OF THE INTERVIEW, ART OF THE ESSAY), %q(2GM), %q(4), %q(4)]).includes ["NOT GIVEN THIS YEAR"]
make([%q(WRITING & RHETORIC 2:  RHETORIC OF ETHICS IN RESEARCH AND TECHNOLOGY), %q(2JB), %q(4), %q(4)]).includes ["NOT GIVEN THIS YEAR"]
make([%q(WRITING & RHETORIC 2:  CRED: RHETORIC AND CREDIBILITY IN RESEARCH, POLITICS, AND EVERYDAY LIFE), %q(2JH), %q(4), %q(4)]).includes ["NOT GIVEN THIS YEAR"]
make([%q(WRITING & RHETORIC 2:  DOOMSDAY RHETORIC), %q(2JL), %q(4), %q(4)]).includes ["NOT GIVEN THIS YEAR"]
make([%q(WRITING & RHETORIC 2:  CRIMINAL MATTERS:  EVIDENCE, DETECTION, EXPERTISE), %q(2JM), %q(4), %q(4)]).includes ["NOT GIVEN THIS YEAR"]
make([%q(WRITING & RHETORIC 2:  THE RHETORIC OF ART AND COMMERCE), %q(2JP), %q(4), %q(4)]).includes ["AUT", "WIN"]
make([%q(WRITING & RHETORIC 2: EUREKA!: THE RHETORIC OF THE SCIENTIST), %q(2JS), %q(4), %q(4)]).includes ["SPR"]
make([%q(WRITING & RHETORIC 2:  UN-PERFORMING OURSELVES: THE DESIGN AND CRAFT OF PRESENTATIONS), %q(2KD), %q(4), %q(4)]).includes ["NOT GIVEN THIS YEAR"]
make([%q(WRITING & RHETORIC 2:  A PLANET ON THE EDGE: THE RHETORIC OF SUSTAINABLE ENERGY), %q(2KM), %q(4), %q(4)]).includes ["WIN", "SPR"]
make([%q(WRITING & RHETORIC 2:  HAPPY NOW?   THE ANATOMY OF HAPPINESS), %q(2KS), %q(4), %q(4)]).includes ["NOT GIVEN THIS YEAR"]
make([%q(WRITING & RHETORIC 2: THE GREAT AND POWERFUL OZ: THE RHETORIC OF SPOKESPERSONS), %q(2KT), %q(4), %q(4)]).includes ["SPR"]
make([%q(WRITING & RHETORIC 2:  RHETORIC IN CRISIS!), %q(2LK), %q(4), %q(4)]).includes ["NOT GIVEN THIS YEAR"]
make([%q(WRITING & RHETORIC 2:  SPEAKING ABOUT ART: NARRATING THE CANTOR'S COLLECTIONS), %q(2MF), %q(4), %q(4)]).includes ["NOT GIVEN THIS YEAR"]
make([%q(WRITING & RHETORIC 2:  TECHNOLOGY AND THE DEMONIC: RHETORIC AGAINST THE MACHINE), %q(2MR), %q(4), %q(4)]).includes ["NOT GIVEN THIS YEAR"]
make([%q(WRITING & RHETORIC 2: MUSICAL PARODIES, POLITICAL SATIRE, & LATE-NIGHT COMEDY: THE RHETORIC OF HUMOR), %q(2MS), %q(4), %q(4)]).includes ["SPR"]
make([%q(WRITING & RHETORIC 2:  THE POWER OF POLITICAL PHOTOGRAPHY), %q(2PB), %q(4), %q(4)]).includes ["AUT", "SPR"]
make([%q(WRITING & RHETORIC 2:  EQUAL TREATMENT: THE RHETORIC OF PUBLIC HEALTH), %q(2PH), %q(4), %q(4)]).includes ["NOT GIVEN THIS YEAR"]
make([%q(WRITING & RHETORIC 2: RED PILL OR BLUE PILL? : THE RHETORIC OF DRUGS), %q(2RC), %q(4), %q(4)]).includes ["AUT", "SPR"]
make([%q(WRITING & RHETORIC 2:  THE RHETORIC IN MEMOIR), %q(2RS), %q(4), %q(4)]).includes ["NOT GIVEN THIS YEAR"]
make([%q(WRITING & RHETORIC 2:  STEPPING OUT OF THE SHADOWS: MUSIC, BASS GUITAR, AND THE RHETORIC OF REVOLUTI), %q(2RT), %q(4), %q(4)]).includes ["NOT GIVEN THIS YEAR"]
make([%q(WRITING & RHETORIC 2:  WRITING 'SCIENCE': FACT, FICTION, AND EVERYTHING BETWEEN), %q(2SB), %q(4), %q(4)]).includes ["AUT", "WIN"]
make([%q(WRITING & RHETORIC 2:  BODIES OF KNOWLEDGE: THE BODILY FOUNDATIONS OF HUMAN THOUGHT AND REASON), %q(2SG), %q(4), %q(4)]).includes ["NOT GIVEN THIS YEAR"]
make([%q(WRITING & RHETORIC 2:  THE UGLY AMERICAN: TOURISM AND THE RHETORIC OF POWER), %q(2SH), %q(4), %q(4)]).includes ["NOT GIVEN THIS YEAR"]
make([%q(WRITING & RHETORIC 2:  GOT ADS: VISUAL DESIGN IN PRINT ADVERTISING), %q(2SL), %q(4), %q(4)]).includes ["NOT GIVEN THIS YEAR"]
make([%q(WRITING & RHETORIC 2:  DIRTY, PRETTY THINGS: THE RHETORIC OF OBJECTS AND OBJECTIFICATION), %q(2SM), %q(4), %q(4)]).includes ["NOT GIVEN THIS YEAR"]
make([%q(WRITING & RHETORIC 2:  MASS AUDIENCES AND MODERN COMMUNICATION), %q(2SS), %q(4), %q(4)]).includes ["NOT GIVEN THIS YEAR"]
make([%q(WRITING & RHETORIC 2:  SCIENCE, DEMOCRACY AND SOCIAL MEDIA), %q(2ST), %q(4), %q(4)]).includes ["SPR"]
make([%q(WRITING & RHETORIC 2:  HOLLYWOOD BOLLYWOOD: RHETORIC OF INDIA IN GLOBAL CINEMA), %q(2SU), %q(4), %q(4)]).includes ["NOT GIVEN THIS YEAR"]
make([%q(WRITING & RHETORIC 2: PROPAGANDA OF WORLD WAR II: STRATEGIES OF PERSUASION), %q(2SW), %q(4), %q(4)]).includes ["NOT GIVEN THIS YEAR"]
make([%q(WRITING & RHETORIC 2:  ALL THAT JAZZ: THE RHETORIC OF AMERICAN MUSICAL THEATER), %q(2WG), %q(4), %q(4)]).includes ["AUT", "WIN"]
make([%q(WRITING & RHETORIC 2: DESIGNING MEMORIALS: BUILDING RHETORIC INTO COMMEMORATION), %q(2ZS), %q(4), %q(4)]).includes ["WIN", "SPR"]
make([%q(DIRECTED WRITING), %q(4), %q(3), %q(4)]).includes ["NOT GIVEN THIS YEAR"]
make([%q(INDEPENDENT WRITING), %q(5), %q(1), %q(5)]).includes ["AUT", "WIN", "SPR", "SUM"]
make([%q(WRITING WORKSHOP), %q(6), %q(1), %q(3)]).includes ["WIN", "SPR", "SUM"]
make([%q(WRITING & RHETORIC 1: MUSIC AND MAKING MEANING), %q(1AOA), %q(4), %q(4)]).includes ["NOT GIVEN THIS YEAR"]
make([%q(WRITING & RHETORIC 1: POPULAR SCIENCE TO GIRL TALK: WRITING AS ADAPTATION AND REMIX), %q(1CGA), %q(4), %q(4)]).includes ["NOT GIVEN THIS YEAR"]
make([%q(WRITING & RHETORIC 1: WRITING RITES: THE RHETORIC OF RITUAL), %q(1GAA), %q(4), %q(4)]).includes ["NOT GIVEN THIS YEAR"]
make([%q(WRITING & RHETORIC 1:  PROTEST ART!: THE RHETORIC OF ART AS SOCIAL ACTIVISM), %q(1GAC), %q(4), %q(4)]).includes ["NOT GIVEN THIS YEAR"]
make([%q(WRITING & RHETORIC 1: DISPLAY CASES AND DATABASES: THE RHETORIC OF COLLECTION), %q(1GAD), %q(4), %q(4)]).includes ["WIN", "SPR"]
make([%q(WRITING & RHETORIC 1:   LITTLE BOXES: THE RHETORIC OF THE AMERICAN SUBURB), %q(1GAF), %q(4), %q(4)]).includes ["NOT GIVEN THIS YEAR"]
make([%q(WRITING & RHETORIC 1:  THE RHETORIC OF EATING), %q(1GAJ), %q(4), %q(4)]).includes ["NOT GIVEN THIS YEAR"]
make([%q(WRITING & RHETORIC 1: NO FILTER: THE RHETORIC OF YOUNG ADULTHOOD), %q(1GAK), %q(4), %q(4)]).includes ["WIN", "SPR"]
make([%q(WRITING & RHETORIC 1: THE RHETORIC OF DISGUST), %q(1GAL), %q(4), %q(4)]).includes ["WIN", "SPR"]
make([%q(WRITING & RHETORIC 1:  SIZE MATTERS:  THE WRITING AND RHETORIC OF SHORT STORIES), %q(1GAT), %q(4), %q(4)]).includes ["NOT GIVEN THIS YEAR"]
make([%q(WRITING & RHETORIC 1: MIND VS. BRAIN: THE RHETORIC OF CONSCIOUSNESS), %q(1GAU), %q(4), %q(4)]).includes ["WIN", "SPR"]
make([%q(WRITING & RHETORIC 1:  GLOBAL EXCHANGE: INTERCULTURAL COMMUNICATION), %q(1GAW), %q(4), %q(4)]).includes ["NOT GIVEN THIS YEAR"]
make([%q(WRITING & RHETORIC 1:  FROM CRADLE TO GRAVE: THE RHETORIC OF AGE AND AGING), %q(1GAZ), %q(4), %q(4)]).includes ["NOT GIVEN THIS YEAR"]
make([%q(WRITING & RHETORIC 1:  THE RHETORIC OF CULTURAL MEMORIES OF VIOLENCE), %q(1GBJ), %q(4), %q(4)]).includes ["NOT GIVEN THIS YEAR"]
make([%q(WRITING & RHETORIC 1: SPILL: THE RHETORIC OF CONFESSIONS AND SELF-REVELATIONS), %q(1GBR), %q(4), %q(4)]).includes ["NOT GIVEN THIS YEAR"]
make([%q(WRITING & RHETORIC 1:  DEATHBEDS: ART AND THE RHETORIC OF DISEASE), %q(1GBW), %q(4), %q(4)]).includes ["NOT GIVEN THIS YEAR"]
make([%q(WRITING & RHETORIC 1: AH! REAL MONSTERS: THE RHETORIC OF MONSTROSITY IN POPULAR CULTURE), %q(1GCA), %q(4), %q(4)]).includes ["NOT GIVEN THIS YEAR"]
make([%q(WRITING & RHETORIC 1: DOOMSDAYS: THE RHETORIC OF APOCALYPSE), %q(1GCD), %q(4), %q(4)]).includes ["WIN", "SPR"]
make([%q(WRITING & RHETORIC 1:  EL OTRO LADO / THE OTHER SIDE: THE RHETORIC OF REAL AND IMAGINED BORDERS), %q(1GCJ), %q(4), %q(4)]).includes ["NOT GIVEN THIS YEAR"]
make([%q(WRITING & RHETORIC 1:  RHETORIC OF LEDBETTER), %q(1GCL), %q(4), %q(4)]).includes ["NOT GIVEN THIS YEAR"]
make([%q(WRITING & RHETORIC 1: TO BOLDLY GO: THE RHETORIC OF TRAVEL), %q(1GCO), %q(4), %q(4)]).includes ["NOT GIVEN THIS YEAR"]
make([%q(WRITING & RHETORIC 1:  \I DO\:  THE RHETORIC OF CONSENT), %q(1GCX), %q(4), %q(4)]).includes ["NOT GIVEN THIS YEAR"]
make([%q(WRITING & RHETORIC 1:  \IT NEVER GOT WEIRD ENOUGH FOR ME\: THE RHETORIC OF INTOXICATION), %q(1GCZ), %q(4), %q(4)]).includes ["NOT GIVEN THIS YEAR"]
make([%q(WRITING & RHETORIC 1: REVOLUTION AND REVOLT: POLITICAL WRITING FOR POLITICAL ACTION), %q(1GDM), %q(4), %q(4)]).includes ["NOT GIVEN THIS YEAR"]
make([%q(WRITING & RHETORIC 1: FROM TRASH TALK TO TOXIC DISCOURSE: RHETORICS OF WASTE), %q(1GDS), %q(4), %q(4)]).includes ["WIN", "SPR"]
make([%q(WRITING & RHETORIC 1: THE RHETORIC OF FOODIE CULTURE), %q(1GEM), %q(4), %q(4)]).includes ["WIN", "SPR"]
make([%q(WRITING & RHETORIC 1:  THE RHETORIC OF SOCIAL MEDIA), %q(1GER), %q(4), %q(4)]).includes ["NOT GIVEN THIS YEAR"]
make([%q(WRITING & RHETORIC 1:  ALL THE WORLD'S A STAGE: THE RHETORIC OF THEATER), %q(1GEV), %q(4), %q(4)]).includes ["NOT GIVEN THIS YEAR"]
make([%q(WRITING & RHETORIC 1: FROM CON ARTISTS TO CATFISH: THE RHETORIC OF TRICKERY), %q(1GFL), %q(4), %q(4)]).includes ["WIN", "SPR"]
make([%q(WRITING & RHETORIC 1:  UNDERSTANDING AMERICAN POLITICAL SPEECHES OF THE 20TH AND 21ST CENTURIES), %q(1GGH), %q(4), %q(4)]).includes ["NOT GIVEN THIS YEAR"]
make([%q(WRITING & RHETORIC 1: LADIES, TRAMPS, AND OTHER FURRY FRIENDS: THE RHETORIC OF PETS), %q(1GGK), %q(4), %q(4)]).includes ["AUT", "WIN", "SPR"]
make([%q(WRITING & RHETORIC 1: THE RHETORIC OF RACE IN AMERICAN CINEMA), %q(1GGZ), %q(4), %q(4)]).includes ["WIN", "SPR"]
make([%q(WRITING & RHETORIC 1:  DARK HUMOR: A RHETORIC OF SOCIAL TABOOS), %q(1GIF), %q(4), %q(4)]).includes ["NOT GIVEN THIS YEAR"]
make([%q(WRITING & RHETORIC 1: JEKYLLS AND HYDES: RHETORIC OF THE SCIENTIST), %q(1GIY), %q(4), %q(4)]).includes ["AUT"]
make([%q(WRITING & RHETORIC 1:  GAY GHETTOES, QUEER HOODS:  THE RHETORIC OF RACE AND URBAN SEXUAL SUBCULTURES), %q(1GJE), %q(4), %q(4)]).includes ["NOT GIVEN THIS YEAR"]
make([%q(WRITING & RHETORIC 1: INVENTION AND IMAGINATION IN THE NINETEENTH CENTURY), %q(1GJH), %q(4), %q(4)]).includes ["NOT GIVEN THIS YEAR"]
make([%q(WRITING & RHETORIC 1:  THE RHETORIC OF CALIFORNIA), %q(1GJM), %q(4), %q(4)]).includes ["NOT GIVEN THIS YEAR"]
make([%q(WRITING & RHETORIC 1: SPEAKING OF DREAMS), %q(1GJN), %q(4), %q(4)]).includes ["NOT GIVEN THIS YEAR"]
make([%q(WRITING & RHETORIC 1:  OUR WARDED WORLD: THE RHETORIC OF CONSERVATION), %q(1GJS), %q(4), %q(4)]).includes ["NOT GIVEN THIS YEAR"]
make([%q(WRITING & RHETORIC 1: 'SURFACE OF PAST TIME': THE RHETORIC OF NOSTALGIA), %q(1GJU), %q(4), %q(4)]).includes ["AUT", "WIN"]
make([%q(WRITING & RHETORIC 1: I KNOW IT WHEN I HEAR IT: THE RHETORIC OF THE UNSPEAKABLE), %q(1GJW), %q(4), %q(4)]).includes ["NOT GIVEN THIS YEAR"]
make([%q(WRITING & RHETORIC 1:  THE USE AND ABUSE OF CIVIL DEBATE:  THE RHETORIC OF COLLECTIVE THINKING), %q(1GKL), %q(4), %q(4)]).includes ["NOT GIVEN THIS YEAR"]
make([%q(WRITING & RHETORIC 1:  CODE ORANGE: POST-9/11 AMERICA AND THE RHETORIC OF ALARM), %q(1GLA), %q(4), %q(4)]).includes ["NOT GIVEN THIS YEAR"]
make([%q(WRITING & RHETORIC 1: IN POOR TASTE: THE RHETORIC OF CATASTROPHE COMEDY), %q(1GLB), %q(4), %q(4)]).includes ["WIN", "SPR"]
make([%q(WRITING & RHETORIC 1:  THE CYBORG BODY: THE RHETORIC OF DISABILITY), %q(1GLD), %q(4), %q(4)]).includes ["NOT GIVEN THIS YEAR"]
make([%q(WRITING & RHETORIC 1:  WOW, THAT'S SO POSTCARD: THE RHETORIC OF TOURISM), %q(1GLL), %q(4), %q(4)]).includes ["NOT GIVEN THIS YEAR"]
make([%q(WRITING & RHETORIC 1: ARE YOU FUZZY AND TECHIE?: THE RHETORIC OF ART AND SCIENCE), %q(1GLR), %q(4), %q(4)]).includes ["NOT GIVEN THIS YEAR"]
make([%q(WRITING & RHETORIC 1:  LOVE TO HATE: THE RHETORIC OF MISANTHROPY), %q(1GMG), %q(4), %q(4)]).includes ["NOT GIVEN THIS YEAR"]
make([%q(WRITING & RHETORIC 1: TRANSFORMATIVE TURNS: THE RHETORIC OF REVOLUTION), %q(1GMH), %q(4), %q(4)]).includes ["WIN", "SPR"]
make([%q(WRITING & RHETORIC 1: PURE AND UNADULTERATED: THE RHETORIC OF CONTAMINATION), %q(1GMK), %q(4), %q(4)]).includes ["NOT GIVEN THIS YEAR"]
make([%q(WRITING & RHETORIC 1: THE RHETORIC OF MIGRANT PROTEST), %q(1GML), %q(4), %q(4)]).includes ["WIN", "SPR"]
make([%q(WRITING & RHETORIC 1:  FEARFUL SYMMETRY: THE RHETORIC OF THE DOUBLE), %q(1GMR), %q(4), %q(4)]).includes ["NOT GIVEN THIS YEAR"]
make([%q(WRITING & RHETORIC 1: THE SHAPE OF THINGS: THE RHETORIC OF DESIGN), %q(1GMT), %q(4), %q(4)]).includes ["NOT GIVEN THIS YEAR"]
make([%q(WRITING & RHETORIC 1:  DON'T TAKE IT PERSONALLY!: THE RHETORIC OF THE INSULT), %q(1GMV), %q(4), %q(4)]).includes ["NOT GIVEN THIS YEAR"]
make([%q(WRITING & RHETORIC 1:  'TOO MUCH INFORMATION?': THE RHETORIC OF SOCIAL NETWORKING & ONLINE PRIVACY), %q(1GMX), %q(4), %q(4)]).includes ["WIN", "SPR"]
make([%q(WRITING & RHETORIC 1: THE RHETORIC OF INSTITUTIONAL POWER), %q(1GMZ), %q(4), %q(4)]).includes ["NOT GIVEN THIS YEAR"]
make([%q(WRITING & RHETORIC 1: TALKING BASEBALL), %q(1GNA), %q(4), %q(4)]).includes ["NOT GIVEN THIS YEAR"]
make([%q(WRITING & RHETORIC 1: PUNK ROCK AND RHETORIC OF PROTEST MUSIC), %q(1GNL), %q(4), %q(4)]).includes ["NOT GIVEN THIS YEAR"]
make([%q(WRITING & RHETORIC 1: RHETORIC OF BIOETHICS AND BIOPOLITICS), %q(1GNV), %q(4), %q(4)]).includes ["WIN", "SPR"]
make([%q(WRITING & RHETORIC 1: THE RHETORIC OF ENGLISH), %q(1GPS), %q(4), %q(4)]).includes ["NOT GIVEN THIS YEAR"]
make([%q(WRITING & RHETORIC 1:  MILLIONS LIKE US:  THE RHETORIC OF CROWDS), %q(1GRA), %q(4), %q(4)]).includes ["NOT GIVEN THIS YEAR"]
make([%q(WRITING & RHETORIC 1:  2012 & THE RHETORIC OF APOCALYPSE), %q(1GRH), %q(4), %q(4)]).includes ["NOT GIVEN THIS YEAR"]
make([%q(WRITING & RHETORIC 1: PLUGGED IN: THE RHETORIC OF NETWORKS), %q(1GRK), %q(4), %q(4)]).includes ["WIN", "SPR"]
make([%q(WRITING & RHETORIC 1:  QUEER RHETORIC: THE LANGUAGE OF SEX, GENDER, AND IDENTITY), %q(1GRL), %q(4), %q(4)]).includes ["NOT GIVEN THIS YEAR"]
make([%q(WRITING & RHETORIC 1:  LASTING ONLY ONE DAY: THE RHETORIC OF EPHEMERA AND OTHER DISCARDED THINGS), %q(1GRN), %q(4), %q(4)]).includes ["NOT GIVEN THIS YEAR"]
make([%q(WRITING & RHETORIC 1:  FASHIONABLE FABLES: THE RHETORIC OF MODERN MYTHOLOGY), %q(1GRY), %q(4), %q(4)]).includes ["NOT GIVEN THIS YEAR"]
make([%q(WRITING & RHETORIC 1: DECISIONS, RHETORIC, AND THE ART OF CHOOSING), %q(1GRZ), %q(4), %q(4)]).includes ["NOT GIVEN THIS YEAR"]
make([%q(WRITING & RHETORIC 1:  MASTERS OF STYLE - THE RHETORIC OF SOPHISTICATION), %q(1GSD), %q(4), %q(4)]).includes ["NOT GIVEN THIS YEAR"]
make([%q(WRITING & RHETORIC 1: FROM COWBOYS TO COMPUTERS: RHETORIC OF THE AMERICAN WEST), %q(1GSG), %q(4), %q(4)]).includes ["WIN", "SPR"]
make([%q(WRITING & RHETORIC 1: THE VARIETIES OF CONSERVATIVE EXPERIENCE), %q(1GSO), %q(4), %q(4)]).includes ["AUT", "WIN", "SPR"]
make([%q(WRITING & RHETORIC 1: WHAT LIES BENEATH: THE RHETORIC OF THE UNDERWORLD), %q(1GTA), %q(4), %q(4)]).includes ["NOT GIVEN THIS YEAR"]
make([%q(WRITING & RHETORIC 1: RHETORIC OF THE UNRULY: ICONOCLASTS AND THEIR CONTROVERSIES), %q(1GTJ), %q(4), %q(4)]).includes ["NOT GIVEN THIS YEAR"]
make([%q(WRITING & RHETORIC 1: LOVE AT FIRST SIGHT AND FOREVER: THE RHETORIC OF ROMANCE), %q(1GTL), %q(4), %q(4)]).includes ["WIN", "SPR"]
make([%q(WRITING & RHETORIC 1:  THE RHETORIC OF TASTE), %q(1GTM), %q(4), %q(4)]).includes ["NOT GIVEN THIS YEAR"]
make([%q(WRITING & RHETORIC 1:  'MAKING MY WAY DOWNTOWN': THE RHETORIC OF THE CITY), %q(1GTX), %q(4), %q(4)]).includes ["NOT GIVEN THIS YEAR"]
make([%q(WRITING & RHETORIC 1:  THE RHETORIC OF CIRCUS), %q(1GVC), %q(4), %q(4)]).includes ["NOT GIVEN THIS YEAR"]
make([%q(WRITING & RHETORIC 1: THE WAY OF THE DODO: RHETORIC OF EXTINCTION), %q(1GVG), %q(4), %q(4)]).includes ["WIN", "SPR"]
make([%q(WRITING & RHETORIC 1: RHETORIC OF WINKLER), %q(1GWI), %q(4), %q(4)]).includes ["NOT GIVEN THIS YEAR"]
make([%q(WRITING & RHETORIC 1: BODY POLITICS: THE RHETORIC OF TRANSHUMANISM), %q(1GWS), %q(4), %q(4)]).includes ["NOT GIVEN THIS YEAR"]
make([%q(WRITING & RHETORIC 1: MONEY FOR 'NOTHING' : THE RHETORIC OF SILICON VALLEY), %q(1GWT), %q(4), %q(4)]).includes ["AUT", "WIN", "SPR"]
make([%q(WRITING & RHETORIC 1:  THE RHETORIC OF FUTILITY), %q(1JJJ), %q(4), %q(4)]).includes ["AUT", "WIN", "SPR"]
make([%q(WRITING & RHETORIC 1:  THE RHETORIC OF LIBERAL ARTS EDUCATION), %q(1JPA), %q(4), %q(4)]).includes ["SPR"]
make([%q(WRITING & RHETORIC 1:  ON DISPLAY: THE RHETORIC OF MUSEUMS AND EXHIBITION SPACES), %q(1KBA), %q(4), %q(4)]).includes ["NOT GIVEN THIS YEAR"]
make([%q(WRITING & RHETORIC 1:  METAPHOR AND MOTION:  THE RHETORIC OF SACRED SPACE), %q(1KMA), %q(4), %q(4)]).includes ["NOT GIVEN THIS YEAR"]
make([%q(WRITING & RHETORIC 1:  CRADLE TO CRADLE:  THE RHETORIC OF SUSTAINABILITY), %q(1KMB), %q(4), %q(4)]).includes ["NOT GIVEN THIS YEAR"]
make([%q(WRITING & RHETORIC 1: STAYING COOL ON A HOT PLANET:  ENVIRONMENTAL RHETORIC FOR A CHANGING WORLD), %q(1KMC), %q(4), %q(4)]).includes ["AUT"]
make([%q(WRITING & RHETORIC 1:  CONSTRUCTING CHILDHOOD), %q(1KSA), %q(4), %q(4)]).includes ["NOT GIVEN THIS YEAR"]
make([%q(WRITING & RHETORIC 1: HEALTH MATTERS: HEALTH INNOVATION AND COMMUNICATION), %q(1KSB), %q(4), %q(4)]).includes ["NOT GIVEN THIS YEAR"]
make([%q(WRITING & RHETORIC 1:  SHADES OF GREEN: THE RHETORIC OF CONTEMPORARY ENVIRONMENTALISM), %q(1MFA), %q(4), %q(4)]).includes ["NOT GIVEN THIS YEAR"]
make([%q(WRITING & RHETORIC 1: SISTERHOOD, BROTHERHOOD, SOLIDARITY: THE RHETORIC OF GREEK LIFE), %q(1PHA), %q(4), %q(4)]).includes ["NOT GIVEN THIS YEAR"]
make([%q(WRITING & RHETORIC 1: MODERNISM AND THE WRECK OF EDUCATION), %q(1RTA), %q(4), %q(4)]).includes ["NOT GIVEN THIS YEAR"]
make([%q(WRITING & RHETORIC 1:  \ADVERTISING R US\:  THE RHETORIC OF ADVERTISING), %q(1SLA), %q(4), %q(4)]).includes ["NOT GIVEN THIS YEAR"]
make([%q(WRITING & RHETORIC 1:  HUMANS AND THINGS: THE RHETORIC OF COMMODITIES AND COMMODIFICATION), %q(1SMA), %q(4), %q(4)]).includes ["NOT GIVEN THIS YEAR"]
make([%q(WRITING & RHETORIC 1:  THE JEWEL IN THE CROWN: THE RHETORIC OF (POST)COLONIALISM), %q(1SMB), %q(4), %q(4)]).includes ["NOT GIVEN THIS YEAR"]
make([%q(WRITING & RHETORIC 1:  REAL AND IMAGINED LIVES: NARRATIVE, RHETORIC, AND IDENTITY), %q(1SSA), %q(4), %q(4)]).includes ["NOT GIVEN THIS YEAR"]
make([%q(WRITING & RHETORIC 1:  SUCH A LONG JOURNEY:  SOUTH ASIAN DIASPORA IN THE WORLD), %q(1SUA), %q(4), %q(4)]).includes ["NOT GIVEN THIS YEAR"]
make([%q(WRITING & RHETORIC 2: THE RHETORIC OF GENDER AND TECHNOLOGY), %q(2CAB), %q(4), %q(4)]).includes ["WIN", "SPR"]
make([%q(WRITING & RHETORIC 2: THE STATE OF CALIFORNIA: RHETORIC OF A DREAM), %q(2CRA), %q(4), %q(4)]).includes ["NOT GIVEN THIS YEAR"]
make([%q(WRITING & RHETORIC 2:  RACE/GENDER IN THE \OBAMA AGE\), %q(2DCA), %q(4), %q(4)]).includes ["NOT GIVEN THIS YEAR"]
make([%q(WRITING & RHETORIC 2:  P-SETS, ESSAYS AND MIDTERMS: MAKING TIME FOR SOCIAL CHANGE IN A BUSY WORLD), %q(2DHA), %q(4), %q(4)]).includes ["AUT", "WIN"]
make([%q(WRITING & RHETORIC 2:  'DON'T STAND SO CLOSE TO ME' : CROSS-CULTURAL COMMUNICATION), %q(2GAW), %q(4), %q(4)]).includes ["AUT", "WIN", "SPR"]
make([%q(WRITING & RHETORIC 2: BREAKING NEWS, MAKING NEWS 1.0), %q(2GMA), %q(4), %q(4)]).includes ["NOT GIVEN THIS YEAR"]
make([%q(WRITING & RHETORIC 2: THE LIFE AND DEATH AND LIFE OF OBJECTS), %q(2GMB), %q(4), %q(4)]).includes ["SPR"]
make([%q(WRITING & RHETORIC 2:  SPEAKING ABOUT ART: NARRATING THE COLLECTIONS OF THE CANTOR ART CENTER), %q(2JLA), %q(4), %q(4)]).includes ["NOT GIVEN THIS YEAR"]
make([%q(WRITING & RHETORIC 2:  RHETORIC AND EDUCATION REFORM), %q(2JLB), %q(4), %q(4)]).includes ["NOT GIVEN THIS YEAR"]
make([%q(WRITING & RHETORIC 2: ILLNESS NARRATIVES: ATTENTION, EMPATHY, AND STORYTELLING), %q(2JLC), %q(4), %q(4)]).includes ["AUT", "SPR"]
make([%q(WRITING & RHETORIC 2: DJ'S, DJANGO AND DRONES: MASHUPS AND POPULAR CULTURE), %q(2KDA), %q(4), %q(4)]).includes ["AUT", "WIN"]
make([%q(WRITING & RHETORIC 2:  SPORTS APPEAL:  PACKAGING AND PROMOTING STANFORD ATHLETICS), %q(2KEB), %q(4), %q(4)]).includes ["NOT GIVEN THIS YEAR"]
make([%q(WRITING & RHETORIC 2: IT'S ABOUT TIME: SEIZING OPPORTUNITY IN RHETORIC, WRITING, AND PERFORMANCE), %q(2KEC), %q(4), %q(4)]).includes ["NOT GIVEN THIS YEAR"]
make([%q(WRITING & RHETORIC 2:  NATURAL ENEMIES:  THE RHETORIC OF INVASION BIOLOGY), %q(2KMA), %q(4), %q(4)]).includes ["NOT GIVEN THIS YEAR"]
make([%q(WRITING & RHETORIC 2:  THE RHETORIC OF CHILDHOOD AND CHILDREN'S CULTURE), %q(2KSA), %q(4), %q(4)]).includes ["NOT GIVEN THIS YEAR"]
make([%q(WRITING & RHETORIC 2:  DESIGN THINKING:  BRINGING D.THINKING TO RESEARCH, WRITING & PRESENTATION), %q(2KSB), %q(4), %q(4)]).includes ["AUT", "WIN", "SPR"]
make([%q(WRITING & RHETORIC 2:  SEARCHING FOR SAN JOSE: URBAN STUDIES AUDIO WALKING TOURS), %q(2MFA), %q(4), %q(4)]).includes ["NOT GIVEN THIS YEAR"]
make([%q(WRITING & RHETORIC 2:  SUSTAINABILITY: MAKING AN IMPACT WITH RESEARCH AND RHETORIC), %q(2MFB), %q(4), %q(4)]).includes ["NOT GIVEN THIS YEAR"]
make([%q(WRITING & RHETORIC 2:  YOU GO GIRL: THE RHETORIC OF GENDER EQUALITY), %q(2PHA), %q(4), %q(4)]).includes ["NOT GIVEN THIS YEAR"]
make([%q(WRITING & RHETORIC 2:  INDECISION 2012: THE RHETORIC OF POLITICS), %q(2PHB), %q(4), %q(4)]).includes ["NOT GIVEN THIS YEAR"]
make([%q(WRITING & RHETORIC 2:  POSTMODERNISM AND THE RHETORIC OF UNCERTAINTY), %q(2RTA), %q(4), %q(4)]).includes ["NOT GIVEN THIS YEAR"]
make([%q(WRITING & RHETORIC 2: THE LANGUAGE AND STYLE OF VIRGINIA WOOLF), %q(2RTB), %q(4), %q(4)]).includes ["NOT GIVEN THIS YEAR"]
make([%q(WRITING & RHETORIC 2: LIE DETECTION AND THE SOCIAL FUNCTIONS OF DECEPTION), %q(2SGA), %q(4), %q(4)]).includes ["NOT GIVEN THIS YEAR"]
make([%q(WRITING & RHETORIC 2: INFORMATION DESIGN: THE VISUAL LANGUAGE OF GRAPHIC COMMUNICATION), %q(2SLA), %q(4), %q(4)]).includes ["AUT", "WIN", "SPR"]
make([%q(WRITING & RHETORIC 2:   LOVE AND LONGING IN BOMBAY: ROMANCE AND REBELLION IN INDIAN FILM), %q(2SMA), %q(4), %q(4)]).includes ["NOT GIVEN THIS YEAR"]
make([%q(WRITING & RHETORIC 2: OTHER SELVES: THE ART & SCIENCE OF FRIENDSHIP), %q(2SPA), %q(4), %q(4)]).includes ["AUT", "WIN"]
make([%q(WRITING & RHETORIC 2:  RHETORIC OF REALITY CULTURE), %q(2SSA), %q(4), %q(4)]).includes ["NOT GIVEN THIS YEAR"]
make([%q(WRITING & RHETORIC 2: SUPERFANS AND SCHOLARS: WRITING FAN CULTURE), %q(2SSB), %q(4), %q(4)]).includes ["AUT", "WIN"]
make([%q(INTERMEDIATE WRITING), %q(91), %q(3), %q(3)]).includes ["NOT GIVEN THIS YEAR"]
make([%q(INTERMEDIATE WRITING:  DIGITAL RHETORIC, NEW MEDIA, AND TRANSFORMATIONS IN WRITING), %q(91B), %q(3), %q(3)]).includes ["NOT GIVEN THIS YEAR"]
make([%q(INTERMEDIATE WRITING:  THE STANFORD DAILY SHOW), %q(91C), %q(3), %q(3)]).includes ["NOT GIVEN THIS YEAR"]
make([%q(INTERMEDIATE WRITING: YOUR AMERICAN LIFE), %q(91D), %q(3), %q(3)]).includes ["NOT GIVEN THIS YEAR"]
make([%q(INTERMEDIATE WRITING: THE ORAL TRADITION: MYTH, FOLKLORE, AND FAIRY TALE), %q(91E), %q(3), %q(3)]).includes ["NOT GIVEN THIS YEAR"]
make([%q(INTERMEDIATE WRITING: FINDING YOUR STORY), %q(91F), %q(3), %q(3)]).includes ["WIN", "SPR"]
make([%q(INTERMEDIATE WRITING: STANFORD SCIENCE PODCAST), %q(91JS), %q(3), %q(3)]).includes ["WIN"]
make([%q(INTERMEDIATE WRITING: DESIGN THINKING AND SCIENCE COMMUNICATION), %q(91KS), %q(3), %q(3)]).includes ["WIN"]
make([%q(INTERMEDIATE WRITING: COMMUNICATING BIOINFORMATION), %q(91RS), %q(3), %q(3)]).includes ["SPR"]
make([%q(INTERMEDIATE WRITING: COMMUNICATING SCIENCE), %q(91S), %q(3), %q(3)]).includes ["SPR"]
make([%q(PORTFOLIO PREPARATION I), %q(99A), %q(1), %q(1)]).includes ["SPR"]
make([%q(PORTFOLIO PREPARATION II), %q(99B), %q(2), %q(2)]).includes ["AUT", "WIN", "SPR"]
make([%q(ADVANCED WRITING), %q(191), %q(3), %q(3)]).includes ["NOT GIVEN THIS YEAR"]
make([%q(PROJECTS IN RESEARCH, WRITING, AND RHETORIC), %q(192), %q(1), %q(5)]).includes ["NOT GIVEN THIS YEAR"]
make([%q(WRITING THE HONORS THESIS), %q(193), %q(1), %q(5)]).includes ["NOT GIVEN THIS YEAR"]
make([%q(TOPICS IN WRITING AND RHETORIC), %q(194), %q(4), %q(4)]).includes ["NOT GIVEN THIS YEAR"]
make([%q(ADVANCED WRITING), %q(194B), %q(4), %q(4)]).includes ["NOT GIVEN THIS YEAR"]
make([%q(MAKE THEM LAUGH: COMEDY AS PERSUASION AND ARGUMENT), %q(194C), %q(4), %q(4)]).includes ["NOT GIVEN THIS YEAR"]
make([%q(TOPICS IN WRITING AND RHETORIC: RHETORIC OF SCIENCE), %q(194SB), %q(4), %q(4)]).includes ["SPR"]
make([%q(WRITING CENTER PEER TUTOR SEMINAR (ENGLISH 195W, PWR 295)), %q(195), %q(3), %q(3)]).includes ["SPR"]
make([%q(WRITING CENTER PEER TUTOR SEMINAR (ENGLISH 195W, PWR 195)), %q(295), %q(3), %q(3)]).includes ["SPR"]
