make([%q(INTRODUCTION TO SOCIOLOGY AT STANFORD), %q(1), %q(5), %q(5)]).includes ["NOT GIVEN THIS YEAR"]
make([%q(INEQUALITY IN AMERICAN SOCIETY), %q(14N), %q(3), %q(3)]).includes ["AUT"]
make([%q(THE TRANSFORMATION OF SOCIALIST SOCIETIES), %q(15N), %q(3), %q(3)]).includes ["NOT GIVEN THIS YEAR"]
make([%q(AFRICAN AMERICANS AND SOCIAL MOVEMENTS (AFRICAAM 16N, CSRE 16N)), %q(16N), %q(3), %q(3)]).includes ["NOT GIVEN THIS YEAR"]
make([%q(THE ROOTS OF SOCIAL PROTEST), %q(22N), %q(3), %q(3)]).includes ["WIN"]
make([%q(UNDERSTANDING RACE AND ETHNICITY IN AMERICAN SOCIETY (CSRE 45Q)), %q(45Q), %q(3), %q(3)]).includes ["AUT"]
make([%q(RACE, ETHNIC, AND NATIONAL IDENTITIES: IMAGINED COMMUNITIES), %q(46N), %q(3), %q(3)]).includes ["SPR"]
make([%q(ORGANIZATIONAL THEORY), %q(100D), %q(3), %q(3)]).includes ["SUM"]
make([%q(STUDENT INITIATED COURSE), %q(100SI), %q(1), %q(1)]).includes ["NOT GIVEN THIS YEAR"]
make([%q(INTERPERSONAL RELATIONS), %q(101D), %q(3), %q(3)]).includes ["SUM"]
make([%q(SOCIAL MOVEMENTS IN THE 21ST CENTURY: INNOVATIONS IN STRUCTURES AND STRATEGIES), %q(102D), %q(4), %q(4)]).includes ["SUM"]
make([%q(CHINA AFTER MAO (SOC 207)), %q(107), %q(5), %q(5)]).includes ["NOT GIVEN THIS YEAR"]
make([%q(POLITICAL & HISTORICAL SOCIOLOGY (SOC 208)), %q(108), %q(5), %q(5)]).includes ["SPR"]
make([%q(STATE AND SOCIETY IN KOREA (INTNLREL 143, SOC 211)), %q(111), %q(4), %q(4)]).includes ["SPR"]
make([%q(SOCIAL-PSYCHOLOGY AND ECONOMICS: THE TROUBLE WITH HOW ECONOMISTS THINK YOU THINK), %q(111D), %q(5), %q(5)]).includes ["NOT GIVEN THIS YEAR"]
make([%q(COMPARATIVE DEMOCRATIC DEVELOPMENT (POLISCI 147)), %q(112), %q(5), %q(5)]).includes ["NOT GIVEN THIS YEAR"]
make([%q(COMPARATIVE CORRUPTION (POLISCI 143S)), %q(113), %q(5), %q(5)]).includes ["AUT"]
make([%q(SOCIOLOGY OF SPORT), %q(113D), %q(5), %q(5)]).includes ["NOT GIVEN THIS YEAR"]
make([%q(ECONOMIC SOCIOLOGY (SOC 214)), %q(114), %q(4), %q(4)]).includes ["AUT"]
make([%q(SOCIOLOGY OF THE GREAT RECESSION), %q(114D), %q(5), %q(5)]).includes ["NOT GIVEN THIS YEAR"]
make([%q(TOPICS IN ECONOMIC SOCIOLOGY (SOC 315)), %q(115), %q(5), %q(5)]).includes ["NOT GIVEN THIS YEAR"]
make([%q(CAN LAW FIX RACE? RACE, LAW, AND CONTEMPORARY AMERICAN SOCIETY), %q(115D), %q(5), %q(5)]).includes ["NOT GIVEN THIS YEAR"]
make([%q(CHINESE ORGANIZATIONS AND MANAGEMENT (SOC 216)), %q(116), %q(5), %q(5)]).includes ["SPR"]
make([%q(THE SOCIOLOGICAL COMPLEXITIES OF HUMAN TRAFFICKING), %q(116D), %q(5), %q(5)]).includes ["NOT GIVEN THIS YEAR"]
make([%q(CHINA UNDER MAO (SOC 217A)), %q(117A), %q(5), %q(5)]).includes ["WIN"]
make([%q(RECOGNIZING INEQUALITY), %q(117D), %q(5), %q(5)]).includes ["NOT GIVEN THIS YEAR"]
make([%q(SOCIAL MOVEMENTS AND COLLECTIVE ACTION (SOC 218)), %q(118), %q(5), %q(5)]).includes ["AUT"]
make([%q(UNDERSTANDING LARGE-SCALE SOCIETAL CHANGE: THE CASE OF THE 1960S (SOC 219)), %q(119), %q(5), %q(5)]).includes ["NOT GIVEN THIS YEAR"]
make([%q(INTERPERSONAL RELATIONS (SOC 220)), %q(120), %q(4), %q(4)]).includes ["WIN"]
make([%q(THE INDIVIDUAL IN SOCIAL STRUCTURE: FOUNDATIONS IN SOCIOLOGICAL SOCIAL PSYCHOLOGY), %q(121), %q(5), %q(5)]).includes ["NOT GIVEN THIS YEAR"]
make([%q(SEX AND LOVE IN MODERN U.S. SOCIETY (SOC 223)), %q(123), %q(5), %q(5)]).includes ["NOT GIVEN THIS YEAR"]
make([%q(THE NEW SCIENCE OF RIGHT AND WRONG: THE SOCIAL PSYCHOLOGY OF MORALITY AND JUSTICE (SOC 224)), %q(124), %q(4), %q(4)]).includes ["NOT GIVEN THIS YEAR"]
make([%q(SOCIOLOGY OF RELIGION), %q(125), %q(5), %q(5)]).includes ["NOT GIVEN THIS YEAR"]
make([%q(INTRODUCTION TO SOCIAL NETWORKS (SOC 226)), %q(126), %q(5), %q(5)]).includes ["NOT GIVEN THIS YEAR"]
make([%q(BARGAINING, POWER, AND INFLUENCE IN SOCIAL INTERACTION (SOC 227)), %q(127), %q(5), %q(5)]).includes ["NOT GIVEN THIS YEAR"]
make([%q(INTRODUCTION TO SOCIAL NETWORK ANALYSIS (SOC 228)), %q(128), %q(5), %q(5)]).includes ["NOT GIVEN THIS YEAR"]
make([%q(SOCIAL PSYCHOLOGY: SELF AND SOCIETY (SOC 229)), %q(129), %q(4), %q(4)]).includes ["AUT"]
make([%q(URBAN EDUCATION (AFRICAAM 112, CSRE 112X, EDUC 112X, EDUC 212X, SOC 229X)), %q(129X), %q(3), %q(4)]).includes ["WIN"]
make([%q(EDUCATION AND SOCIETY (EDUC 120C, EDUC 220C, SOC 230)), %q(130), %q(4), %q(5)]).includes ["AUT"]
make([%q(SOCIOLOGY OF EDUCATION: THE SOCIAL ORGANIZATION OF SCHOOLS (EDUC 110, EDUC 310, SOC 332)), %q(132), %q(4), %q(4)]).includes ["NOT GIVEN THIS YEAR"]
make([%q(LAW AND WIKINOMICS: THE ECONOMIC AND SOCIAL ORGANIZATION OF THE LEGALNNPROFESSION (SOC 333)), %q(133), %q(1), %q(5)]).includes ["NOT GIVEN THIS YEAR"]
make([%q(EDUCATION, GENDER, AND DEVELOPMENT (EDUC 197, FEMGEN 297)), %q(134), %q(4), %q(4)]).includes ["NOT GIVEN THIS YEAR"]
make([%q(POVERTY, INEQUALITY, AND SOCIAL POLICY IN THE UNITED STATES (SOC 235)), %q(135), %q(4), %q(4)]).includes ["SPR"]
make([%q(SOCIOLOGY OF LAW (SOC 236)), %q(136), %q(4), %q(4)]).includes ["SPR"]
make([%q(LAW AND SOCIETY (SOC 236A)), %q(136A), %q(5), %q(5)]).includes ["NOT GIVEN THIS YEAR"]
make([%q(ADVANCED TOPICS IN SOCIOLOGY OF LAW (SOC 236B)), %q(136B), %q(5), %q(5)]).includes ["NOT GIVEN THIS YEAR"]
make([%q(GLOBAL CAPITALISM AND DEVELOPMENT), %q(137), %q(5), %q(5)]).includes ["WIN"]
make([%q(AMERICAN INDIANS IN COMPARATIVE HISTORICAL PERSPECTIVE (NATIVEAM 138, SOC 238)), %q(138), %q(4), %q(4)]).includes ["NOT GIVEN THIS YEAR"]
make([%q(AMERICAN INDIANS IN CONTEMPORARY SOCIETY (NATIVEAM 139, SOC 239)), %q(139), %q(5), %q(5)]).includes ["NOT GIVEN THIS YEAR"]
make([%q(INTRODUCTION TO SOCIAL STRATIFICATION (SOC 240)), %q(140), %q(3), %q(3)]).includes ["SPR"]
make([%q(CONTROVERSIES ABOUT INEQUALITY (SOC 241)), %q(141), %q(5), %q(5)]).includes ["NOT GIVEN THIS YEAR"]
make([%q(SOCIOLOGY OF GENDER (FEMGEN 142, FEMGEN 242, SOC 242)), %q(142), %q(5), %q(5)]).includes ["WIN"]
make([%q(SOCIOLOGY OF THE MIDDLE CLASS), %q(143), %q(4), %q(4)]).includes ["AUT"]
make([%q(INEQUALITY AND THE WORKPLACE (SOC 244)), %q(144), %q(5), %q(5)]).includes ["NOT GIVEN THIS YEAR"]
make([%q(RACE AND ETHNIC RELATIONS IN THE USA (CSRE 145, SOC 245)), %q(145), %q(5), %q(5)]).includes ["NOT GIVEN THIS YEAR"]
make([%q(INTRODUCTION TO COMPARATIVE STUDIES IN RACE AND ETHNICITY (ANTHRO 33, CSRE 196C, ENGLISH 172D, TAPS 165)), %q(146), %q(5), %q(5)]).includes ["NOT GIVEN THIS YEAR"]
make([%q(COMPARATIVE ETHNIC CONFLICT (CSRE 148, SOC 248)), %q(148), %q(4), %q(4)]).includes ["NOT GIVEN THIS YEAR"]
make([%q(THE URBAN UNDERCLASS (SOC 249, URBANST 112)), %q(149), %q(5), %q(5)]).includes ["NOT GIVEN THIS YEAR"]
make([%q(RACE AND POLITICAL SOCIOLOGY (CSRE 150, SOC 250)), %q(150), %q(3), %q(3)]).includes ["NOT GIVEN THIS YEAR"]
make([%q(FROM THE CRADLE TO THE GRAVE: HOW DEMOGRAPHIC PROCESSES SHAPE THE SOCIAL WORLD (SOC 251)), %q(151), %q(5), %q(5)]).includes ["NOT GIVEN THIS YEAR"]
make([%q(THE SOCIAL DETERMINANTS OF HEALTH (SOC 252)), %q(152), %q(4), %q(4)]).includes ["AUT"]
make([%q(THE CHANGING AMERICAN FAMILY (FEMGEN 155, FEMGEN 255, SOC 255)), %q(155), %q(4), %q(4)]).includes ["AUT"]
make([%q(RITUAL, POLITICS, POWER (ANTHRO 152)), %q(156), %q(5), %q(5)]).includes ["WIN"]
make([%q(SOCIAL AND CULTURAL DIMENSIONS OF GLOBALNINDIGENEITY (SOC 259)), %q(159), %q(4), %q(4)]).includes ["SPR"]
make([%q(FORMAL ORGANIZATIONS (SOC 260)), %q(160), %q(5), %q(5)]).includes ["NOT GIVEN THIS YEAR"]
make([%q(THE SOCIAL SCIENCE OF ENTREPRENEURSHIP (SOC 261)), %q(161), %q(4), %q(4)]).includes ["SPR"]
make([%q(MARKETS AND GOVERNANCE (SOC 262)), %q(162), %q(4), %q(4)]).includes ["SPR"]
make([%q(FOUNDATIONS OF ORGANIZATIONAL THEORY (SOC 263)), %q(163), %q(5), %q(5)]).includes ["OFFERED OCCASIONALLY"]
make([%q(SEMINAR ON THE EVERDAY LIVES OF IMMIGRANTS (SOC 265)), %q(165), %q(5), %q(5)]).includes ["NOT GIVEN THIS YEAR"]
make([%q(MEXICANS, MEXICAN AMERICANS, AND CHICANOS IN AMERICAN SOCIETY (SOC 266)), %q(166), %q(5), %q(5)]).includes ["NOT GIVEN THIS YEAR"]
make([%q(ASIA-PACIFIC TRANSFORMATION (SOC 267A)), %q(167A), %q(5), %q(5)]).includes ["NOT GIVEN THIS YEAR"]
make([%q(GLOBAL ORGANIZATIONS: MANAGING DIVERSITY (PUBLPOL 168, PUBLPOL 268, SOC 268)), %q(168), %q(4), %q(4)]).includes ["WIN"]
make([%q(CLASSICS OF MODERN SOCIAL THEORY (SOC 270)), %q(170), %q(3), %q(3)]).includes ["WIN"]
make([%q(GENDER AND HIGHER EDUCATION: NATIONAL AND INTERNATIONAL PERSPECTIVES (EDUC 173, EDUC 273, FEMST 173, SOC 273)), %q(173), %q(4), %q(4)]).includes ["NOT GIVEN THIS YEAR"]
make([%q(FOUNDATIONS OF SOCIAL RESEARCH (SOC 280A)), %q(180A), %q(4), %q(4)]).includes ["AUT", "WIN"]
make([%q(INTRODUCTION TO DATA ANALYSIS (SOC 280B)), %q(180B), %q(5), %q(5)]).includes ["WIN"]
make([%q(SOCIOLOGICAL METHODS: STATISTICS (SOC 281B)), %q(181B), %q(5), %q(5)]).includes ["NOT GIVEN THIS YEAR"]
make([%q(UNDERGRADUATE INDIVIDUAL STUDY), %q(190), %q(1), %q(5)]).includes ["AUT", "WIN", "SPR", "SUM"]
make([%q(UNDERGRADUATE DIRECTED RESEARCH), %q(191), %q(1), %q(5)]).includes ["AUT", "WIN", "SPR", "SUM"]
make([%q(UNDERGRADUATE RESEARCH APPRENTICESHIP), %q(192), %q(1), %q(5)]).includes ["AUT", "WIN", "SPR", "SUM"]
make([%q(UNDERGRADUATE TEACHING APPRENTICESHIP), %q(193), %q(1), %q(5)]).includes ["AUT", "WIN", "SPR", "SUM"]
make([%q(SENIOR THESIS), %q(196), %q(1), %q(15)]).includes ["AUT", "WIN", "SPR", "SUM"]
make([%q(JUNIOR/SENIOR SEMINAR FOR MAJORS), %q(200), %q(4), %q(4)]).includes ["AUT"]
make([%q(PREPARATION FOR SENIOR PROJECT (URBANST 201)), %q(201), %q(5), %q(5)]).includes ["NOT GIVEN THIS YEAR"]
make([%q(PREPARATION FOR SENIOR RESEARCH (URBANST 202)), %q(202), %q(5), %q(5)]).includes ["WIN"]
make([%q(CHINA AFTER MAO (SOC 107)), %q(207), %q(5), %q(5)]).includes ["NOT GIVEN THIS YEAR"]
make([%q(POLITICAL & HISTORICAL SOCIOLOGY (SOC 108)), %q(208), %q(5), %q(5)]).includes ["SPR"]
make([%q(STATE AND SOCIETY IN KOREA (INTNLREL 143, SOC 111)), %q(211), %q(4), %q(4)]).includes ["SPR"]
make([%q(ECONOMIC SOCIOLOGY (SOC 114)), %q(214), %q(4), %q(4)]).includes ["AUT"]
make([%q(CHINESE ORGANIZATIONS AND MANAGEMENT (SOC 116)), %q(216), %q(5), %q(5)]).includes ["SPR"]
make([%q(CHINA UNDER MAO (SOC 117A)), %q(217A), %q(5), %q(5)]).includes ["WIN"]
make([%q(SOCIAL MOVEMENTS AND COLLECTIVE ACTION (SOC 118)), %q(218), %q(5), %q(5)]).includes ["AUT"]
make([%q(UNDERSTANDING LARGE-SCALE SOCIETAL CHANGE: THE CASE OF THE 1960S (SOC 119)), %q(219), %q(5), %q(5)]).includes ["NOT GIVEN THIS YEAR"]
make([%q(INTERPERSONAL RELATIONS (SOC 120)), %q(220), %q(4), %q(4)]).includes ["WIN"]
make([%q(SEX AND LOVE IN MODERN U.S. SOCIETY (SOC 123)), %q(223), %q(5), %q(5)]).includes ["NOT GIVEN THIS YEAR"]
make([%q(THE NEW SCIENCE OF RIGHT AND WRONG: THE SOCIAL PSYCHOLOGY OF MORALITY AND JUSTICE (SOC 124)), %q(224), %q(4), %q(4)]).includes ["NOT GIVEN THIS YEAR"]
make([%q(MICROSOCIOLOGY: SOCIAL STRUCTURE AND INTERACTION (EDUC 312B)), %q(224B), %q(4), %q(4)]).includes ["NOT GIVEN THIS YEAR"]
make([%q(INTRODUCTION TO SOCIAL NETWORKS (SOC 126)), %q(226), %q(5), %q(5)]).includes ["NOT GIVEN THIS YEAR"]
make([%q(BARGAINING, POWER, AND INFLUENCE IN SOCIAL INTERACTION (SOC 127)), %q(227), %q(5), %q(5)]).includes ["NOT GIVEN THIS YEAR"]
make([%q(INTRODUCTION TO SOCIAL NETWORK ANALYSIS (SOC 128)), %q(228), %q(5), %q(5)]).includes ["NOT GIVEN THIS YEAR"]
make([%q(SOCIAL PSYCHOLOGY: SELF AND SOCIETY (SOC 129)), %q(229), %q(4), %q(4)]).includes ["AUT"]
make([%q(URBAN EDUCATION (AFRICAAM 112, CSRE 112X, EDUC 112X, EDUC 212X, SOC 129X)), %q(229X), %q(3), %q(4)]).includes ["WIN"]
make([%q(EDUCATION AND SOCIETY (EDUC 120C, EDUC 220C, SOC 130)), %q(230), %q(4), %q(5)]).includes ["AUT"]
make([%q(WORLD, SOCIETAL, AND EDUCATIONAL CHANGE: COMPARATIVE PERSPECTIVES (EDUC 136, EDUC 306D)), %q(231), %q(4), %q(5)]).includes ["WIN"]
make([%q(RESEARCH SEMINAR ON ACCESS TO JUSTICE (SOC 334)), %q(234), %q(1), %q(5)]).includes ["NOT GIVEN THIS YEAR"]
make([%q(POVERTY, INEQUALITY, AND SOCIAL POLICY IN THE UNITED STATES (SOC 135)), %q(235), %q(4), %q(4)]).includes ["SPR"]
make([%q(SOCIOLOGY OF LAW (SOC 136)), %q(236), %q(4), %q(4)]).includes ["SPR"]
make([%q(LAW AND SOCIETY (SOC 136A)), %q(236A), %q(5), %q(5)]).includes ["NOT GIVEN THIS YEAR"]
make([%q(ADVANCED TOPICS IN SOCIOLOGY OF LAW (SOC 136B)), %q(236B), %q(5), %q(5)]).includes ["NOT GIVEN THIS YEAR"]
make([%q(AMERICAN INDIANS IN COMPARATIVE HISTORICAL PERSPECTIVE (NATIVEAM 138, SOC 138)), %q(238), %q(4), %q(4)]).includes ["NOT GIVEN THIS YEAR"]
make([%q(AMERICAN INDIANS IN CONTEMPORARY SOCIETY (NATIVEAM 139, SOC 139)), %q(239), %q(5), %q(5)]).includes ["NOT GIVEN THIS YEAR"]
make([%q(INTRODUCTION TO SOCIAL STRATIFICATION (SOC 140)), %q(240), %q(3), %q(3)]).includes ["SPR"]
make([%q(CONTROVERSIES ABOUT INEQUALITY (SOC 141)), %q(241), %q(5), %q(5)]).includes ["NOT GIVEN THIS YEAR"]
make([%q(SOCIOLOGY OF GENDER (FEMGEN 142, FEMGEN 242, SOC 142)), %q(242), %q(5), %q(5)]).includes ["WIN"]
make([%q(INEQUALITY AND THE WORKPLACE (SOC 144)), %q(244), %q(5), %q(5)]).includes ["NOT GIVEN THIS YEAR"]
make([%q(RACE AND ETHNIC RELATIONS IN THE USA (CSRE 145, SOC 145)), %q(245), %q(5), %q(5)]).includes ["NOT GIVEN THIS YEAR"]
make([%q(COMPARATIVE ETHNIC CONFLICT (CSRE 148, SOC 148)), %q(248), %q(4), %q(4)]).includes ["NOT GIVEN THIS YEAR"]
make([%q(THE URBAN UNDERCLASS (SOC 149, URBANST 112)), %q(249), %q(5), %q(5)]).includes ["NOT GIVEN THIS YEAR"]
make([%q(RACE AND POLITICAL SOCIOLOGY (CSRE 150, SOC 150)), %q(250), %q(3), %q(3)]).includes ["NOT GIVEN THIS YEAR"]
make([%q(FROM THE CRADLE TO THE GRAVE: HOW DEMOGRAPHIC PROCESSES SHAPE THE SOCIAL WORLD (SOC 151)), %q(251), %q(5), %q(5)]).includes ["NOT GIVEN THIS YEAR"]
make([%q(THE SOCIAL DETERMINANTS OF HEALTH (SOC 152)), %q(252), %q(4), %q(4)]).includes ["AUT"]
make([%q(THE CHANGING AMERICAN FAMILY (FEMGEN 155, FEMGEN 255, SOC 155)), %q(255), %q(4), %q(4)]).includes ["AUT"]
make([%q(CAUSAL INFERENCE IN QUANTITATIVE EDUCATIONAL AND SOCIAL SCIENCE RESEARCH (EDUC 255B)), %q(257), %q(3), %q(5)]).includes ["WIN"]
make([%q(APPLIED QUASI-EXPERIMENTAL RESEARCH IN EDUCATION (EDUC 255C)), %q(258), %q(3), %q(5)]).includes ["SPR"]
make([%q(SOCIAL AND CULTURAL DIMENSIONS OF GLOBALNINDIGENEITY (SOC 159)), %q(259), %q(4), %q(4)]).includes ["SPR"]
make([%q(FORMAL ORGANIZATIONS (SOC 160)), %q(260), %q(5), %q(5)]).includes ["NOT GIVEN THIS YEAR"]
make([%q(THE SOCIAL SCIENCE OF ENTREPRENEURSHIP (SOC 161)), %q(261), %q(4), %q(4)]).includes ["SPR"]
make([%q(MARKETS AND GOVERNANCE (SOC 162)), %q(262), %q(4), %q(4)]).includes ["SPR"]
make([%q(FOUNDATIONS OF ORGANIZATIONAL THEORY (SOC 163)), %q(263), %q(5), %q(5)]).includes ["OFFERED OCCASIONALLY"]
make([%q(SEMINAR ON THE EVERDAY LIVES OF IMMIGRANTS (SOC 165)), %q(265), %q(5), %q(5)]).includes ["NOT GIVEN THIS YEAR"]
make([%q(MEXICANS, MEXICAN AMERICANS, AND CHICANOS IN AMERICAN SOCIETY (SOC 166)), %q(266), %q(5), %q(5)]).includes ["NOT GIVEN THIS YEAR"]
make([%q(ASIA-PACIFIC TRANSFORMATION (SOC 167A)), %q(267A), %q(5), %q(5)]).includes ["NOT GIVEN THIS YEAR"]
make([%q(GLOBAL ORGANIZATIONS: MANAGING DIVERSITY (PUBLPOL 168, PUBLPOL 268, SOC 168)), %q(268), %q(4), %q(4)]).includes ["WIN"]
make([%q(CLASSICS OF MODERN SOCIAL THEORY (SOC 170)), %q(270), %q(3), %q(3)]).includes ["WIN"]
make([%q(GENDER AND HIGHER EDUCATION: NATIONAL AND INTERNATIONAL PERSPECTIVES (EDUC 173, EDUC 273, FEMST 173, SOC 173)), %q(273), %q(4), %q(4)]).includes ["NOT GIVEN THIS YEAR"]
make([%q(FOUNDATIONS OF SOCIAL RESEARCH (SOC 180A)), %q(280A), %q(4), %q(4)]).includes ["AUT", "WIN"]
make([%q(INTRODUCTION TO DATA ANALYSIS (SOC 180B)), %q(280B), %q(5), %q(5)]).includes ["WIN"]
make([%q(SOCIOLOGICAL METHODS: STATISTICS (SOC 181B)), %q(281B), %q(5), %q(5)]).includes ["NOT GIVEN THIS YEAR"]
make([%q(WORKSHOP: TEACHING DEVELOPMENT), %q(300), %q(2), %q(2)]).includes ["SPR"]
make([%q(GRADUATE PROSEMINAR), %q(305), %q(1), %q(1)]).includes ["AUT"]
make([%q(SOCIAL DEMOGRAPHY), %q(308), %q(4), %q(5)]).includes ["AUT"]
make([%q(NATIONS AND NATIONALISM), %q(309), %q(4), %q(5)]).includes ["WIN"]
make([%q(POLITICAL SOCIOLOGY), %q(310), %q(4), %q(5)]).includes ["SPR"]
make([%q(WORKSHOP: COMPARATIVE STUDIES OF EDUCATIONAL AND POLITICAL SYSTEMS (EDUC 387A)), %q(311A), %q(1), %q(5)]).includes ["AUT"]
make([%q(WORKSHOP: COMPARATIVE SYSTEMS OF EDUCATIONAL AND POLITICAL SYSTEMS (EDUC 387B)), %q(311B), %q(1), %q(5)]).includes ["WIN"]
make([%q(WORKSHOP: COMPARATIVE STUDIES OF EDUCATIONAL AND POLITICAL SYSTEMS (EDUC 387C)), %q(311C), %q(1), %q(5)]).includes ["SPR"]
make([%q(WORKSHOP: POLITICAL SOCIOLOGY, SOCIAL MOVEMENTS, AND COLLECTIVE ACTION), %q(312W), %q(1), %q(2)]).includes ["WIN"]
make([%q(ECONOMIC SOCIOLOGY), %q(314), %q(4), %q(5)]).includes ["AUT"]
make([%q(TOPICS IN ECONOMIC SOCIOLOGY (SOC 115)), %q(315), %q(5), %q(5)]).includes ["NOT GIVEN THIS YEAR"]
make([%q(WORKSHOP: ECONOMIC SOCIOLOGY AND ORGANIZATIONS), %q(315W), %q(1), %q(2)]).includes ["AUT", "WIN", "SPR"]
make([%q(HISTORICAL AND COMPARATIVE SOCIOLOGY), %q(316), %q(4), %q(5)]).includes ["NOT GIVEN THIS YEAR"]
make([%q(WORKSHOP: NETWORKS, HISTORIES, AND THEORIES OF ACTION (EDUC 317X)), %q(317W), %q(1), %q(2)]).includes ["NOT GIVEN THIS YEAR"]
make([%q(SOCIAL MOVEMENTS AND COLLECTIVE ACTION), %q(318), %q(4), %q(5)]).includes ["NOT GIVEN THIS YEAR"]
make([%q(FOUNDATIONS OF SOCIAL PSYCHOLOGY), %q(320), %q(4), %q(5)]).includes ["WIN"]
make([%q(WORKSHOP: SOCIAL PSYCHOLOGY AND SOCIAL STRUCTURE), %q(321W), %q(1), %q(2)]).includes ["AUT", "WIN", "SPR"]
make([%q(SOCIOLOGY OF THE FAMILY), %q(323), %q(4), %q(5)]).includes ["SPR"]
make([%q(SOCIAL NETWORKS), %q(324), %q(3), %q(5)]).includes ["NOT GIVEN THIS YEAR"]
make([%q(FAMILY WORKSHOP: SOCIOLOGY PHD STUDENTS PRESENT AND CRITIQUE WORK ON FAMILY AND DEMOGRAPHY.), %q(325W), %q(1), %q(1)]).includes ["WIN"]
make([%q(FRONTIERS OF SOCIAL PSYCHOLOGY), %q(327), %q(1), %q(5)]).includes ["NOT GIVEN THIS YEAR"]
make([%q(THE CONDUCT OF QUALITATIVE INQUIRY (EDUC 327A)), %q(331), %q(3), %q(4)]).includes ["NOT GIVEN THIS YEAR"]
make([%q(SOCIOLOGY OF EDUCATION: THE SOCIAL ORGANIZATION OF SCHOOLS (EDUC 110, EDUC 310, SOC 132)), %q(332), %q(4), %q(4)]).includes ["NOT GIVEN THIS YEAR"]
make([%q(LAW AND WIKINOMICS: THE ECONOMIC AND SOCIAL ORGANIZATION OF THE LEGALNNPROFESSION (SOC 133)), %q(333), %q(1), %q(5)]).includes ["NOT GIVEN THIS YEAR"]
make([%q(RESEARCH SEMINAR ON ACCESS TO JUSTICE (SOC 234)), %q(334), %q(1), %q(5)]).includes ["NOT GIVEN THIS YEAR"]
make([%q(SOCIOLOGY OF LAW), %q(336), %q(3), %q(5)]).includes ["NOT GIVEN THIS YEAR"]
make([%q(WORKSHOP: SOCIOLOGY OF LAW), %q(338W), %q(1), %q(5)]).includes ["NOT GIVEN THIS YEAR"]
make([%q(GENDER MEANINGS AND PROCESSES), %q(339), %q(1), %q(5)]).includes ["NOT GIVEN THIS YEAR"]
make([%q(WORKSHOP: INEQUALITY), %q(341W), %q(1), %q(2)]).includes ["AUT", "WIN", "SPR"]
make([%q(GENDER AND SOCIAL STRUCTURE), %q(342B), %q(4), %q(5)]).includes ["NOT GIVEN THIS YEAR"]
make([%q(WORKSHOP: ETHNOGRAPHY), %q(346), %q(1), %q(2)]).includes ["NOT GIVEN THIS YEAR"]
make([%q(RACE AND ETHNICITY IN SOCIETY AND INSTITUTIONS (EDUC 315X)), %q(347), %q(1), %q(5)]).includes ["NOT GIVEN THIS YEAR"]
make([%q(SOCIOLOGY OF RACE), %q(350), %q(3), %q(5)]).includes ["NOT GIVEN THIS YEAR"]
make([%q(WORKSHOP: MIGRATION, RACE, ETHNICITY AND NATION), %q(350W), %q(1), %q(3)]).includes ["AUT", "WIN", "SPR"]
make([%q(INEQUALITY, SOCIETY, AND EDUCATION (EDUC 253X)), %q(353X), %q(3), %q(5)]).includes ["NOT GIVEN THIS YEAR"]
make([%q(IMMIGRATION AND ASSIMILATION), %q(357), %q(3), %q(5)]).includes ["WIN"]
make([%q(SOCIOLOGY OF IMMIGRATION), %q(358), %q(1), %q(5)]).includes ["NOT GIVEN THIS YEAR"]
make([%q(ORGANIZATIONS AND UNCERTAINTY), %q(359), %q(3), %q(5)]).includes ["WIN"]
make([%q(SOCIAL PSYCHOLOGY OF ORGANIZATIONS), %q(361), %q(3), %q(3)]).includes ["WIN"]
make([%q(ORGANIZATION AND ENVIRONMENT), %q(362), %q(3), %q(3)]).includes ["SPR"]
make([%q(SEMINAR ON ORGANIZATIONAL THEORY (EDUC 375A, MS&E 389)), %q(363A), %q(5), %q(5)]).includes ["AUT"]
make([%q(SEMINAR ON ORGANIZATIONS: INSTITUTIONAL ANALYSIS (EDUC 375B)), %q(363B), %q(3), %q(5)]).includes ["NOT GIVEN THIS YEAR"]
make([%q(ORGANIZATIONAL ANALYSIS (EDUC 288)), %q(366), %q(4), %q(5)]).includes ["AUT"]
make([%q(ORGANIZATIONAL ECOLOGY (OB 601)), %q(366A), %q(4), %q(4)]).includes ["SPR"]
make([%q(INSTITUTIONAL ANALYSIS OF ORGANIZATIONS), %q(367), %q(3), %q(5)]).includes ["NOT GIVEN THIS YEAR"]
make([%q(WORKSHOP: CHINA SOCIAL SCIENCE (POLISCI 448R)), %q(368W), %q(1), %q(1)]).includes ["WIN", "SPR"]
make([%q(SOCIOLOGICAL THEORY: SOCIAL STRUCTURE, INEQUALITY, AND CONFLICT), %q(370A), %q(5), %q(5)]).includes ["WIN"]
make([%q(SOCIAL INTERACTION AND GROUP PROCESS), %q(370B), %q(3), %q(5)]).includes ["SPR"]
make([%q(THEORETICAL ANALYSIS AND DESIGN), %q(372), %q(3), %q(5)]).includes ["WIN"]
make([%q(PHILANTHROPY AND CIVIL SOCIETY (EDUC 374, POLISCI 334)), %q(374), %q(1), %q(3)]).includes ["AUT", "WIN", "SPR"]
make([%q(PERSPECTIVES ON ORGANIZATION AND ENVIRONMENT: SOCIAL MOVEMENT ORGANIZATIONS AND ENVIRONMENTS), %q(376), %q(3), %q(3)]).includes ["NOT GIVEN THIS YEAR"]
make([%q(COMPARING INSTITUTIONAL FORMS: PUBLIC, PRIVATE, AND NONPROFIT (EDUC 377, GSBGEN 346, PUBLPOL 317)), %q(377), %q(4), %q(4)]).includes ["NOT GIVEN THIS YEAR"]
make([%q(SEMINAR ON INSTITUTIONAL THEORY AND WORLD SOCIETY), %q(378), %q(1), %q(5)]).includes ["SPR"]
make([%q(QUALITATIVE METHODS), %q(380), %q(3), %q(5)]).includes ["SPR"]
make([%q(SOCIOLOGICAL METHODOLOGY I: INTRODUCTION), %q(381), %q(5), %q(5)]).includes ["AUT"]
make([%q(SOCIOLOGICAL METHODOLOGY II: PRINCIPLES OF REGRESSION ANALYSIS), %q(382), %q(4), %q(5)]).includes ["WIN"]
make([%q(SOCIOLOGICAL METHODOLOGY III: MODELS FOR DISCRETE OUTCOMES), %q(383), %q(5), %q(5)]).includes ["SPR"]
make([%q(NEW MODELS AND METHODS IN THE SOCIAL SCIENCES), %q(384), %q(3), %q(3)]).includes ["SUM"]
make([%q(RESEARCH PRACTICUM 1), %q(385A), %q(1), %q(2)]).includes ["AUT"]
make([%q(RESEARCH PRACTICUM II), %q(385B), %q(1), %q(1)]).includes ["NOT GIVEN THIS YEAR"]
make([%q(LOG-LINEAR MODELS), %q(388), %q(3), %q(5)]).includes ["NOT GIVEN THIS YEAR"]
make([%q(MIXED METHOD RESEARCH DESIGN AND ANALYSIS), %q(389), %q(3), %q(5)]).includes ["NOT GIVEN THIS YEAR"]
make([%q(GRADUATE INDIVIDUAL STUDY), %q(390), %q(1), %q(5)]).includes ["AUT", "WIN", "SPR", "SUM"]
make([%q(GRADUATE DIRECTED RESEARCH), %q(391), %q(1), %q(5)]).includes ["AUT", "WIN", "SPR", "SUM"]
make([%q(RESEARCH APPRENTICESHIP), %q(392), %q(1), %q(5)]).includes ["AUT", "WIN", "SPR", "SUM"]
make([%q(TEACHING APPRENTICESHIP), %q(393), %q(1), %q(15)]).includes ["AUT", "WIN", "SPR", "SUM"]
make([%q(SOCIAL MOVEMENTS AND ORGANZIATIONS), %q(635), %q(4), %q(4)]).includes ["NOT GIVEN THIS YEAR"]
make([%q(DESIGNING SOCIAL RESEARCH), %q(670), %q(4), %q(4)]).includes ["NOT GIVEN THIS YEAR"]
make([%q(TGR DISSERTATION), %q(802), %q(0), %q(0)]).includes ["AUT", "WIN", "SPR", "SUM"]
