make([%q(Filmmaking), %q(10AX), %q(2), %q(2)]).includes ["SUM"]
make([%q(Intro to Visual Writing), %q(11AX), %q(2), %q(2)]).includes ["SUM"]
make([%q(Screenwriting (FILMPROD 301)), %q(101), %q(5), %q(5)]).includes ["SPR"]
make([%q(Adaptation), %q(103), %q(4), %q(4)]).includes ["SPR"]
make([%q(Visual Writing), %q(104), %q(4), %q(4)]).includes ["WIN"]
make([%q(Script Analysis (FILMPROD 305)), %q(105), %q(4), %q(4)]).includes ["AUT"]
make([%q(Image and Sound), %q(106), %q(3), %q(3)]).includes ["WIN", "SPR"]
make([%q(Advanced Screenwriting), %q(110), %q(5), %q(5)]).includes ["NOT GIVEN THIS YEAR"]
make([%q(Introduction to Film and Video Production), %q(114), %q(5), %q(5)]).includes ["AUT", "SPR"]
make([%q(ADVANCED VIDEO PRODUCTION), %q(117), %q(5), %q(5)]).includes ["NOT GIVEN THIS YEAR"]
make([%q(Screenwriting (FILMPROD 101)), %q(301), %q(5), %q(5)]).includes ["SPR"]
make([%q(Script Analysis (FILMPROD 105)), %q(305), %q(4), %q(4)]).includes ["AUT"]
make([%q(Film/Video Writing and Directing), %q(400), %q(4), %q(4)]).includes ["AUT"]
make([%q(Nonfiction Film Production), %q(401), %q(4), %q(4)]).includes ["AUT"]
make([%q(Digital Video), %q(402), %q(4), %q(4)]).includes ["WIN"]
make([%q(Advanced Documentary Directing), %q(403), %q(4), %q(4)]).includes ["SPR"]
make([%q(Advanced Video Production), %q(404), %q(4), %q(4)]).includes ["SPR"]
make([%q(Producing Practicum), %q(405), %q(4), %q(4)]).includes ["AUT"]
make([%q(Documentary M.F.A. Thesis Seminar I), %q(406A), %q(4), %q(4)]).includes ["WIN"]
make([%q(Documentary M.F.A.Thesis Seminar II), %q(406B), %q(4), %q(4)]).includes ["SPR"]
