make([%q(IMAGINING ITALY), %q(41N), %q(3), %q(3)]).includes ["NOT GIVEN THIS YEAR"]
make([%q(LIFE IS A PLAY: IDENTITY, PERSONA, AND IMPROVISATION IN LUIGI PIRANDELLO), %q(52N), %q(3), %q(3)]).includes ["NOT GIVEN THIS YEAR"]
make([%q(NARRATIVE MEDICINE AND NEAR-DEATH EXPERIENCES (FRENCH 75N)), %q(75N), %q(3), %q(3)]).includes ["AUT"]
make([%q(ITALY: THE GOOD, THE BAD AND THE UGLY), %q(101), %q(3), %q(5)]).includes ["SPR"]
make([%q(LA DOLCE VITA: ITALIAN STEREOTYPES IN FILM), %q(104), %q(3), %q(5)]).includes ["WIN"]
make([%q(LOVE ITALIAN STYLE), %q(120), %q(4), %q(4)]).includes ["NOT GIVEN THIS YEAR"]
make([%q(INVENTING ITALIAN LITERATURE: DANTE, BOCCACCIO, PETRARCA), %q(127), %q(4), %q(4)]).includes ["AUT"]
make([%q(THE ITALIAN RENAISSANCE AND THE PATH TO MODERNITY), %q(128), %q(4), %q(4)]).includes ["WIN"]
make([%q(MODERN ITALIAN HISTORY AND LITERATURE), %q(129), %q(4), %q(4)]).includes ["SPR"]
make([%q(LITERATURE AND POLITICS - TWO MEDITERRANEAN CASES: CATALONIA AND ITALY (ILAC 122)), %q(136), %q(3), %q(5)]).includes ["NOT GIVEN THIS YEAR"]
make([%q(BOCCACCIO'S DECAMERON: THE ETHICS OF STORYTELLING (ITALIAN 352)), %q(152), %q(3), %q(5)]).includes ["AUT"]
make([%q(FILM & PHILOSOPHY (COMPLIT 154A, FRENCH 154, PHIL 193C, PHIL 293C)), %q(154), %q(4), %q(4)]).includes ["NOT GIVEN THIS YEAR"]
make([%q(THE MAFIA IN SOCIETY, FILM, AND FICTION), %q(155), %q(4), %q(4)]).includes ["NOT GIVEN THIS YEAR"]
make([%q(WOMEN'S VOICES IN CONTEMPORARY ITALIAN LITERATURE (ITALIAN 366)), %q(166), %q(3), %q(5)]).includes ["NOT GIVEN THIS YEAR"]
make([%q(PHILOSOPHY AND LITERATURE (CLASSGEN 81, COMPLIT 181, ENGLISH 81, FRENCH 181, GERMAN 181, PHIL 81, SLAVIC 181)), %q(181), %q(5), %q(5)]).includes ["WIN"]
make([%q(INDIVIDUAL WORK), %q(199), %q(1), %q(12)]).includes ["AUT", "WIN", "SPR", "SUM"]
make([%q(EARLY MODERN SEMINAR (DLCL 323)), %q(220), %q(3), %q(5)]).includes ["NOT GIVEN THIS YEAR"]
make([%q(ITALO CALVINO: LITERATURE, SCIENCE, PHILOSOPHY), %q(221), %q(3), %q(5)]).includes ["SPR"]
make([%q(MODERN ITALIAN POETRY AND ULTIMATE QUESTIONS), %q(226), %q(3), %q(5)]).includes ["NOT GIVEN THIS YEAR"]
make([%q(SCIENCE, TECHNOLOGY, AND SOCIETY IN THE FACE OF THE LOOMING DISASTER (FRENCH 228, POLISCI 233F)), %q(228), %q(3), %q(5)]).includes ["NOT GIVEN THIS YEAR"]
make([%q(COURTLY LOVE: DECEIT AND DESIRE IN THE MIDDLE AGES (COMPLIT 221A, FRENCH 234)), %q(234), %q(3), %q(5)]).includes ["NOT GIVEN THIS YEAR"]
make([%q(DANTE'S \INFERNO\), %q(235E), %q(3), %q(5)]).includes ["WIN"]
make([%q(DANTE'S \PURGATORIO AND PARADISO\), %q(236E), %q(4), %q(5)]).includes ["SPR"]
make([%q(SHAKESPEARE AND ITALY), %q(247), %q(3), %q(5)]).includes ["NOT GIVEN THIS YEAR"]
make([%q(WRITING, MEMORY, AND SELF-FASHIONING (FRENCH 251)), %q(251), %q(3), %q(5)]).includes ["NOT GIVEN THIS YEAR"]
make([%q(NORTH/SOUTH IN CONTEMPORARY ITALY), %q(256), %q(4), %q(4)]).includes ["NOT GIVEN THIS YEAR"]
make([%q(ITALY, FRANCE, AND POSTCOLONIALISM (FRENCH 260)), %q(260), %q(3), %q(5)]).includes ["AUT"]
make([%q(NOVELS INTO FILM), %q(281), %q(4), %q(5)]).includes ["SPR"]
make([%q(LITERATURE, NARRATIVE, AND THE SELF (COMPLIT 328, FRENCH 328)), %q(328), %q(3), %q(5)]).includes ["AUT"]
make([%q(BOCCACCIO'S DECAMERON: THE ETHICS OF STORYTELLING (ITALIAN 152)), %q(352), %q(3), %q(5)]).includes ["AUT"]
make([%q(WOMEN'S VOICES IN CONTEMPORARY ITALIAN LITERATURE (ITALIAN 166)), %q(366), %q(3), %q(5)]).includes ["NOT GIVEN THIS YEAR"]
make([%q(INTRODUCTION TO GRADUATE STUDIES: CRITICISM AS PROFESSION (COMPLIT 369, DLCL 369, FRENCH 369, GERMAN 369)), %q(369), %q(5), %q(5)]).includes ["AUT"]
make([%q(PHILOSOPHICAL READING GROUP (COMPLIT 359A, FRENCH 395)), %q(395), %q(1), %q(1)]).includes ["AUT", "WIN"]
make([%q(INTENSIVE READING IN FRENCH/ITALIAN (FRENCH 398)), %q(398), %q(10), %q(10)]).includes ["SUM"]
make([%q(INDIVIDUAL WORK), %q(399), %q(1), %q(12)]).includes ["AUT", "WIN", "SPR", "SUM"]
make([%q(TGR DISSERTATION), %q(802), %q(0), %q(0)]).includes ["AUT", "WIN", "SPR", "SUM"]
