make([%q(Animal Planet and the Romance of the Species (COMPLIT 70N)), %q(70N), %q(3), %q(4)]).includes ["SPR"]
make([%q(Chinese Language, Culture, and Society (CHINGEN 173)), %q(73), %q(4), %q(4)]).includes ["NOT GIVEN THIS YEAR"]
make([%q(Chinese Language, Culture, and Society (CHINGEN 170)), %q(73N), %q(4), %q(4)]).includes ["WIN"]
make([%q(Introduction to China), %q(91), %q(5), %q(5)]).includes ["WIN"]
make([%q(How to Be Modern in China:  A Gateway to the World Course), %q(101), %q(3), %q(4)]).includes ["NOT GIVEN THIS YEAR"]
make([%q(Constructing National History in East Asian Archaeology (ARCHLGY 135, ARCHLGY 235, CHINGEN 218)), %q(118), %q(3), %q(5)]).includes ["SPR"]
make([%q(Popular Culture and Casino Capitalism in China (CHINGEN 219)), %q(119), %q(3), %q(4)]).includes ["WIN"]
make([%q(Soldiers and Bandits in Chinese Culture (CHINGEN 220)), %q(120), %q(3), %q(5)]).includes ["WIN"]
make([%q(Classical Chinese Rituals (CHINGEN 221)), %q(121), %q(3), %q(5)]).includes ["NOT GIVEN THIS YEAR"]
make([%q(Chinese Poetry in Translation (CHINGEN 231)), %q(131), %q(4), %q(4)]).includes ["NOT GIVEN THIS YEAR"]
make([%q(Chinese Fiction and Drama in Translation (CHINGEN 232)), %q(132), %q(4), %q(4)]).includes ["NOT GIVEN THIS YEAR"]
make([%q(Literature in 20th-Century China (CHINGEN 233)), %q(133), %q(4), %q(5)]).includes ["SPR"]
make([%q(Early Chinese Mythology (CHINGEN 234)), %q(134), %q(3), %q(5)]).includes ["NOT GIVEN THIS YEAR"]
make([%q(Chinese Bodies, Chinese Selves (CHINGEN 235)), %q(135), %q(3), %q(5)]).includes ["NOT GIVEN THIS YEAR"]
make([%q(The Chinese Family (CHINGEN 236)), %q(136), %q(3), %q(5)]).includes ["NOT GIVEN THIS YEAR"]
make([%q(Tiananmen Square: History, Literature, Iconography (CHINGEN 237)), %q(137), %q(3), %q(5)]).includes ["WIN"]
make([%q(Love and Politics  in Chinese Cinema (CHINGEN 238)), %q(138), %q(4), %q(5)]).includes ["NOT GIVEN THIS YEAR"]
make([%q(Cultural Revolution as Literature (CHINGEN 239)), %q(139), %q(4), %q(4)]).includes ["NOT GIVEN THIS YEAR"]
make([%q(Chinese Justice: Law, Morality, and Literature (CHINGEN 240)), %q(140), %q(3), %q(5)]).includes ["NOT GIVEN THIS YEAR"]
make([%q(Emergence of Chinese Civilization from Caves to Palaces (ARCHLGY 111, CHINGEN 241)), %q(141), %q(3), %q(4)]).includes ["AUT"]
make([%q(Images of Women in Ancient China and Greece (CHINGEN 243, CLASSICS 143, CLASSICS 243)), %q(143), %q(3), %q(5)]).includes ["SPR"]
make([%q(Gods, Ghosts, and Ancestors: Anthropology of Chinese Folk Religion (CHINGEN 246)), %q(146), %q(3), %q(5)]).includes ["SPR"]
make([%q(Sex, Gender, and Power in Modern China (CHINGEN 250, FEMGEN 150, FEMGEN 250)), %q(150), %q(3), %q(5)]).includes ["SPR"]
make([%q(Manuscripts, Circulation of Texts, Printing (CHINGEN 251)), %q(151), %q(3), %q(4)]).includes ["NOT GIVEN THIS YEAR"]
make([%q(Beijing: Microcosm of Modern China (CHINGEN 252)), %q(152), %q(3), %q(4)]).includes ["AUT"]
make([%q(American Images of China (CHINGEN 255)), %q(155), %q(3), %q(5)]).includes ["SPR"]
make([%q(New Directions in the Study of Poetry and Literati Culture (CHINGEN 260)), %q(160), %q(3), %q(4)]).includes ["NOT GIVEN THIS YEAR"]
make([%q(What is Chinese Theater?  The Formation of a Tradition (CHINGEN 269)), %q(169), %q(3), %q(4)]).includes ["NOT GIVEN THIS YEAR"]
make([%q(Chinese Language, Culture, and Society (CHINGEN 73N)), %q(170), %q(4), %q(4)]).includes ["WIN"]
make([%q(Chinese Language, Culture, and Society (CHINGEN 73)), %q(173), %q(4), %q(4)]).includes ["NOT GIVEN THIS YEAR"]
make([%q(Female Divinities in China (CHINGEN 393E)), %q(193E), %q(3), %q(5)]).includes ["NOT GIVEN THIS YEAR"]
make([%q(The History and Culture of Peking Opera (CHINGEN 294)), %q(194), %q(3), %q(4)]).includes ["WIN"]
make([%q(Senior Colloquium in Chinese Studies), %q(198), %q(1), %q(1)]).includes ["WIN"]
make([%q(Directed Readings in Asian Languages), %q(200), %q(1), %q(12)]).includes ["AUT", "WIN", "SPR", "SUM"]
make([%q(Teaching Chinese Humanities), %q(201), %q(1), %q(1)]).includes ["NOT GIVEN THIS YEAR"]
make([%q(Constructing National History in East Asian Archaeology (ARCHLGY 135, ARCHLGY 235, CHINGEN 118)), %q(218), %q(3), %q(5)]).includes ["SPR"]
make([%q(Popular Culture and Casino Capitalism in China (CHINGEN 119)), %q(219), %q(3), %q(4)]).includes ["WIN"]
make([%q(Soldiers and Bandits in Chinese Culture (CHINGEN 120)), %q(220), %q(3), %q(5)]).includes ["WIN"]
make([%q(Classical Chinese Rituals (CHINGEN 121)), %q(221), %q(3), %q(5)]).includes ["NOT GIVEN THIS YEAR"]
make([%q(Chinese Poetry in Translation (CHINGEN 131)), %q(231), %q(4), %q(4)]).includes ["NOT GIVEN THIS YEAR"]
make([%q(Chinese Fiction and Drama in Translation (CHINGEN 132)), %q(232), %q(4), %q(4)]).includes ["NOT GIVEN THIS YEAR"]
make([%q(Literature in 20th-Century China (CHINGEN 133)), %q(233), %q(4), %q(5)]).includes ["SPR"]
make([%q(Early Chinese Mythology (CHINGEN 134)), %q(234), %q(3), %q(5)]).includes ["NOT GIVEN THIS YEAR"]
make([%q(Chinese Bodies, Chinese Selves (CHINGEN 135)), %q(235), %q(3), %q(5)]).includes ["NOT GIVEN THIS YEAR"]
make([%q(The Chinese Family (CHINGEN 136)), %q(236), %q(3), %q(5)]).includes ["NOT GIVEN THIS YEAR"]
make([%q(Tiananmen Square: History, Literature, Iconography (CHINGEN 137)), %q(237), %q(3), %q(5)]).includes ["WIN"]
make([%q(Love and Politics  in Chinese Cinema (CHINGEN 138)), %q(238), %q(4), %q(5)]).includes ["NOT GIVEN THIS YEAR"]
make([%q(Cultural Revolution as Literature (CHINGEN 139)), %q(239), %q(4), %q(4)]).includes ["NOT GIVEN THIS YEAR"]
make([%q(Chinese Justice: Law, Morality, and Literature (CHINGEN 140)), %q(240), %q(3), %q(5)]).includes ["NOT GIVEN THIS YEAR"]
make([%q(Emergence of Chinese Civilization from Caves to Palaces (ARCHLGY 111, CHINGEN 141)), %q(241), %q(3), %q(4)]).includes ["AUT"]
make([%q(Images of Women in Ancient China and Greece (CHINGEN 143, CLASSICS 143, CLASSICS 243)), %q(243), %q(3), %q(5)]).includes ["SPR"]
make([%q(Gods, Ghosts, and Ancestors: Anthropology of Chinese Folk Religion (CHINGEN 146)), %q(246), %q(3), %q(5)]).includes ["SPR"]
make([%q(Sex, Gender, and Power in Modern China (CHINGEN 150, FEMGEN 150, FEMGEN 250)), %q(250), %q(3), %q(5)]).includes ["SPR"]
make([%q(Manuscripts, Circulation of Texts, Printing (CHINGEN 151)), %q(251), %q(3), %q(4)]).includes ["NOT GIVEN THIS YEAR"]
make([%q(Beijing: Microcosm of Modern China (CHINGEN 152)), %q(252), %q(3), %q(4)]).includes ["AUT"]
make([%q(American Images of China (CHINGEN 155)), %q(255), %q(3), %q(5)]).includes ["SPR"]
make([%q(New Directions in the Study of Poetry and Literati Culture (CHINGEN 160)), %q(260), %q(3), %q(4)]).includes ["NOT GIVEN THIS YEAR"]
make([%q(What is Chinese Theater?  The Formation of a Tradition (CHINGEN 169)), %q(269), %q(3), %q(4)]).includes ["NOT GIVEN THIS YEAR"]
make([%q(The History and Culture of Peking Opera (CHINGEN 194)), %q(294), %q(3), %q(4)]).includes ["WIN"]
make([%q(Female Divinities in China (CHINGEN 193E)), %q(393E), %q(3), %q(5)]).includes ["NOT GIVEN THIS YEAR"]
