make([%q(FORM AND FUNCTION OF ANIMAL SKELETONS (ME 10N)), %q(10N), %q(3), %q(3)]).includes ["NOT GIVEN THIS YEAR"]
make([%q(THE BIOPHYSICS OF INNATE IMMUNITY), %q(36Q), %q(3), %q(3)]).includes ["NOT GIVEN THIS YEAR"]
make([%q(PHYSICAL BIOLOGY OF MACROMOLECULES), %q(41), %q(4), %q(4)]).includes ["WIN"]
make([%q(PHYSICAL BIOLOGY OF CELLS), %q(42), %q(4), %q(4)]).includes ["SPR"]
make([%q(FUNDAMENTALS FOR ENGINEERING BIOLOGY LAB), %q(44), %q(4), %q(4)]).includes ["AUT", "SPR"]
make([%q(ANATOMY FOR BIOENGINEERS), %q(51), %q(4), %q(4)]).includes ["SPR"]
make([%q(MEDICAL DEVICE INNOVATION), %q(70Q), %q(3), %q(3)]).includes ["SPR"]
make([%q(INTRODUCTION TO BIOENGINEERING (ENGR 80)), %q(80), %q(4), %q(4)]).includes ["SPR"]
make([%q(SYSTEMS BIOLOGY (BIOE 210)), %q(101), %q(4), %q(4)]).includes ["AUT"]
make([%q(SYSTEMS PHYSIOLOGY AND DESIGN), %q(103), %q(4), %q(4)]).includes ["SPR"]
make([%q(COMPUTATIONAL MODELING OF MICROBIAL COMMUNITIES (MI 245)), %q(115), %q(4), %q(4)]).includes ["SPR"]
make([%q(OPTICS AND DEVICES LAB), %q(123), %q(4), %q(4)]).includes ["WIN"]
make([%q(ETHICS IN BIOENGINEERING), %q(131), %q(3), %q(3)]).includes ["SPR"]
make([%q(SENIOR CAPSTONE DESIGN I), %q(141A), %q(4), %q(4)]).includes ["AUT"]
make([%q(SENIOR CAPSTONE DESIGN II), %q(141B), %q(4), %q(4)]).includes ["WIN"]
make([%q(BIOENGINEERING PROBLEMS AND EXPERIMENTAL INVESTIGATION), %q(191), %q(1), %q(5)]).includes ["AUT", "WIN", "SPR", "SUM"]
make([%q(OUT-OF-DEPARTMENT ADVANCED RESEARCH LABORATORY IN BIOENGINEERING), %q(191X), %q(1), %q(15)]).includes ["AUT", "WIN", "SPR", "SUM"]
make([%q(SYSTEMS BIOLOGY (BIOE 101)), %q(210), %q(4), %q(4)]).includes ["AUT"]
make([%q(INTRODUCTION TO BIOMEDICAL INFORMATICS RESEARCH METHODOLOGY (BIOMEDIN 212, CS 272, GENE 212)), %q(212), %q(3), %q(3)]).includes ["SPR"]
make([%q(REPRESENTATIONS AND ALGORITHMS FOR COMPUTATIONAL MOLECULAR BIOLOGY (BIOMEDIN 214, CS 274, GENE 214)), %q(214), %q(3), %q(4)]).includes ["AUT"]
make([%q(INTRODUCTION TO IMAGING AND IMAGE-BASED HUMAN ANATOMY (RAD 220)), %q(220), %q(3), %q(3)]).includes ["NOT GIVEN THIS YEAR"]
make([%q(MULTIMODALITY MOLECULAR IMAGING IN LIVING SUBJECTS I (RAD 222A)), %q(222A), %q(4), %q(4)]).includes ["AUT"]
make([%q(MULTIMODALITY MOLECULAR IMAGING IN LIVING SUBJECTS II (RAD 222B)), %q(222B), %q(4), %q(4)]).includes ["WIN"]
make([%q(MULTIMODALITY MOLECULAR IMAGING IN LIVING SUBJECTS III (RAD 222C)), %q(222C), %q(4), %q(4)]).includes ["NOT GIVEN THIS YEAR"]
make([%q(PHYSICS AND ENGINEERING OF X-RAY COMPUTED TOMOGRAPHY (RAD 223)), %q(223), %q(3), %q(3)]).includes ["AUT"]
make([%q(IN VIVO MAGNETIC RESONANCE SPECTROSCOPY AND IMAGING (RAD 226)), %q(226), %q(3), %q(3)]).includes ["WIN"]
make([%q(FUNCTIONAL MRI METHODS), %q(227), %q(3), %q(3)]).includes ["WIN"]
make([%q(BIOPHYSICAL MECHANISMS OF INNATE IMMUNITY), %q(236), %q(3), %q(3)]).includes ["NOT GIVEN THIS YEAR"]
make([%q(ADVANCED FRAMEWORKS AND APPROACHES FOR ENGINEERING INTEGRATED GENETIC SYSTEMS), %q(244), %q(4), %q(4)]).includes ["AUT"]
make([%q(TISSUE ENGINEERING (ORTHO 260)), %q(260), %q(3), %q(3)]).includes ["SPR"]
make([%q(PRINCIPLES AND PRACTICE OF STEM CELL ENGINEERING (NSUR 261)), %q(261), %q(3), %q(3)]).includes ["NOT GIVEN THIS YEAR"]
make([%q(BIODESIGN FOR MOBILE HEALTH (MED 273)), %q(273), %q(1), %q(2)]).includes ["AUT"]
make([%q(SKELETAL DEVELOPMENT AND EVOLUTION (ME 280)), %q(280), %q(3), %q(3)]).includes ["NOT GIVEN THIS YEAR"]
make([%q(BIOMECHANICS OF MOVEMENT (ME 281)), %q(281), %q(3), %q(3)]).includes ["WIN"]
make([%q(MECHANOTRANSDUCTION IN CELLS AND TISSUES (ME 244)), %q(283), %q(3), %q(3)]).includes ["AUT"]
make([%q(CARDIOVASCULAR BIOENGINEERING), %q(284B), %q(3), %q(3)]).includes ["NOT GIVEN THIS YEAR"]
make([%q(PRINCIPLES AND PRACTICE OF OPTOGENETICS FOR OPTICAL CONTROL OF BIOLOGICAL TISSUES), %q(291), %q(3), %q(3)]).includes ["AUT"]
make([%q(MOLECULAR AND CELLULAR BIOENGINEERING), %q(300A), %q(3), %q(3)]).includes ["WIN"]
make([%q(PHYSIOLOGY AND TISSUE ENGINEERING), %q(300B), %q(3), %q(3)]).includes ["AUT"]
make([%q(MOLECULAR AND CELLULAR ENGINEERING LAB), %q(301A), %q(2), %q(2)]).includes ["AUT"]
make([%q(CLINICAL NEEDS AND TECHNOLOGY), %q(301B), %q(1), %q(1)]).includes ["WIN"]
make([%q(DIAGNOSTIC DEVICES LAB), %q(301C), %q(3), %q(3)]).includes ["SPR"]
make([%q(BIOPHYSICS OF MULTI-CELLULAR SYSTEMS AND AMORPHOUS COMPUTING), %q(311), %q(2), %q(3)]).includes ["AUT"]
make([%q(NEUROMORPHICS: BRAINS IN SILICON (EE 304)), %q(313), %q(3), %q(3)]).includes ["SPR"]
make([%q(ULTRASOUND IMAGING AND THERAPEUTIC APPLICATIONS (RAD 225)), %q(325), %q(3), %q(3)]).includes ["AUT"]
make([%q(PROTEIN ENGINEERING), %q(331), %q(3), %q(3)]).includes ["SPR"]
make([%q(LARGE-SCALE NEURAL MODELING), %q(332), %q(3), %q(3)]).includes ["NOT GIVEN THIS YEAR"]
make([%q(INTERFACIAL PHENOMENA AND BIONANOTECHNOLOGY), %q(333), %q(3), %q(3)]).includes ["NOT GIVEN THIS YEAR"]
make([%q(ENGINEERING PRINCIPLES IN MOLECULAR BIOLOGY), %q(334), %q(3), %q(3)]).includes ["NOT GIVEN THIS YEAR", "ALTERNATE YEARS", "NOT GIVEN NEXT YEAR"]
make([%q(MOLECULAR MOTORS I), %q(335), %q(3), %q(3)]).includes ["WIN"]
make([%q(ORGANISMIC BIOPHYSICS AND LIVING SOFT-MATTER), %q(337), %q(3), %q(3)]).includes ["WIN"]
make([%q(ADVANCED BIOCHEMICAL ENGINEERING (CHEMENG 355)), %q(355), %q(3), %q(3)]).includes ["SPR"]
make([%q(BIOMATERIALS IN REGENERATIVE MEDICINE (MATSCI 381)), %q(361), %q(3), %q(3)]).includes ["NOT GIVEN THIS YEAR"]
make([%q(MICROFLUIDIC DEVICE LABORATORY), %q(370), %q(2), %q(2)]).includes ["WIN"]
make([%q(GLOBAL BIODESIGN:  MEDICAL TECHNOLOGY IN AN INTERNATIONAL CONTEXT (MED 271)), %q(371), %q(1), %q(3)]).includes ["SPR"]
make([%q(DESIGN FOR SERVICE INNOVATION (HRP 274, MED 274)), %q(372), %q(4), %q(4)]).includes ["NOT GIVEN THIS YEAR"]
make([%q(BIODESIGN INNOVATION: NEEDS FINDING AND CONCEPT CREATION (ME 368A, MED 272A)), %q(374A), %q(4), %q(4)]).includes ["WIN"]
make([%q(BIODESIGN INNOVATION: CONCEPT DEVELOPMENT AND IMPLEMENTATION (ME 368B, MED 272B)), %q(374B), %q(4), %q(4)]).includes ["SPR"]
make([%q(BIODESIGN INNOVATION: NEEDS FINDING AND CONCEPT CREATION), %q(375A), %q(2), %q(2)]).includes ["WIN"]
make([%q(BIODESIGN INNOVATION: CONCEPT DEVELOPMENT AND IMPLEMENTATION), %q(375B), %q(2), %q(2)]).includes ["SPR"]
make([%q(STARTUP GARAGE: DESIGN), %q(376), %q(4), %q(4)]).includes ["AUT"]
make([%q(STARTUP GARAGE: TESTING AND LAUNCH), %q(377), %q(4), %q(4)]).includes ["WIN"]
make([%q(ORTHOPAEDIC BIOENGINEERING (ME 381)), %q(381), %q(3), %q(3)]).includes ["AUT"]
make([%q(NEUROMUSCULAR BIOMECHANICS), %q(386), %q(3), %q(3)]).includes ["NOT GIVEN THIS YEAR"]
make([%q(INTRODUCTION TO BIOENGINEERING RESEARCH (MED 289)), %q(390), %q(1), %q(2)]).includes ["AUT"]
make([%q(DIRECTED STUDY), %q(391), %q(1), %q(6)]).includes ["AUT", "WIN", "SPR", "SUM"]
make([%q(DIRECTED INVESTIGATION), %q(392), %q(1), %q(10)]).includes ["AUT", "WIN", "SPR", "SUM"]
make([%q(BIOENGINEERING DEPARTMENTAL RESEARCH COLLOQUIUM), %q(393), %q(1), %q(1)]).includes ["AUT", "WIN", "SPR"]
make([%q(ADVANCES IN BIOTECHNOLOGY (CHEMENG 450)), %q(450), %q(3), %q(3)]).includes ["SPR"]
make([%q(SYNTHETIC BIOLOGY AND METABOLIC ENGINEERING (CHEMENG 454)), %q(454), %q(3), %q(3)]).includes ["NOT GIVEN THIS YEAR"]
make([%q(FRONTIERS IN INTERDISCIPLINARY BIOSCIENCES (BIO 459, BIOC 459, CHEM 459, CHEMENG 459, PSYCH 459)), %q(459), %q(1), %q(1)]).includes ["NOT GIVEN THIS YEAR"]
make([%q(COMPUTATIONAL METHODS IN CARDIOVASCULAR BIOENGINEERING (ME 484)), %q(484), %q(3), %q(3)]).includes ["NOT GIVEN THIS YEAR"]
make([%q(MODELING AND SIMULATION OF HUMAN MOVEMENT (ME 485)), %q(485), %q(3), %q(3)]).includes ["SPR"]
make([%q(THESIS (PH.D.)), %q(500), %q(1), %q(15)]).includes ["AUT", "WIN", "SPR", "SUM"]
make([%q(TGR DISSERTATION), %q(802), %q(0), %q(0)]).includes ["AUT", "WIN", "SPR", "SUM"]
