make([%q(PRINCIPLES OF ECONOMICS), %q(1), %q(5), %q(5)]).includes ["AUT", "WIN", "SPR", "SUM"]
make([%q(ECONOMICS IN THE NEWS), %q(5), %q(1), %q(1)]).includes ["SPR"]
make([%q(SILICON VALLEY MEETS WALL STREET), %q(10), %q(1), %q(1)]).includes ["AUT", "WIN", "SPR"]
make([%q(UNDERSTANDING THE WELFARE SYSTEM), %q(11N), %q(3), %q(3)]).includes ["AUT"]
make([%q(A RANDOM WALK DOWN WALL STREET), %q(13SC), %q(2), %q(2)]).includes ["SUM"]
make([%q(ENERGY, THE ENVIRONMENT, AND THE ECONOMY), %q(17N), %q(3), %q(3)]).includes ["WIN"]
make([%q(THE WASHINGTON DEBATE ABOUT AMERICAN COMPETITIVENESS), %q(18A), %q(1), %q(1)]).includes ["AUT"]
make([%q(SILICON VALLEY LEADERS' TAKE ON AMERICA'S ECONOMIC FUTURE), %q(18B), %q(1), %q(1)]).includes ["WIN"]
make([%q(REAL WORLD POLICY MAKERS DISCUSS HOW THE U.S. CAN COMPETE IN A GLOBAL ECONOMY), %q(18C), %q(1), %q(1)]).includes ["SPR"]
make([%q(SOCIAL CHOICE & MARKET DESIGN), %q(24N), %q(3), %q(3)]).includes ["SPR"]
make([%q(PUBLIC POLICY AND PERSONAL FINANCE (PUBLPOL 55N)), %q(25N), %q(3), %q(3)]).includes ["AUT"]
make([%q(WHO GETS WHAT? THE NEW ECONOMICS OF MATCHMAKING AND MARKET DESIGN), %q(26N), %q(3), %q(3)]).includes ["AUT"]
make([%q(FISCAL AND MONETARY POLICY LECTURES), %q(35SI), %q(2), %q(2)]).includes ["AUT"]
make([%q(MANAGERIAL ECONOMICS), %q(49), %q(5), %q(5)]).includes ["NOT GIVEN THIS YEAR"]
make([%q(ECONOMIC ANALYSIS I), %q(50), %q(5), %q(5)]).includes ["AUT", "WIN", "SUM"]
make([%q(ECONOMIC ANALYSIS II), %q(51), %q(5), %q(5)]).includes ["WIN", "SPR", "SUM"]
make([%q(ECONOMIC ANALYSIS III), %q(52), %q(5), %q(5)]).includes ["AUT", "SPR", "SUM"]
make([%q(ECONOMIC POLICY SEMINAR), %q(101), %q(5), %q(5)]).includes ["AUT", "WIN", "SPR"]
make([%q(INTRODUCTION TO STATISTICAL METHODS (POSTCALCULUS) FOR SOCIAL SCIENTISTS), %q(102A), %q(5), %q(5)]).includes ["AUT", "WIN"]
make([%q(APPLIED ECONOMETRICS), %q(102B), %q(5), %q(5)]).includes ["WIN", "SPR"]
make([%q(ADVANCED TOPICS IN ECONOMETRICS), %q(102C), %q(5), %q(5)]).includes ["SPR"]
make([%q(WORLD FOOD ECONOMY (EARTHSYS 106, EESS 106)), %q(106), %q(5), %q(5)]).includes ["WIN"]
make([%q(CAUSAL INFERENCE AND PROGRAM EVALUATION), %q(107), %q(5), %q(5)]).includes ["NOT GIVEN THIS YEAR"]
make([%q(HISTORY OF FINANCIAL CRISES), %q(110), %q(4), %q(4)]).includes ["NOT GIVEN THIS YEAR"]
make([%q(MONEY AND BANKING), %q(111), %q(5), %q(5)]).includes ["AUT", "SUM"]
make([%q(FINANCIAL MARKETS AND INSTITUTIONS: RECENT DEVELOPMENTS), %q(112), %q(5), %q(5)]).includes ["SPR"]
make([%q(ECONOMICS OF INNOVATION (PUBLPOL 354)), %q(113), %q(5), %q(5)]).includes ["SPR"]
make([%q(ECONOMY AND ECONOMICS OF ANCIENT GREECE (CLASSHIS 114)), %q(114), %q(5), %q(5)]).includes ["WIN"]
make([%q(AMERICAN ECONOMIC HISTORY (AMSTUD 116, HISTORY 156)), %q(116), %q(5), %q(5)]).includes ["SPR"]
make([%q(DEVELOPMENT ECONOMICS), %q(118), %q(5), %q(5)]).includes ["WIN"]
make([%q(THE RUSSIAN ECONOMY (REES 219)), %q(119), %q(4), %q(5)]).includes ["NOT GIVEN THIS YEAR"]
make([%q(ECONOMIC DEVELOPMENT OF LATIN AMERICA), %q(122), %q(5), %q(5)]).includes ["WIN"]
make([%q(ECONOMIC DEVELOPMENT, MICROFINANCE, AND SOCIAL NETWORKS), %q(125), %q(5), %q(5)]).includes ["AUT"]
make([%q(ECONOMICS OF HEALTH AND MEDICAL CARE (BIOMEDIN 156, BIOMEDIN 256, HRP 256)), %q(126), %q(5), %q(5)]).includes ["AUT", "WIN"]
make([%q(ECONOMICS OF HEALTH IMPROVEMENT IN DEVELOPING COUNTRIES), %q(127), %q(5), %q(5)]).includes ["NOT GIVEN THIS YEAR"]
make([%q(ECONOMIC DEVELOPMENT: A HISTORICAL PERSPECTIVE), %q(128), %q(5), %q(5)]).includes ["AUT"]
make([%q(ECONOMICS AND SPORTS), %q(132), %q(5), %q(5)]).includes ["SUM"]
make([%q(FINANCE FOR NON-MBAS (MS&E 245G)), %q(135), %q(3), %q(3)]).includes ["AUT"]
make([%q(MARKET DESIGN), %q(136), %q(5), %q(5)]).includes ["SPR"]
make([%q(DECISION MODELING AND INFORMATION), %q(137), %q(5), %q(5)]).includes ["AUT"]
make([%q(DIRECTED READING), %q(139D), %q(1), %q(10)]).includes ["AUT", "WIN", "SPR", "SUM"]
make([%q(INTRODUCTION TO FINANCIAL ECONOMICS), %q(140), %q(5), %q(5)]).includes ["SPR", "SUM"]
make([%q(PUBLIC FINANCE AND FISCAL POLICY (PUBLPOL 107)), %q(141), %q(5), %q(5)]).includes ["WIN"]
make([%q(ADVANCED SEMINAR IN PUBLIC ECONOMICS), %q(142), %q(5), %q(5)]).includes ["SPR"]
make([%q(LABOR ECONOMICS), %q(145), %q(5), %q(5)]).includes ["AUT"]
make([%q(THE MODERN FIRM IN THEORY AND PRACTICE), %q(149), %q(5), %q(5)]).includes ["WIN"]
make([%q(ECONOMIC POLICY ANALYSIS (PUBLPOL 104, PUBLPOL 204)), %q(150), %q(4), %q(5)]).includes ["WIN", "SPR"]
make([%q(THE FUTURE OF FINANCE (ECON 252, PUBLPOL 364, STATS 238)), %q(152), %q(2), %q(2)]).includes ["SPR"]
make([%q(ECONOMICS OF THE INTERNET), %q(153), %q(5), %q(5)]).includes ["WIN"]
make([%q(LAW AND ECONOMICS (PUBLPOL 106, PUBLPOL 206)), %q(154), %q(4), %q(5)]).includes ["WIN"]
make([%q(ENVIRONMENTAL ECONOMICS AND POLICY), %q(155), %q(5), %q(5)]).includes ["WIN"]
make([%q(MARINE RESOURCE ECONOMICS AND CONSERVATION (EARTHSYS 156M, HUMBIO 111M)), %q(156), %q(5), %q(5)]).includes ["NOT GIVEN THIS YEAR"]
make([%q(IMPERFECT COMPETITION), %q(157), %q(5), %q(5)]).includes ["AUT"]
make([%q(REGULATORY ECONOMICS), %q(158), %q(5), %q(5)]).includes ["WIN"]
make([%q(GAME THEORY AND ECONOMIC APPLICATIONS), %q(160), %q(5), %q(5)]).includes ["WIN"]
make([%q(THE FINANCE OF RETIREMENT AND PENSIONS), %q(161), %q(4), %q(4)]).includes ["AUT"]
make([%q(LAW, ECONOMICS AND POLITICS OF INTERNATIONAL TRADE), %q(164), %q(5), %q(5)]).includes ["WIN"]
make([%q(INTERNATIONAL FINANCE), %q(165), %q(5), %q(5)]).includes ["AUT", "SUM"]
make([%q(INTERNATIONAL TRADE), %q(166), %q(5), %q(5)]).includes ["SPR"]
make([%q(BEHAVIORAL ECONOMICS), %q(178), %q(5), %q(5)]).includes ["SPR"]
make([%q(EXPERIMENTAL ECONOMICS), %q(179), %q(5), %q(5)]).includes ["WIN"]
make([%q(HONORS GAME THEORY), %q(180), %q(5), %q(5)]).includes ["AUT"]
make([%q(HONORS INFORMATION AND INCENTIVES), %q(181), %q(5), %q(5)]).includes ["WIN"]
make([%q(HONORS MARKET DESIGN), %q(182), %q(5), %q(5)]).includes ["SPR"]
make([%q(INTRODUCTION TO FINANCIAL ACCOUNTING), %q(190), %q(5), %q(5)]).includes ["AUT", "WIN"]
make([%q(INTRODUCTION TO COST ACCOUNTING), %q(191), %q(5), %q(5)]).includes ["SPR"]
make([%q(JUNIOR HONORS SEMINAR (PUBLPOL 197)), %q(198), %q(5), %q(5)]).includes ["SPR"]
make([%q(HONORS THESIS RESEARCH), %q(199D), %q(1), %q(10)]).includes ["AUT", "WIN", "SPR", "SUM"]
make([%q(CORE ECONOMICS: MODULES 1 AND 2), %q(202), %q(2), %q(5)]).includes ["AUT"]
make([%q(202 FOR NON-ECONOMICS PH.D. STUDENTS), %q(202N), %q(2), %q(5)]).includes ["AUT"]
make([%q(CORE ECONOMICS: MODULES 5 AND 6), %q(203), %q(2), %q(5)]).includes ["WIN"]
make([%q(203 FOR NON-ECONOMICS PH.D. STUDENTS), %q(203N), %q(2), %q(5)]).includes ["WIN"]
make([%q(CORE ECONOMICS: MODULES 9 AND 10), %q(204), %q(2), %q(5)]).includes ["SPR"]
make([%q(CORE ECONOMICS: MODULES 3 AND 7), %q(210), %q(2), %q(5)]).includes ["AUT"]
make([%q(CORE ECONOMICS: MODULES 11 AND 12), %q(211), %q(2), %q(5)]).includes ["WIN"]
make([%q(CORE ECONOMICS: MODULES 4 AND 8), %q(212), %q(2), %q(5)]).includes ["SPR"]
make([%q(DEVELOPMENT ECONOMICS I), %q(214), %q(2), %q(5)]).includes ["AUT"]
make([%q(ECONOMIC DEVELOPMENT II), %q(215), %q(2), %q(5)]).includes ["WIN"]
make([%q(DEVELOPMENT ECONOMICS III), %q(216), %q(2), %q(5)]).includes ["NOT GIVEN THIS YEAR"]
make([%q(TOPICS IN INTERNATIONAL MACROECONOMICS: THEORY AND EVIDENCE FOR LATIN AMERICA:), %q(217), %q(2), %q(5)]).includes ["NOT GIVEN THIS YEAR"]
make([%q(POLITICAL ECONOMY I), %q(220), %q(2), %q(5)]).includes ["WIN"]
make([%q(ECONOMICS OF TECHNOLOGY AND INNOVATION), %q(225), %q(2), %q(5)]).includes ["SPR"]
make([%q(U.S. ECONOMIC HISTORY), %q(226), %q(2), %q(5)]).includes ["NOT GIVEN THIS YEAR"]
make([%q(EUROPEAN ECONOMIC HISTORY), %q(227), %q(2), %q(5)]).includes ["AUT"]
make([%q(INSTITUTIONS AND ORGANIZATIONS IN HISTORICAL PERSPECTIVE), %q(228), %q(2), %q(5)]).includes ["WIN"]
make([%q(ADVANCED MACROECONOMICS I), %q(233), %q(2), %q(5)]).includes ["AUT"]
make([%q(ADVANCED MACROECONOMICS III), %q(235), %q(2), %q(5)]).includes ["WIN"]
make([%q(FINANCIAL ECONOMICS I), %q(236), %q(2), %q(5)]).includes ["WIN"]
make([%q(FINANCIAL ECONOMICS II), %q(237), %q(2), %q(5)]).includes ["SPR"]
make([%q(DIRECTED READING), %q(239D), %q(1), %q(10)]).includes ["AUT", "WIN", "SPR", "SUM"]
make([%q(PUBLIC FINANCE AND TAXATION I), %q(241), %q(2), %q(5)]).includes ["WIN"]
make([%q(PUBLIC FINANCE AND TAXATION II), %q(242), %q(2), %q(5)]).includes ["SPR"]
make([%q(LABOR ECONOMICS I), %q(246), %q(2), %q(5)]).includes ["AUT"]
make([%q(LABOR ECONOMICS II), %q(247), %q(2), %q(5)]).includes ["WIN"]
make([%q(LABOR ECONOMICS III), %q(248), %q(2), %q(5)]).includes ["SPR"]
make([%q(TOPICS IN HEALTH ECONOMICS), %q(249), %q(2), %q(5)]).includes ["WIN"]
make([%q(ENVIRONMENTAL ECONOMICS), %q(250), %q(2), %q(5)]).includes ["SPR"]
make([%q(NATURAL RESOURCE AND ENERGY ECONOMICS), %q(251), %q(2), %q(5)]).includes ["WIN"]
make([%q(THE FUTURE OF FINANCE (ECON 152, PUBLPOL 364, STATS 238)), %q(252), %q(2), %q(2)]).includes ["SPR"]
make([%q(ENERGY MARKETS: THEORY AND EVIDENCE FROM LATIN AMERICA), %q(253), %q(2), %q(5)]).includes ["WIN"]
make([%q(INDUSTRIAL ORGANIZATION 1), %q(257), %q(2), %q(5)]).includes ["AUT"]
make([%q(INDUSTRIAL ORGANIZATION IIA), %q(258), %q(2), %q(5)]).includes ["WIN"]
make([%q(INDUSTRIAL ORGANIZATION II B), %q(259), %q(2), %q(5)]).includes ["NOT GIVEN THIS YEAR"]
make([%q(INDUSTRIAL ORGANIZATION III), %q(260), %q(2), %q(5)]).includes ["SPR"]
make([%q(INTERNATIONAL ECONOMICS I), %q(265), %q(2), %q(5)]).includes ["NOT GIVEN THIS YEAR"]
make([%q(INTERNATIONAL ECONOMICS II), %q(266), %q(2), %q(5)]).includes ["WIN"]
make([%q(TOPICS IN INTERNATIONAL TRADE), %q(267), %q(2), %q(5)]).includes ["SPR"]
make([%q(INTERMEDIATE ECONOMETRICS I), %q(270), %q(2), %q(5)]).includes ["AUT"]
make([%q(INTERMEDIATE ECONOMETRICS II), %q(271), %q(2), %q(5)]).includes ["WIN"]
make([%q(INTERMEDIATE ECONOMETRICS III), %q(272), %q(2), %q(5)]).includes ["SPR"]
make([%q(ADVANCED ECONOMETRICS I), %q(273), %q(2), %q(5)]).includes ["AUT"]
make([%q(ADVANCED ECONOMETRICS II), %q(274), %q(2), %q(5)]).includes ["WIN"]
make([%q(TIME SERIES ECONOMETRICS), %q(275), %q(2), %q(5)]).includes ["NOT GIVEN THIS YEAR"]
make([%q(LIMITED DEPENDENT VARIABLES), %q(276), %q(2), %q(5)]).includes ["NOT GIVEN THIS YEAR"]
make([%q(BEHAVIORAL AND EXPERIMENTAL ECONOMICS III), %q(277), %q(2), %q(5)]).includes ["SPR"]
make([%q(BEHAVIORAL AND EXPERIMENTAL ECONOMICS I), %q(278), %q(2), %q(5)]).includes ["AUT"]
make([%q(BEHAVIORAL AND EXPERIMENTAL ECONOMICS II), %q(279), %q(2), %q(5)]).includes ["WIN"]
make([%q(CONTRACTS, INFORMATION, AND INCENTIVES), %q(282), %q(2), %q(5)]).includes ["WIN"]
make([%q(THEORY AND PRACTICE OF AUCTION MARKET DESIGN), %q(283), %q(2), %q(5)]).includes ["WIN"]
make([%q(MATCHING AND MARKET DESIGN), %q(285), %q(2), %q(5)]).includes ["AUT"]
make([%q(GAME THEORY AND ECONOMIC APPLICATIONS), %q(286), %q(2), %q(5)]).includes ["SPR"]
make([%q(COMPUTATIONAL ECONOMICS), %q(288), %q(2), %q(5)]).includes ["WIN"]
make([%q(ADVANCED TOPICS IN GAME THEORY AND INFORMATION ECONOMICS), %q(289), %q(2), %q(5)]).includes ["SPR"]
make([%q(MULTIPERSON DECISION THEORY), %q(290), %q(4), %q(4)]).includes ["SPR"]
make([%q(SOCIAL AND ECONOMIC NETWORKS), %q(291), %q(2), %q(5)]).includes ["WIN"]
make([%q(PRACTICAL TRAINING), %q(299), %q(1), %q(10)]).includes ["AUT", "WIN", "SPR", "SUM"]
make([%q(THIRD-YEAR SEMINAR), %q(300), %q(1), %q(10)]).includes ["AUT", "SPR"]
make([%q(MACROECONOMIC WORKSHOP), %q(310), %q(1), %q(10)]).includes ["AUT", "WIN", "SPR"]
make([%q(DEVELOPMENT WORKSHOP), %q(315), %q(1), %q(10)]).includes ["AUT", "WIN", "SPR"]
make([%q(ECONOMIC HISTORY WORKSHOP), %q(325), %q(1), %q(10)]).includes ["AUT", "WIN", "SPR"]
make([%q(EXPERIMENTAL/BEHAVIORAL SEMINAR), %q(335), %q(1), %q(10)]).includes ["AUT", "WIN", "SPR"]
make([%q(PUBLIC ECONOMICS AND ENVIRONMENTAL ECONOMICS SEMINAR), %q(341), %q(1), %q(10)]).includes ["AUT", "WIN", "SPR"]
make([%q(APPLICATIONS WORKSHOP), %q(345), %q(1), %q(10)]).includes ["AUT", "WIN", "SPR"]
make([%q(WORKSHOP IN LAW AND ECONOMICS), %q(354), %q(2), %q(6)]).includes ["WIN"]
make([%q(INDUSTRIAL ORGANIZATION WORKSHOP), %q(355), %q(1), %q(10)]).includes ["AUT", "WIN", "SPR"]
make([%q(INTERNATIONAL TRADE WORKSHOP), %q(365), %q(1), %q(10)]).includes ["AUT", "WIN", "SPR"]
make([%q(ECONOMETRICS WORKSHOP), %q(370), %q(1), %q(10)]).includes ["AUT", "WIN", "SPR"]
make([%q(MICROECONOMIC THEORY SEMINAR), %q(391), %q(1), %q(10)]).includes ["AUT", "WIN", "SPR"]
make([%q(PH.D. DISSERTATION), %q(400), %q(1), %q(15)]).includes ["AUT", "WIN", "SPR", "SUM"]
make([%q(TGR PROJECT), %q(801), %q(0), %q(0)]).includes ["AUT", "WIN", "SPR", "SUM"]
make([%q(TGR DISSERTATION), %q(802), %q(0), %q(0)]).includes ["AUT", "WIN", "SPR", "SUM"]
