make([%q(Mergers and Acquisitions), %q(332), %q(3), %q(3)]).includes []
make([%q(Entrepreneurship in Civil & Environmental Engineering), %q(246), %q(3), %q(4)]).includes ["SPR"]
make([%q(The Practice of Environmental Consulting), %q(275K), %q(2), %q(2)]).includes ["WIN"]
make([%q(Game Theory Modeling in Engineering), %q(345), %q(2), %q(3)]).includes ["NOT GIVEN THIS YEAR"]
make([%q(Linear and Conic Optimization with Applications (MS&E 314)), %q(336), %q(3), %q(3)]).includes ["WIN", "ALTERNATE YEARS", "NOT GIVEN NEXT YEAR"]
make([%q(Large-Scale Numerical Optimization (MS&E 318)), %q(338), %q(3), %q(3)]).includes ["SPR"]
make([%q(Master's Seminar), %q(290), %q(2), %q(2)]).includes ["WIN"]
make([%q(The Cardinal Fund), %q(183), %q(1), %q(2)]).includes ["AUT", "WIN", "SPR"]
make([%q(The Entrepreneurial Engineer), %q(203), %q(1), %q(1)]).includes ["WIN"]
make([%q(Curricular Practical Training for Electrical Engineers), %q(290A), %q(1), %q(1)]).includes ["AUT", "WIN", "SPR", "SUM"]
make([%q(Curricular Practical Training for Electrical Engineers), %q(290B), %q(1), %q(1)]).includes ["AUT", "WIN", "SPR", "SUM"]
make([%q(Curricular Practical Training for Electrical Engineers), %q(290C), %q(1), %q(1)]).includes ["AUT", "WIN", "SPR", "SUM"]
make([%q(Curricular Practical Training for Electrical Engineers), %q(290D), %q(1), %q(1)]).includes ["AUT", "WIN", "SPR", "SUM"]
make([%q(Leadership of Technology Ventures), %q(140A), %q(3), %q(4)]).includes ["SPR"]
make([%q(Fundamentals of Mass Spectrometry), %q(287), %q(3), %q(3)]).includes ["WIN"]
make([%q(TGR Project for MS Students), %q(801), %q(0), %q(0)]).includes ["AUT", "WIN", "SPR", "SUM"]
make([%q(Neurons and Disease), %q(126), %q(4), %q(4)]).includes ["SPR"]
make([%q(Discrete Probability Concepts And Models), %q(20), %q(4), %q(4)]).includes ["SUM"]
make([%q(The Flaw of Averages), %q(22Q), %q(3), %q(3)]).includes ["AUT"]
make([%q(Financial Literacy), %q(41), %q(1), %q(1)]).includes ["WIN", "SPR"]
make([%q(Introduction to Decision Making), %q(52), %q(3), %q(3)]).includes ["SUM"]
make([%q(International Environmental Policy), %q(92Q), %q(3), %q(3)]).includes ["WIN"]
make([%q(Nuclear Weapons, Energy, Proliferation, and Terrorism), %q(93Q), %q(3), %q(3)]).includes ["SPR"]
make([%q(Undergraduate Directed Study), %q(101), %q(1), %q(15)]).includes ["AUT", "WIN", "SPR", "SUM"]
make([%q(Interactive Management Science (MS&E 207)), %q(107), %q(3), %q(3)]).includes ["AUT", "SUM"]
make([%q(Senior Project), %q(108), %q(5), %q(5)]).includes ["WIN"]
make([%q(Introduction to Optimization (ENGR 62)), %q(111), %q(4), %q(4)]).includes ["WIN", "SPR"]
make([%q(Probabilistic Analysis), %q(120), %q(5), %q(5)]).includes ["AUT"]
make([%q(Introduction to Stochastic Modeling), %q(121), %q(4), %q(4)]).includes ["WIN"]
make([%q(Introduction to Applied Statistics), %q(125), %q(4), %q(4)]).includes ["SPR"]
make([%q(Information Networks and Services), %q(130), %q(3), %q(3)]).includes ["WIN"]
make([%q(Accounting for Managers and Entrepreneurs (MS&E 240)), %q(140), %q(3), %q(4)]).includes ["AUT", "WIN"]
make([%q(Financial Accounting Concepts and Analysis), %q(140X), %q(2), %q(2)]).includes ["SPR"]
make([%q(Introductory Financial Analysis), %q(145), %q(3), %q(3)]).includes ["AUT"]
make([%q(Corporate Financial Management), %q(146), %q(4), %q(4)]).includes ["WIN"]
make([%q(Introduction to Decision Analysis (MS&E 152W)), %q(152), %q(3), %q(4)]).includes ["SPR"]
make([%q(Introduction to Decision Analysis (MS&E 152)), %q(152W), %q(3), %q(4)]).includes ["SPR"]
make([%q(Social Entrepreneurship Collaboratory (URBANST 133)), %q(174), %q(4), %q(4)]).includes ["AUT", "WIN"]
make([%q(Innovation, Creativity, and Change), %q(175), %q(3), %q(4)]).includes ["WIN"]
make([%q(Engineering Innovation), %q(177), %q(4), %q(4)]).includes ["AUT"]
make([%q(The Spirit of Entrepreneurship), %q(178), %q(3), %q(3)]).includes ["AUT", "WIN", "SPR"]
make([%q(Organizations: Theory and Management), %q(180), %q(4), %q(4)]).includes ["AUT", "SPR"]
make([%q(Issues in Technology and Work for a Postindustrial Economy), %q(181), %q(3), %q(3)]).includes ["SPR"]
make([%q(Global Work), %q(185), %q(4), %q(4)]).includes ["WIN", "SPR"]
make([%q(Social Networks - Theory, Methods, and Applications), %q(189), %q(3), %q(3)]).includes ["AUT"]
make([%q(Methods and Models for Policy and Strategy Analysis), %q(190), %q(3), %q(3)]).includes ["SPR"]
make([%q(Technology and National Security (MS&E 293)), %q(193), %q(3), %q(3)]).includes ["AUT"]
make([%q(Ethics, Technology, and Public Policy), %q(197), %q(5), %q(5)]).includes ["WIN"]
make([%q(Dynamic Systems), %q(201), %q(3), %q(4)]).includes ["SPR"]
make([%q(Interactive Management Science (MS&E 107)), %q(207), %q(3), %q(3)]).includes ["AUT", "SUM"]
make([%q(Practical Training), %q(208A), %q(1), %q(1)]).includes ["AUT", "WIN", "SPR", "SUM"]
make([%q(Practical Training), %q(208B), %q(1), %q(1)]).includes ["AUT", "WIN", "SPR", "SUM"]
make([%q(Practical Training), %q(208C), %q(1), %q(1)]).includes ["AUT", "WIN", "SPR", "SUM"]
make([%q(Linear and Nonlinear Optimization), %q(211), %q(3), %q(4)]).includes ["AUT"]
make([%q(Probabilistic Analysis), %q(220), %q(3), %q(4)]).includes ["AUT"]
make([%q(Stochastic Modeling), %q(221), %q(3), %q(3)]).includes ["WIN"]
make([%q(Simulation), %q(223), %q(3), %q(3)]).includes ["SPR"]
make([%q(\Small\ Data), %q(226), %q(3), %q(3)]).includes ["SPR"]
make([%q(Networked Markets), %q(233), %q(3), %q(3)]).includes ["NOT GIVEN THIS YEAR"]
make([%q(Leading Trends in Information Technology), %q(238), %q(3), %q(3)]).includes ["SUM"]
make([%q(Leading Trends in Information Technology), %q(238A), %q(1), %q(1)]).includes ["SUM"]
make([%q(Accounting for Managers and Entrepreneurs (MS&E 140)), %q(240), %q(3), %q(4)]).includes ["AUT", "WIN"]
make([%q(Economic Analysis), %q(241), %q(3), %q(4)]).includes ["WIN"]
make([%q(Energy and Environmental Policy Analysis), %q(243), %q(3), %q(3)]).includes ["SPR"]
make([%q(Economic Growth and Development), %q(244), %q(3), %q(3)]).includes ["SUM"]
make([%q(Investment Science), %q(245A), %q(3), %q(3)]).includes ["AUT", "SUM"]
make([%q(Advanced Investment Science), %q(245B), %q(3), %q(3)]).includes ["WIN"]
make([%q(Finance for Non-MBAs (ECON 135)), %q(245G), %q(3), %q(3)]).includes ["WIN"]
make([%q(Financial Risk Management), %q(246), %q(3), %q(3)]).includes ["WIN"]
make([%q(Engineering Risk Analysis), %q(250A), %q(3), %q(3)]).includes ["WIN"]
make([%q(Project Course in Engineering Risk Analysis), %q(250B), %q(3), %q(3)]).includes ["SPR"]
make([%q(Stochastic Control (EE 266)), %q(251), %q(3), %q(3)]).includes ["SPR"]
make([%q(Decision Analysis I: Foundations of Decision Analysis), %q(252), %q(3), %q(4)]).includes ["AUT"]
make([%q(The Ethical Analyst), %q(254), %q(1), %q(3)]).includes ["SPR"]
make([%q(Technology Assessment and Regulation of Medical Devices), %q(256), %q(3), %q(3)]).includes ["SPR"]
make([%q(Technology Assessment and Regulation of Medical Devices), %q(256A), %q(1), %q(1)]).includes ["SPR"]
make([%q(Introduction to Operations Management), %q(260), %q(3), %q(3)]).includes ["AUT", "SUM"]
make([%q(Inventory Control and Production Systems), %q(261), %q(3), %q(3)]).includes ["WIN"]
make([%q(Supply Chain Management), %q(262), %q(3), %q(3)]).includes ["SPR"]
make([%q(Healthcare Operations Management), %q(263), %q(3), %q(3)]).includes ["AUT"]
make([%q(Sustainable Product Development and Manufacturing), %q(264), %q(3), %q(4)]).includes ["AUT"]
make([%q(Operations Strategy), %q(268), %q(3), %q(3)]).includes ["SPR"]
make([%q(Strategy in Technology-Based Companies), %q(270), %q(3), %q(4)]).includes ["AUT"]
make([%q(Global Entrepreneurial Marketing), %q(271), %q(3), %q(4)]).includes ["WIN", "SPR"]
make([%q(Startup Boards), %q(272), %q(3), %q(3)]).includes ["NOT GIVEN THIS YEAR"]
make([%q(Technology Venture Formation), %q(273), %q(3), %q(4)]).includes ["AUT"]
make([%q(Dynamic Entrepreneurial Strategy), %q(274), %q(3), %q(3)]).includes ["WIN"]
make([%q(Entrepreneurial Management and Finance), %q(276), %q(3), %q(3)]).includes ["SPR"]
make([%q(Creativity and Innovation), %q(277), %q(3), %q(4)]).includes ["WIN", "SPR"]
make([%q(Patent Law and Strategy for Innovators and Entrepreneurs (ME 208)), %q(278), %q(2), %q(3)]).includes ["AUT"]
make([%q(Entrepreneurial Leadership), %q(279A), %q(1), %q(1)]).includes ["WIN"]
make([%q(Entrepreneurial Leadership), %q(279B), %q(1), %q(1)]).includes ["SPR"]
make([%q(Organizational Behavior: Evidence in Action), %q(280), %q(3), %q(4)]).includes ["AUT", "WIN", "SPR"]
make([%q(Transformational Leadership), %q(282), %q(3), %q(3)]).includes ["SPR"]
make([%q(Scaling up Excellence in Organizations), %q(283), %q(4), %q(4)]).includes ["NOT GIVEN THIS YEAR"]
make([%q(Work Design in Modern Organizations), %q(284), %q(3), %q(3)]).includes ["WIN"]
make([%q(Health Policy Modeling), %q(292), %q(3), %q(3)]).includes ["NOT GIVEN THIS YEAR"]
make([%q(Technology and National Security (MS&E 193)), %q(293), %q(3), %q(3)]).includes ["AUT"]
make([%q(Climate Policy Analysis), %q(294), %q(3), %q(3)]).includes ["ALTERNATE YEARS", "GIVEN NEXT YEAR"]
make([%q(Energy Policy Analysis), %q(295), %q(3), %q(3)]).includes ["WIN"]
make([%q(Voluntary Social Systems), %q(299), %q(1), %q(3)]).includes ["WIN"]
make([%q(Ph.D. Qualifying Tutorial or Paper), %q(300), %q(1), %q(3)]).includes ["AUT", "WIN", "SPR", "SUM"]
make([%q(Dissertation Research), %q(301), %q(1), %q(15)]).includes ["AUT", "WIN", "SPR", "SUM"]
make([%q(Linear Programming), %q(310), %q(3), %q(3)]).includes ["WIN"]
make([%q(Optimization), %q(311), %q(3), %q(3)]).includes ["ALTERNATE YEARS", "GIVEN NEXT YEAR"]
make([%q(Advanced Methods in Numerical Optimization (CME 334)), %q(312), %q(3), %q(3)]).includes ["AUT"]
make([%q(Linear and Conic Optimization with Applications (CME 336)), %q(314), %q(3), %q(3)]).includes ["WIN", "ALTERNATE YEARS", "NOT GIVEN NEXT YEAR"]
make([%q(Numerical Optimization (CME 304)), %q(315), %q(3), %q(3)]).includes ["WIN"]
make([%q(Discrete Mathematics and Algorithms (CME 305)), %q(316), %q(3), %q(3)]).includes ["WIN"]
make([%q(Algorithms for Modern Data Models (CS 263)), %q(317), %q(3), %q(3)]).includes ["SPR"]
make([%q(Large-Scale Numerical Optimization (CME 338)), %q(318), %q(3), %q(3)]).includes ["SPR"]
make([%q(Approximation Algorithms), %q(319), %q(3), %q(3)]).includes ["NOT GIVEN THIS YEAR"]
make([%q(Stochastic Systems), %q(321), %q(3), %q(3)]).includes ["NOT GIVEN THIS YEAR"]
make([%q(Stochastic Calculus and Control), %q(322), %q(3), %q(3)]).includes ["SPR"]
make([%q(Introduction to Computational Social Science), %q(331), %q(3), %q(3)]).includes ["AUT"]
make([%q(Queueing and Scheduling in Processing Networks), %q(335), %q(3), %q(3)]).includes ["SPR"]
make([%q(Platform and Marketplace Design), %q(336), %q(3), %q(3)]).includes ["WIN"]
make([%q(Information Networks), %q(337), %q(3), %q(3)]).includes ["ALTERNATE YEARS", "GIVEN NEXT YEAR"]
make([%q(Advanced Topics in Information Science and Technology), %q(338), %q(3), %q(3)]).includes ["WIN"]
make([%q(Credit Risk: Modeling and Management), %q(347), %q(3), %q(3)]).includes ["WIN"]
make([%q(Optimization of Uncertainty and Applications in Finance), %q(348), %q(3), %q(3)]).includes ["WIN"]
make([%q(Dynamic Programming and Stochastic Control), %q(351), %q(3), %q(3)]).includes ["AUT"]
make([%q(Decision Analysis II: Professional Decision Analysis), %q(352), %q(3), %q(4)]).includes ["WIN"]
make([%q(Decision Analysis III: Frontiers of Decision Analysis), %q(353), %q(3), %q(3)]).includes ["SPR"]
make([%q(Influence Diagrams and Probabilistics Networks), %q(355), %q(3), %q(3)]).includes ["ALTERNATE YEARS", "GIVEN NEXT YEAR"]
make([%q(Advanced Models in Operations Management), %q(365), %q(3), %q(3)]).includes ["NOT GIVEN THIS YEAR"]
make([%q(Innovation and Strategic Change), %q(371), %q(2), %q(3)]).includes ["NOT GIVEN THIS YEAR"]
make([%q(Entrepreneurship Doctoral Research Seminar), %q(372), %q(1), %q(3)]).includes ["WIN", "ALTERNATE YEARS", "NOT GIVEN NEXT YEAR"]
make([%q(Dynamic Corporate Strategy), %q(374), %q(3), %q(3)]).includes ["SPR"]
make([%q(Research on Entrepreneurship), %q(375), %q(3), %q(3)]).includes ["ALTERNATE YEARS", "GIVEN NEXT YEAR"]
make([%q(Strategy Doctoral Research Seminar), %q(376), %q(3), %q(3)]).includes ["AUT", "ALTERNATE YEARS", "NOT GIVEN NEXT YEAR"]
make([%q(Doctoral Research Seminar in Organizations), %q(380), %q(3), %q(3)]).includes ["NOT GIVEN THIS YEAR"]
make([%q(Doctoral Research Seminar in Work, Technology, and Organization), %q(381), %q(2), %q(3)]).includes ["NOT GIVEN THIS YEAR"]
make([%q(Doctoral Seminar on Ethnographic Research), %q(383), %q(3), %q(3)]).includes ["ALTERNATE YEARS", "GIVEN NEXT YEAR"]
make([%q(Groups and Teams), %q(384), %q(3), %q(3)]).includes ["ALTERNATE YEARS", "GIVEN NEXT YEAR"]
make([%q(Themes in Contemporary Meso-level Field Research), %q(388), %q(3), %q(3)]).includes ["AUT"]
make([%q(Seminar on Organizational Theory (EDUC 375A, SOC 363A)), %q(389), %q(5), %q(5)]).includes ["AUT"]
make([%q(Doctoral Research Seminar in Health Systems Modeling), %q(390), %q(1), %q(3)]).includes ["AUT", "SPR"]
make([%q(Doctoral Research Seminar in Energy-Environmental Systems Modeling and Analysis), %q(391), %q(1), %q(3)]).includes ["SPR"]
make([%q(Integrative Modeling), %q(403), %q(3), %q(3)]).includes ["WIN"]
make([%q(Directed Reading and Research), %q(408), %q(1), %q(15)]).includes ["AUT", "WIN", "SPR", "SUM"]
make([%q(Policy and Economics Research Roundtable (PERR)), %q(441), %q(1), %q(1)]).includes ["AUT", "WIN", "SPR"]
make([%q(Projects in Wealth Management), %q(445), %q(3), %q(4)]).includes ["SPR"]
make([%q(Systemic and Market Risk : Notes on Recent History, Practice, and Policy), %q(447), %q(3), %q(3)]).includes ["AUT"]
make([%q(Big Financial Data and Algorithmic Trading), %q(448), %q(3), %q(3)]).includes ["SPR"]
make([%q(Lessons in Decision Making), %q(450), %q(1), %q(1)]).includes ["SPR"]
make([%q(Decision Analysis Projects: Helping Real Leaders Make Real Decisions), %q(452), %q(3), %q(3)]).includes ["SPR"]
make([%q(Decision Analysis Applications:  Business Strategy and Public Policy), %q(453), %q(2), %q(3)]).includes ["WIN"]
make([%q(Decision Analysis Seminar), %q(454), %q(1), %q(1)]).includes ["AUT", "WIN", "SPR"]
make([%q(Global Project Coordination), %q(464), %q(3), %q(4)]).includes ["NOT GIVEN THIS YEAR"]
make([%q(Strategic Operations Consulting), %q(467), %q(3), %q(3)]).includes ["SPR"]
make([%q(Entrepreneurial Thought Leaders' Seminar), %q(472), %q(1), %q(1)]).includes ["AUT", "WIN", "SPR"]
make([%q(Entrepreneurship Through the Lens of Venture Capital: Venture Capital From Past to Present), %q(476), %q(2), %q(2)]).includes ["SPR"]
make([%q(Prototyping and Rapid Experiment Lab), %q(488), %q(4), %q(4)]).includes ["SPR"]
make([%q(d.Leadership: Design Leadership in Context (ME 368)), %q(489), %q(1), %q(3)]).includes ["WIN"]
make([%q(Health Operations and Policy: Thought Leaders Seminar), %q(490), %q(1), %q(1)]).includes ["AUT"]
make([%q(TGR Dissertation), %q(802), %q(0), %q(0)]).includes ["AUT", "WIN", "SPR", "SUM"]
make([%q(Design for Service Innovation), %q(344), %q(4), %q(4)]).includes []
make([%q(Environmental Science for Managers - Accelerated), %q(538), %q(3), %q(3)]).includes []
make([%q(Environmental Science for Managers II), %q(540), %q(1), %q(1)]).includes []
make([%q(Dynamic Pricing and Revenue Management I), %q(602), %q(2), %q(2)]).includes []
make([%q(Dynamic Pricing and Revenue Management II), %q(603), %q(2), %q(2)]).includes []
make([%q(Global Organizations: Managing Diversity (PUBLPOL 268, SOC 168, SOC 268)), %q(168), %q(4), %q(4)]).includes ["WIN"]
make([%q(Global Organizations: Managing Diversity (PUBLPOL 168, SOC 168, SOC 268)), %q(268), %q(4), %q(4)]).includes ["WIN"]
make([%q(Global Organizations: Managing Diversity (PUBLPOL 168, PUBLPOL 268, SOC 268)), %q(168), %q(4), %q(4)]).includes ["WIN"]
make([%q(Global Organizations: Managing Diversity (PUBLPOL 168, PUBLPOL 268, SOC 168)), %q(268), %q(4), %q(4)]).includes ["WIN"]
make([%q(Intellectual Property: Financial and Strategic Management), %q(562), %q(1), %q(1)]).includes []
