make([%q(HOW MUSICAL INSTRUMENTS WORK), %q(10N), %q(3), %q(3)]).includes ["NOT GIVEN THIS YEAR"]
make([%q(MATHEMATICS OF THE INFORMATION AGE), %q(10SC), %q(2), %q(2)]).includes ["NOT GIVEN THIS YEAR"]
make([%q(THINGS ABOUT STUFF), %q(14N), %q(3), %q(3)]).includes ["AUT"]
make([%q(THE ART AND SCIENCE OF ENGINEERING DESIGN), %q(15N), %q(3), %q(3)]).includes ["NOT GIVEN THIS YEAR"]
make([%q(ENGINEERING THE MICRO AND NANO WORLDS: FROM CHIPS TO GENES), %q(17N), %q(3), %q(3)]).includes ["SPR"]
make([%q(WHAT IS NANOTECHNOLOGY?), %q(21N), %q(3), %q(3)]).includes ["WIN"]
make([%q(MEDICAL IMAGING SYSTEMS), %q(22N), %q(3), %q(3)]).includes ["WIN"]
make([%q(IMAGING: FROM THE ATOM TO THE UNIVERSE), %q(23N), %q(3), %q(3)]).includes ["NOT GIVEN THIS YEAR"]
make([%q(ELECTRONICS ROCKS), %q(27N), %q(3), %q(3)]).includes ["WIN"]
make([%q(PHYSICS OF ELECTRICAL ENGINEERING (ENGR 40P)), %q(41), %q(5), %q(5)]).includes ["WIN"]
make([%q(ENGINEERING FOR GOOD: SAVE THE WORLD AND HAVE FUN DOING IT), %q(46), %q(3), %q(3)]).includes ["SPR"]
make([%q(PRESS PLAY: INTERACTIVE DEVICE DESIGN), %q(47), %q(3), %q(3)]).includes ["SUM"]
make([%q(MAN VERSUS NATURE: COPING WITH DISASTERS USING SPACE TECHNOLOGY (GEOPHYS 60N)), %q(60N), %q(4), %q(4)]).includes ["NOT GIVEN THIS YEAR"]
make([%q(MAKING AND BREAKING THINGS), %q(92A), %q(1), %q(1)]).includes ["WIN"]
make([%q(THE ELECTRICAL ENGINEERING PROFESSION), %q(100), %q(1), %q(1)]).includes ["AUT"]
make([%q(CIRCUITS AND SIGNALS APPLICATIONS), %q(100A), %q(1), %q(1)]).includes ["WIN"]
make([%q(CIRCUITS I), %q(101A), %q(4), %q(4)]).includes ["WIN"]
make([%q(CIRCUITS II), %q(101B), %q(4), %q(4)]).includes ["SPR"]
make([%q(SIGNAL PROCESSING AND LINEAR SYSTEMS I), %q(102A), %q(4), %q(4)]).includes ["WIN", "SUM"]
make([%q(SIGNAL PROCESSING AND LINEAR SYSTEMS II), %q(102B), %q(4), %q(4)]).includes ["SPR"]
make([%q(DIGITAL SYSTEMS I), %q(108A), %q(3), %q(4)]).includes ["AUT", "WIN"]
make([%q(DIGITAL SYSTEMS II), %q(108B), %q(3), %q(4)]).includes ["AUT", "WIN"]
make([%q(DIGITAL SYSTEMS DESIGN LAB), %q(109), %q(4), %q(4)]).includes ["SPR"]
make([%q(FUNDAMENTALS OF ANALOG INTEGRATED CIRCUIT DESIGN (EE 214A)), %q(114), %q(3), %q(3)]).includes ["AUT"]
make([%q(SEMICONDUCTOR DEVICE PHYSICS), %q(116), %q(3), %q(3)]).includes ["SPR"]
make([%q(INTRODUCTION TO MECHATRONICS), %q(118), %q(4), %q(4)]).includes ["NOT GIVEN THIS YEAR"]
make([%q(ANALOG CIRCUITS LABORATORY), %q(122A), %q(3), %q(3)]).includes ["AUT"]
make([%q(INTRODUCTION TO BIOMEDICAL ELECTRONICS), %q(122B), %q(3), %q(3)]).includes ["SPR"]
make([%q(INTRODUCTION TO NEUROELECTRICAL ENGINEERING), %q(124), %q(3), %q(3)]).includes ["NOT GIVEN THIS YEAR"]
make([%q(ANALOG COMMUNICATIONS DESIGN LABORATORY (EE 233)), %q(133), %q(3), %q(4)]).includes ["WIN"]
make([%q(INTRODUCTION TO PHOTONICS), %q(134), %q(4), %q(4)]).includes ["SPR"]
make([%q(INTRODUCTION TO NANOPHOTONICS AND NANOSTRUCTURES), %q(136), %q(3), %q(3)]).includes ["SPR"]
make([%q(ENGINEERING ELECTROMAGNETICS), %q(141), %q(3), %q(3)]).includes ["WIN"]
make([%q(SUSTAINABLE ENERGY SYSTEMS), %q(151), %q(3), %q(3)]).includes ["NOT GIVEN THIS YEAR"]
make([%q(GREEN ELECTRONICS), %q(152), %q(4), %q(4)]).includes ["AUT"]
make([%q(INTRODUCTION TO DIGITAL IMAGE PROCESSING), %q(168), %q(3), %q(4)]).includes ["WIN"]
make([%q(INTRODUCTION TO BIOIMAGING), %q(169), %q(3), %q(3)]).includes ["NOT GIVEN THIS YEAR"]
make([%q(PROBABILISTIC SYSTEMS ANALYSIS (EE 278A)), %q(178), %q(3), %q(4)]).includes ["AUT", "SPR"]
make([%q(ANALOG AND DIGITAL COMMUNICATION SYSTEMS), %q(179), %q(3), %q(3)]).includes ["SPR"]
make([%q(SPECIAL STUDIES OR PROJECTS IN ELECTRICAL ENGINEERING), %q(190), %q(1), %q(15)]).includes ["AUT", "WIN", "SPR"]
make([%q(SPECIAL STUDIES AND REPORTS IN ELECTRICAL ENGINEERING), %q(191), %q(1), %q(15)]).includes ["AUT", "WIN", "SPR"]
make([%q(SPECIAL STUDIES AND REPORTS IN ELECTRICAL ENGINEERING), %q(191A), %q(1), %q(1)]).includes ["AUT", "WIN", "SPR"]
make([%q(SPECIAL STUDIES AND REPORTS IN ELECTRICAL ENGINEERING (WIM)), %q(191W), %q(3), %q(10)]).includes ["AUT", "WIN", "SPR", "SUM"]
make([%q(ELECTRICAL ENGINEERING IN BIOLOGY AND MEDICINE), %q(202), %q(3), %q(3)]).includes ["NOT GIVEN THIS YEAR"]
make([%q(THE ENTREPRENEURIAL ENGINEER), %q(203), %q(1), %q(1)]).includes ["WIN"]
make([%q(BUSINESS MANAGEMENT FOR ELECTRICAL ENGINEERS AND COMPUTER SCIENTISTS), %q(204), %q(3), %q(3)]).includes ["SPR"]
make([%q(BUSINESS MANAGEMENT FOR ELECTRICAL ENGINEERS AND COMPUTER SCIENTISTS), %q(204S), %q(3), %q(3)]).includes ["SPR"]
make([%q(INTEGRATED CIRCUIT FABRICATION PROCESSES), %q(212), %q(3), %q(3)]).includes ["AUT"]
make([%q(FUNDAMENTALS OF ANALOG INTEGRATED CIRCUIT DESIGN (EE 114)), %q(214A), %q(3), %q(3)]).includes ["AUT"]
make([%q(ADVANCED ANALOG INTEGRATED CIRCUIT DESIGN), %q(214B), %q(3), %q(3)]).includes ["WIN"]
make([%q(PRINCIPLES AND MODELS OF SEMICONDUCTOR DEVICES), %q(216), %q(3), %q(3)]).includes ["AUT", "WIN", "SUM"]
make([%q(APPLIED QUANTUM MECHANICS I), %q(222), %q(3), %q(3)]).includes ["AUT"]
make([%q(APPLIED QUANTUM MECHANICS II), %q(223), %q(3), %q(3)]).includes ["WIN"]
make([%q(BIO-CHIPS, IMAGING AND NANOMEDICINE (MATSCI 382, SBIO 225)), %q(225), %q(3), %q(3)]).includes ["WIN"]
make([%q(BASIC PHYSICS FOR SOLID STATE ELECTRONICS), %q(228), %q(3), %q(3)]).includes ["NOT GIVEN THIS YEAR"]
make([%q(ANALOG COMMUNICATIONS DESIGN LABORATORY (EE 133)), %q(233), %q(3), %q(4)]).includes ["WIN"]
make([%q(PHOTONICS LABORATORY), %q(234), %q(3), %q(3)]).includes ["AUT"]
make([%q(MODERN OPTICS), %q(236A), %q(3), %q(3)]).includes ["AUT"]
make([%q(MODERN OPTICS - LABORATORY), %q(236AL), %q(1), %q(1)]).includes ["AUT"]
make([%q(GUIDED WAVES), %q(236B), %q(3), %q(3)]).includes ["WIN"]
make([%q(LASERS), %q(236C), %q(3), %q(3)]).includes ["SPR"]
make([%q(SOLAR ENERGY CONVERSION), %q(237), %q(3), %q(3)]).includes ["SPR"]
make([%q(ELECTROMAGNETIC WAVES), %q(242), %q(3), %q(3)]).includes ["SPR"]
make([%q(SEMICONDUCTOR OPTOELECTRONIC DEVICES), %q(243), %q(3), %q(3)]).includes ["WIN"]
make([%q(INTRODUCTION TO OPTICAL FIBER COMMUNICATIONS), %q(247), %q(3), %q(3)]).includes ["AUT"]
make([%q(FUNDAMENTALS OF NOISE PROCESSES), %q(248), %q(3), %q(3)]).includes ["AUT"]
make([%q(HIGH-FREQUENCY CIRCUIT DESIGN LABORATORY), %q(251), %q(3), %q(3)]).includes ["AUT"]
make([%q(ANTENNA THEORY), %q(252), %q(3), %q(3)]).includes ["AUT"]
make([%q(ELECTRICAL SYSTEMS PRACTICUM (CEE 252E)), %q(252E), %q(1), %q(1)]).includes ["WIN"]
make([%q(NUMERICAL ELECTROMAGNETICS), %q(256), %q(3), %q(3)]).includes ["SPR"]
make([%q(APPLIED OPTIMIZATION LABORATORY (GEOPHYS 258) (GEOPHYS 258)), %q(257), %q(3), %q(4)]).includes ["NOT GIVEN THIS YEAR"]
make([%q(THE FOURIER TRANSFORM AND ITS APPLICATIONS), %q(261), %q(3), %q(3)]).includes ["AUT", "WIN", "SUM"]
make([%q(TWO-DIMENSIONAL IMAGING), %q(262), %q(3), %q(3)]).includes ["NOT GIVEN THIS YEAR"]
make([%q(INTRODUCTION TO LINEAR DYNAMICAL SYSTEMS (CME 263)), %q(263), %q(3), %q(3)]).includes ["AUT", "SUM"]
make([%q(DIGITAL SIGNAL PROCESSING), %q(264), %q(3), %q(3)]).includes ["AUT", "SPR", "SUM"]
make([%q(DIGITAL SIGNAL PROCESSING LABORATORY), %q(265), %q(3), %q(4)]).includes ["NOT GIVEN THIS YEAR"]
make([%q(INTRODUCTION TO VLSI SYSTEMS), %q(271), %q(3), %q(3)]).includes ["AUT"]
make([%q(DESIGN PROJECTS IN VLSI SYSTEMS), %q(272), %q(3), %q(4)]).includes ["NOT GIVEN THIS YEAR"]
make([%q(DIGITAL SYSTEMS ENGINEERING), %q(273), %q(3), %q(3)]).includes ["NOT GIVEN THIS YEAR"]
make([%q(PROBABILISTIC SYSTEMS ANALYSIS (EE 178)), %q(278A), %q(3), %q(4)]).includes ["AUT", "SPR"]
make([%q(INTRODUCTION TO STATISTICAL SIGNAL PROCESSING), %q(278B), %q(3), %q(3)]).includes ["AUT", "WIN", "SUM"]
make([%q(INTRODUCTION TO DIGITAL COMMUNICATION), %q(279), %q(3), %q(3)]).includes ["WIN"]
make([%q(COMPUTER SYSTEMS ARCHITECTURE), %q(282), %q(3), %q(3)]).includes ["SPR"]
make([%q(INTRODUCTION TO COMPUTER NETWORKS), %q(284), %q(3), %q(3)]).includes ["NOT GIVEN THIS YEAR"]
make([%q(CURRICULAR PRACTICAL TRAINING FOR ELECTRICAL ENGINEERS), %q(290A), %q(1), %q(1)]).includes ["AUT", "WIN", "SPR", "SUM"]
make([%q(CURRICULAR PRACTICAL TRAINING FOR ELECTRICAL ENGINEERS), %q(290B), %q(1), %q(1)]).includes ["AUT", "WIN", "SPR", "SUM"]
make([%q(CURRICULAR PRACTICAL TRAINING FOR ELECTRICAL ENGINEERS), %q(290C), %q(1), %q(1)]).includes ["AUT", "WIN", "SPR", "SUM"]
make([%q(CURRICULAR PRACTICAL TRAINING FOR ELECTRICAL ENGINEERS), %q(290D), %q(1), %q(1)]).includes ["AUT", "WIN", "SPR", "SUM"]
make([%q(MICRO AND NANOSCALE BIOSENSING FOR MOLECULAR DIAGNOSTICS), %q(292B), %q(3), %q(3)]).includes ["SPR"]
make([%q(CHEMICAL VAPOR DEPOSITION AND EPITAXY FOR INTEGRATED CIRCUITS AND NANOSTRUCTURES), %q(292C), %q(1), %q(1)]).includes ["AUT"]
make([%q(ENGINEERING AND CLIMATE CHANGE), %q(292H), %q(1), %q(1)]).includes ["AUT"]
make([%q(INSANELY GREAT PRODUCTS: HOW DO THEY GET BUILT?), %q(292I), %q(1), %q(1)]).includes ["SPR"]
make([%q(POWER ELECTRONICS), %q(292J), %q(3), %q(3)]).includes ["SPR"]
make([%q(INTELLIGENT ENERGY PROJECTS), %q(292K), %q(3), %q(3)]).includes ["NOT GIVEN THIS YEAR"]
make([%q(NANOMANUFACTURING), %q(292L), %q(3), %q(3)]).includes ["AUT"]
make([%q(PARALLEL PROCESSORS BEYOND MULTI-CORE PROCESSING), %q(292M), %q(2), %q(2)]).includes ["NOT GIVEN THIS YEAR"]
make([%q(POWER MANAGEMENT INTEGRATED CIRCUITS), %q(292P), %q(3), %q(3)]).includes ["AUT"]
make([%q(SMARTGRIDS AND ADVANCED POWER SYSTEMS SEMINAR (CEE 272T)), %q(292T), %q(1), %q(2)]).includes ["WIN", "SPR"]
make([%q(SOLAR CELLS, FUEL CELLS, AND BATTERIES: MATERIALS FOR THE ENERGY SOLUTION (ENERGY 293A, MATSCI 156, MATSCI 256)), %q(293A), %q(3), %q(4)]).includes ["AUT"]
make([%q(FUNDAMENTALS OF ENERGY PROCESSES (ENERGY 293B)), %q(293B), %q(3), %q(3)]).includes ["WIN"]
make([%q(MASTER'S THESIS AND THESIS RESEARCH), %q(300), %q(1), %q(15)]).includes ["AUT", "WIN", "SPR", "SUM"]
make([%q(AUTONOMOUS IMPLANTABLE SYSTEMS), %q(303), %q(3), %q(3)]).includes ["WIN"]
make([%q(NEUROMORPHICS: BRAINS IN SILICON (BIOE 313)), %q(304), %q(3), %q(3)]).includes ["SPR"]
make([%q(ADVANCED CIRCUIT TECHNIQUES), %q(308), %q(3), %q(3)]).includes ["SPR"]
make([%q(SEMICONDUCTOR MEMORY DEVICES AND TECHNOLOGY), %q(309), %q(3), %q(3)]).includes ["AUT"]
make([%q(INTEGRATED CIRCUITS TECHNOLOGY AND DESIGN SEMINAR), %q(310), %q(1), %q(1)]).includes ["NOT GIVEN THIS YEAR"]
make([%q(ADVANCED INTEGRATED CIRCUITS TECHNOLOGY), %q(311), %q(3), %q(3)]).includes ["SPR"]
make([%q(DIGITAL MOS INTEGRATED CIRCUITS), %q(313), %q(3), %q(3)]).includes ["WIN"]
make([%q(RF INTEGRATED CIRCUIT DESIGN), %q(314A), %q(3), %q(3)]).includes ["SPR"]
make([%q(ADVANCED RF INTEGRATED CIRCUIT DESIGN), %q(314B), %q(3), %q(3)]).includes ["AUT"]
make([%q(VLSI SIGNAL CONDITIONING CIRCUITS), %q(315A), %q(3), %q(3)]).includes ["ALTERNATE YEARS", "GIVEN NEXT YEAR"]
make([%q(VLSI DATA CONVERSION CIRCUITS), %q(315B), %q(3), %q(3)]).includes ["AUT", "ALTERNATE YEARS", "NOT GIVEN NEXT YEAR"]
make([%q(ADVANCED VLSI DEVICES), %q(316), %q(3), %q(3)]).includes ["WIN"]
make([%q(ADVANCED NANOELECTRONIC DEVICES AND TECHNOLOGY), %q(319), %q(3), %q(3)]).includes ["ALTERNATE YEARS", "GIVEN NEXT YEAR"]
make([%q(NANOELECTRONICS), %q(320), %q(3), %q(3)]).includes ["NOT GIVEN THIS YEAR"]
make([%q(PROPERTIES OF SEMICONDUCTOR MATERIALS), %q(327), %q(3), %q(3)]).includes ["NOT GIVEN THIS YEAR"]
make([%q(PHYSICS OF ADVANCED SEMICONDUCTOR DEVICES), %q(328), %q(3), %q(3)]).includes ["SPR"]
make([%q(THE ELECTRONIC STRUCTURE OF SURFACES AND INTERFACES (PHOTON 329)), %q(329), %q(3), %q(3)]).includes ["AUT"]
make([%q(BIOPHOTONICS: LIGHT IN MEDICINE AND BIOLOGY), %q(331), %q(3), %q(3)]).includes ["WIN"]
make([%q(LASER DYNAMICS), %q(332), %q(3), %q(3)]).includes ["WIN"]
make([%q(MICRO AND NANO OPTICAL DEVICE DESIGN), %q(334), %q(3), %q(3)]).includes ["NOT GIVEN THIS YEAR"]
make([%q(NANOPHOTONICS (MATSCI 346)), %q(336), %q(3), %q(3)]).includes ["AUT"]
make([%q(OPTICAL MICRO- AND NANO-CAVITIES), %q(340), %q(3), %q(3)]).includes ["NOT GIVEN THIS YEAR"]
make([%q(OPTICAL FIBER COMMUNICATION LABORATORY), %q(345), %q(3), %q(3)]).includes ["ALTERNATE YEARS", "GIVEN NEXT YEAR"]
make([%q(INTRODUCTION TO NONLINEAR OPTICS), %q(346), %q(3), %q(3)]).includes ["ALTERNATE YEARS", "NOT GIVEN NEXT YEAR"]
make([%q(ADVANCED OPTICAL FIBER COMMUNICATIONS), %q(348), %q(3), %q(3)]).includes ["WIN"]
make([%q(IMAGING RADAR AND APPLICATIONS (GEOPHYS 265)), %q(355), %q(3), %q(3)]).includes ["WIN"]
make([%q(WIRELESS COMMUNICATIONS), %q(359), %q(3), %q(4)]).includes ["AUT"]
make([%q(MULTIUSER WIRELESS SYSTEMS AND NETWORKS), %q(360), %q(3), %q(3)]).includes ["WIN"]
make([%q(PRINCIPLES OF COOPERATION IN WIRELESS NETWORKS), %q(361), %q(3), %q(3)]).includes ["NOT GIVEN THIS YEAR"]
make([%q(CONVEX OPTIMIZATION I (CME 364A, CS 334A)), %q(364A), %q(3), %q(3)]).includes ["WIN", "SUM"]
make([%q(CONVEX OPTIMIZATION II (CME 364B)), %q(364B), %q(3), %q(3)]).includes ["SPR"]
make([%q(STOCHASTIC CONTROL), %q(365), %q(3), %q(3)]).includes ["SPR"]
make([%q(DIGITAL IMAGE PROCESSING (CS 232)), %q(368), %q(3), %q(3)]).includes ["AUT", "WIN", "SPR"]
make([%q(MEDICAL IMAGING SYSTEMS I), %q(369A), %q(3), %q(3)]).includes ["NOT GIVEN THIS YEAR"]
make([%q(MEDICAL IMAGING SYSTEMS II), %q(369B), %q(3), %q(3)]).includes ["SPR"]
make([%q(MEDICAL IMAGE RECONSTRUCTION), %q(369C), %q(3), %q(3)]).includes ["AUT"]
make([%q(ADVANCED VLSI CIRCUIT DESIGN), %q(371), %q(3), %q(3)]).includes ["ALTERNATE YEARS", "GIVEN NEXT YEAR"]
make([%q(ADAPTIVE SIGNAL PROCESSING), %q(373A), %q(3), %q(3)]).includes ["WIN"]
make([%q(ADAPTIVE NEURAL NETWORKS), %q(373B), %q(3), %q(3)]).includes ["NOT GIVEN THIS YEAR"]
make([%q(INFORMATION THEORY (STATS 376A)), %q(376A), %q(3), %q(3)]).includes ["WIN"]
make([%q(NETWORK INFORMATION THEORY), %q(376B), %q(3), %q(3)]).includes ["NOT GIVEN THIS YEAR"]
make([%q(UNIVERSAL SCHEMES IN INFORMATION THEORY), %q(376C), %q(3), %q(3)]).includes ["SPR"]
make([%q(STATISTICAL SIGNAL PROCESSING), %q(378A), %q(3), %q(3)]).includes ["NOT GIVEN THIS YEAR"]
make([%q(INFERENCE, ESTIMATION, AND INFORMATION PROCESSING), %q(378B), %q(3), %q(3)]).includes ["NOT GIVEN THIS YEAR"]
make([%q(DIGITAL COMMUNICATION), %q(379), %q(3), %q(3)]).includes ["NOT GIVEN THIS YEAR"]
make([%q(COLLOQUIUM ON COMPUTER SYSTEMS), %q(380), %q(1), %q(1)]).includes ["AUT", "WIN", "SPR", "SUM"]
make([%q(INTERCONNECTION NETWORKS), %q(382C), %q(3), %q(3)]).includes ["NOT GIVEN THIS YEAR"]
make([%q(ADVANCED MULTI-CORE SYSTEMS (CS 316)), %q(382E), %q(3), %q(3)]).includes ["AUT"]
make([%q(INTERNET ROUTING PROTOCOLS AND STANDARDS), %q(384A), %q(3), %q(3)]).includes ["NOT GIVEN THIS YEAR"]
make([%q(WIRELESS LOCAL AND WIDE AREA NETWORKS), %q(384C), %q(3), %q(3)]).includes ["NOT GIVEN THIS YEAR"]
make([%q(NETWORK SCIENCE), %q(384M), %q(3), %q(3)]).includes ["NOT GIVEN THIS YEAR"]
make([%q(PERFORMANCE ENGINEERING OF COMPUTER SYSTEMS & NETWORKS), %q(384S), %q(3), %q(3)]).includes ["SPR"]
make([%q(PACKET SWITCH ARCHITECTURES), %q(384X), %q(3), %q(3)]).includes ["ALTERNATE YEARS", "GIVEN NEXT YEAR"]
make([%q(ROBUST AND TESTABLE SYSTEMS SEMINAR), %q(385A), %q(1), %q(4)]).includes ["AUT", "WIN", "SPR"]
make([%q(ROBUST SYSTEM DESIGN), %q(386), %q(3), %q(3)]).includes ["ALTERNATE YEARS", "GIVEN NEXT YEAR"]
make([%q(ALGEBRAIC ERROR CONTROL CODES), %q(387), %q(3), %q(3)]).includes ["NOT GIVEN THIS YEAR"]
make([%q(SPECIAL STUDIES OR PROJECTS IN ELECTRICAL ENGINEERING), %q(390), %q(1), %q(15)]).includes ["AUT", "WIN", "SPR", "SUM"]
make([%q(SPECIAL STUDIES AND REPORTS IN ELECTRICAL ENGINEERING), %q(391), %q(1), %q(15)]).includes ["AUT", "WIN", "SPR", "SUM"]
make([%q(VLSI SIGNAL PROCESSING), %q(392E), %q(3), %q(3)]).includes ["NOT GIVEN THIS YEAR"]
make([%q(LOGIC SYNTHESIS OF VLSI CIRCUITS), %q(392F), %q(3), %q(3)]).includes ["NOT GIVEN THIS YEAR"]
make([%q(SEMINAR ON TRENDS IN COMPUTING AND COMMUNICATIONS), %q(392I), %q(1), %q(1)]).includes ["SPR"]
make([%q(MODERN CELLULAR COMMUNICATION SYSTEMS), %q(392L), %q(3), %q(3)]).includes ["SPR"]
make([%q(INTELLIGENT ENERGY SYSTEMS), %q(392N), %q(1), %q(1)]).includes ["SPR"]
make([%q(NANOSCALE DEVICE PHYSICS), %q(392P), %q(3), %q(3)]).includes ["NOT GIVEN THIS YEAR"]
make([%q(PARALLEL PROCESSORS BEYOND MULTICORE PROCESSING), %q(392Q), %q(3), %q(3)]).includes ["WIN"]
make([%q(SEMINAR IN CHIP TEST AND DEBUG), %q(392T), %q(1), %q(1)]).includes ["WIN"]
make([%q(ELECTRICAL ENGINEERING INSTRUCTION: PRACTICE TEACHING), %q(395), %q(1), %q(15)]).includes ["AUT", "WIN", "SPR"]
make([%q(ENGINEERING EDUCATION AND ONLINE LEARNING (EDUC 391X)), %q(396), %q(3), %q(3)]).includes ["SPR"]
make([%q(IMAGE AND VIDEO COMPRESSION), %q(398A), %q(3), %q(3)]).includes ["NOT GIVEN THIS YEAR"]
make([%q(THESIS AND THESIS RESEARCH), %q(400), %q(1), %q(15)]).includes ["AUT", "WIN", "SPR", "SUM"]
make([%q(TOPICS IN INTERNATIONAL TECHNOLOGY MANAGEMENT), %q(402A), %q(1), %q(1)]).includes ["AUT"]
make([%q(TOPICS IN INTERNATIONAL ADVANCED TECHNOLOGY RESEARCH), %q(402S), %q(1), %q(1)]).includes ["NOT GIVEN THIS YEAR"]
make([%q(ENTREPRENEURSHIP IN ASIAN HIGH-TECH INDUSTRIES), %q(402T), %q(1), %q(1)]).includes ["SPR"]
make([%q(INTEGRATED CIRCUIT FABRICATION LABORATORY), %q(410), %q(3), %q(4)]).includes ["WIN"]
make([%q(ADVANCED NANOFABRICATION LABORATORY), %q(412), %q(3), %q(3)]).includes ["SPR"]
make([%q(RF TRANSCEIVER DESIGN LABORATORY), %q(414), %q(3), %q(3)]).includes ["WIN"]
make([%q(SEMIDEFINITE OPTIMIZATION AND ALGEBRAIC TECHNIQUES), %q(464), %q(3), %q(3)]).includes ["NOT GIVEN THIS YEAR"]
make([%q(RF PULSE DESIGN FOR MAGNETIC RESONANCE IMAGING), %q(469B), %q(3), %q(3)]).includes ["NOT GIVEN THIS YEAR"]
make([%q(TGR PROJECT), %q(801), %q(0), %q(0)]).includes ["AUT", "WIN", "SPR", "SUM"]
make([%q(TGR DISSERTATION), %q(802), %q(0), %q(0)]).includes ["AUT", "WIN", "SPR", "SUM"]
