make([%q(UNDERSTANDING THE JEWS OF RUSSIA AND POLAND), %q(18), %q(1), %q(1)]).includes ["NOT GIVEN THIS YEAR"]
make([%q(ISSUES IN GLOBAL HEALTH:  RUSSIA AND EASTERN EUROPE), %q(23), %q(1), %q(2)]).includes ["NOT GIVEN THIS YEAR"]
make([%q(FILMS OF CENTRAL ASIA), %q(35), %q(1), %q(2)]).includes ["WIN", "SPR"]
make([%q(CENTRAL ASIA THROUGH FILMS: A WEEKLY 3-HOUR SEMINAR (ANTHRO 54A)), %q(54A), %q(3), %q(5)]).includes ["SPR"]
make([%q(CURRENT ISSUES IN RUSSIAN, EAST EUROPEAN, AND EURASIAN STUDIES), %q(100), %q(1), %q(2)]).includes ["AUT", "WIN", "SPR"]
make([%q(CENTRAL AND EAST EUROPEAN POLITICS (REES 205)), %q(105), %q(5), %q(5)]).includes ["NOT GIVEN THIS YEAR"]
make([%q(WITH GOD IN RUSSIA: ORTHODOX CHRISTIANITY IN THE 19TH AND 20TH CENTURIES (REES 330)), %q(130), %q(4), %q(5)]).includes ["NOT GIVEN THIS YEAR"]
make([%q(JEWISH AMERICAN LITERATURE (ENGLISH 145D, JEWISHST 155D)), %q(145D), %q(5), %q(5)]).includes ["SPR"]
make([%q(CURRENT ISSUES IN RUSSIAN, EAST EUROPEAN, AND EURASIAN STUDIES), %q(200), %q(1), %q(2)]).includes ["AUT", "WIN", "SPR"]
make([%q(CENTRAL AND EAST EUROPEAN POLITICS (REES 105)), %q(205), %q(5), %q(5)]).includes ["NOT GIVEN THIS YEAR"]
make([%q(ARCHITECTURE, ACOUSTICS AND RITUAL IN BYZANTIUM (ARTHIST 208C, ARTHIST 408C, CLASSART 108, CLASSART 208, MUSIC 208C, MUSIC 408C, REES 408C, RELIGST 208C, RELIGST 308C)), %q(208C), %q(1), %q(3)]).includes ["AUT", "WIN", "SPR"]
make([%q(THE RUSSIAN ECONOMY (ECON 119)), %q(219), %q(4), %q(5)]).includes ["NOT GIVEN THIS YEAR"]
make([%q(RUSSIA, THE WEST AND THE REST (IPS 231)), %q(231), %q(4), %q(4)]).includes ["SPR"]
make([%q(PRACTICE OF EVERYDAY LIFE IN KAZAKHSTAN: FROM NOMADISM TO MODERNITY (ANTHRO 144A)), %q(244A), %q(3), %q(5)]).includes ["NOT GIVEN THIS YEAR"]
make([%q(FOLKLORE, MYTHOLOGY, AND ISLAM IN CENTRAL ASIA (ANTHRO 147A)), %q(247A), %q(3), %q(5)]).includes ["NOT GIVEN THIS YEAR"]
make([%q(MINARET AND MAHALLAH: WOMEN AND ISLAM IN CENTRAL ASIA (ANTHRO 150A, ANTHRO 250A)), %q(250A), %q(3), %q(5)]).includes ["WIN"]
make([%q(DIRECTED READING), %q(299), %q(1), %q(12)]).includes ["AUT", "WIN", "SPR"]
make([%q(AN INTRODUCTION TO RUSSIAN, EAST EUROPEAN AND EURASIAN STUDIES), %q(301), %q(5), %q(5)]).includes ["NOT GIVEN THIS YEAR"]
make([%q(HISTORY AND POLITICS IN RUSSIAN AND EASTERN EUROPEAN CINEMA (FILMSTUD 145B, FILMSTUD 345B)), %q(301A), %q(4), %q(5)]).includes ["AUT"]
make([%q(SOCIO-ECONOMIC ISSUES IN CONTEMPORARY RUSSIA AND EASTERN), %q(312), %q(3), %q(5)]).includes ["SPR"]
make([%q(STATE AND NATION BUILDING IN CENTRAL ASIA), %q(320), %q(5), %q(5)]).includes ["WIN"]
make([%q(WITH GOD IN RUSSIA: ORTHODOX CHRISTIANITY IN THE 19TH AND 20TH CENTURIES (REES 130)), %q(330), %q(4), %q(5)]).includes ["NOT GIVEN THIS YEAR"]
make([%q(ARCHITECTURE, ACOUSTICS AND RITUAL IN BYZANTIUM (ARTHIST 208C, ARTHIST 408C, CLASSART 108, CLASSART 208, MUSIC 208C, MUSIC 408C, REES 208C, RELIGST 208C, RELIGST 308C)), %q(408C), %q(1), %q(3)]).includes ["AUT", "WIN", "SPR"]
