make([%q(STRUCTURE AND REACTIVITY), %q(1), %q(4), %q(4)]).includes ["SUM"]
make([%q(INTRODUCTION TO ORGANIC CHEMISTRY LAB), %q(1L), %q(2), %q(2)]).includes ["SUM"]
make([%q(ORGANIC MONOFUNCTIONAL COMPOUNDS), %q(2), %q(4), %q(4)]).includes ["SUM"]
make([%q(ORGANIC CHEMISTRY LAB I), %q(2L), %q(2), %q(2)]).includes ["SUM"]
make([%q(ORGANIC POLYFUNCTIONAL COMPOUNDS), %q(3), %q(4), %q(4)]).includes ["SUM"]
make([%q(ORGANIC CHEMISTRY LAB II), %q(3L), %q(2), %q(2)]).includes ["SUM"]
make([%q(EXPLORING RESEARCH AND PROBLEM SOLVING ACROSS THE SCIENCES), %q(10), %q(2), %q(2)]).includes ["AUT"]
make([%q(NUTRITION AND HISTORY), %q(24N), %q(3), %q(3)]).includes ["SPR"]
make([%q(SCIENCE IN THE NEWS), %q(25N), %q(3), %q(3)]).includes ["AUT"]
make([%q(SCIENCE-IN-THEATRE: A NEW GENRE? (TAPS 25Q)), %q(25Q), %q(3), %q(3)]).includes ["WIN"]
make([%q(THE WHAT, WHY, HOW AND WOW'S OF NANOTECHNOLOGY), %q(26N), %q(3), %q(3)]).includes ["SPR"]
make([%q(LIGHT AND LIFE), %q(27N), %q(3), %q(3)]).includes ["WIN"]
make([%q(CHEMICAL PRINCIPLES I), %q(31A), %q(5), %q(5)]).includes ["AUT", "SUM"]
make([%q(PROBLEM SOLVING IN SCIENCE), %q(31AC), %q(1), %q(1)]).includes ["AUT"]
make([%q(CHEMICAL PRINCIPLES II), %q(31B), %q(5), %q(5)]).includes ["WIN", "SUM"]
make([%q(PROBLEM SOLVING IN SCIENCE), %q(31BC), %q(1), %q(1)]).includes ["WIN"]
make([%q(CHEMICAL PRINCIPLES), %q(31X), %q(5), %q(5)]).includes ["AUT"]
make([%q(STRUCTURE AND REACTIVITY), %q(33), %q(5), %q(5)]).includes ["WIN", "SPR"]
make([%q(PROBLEM SOLVING IN SCIENCE), %q(33C), %q(1), %q(1)]).includes ["SPR"]
make([%q(ORGANIC MONOFUNCTIONAL COMPOUNDS), %q(35), %q(4), %q(4)]).includes ["AUT", "SPR"]
make([%q(ORGANIC CHEMISTRY LAB), %q(35L), %q(1), %q(1)]).includes ["SPR"]
make([%q(ORGANIC CHEMISTRY LABORATORY I), %q(36), %q(3), %q(3)]).includes ["AUT", "SPR"]
make([%q(DIRECTED INSTRUCTION/READING), %q(110), %q(1), %q(2)]).includes ["AUT", "WIN", "SPR", "SUM"]
make([%q(EXPLORING CHEMICAL RESEARCH AT STANFORD), %q(111), %q(1), %q(1)]).includes ["WIN"]
make([%q(ORGANIC CHEMISTRY LABORATORY II), %q(130), %q(3), %q(3)]).includes ["AUT", "WIN"]
make([%q(ORGANIC POLYFUNCTIONAL COMPOUNDS), %q(131), %q(3), %q(3)]).includes ["AUT", "WIN"]
make([%q(SYNTHESIS LABORATORY), %q(132), %q(3), %q(3)]).includes ["WIN"]
make([%q(ANALYTICAL CHEMISTRY LABORATORY), %q(134), %q(5), %q(5)]).includes ["SPR"]
make([%q(PHYSICAL CHEMICAL PRINCIPLES), %q(135), %q(3), %q(3)]).includes ["WIN"]
make([%q(SPECIAL TOPICS IN SYNTHESIS), %q(137), %q(3), %q(3)]).includes ["SPR"]
make([%q(INORGANIC CHEMISTRY I), %q(151), %q(3), %q(3)]).includes ["WIN"]
make([%q(INORGANIC CHEMISTRY II), %q(153), %q(3), %q(3)]).includes ["SPR"]
make([%q(ADVANCED INORGANIC CHEMISTRY (CHEM 255)), %q(155), %q(3), %q(3)]).includes ["SPR"]
make([%q(PHYSICAL CHEMISTRY), %q(171), %q(3), %q(3)]).includes ["SPR"]
make([%q(PHYSICAL CHEMISTRY), %q(173), %q(3), %q(3)]).includes ["AUT"]
make([%q(PHYSICAL CHEMISTRY LABORATORY I), %q(174), %q(4), %q(4)]).includes ["AUT"]
make([%q(PHYSICAL CHEMISTRY), %q(175), %q(3), %q(3)]).includes ["WIN"]
make([%q(PHYSICAL CHEMISTRY LABORATORY II), %q(176), %q(3), %q(3)]).includes ["WIN"]
make([%q(BIOCHEMISTRY I (BIO 188, BIO 288, CHEMENG 181, CHEMENG 281)), %q(181), %q(3), %q(3)]).includes ["AUT"]
make([%q(BIOCHEMISTRY II (BIO 189, BIO 289, CHEMENG 183, CHEMENG 283)), %q(183), %q(3), %q(3)]).includes ["WIN"]
make([%q(BIOLOGICAL CHEMISTRY LABORATORY), %q(184), %q(4), %q(4)]).includes ["SPR"]
make([%q(BIOCHEMISTRY III), %q(185), %q(3), %q(3)]).includes ["SPR"]
make([%q(INTRODUCTION TO METHODS OF INVESTIGATION), %q(190), %q(1), %q(5)]).includes ["AUT", "WIN", "SPR", "SUM"]
make([%q(RESEARCH AND SPECIAL ADVANCED WORK), %q(200), %q(1), %q(15)]).includes ["AUT", "WIN", "SPR", "SUM"]
make([%q(ADVANCED ORGANIC CHEMISTRY), %q(221), %q(3), %q(3)]).includes ["AUT"]
make([%q(ADVANCED ORGANIC CHEMISTRY), %q(223), %q(3), %q(3)]).includes ["WIN"]
make([%q(ADVANCED ORGANIC CHEMISTRY), %q(225), %q(3), %q(3)]).includes ["SPR"]
make([%q(SYNTHESIS AND ANALYSIS AT THE CHEMISTRY-BIOLOGY INTERFACE), %q(227), %q(3), %q(3)]).includes ["NOT GIVEN THIS YEAR"]
make([%q(ORGANIC CHEMISTRY SEMINAR), %q(229), %q(1), %q(1)]).includes ["AUT", "WIN", "SPR"]
make([%q(ORGANIC CHEMISTRY SEMINAR PRESENTATION), %q(231), %q(1), %q(1)]).includes ["AUT", "WIN", "SPR"]
make([%q(CREATIVITY IN ORGANIC CHEMISTRY), %q(233A), %q(1), %q(1)]).includes ["AUT"]
make([%q(CREATIVITY IN ORGANIC CHEMISTRY), %q(233B), %q(1), %q(1)]).includes ["SPR"]
make([%q(CREATIVITY IN ORGANIC CHEMISTRY), %q(233C), %q(1), %q(1)]).includes ["SPR"]
make([%q(APPLICATIONS OF NMR SPECTROSCOPY), %q(235), %q(3), %q(3)]).includes ["WIN"]
make([%q(ADVANCED INORGANIC CHEMISTRY), %q(251), %q(3), %q(3)]).includes ["AUT"]
make([%q(ADVANCED INORGANIC CHEMISTRY), %q(253), %q(3), %q(3)]).includes ["WIN"]
make([%q(ADVANCED INORGANIC CHEMISTRY (CHEM 155)), %q(255), %q(3), %q(3)]).includes ["SPR"]
make([%q(RESEARCH PROGRESS IN INORGANIC CHEMISTRY), %q(258A), %q(1), %q(1)]).includes ["WIN"]
make([%q(RESEARCH PROGRESS IN INORGANIC CHEMISTRY), %q(258B), %q(1), %q(1)]).includes ["SPR"]
make([%q(RESEARCH PROGRESS IN INORGANIC CHEMISTRY), %q(258C), %q(1), %q(1)]).includes ["AUT", "WIN"]
make([%q(INORGANIC CHEMISTRY SEMINAR), %q(259), %q(1), %q(1)]).includes ["AUT", "WIN", "SPR"]
make([%q(ADVANCED PHYSICAL CHEMISTRY), %q(271), %q(3), %q(3)]).includes ["AUT"]
make([%q(ADVANCED PHYSICAL CHEMISTRY), %q(273), %q(3), %q(3)]).includes ["WIN"]
make([%q(ADVANCED PHYSICAL CHEMISTRY), %q(275), %q(3), %q(3)]).includes ["SPR"]
make([%q(MATERIALS CHEMISTRY AND PHYSICS), %q(277), %q(3), %q(3)]).includes ["WIN"]
make([%q(RESEARCH PROGRESS IN PHYSICAL CHEMISTRY), %q(278A), %q(1), %q(1)]).includes ["WIN"]
make([%q(RESEARCH PROGRESS IN PHYSICAL CHEMISTRY), %q(278B), %q(1), %q(1)]).includes ["WIN"]
make([%q(PHYSICAL CHEMISTRY SEMINAR), %q(279), %q(1), %q(1)]).includes ["AUT", "WIN", "SPR"]
make([%q(SINGLE-MOLECULE SPECTROSCOPY AND IMAGING), %q(280), %q(3), %q(3)]).includes ["NOT GIVEN THIS YEAR"]
make([%q(INTRODUCTION TO NUCLEAR MAGNETIC RESONANCE), %q(291), %q(3), %q(3)]).includes ["AUT"]
make([%q(BIO-INORGANIC CHEMISTRY (BIOPHYS 297)), %q(297), %q(3), %q(3)]).includes ["NOT GIVEN THIS YEAR"]
make([%q(TEACHING OF CHEMISTRY), %q(299), %q(1), %q(3)]).includes ["AUT", "WIN", "SPR"]
make([%q(DEPARTMENT COLLOQUIUM), %q(300), %q(1), %q(1)]).includes ["AUT", "WIN", "SPR"]
make([%q(RESEARCH IN CHEMISTRY), %q(301), %q(2), %q(2)]).includes ["AUT", "WIN", "SPR", "SUM"]
make([%q(FRONTIERS IN INTERDISCIPLINARY BIOSCIENCES (BIO 459, BIOC 459, BIOE 459, CHEMENG 459, PSYCH 459)), %q(459), %q(1), %q(1)]).includes ["NOT GIVEN THIS YEAR"]
make([%q(TGR DISSERTATION), %q(802), %q(0), %q(0)]).includes ["AUT", "WIN", "SPR", "SUM"]
