make([%q(Strengthening the Heart through Compassion), %q(18), %q(1), %q(1)]).includes ["WIN", "SPR"]
make([%q(Analysis of Human Movement), %q(187), %q(2), %q(4)]).includes ["WIN"]
make([%q(The Athlete and Personal Identity Development), %q(188), %q(1), %q(1)]).includes ["WIN"]
make([%q(Introduction to Nutrition), %q(190), %q(1), %q(1)]).includes ["AUT"]
make([%q(Ignite: The Power of Motivation), %q(191), %q(1), %q(1)]).includes ["WIN"]
make([%q(Intuitive Eating), %q(192), %q(1), %q(1)]).includes ["SPR"]
make([%q(Lifestyle Fitness Challenge), %q(193), %q(2), %q(2)]).includes ["AUT", "SPR"]
make([%q(Health Cooking: Food as Medicine), %q(194), %q(1), %q(1)]).includes ["WIN"]
make([%q(Mind, Body, Spirit), %q(195), %q(2), %q(2)]).includes ["NOT GIVEN THIS YEAR"]
make([%q(Practice of Happiness), %q(196), %q(1), %q(1)]).includes ["AUT", "SPR"]
make([%q(Sport Psychology), %q(197), %q(1), %q(1)]).includes ["AUT", "SPR"]
make([%q(Stress Less, Sleep Better), %q(198), %q(1), %q(1)]).includes ["AUT", "SPR"]
make([%q(Emotional Intelligence:  Tools for Productivity and Thriving), %q(200), %q(1), %q(1)]).includes ["AUT", "SPR"]
make([%q(Flourishing), %q(201), %q(2), %q(2)]).includes ["AUT", "WIN"]
make([%q(Wellness: Mind, Body, Spirit), %q(202), %q(2), %q(2)]).includes ["WIN", "SPR"]
make([%q(Resilience: How to Bounce Back), %q(204), %q(1), %q(1)]).includes ["WIN"]
make([%q(Meditation), %q(205), %q(1), %q(1)]).includes ["AUT", "SPR"]
make([%q(Power of Habit), %q(206), %q(1), %q(1)]).includes ["SPR"]
make([%q(Meaningful Work: Finding a Career You Love), %q(207), %q(1), %q(1)]).includes ["WIN"]
make([%q(Behavior Change: Building A Better You), %q(208), %q(1), %q(1)]).includes ["AUT"]
make([%q(Wisdom), %q(215), %q(1), %q(1)]).includes ["AUT", "SPR"]
make([%q(Applying Wellness Practicum), %q(220), %q(2), %q(2)]).includes ["SPR"]
