make([%q(FIRST-YEAR GERMAN, FIRST QUARTER), %q(1), %q(5), %q(5)]).includes ["AUT", "WIN", "SPR"]
make([%q(FIRST-YEAR GERMAN, SECOND QUARTER), %q(2), %q(5), %q(5)]).includes ["AUT", "WIN", "SPR"]
make([%q(FIRST-YEAR GERMAN, THIRD QUARTER), %q(3), %q(5), %q(5)]).includes ["AUT", "WIN", "SPR"]
make([%q(INTENSIVE FIRST-YEAR GERMAN, PART A), %q(5A), %q(5), %q(5)]).includes ["SUM"]
make([%q(INTENSIVE FIRST-YEAR GERMAN, PART B), %q(5B), %q(5), %q(5)]).includes ["SUM"]
make([%q(INTENSIVE FIRST-YEAR GERMAN, PART C), %q(5C), %q(5), %q(5)]).includes ["SUM"]
make([%q(ELEMENTARY GERMAN FOR SENIORS AND GRADUATE STUDENTS), %q(10), %q(4), %q(4)]).includes ["AUT", "SUM"]
make([%q(INDIVIDUALLY PROGRAMMED BEGINNING GERMAN), %q(11P), %q(1), %q(5)]).includes ["AUT", "WIN", "SPR"]
make([%q(BEGINNING GERMAN CONVERSATION), %q(20A), %q(1), %q(1)]).includes ["AUT", "WIN", "SPR"]
make([%q(INTERMEDIATE GERMAN CONVERSATION), %q(20B), %q(1), %q(1)]).includes ["AUT", "WIN", "SPR"]
make([%q(ADVANCED GERMAN CONVERSATION), %q(20C), %q(1), %q(1)]).includes ["AUT", "WIN", "SPR"]
make([%q(FUN FACTS ABOUT EUROPE), %q(20E), %q(1), %q(1)]).includes ["WIN"]
make([%q(CENTRAL EUROPEAN BREWING), %q(20J), %q(1), %q(1)]).includes ["SPR"]
make([%q(KUCHE MITT (GERMAN COOKING CLASS)), %q(20K), %q(1), %q(1)]).includes ["AUT", "WIN"]
make([%q(MITT MOVIE SERIES), %q(20M), %q(1), %q(1)]).includes ["AUT", "WIN"]
make([%q(THEME PROJECTS), %q(20P), %q(1), %q(1)]).includes ["AUT", "WIN", "SPR"]
make([%q(GERMAN ART AND DESIGN), %q(20R), %q(1), %q(1)]).includes ["SPR"]
make([%q(TEACHING GERMAN CONVERSATION), %q(20T), %q(1), %q(1)]).includes ["AUT", "WIN", "SPR"]
make([%q(INTERMEDIATE GERMAN I), %q(21), %q(4), %q(4)]).includes ["AUT", "WIN", "SPR"]
make([%q(INTERMEDIATE GERMAN), %q(21S), %q(4), %q(4)]).includes ["SUM"]
make([%q(INTERMEDIATE GERMAN I: GERMAN FOR BUSINESS AND INTERNATIONAL RELATIONS), %q(21W), %q(4), %q(4)]).includes ["NOT GIVEN THIS YEAR"]
make([%q(INTERMEDIATE GERMAN II), %q(22), %q(4), %q(4)]).includes ["AUT", "WIN"]
make([%q(INTERMEDIATE GERMAN II: GERMAN FOR BUSINESS AND INTERNATIONAL RELATIONS), %q(22W), %q(4), %q(4)]).includes ["WIN"]
make([%q(ONE HUNDRED GERMAN YEARS), %q(23), %q(4), %q(4)]).includes ["NOT GIVEN THIS YEAR"]
make([%q(SECOND YEAR GERMAN, THIRD QUARTER), %q(23C), %q(4), %q(4)]).includes ["AUT", "SPR"]
make([%q(LANGUAGE SPECIALS), %q(99), %q(1), %q(12)]).includes ["AUT", "WIN", "SPR", "SUM"]
make([%q(ADVANCED BUSINESS GERMAN), %q(105), %q(4), %q(4)]).includes ["NOT GIVEN THIS YEAR"]
make([%q(GERMAN NEWSPAPERS), %q(110), %q(3), %q(4)]).includes ["NOT GIVEN THIS YEAR"]
make([%q(TELEVISION NEWS FROM GERMANY), %q(111), %q(3), %q(4)]).includes ["NOT GIVEN THIS YEAR"]
make([%q(INDIVIDUAL READING), %q(199), %q(1), %q(12)]).includes ["AUT", "WIN", "SPR", "SUM"]
make([%q(INTENSIVE FIRST-YEAR GERMAN FOR STANFORD GRADS), %q(205A), %q(3), %q(5)]).includes ["SUM"]
make([%q(INTENSIVE FIRST-YEAR GERMAN FOR STANFORD GRADS), %q(205B), %q(3), %q(5)]).includes ["SUM"]
make([%q(INTENSIVE FIRST-YEAR GERMAN, PART C), %q(205C), %q(3), %q(5)]).includes ["SUM"]
make([%q(ELEMENTARY GERMAN FOR GRADUATE STUDENTS), %q(210), %q(3), %q(4)]).includes ["SUM"]
make([%q(READING GERMAN), %q(250), %q(4), %q(4)]).includes ["WIN"]
make([%q(GRADUATE STUDIES IN GERMAN), %q(395), %q(1), %q(5)]).includes ["AUT", "WIN", "SPR"]
make([%q(INDEPENDENT STUDY), %q(399), %q(1), %q(6)]).includes ["AUT", "WIN", "SPR", "SUM"]
