make([%q(ACCELERATED GERMAN: FIRST AND SECOND QUARTERS), %q(1Z), %q(8), %q(8)]).includes ["AUT", "WIN"]
make([%q(ACCELERATED GERMAN, SECOND AND THIRD QUARTERS), %q(2Z), %q(8), %q(8)]).includes ["WIN", "SPR"]
make([%q(GERMAN LANGUAGE AND CULTURE), %q(3B), %q(5), %q(5)]).includes ["WIN", "SPR"]
make([%q(THE ROLE OF TECHNOLOGY IN MODERN LIFE: A COMPARISON BETWEEN THE U.S. AND GERMANY), %q(4), %q(3), %q(3)]).includes ["SPR"]
make([%q(WHAT IS ENGINEERING? A LOOK AT ENGINEERS AND THEIR WORK), %q(5), %q(3), %q(3)]).includes ["SPR"]
make([%q(PRUSSIA: LITERATURE AND CULTURE), %q(6), %q(3), %q(5)]).includes ["WIN"]
make([%q(A HISTORY OF GERMAN FILM), %q(7), %q(3), %q(5)]).includes ["WIN"]
make([%q(THE POLITICS OF MEMORY), %q(12), %q(3), %q(3)]).includes ["AUT"]
make([%q(JEWISH AND MUSLIM BERLIN), %q(13), %q(3), %q(3)]).includes ["AUT"]
make([%q(SHIFTING ALLIANCES? THE EUROPEAN UNION AND THE U.S.), %q(15), %q(4), %q(5)]).includes ["WIN"]
make([%q(INTERMEDIATE GERMAN), %q(21B), %q(5), %q(5)]).includes ["AUT", "WIN", "SPR"]
make([%q(BERLIN VOR ORT: A FIELD TRIP MODULE), %q(30), %q(1), %q(1)]).includes ["AUT", "WIN", "SPR"]
make([%q(LEADING FROM BEHIND? GERMANY IN THE INTERNATIONAL ARENA SINCE 1945), %q(37), %q(4), %q(5)]).includes ["SPR"]
make([%q(INTRODUCTORY ELECTRONICS), %q(40B), %q(5), %q(5)]).includes ["AUT", "WIN", "SPR"]
make([%q(INTRODUCTORY SCIENCE OF MATERIALS), %q(50M), %q(4), %q(4)]).includes ["AUT", "WIN", "SPR"]
make([%q(CITYSCAPE AS HISTORY: ARCHITECTURE AND URBAN DESIGN IN BERLIN), %q(60), %q(5), %q(5)]).includes ["AUT"]
make([%q(THEORY FROM THE BLEACHERS: READING GERMAN SPORTS AND CULTURE), %q(66), %q(3), %q(3)]).includes ["WIN"]
make([%q(PROTESTANT REFORMATION), %q(68), %q(4), %q(4)]).includes ["NOT GIVEN THIS YEAR"]
make([%q(THE LONG WAY TO THE WEST: GERMAN HISTORY FROM THE 18TH CENTURY TO THE PRESENT), %q(70), %q(4), %q(5)]).includes ["SPR"]
make([%q(BERLIN HEUTE), %q(100B), %q(2), %q(2)]).includes ["AUT", "WIN", "SPR"]
make([%q(CONTEMPORARY THEATER), %q(101A), %q(5), %q(5)]).includes ["AUT", "SPR"]
make([%q(ADVANCED GERMAN), %q(101B), %q(5), %q(5)]).includes ["AUT", "SPR"]
make([%q(THE GERMAN ECONOMY: PAST AND PRESENT), %q(115X), %q(4), %q(5)]).includes ["AUT"]
make([%q(A PEOPLE'S UNION? MONEY, MARKETS, AND IDENTITY IN THE EU), %q(126X), %q(4), %q(5)]).includes ["AUT"]
make([%q(THE GERMAN ECONOMY IN THE AGE OF GLOBALIZATION), %q(161X), %q(4), %q(5)]).includes ["WIN"]
make([%q(SPORTS, CULTURE, AND GENDER IN COMPARATIVE PERSPECTIVE), %q(174), %q(5), %q(5)]).includes ["SPR"]
make([%q(HUMBOLDT UNIVERSITAT: HUMANITIES 2), %q(198D), %q(1), %q(3)]).includes ["AUT", "WIN", "SPR"]
make([%q(HUMBOLDT UNIVERSITAT: SOCIAL SCIENCES 2), %q(198F), %q(1), %q(3)]).includes ["AUT", "WIN", "SPR"]
make([%q(FREIE UNIVERSITAT: HUMANITIES 3), %q(198H), %q(1), %q(5)]).includes ["SPR"]
make([%q(WEISSENSEE ART UNIVERSITY 1), %q(198K), %q(1), %q(4)]).includes ["SPR"]
make([%q(WEISSENSEE ART UNIVERSITY 2), %q(198L), %q(1), %q(4)]).includes ["SPR"]
make([%q(WEISSENSEE ART UNIVERSITY 3), %q(198M), %q(1), %q(4)]).includes ["SPR"]
make([%q(DIRECTED READING A), %q(199A), %q(2), %q(4)]).includes ["AUT", "WIN", "SPR"]
make([%q(DIRECTED READING B), %q(199B), %q(2), %q(3)]).includes ["AUT", "WIN", "SPR"]
make([%q(HUMBOLDT UNIVERSITAT: HUMANITIES), %q(199D), %q(1), %q(3)]).includes ["AUT", "WIN", "SPR"]
make([%q(HUMBOLDT UNIVERSITAT: SOCIAL SCIENCES), %q(199F), %q(1), %q(3)]).includes ["AUT", "WIN", "SPR"]
make([%q(FREIE UNIVERSITAT: SOCIAL SCIENCES 1), %q(199G), %q(1), %q(3)]).includes ["AUT", "WIN", "SPR"]
make([%q(FREIE UNIVERSITAT: HUMANITIES 1), %q(199H), %q(1), %q(3)]).includes ["AUT", "WIN", "SPR"]
make([%q(FREIE UNIVERSITAT: NATURAL SCIENCES 1), %q(199J), %q(1), %q(3)]).includes ["AUT", "WIN", "SPR"]
make([%q(FREIE UNIVERSITAT: SOCIAL SCIENCES 2), %q(199K), %q(1), %q(3)]).includes ["AUT", "WIN", "SPR"]
make([%q(FREIE UNIVERSITAT: HUMANITIES 2), %q(199L), %q(1), %q(3)]).includes ["AUT", "WIN", "SPR"]
make([%q(FREIE UNIVERSITAT: NATURAL SCIENCES 2), %q(199M), %q(1), %q(3)]).includes ["AUT", "WIN", "SPR"]
