make([%q(FIRST-YEAR ARABIC, FIRST QUARTER), %q(1), %q(5), %q(5)]).includes ["AUT"]
make([%q(ACCELERATED FIRST-YEAR ARABIC, PART I), %q(1A), %q(5), %q(5)]).includes ["AUT"]
make([%q(FIRST-YEAR ARABIC FOR HERITAGE LEARNERS, FIRST QUARTER), %q(1H), %q(5), %q(5)]).includes ["AUT"]
make([%q(FIRST-YEAR ARABIC, SECOND QUARTER), %q(2), %q(5), %q(5)]).includes ["WIN"]
make([%q(ACCELERATED FIRST-YEAR ARABIC, PART II), %q(2A), %q(5), %q(5)]).includes ["WIN"]
make([%q(FIRST-YEAR ARABIC FOR HERITAG LEARNERS, SECOND QUARTER), %q(2H), %q(5), %q(5)]).includes ["WIN"]
make([%q(FIRST-YEAR ARABIC, THIRD QUARTER), %q(3), %q(5), %q(5)]).includes ["SPR"]
make([%q(BEGINNING ARABIC FOR HERITAGE LEARNERS, THIRD QUARTER), %q(3H), %q(5), %q(5)]).includes ["SPR"]
make([%q(ARABIC CALLIGRAPHY), %q(10), %q(2), %q(2)]).includes ["SPR"]
make([%q(SHORT STORIES AND POETRY FROM THE ARAB WORLD - PART I), %q(14A), %q(2), %q(4)]).includes ["AUT"]
make([%q(SECOND-YEAR ARABIC, FIRST QUARTER), %q(21), %q(5), %q(5)]).includes ["AUT"]
make([%q(ACCELERATED SECOND-YEAR ARABIC, PART I), %q(21A), %q(5), %q(5)]).includes ["AUT", "SPR"]
make([%q(SECOND-YEAR ARABIC FOR HERITAGE LEARNERS, FIRST QUARTER), %q(21H), %q(5), %q(5)]).includes ["AUT"]
make([%q(SECOND-YEAR ARABIC, SECOND QUARTER), %q(22), %q(5), %q(5)]).includes ["WIN"]
make([%q(ACCELERATED SECOND-YEAR ARABIC, PART II), %q(22A), %q(5), %q(5)]).includes ["AUT", "WIN", "SPR"]
make([%q(SECOND-YEAR ARABIC FOR HERITAGE LEARNERS, SECOND QUARTER), %q(22H), %q(5), %q(5)]).includes ["WIN"]
make([%q(SECOND-YEAR ARABIC, THIRD QUARTER), %q(23), %q(5), %q(5)]).includes ["SPR"]
make([%q(SECOND-YEAR ARABIC FOR HERITAGE LEARNERS, THIRD QUARTER), %q(23H), %q(5), %q(5)]).includes ["SPR"]
make([%q(INTENSIVE 2ND YEAR ARABIC), %q(25), %q(15), %q(15)]).includes ["SUM"]
make([%q(COLLOQUIAL ARABIC, FIRST QUARTER), %q(125A), %q(2), %q(4)]).includes ["AUT"]
make([%q(COLLOQUIAL ARABIC, SECOND QUARTER), %q(125B), %q(2), %q(4)]).includes ["WIN"]
make([%q(COLLOQUIAL ARABIC, THIRD QUARTER), %q(125C), %q(2), %q(4)]).includes ["SPR"]
make([%q(MEDIA ARABIC, FIRST QUARTER), %q(126A), %q(2), %q(4)]).includes ["SPR"]
make([%q(MEDIA ARABIC, SECOND QUARTER), %q(126B), %q(2), %q(4)]).includes ["NOT GIVEN THIS YEAR"]
make([%q(MEDIA ARABIC, THIRD QUARTER), %q(126C), %q(2), %q(4)]).includes ["NOT GIVEN THIS YEAR"]
make([%q(INTERMEDIATE TO ADVANCED  CONVERSATION), %q(127), %q(2), %q(3)]).includes ["WIN", "SPR"]
make([%q(THIRD-YEAR ARABIC, FIRST QUARTER), %q(131), %q(5), %q(5)]).includes ["AUT"]
make([%q(THIRD-YEAR ARABIC FOR HERITAGE LEARNERS, FIRST QUARTER), %q(131H), %q(5), %q(5)]).includes ["AUT"]
make([%q(THIRD-YEAR ARABIC, SECOND QUARTER), %q(132), %q(5), %q(5)]).includes ["WIN"]
make([%q(THIRD-YEAR ARABIC FOR HERITAGE LEARNERS, SECOND QUARTER), %q(132H), %q(5), %q(5)]).includes ["WIN"]
make([%q(THIRD-YEAR ARABIC, THIRD QUARTER), %q(133), %q(5), %q(5)]).includes ["SPR"]
make([%q(THIRD-YEAR ARABIC FOR HERITAGE LEARNERS, THIRD QUARTER), %q(133H), %q(5), %q(5)]).includes ["SPR"]
make([%q(FOURTH-YEAR ARABIC, FIRST QUARTER), %q(141), %q(3), %q(4)]).includes ["AUT"]
make([%q(FOURTH-YEAR ARABIC, SECOND QUARTER), %q(142), %q(3), %q(4)]).includes ["WIN"]
make([%q(FOURTH-YEAR ARABIC, THIRD QUARTER), %q(143), %q(3), %q(4)]).includes ["SPR"]
make([%q(INTENSIVE SECOND-YEAR ARABIC FOR GRADUATE STUDENTS), %q(225), %q(6), %q(9)]).includes ["SUM"]
make([%q(DIRECTED READING), %q(297), %q(1), %q(5)]).includes ["AUT", "WIN", "SPR"]
make([%q(GRADUATE STUDIES IN ARABIC), %q(395), %q(1), %q(5)]).includes ["AUT", "WIN", "SPR"]
