make([%q(Introduction to Linguistics), %q(1), %q(4), %q(4)]).includes ["SPR"]
make([%q(Glamour of Grammar), %q(3), %q(3), %q(4)]).includes ["NOT GIVEN THIS YEAR"]
make([%q(What's Your Accent? Investigations in Acoustic Phonetics), %q(5N), %q(3), %q(3)]).includes ["NOT GIVEN THIS YEAR"]
make([%q(Experimental Phonetics), %q(10N), %q(4), %q(4)]).includes ["NOT GIVEN THIS YEAR"]
make([%q(The Arabic Language and Culture (LINGUIST 270)), %q(36), %q(3), %q(3)]).includes ["NOT GIVEN THIS YEAR"]
make([%q(Living with Two Languages), %q(44N), %q(3), %q(3)]).includes ["WIN"]
make([%q(Languages, Dialects, Speakers), %q(47N), %q(3), %q(3)]).includes ["SPR"]
make([%q(Spoken Sexuality: Language and the Social Construction of Sexuality (FEMGEN 52N)), %q(52N), %q(3), %q(3)]).includes ["WIN"]
make([%q(The Language of Comics), %q(63N), %q(3), %q(3)]).includes ["WIN"]
make([%q(African American Vernacular English (AFRICAAM 21, LINGUIST 265)), %q(65), %q(3), %q(5)]).includes ["WIN"]
make([%q(Vernacular English and Reading (LINGUIST 266)), %q(66), %q(4), %q(5)]).includes ["NOT GIVEN THIS YEAR"]
make([%q(Translation), %q(83Q), %q(3), %q(3)]).includes ["AUT"]
make([%q(Teaching Spoken English), %q(90), %q(3), %q(4)]).includes ["SPR"]
make([%q(Phonetics (LINGUIST 205A)), %q(105), %q(3), %q(4)]).includes ["SPR"]
make([%q(Introduction to Speech Perception), %q(106), %q(4), %q(4)]).includes ["NOT GIVEN THIS YEAR"]
make([%q(Introduction to Phonetics and Phonology), %q(110), %q(4), %q(4)]).includes ["WIN"]
make([%q(Seminar in Phonology (LINGUIST 212A)), %q(112), %q(2), %q(4)]).includes ["NOT GIVEN THIS YEAR"]
make([%q(Morphology), %q(116), %q(4), %q(4)]).includes ["NOT GIVEN THIS YEAR"]
make([%q(Introduction to Syntax), %q(120), %q(4), %q(4)]).includes ["AUT"]
make([%q(Crosslinguistic Syntax), %q(121), %q(3), %q(4)]).includes ["SPR"]
make([%q(Introduction to Lexical Function Grammar (LINGUIST 224)), %q(124), %q(2), %q(4)]).includes ["NOT GIVEN THIS YEAR"]
make([%q(Introduction to Semantics and Pragmatics (LINGUIST 230A)), %q(130A), %q(4), %q(4)]).includes ["WIN"]
make([%q(Introduction to Lexical Semantics), %q(130B), %q(3), %q(4)]).includes ["AUT"]
make([%q(Logic Laboratory (LINGUIST 230E)), %q(130C), %q(1), %q(1)]).includes ["WIN"]
make([%q(The Structure of Discourse: Theory and Applications (LINGUIST 234)), %q(134A), %q(2), %q(4)]).includes ["NOT GIVEN THIS YEAR"]
make([%q(Language Acquisition I (LINGUIST 240)), %q(140), %q(4), %q(4)]).includes ["WIN"]
make([%q(Language and Gesture), %q(141), %q(3), %q(3)]).includes ["AUT"]
make([%q(Heritage Languages (LINGUIST 242)), %q(142), %q(3), %q(4)]).includes ["NOT GIVEN THIS YEAR"]
make([%q(Sign Languages), %q(143), %q(4), %q(4)]).includes ["NOT GIVEN THIS YEAR"]
make([%q(Introduction to Cognitive and Information Sciences (PHIL 190, PSYCH 35, SYMSYS 100)), %q(144), %q(4), %q(4)]).includes ["WIN"]
make([%q(Language in Society), %q(150), %q(4), %q(4)]).includes ["AUT"]
make([%q(Sociolinguistics and Pidgin Creole Studies (LINGUIST 252)), %q(152), %q(2), %q(4)]).includes ["SPR"]
make([%q(Language, Power & Politics), %q(153), %q(3), %q(4)]).includes ["NOT GIVEN THIS YEAR"]
make([%q(Sociolinguistics of Language Contact (LINGUIST 254)), %q(154), %q(2), %q(4)]).includes ["NOT GIVEN THIS YEAR"]
make([%q(Hip Hop, Youth Identities, and the Politics of Language (AFRICAAM 121X, AMSTUD 121X, ANTHRO 121A, CSRE 121X, EDUC 121X)), %q(155), %q(3), %q(4)]).includes ["NOT GIVEN THIS YEAR"]
make([%q(Language and Gender (FEMGEN 156X)), %q(156), %q(4), %q(4)]).includes ["SPR"]
make([%q(Sociophonetics (LINGUIST 257)), %q(157), %q(1), %q(4)]).includes ["AUT"]
make([%q(Introduction to Language Change), %q(160), %q(4), %q(4)]).includes ["NOT GIVEN THIS YEAR"]
make([%q(HISTORY THROUGH LANGUAGE), %q(162), %q(3), %q(4)]).includes ["SPR"]
make([%q(History of the English Language (ENGLISH 171H)), %q(163), %q(5), %q(5)]).includes ["AUT"]
make([%q(Languages of the World), %q(167), %q(3), %q(4)]).includes ["WIN"]
make([%q(Iberian Languages: Structure, Variation & Context), %q(171), %q(3), %q(3)]).includes ["SPR"]
make([%q(The Structure of Russian (LINGUIST 273)), %q(173), %q(2), %q(4)]).includes ["NOT GIVEN THIS YEAR"]
make([%q(From Languages to Information (CS 124, LINGUIST 280)), %q(180), %q(3), %q(4)]).includes ["WIN"]
make([%q(Grammar Engineering (LINGUIST 281)), %q(181), %q(1), %q(4)]).includes ["NOT GIVEN THIS YEAR"]
make([%q(Computational Theories of Syntax (LINGUIST 282)), %q(182), %q(3), %q(4)]).includes ["NOT GIVEN THIS YEAR"]
make([%q(Programming and Algorithms for Natural Language Processing (LINGUIST 283)), %q(183), %q(3), %q(4)]).includes ["WIN"]
make([%q(Writing Systems in a Digital Age (LINGUIST 284A)), %q(185), %q(2), %q(3)]).includes ["NOT GIVEN THIS YEAR"]
make([%q(Natural Language Understanding (CS 224U, LINGUIST 288)), %q(188), %q(3), %q(4)]).includes ["SPR"]
make([%q(Linguistics and the Teaching of English as a Second/Foreign Language (LINGUIST 291)), %q(191), %q(4), %q(5)]).includes ["WIN"]
make([%q(Undergraduate Research Workshop), %q(195A), %q(1), %q(1)]).includes ["WIN", "SPR"]
make([%q(Introduction to Research for Undergraduates), %q(196), %q(1), %q(1)]).includes ["AUT"]
make([%q(Undergraduate Research Seminar), %q(197A), %q(2), %q(3)]).includes ["SPR"]
make([%q(Honors Research), %q(198), %q(1), %q(15)]).includes ["AUT", "WIN", "SPR"]
make([%q(Independent Study), %q(199), %q(1), %q(15)]).includes ["AUT", "WIN", "SPR", "SUM"]
make([%q(Foundations of Linguistic Theory), %q(200), %q(4), %q(4)]).includes ["NOT GIVEN THIS YEAR"]
make([%q(Philosophy of Linguistics (PHIL 369, SYMSYS 204)), %q(204), %q(4), %q(4)]).includes ["SPR"]
make([%q(Phonetics (LINGUIST 105)), %q(205A), %q(3), %q(4)]).includes ["SPR"]
make([%q(Advanced Phonetics), %q(205B), %q(2), %q(4)]).includes ["NOT GIVEN THIS YEAR"]
make([%q(Seminar in Phonetics: The perception and recognition of clear and casual speech.), %q(207), %q(2), %q(4)]).includes ["WIN"]
make([%q(Phonology), %q(210A), %q(2), %q(4)]).includes ["AUT"]
make([%q(Advanced Phonology), %q(210B), %q(1), %q(4)]).includes ["WIN"]
make([%q(Metrics), %q(211), %q(1), %q(4)]).includes ["AUT"]
make([%q(Seminar in Phonology (LINGUIST 112)), %q(212A), %q(2), %q(4)]).includes ["NOT GIVEN THIS YEAR"]
make([%q(Seminar in Phonology), %q(212B), %q(1), %q(4)]).includes ["NOT GIVEN THIS YEAR"]
make([%q(Corpus Phonology), %q(213), %q(2), %q(4)]).includes ["NOT GIVEN THIS YEAR"]
make([%q(Phonology Workshop), %q(214), %q(1), %q(2)]).includes ["NOT GIVEN THIS YEAR"]
make([%q(Morphosyntax), %q(217), %q(2), %q(4)]).includes ["NOT GIVEN THIS YEAR"]
make([%q(Seminar on Morphological Theories), %q(218), %q(2), %q(4)]).includes ["SPR"]
make([%q(Frequency and the Grammar of Alternations), %q(219), %q(1), %q(4)]).includes ["NOT GIVEN THIS YEAR"]
make([%q(Foundations of English Grammar), %q(221A), %q(1), %q(4)]).includes ["NOT GIVEN THIS YEAR"]
make([%q(Studies in Universal Grammar), %q(221B), %q(1), %q(4)]).includes ["NOT GIVEN THIS YEAR"]
make([%q(Foundations of Syntactic Theory I), %q(222A), %q(3), %q(4)]).includes ["AUT"]
make([%q(Foundations of Syntactic Theory II), %q(222B), %q(2), %q(4)]).includes ["WIN"]
make([%q(Introduction to Minimalist Syntax), %q(223), %q(3), %q(4)]).includes ["NOT GIVEN THIS YEAR"]
make([%q(Introduction to Lexical Function Grammar (LINGUIST 124)), %q(224), %q(2), %q(4)]).includes ["NOT GIVEN THIS YEAR"]
make([%q(From Text to Natural Reasoning), %q(224A), %q(1), %q(4)]).includes ["NOT GIVEN THIS YEAR"]
make([%q(Advanced Topics in Lexical Functional Grammar), %q(224B), %q(1), %q(4)]).includes ["NOT GIVEN THIS YEAR"]
make([%q(Seminar in Syntax: Binding Theory), %q(225), %q(2), %q(4)]).includes ["NOT GIVEN THIS YEAR"]
make([%q(Projects in Syntax), %q(227C), %q(2), %q(4)]).includes ["NOT GIVEN THIS YEAR"]
make([%q(Laboratory Syntax I), %q(229A), %q(1), %q(4)]).includes ["NOT GIVEN THIS YEAR"]
make([%q(Laboratory Syntax II), %q(229B), %q(1), %q(4)]).includes ["NOT GIVEN THIS YEAR"]
make([%q(Laboratory Syntax III), %q(229C), %q(1), %q(4)]).includes ["NOT GIVEN THIS YEAR"]
make([%q(Empirical Syntax Research Seminar), %q(229D), %q(1), %q(2)]).includes ["NOT GIVEN THIS YEAR"]
make([%q(Introduction to Semantics and Pragmatics (LINGUIST 130A)), %q(230A), %q(4), %q(4)]).includes ["WIN"]
make([%q(Semantics and Pragmatics I), %q(230B), %q(2), %q(4)]).includes ["SPR"]
make([%q(Semantics and Pragmatics II), %q(230C), %q(1), %q(4)]).includes ["AUT"]
make([%q(Semantics Research Seminar), %q(230D), %q(1), %q(1)]).includes ["NOT GIVEN THIS YEAR"]
make([%q(Logic Laboratory (LINGUIST 130C)), %q(230E), %q(1), %q(1)]).includes ["WIN"]
make([%q(Lexical Semantics), %q(232A), %q(2), %q(4)]).includes ["AUT"]
make([%q(Seminar in Lexical Semantics: Lexical Categories), %q(232B), %q(1), %q(4)]).includes ["NOT GIVEN THIS YEAR"]
make([%q(The Structure of Discourse: Theory and Applications (LINGUIST 134A)), %q(234), %q(2), %q(4)]).includes ["NOT GIVEN THIS YEAR"]
make([%q(Semantic Fieldwork), %q(235), %q(2), %q(4)]).includes ["NOT GIVEN THIS YEAR"]
make([%q(SEM IN SEMANTICS: Representations of meaning (PSYCH 236C)), %q(236), %q(3), %q(3)]).includes ["NOT GIVEN THIS YEAR"]
make([%q(Seminar in Semantics: Gradation & Modality), %q(237), %q(1), %q(4)]).includes ["NOT GIVEN THIS YEAR"]
make([%q(Semantics and Pragmatics Research Seminar), %q(239), %q(1), %q(2)]).includes ["AUT", "WIN", "SPR"]
make([%q(Language Acquisition I (LINGUIST 140)), %q(240), %q(4), %q(4)]).includes ["WIN"]
make([%q(Language Acquisition II), %q(241), %q(4), %q(4)]).includes ["SPR"]
make([%q(Heritage Languages (LINGUIST 142)), %q(242), %q(3), %q(4)]).includes ["NOT GIVEN THIS YEAR"]
make([%q(Experimental Design for Linguistics), %q(245), %q(4), %q(4)]).includes ["NOT GIVEN THIS YEAR"]
make([%q(Language Processing), %q(249), %q(2), %q(4)]).includes ["NOT GIVEN THIS YEAR"]
make([%q(Sociolinguistic Theory and Analysis), %q(250), %q(2), %q(4)]).includes ["NOT GIVEN THIS YEAR"]
make([%q(Sociolinguistic Field Methods), %q(251), %q(3), %q(5)]).includes ["WIN"]
make([%q(Sociolinguistics and Pidgin Creole Studies (LINGUIST 152)), %q(252), %q(2), %q(4)]).includes ["SPR"]
make([%q(Race, Ethnicity, and Language (ANTHRO 320A, EDUC 389X)), %q(253), %q(3), %q(4)]).includes ["NOT GIVEN THIS YEAR"]
make([%q(Sociolinguistics of Language Contact (LINGUIST 154)), %q(254), %q(2), %q(4)]).includes ["NOT GIVEN THIS YEAR"]
make([%q(Seminar in Sociolinguistics: California Dialectology), %q(255A), %q(2), %q(5)]).includes ["AUT"]
make([%q(Sociolinguistics Classics and Community Studies), %q(255B), %q(3), %q(5)]).includes ["SPR"]
make([%q(Language, Gender and Sexuality), %q(256), %q(1), %q(4)]).includes ["WIN"]
make([%q(Sociophonetics (LINGUIST 157)), %q(257), %q(1), %q(4)]).includes ["AUT"]
make([%q(Analysis of Variation), %q(258), %q(1), %q(4)]).includes ["SPR"]
make([%q(Topics in Sociolinguistics), %q(259), %q(2), %q(4)]).includes ["NOT GIVEN THIS YEAR"]
make([%q(Historical Morphology and Phonology), %q(260A), %q(4), %q(4)]).includes ["NOT GIVEN THIS YEAR"]
make([%q(Historical Morphosyntax), %q(260B), %q(2), %q(4)]).includes ["NOT GIVEN THIS YEAR"]
make([%q(English Transplanted, English Transformed: Pidgins and Creoles), %q(264), %q(2), %q(4)]).includes ["NOT GIVEN THIS YEAR"]
make([%q(African American Vernacular English (AFRICAAM 21, LINGUIST 65)), %q(265), %q(3), %q(5)]).includes ["WIN"]
make([%q(Vernacular English and Reading (LINGUIST 66)), %q(266), %q(4), %q(5)]).includes ["NOT GIVEN THIS YEAR"]
make([%q(The Arabic Language and Culture (LINGUIST 36)), %q(270), %q(3), %q(3)]).includes ["NOT GIVEN THIS YEAR"]
make([%q(Structure of Basque), %q(271), %q(2), %q(4)]).includes ["NOT GIVEN THIS YEAR"]
make([%q(Structure of Finnish), %q(272), %q(2), %q(4)]).includes ["WIN"]
make([%q(The Structure of Russian (LINGUIST 173)), %q(273), %q(2), %q(4)]).includes ["NOT GIVEN THIS YEAR"]
make([%q(Field Methods II), %q(274B), %q(3), %q(4)]).includes ["NOT GIVEN THIS YEAR"]
make([%q(Linguistic Field Methods:  Syntax), %q(274C), %q(3), %q(4)]).includes ["NOT GIVEN THIS YEAR"]
make([%q(Research Projects Practicum), %q(275), %q(1), %q(2)]).includes ["NOT GIVEN THIS YEAR"]
make([%q(Quantitative Methods in Linguistics), %q(276), %q(2), %q(4)]).includes ["NOT GIVEN THIS YEAR"]
make([%q(Laboratory Methods in Psycholinguistics), %q(277), %q(2), %q(4)]).includes ["NOT GIVEN THIS YEAR"]
make([%q(Programming for Linguists), %q(278), %q(1), %q(4)]).includes ["AUT"]
make([%q(From Languages to Information (CS 124, LINGUIST 180)), %q(280), %q(3), %q(4)]).includes ["WIN"]
make([%q(Grammar Engineering (LINGUIST 181)), %q(281), %q(1), %q(4)]).includes ["NOT GIVEN THIS YEAR"]
make([%q(Computational Theories of Syntax (LINGUIST 182)), %q(282), %q(3), %q(4)]).includes ["NOT GIVEN THIS YEAR"]
make([%q(Basic Algorithms for Computational Linguistics), %q(283), %q(2), %q(4)]).includes ["NOT GIVEN THIS YEAR"]
make([%q(Programming and Algorithms for Natural Language Processing (LINGUIST 183)), %q(283), %q(3), %q(4)]).includes ["WIN"]
make([%q(Natural Language Processing (CS 224N)), %q(284), %q(3), %q(4)]).includes ["AUT"]
make([%q(Writing Systems in a Digital Age (LINGUIST 185)), %q(284A), %q(2), %q(3)]).includes ["NOT GIVEN THIS YEAR"]
make([%q(Spoken Language Processing (CS 224S)), %q(285), %q(2), %q(4)]).includes ["SPR"]
make([%q(Information Retrieval and Web Search (CS 276)), %q(286), %q(3), %q(3)]).includes ["SPR"]
make([%q(Extracting Social Meaning and Sentiment), %q(287), %q(3), %q(3)]).includes ["NOT GIVEN THIS YEAR"]
make([%q(Natural Language Understanding (CS 224U, LINGUIST 188)), %q(288), %q(3), %q(4)]).includes ["SPR"]
make([%q(Topics in Computational Linguistics: History of Computational Linguistics), %q(289), %q(3), %q(4)]).includes ["NOT GIVEN THIS YEAR"]
make([%q(Linguistics and the Teaching of English as a Second/Foreign Language (LINGUIST 191)), %q(291), %q(4), %q(5)]).includes ["WIN"]
make([%q(Linguistic Research Discussion Group), %q(294), %q(1), %q(1)]).includes ["AUT"]
make([%q(M.A. Project), %q(390), %q(1), %q(6)]).includes ["AUT", "WIN", "SPR", "SUM"]
make([%q(TA Training Workshop), %q(394), %q(1), %q(1)]).includes ["AUT"]
make([%q(Research Workshop), %q(395), %q(1), %q(2)]).includes ["SPR"]
make([%q(Research Workshop III), %q(395C), %q(1), %q(2)]).includes ["SUM"]
make([%q(Research Projects in Linguistics), %q(396), %q(2), %q(3)]).includes ["WIN"]
make([%q(Directed Reading), %q(397), %q(1), %q(15)]).includes ["AUT", "WIN", "SPR", "SUM"]
make([%q(Directed Research), %q(398), %q(1), %q(15)]).includes ["AUT", "WIN", "SPR", "SUM"]
make([%q(Dissertation Research), %q(399), %q(1), %q(15)]).includes ["AUT", "WIN", "SPR", "SUM"]
