make([%q(MEASLES AND SNEEZLES AND THINGS THAT GO MUMPS IN THE NIGHT), %q(19SC), %q(2), %q(2)]).includes ["NOT GIVEN THIS YEAR"]
make([%q(VIRUSES IN THE NEWS), %q(27Q), %q(2), %q(2)]).includes ["SUM"]
make([%q(VIRUSES IN THE NEWS), %q(27SC), %q(2), %q(2)]).includes ["SUM"]
make([%q(PHOTOGRAPHING NATURE), %q(70Q), %q(3), %q(3)]).includes ["AUT"]
make([%q(INNATE IMMUNOLOGY (IMMUNOL 204, MI 204)), %q(104), %q(3), %q(3)]).includes ["SPR"]
make([%q(THE VACCINE REVOLUTION (HUMBIO 155B)), %q(115B), %q(6), %q(6)]).includes ["NOT GIVEN THIS YEAR"]
make([%q(THE HUMAN VIROSPHERE (MI 216)), %q(116), %q(5), %q(5)]).includes ["NOT GIVEN THIS YEAR"]
make([%q(BACTERIA IN HEALTH AND DISEASE (BIO 120)), %q(120), %q(3), %q(3)]).includes ["SPR"]
make([%q(HUMANS AND VIRUSES I (HUMBIO 155H)), %q(155H), %q(6), %q(6)]).includes ["NOT GIVEN THIS YEAR"]
make([%q(HUMANS AND VIRUSES II), %q(155V), %q(6), %q(6)]).includes ["NOT GIVEN THIS YEAR"]
make([%q(TOPICS IN MICROBIOLOGY (MI 285)), %q(185), %q(3), %q(3)]).includes ["WIN"]
make([%q(DIRECTED READING IN MICROBIOLOGY AND IMMUNOLOGY), %q(198), %q(1), %q(15)]).includes ["AUT", "WIN", "SPR", "SUM"]
make([%q(UNDERGRADUATE RESEARCH), %q(199), %q(1), %q(18)]).includes ["AUT", "WIN", "SPR", "SUM"]
make([%q(INNATE IMMUNOLOGY (IMMUNOL 204, MI 104)), %q(204), %q(3), %q(3)]).includes ["SPR"]
make([%q(ADVANCED PATHOGENESIS OF BACTERIA, VIRUSES, AND EUKARYOTIC PARASITES: PART I), %q(209), %q(4), %q(4)]).includes ["NOT GIVEN THIS YEAR"]
make([%q(ADVANCED PATHOGENESIS OF BACTERIA, VIRUSES, AND EUKARYOTIC PARASITES), %q(210), %q(4), %q(4)]).includes ["WIN"]
make([%q(ADVANCED IMMUNOLOGY I (IMMUNOL 201)), %q(211), %q(3), %q(3)]).includes ["WIN"]
make([%q(PRINCIPLES OF BIOLOGICAL TECHNOLOGIES (IMMUNOL 215)), %q(215), %q(3), %q(3)]).includes ["SPR"]
make([%q(THE HUMAN VIROSPHERE (MI 116)), %q(216), %q(5), %q(5)]).includes ["NOT GIVEN THIS YEAR"]
make([%q(COMPUTATIONAL ANALYSIS OF BIOLOGICAL INFORMATION: INTRODUCTION TO PYTHON FOR BIOLOGISTS (GENE 218, PATH 218)), %q(218), %q(2), %q(2)]).includes ["SUM"]
make([%q(THE BIOLOGY OF SMALL MODULATORY RNAS (GENE 233, PATH 233)), %q(233), %q(2), %q(2)]).includes ["NOT GIVEN THIS YEAR"]
make([%q(FUNDAMENTALS OF RNA BIOLOGY (GENE 234, PATH 234)), %q(234), %q(2), %q(2)]).includes ["NOT GIVEN THIS YEAR"]
make([%q(COMPUTATIONAL MODELING OF MICROBIAL COMMUNITIES (BIOE 115)), %q(245), %q(4), %q(4)]).includes ["SPR"]
make([%q(FRONTIERS IN MICROBIOLOGY AND IMMUNOLOGY), %q(250), %q(1), %q(1)]).includes ["AUT", "WIN", "SPR"]
make([%q(TOPICS IN MICROBIOLOGY (MI 185)), %q(285), %q(3), %q(3)]).includes ["WIN"]
make([%q(DIRECTED READING IN MICROBIOLOGY AND IMMUNOLOGY), %q(299), %q(1), %q(18)]).includes ["AUT", "WIN", "SPR", "SUM"]
make([%q(MEDICAL SCHOLARS RESEARCH), %q(370), %q(4), %q(18)]).includes ["AUT", "WIN", "SPR", "SUM"]
make([%q(GRADUATE RESEARCH), %q(399), %q(1), %q(18)]).includes ["AUT", "WIN", "SPR", "SUM"]
make([%q(TGR MASTER'S PROJECT), %q(801), %q(0), %q(0)]).includes ["AUT", "WIN", "SPR", "SUM"]
make([%q(TGR PHD DISSERTATION), %q(802), %q(0), %q(0)]).includes ["AUT", "WIN", "SPR", "SUM"]
