make([%q(OPTIMIZATION AND SIMULATION MODELING), %q(245), %q(2), %q(2)]).includes []
make([%q(OPTIMIZATION AND SIMULATION MODELING - ACCELERATED), %q(247), %q(2), %q(2)]).includes []
make([%q(MSX: DATA AND DECISIONS), %q(249), %q(2), %q(2)]).includes []
make([%q(ELECTRONIC BUSINESS (ACCELERATED)), %q(256), %q(3), %q(3)]).includes []
make([%q(INCENTIVE MECHANISMS FOR SOCIETAL NETWORKS), %q(258), %q(2), %q(2)]).includes []
make([%q(OPERATIONS), %q(262), %q(3), %q(3)]).includes []
make([%q(DATA AND DECISIONS), %q(265), %q(4), %q(4)]).includes []
make([%q(DATA AND DECISIONS - ACCELERATED), %q(267), %q(4), %q(4)]).includes []
make([%q(MAKING DATA RELEVANT), %q(268), %q(4), %q(4)]).includes []
make([%q(MSX: OPERATIONS), %q(269), %q(3), %q(3)]).includes []
make([%q(DESIGN FOR EXTREME AFFORDABILITY), %q(333), %q(4), %q(4)]).includes []
make([%q(DESIGN FOR EXTREME AFFORDABILITY), %q(334), %q(4), %q(4)]).includes []
make([%q(D-LAB: DESIGN FOR SERVICE INNOVATION), %q(343), %q(4), %q(4)]).includes []
make([%q(DESIGN FOR SERVICE INNOVATION), %q(344), %q(4), %q(4)]).includes []
make([%q(ELECTRONIC BUSINESS), %q(356), %q(3), %q(3)]).includes []
make([%q(TECHNOLOGY CONCEPTS FOR MANAGERS), %q(361), %q(4), %q(4)]).includes []
make([%q(GLOBAL OPERATIONS), %q(364), %q(3), %q(3)]).includes []
make([%q(ANALYTICS FROM BIG DATA), %q(367), %q(4), %q(4)]).includes []
make([%q(BIODESIGN INNOVATION: NEEDS FINDING AND CONCEPT CREATION), %q(384), %q(4), %q(4)]).includes []
make([%q(BIODESIGN INNOVATION: CONCEPT DEVELOPMENT AND IMPLEMENTATION), %q(385), %q(4), %q(4)]).includes []
make([%q(FIELD TRIPS TO GRASSROOTS INNOVATORS IN HEALTH CARE: IMPROVING ACCESS & OUTCOMES FOR THE UNDERSERVED), %q(522), %q(2), %q(2)]).includes []
make([%q(ADVANCED MODELING SEMINAR), %q(530), %q(2), %q(2)]).includes []
make([%q(ENVIRONMENTAL SCIENCE FOR MANAGERS - ACCELERATED), %q(538), %q(3), %q(3)]).includes []
make([%q(ENVIRONMENTAL SCIENCE FOR MANAGERS - ADVANCED), %q(539), %q(3), %q(3)]).includes []
make([%q(ENVIRONMENTAL SCIENCE FOR MANAGERS II), %q(540), %q(1), %q(1)]).includes []
make([%q(PRICE AND REVENUE OPTIMIZATION), %q(542), %q(2), %q(2)]).includes []
make([%q(ELECTRONIC BUSINESS AND  COMMERCE), %q(556), %q(2), %q(2)]).includes []
make([%q(DESIGNING LARGE-SCALE NUDGE ENGINES), %q(558), %q(1), %q(1)]).includes []
make([%q(SUPPLY CHAIN MANAGEMENT & TECHNOLOGY), %q(562), %q(2), %q(2)]).includes []
make([%q(THE ROLE OF INFORMATION TECHNOLOGY IN THE NEW ENERGY ECONOMY), %q(565), %q(2), %q(2)]).includes []
make([%q(HOMELAND SECURITY: OPERATIONS, STRATEGY AND IMPLEMENTATION), %q(571), %q(2), %q(2)]).includes []
make([%q(BIODESIGN INNOVATION: NEEDS FINDING AND CONCEPT CREATION), %q(581), %q(2), %q(2)]).includes []
make([%q(BIODESIGN INNOVATION, PROJECT A), %q(582), %q(2), %q(2)]).includes []
make([%q(BIODESIGN INNOVATION CORE, SPRING), %q(583), %q(2), %q(2)]).includes []
make([%q(BIODESIGN INNOVATION PROJECT, SPRING), %q(584), %q(2), %q(2)]).includes []
make([%q(GLOBAL BIODESIGN), %q(587), %q(1), %q(1)]).includes []
make([%q(FUNDAMENTALS OF OIT), %q(601), %q(3), %q(3)]).includes []
make([%q(DYNAMIC PRICING AND REVENUE MANAGEMENT I), %q(602), %q(2), %q(2)]).includes []
make([%q(DYNAMIC PRICING AND REVENUE MANAGEMENT II), %q(603), %q(2), %q(2)]).includes []
make([%q(THEORY OF INVENTORY MANAGEMENT), %q(624), %q(3), %q(3)]).includes []
make([%q(SPECIAL TOPICS IN SUPPLY CHAIN MANAGEMENT), %q(643), %q(3), %q(3)]).includes []
make([%q(FOUNDATIONS OF SUPPLY CHAIN MANAGEMENT), %q(655), %q(3), %q(3)]).includes []
make([%q(APPLIED OIT), %q(660), %q(4), %q(4)]).includes []
make([%q(METHODS OF OPERATIONS/INFORMATION SYSTEMS), %q(663), %q(4), %q(4)]).includes []
make([%q(STOCHASTIC NETWORKS), %q(664), %q(3), %q(3)]).includes []
make([%q(SEMINAR ON INFORMATION-BASED SUPPLY CHAIN MANAGEMENT), %q(665), %q(4), %q(4)]).includes []
make([%q(DYNAMIC PRICING AND REVENUE MANAGEMENT), %q(668), %q(3), %q(3)]).includes []
make([%q(STOCHASTIC CONTROL IN OPERATIONS AND ECONOMICS), %q(672), %q(3), %q(3)]).includes []
make([%q(DATA-DRIVEN DECISION MAKING IN HEALTHCARE), %q(673), %q(4), %q(4)]).includes []
make([%q(PHD DIRECTED READING (ACCT 691, FINANCE 691, GSBGEN 691, HRMGT 691, MGTECON 691, MKTG 691, OB 691, POLECON 691, STRAMGT 691)), %q(691), %q(1), %q(15)]).includes []
make([%q(PHD DISSERTATION RESEARCH (ACCT 692, FINANCE 692, GSBGEN 692, HRMGT 692, MGTECON 692, MKTG 692, OB 692, POLECON 692, STRAMGT 692)), %q(692), %q(1), %q(15)]).includes []
make([%q(TGR DISSERTATION (ACCT 802, FINANCE 802, GSBGEN 802, HRMGT 802, MGTECON 802, MKTG 802, OB 802, POLECON 802, STRAMGT 802)), %q(802), %q(0), %q(0)]).includes []
