make([%q(INTRODUCTION TO PSYCHOLOGY), %q(1), %q(5), %q(5)]).includes ["AUT", "WIN", "SPR"]
make([%q(LANGUAGE UNDERSTANDING BY CHILDREN AND ADULTS), %q(7Q), %q(3), %q(3)]).includes ["NOT GIVEN THIS YEAR"]
make([%q(THE NEW LONGEVITY), %q(8N), %q(3), %q(3)]).includes ["SPR"]
make([%q(INTRODUCTION TO STATISTICAL METHODS: PRECALCULUS (STATS 60, STATS 160)), %q(10), %q(5), %q(5)]).includes ["AUT", "WIN", "SPR", "SUM"]
make([%q(ORIGIN OF MENTAL LIFE), %q(11N), %q(3), %q(3)]).includes ["NOT GIVEN THIS YEAR"]
make([%q(SELF THEORIES), %q(12N), %q(3), %q(3)]).includes ["AUT"]
make([%q(EMOTION REGULATION), %q(13N), %q(3), %q(3)]).includes ["NOT GIVEN THIS YEAR"]
make([%q(DYNAMICAL MODELS OF MENTAL PROCESSES: DEVELOPMENT, ANALYSIS, AND SIMULATION), %q(13S), %q(2), %q(2)]).includes ["NOT GIVEN THIS YEAR"]
make([%q(INTERPERSONAL INFLUENCE), %q(15N), %q(3), %q(3)]).includes ["NOT GIVEN THIS YEAR"]
make([%q(AMINES AND AFFECT), %q(16N), %q(3), %q(3)]).includes ["WIN"]
make([%q(LANGUAGE AND SOCIETY: HOW LANGUAGES SHAPE LIVES), %q(17N), %q(3), %q(3)]).includes ["NOT GIVEN THIS YEAR"]
make([%q(PSYCHOLOGY, INEQUALITY, AND THE AMERICAN DREAM), %q(25N), %q(3), %q(3)]).includes ["NOT GIVEN THIS YEAR"]
make([%q(LANGUAGE ACQUISITION: EXPLORING THE MINDS OF CHILDREN), %q(26N), %q(3), %q(3)]).includes ["WIN"]
make([%q(THE PSYCHOLOGY OF PREJUDICE), %q(27N), %q(3), %q(3)]).includes ["NOT GIVEN THIS YEAR"]
make([%q(GROWING UP IN AMERICA (ENGLISH 64N)), %q(29N), %q(3), %q(3)]).includes ["WIN"]
make([%q(INTRODUCTION TO PERCEPTION), %q(30), %q(3), %q(3)]).includes ["AUT"]
make([%q(INTRODUCTION TO COGNITIVE AND INFORMATION SCIENCES (LINGUIST 144, PHIL 190, SYMSYS 100)), %q(35), %q(4), %q(4)]).includes ["WIN"]
make([%q(INTRODUCTION TO LEARNING AND MEMORY), %q(45), %q(3), %q(3)]).includes ["SPR"]
make([%q(INTRODUCTION TO COGNITIVE NEUROSCIENCE), %q(50), %q(4), %q(4)]).includes ["WIN"]
make([%q(INTRODUCTION TO COGNITION AND THE BRAIN), %q(55), %q(4), %q(4)]).includes ["NOT GIVEN THIS YEAR"]
make([%q(INTRODUCTION TO DEVELOPMENTAL PSYCHOLOGY), %q(60), %q(3), %q(3)]).includes ["SPR"]
make([%q(INTRODUCTION TO DEVELOPMENTAL PSYCHOLOGY SECTION), %q(60A), %q(2), %q(2)]).includes ["SPR"]
make([%q(INTRODUCTION TO SOCIAL PSYCHOLOGY), %q(70), %q(4), %q(4)]).includes ["NOT GIVEN THIS YEAR"]
make([%q(INTRODUCTION TO CULTURAL PSYCHOLOGY), %q(75), %q(5), %q(5)]).includes ["SPR"]
make([%q(INTRODUCTION TO PERSONALITY AND AFFECTIVE SCIENCE), %q(80), %q(3), %q(3)]).includes ["SPR"]
make([%q(INTRODUCTION TO CLINICAL PSYCHOLOGY), %q(90), %q(3), %q(3)]).includes ["AUT"]
make([%q(INTRODUCTION TO ABNORMAL PSYCHOLOGY), %q(95), %q(3), %q(3)]).includes ["WIN"]
make([%q(COMMUNITY HEALTH PSYCHOLOGY (HUMBIO 128)), %q(101), %q(4), %q(4)]).includes ["WIN"]
make([%q(LONGEVITY (HUMBIO 149L, NENS 202)), %q(102), %q(4), %q(4)]).includes ["WIN"]
make([%q(UNIQUELY HUMAN), %q(104), %q(3), %q(3)]).includes ["NOT GIVEN THIS YEAR"]
make([%q(AFFECTIVE SCIENCE), %q(104S), %q(3), %q(3)]).includes ["NOT GIVEN THIS YEAR"]
make([%q(SOCIAL NEUROSCIENCE), %q(105), %q(3), %q(3)]).includes ["AUT"]
make([%q(GENERAL PSYCHOLOGY), %q(105S), %q(3), %q(3)]).includes ["SUM"]
make([%q(SEMINAR ON VISUAL DEVELOPMENT), %q(106), %q(3), %q(3)]).includes ["NOT GIVEN THIS YEAR"]
make([%q(VISUAL PROCESSING OF FACES), %q(107), %q(2), %q(3)]).includes ["NOT GIVEN THIS YEAR"]
make([%q(INTRODUCTION TO SOCIAL PSYCHOLOGY), %q(107S), %q(3), %q(3)]).includes ["NOT GIVEN THIS YEAR"]
make([%q(INTRODUCTION TO SOCIAL PSYCHOLOGY), %q(108S), %q(3), %q(3)]).includes ["SUM"]
make([%q(INTRODUCTION TO COGNITIVE NEUROSCIENCE), %q(109S), %q(3), %q(3)]).includes ["SUM"]
make([%q(RESEARCH METHODS AND EXPERIMENTAL DESIGN), %q(110), %q(5), %q(5)]).includes ["NOT GIVEN THIS YEAR"]
make([%q(ABNORMAL PSYCHOLOGY), %q(111S), %q(3), %q(3)]).includes ["NOT GIVEN THIS YEAR"]
make([%q(DEVELOPMENTAL PSYCHOLOGY), %q(113S), %q(3), %q(3)]).includes ["SUM"]
make([%q(PERSONALITY PSYCHOLOGY), %q(115S), %q(3), %q(3)]).includes ["SUM"]
make([%q(LITERATURE AND THE BRAIN (ENGLISH 118, FRENCH 118, FRENCH 318)), %q(118F), %q(5), %q(5)]).includes ["NOT GIVEN THIS YEAR"]
make([%q(PSYCHOLOGY AND PUBLIC POLICY), %q(119), %q(5), %q(5)]).includes ["NOT GIVEN THIS YEAR"]
make([%q(THE PSYCHOLOGY OF STIGMA), %q(119S), %q(3), %q(3)]).includes ["NOT GIVEN THIS YEAR"]
make([%q(CELLULAR NEUROSCIENCE: CELL SIGNALING AND BEHAVIOR (BIO 153)), %q(120), %q(4), %q(4)]).includes ["AUT"]
make([%q(ION TRANSPORT AND INTRACELLULAR MESSENGERS (PSYCH 228)), %q(121), %q(1), %q(3)]).includes ["WIN"]
make([%q(APPLYING PSYCHOLOGY TO MODERN LIFE), %q(124S), %q(3), %q(3)]).includes ["NOT GIVEN THIS YEAR"]
make([%q(BEYOND STEREOTYPE THREAT: CLAIMING A RIGHTFUL PLACE IN AN ACADEMIC COMMUNITY (CTL 130)), %q(125), %q(3), %q(3)]).includes ["NOT GIVEN THIS YEAR"]
make([%q(LANGUAGE ANDTHOUGHT), %q(125S), %q(3), %q(3)]).includes ["SUM"]
make([%q(HAPPINESS, WELL-BEING, GENDER (FEMGEN 156)), %q(129), %q(1), %q(3)]).includes ["WIN"]
make([%q(NARRATIVE PSYCHOLOGY), %q(130A), %q(3), %q(3)]).includes ["SPR"]
make([%q(POSITIVE PSYCHOLOGY: HAPPINESS & WELL-BEING), %q(130S), %q(3), %q(3)]).includes ["NOT GIVEN THIS YEAR"]
make([%q(LANGUAGE AND THOUGHT (PSYCH 262)), %q(131), %q(4), %q(4)]).includes ["AUT"]
make([%q(THE NEGLECTED SENSES: HEARING, TOUCH, SMELL AND TASTE), %q(132S), %q(3), %q(3)]).includes ["SUM"]
make([%q(SEMINAR ON LANGUAGE AND DECEPTION), %q(134), %q(3), %q(3)]).includes ["WIN"]
make([%q(THE ART AND SCIENCE OF EMOTIONAL INTELLIGENCE), %q(134S), %q(3), %q(3)]).includes ["SUM"]
make([%q(WISE INTERVENTIONS (PSYCH 238)), %q(138), %q(4), %q(4)]).includes ["NOT GIVEN THIS YEAR"]
make([%q(SPORT PSYCHOLOGY), %q(140S), %q(3), %q(3)]).includes ["NOT GIVEN THIS YEAR"]
make([%q(COGNITIVE DEVELOPMENT), %q(141), %q(3), %q(3)]).includes ["NOT GIVEN THIS YEAR"]
make([%q(HEALTH PSYCHOLOGY), %q(141S), %q(3), %q(3)]).includes ["NOT GIVEN THIS YEAR"]
make([%q(THE PSYCHOLOGY OF SOCIAL MEDIA), %q(142S), %q(3), %q(3)]).includes ["NOT GIVEN THIS YEAR"]
make([%q(DEVELOPMENTAL ANOMALIES), %q(143), %q(3), %q(3)]).includes ["NOT GIVEN THIS YEAR"]
make([%q(THE PSYCHOLOGY OF MEAN GIRLS), %q(143S), %q(3), %q(3)]).includes ["NOT GIVEN THIS YEAR"]
make([%q(SEMINAR ON INFANT DEVELOPMENT), %q(145), %q(1), %q(2)]).includes ["SPR"]
make([%q(OBSERVATION OF CHILDREN), %q(146), %q(3), %q(5)]).includes ["AUT", "WIN"]
make([%q(DEVELOPMENT IN EARLY CHILDHOOD), %q(147), %q(3), %q(5)]).includes ["AUT", "WIN", "SPR"]
make([%q(INTRODUCTION TO COUNSELING (EDUC 130)), %q(148), %q(3), %q(3)]).includes ["WIN"]
make([%q(THE INFANT MIND: COGNITIVE DEVELOPMENT OVER THE FIRST YEAR), %q(149), %q(3), %q(3)]).includes ["NOT GIVEN THIS YEAR"]
make([%q(RACE AND CRIME), %q(150), %q(3), %q(3)]).includes ["NOT GIVEN THIS YEAR"]
make([%q(EMOTION REGULATION AND PSYCHOPATHOLOGY), %q(151), %q(3), %q(3)]).includes ["NOT GIVEN THIS YEAR"]
make([%q(MEDIATION FOR DISPUTE RESOLUTION (EDUC 131)), %q(152), %q(3), %q(3)]).includes ["AUT"]
make([%q(DOING RACE AND ETHNICITY: HOW AND WHY IT MATTERS), %q(152F), %q(3), %q(3)]).includes ["NOT GIVEN THIS YEAR"]
make([%q(JUDGMENT AND DECISION-MAKING), %q(154), %q(3), %q(3)]).includes ["SPR"]
make([%q(SOCIAL FOUNDATIONS OF EXPERTISE AND INTELLIGENCE), %q(157), %q(3), %q(3)]).includes ["NOT GIVEN THIS YEAR"]
make([%q(EMOTIONS: HISTORY, THEORIES, AND RESEARCH (PSYCH 259)), %q(158), %q(1), %q(3)]).includes ["NOT GIVEN THIS YEAR"]
make([%q(PSYCHOLOGY OF ATTITUDE CHANGE AND SOCIAL INFLUENCE), %q(159), %q(3), %q(3)]).includes ["NOT GIVEN THIS YEAR"]
make([%q(EMOTION (PSYCH 261)), %q(161), %q(3), %q(3)]).includes ["NOT GIVEN THIS YEAR"]
make([%q(SEMINAR ON AGGRESSION), %q(167), %q(3), %q(3)]).includes ["NOT GIVEN THIS YEAR"]
make([%q(THE PSYCHOLOGY OF COMMUNICATION ABOUT POLITICS IN AMERICA (COMM 164, COMM 264, POLISCI 224L)), %q(170), %q(4), %q(4)]).includes ["NOT GIVEN THIS YEAR"]
make([%q(RESEARCH SEMINAR ON AGING), %q(171), %q(4), %q(4)]).includes ["AUT", "WIN", "SPR"]
make([%q(THE PSYCHOLOGY OF EVERYDAY MORALITY (PSYCH 270)), %q(179), %q(4), %q(4)]).includes ["NOT GIVEN THIS YEAR"]
make([%q(SOCIAL PSYCHOLOGICAL PERSPECTIVES ON STEREOTYPING AND PREJUDICE), %q(180), %q(4), %q(4)]).includes ["NOT GIVEN THIS YEAR"]
make([%q(SEMINAR IN APPLIED COGNITIVE DEVELOPMENT), %q(182), %q(3), %q(3)]).includes ["SPR"]
make([%q(MIND, CULTURE, AND SOCIETY RESEARCH CORE), %q(183), %q(2), %q(3)]).includes ["AUT", "WIN", "SPR"]
make([%q(THE PSYCHOLOGY OF EVERYDAY MORALITY (PSYCH 286)), %q(186), %q(3), %q(3)]).includes ["NOT GIVEN THIS YEAR"]
make([%q(STANFORD CENTER ON LONGEVITY PRACTICUM), %q(189), %q(3), %q(3)]).includes ["AUT", "WIN", "SPR", "SUM"]
make([%q(SPECIAL RESEARCH PROJECTS), %q(190), %q(1), %q(6)]).includes ["AUT", "WIN", "SPR"]
make([%q(CAREER AND PERSONAL COUNSELING (EDUC 134, EDUC 234)), %q(192), %q(3), %q(3)]).includes ["SPR"]
make([%q(SPECIAL LABORATORY RESEARCH), %q(193), %q(1), %q(6)]).includes ["AUT", "WIN", "SPR", "SUM"]
make([%q(SPECIAL LABORATORY RESEARCH), %q(193A), %q(1), %q(6)]).includes ["AUT", "WIN", "SPR", "SUM"]
make([%q(READING AND SPECIAL WORK), %q(194), %q(1), %q(3)]).includes ["AUT", "WIN", "SPR", "SUM"]
make([%q(SPECIAL LABORATORY PROJECTS), %q(195), %q(1), %q(6)]).includes ["AUT", "WIN", "SPR", "SUM"]
make([%q(CONTEMPORARY PSYCHOLOGY: OVERVIEW OF THEORY, RESEARCH, APPLICATIONS), %q(196), %q(3), %q(3)]).includes ["AUT"]
make([%q(ADVANCED PSYCHOLOGY RESEARCH METHODS), %q(196A), %q(3), %q(3)]).includes ["WIN"]
make([%q(ADVANCED RESEARCH), %q(197), %q(1), %q(4)]).includes ["AUT"]
make([%q(SENIOR HONORS RESEARCH), %q(198), %q(1), %q(4)]).includes ["AUT", "WIN", "SPR"]
make([%q(TEMPTATIONS AND SELF CONTROL (PSYCH 299)), %q(199), %q(2), %q(2)]).includes ["NOT GIVEN THIS YEAR"]
make([%q(SOCIAL PSYCHOLOGY LECTURE SERIES), %q(201), %q(3), %q(3)]).includes ["NOT GIVEN THIS YEAR"]
make([%q(COGNITIVE NEUROSCIENCE), %q(202), %q(3), %q(3)]).includes ["SPR"]
make([%q(MODELS OF LANGUAGE ACQUISITION), %q(203), %q(3), %q(3)]).includes ["NOT GIVEN THIS YEAR"]
make([%q(COMPUTATION AND COGNITION: THE PROBABILISTIC APPROACH), %q(204), %q(3), %q(4)]).includes ["AUT"]
make([%q(HUMAN NEUROIMAGING METHODS), %q(204A), %q(3), %q(3)]).includes ["AUT"]
make([%q(COMPUTATIONAL NEUROIMAGING: ANALYSIS METHODS), %q(204B), %q(1), %q(3)]).includes ["WIN"]
make([%q(FOUNDATIONS OF COGNITION), %q(205), %q(1), %q(3)]).includes ["SPR"]
make([%q(CORTICAL PLASTICITY: PERCEPTION AND MEMORY), %q(206), %q(1), %q(3)]).includes ["NOT GIVEN THIS YEAR"]
make([%q(PROFESSIONAL SEMINAR FOR FIRST-YEAR PH.D. GRADUATE STUDENTS), %q(207), %q(2), %q(3)]).includes ["AUT"]
make([%q(PROFESSIONAL DEVELOPMENT SEMINAR IN PSYCHOLOGY), %q(207B), %q(0), %q(1)]).includes ["NOT GIVEN THIS YEAR"]
make([%q(ADVANCED TOPICS IN SELF-DEFENSE), %q(208), %q(1), %q(3)]).includes ["NOT GIVEN THIS YEAR"]
make([%q(MODELS OF COGNITIVE PROCESSES), %q(209), %q(4), %q(4)]).includes ["NOT GIVEN THIS YEAR"]
make([%q(DEVELOPMENTAL PSYCHOLOGY), %q(211), %q(1), %q(3)]).includes ["WIN"]
make([%q(SOCIAL PSYCHOLOGY), %q(212), %q(1), %q(3)]).includes ["WIN"]
make([%q(AFFECTIVE SCIENCE), %q(213), %q(3), %q(3)]).includes ["WIN"]
make([%q(MIND, CULTURE, AND SOCIETY), %q(215), %q(3), %q(3)]).includes ["WIN"]
make([%q(PUBLIC POLICY AND SOCIAL PSYCHOLOGY: IMPLICATIONS AND APPLICATIONS (IPS 207B, PUBLPOL 305B)), %q(216), %q(4), %q(4)]).includes ["NOT GIVEN THIS YEAR"]
make([%q(STATISTICS AND DATA ANALYSIS IN MATLAB), %q(216A), %q(1), %q(3)]).includes ["NOT GIVEN THIS YEAR"]
make([%q(TOPICS AND METHODS RELATED TO CULTURE AND EMOTION), %q(217), %q(1), %q(3)]).includes ["WIN"]
make([%q(EARLY SOCIAL COGNITIVE DEVELOPMENT), %q(218), %q(1), %q(3)]).includes ["NOT GIVEN THIS YEAR"]
make([%q(SPECIAL TOPICS IN COGNITIVE DEVELOPMENT), %q(220), %q(1), %q(3)]).includes ["NOT GIVEN THIS YEAR"]
make([%q(TEMPTATIONS AND SELF CONTROL), %q(220S), %q(3), %q(3)]).includes ["NOT GIVEN THIS YEAR"]
make([%q(APPLIED VISION AND IMAGE SYSTEMS), %q(221), %q(1), %q(3)]).includes ["WIN"]
make([%q(SOCIAL NORMS (OB 630)), %q(223), %q(3), %q(3)]).includes ["WIN"]
make([%q(RESEARCH TOPICS IN EMOTION REGULATION), %q(224), %q(1), %q(1)]).includes ["NOT GIVEN THIS YEAR"]
make([%q(SPECIAL NEUROSCIENCE SEMINAR WITH DR. SHINOBU KITAYAMA), %q(225), %q(1), %q(2)]).includes ["NOT GIVEN THIS YEAR"]
make([%q(MODELS AND MECHANISMS OF MEMORY), %q(226), %q(1), %q(3)]).includes ["NOT GIVEN THIS YEAR"]
make([%q(ION TRANSPORT AND INTRACELLULAR MESSENGERS (PSYCH 121)), %q(228), %q(1), %q(3)]).includes ["WIN"]
make([%q(QUESTIONNAIRE DESIGN FOR SURVEYS AND LABORATORY EXPERIMENTS: SOCIAL AND COGNITIVE PERSPECTIVES (COMM 339, POLISCI 421K)), %q(231), %q(4), %q(4)]).includes ["NOT GIVEN THIS YEAR"]
make([%q(BRAIN AND DECISION MAKING), %q(232), %q(3), %q(3)]).includes ["SPR"]
make([%q(MATLAB AND PSYCHTOOLBOX FOR THE BEHAVIORAL SCIENCES), %q(233), %q(1), %q(3)]).includes ["NOT GIVEN THIS YEAR"]
make([%q(TOPICS IN DEPRESSION), %q(234), %q(1), %q(3)]).includes ["NOT GIVEN THIS YEAR"]
make([%q(MOTIVATION AND EMOTION), %q(235), %q(3), %q(3)]).includes ["SPR"]
make([%q(SEM IN SEMANTICS: REPRESENTATIONS OF MEANING (LINGUIST 236)), %q(236C), %q(3), %q(3)]).includes ["NOT GIVEN THIS YEAR"]
make([%q(MATHEMATICAL COGNITION), %q(237), %q(2), %q(4)]).includes ["AUT"]
make([%q(WISE INTERVENTIONS (PSYCH 138)), %q(238), %q(4), %q(4)]).includes ["NOT GIVEN THIS YEAR"]
make([%q(FORMAL AND COMPUTATIONAL APPROACHES IN PSYCHOLOGY AND COGNITIVE SCIENCE), %q(239), %q(3), %q(3)]).includes ["NOT GIVEN THIS YEAR"]
make([%q(PROBABILISTIC MODELS OF SOCIAL BEHAVIOR AND AFFECT), %q(241), %q(4), %q(4)]).includes ["SPR"]
make([%q(GENERAL DEVELOPMENT SEMINAR), %q(243), %q(1), %q(2)]).includes ["WIN"]
make([%q(PSYCHOLOGY OF AGING), %q(244), %q(1), %q(3)]).includes ["NOT GIVEN THIS YEAR"]
make([%q(SOCIAL PSYCHOLOGICAL PERSPECTIVES ON STEREOTYPING AND PREJUDICE), %q(245), %q(3), %q(3)]).includes ["NOT GIVEN THIS YEAR"]
make([%q(COGNITIVE AND NEUROSCIENCE FRIDAY SEMINAR), %q(246), %q(1), %q(1)]).includes ["AUT", "WIN", "SPR"]
make([%q(FUNDAMENTALS OF NEUROSCIENCE FOR NON-LIFE-SCIENTISTS), %q(247), %q(2), %q(2)]).includes ["NOT GIVEN THIS YEAR"]
make([%q(HUMAN MOTIVATION), %q(249), %q(1), %q(3)]).includes ["NOT GIVEN THIS YEAR"]
make([%q(HIGH-LEVEL VISION: OBJECT REPRESENTATION (CS 431)), %q(250), %q(3), %q(3)]).includes ["SPR"]
make([%q(AFFECTIVE NEUROSCIENCE), %q(251), %q(3), %q(3)]).includes ["SPR"]
make([%q(STATISTICAL METHODS FOR BEHAVIORAL AND SOCIAL SCIENCES), %q(252), %q(1), %q(6)]).includes ["AUT"]
make([%q(STATISTICAL THEORY, MODELS, AND METHODOLOGY), %q(253), %q(3), %q(3)]).includes ["SPR"]
make([%q(LAB IN EXPERIMENTAL METHODS), %q(254), %q(3), %q(3)]).includes ["NOT GIVEN THIS YEAR"]
make([%q(INDIVIDUALLY SUPERVISED PRACTICUM), %q(257), %q(3), %q(5)]).includes ["AUT", "WIN", "SPR", "SUM"]
make([%q(GRADUATE SEMINAR IN SOCIAL PSYCHOLOGY RESEARCH), %q(258), %q(1), %q(3)]).includes ["AUT", "WIN", "SPR"]
make([%q(EMOTIONS: HISTORY, THEORIES, AND RESEARCH (PSYCH 158)), %q(259), %q(1), %q(3)]).includes ["NOT GIVEN THIS YEAR"]
make([%q(EMOTION (PSYCH 161)), %q(261), %q(3), %q(3)]).includes ["NOT GIVEN THIS YEAR"]
make([%q(LEARNING AND COGNITION IN ACTIVITY (EDUC 295)), %q(261A), %q(3), %q(3)]).includes ["NOT GIVEN THIS YEAR"]
make([%q(LANGUAGE AND THOUGHT (PSYCH 131)), %q(262), %q(4), %q(4)]).includes ["AUT"]
make([%q(SOCIAL PSYCHOLOGY AND SOCIAL CHANGE (EDUC 371X)), %q(265), %q(2), %q(3)]).includes ["SPR"]
make([%q(CURRENT DEBATES IN LEARNING AND MEMORY), %q(266), %q(1), %q(3)]).includes ["WIN"]
make([%q(HUMAN MEMORY: FACTS, FALLACIES, AND FRAGILE POWERS), %q(267), %q(1), %q(3)]).includes ["NOT GIVEN THIS YEAR"]
make([%q(GRADUATE SEMINAR IN AFFECTIVE SCIENCE), %q(269), %q(1), %q(1)]).includes ["AUT", "WIN", "SPR"]
make([%q(THE PSYCHOLOGY OF EVERYDAY MORALITY (PSYCH 179)), %q(270), %q(4), %q(4)]).includes ["NOT GIVEN THIS YEAR"]
make([%q(SPECIAL TOPICS IN PSYCHOLINGUISTICS), %q(272), %q(1), %q(3)]).includes ["NOT GIVEN THIS YEAR"]
make([%q(GRADUATE SEMINAR ON LANGUAGE, COGNITION, AND PERCEPTION), %q(273), %q(3), %q(3)]).includes ["NOT GIVEN THIS YEAR"]
make([%q(GRADUATE RESEARCH WORKSHOP ON PSYCHOLOGICAL INTERVENTIONS (EDUC 287X)), %q(274), %q(3), %q(3)]).includes ["NOT GIVEN THIS YEAR"]
make([%q(GRADUATE RESEARCH), %q(275), %q(1), %q(15)]).includes ["AUT", "WIN", "SPR", "SUM"]
make([%q(PSYCHOLOGY OF PEDAGOGY (EDUC 248X)), %q(277), %q(1), %q(3)]).includes ["WIN"]
make([%q(TOPICS IN COGNITIVE CONTROL), %q(279), %q(1), %q(3)]).includes ["NOT GIVEN THIS YEAR"]
make([%q(PRACTICUM IN TEACHING), %q(281), %q(1), %q(5)]).includes ["AUT", "WIN", "SPR", "SUM"]
make([%q(PRACTICUM IN TEACHING PSYCH 1), %q(282), %q(1), %q(2)]).includes ["AUT", "WIN", "SPR"]
make([%q(INTERNATIONAL CONFLICT RESOLUTION COLLOQUIUM (IPS 250A)), %q(283), %q(1), %q(1)]).includes ["NOT GIVEN THIS YEAR"]
make([%q(COMPUTATIONAL MODELING OF A RANGE OF NEURAL CIRCUITS), %q(284), %q(1), %q(3)]).includes ["NOT GIVEN THIS YEAR"]
make([%q(THE PSYCHOLOGY OF EVERYDAY MORALITY (PSYCH 186)), %q(286), %q(3), %q(3)]).includes ["NOT GIVEN THIS YEAR"]
make([%q(CONNECTOMES), %q(287), %q(1), %q(3)]).includes ["SPR"]
make([%q(HIERARCHICAL LINEAR MODELING FOR PSYCHOLOGICAL SCIENCES), %q(288), %q(1), %q(3)]).includes ["NOT GIVEN THIS YEAR"]
make([%q(SENSORY REPRESENTATIONS IN LANGUAGE AND MEMORY), %q(289), %q(1), %q(3)]).includes ["NOT GIVEN THIS YEAR"]
make([%q(GRADUATE RESEARCH METHODS), %q(290), %q(2), %q(2)]).includes ["NOT GIVEN THIS YEAR"]
make([%q(PSYCHOLOGY TEACHING METHODS), %q(291), %q(1), %q(2)]).includes ["NOT GIVEN THIS YEAR"]
make([%q(SPECIAL TOPICS IN EMOTION REGULATION), %q(292), %q(1), %q(1)]).includes ["AUT", "WIN", "SPR"]
make([%q(COMMUNICATION, INTENTIONALITY, AND THE ORIGINS OF LANGUAGE), %q(293), %q(3), %q(3)]).includes ["NOT GIVEN THIS YEAR"]
make([%q(HUMAN PROSOCIALITY), %q(294), %q(3), %q(3)]).includes ["NOT GIVEN THIS YEAR"]
make([%q(COGNITIVE MODELING USING BAYESIAN STATISTICS), %q(295), %q(2), %q(3)]).includes ["SPR"]
make([%q(SEMINAR FOR COTERMINAL MASTER OF ARTS), %q(297), %q(1), %q(2)]).includes ["SPR"]
make([%q(TEMPTATIONS AND SELF CONTROL (PSYCH 199)), %q(299), %q(2), %q(2)]).includes ["NOT GIVEN THIS YEAR"]
make([%q(HUMAN AND MACHINE HEARING), %q(303), %q(3), %q(3)]).includes ["NOT GIVEN THIS YEAR"]
make([%q(RESEARCH SEMINAR: MIND, BRAIN, AND COMPUTATION), %q(373), %q(1), %q(1)]).includes ["AUT", "WIN", "SPR"]
make([%q(COLLABORATING WITH THE FUTURE: LAUNCHING LARGE SCALE SUSTAINABLE TRANSFORMATIONS (ENVRES 380, ME 380)), %q(380), %q(3), %q(4)]).includes ["SPR"]
make([%q(INTERNATIONAL CONFLICT RESOLUTION (IPS 250)), %q(383), %q(3), %q(3)]).includes ["WIN"]
make([%q(FRONTIERS IN INTERDISCIPLINARY BIOSCIENCES (BIO 459, BIOC 459, BIOE 459, CHEM 459, CHEMENG 459)), %q(459), %q(1), %q(1)]).includes ["NOT GIVEN THIS YEAR"]
make([%q(MASTER'S TGR PROJECT), %q(801), %q(0), %q(0)]).includes ["AUT", "WIN", "SPR", "SUM"]
make([%q(PHD TGR DISSERTATION), %q(802), %q(0), %q(0)]).includes ["AUT", "WIN", "SPR", "SUM"]
