make([%q(LIVES OF CONSEQUENCE), %q(10SC), %q(2), %q(2)]).includes ["SUM"]
make([%q(SEMINAR IN ENTREPRENEURIAL COMMUNICATION), %q(111Q), %q(3), %q(3)]).includes ["SPR"]
make([%q(LEADING OUT LOUD: AN EXPLORATION OF LEADERSHIP COMMUNICATION THROUGH AN LGBT LENS), %q(112Q), %q(3), %q(3)]).includes []
make([%q(CURRICULAR PRACTICAL TRAINING FOR PHD STUDENTS), %q(199), %q(1), %q(1)]).includes []
make([%q(CRITICAL ANALYTICAL THINKING), %q(202), %q(2), %q(2)]).includes []
make([%q(GLOBAL STRATEGY), %q(203), %q(1), %q(1)]).includes []
make([%q(ETHICS IN MANAGEMENT), %q(208), %q(2), %q(2)]).includes []
make([%q(MSX: EXECUTIVE COMMUNICATION STRATEGIES), %q(239), %q(2), %q(2)]).includes []
make([%q(MSX: ETHICS), %q(259), %q(1), %q(1)]).includes []
make([%q(THE CORE CURRICULUM IN THE WORKPLACE), %q(299), %q(1), %q(1)]).includes []
make([%q(REAL ESTATE INVESTMENT), %q(306), %q(4), %q(4)]).includes []
make([%q(ADVANCED SEMINAR ON SOCIAL ENTREPRENEURSHIP AND GLOBAL POVERTY), %q(313), %q(3), %q(3)]).includes []
make([%q(CREATING HIGH POTENTIAL VENTURES IN DEVELOPING ECONOMIES), %q(314), %q(3), %q(3)]).includes []
make([%q(STRATEGIC COMMUNICATION), %q(315), %q(4), %q(4)]).includes []
make([%q(REPUTATION MANAGEMENT: STRATEGIES FOR SUCCESSFUL COMMUNICATORS), %q(317), %q(4), %q(4)]).includes []
make([%q(LEADING WITH MINDFULNESS AND COMPASSION), %q(324), %q(3), %q(3)]).includes []
make([%q(DEALS II (GSBGEN 508)), %q(324), %q(2), %q(2)]).includes []
make([%q(FAMILY BUSINESS), %q(334), %q(3), %q(3)]).includes []
make([%q(ENERGY MARKETS AND POLICY), %q(336), %q(4), %q(4)]).includes []
make([%q(BUSINESS COLLABORATION TO PROMOTE A SUSTAINABLE FOOD SYSTEM), %q(337), %q(3), %q(3)]).includes []
make([%q(FINANCIAL CRISES IN THE U.S. AND EUROPE), %q(340), %q(4), %q(4)]).includes []
make([%q(COMPARING INSTITUTIONAL FORMS: PUBLIC, PRIVATE, AND NONPROFIT (EDUC 377, PUBLPOL 317, SOC 377)), %q(346), %q(4), %q(4)]).includes ["NOT GIVEN THIS YEAR"]
make([%q(THE ECONOMICS OF HIGHER EDUCATION), %q(348), %q(4), %q(4)]).includes []
make([%q(INTRODUCTION TO THE POLITICS OF EDUCATION), %q(349), %q(4), %q(4)]).includes []
make([%q(INTERNATIONAL INTERNSHIP), %q(350), %q(1), %q(2)]).includes []
make([%q(LEADING YOUR LIFE), %q(359), %q(3), %q(3)]).includes []
make([%q(SPORTS BUSINESS MANAGEMENT), %q(360), %q(4), %q(4)]).includes []
make([%q(FISCAL POLICY), %q(363), %q(4), %q(4)]).includes []
make([%q(SOCIAL INNOVATION PROJECT), %q(370), %q(2), %q(2)]).includes []
make([%q(WORK AND FAMILY), %q(376), %q(3), %q(3)]).includes []
make([%q(REAL ESTATE PRIVATE EQUITY INVESTING), %q(380), %q(4), %q(4)]).includes []
make([%q(STRATEGIC PHILANTHROPY), %q(381), %q(3), %q(3)]).includes []
make([%q(THINKING LIKE A LAWYER), %q(382), %q(3), %q(3)]).includes []
make([%q(INDIVIDUAL RESEARCH), %q(390), %q(1), %q(4)]).includes []
make([%q(IMPACT INVESTING: STRATEGIES AND TOOLS), %q(507), %q(2), %q(2)]).includes []
make([%q(DEALS II), %q(508), %q(2), %q(2)]).includes []
make([%q(TAKING STOCK AND MOVING FORWARD), %q(510), %q(1), %q(1)]).includes []
make([%q(FUNDING SOCIAL IMPACT: METHODS AND MEASUREMENT), %q(512), %q(2), %q(2)]).includes []
make([%q(ESSENTIALS OF STRATEGIC COMMUNICATION), %q(515), %q(2), %q(2)]).includes []
make([%q(USING NEUROSCIENCE TO INFLUENCE HUMAN BEHAVIOR), %q(516), %q(1), %q(1)]).includes []
make([%q(DYNAMICS OF THE GLOBAL WINE INDUSTRY), %q(518), %q(2), %q(2)]).includes []
make([%q(THE FRINKY SCIENCE OF THE HUMAN MIND), %q(520), %q(2), %q(2)]).includes []
make([%q(MANAGING UNDER UNCERTAINTY), %q(521), %q(2), %q(2)]).includes []
make([%q(LEADING WITH MINDFULNESS AND COMPASSION), %q(524), %q(3), %q(3)]).includes []
make([%q(FROM BUSINESS CONCEPT TO BUSINESS PLAN), %q(525), %q(1), %q(1)]).includes []
make([%q(CREATIVITY, PROBLEM SOLVING, AND INNOVATION), %q(528), %q(2), %q(2)]).includes []
make([%q(LEADING WITH AGILITY), %q(529), %q(2), %q(2)]).includes []
make([%q(LEARNING FROM EXPERIENCE), %q(530), %q(1), %q(1)]).includes []
make([%q(GLOBAL TRIP LEADERSHIP), %q(531), %q(2), %q(2)]).includes []
make([%q(CLEANTECH: BUSINESS FUNDAMENTALS AND PUBLIC POLICY), %q(532), %q(2), %q(2)]).includes []
make([%q(SUSTAINABILITY AS MARKET STRATEGY), %q(533), %q(2), %q(2)]).includes []
make([%q(EMERGING NETWORK-BASED CONSUMER SERVICES), %q(535), %q(1), %q(1)]).includes []
make([%q(THE ROLE OF BUSINESS IN SUSTAINABLE FOOD SYSTEMS), %q(537), %q(1), %q(1)]).includes []
make([%q(ENERGY POLICY, MARKETS, AND CLIMATE CHANGE), %q(538), %q(2), %q(2)]).includes []
make([%q(HOW TO TELL A STORY), %q(542), %q(1), %q(1)]).includes []
make([%q(THE POWER OF STORIES IN BUSINESS), %q(543), %q(2), %q(2)]).includes []
make([%q(THE ROLE OF THE MODERN GENERAL COUNSEL), %q(544), %q(2), %q(2)]).includes []
make([%q(CRAFTING YOUR LIFE STORY), %q(548), %q(1), %q(1)]).includes []
make([%q(ISSUES IN LEADERSHIP), %q(550), %q(2), %q(2)]).includes []
make([%q(INNOVATION AND MANAGEMENT IN HEALTH CARE), %q(551), %q(2), %q(2)]).includes []
make([%q(\INTRAPRENEURSHIP\ FOR SUSTAINABILITY:  DRIVING ENVIRONMENTAL CHANGE FROM WITHIN CORPORATIONS), %q(553), %q(2), %q(2)]).includes []
make([%q(SAVVY: CRAFTING EFFECTIVE COMMUNICATION), %q(554), %q(1), %q(1)]).includes []
make([%q(DESIGNING EMPATHY-BASED ORGANIZATIONS), %q(555), %q(1), %q(1)]).includes []
make([%q(AUTHENTICITY IN MARKETS: THE CASE OF THE WINE INDUSTRY), %q(557), %q(1), %q(1)]).includes []
make([%q(SPORTS BUSINESS FINANCING), %q(561), %q(2), %q(2)]).includes []
make([%q(SPORTS MARKETING), %q(562), %q(2), %q(2)]).includes []
make([%q(THE ENTERTAINMENT INDUSTRY - AN INTERSECTION OF ART AND COMMERCE), %q(564), %q(2), %q(2)]).includes []
make([%q(POLITICAL COMMUNICATION: HOW LEADERS BECOME LEADERS), %q(565), %q(2), %q(2)]).includes []
make([%q(REAL-LIFE ETHICS), %q(566), %q(2), %q(2)]).includes []
make([%q(SEEDING CHANGE: APPROACHES AND INNOVATIONS IN POVERTY ALLEVIATION), %q(567), %q(2), %q(2)]).includes []
make([%q(MANAGING DIFFICULT CONVERSATIONS), %q(568), %q(2), %q(2)]).includes []
make([%q(ONLINE FINANCIAL TRAINING FOR MANAGERS AND ENTREPRENEURS IN DEVELOPING ECONOMIES), %q(569), %q(2), %q(2)]).includes []
make([%q(BECOMING A LEADER: MANAGING EARLY CAREER CHALLENGES), %q(571), %q(2), %q(2)]).includes []
make([%q(THE ART OF DAMAGE CONTROL), %q(572), %q(2), %q(2)]).includes []
make([%q(LEADERSHIP AND CRISIS MANAGEMENT), %q(575), %q(2), %q(2)]).includes []
make([%q(WORK AND FAMILY), %q(576), %q(2), %q(2)]).includes []
make([%q(DECISIONS ABOUT THE FUTURE), %q(578), %q(2), %q(2)]).includes []
make([%q(MANAGEMENT OF REAL ESTATE INVESTMENT PORTFOLIOS), %q(580), %q(2), %q(2)]).includes []
make([%q(SOCIAL INNOVATION THROUGH CORPORATE SOCIAL RESPONSIBILITY), %q(585), %q(2), %q(2)]).includes []
make([%q(POVERTY, ENTREPRENEURSHIP, AND DEVELOPMENT), %q(586), %q(2), %q(2)]).includes []
make([%q(SURVIVE AND THRIVE: THE ART OF NAVIGATING CRUCIAL CONVERSATIONS), %q(587), %q(2), %q(2)]).includes []
make([%q(STANFORD-TSINGHUA EXCHANGE PROGRAM), %q(598), %q(2), %q(2)]).includes []
make([%q(NEUROSCIENCE FOR BUSINESS AND ECONOMICS), %q(635), %q(4), %q(4)]).includes []
make([%q(ADVANCED EMPIRICAL METHODS), %q(641), %q(3), %q(3)]).includes []
make([%q(COMMUNICATION STRATEGIES FOR SCHOLARS), %q(645), %q(2), %q(2)]).includes []
make([%q(BEHAVIORAL DECISION MAKING), %q(646), %q(3), %q(3)]).includes []
make([%q(ONLINE RESEARCH METHODS), %q(652), %q(2), %q(2)]).includes []
make([%q(PHD DIRECTED READING (ACCT 691, FINANCE 691, HRMGT 691, MGTECON 691, MKTG 691, OB 691, OIT 691, POLECON 691, STRAMGT 691)), %q(691), %q(1), %q(15)]).includes []
make([%q(PHD DISSERTATION RESEARCH (ACCT 692, FINANCE 692, HRMGT 692, MGTECON 692, MKTG 692, OB 692, OIT 692, POLECON 692, STRAMGT 692)), %q(692), %q(1), %q(15)]).includes []
make([%q(DOCTORAL PRACTICUM IN TEACHING), %q(698), %q(1), %q(2)]).includes []
make([%q(DOCTORAL PRACTICUM IN RESEARCH), %q(699), %q(1), %q(2)]).includes []
make([%q(TGR DISSERTATION (ACCT 802, FINANCE 802, HRMGT 802, MGTECON 802, MKTG 802, OB 802, OIT 802, POLECON 802, STRAMGT 802)), %q(802), %q(0), %q(0)]).includes []
