make([%q(MEDIA TECHNOLOGIES, PEOPLE, AND SOCIETY (COMM 211)), %q(1A), %q(4), %q(5)]).includes ["AUT"]
make([%q(MEDIA, CULTURE, AND SOCIETY (AMSTUD 1B)), %q(1B), %q(5), %q(5)]).includes ["WIN"]
make([%q(SELF-REPRESENTATION IN DIGITAL MEDIA), %q(100S), %q(3), %q(3)]).includes ["SUM"]
make([%q(POLITICAL COMMUNICATION AND SOCIAL MEDIA), %q(102S), %q(3), %q(3)]).includes ["NOT GIVEN THIS YEAR"]
make([%q(MEDIA ENTERTAINMENT), %q(103S), %q(3), %q(3)]).includes ["SUM"]
make([%q(REPORTING, WRITING, AND UNDERSTANDING THE NEWS), %q(104W), %q(5), %q(5)]).includes ["AUT", "SPR"]
make([%q(COMMUNICATION RESEARCH METHODS (COMM 206)), %q(106), %q(4), %q(5)]).includes ["WIN"]
make([%q(COMMUNICATION RESEARCH METHODS), %q(106S), %q(3), %q(5)]).includes ["NOT GIVEN THIS YEAR"]
make([%q(ENGENDERING COMPASSION WITH INTERACTIVE DIGITAL MEDIA), %q(107S), %q(3), %q(3)]).includes ["NOT GIVEN THIS YEAR"]
make([%q(MEDIA PROCESSES AND EFFECTS (COMM 208)), %q(108), %q(4), %q(5)]).includes ["AUT"]
make([%q(PSYCHOLOGY OF TECHNOLOGY & HUMAN-TECHNOLOGY INTERACTION), %q(109S), %q(3), %q(3)]).includes ["NOT GIVEN THIS YEAR"]
make([%q(BENDING THE TRUTH: PROPAGANDA IN MEDIA AND CULTURE), %q(112S), %q(3), %q(3)]).includes ["SUM"]
make([%q(FUN & GAMES: MOTIVATIONAL DESIGN OF USER EXPERIENCES), %q(115S), %q(3), %q(5)]).includes ["NOT GIVEN THIS YEAR"]
make([%q(JOURNALISM LAW (COMM 216)), %q(116), %q(4), %q(5)]).includes ["WIN"]
make([%q(DIGITAL JOURNALISM (COMM 217)), %q(117), %q(4), %q(5)]).includes ["WIN"]
make([%q(ENTREPRENEURIAL COMMUNICATION (COMM 218S)), %q(118S), %q(1), %q(1)]).includes ["SUM"]
make([%q(SOCIAL PSYCHOLOGY OF LARGE-SCALE MEDIA INTERVENTIONS), %q(119S), %q(3), %q(3)]).includes ["SUM"]
make([%q(DIGITAL MEDIA IN SOCIETY (AMSTUD 120, COMM 220)), %q(120W), %q(4), %q(5)]).includes ["SPR"]
make([%q(THE HUMAN RELATIONSHIP WITH MACHINES), %q(121S), %q(3), %q(3)]).includes ["SUM"]
make([%q(CONTENT ANALYSIS: STUDYING COMMUNICATION ARTIFACTS (COMM 222)), %q(122), %q(4), %q(5)]).includes ["AUT"]
make([%q(ARGUMENTATION AND PERSUASION (COMM 223)), %q(123), %q(4), %q(5)]).includes ["SPR"]
make([%q(PERSPECTIVES ON AMERICAN JOURNALISM (COMM 225)), %q(125), %q(4), %q(5)]).includes ["AUT"]
make([%q(THE IDEA OF A FREE PRESS), %q(130N), %q(3), %q(4)]).includes ["WIN"]
make([%q(MEDIA ETHICS AND RESPONSIBILITY (COMM 231)), %q(131), %q(4), %q(5)]).includes ["NOT GIVEN THIS YEAR"]
make([%q(NEED TO KNOW: THE TENSION BETWEEN A FREE PRESS AND NATIONAL SECURITY DECISION MAKING (COMM 233)), %q(133), %q(4), %q(5)]).includes ["SPR"]
make([%q(PUBLIC PARTICIPATION AND PUBLIC POLICY (COMM 234)), %q(134), %q(4), %q(5)]).includes ["NOT GIVEN THIS YEAR"]
make([%q(DELIBERATIVE DEMOCRACY AND ITS CRITICS (AMSTUD 135, COMM 235, COMM 335, POLISCI 234P, POLISCI 334P)), %q(135), %q(3), %q(5)]).includes ["SPR"]
make([%q(THE DIALOGUE OF DEMOCRACY (AMSTUD 137, COMM 237, POLISCI 232T, POLISCI 332T)), %q(137W), %q(4), %q(5)]).includes ["NOT GIVEN THIS YEAR"]
make([%q(DIGITAL MEDIA ENTREPRENEURSHIP (COMM 240)), %q(140), %q(3), %q(5)]).includes ["SPR"]
make([%q(COMMUNICATION POLICY AND REGULATION (COMM 143W, COMM 243)), %q(143), %q(4), %q(5)]).includes ["SPR"]
make([%q(COMMUNICATION POLICY AND REGULATION (COMM 143, COMM 243)), %q(143W), %q(4), %q(5)]).includes ["SPR"]
make([%q(MODERN HISTORY AND FUTURE OF JOURNALISM (COMM 247)), %q(147), %q(4), %q(5)]).includes ["ALTERNATE YEARS", "GIVEN NEXT YEAR"]
make([%q(THE FIRST AMENDMENT:  FREEDOM OF SPEECH AND PRESS (COMM 251, POLISCI 125P)), %q(151), %q(4), %q(5)]).includes ["SPR"]
make([%q(THE PRESS AND THE POLITICAL PROCESS (COMM 260, POLISCI 323R)), %q(160), %q(4), %q(5)]).includes ["NOT GIVEN THIS YEAR"]
make([%q(RESEARCH SEMINAR ON POLITICAL CAMPAIGNS), %q(161), %q(4), %q(4)]).includes ["NOT GIVEN THIS YEAR"]
make([%q(CAMPAIGNS, VOTING, MEDIA, AND ELECTIONS (COMM 262, POLISCI 120B)), %q(162), %q(4), %q(5)]).includes ["WIN"]
make([%q(RUNNING TIME: RUNNING AND WINNING ELECTIONS (POLISCI 229R)), %q(163), %q(5), %q(5)]).includes ["AUT"]
make([%q(THE PSYCHOLOGY OF COMMUNICATION ABOUT POLITICS IN AMERICA (COMM 264, POLISCI 224L, PSYCH 170)), %q(164), %q(4), %q(4)]).includes ["NOT GIVEN THIS YEAR"]
make([%q(VIRTUAL PEOPLE (COMM 266)), %q(166), %q(4), %q(5)]).includes ["WIN"]
make([%q(ADVANCED SEMINAR IN VIRTUAL REALITY RESEARCH), %q(167), %q(1), %q(3)]).includes ["NOT GIVEN THIS YEAR"]
make([%q(EXPERIMENTAL RESEARCH IN ADVANCED USER INTERFACES (COMM 268, COMM 368, ME 468)), %q(168), %q(1), %q(5)]).includes ["AUT"]
make([%q(MOVING PICTURES: HOW THE WEB, MOBILE AND TABLETS ARE REVOLUTIONIZING VIDEO JOURNALISM (COMM 271)), %q(171), %q(3), %q(5)]).includes ["WIN"]
make([%q(MEDIA PSYCHOLOGY (COMM 272)), %q(172), %q(4), %q(5)]).includes ["SPR"]
make([%q(ADVANCED DIGITAL MEDIA PRODUCTION (COMM 276)), %q(176), %q(4), %q(5)]).includes ["SPR"]
make([%q(SPECIALIZED WRITING AND REPORTING: ENVIRONMENTAL JOURNALISM (COMM 277C, EARTHSYS 177C, ENVRES 277C)), %q(177C), %q(4), %q(5)]).includes ["SPR"]
make([%q(SPECIALIZED WRITING AND REPORTING: MAGAZINE JOURNALISM (COMM 277D)), %q(177D), %q(4), %q(5)]).includes ["SPR"]
make([%q(SPECIALIZED WRITING AND REPORTING: COVERING SILICON VALLEY (COMM 277G)), %q(177G), %q(4), %q(5)]).includes ["WIN"]
make([%q(SPECIALIZED WRITING AND REPORTING: INVESTIGATIVE REPORTING (COMM 277I)), %q(177I), %q(4), %q(5)]).includes ["NOT GIVEN THIS YEAR"]
make([%q(SPECIALIZED WRITING AND REPORTING: SPORTS JOURNALISM (COMM 277S)), %q(177S), %q(4), %q(5)]).includes ["WIN"]
make([%q(SPECIALIZED WRITING AND REPORTING: FOREIGN CORRESPONDENCE IN THE MIDDLE EAST AND ASIA (COMM 277Y)), %q(177Y), %q(4), %q(5)]).includes ["AUT"]
make([%q(SOCIAL MEDIA ISSUES (COMM 282)), %q(182), %q(4), %q(5)]).includes ["AUT"]
make([%q(SOCIAL MEDIA LITERACIES (COMM 283)), %q(183), %q(4), %q(5)]).includes ["WIN"]
make([%q(HONORS THESIS), %q(195), %q(5), %q(5)]).includes ["AUT", "WIN", "SPR", "SUM"]
make([%q(INDIVIDUAL WORK), %q(199), %q(1), %q(5)]).includes ["AUT", "WIN", "SPR", "SUM"]
make([%q(COMMUNICATION RESEARCH METHODS (COMM 106)), %q(206), %q(4), %q(5)]).includes ["WIN"]
make([%q(MEDIA PROCESSES AND EFFECTS (COMM 108)), %q(208), %q(4), %q(5)]).includes ["AUT"]
make([%q(MEDIA TECHNOLOGIES, PEOPLE, AND SOCIETY (COMM 1A)), %q(211), %q(4), %q(5)]).includes ["AUT"]
make([%q(MODELS OF DEMOCRACY (COMM 312)), %q(212), %q(3), %q(5)]).includes ["NOT GIVEN THIS YEAR"]
make([%q(JOURNALISM LAW (COMM 116)), %q(216), %q(4), %q(5)]).includes ["WIN"]
make([%q(DIGITAL JOURNALISM (COMM 117)), %q(217), %q(4), %q(5)]).includes ["WIN"]
make([%q(ENTREPRENEURIAL COMMUNICATION (COMM 118S)), %q(218S), %q(1), %q(1)]).includes ["SUM"]
make([%q(DIGITAL MEDIA IN SOCIETY (AMSTUD 120, COMM 120W)), %q(220), %q(4), %q(5)]).includes ["SPR"]
make([%q(CONTENT ANALYSIS: STUDYING COMMUNICATION ARTIFACTS (COMM 122)), %q(222), %q(4), %q(5)]).includes ["AUT"]
make([%q(ARGUMENTATION AND PERSUASION (COMM 123)), %q(223), %q(4), %q(5)]).includes ["SPR"]
make([%q(PERSPECTIVES ON AMERICAN JOURNALISM (COMM 125)), %q(225), %q(4), %q(5)]).includes ["AUT"]
make([%q(MEDIA ETHICS AND RESPONSIBILITY (COMM 131)), %q(231), %q(4), %q(5)]).includes ["NOT GIVEN THIS YEAR"]
make([%q(NEED TO KNOW: THE TENSION BETWEEN A FREE PRESS AND NATIONAL SECURITY DECISION MAKING (COMM 133)), %q(233), %q(4), %q(5)]).includes ["SPR"]
make([%q(PUBLIC PARTICIPATION AND PUBLIC POLICY (COMM 134)), %q(234), %q(4), %q(5)]).includes ["NOT GIVEN THIS YEAR"]
make([%q(DELIBERATIVE DEMOCRACY AND ITS CRITICS (AMSTUD 135, COMM 135, COMM 335, POLISCI 234P, POLISCI 334P)), %q(235), %q(3), %q(5)]).includes ["SPR"]
make([%q(THE DIALOGUE OF DEMOCRACY (AMSTUD 137, COMM 137W, POLISCI 232T, POLISCI 332T)), %q(237), %q(4), %q(5)]).includes ["NOT GIVEN THIS YEAR"]
make([%q(DIGITAL MEDIA ENTREPRENEURSHIP (COMM 140)), %q(240), %q(3), %q(5)]).includes ["SPR"]
make([%q(MEDIA ECONOMICS (COMM 142)), %q(242), %q(4), %q(5)]).includes ["SPR"]
make([%q(COMMUNICATION POLICY AND REGULATION (COMM 143, COMM 143W)), %q(243), %q(4), %q(5)]).includes ["SPR"]
make([%q(MODERN HISTORY AND FUTURE OF JOURNALISM (COMM 147)), %q(247), %q(4), %q(5)]).includes ["ALTERNATE YEARS", "GIVEN NEXT YEAR"]
make([%q(THE FIRST AMENDMENT:  FREEDOM OF SPEECH AND PRESS (COMM 151, POLISCI 125P)), %q(251), %q(4), %q(5)]).includes ["SPR"]
make([%q(THE PRESS AND THE POLITICAL PROCESS (COMM 160, POLISCI 323R)), %q(260), %q(4), %q(5)]).includes ["NOT GIVEN THIS YEAR"]
make([%q(CAMPAIGNS, VOTING, MEDIA, AND ELECTIONS (COMM 162, POLISCI 120B)), %q(262), %q(4), %q(5)]).includes ["WIN"]
make([%q(THE PSYCHOLOGY OF COMMUNICATION ABOUT POLITICS IN AMERICA (COMM 164, POLISCI 224L, PSYCH 170)), %q(264), %q(4), %q(4)]).includes ["NOT GIVEN THIS YEAR"]
make([%q(VIRTUAL PEOPLE (COMM 166)), %q(266), %q(4), %q(5)]).includes ["WIN"]
make([%q(EXPERIMENTAL RESEARCH IN ADVANCED USER INTERFACES (COMM 168, COMM 368, ME 468)), %q(268), %q(1), %q(5)]).includes ["AUT"]
make([%q(COMPUTERS AND INTERFACES), %q(269), %q(4), %q(5)]).includes ["NOT GIVEN THIS YEAR"]
make([%q(MOVING PICTURES: HOW THE WEB, MOBILE AND TABLETS ARE REVOLUTIONIZING VIDEO JOURNALISM (COMM 171)), %q(271), %q(3), %q(5)]).includes ["WIN"]
make([%q(MEDIA PSYCHOLOGY (COMM 172)), %q(272), %q(4), %q(5)]).includes ["SPR"]
make([%q(PUBLIC ISSUES REPORTING I), %q(273), %q(3), %q(4)]).includes ["AUT"]
make([%q(PUBLIC ISSUES REPORTING II), %q(274), %q(3), %q(4)]).includes ["WIN"]
make([%q(MULTIMEDIA STORYTELLING: REPORTING AND PRODUCTION USING AUDIO, STILL IMAGES, AND VIDEO), %q(275), %q(4), %q(4)]).includes ["AUT"]
make([%q(ADVANCED DIGITAL MEDIA PRODUCTION (COMM 176)), %q(276), %q(4), %q(5)]).includes ["SPR"]
make([%q(SPECIALIZED WRITING AND REPORTING: ENVIRONMENTAL JOURNALISM (COMM 177C, EARTHSYS 177C, ENVRES 277C)), %q(277C), %q(4), %q(5)]).includes ["SPR"]
make([%q(SPECIALIZED WRITING AND REPORTING: MAGAZINE JOURNALISM (COMM 177D)), %q(277D), %q(4), %q(5)]).includes ["SPR"]
make([%q(SPECIALIZED WRITING AND REPORTING: COVERING SILICON VALLEY (COMM 177G)), %q(277G), %q(4), %q(5)]).includes ["WIN"]
make([%q(SPECIALIZED WRITING AND REPORTING: INVESTIGATIVE REPORTING (COMM 177I)), %q(277I), %q(4), %q(5)]).includes ["NOT GIVEN THIS YEAR"]
make([%q(SPECIALIZED WRITING AND REPORTING: SPORTS JOURNALISM (COMM 177S)), %q(277S), %q(4), %q(5)]).includes ["WIN"]
make([%q(SPECIALIZED WRITING AND REPORTING: FOREIGN CORRESPONDENCE IN THE MIDDLE EAST AND ASIA (COMM 177Y)), %q(277Y), %q(4), %q(5)]).includes ["AUT"]
make([%q(JOURNALISM AND IMAGINATIVE WRITING IN AMERICA (AMSTUD 257)), %q(278), %q(5), %q(5)]).includes ["NOT GIVEN THIS YEAR"]
make([%q(SOCIAL MEDIA ISSUES (COMM 182)), %q(282), %q(4), %q(5)]).includes ["AUT"]
make([%q(SOCIAL MEDIA LITERACIES (COMM 183)), %q(283), %q(4), %q(5)]).includes ["WIN"]
make([%q(JOURNALISM MASTER'S PROJECT), %q(289), %q(4), %q(4)]).includes ["SPR"]
make([%q(PROJECTS FOR PUBLICATION), %q(289C), %q(2), %q(2)]).includes ["NOT GIVEN THIS YEAR"]
make([%q(MEDIA STUDIES M.A. PROJECT), %q(290), %q(1), %q(2)]).includes ["AUT", "WIN", "SPR", "SUM"]
make([%q(GRADUATE JOURNALISM SEMINAR), %q(291), %q(1), %q(1)]).includes ["AUT", "WIN", "SPR"]
make([%q(INDIVIDUAL WORK), %q(299), %q(1), %q(4)]).includes ["AUT", "WIN", "SPR", "SUM"]
make([%q(COMMUNICATION RESEARCH, CURRICULUM DEVELOPMENT AND PEDAGOGY), %q(301), %q(1), %q(1)]).includes ["AUT"]
make([%q(SUMMER INSTITUTE IN POLITICAL PSYCHOLOGY), %q(307), %q(3), %q(3)]).includes ["GIVEN NEXT YEAR"]
make([%q(GRADUATE SEMINAR IN POLITICAL PSYCHOLOGY (POLISCI 324)), %q(308), %q(1), %q(3)]).includes ["NOT GIVEN THIS YEAR"]
make([%q(METHOD OF ANALYSIS PROGRAM IN THE SOCIAL SCIENCES (ANTHRO 446A)), %q(310), %q(1), %q(1)]).includes ["NOT GIVEN THIS YEAR"]
make([%q(THEORY OF COMMUNICATION), %q(311), %q(1), %q(5)]).includes ["GIVEN NEXT YEAR"]
make([%q(MODELS OF DEMOCRACY (COMM 212)), %q(312), %q(3), %q(5)]).includes ["NOT GIVEN THIS YEAR"]
make([%q(QUALITATIVE SOCIAL SCIENCE RESEARCH METHODS), %q(314), %q(1), %q(5)]).includes ["WIN"]
make([%q(THE PHILOSOPHY OF SOCIAL SCIENCE), %q(317), %q(1), %q(5)]).includes ["WIN"]
make([%q(QUANTITATIVE SOCIAL SCIENCE RESEARCH METHODS), %q(318), %q(1), %q(5)]).includes ["GIVEN NEXT YEAR"]
make([%q(ADVANCED TOPICS IN NEW MEDIA AND AMERICAN CULTURE), %q(320G), %q(1), %q(5)]).includes ["NOT GIVEN THIS YEAR"]
make([%q(ADVANCED TOPICS IN HUMAN VIRTUAL REPRESENTATION), %q(326), %q(1), %q(5)]).includes ["NOT GIVEN THIS YEAR"]
make([%q(COMMUNICATION AND MEDIA ETHICS), %q(331G), %q(1), %q(5)]).includes ["NOT GIVEN THIS YEAR"]
make([%q(DELIBERATIVE DEMOCRACY AND ITS CRITICS (AMSTUD 135, COMM 135, COMM 235, POLISCI 234P, POLISCI 334P)), %q(335), %q(3), %q(5)]).includes ["SPR"]
make([%q(QUESTIONNAIRE DESIGN FOR SURVEYS AND LABORATORY EXPERIMENTS: SOCIAL AND COGNITIVE PERSPECTIVES (POLISCI 421K, PSYCH 231)), %q(339), %q(4), %q(4)]).includes ["NOT GIVEN THIS YEAR"]
make([%q(POLITICAL COMMUNICATION (POLISCI 425)), %q(360G), %q(1), %q(5)]).includes ["AUT"]
make([%q(EXPERIMENTAL RESEARCH IN ADVANCED USER INTERFACES (COMM 168, COMM 268, ME 468)), %q(368), %q(1), %q(5)]).includes ["AUT"]
make([%q(SEMINAR IN PSYCHOLOGICAL PROCESSING), %q(372G), %q(1), %q(5)]).includes ["NOT GIVEN THIS YEAR"]
make([%q(HISTORY OF THE STUDY OF COMMUNICATION), %q(379), %q(1), %q(5)]).includes ["NOT GIVEN THIS YEAR"]
make([%q(CURRICULUM PRACTICAL TRAINING), %q(380), %q(1), %q(5)]).includes ["AUT", "WIN", "SPR", "SUM"]
make([%q(MEDIA TECHNOLOGY THEORY (ARTHIST 465)), %q(384), %q(3), %q(5)]).includes ["WIN"]
make([%q(MINOR RESEARCH PROJECT), %q(397), %q(1), %q(6)]).includes ["AUT", "WIN", "SPR", "SUM"]
make([%q(MAJOR RESEARCH PROJECT), %q(398), %q(1), %q(6)]).includes ["AUT", "WIN", "SPR", "SUM"]
make([%q(ADVANCED INDIVIDUAL WORK), %q(399), %q(1), %q(9)]).includes ["AUT", "WIN", "SPR", "SUM"]
make([%q(TGR PROJECT), %q(801), %q(0), %q(0)]).includes ["AUT", "WIN", "SPR", "SUM"]
make([%q(TGR DISSERTATION), %q(802), %q(0), %q(0)]).includes ["AUT", "WIN", "SPR", "SUM"]
