make([%q(MUSIC, MIND, AND HUMAN BEHAVIOR), %q(1A), %q(3), %q(3)]).includes ["NOT GIVEN THIS YEAR"]
make([%q(INTRODUCTION TO INDIAN CLASSICAL MUSIC), %q(1SI), %q(1), %q(1)]).includes ["SPR"]
make([%q(AN INTRODUCTION TO OPERA), %q(2C), %q(3), %q(3)]).includes ["AUT"]
make([%q(INTERACTIVE INTRODUCTION TO NORTH AMERICAN TAIKO), %q(4SI), %q(1), %q(1)]).includes ["WIN"]
make([%q(INTRODUCTION TO GU-ZHENG), %q(5G), %q(1), %q(1)]).includes ["AUT", "WIN", "SPR"]
make([%q(ART IS MY OCCUPATION: PROFESSIONAL DEVELOPMENT FOR CREATIVES (ARTSINST 5, ARTSTUDI 6P, TAPS 6P)), %q(6P), %q(1), %q(1)]).includes ["WIN"]
make([%q(PROFESSIONAL DEVELOPMENT FOR MUSIC STUDENTS), %q(6SI), %q(1), %q(1)]).includes ["NOT GIVEN THIS YEAR"]
make([%q(MUSICAL CULTURES OF THE WORLD), %q(7B), %q(3), %q(3)]).includes ["AUT"]
make([%q(ROCK, SEX, AND REBELLION), %q(8A), %q(3), %q(3)]).includes ["NOT GIVEN THIS YEAR"]
make([%q(SCIENCE OF SOUND), %q(10AX), %q(2), %q(2)]).includes ["SUM"]
make([%q(OPERA AND MUSICAL STAGECRAFT), %q(11AX), %q(2), %q(2)]).includes ["SUM"]
make([%q(A VIEW FROM THE PODIUM: THE ART OF CONDUCTING), %q(11N), %q(3), %q(3)]).includes ["AUT"]
make([%q(ART IN THE METROPOLIS (ARTSINST 11)), %q(11Q), %q(3), %q(3)]).includes ["SPR"]
make([%q(INTRODUCTORY PIANO CLASS), %q(12A), %q(1), %q(1)]).includes ["AUT", "WIN", "SPR", "SUM"]
make([%q(INTRODUCTORY PIANO CLASS), %q(12B), %q(1), %q(1)]).includes ["AUT", "WIN", "SPR", "SUM"]
make([%q(INTRODUCTORY PIANO CLASS), %q(12C), %q(1), %q(1)]).includes ["AUT", "WIN", "SPR", "SUM"]
make([%q(MUSICAL COLLISIONS AND RADICAL CREATIVITY), %q(12SC), %q(2), %q(2)]).includes ["NOT GIVEN THIS YEAR"]
make([%q(CLASSICAL MUSIC AND POLITICS: WESTERN MUSIC IN MODERN CHINA), %q(13Q), %q(3), %q(3)]).includes ["NOT GIVEN THIS YEAR"]
make([%q(PERFORMING AMERICA: THE BROADWAY MUSICAL), %q(13SC), %q(2), %q(2)]).includes ["NOT GIVEN THIS YEAR"]
make([%q(WOMEN MAKING MUSIC), %q(14N), %q(3), %q(3)]).includes ["AUT"]
make([%q(THE AESTHETICS OF DATA), %q(15N), %q(3), %q(3)]).includes ["AUT"]
make([%q(THE OPERAS OF MOZART), %q(17N), %q(3), %q(3)]).includes ["WIN"]
make([%q(PERSPECTIVES IN NORTH AMERICAN TAIKO), %q(17Q), %q(4), %q(4)]).includes ["NOT GIVEN THIS YEAR"]
make([%q(JAZZ HISTORY: RAGTIME TO BEBOP, 1900-1940 (AFRICAAM 18A)), %q(18A), %q(3), %q(3)]).includes ["WIN"]
make([%q(JAZZ HISTORY: BEBOP TO PRESENT, 1940-PRESENT (AFRICAAM 18B)), %q(18B), %q(3), %q(3)]).includes ["SPR"]
make([%q(INTRODUCTION TO MUSIC THEORY), %q(19A), %q(3), %q(3)]).includes ["AUT"]
make([%q(INTERMEDIATE MUSIC THEORY), %q(19B), %q(3), %q(3)]).includes ["SPR"]
make([%q(JAZZ THEORY), %q(20A), %q(3), %q(3)]).includes ["AUT"]
make([%q(ADVANCED JAZZ THEORY), %q(20B), %q(3), %q(3)]).includes ["ALTERNATE YEARS", "GIVEN NEXT YEAR"]
make([%q(JAZZ ARRANGING AND COMPOSITION), %q(20C), %q(3), %q(3)]).includes ["WIN"]
make([%q(ELEMENTS OF MUSIC I), %q(21), %q(3), %q(3)]).includes ["AUT", "WIN"]
make([%q(ELEMENTS OF MUSIC II), %q(22), %q(3), %q(3)]).includes ["WIN", "SPR"]
make([%q(ELEMENTS OF MUSIC III), %q(23), %q(3), %q(3)]).includes ["AUT", "SPR"]
make([%q(EAR TRAINING I), %q(24A), %q(1), %q(1)]).includes ["AUT", "WIN", "SPR"]
make([%q(EAR TRAINING II), %q(24B), %q(1), %q(1)]).includes ["AUT", "WIN", "SPR"]
make([%q(EAR TRAINING III), %q(24C), %q(1), %q(1)]).includes ["AUT", "WIN", "SPR"]
make([%q(A STRANGER IN A STRANGE LAND: JEWISH MUSICS IN TRANSLATION), %q(30N), %q(3), %q(3)]).includes ["NOT GIVEN THIS YEAR"]
make([%q(SCULPTING WITH SOUNDS, IMAGES, AND WORDS), %q(32N), %q(3), %q(3)]).includes ["AUT"]
make([%q(PERFORMING AMERICA: THE BROADWAY MUSICAL), %q(34N), %q(3), %q(3)]).includes ["SPR"]
make([%q(HUMOR IN MUSIC), %q(36N), %q(3), %q(3)]).includes ["NOT GIVEN THIS YEAR"]
make([%q(SINGING EARLY MUSIC), %q(38N), %q(3), %q(3)]).includes ["NOT GIVEN THIS YEAR"]
make([%q(MUSIC, HEALTH, AND MEDICINE), %q(39A), %q(3), %q(3)]).includes ["AUT"]
make([%q(MUSIC HISTORY TO 1600), %q(40), %q(4), %q(4)]).includes ["AUT"]
make([%q(MUSIC HISTORY 1600-1830), %q(41), %q(4), %q(4)]).includes ["WIN"]
make([%q(MUSIC HISTORY SINCE 1830), %q(42), %q(4), %q(4)]).includes ["SPR"]
make([%q(VOICE CLASS I), %q(65A), %q(1), %q(1)]).includes ["AUT", "WIN", "SPR", "SUM"]
make([%q(VOICE CLASS II), %q(65B), %q(1), %q(1)]).includes ["AUT", "WIN", "SPR", "SUM"]
make([%q(INTERMEDIATE PIANO CLASS), %q(72A), %q(1), %q(1)]).includes ["AUT", "WIN", "SPR", "SUM"]
make([%q(HARPSICHORD CLASS), %q(72C), %q(1), %q(1)]).includes ["AUT", "WIN", "SPR"]
make([%q(JAZZ PIANO CLASS), %q(72D), %q(1), %q(1)]).includes ["AUT", "WIN", "SPR"]
make([%q(INTERMEDIATE VOICE CLASS), %q(73), %q(1), %q(1)]).includes ["AUT", "WIN", "SPR"]
make([%q(CLASSICAL GUITAR CLASS), %q(74C), %q(1), %q(1)]).includes ["AUT", "WIN", "SPR"]
make([%q(HARP CLASS), %q(74D), %q(1), %q(1)]).includes ["AUT", "WIN", "SPR"]
make([%q(RENAISSANCE WIND INSTRUMENTS CLASS), %q(75B), %q(1), %q(1)]).includes ["AUT", "WIN", "SPR"]
make([%q(BRASS INSTRUMENTS CLASS), %q(76), %q(1), %q(1)]).includes ["AUT", "WIN", "SPR"]
make([%q(TUBA CLASS), %q(76A), %q(1), %q(1)]).includes ["AUT", "WIN", "SPR"]
make([%q(PERCUSSION CLASS), %q(77), %q(1), %q(1)]).includes ["AUT", "WIN", "SPR"]
make([%q(CREATIVE EXPRESSION: MUSICAL THEATER (TAPS 112)), %q(112), %q(4), %q(4)]).includes ["AUT", "WIN"]
make([%q(COUNTERPOINT), %q(122A), %q(4), %q(4)]).includes ["AUT"]
make([%q(ANALYSIS OF TONAL MUSIC), %q(122B), %q(4), %q(4)]).includes ["WIN"]
make([%q(INTRODUCTION TO 20TH-CENTURY COMPOSITION), %q(122C), %q(4), %q(4)]).includes ["SPR"]
make([%q(UNDERGRADUATE SEMINAR IN COMPOSITION), %q(123), %q(3), %q(3)]).includes ["AUT", "SPR"]
make([%q(INDIVIDUAL UNDERGRADUATE PROJECTS IN COMPOSITION), %q(125), %q(1), %q(3)]).includes ["AUT", "WIN", "SPR"]
make([%q(INTRODUCTION TO THOROUGHBASS), %q(126), %q(1), %q(3)]).includes ["WIN"]
make([%q(INSTRUMENTATION AND ORCHESTRATION), %q(127), %q(3), %q(3)]).includes ["AUT"]
make([%q(STANFORD LAPTOP ORCHESTRA: COMPOSITION, CODING, AND PERFORMANCE (CS 170)), %q(128), %q(1), %q(5)]).includes ["SPR"]
make([%q(INTRODUCTION TO CONDUCTING), %q(130A), %q(3), %q(3)]).includes ["ALTERNATE YEARS", "GIVEN NEXT YEAR"]
make([%q(ELEMENTARY ORCHESTRAL CONDUCTING), %q(130B), %q(3), %q(3)]).includes ["ALTERNATE YEARS", "GIVEN NEXT YEAR"]
make([%q(ELEMENTARY CHORAL CONDUCTING), %q(130C), %q(3), %q(3)]).includes ["ALTERNATE YEARS", "GIVEN NEXT YEAR"]
make([%q(TOPICS IN CHORAL MUSIC), %q(132), %q(2), %q(2)]).includes ["AUT"]
make([%q(STUDIES IN MEDIEVAL MUSIC (MUSIC 240)), %q(140), %q(3), %q(4)]).includes ["NOT GIVEN THIS YEAR"]
make([%q(IDENTITY AND POPULAR MUSIC (CSRE 140G, FEMGEN 140G)), %q(140G), %q(3), %q(5)]).includes ["SPR"]
make([%q(STUDIES IN RENAISSANCE MUSIC (MUSIC 241)), %q(141), %q(2), %q(4)]).includes ["ALTERNATE YEARS", "GIVEN NEXT YEAR"]
make([%q(STUDIES IN CLASSIC MUSIC (MUSIC 243)), %q(143), %q(3), %q(4)]).includes ["ALTERNATE YEARS", "GIVEN NEXT YEAR"]
make([%q(STUDIES IN ROMANTIC MUSIC (MUSIC 244)), %q(144), %q(3), %q(4)]).includes ["WIN"]
make([%q(MUSIC AND URBAN FILM (MUSIC 246)), %q(146), %q(3), %q(4)]).includes ["WIN"]
make([%q(LISTENING TO THE LOCAL: MUSIC ETHNOGRAPHY OF THE BAY AREA (MUSIC 247A)), %q(147A), %q(3), %q(5)]).includes ["SPR"]
make([%q(LATIN AMERICAN MUSIC AND GLOBALIZATION (MUSIC 247C)), %q(147C), %q(3), %q(4)]).includes ["AUT"]
make([%q(MUSICAL SHAKESPEARE: THEATER, SONG, OPERA, AND FILM (MUSIC 248)), %q(148), %q(3), %q(5)]).includes ["NOT GIVEN THIS YEAR"]
make([%q(REACTIONS TO THE RECORD: EARLY RECORDINGS, LOST STYLES, AND MUSIC'S FUTURE (MUSIC 249)), %q(149), %q(3), %q(4)]).includes ["SPR"]
make([%q(MUSICAL ACOUSTICS), %q(150), %q(3), %q(3)]).includes ["WIN"]
make([%q(STUDYING POPULAR MUSIC (FEMGEN 151, FEMGEN 251, MUSIC 251F)), %q(151F), %q(3), %q(5)]).includes ["WIN"]
make([%q(HISTORY OF ELECTRONIC MUSIC), %q(154), %q(1), %q(5)]).includes ["NOT GIVEN THIS YEAR"]
make([%q(SOUND ART I (ARTSTUDI 131)), %q(154A), %q(4), %q(4)]).includes ["AUT"]
make([%q(INTERMEDIA WORKSHOP (ARTSTUDI 239, MUSIC 255)), %q(155), %q(3), %q(4)]).includes ["WIN"]
make([%q(\SIC\: IMPROVISATION COLLECTIVE), %q(156), %q(1), %q(1)]).includes ["WIN"]
make([%q(EARLY MUSIC SINGERS), %q(159), %q(1), %q(1)]).includes ["AUT", "WIN", "SPR"]
make([%q(STANFORD SYMPHONY ORCHESTRA), %q(160), %q(1), %q(1)]).includes ["AUT", "WIN", "SPR"]
make([%q(STANFORD PHILHARMONIA ORCHESTRA), %q(160A), %q(1), %q(1)]).includes ["AUT", "WIN", "SPR"]
make([%q(STANFORD NEW ENSEMBLE), %q(160B), %q(1), %q(1)]).includes ["AUT", "WIN"]
make([%q(STANFORD BAROQUE SOLOISTS), %q(160C), %q(1), %q(1)]).includes ["AUT", "WIN", "SPR"]
make([%q(STANFORD CHINESE MUSIC ENSEMBLE), %q(160D), %q(1), %q(1)]).includes ["AUT", "WIN", "SPR"]
make([%q(SUMMER ORCHESTRA), %q(160S), %q(1), %q(1)]).includes ["SUM"]
make([%q(STANFORD WIND ENSEMBLE), %q(161A), %q(1), %q(1)]).includes ["AUT", "WIN", "SPR"]
make([%q(JAZZ ORCHESTRA), %q(161B), %q(1), %q(1)]).includes ["AUT", "WIN", "SPR"]
make([%q(RED VEST BAND), %q(161C), %q(1), %q(1)]).includes ["WIN", "SPR"]
make([%q(STANFORD BRASS ENSEMBLE), %q(161D), %q(1), %q(1)]).includes ["AUT", "WIN", "SPR"]
make([%q(STANFORD AFRO-LATIN JAZZ ORCHESTRA), %q(161E), %q(1), %q(1)]).includes ["AUT", "WIN", "SPR"]
make([%q(SYMPHONIC CHORUS), %q(162), %q(1), %q(1)]).includes ["AUT", "WIN", "SPR"]
make([%q(MEMORIAL CHURCH CHOIR), %q(163), %q(1), %q(1)]).includes ["AUT", "WIN", "SPR"]
make([%q(CHAMBER CHORALE), %q(165), %q(1), %q(1)]).includes ["AUT", "WIN", "SPR"]
make([%q(UNIVERSITY SINGERS), %q(167), %q(1), %q(1)]).includes ["AUT", "WIN", "SPR"]
make([%q(SUMMER CHORUS), %q(167S), %q(1), %q(1)]).includes ["SUM"]
make([%q(STANFORD TAIKO), %q(169), %q(1), %q(1)]).includes ["AUT", "WIN", "SPR"]
make([%q(COLLABORATIVE PIANO), %q(170), %q(1), %q(1)]).includes ["AUT"]
make([%q(CHAMBER MUSIC), %q(171), %q(1), %q(1)]).includes ["AUT", "WIN", "SPR"]
make([%q(PIANO), %q(172A), %q(1), %q(3)]).includes ["AUT", "WIN", "SPR"]
make([%q(ORGAN), %q(172B), %q(1), %q(3)]).includes ["AUT", "WIN", "SPR"]
make([%q(HARPSICHORD), %q(172C), %q(1), %q(3)]).includes ["AUT", "WIN", "SPR"]
make([%q(JAZZ PIANO), %q(172D), %q(1), %q(3)]).includes ["AUT", "WIN", "SPR"]
make([%q(FORTEPIANO), %q(172E), %q(1), %q(3)]).includes ["AUT", "WIN", "SPR"]
make([%q(CARILLON), %q(172F), %q(1), %q(3)]).includes ["AUT", "WIN", "SPR"]
make([%q(VOICE), %q(173), %q(1), %q(3)]).includes ["AUT", "WIN", "SPR"]
make([%q(VIOLIN), %q(174A), %q(1), %q(3)]).includes ["AUT", "WIN", "SPR"]
make([%q(VIOLA), %q(174B), %q(1), %q(3)]).includes ["AUT", "WIN", "SPR"]
make([%q(VIOLONCELLO), %q(174C), %q(1), %q(3)]).includes ["AUT", "WIN", "SPR"]
make([%q(CONTRABASS), %q(174D), %q(1), %q(3)]).includes ["AUT", "WIN", "SPR"]
make([%q(VIOLA DA GAMBA), %q(174E), %q(1), %q(3)]).includes ["AUT", "WIN", "SPR"]
make([%q(CLASSICAL GUITAR), %q(174F), %q(1), %q(3)]).includes ["AUT", "WIN", "SPR"]
make([%q(HARP), %q(174G), %q(1), %q(3)]).includes ["AUT", "WIN", "SPR"]
make([%q(BAROQUE VIOLIN), %q(174H), %q(1), %q(3)]).includes ["AUT", "WIN", "SPR"]
make([%q(JAZZ BASS), %q(174I), %q(1), %q(3)]).includes ["AUT", "WIN", "SPR"]
make([%q(JAZZ GUITAR), %q(174J), %q(1), %q(3)]).includes ["AUT", "WIN", "SPR"]
make([%q(FLUTE), %q(175A), %q(1), %q(3)]).includes ["AUT", "WIN", "SPR"]
make([%q(OBOE), %q(175B), %q(1), %q(3)]).includes ["AUT", "WIN", "SPR"]
make([%q(CLARINET), %q(175C), %q(1), %q(3)]).includes ["AUT", "WIN", "SPR"]
make([%q(BASSOON), %q(175D), %q(1), %q(3)]).includes ["AUT", "WIN", "SPR"]
make([%q(RECORDER/EARLY WINDS), %q(175E), %q(1), %q(3)]).includes ["AUT", "WIN", "SPR"]
make([%q(SAXOPHONE), %q(175F), %q(1), %q(3)]).includes ["AUT", "WIN", "SPR"]
make([%q(BAROQUE FLUTE), %q(175G), %q(1), %q(3)]).includes ["AUT", "WIN", "SPR"]
make([%q(FRENCH HORN), %q(176A), %q(1), %q(3)]).includes ["AUT", "WIN", "SPR"]
make([%q(TRUMPET), %q(176B), %q(1), %q(3)]).includes ["AUT", "WIN", "SPR"]
make([%q(TROMBONE), %q(176C), %q(1), %q(3)]).includes ["AUT", "WIN", "SPR"]
make([%q(TUBA), %q(176D), %q(1), %q(3)]).includes ["AUT", "WIN", "SPR"]
make([%q(PERCUSSION), %q(177), %q(1), %q(3)]).includes ["AUT", "WIN", "SPR"]
make([%q(DICTION FOR SINGERS), %q(182), %q(1), %q(1)]).includes ["WIN"]
make([%q(GERMAN ART SONG INTERPRETATION), %q(183A), %q(1), %q(1)]).includes ["SPR"]
make([%q(FRENCH ART SONG INTERPRETATION), %q(183B), %q(1), %q(1)]).includes ["NOT GIVEN THIS YEAR"]
make([%q(EDITING AND PERFORMING EARLY MUSIC), %q(184A), %q(1), %q(3)]).includes ["SPR"]
make([%q(TOPICS IN OPERA STAGECRAFT), %q(184B), %q(1), %q(3)]).includes ["AUT", "WIN"]
make([%q(MUSIC ACROSS MEDIA: MUSIC VIDEO TO POSTCLASSICAL CINEMA (FILMSTUD 141, FILMSTUD 341, MUSIC 385)), %q(185), %q(4), %q(4)]).includes ["NOT GIVEN THIS YEAR"]
make([%q(RELIGION AND MUSIC IN SOUTH ASIA (MUSIC 286, RELIGST 259)), %q(186), %q(4), %q(5)]).includes ["NOT GIVEN THIS YEAR"]
make([%q(MUSIC AND RELIGIOUS EXPERIENCE IN THE CONTEMPORARY WORLD (MUSIC 286A, RELIGST 156, RELIGST 256)), %q(186A), %q(3), %q(5)]).includes ["SPR"]
make([%q(MUSIC AND CULTURE FROM THE LAND OF FIRE: INTRODUCTION TO AZERBAIJANI MUGHAM), %q(187), %q(1), %q(5)]).includes ["NOT GIVEN THIS YEAR"]
make([%q(FOUNDATIONS OF SOUND-RECORDING TECHNOLOGY), %q(192A), %q(3), %q(3)]).includes ["AUT"]
make([%q(ADVANCED SOUND RECORDING TECHNOLOGY), %q(192B), %q(3), %q(3)]).includes ["WIN"]
make([%q(SESSION RECORDING), %q(192C), %q(1), %q(2)]).includes ["AUT", "WIN", "SPR"]
make([%q(UNDERGRADUATE TEACHING APPRENTICESHIP), %q(197), %q(1), %q(2)]).includes ["AUT", "WIN", "SPR"]
make([%q(CONCENTRATIONS PROJECT), %q(198), %q(4), %q(4)]).includes ["AUT", "WIN", "SPR"]
make([%q(INDEPENDENT STUDY), %q(199), %q(1), %q(5)]).includes ["AUT", "WIN", "SPR", "SUM"]
make([%q(PROSEMINAR IN MUSICOLOGY AND MUSIC BIBLIOGRAPHY), %q(200A), %q(3), %q(4)]).includes ["AUT"]
make([%q(PROSEMINAR IN ETHNOMUSICOLOGY), %q(200B), %q(3), %q(5)]).includes ["ALTERNATE YEARS", "GIVEN NEXT YEAR"]
make([%q(CCRMA COLLOQUIUM), %q(201), %q(1), %q(1)]).includes ["AUT", "WIN", "SPR"]
make([%q(ARCHITECTURE, ACOUSTICS AND RITUAL IN BYZANTIUM (ARTHIST 208C, ARTHIST 408C, CLASSART 108, CLASSART 208, MUSIC 408C, REES 208C, REES 408C, RELIGST 208C, RELIGST 308C)), %q(208C), %q(1), %q(3)]).includes ["AUT", "WIN", "SPR"]
make([%q(FUNDAMENTALS OF COMPUTER-GENERATED SOUND), %q(220A), %q(2), %q(4)]).includes ["AUT"]
make([%q(COMPOSITIONAL ALGORITHMS, PSYCHOACOUSTICS, AND COMPUTATIONAL MUSIC), %q(220B), %q(2), %q(4)]).includes ["WIN"]
make([%q(RESEARCH SEMINAR IN COMPUTER-GENERATED MUSIC), %q(220C), %q(2), %q(4)]).includes ["SPR"]
make([%q(RESEARCH IN COMPUTER-GENERATED MUSIC), %q(220D), %q(1), %q(10)]).includes ["AUT", "WIN", "SPR", "SUM"]
make([%q(TOPICS IN THE HISTORY OF THEORY), %q(221), %q(3), %q(5)]).includes ["NOT GIVEN THIS YEAR"]
make([%q(SOUND IN SPACE), %q(222), %q(1), %q(4)]).includes ["NOT GIVEN THIS YEAR"]
make([%q(COMPOSITION FOR ELECTRONIC MUSICIANS), %q(223), %q(1), %q(4)]).includes ["NOT GIVEN THIS YEAR"]
make([%q(COMPUTER MUSIC IMPROVISATION AND ALGORITHMIC PERFORMANCE), %q(223T), %q(2), %q(4)]).includes ["NOT GIVEN THIS YEAR"]
make([%q(ADVANCED ORCHESTRAL CONDUCTING), %q(230), %q(2), %q(4)]).includes ["AUT", "WIN"]
make([%q(ADVANCED CHORAL CONDUCTING), %q(231), %q(2), %q(4)]).includes ["AUT", "WIN", "SPR"]
make([%q(FUTURE MEDIA, MEDIA ARCHAEOLOGIES (ARTSTUDI 236)), %q(236), %q(3), %q(4)]).includes ["NOT GIVEN THIS YEAR"]
make([%q(STUDIES IN MEDIEVAL MUSIC (MUSIC 140)), %q(240), %q(3), %q(4)]).includes ["NOT GIVEN THIS YEAR"]
make([%q(STUDIES IN RENAISSANCE MUSIC (MUSIC 141)), %q(241), %q(2), %q(4)]).includes ["ALTERNATE YEARS", "GIVEN NEXT YEAR"]
make([%q(STUDIES IN CLASSIC MUSIC (MUSIC 143)), %q(243), %q(3), %q(4)]).includes ["ALTERNATE YEARS", "GIVEN NEXT YEAR"]
make([%q(STUDIES IN ROMANTIC MUSIC (MUSIC 144)), %q(244), %q(3), %q(4)]).includes ["WIN"]
make([%q(MUSIC AND URBAN FILM (MUSIC 146)), %q(246), %q(3), %q(4)]).includes ["WIN"]
make([%q(LISTENING TO THE LOCAL: MUSIC ETHNOGRAPHY OF THE BAY AREA (MUSIC 147A)), %q(247A), %q(3), %q(5)]).includes ["SPR"]
make([%q(LATIN AMERICAN MUSIC AND GLOBALIZATION (MUSIC 147C)), %q(247C), %q(3), %q(4)]).includes ["AUT"]
make([%q(MUSICAL SHAKESPEARE: THEATER, SONG, OPERA, AND FILM (MUSIC 148)), %q(248), %q(3), %q(5)]).includes ["NOT GIVEN THIS YEAR"]
make([%q(REACTIONS TO THE RECORD: EARLY RECORDINGS, LOST STYLES, AND MUSIC'S FUTURE (MUSIC 149)), %q(249), %q(3), %q(4)]).includes ["SPR"]
make([%q(PHYSICAL INTERACTION DESIGN FOR MUSIC), %q(250A), %q(3), %q(4)]).includes ["AUT"]
make([%q(INTERACTIVE SOUND ART), %q(250B), %q(1), %q(4)]).includes ["NOT GIVEN THIS YEAR"]
make([%q(PSYCHOPHYSICS AND MUSIC COGNITION), %q(251), %q(1), %q(5)]).includes ["SPR"]
make([%q(STUDYING POPULAR MUSIC (FEMGEN 151, FEMGEN 251, MUSIC 151F)), %q(251F), %q(3), %q(5)]).includes ["WIN"]
make([%q(INTRODUCTION TO MUSIC NOTATION SOFTWARE), %q(252), %q(1), %q(2)]).includes ["NOT GIVEN THIS YEAR"]
make([%q(SYMBOLIC MUSICAL INFORMATION (CS 275A)), %q(253), %q(2), %q(4)]).includes ["WIN"]
make([%q(MUSIC QUERY, ANALYSIS, AND STYLE SIMULATION (CS 275B)), %q(254), %q(2), %q(4)]).includes ["SPR"]
make([%q(INTERMEDIA WORKSHOP (ARTSTUDI 239, MUSIC 155)), %q(255), %q(3), %q(4)]).includes ["WIN"]
make([%q(MUSIC, COMPUTING, AND DESIGN I: SOFTWARE PARADIGMS FOR COMPUTER MUSIC (CS 476A)), %q(256A), %q(1), %q(4)]).includes ["AUT"]
make([%q(MUSIC, COMPUTING, DESIGN II: MOBILE MUSIC (CS 476B)), %q(256B), %q(1), %q(4)]).includes ["WIN"]
make([%q(NEUROPLASTICITY AND MUSICAL GAMING), %q(257), %q(3), %q(5)]).includes ["SPR"]
make([%q(MUSIC OF SOUTH ASIA), %q(260), %q(3), %q(4)]).includes ["NOT GIVEN THIS YEAR"]
make([%q(RESEARCH IN PERFORMANCE PRACTICES), %q(269), %q(1), %q(5)]).includes ["AUT", "WIN", "SPR", "SUM"]
make([%q(ADVANCED PIANO), %q(272A), %q(1), %q(3)]).includes ["AUT", "WIN", "SPR"]
make([%q(ADVANCED ORGAN), %q(272B), %q(1), %q(3)]).includes ["AUT", "WIN", "SPR"]
make([%q(ADVANCED HARPSICHORD), %q(272C), %q(1), %q(3)]).includes ["AUT", "WIN", "SPR"]
make([%q(ADVANCED JAZZ PIANO), %q(272D), %q(1), %q(3)]).includes ["AUT", "WIN", "SPR"]
make([%q(ADVANCED FORTEPIANO), %q(272E), %q(1), %q(3)]).includes ["AUT", "WIN", "SPR"]
make([%q(ADVANCED CARILLON), %q(272F), %q(1), %q(3)]).includes ["AUT", "WIN", "SPR"]
make([%q(ADVANCED VOICE), %q(273), %q(1), %q(3)]).includes ["AUT", "WIN", "SPR"]
make([%q(ADVANCED VIOLIN), %q(274A), %q(1), %q(3)]).includes ["AUT", "WIN", "SPR"]
make([%q(ADVANCED VIOLA), %q(274B), %q(1), %q(3)]).includes ["AUT", "WIN", "SPR"]
make([%q(ADVANCED VIOLONCELLO), %q(274C), %q(1), %q(3)]).includes ["AUT", "WIN", "SPR"]
make([%q(ADVANCED CONTRABASS), %q(274D), %q(1), %q(3)]).includes ["AUT", "WIN", "SPR"]
make([%q(ADVANCED VIOLA DA GAMBA), %q(274E), %q(1), %q(3)]).includes ["AUT", "WIN", "SPR"]
make([%q(ADVANCED CLASSICAL GUITAR), %q(274F), %q(1), %q(3)]).includes ["AUT", "WIN", "SPR"]
make([%q(ADVANCED HARP), %q(274G), %q(1), %q(3)]).includes ["AUT", "WIN", "SPR"]
make([%q(ADVANCED BAROQUE VIOLIN), %q(274H), %q(1), %q(3)]).includes ["AUT", "WIN", "SPR"]
make([%q(ADVANCED JAZZ BASS), %q(274I), %q(1), %q(3)]).includes ["AUT", "WIN", "SPR"]
make([%q(ADVANCED JAZZ GUITAR), %q(274J), %q(1), %q(3)]).includes ["AUT", "WIN", "SPR"]
make([%q(ADVANCED FLUTE), %q(275A), %q(1), %q(3)]).includes ["AUT", "WIN", "SPR"]
make([%q(ADVANCED OBOE), %q(275B), %q(1), %q(3)]).includes ["AUT", "WIN", "SPR"]
make([%q(ADVANCED CLARINET), %q(275C), %q(1), %q(3)]).includes ["AUT", "WIN", "SPR"]
make([%q(ADVANCED BASSOON), %q(275D), %q(1), %q(3)]).includes ["AUT", "WIN", "SPR"]
make([%q(ADVANCED RECORDER/EARLY WINDS), %q(275E), %q(1), %q(3)]).includes ["AUT", "WIN", "SPR"]
make([%q(ADVANCED SAXOPHONE), %q(275F), %q(1), %q(3)]).includes ["AUT", "WIN", "SPR"]
make([%q(ADVANCED BAROQUE FLUTE), %q(275G), %q(1), %q(3)]).includes ["AUT", "WIN", "SPR"]
make([%q(ADVANCED FRENCH HORN), %q(276A), %q(1), %q(3)]).includes ["AUT", "WIN", "SPR"]
make([%q(ADVANCED TRUMPET), %q(276B), %q(1), %q(3)]).includes ["AUT", "WIN", "SPR"]
make([%q(ADVANCED TROMBONE), %q(276C), %q(1), %q(3)]).includes ["AUT", "WIN", "SPR"]
make([%q(ADVANCED TUBA), %q(276D), %q(1), %q(3)]).includes ["AUT", "WIN", "SPR"]
make([%q(ADVANCED PERCUSSION), %q(277), %q(1), %q(3)]).includes ["AUT", "WIN", "SPR"]
make([%q(TA TRAINING COURSE), %q(280), %q(1), %q(1)]).includes ["SPR"]
make([%q(RELIGION AND MUSIC IN SOUTH ASIA (MUSIC 186, RELIGST 259)), %q(286), %q(4), %q(5)]).includes ["NOT GIVEN THIS YEAR"]
make([%q(MUSIC AND RELIGIOUS EXPERIENCE IN THE CONTEMPORARY WORLD (MUSIC 186A, RELIGST 156, RELIGST 256)), %q(286A), %q(3), %q(5)]).includes ["SPR"]
make([%q(MEDIEVAL NOTATION), %q(300A), %q(3), %q(4)]).includes ["SPR"]
make([%q(RENAISSANCE NOTATION), %q(300B), %q(4), %q(4)]).includes ["NOT GIVEN THIS YEAR"]
make([%q(MEDIEVAL METHODOLOGIES (DLCL 300, ENGLISH 300)), %q(300C), %q(3), %q(3)]).includes ["WIN"]
make([%q(RESEARCH IN MUSICOLOGY), %q(302), %q(1), %q(5)]).includes ["AUT", "WIN", "SPR", "SUM"]
make([%q(ANALYSIS AND REPERTOIRE: MEDIEVAL AND RENAISSANCE), %q(305A), %q(4), %q(4)]).includes ["AUT"]
make([%q(ANALYSIS AND REPERTOIRE: BAROQUE TO EARLY ROMANTIC), %q(305B), %q(4), %q(4)]).includes ["WIN"]
make([%q(ANALYSIS AND REPERTOIRE: LATE-ROMANTIC TO CONTEMPORARY), %q(305C), %q(4), %q(4)]).includes ["SPR"]
make([%q(RESEARCH SEMINAR IN MUSICOLOGY), %q(310), %q(3), %q(5)]).includes ["AUT", "WIN"]
make([%q(MUSIC AND CRITICAL THEORY (GERMAN 310A)), %q(310A), %q(3), %q(5)]).includes ["SPR"]
make([%q(AESTHETICS AND CRITICISM OF MUSIC, ANCIENTS AND MODERNS: PLATO TO NIETZSCHE), %q(312A), %q(4), %q(4)]).includes ["NOT GIVEN THIS YEAR"]
make([%q(AESTHETICS AND CRITICISM OF MUSIC, CONTEMPORARIES: HEIDEGGER TO TODAY), %q(312B), %q(4), %q(4)]).includes ["NOT GIVEN THIS YEAR"]
make([%q(ADVANCED ACOUSTICS), %q(318), %q(1), %q(5)]).includes ["SPR"]
make([%q(RESEARCH SEMINAR ON COMPUTATIONAL MODELS OF SOUND PERCEPTION), %q(319), %q(1), %q(3)]).includes ["AUT", "WIN", "SPR"]
make([%q(INTRODUCTION TO DIGITAL AUDIO SIGNAL PROCESSING), %q(320), %q(3), %q(4)]).includes ["AUT"]
make([%q(READINGS IN MUSIC THEORY), %q(321), %q(1), %q(5)]).includes ["AUT", "WIN", "SPR", "SUM"]
make([%q(DOCTORAL SEMINAR IN COMPOSITION), %q(323), %q(3), %q(4)]).includes ["WIN", "SPR"]
make([%q(GRADUATE COMPOSITION FORUM), %q(324), %q(1), %q(1)]).includes ["AUT", "WIN", "SPR"]
make([%q(INDIVIDUAL GRADUATE PROJECTS IN COMPOSITION), %q(325), %q(1), %q(5)]).includes ["AUT", "WIN", "SPR", "SUM"]
make([%q(MUSICOLOGY DISSERTATION COLLOQUIUM), %q(330), %q(1), %q(4)]).includes ["SPR"]
make([%q(PH.D DISSERTATION), %q(341), %q(1), %q(10)]).includes ["AUT", "WIN", "SPR", "SUM"]
make([%q(SEMINAR IN MUSIC PERCEPTION AND COGNITION), %q(351), %q(1), %q(3)]).includes ["AUT", "WIN", "SPR"]
make([%q(MUSIC ACROSS MEDIA: MUSIC VIDEO TO POSTCLASSICAL CINEMA (FILMSTUD 141, FILMSTUD 341, MUSIC 185)), %q(385), %q(4), %q(4)]).includes ["NOT GIVEN THIS YEAR"]
make([%q(PRACTICUM INTERNSHIP), %q(390), %q(1), %q(1)]).includes ["AUT", "WIN", "SPR", "SUM"]
make([%q(D.M.A. FINAL PROJECT), %q(399), %q(1), %q(10)]).includes ["AUT", "WIN", "SPR", "SUM"]
make([%q(ARCHITECTURE, ACOUSTICS AND RITUAL IN BYZANTIUM (ARTHIST 208C, ARTHIST 408C, CLASSART 108, CLASSART 208, MUSIC 208C, REES 208C, REES 408C, RELIGST 208C, RELIGST 308C)), %q(408C), %q(1), %q(3)]).includes ["AUT", "WIN", "SPR"]
make([%q(SIGNAL PROCESSING MODELS IN MUSICAL ACOUSTICS), %q(420A), %q(3), %q(4)]).includes ["NOT GIVEN THIS YEAR"]
make([%q(SOFTWARE FOR SOUND SYNTHESIS AND AUDIO EFFECTS), %q(420B), %q(1), %q(10)]).includes ["NOT GIVEN THIS YEAR"]
make([%q(AUDIO APPLICATIONS OF THE FAST FOURIER TRANSFORM (FFT)), %q(421A), %q(3), %q(4)]).includes ["WIN"]
make([%q(PROJECTS IN SPECTRAL AUDIO SIGNAL PROCESSING), %q(421B), %q(1), %q(10)]).includes ["SPR"]
make([%q(PERCEPTUAL AUDIO CODING), %q(422), %q(3), %q(3)]).includes ["WIN"]
make([%q(GRADUATE RESEARCH IN MUSIC TECHNOLOGY), %q(423), %q(1), %q(4)]).includes ["AUT", "WIN", "SPR"]
make([%q(SIGNAL PROCESSING TECHNIQUES FOR DIGITAL AUDIO EFFECTS), %q(424), %q(3), %q(4)]).includes ["SPR"]
make([%q(NEUROSCIENCE OF AUDITORY PERCEPTION AND MUSIC COGNITION), %q(451), %q(2), %q(5)]).includes ["WIN"]
