make([%q(FIRST-YEAR JAPANESE LANGUAGE, CULTURE, AND COMMUNICATION, FIRST QUARTER), %q(1), %q(5), %q(5)]).includes ["AUT"]
make([%q(FIRST-YEAR JAPANESE LANGUAGE, CULTURE, AND COMMUNICATION, SECOND QUARTER), %q(2), %q(5), %q(5)]).includes ["WIN"]
make([%q(FIRST-YEAR JAPANESE LANGUAGE, CULTURE, AND COMMUNICATION, THIRD QUARTER), %q(3), %q(5), %q(5)]).includes ["SPR"]
make([%q(FIRST -YEAR JAPANESE LANGUAGE ESSENTIALS, FIRST QUARTER), %q(4A), %q(3), %q(3)]).includes ["AUT"]
make([%q(FIRST-YEAR JAPANESE LANGUAGE ESSENTIALS, SECOND QUARTER), %q(4B), %q(3), %q(3)]).includes ["WIN"]
make([%q(FIRST-YEAR JAPANESE LANGUAGE ESSENTIALS,  THIRD QUARTER), %q(4C), %q(3), %q(3)]).includes ["SPR"]
make([%q(INTENSIVE FIRST-YEAR JAPANESE LANGUAGE), %q(5), %q(15), %q(15)]).includes ["SUM"]
make([%q(INTERMEDIATE JAPANESE CONVERSATION, FIRST QUARTER), %q(11A), %q(2), %q(2)]).includes ["AUT"]
make([%q(INTERMEDIATE JAPANESE CONVERSATION, SECOND QUARTER), %q(11B), %q(2), %q(2)]).includes ["WIN"]
make([%q(INTERMEDIATE JAPANESE CONVERSATION, THIRD QUARTER), %q(11C), %q(2), %q(2)]).includes ["SPR"]
make([%q(SECOND-YEAR JAPANESE LANGUAGE ESSENTIALS, FIRST QUARTER), %q(14A), %q(3), %q(3)]).includes ["AUT"]
make([%q(SECOND-YEAR JAPANESE LANGUAGE ESSENTIALS, SECOND QUARTER), %q(14B), %q(3), %q(3)]).includes ["WIN"]
make([%q(SECOND-YEAR JAPANESE LANGUAGE ESSENTIALS, THIRD QUARTER), %q(14C), %q(3), %q(3)]).includes ["SPR"]
make([%q(INTENSIVE SECOND-YEAR JAPANESE), %q(20), %q(15), %q(15)]).includes ["SUM"]
make([%q(SECOND-YEAR JAPANESE LANGUAGE, CULTURE, AND COMMUNICATION, FIRST QUARTER), %q(21), %q(5), %q(5)]).includes ["AUT"]
make([%q(SECOND-YEAR JAPANESE LANGUAGE, CULTURE, AND COMMUNICATION, SECOND QUARTER), %q(22), %q(5), %q(5)]).includes ["WIN"]
make([%q(SECOND-YEAR JAPANESE LANGUAGE, CULTURE, AND COMMUNICATION, THIRD QUARTER), %q(23), %q(5), %q(5)]).includes ["SPR"]
make([%q(INTERMEDIATE TO ADVANCED CONVERSATION, FIRST QUARTER), %q(31A), %q(2), %q(2)]).includes ["AUT"]
make([%q(INTERMEDIATE TO ADVANCED CONVERSATION, SECOND QUARTER), %q(31B), %q(2), %q(2)]).includes ["WIN"]
make([%q(INTERMEDIATE TO ADVANCED CONVERSATION, THIRD QUARTER), %q(31C), %q(2), %q(2)]).includes ["SPR"]
make([%q(ACCELERATED BEGINNING BUSINESS JAPANESE II), %q(32G), %q(4), %q(4)]).includes ["NOT GIVEN THIS YEAR"]
make([%q(ACCELERATED BEGINNING BUSINESS JAPANESE III), %q(33G), %q(4), %q(4)]).includes ["NOT GIVEN THIS YEAR"]
make([%q(LANGUAGE SPECIALS), %q(99), %q(1), %q(5)]).includes ["AUT", "WIN", "SPR", "SUM"]
make([%q(THIRD-YEAR JAPANESE LANGUAGE, CULTURE, AND COMMUNICATION, FIRST QUARTER), %q(101), %q(5), %q(5)]).includes ["AUT"]
make([%q(THIRD-YEAR JAPANESE LANGUAGE, CULTURE, AND COMMUNICATION, SECOND QUARTER), %q(102), %q(5), %q(5)]).includes ["WIN"]
make([%q(THIRD-YEAR JAPANESE LANGUAGE, CULTURE, AND COMMUNICATION, THIRD QUARTER), %q(103), %q(5), %q(5)]).includes ["SPR"]
make([%q(JAPANESE FOR PROFESSIONALS, FIRST QUARTER), %q(104A), %q(3), %q(3)]).includes ["AUT"]
make([%q(JAPANESE FOR PROFESSIONALS, SECOND QUARTER), %q(104B), %q(3), %q(3)]).includes ["WIN"]
make([%q(JAPANESE FOR PROFESSIONALS, THIRD QUARTER), %q(104C), %q(3), %q(3)]).includes ["SPR"]
make([%q(INTENSIVE 3RD YEAR MODERN JAPANESE), %q(105), %q(15), %q(15)]).includes ["SUM"]
make([%q(ADVANCED JAPANESE CONVERSATION, FIRST QUARTER), %q(111A), %q(2), %q(2)]).includes ["AUT"]
make([%q(ADVANCED JAPANESE CONVERSATION, SECOND QUARTER), %q(111B), %q(2), %q(2)]).includes ["WIN"]
make([%q(ADVANCED JAPANESE CONVERSATION, THIRD QUARTER), %q(111C), %q(2), %q(2)]).includes ["SPR"]
make([%q(JAPANESE THROUGH FILM, PART 1), %q(113F), %q(2), %q(4)]).includes ["AUT"]
make([%q(JAPANESE THROUGH FILM, PART 2), %q(114F), %q(2), %q(4)]).includes ["WIN"]
make([%q(JAPANESE THROUGH FILM, PART 3), %q(115F), %q(2), %q(4)]).includes ["SPR"]
make([%q(DIRECTED READING), %q(200), %q(1), %q(5)]).includes ["AUT", "WIN", "SPR"]
make([%q(FOURTH-YEAR JAPANESE, FIRST QUARTER), %q(211), %q(3), %q(5)]).includes ["AUT"]
make([%q(FOURTH-YEAR JAPANESE, SECOND QUARTER), %q(212), %q(3), %q(5)]).includes ["WIN"]
make([%q(FOURTH-YEAR JAPANESE, THIRD QUARTER), %q(213), %q(3), %q(5)]).includes ["SPR"]
make([%q(INTENSIVE FIRST-YEAR JAPANESE FOR STANFORD GRADUATE STUDENTS), %q(305), %q(9), %q(9)]).includes ["SUM"]
make([%q(INTENSIVE SECOND-YEAR JAPANESE FOR STANFORD GRADUATE STUDENTS), %q(320), %q(9), %q(9)]).includes ["SUM"]
make([%q(GRADUATE STUDIES IN JAPANESE CONVERSATION), %q(394), %q(1), %q(3)]).includes ["AUT", "WIN", "SPR"]
make([%q(GRADUATE STUDIES IN JAPANESE), %q(395), %q(1), %q(5)]).includes ["AUT", "WIN", "SPR"]
make([%q(INTENSIVE THIRD YEAR JAPANESE FOR GRADUATE STUDENTS), %q(405), %q(9), %q(9)]).includes ["SUM"]
