make([%q(DESIGN THINKING AND THE ART OF INNOVATION), %q(10AX), %q(2), %q(2)]).includes ["SUM"]
make([%q(FORM AND FUNCTION OF ANIMAL SKELETONS (BIOE 10N)), %q(10N), %q(3), %q(3)]).includes ["NOT GIVEN THIS YEAR"]
make([%q(THE ART AND SCIENCE OF MEASURING FLUID FLOWS), %q(11SC), %q(2), %q(2)]).includes ["NOT GIVEN THIS YEAR"]
make([%q(THE JET ENGINE), %q(12N), %q(3), %q(3)]).includes ["NOT GIVEN THIS YEAR"]
make([%q(HANDS-ON JET ENGINES), %q(12SC), %q(2), %q(2)]).includes ["NOT GIVEN THIS YEAR"]
make([%q(HOW STUFF IS MADE), %q(14N), %q(3), %q(3)]).includes ["AUT"]
make([%q(PRE-FIELD COURSE FOR ALTERNATIVE SPRING BREAK: DESIGN FOR A SUSTAINABLE WORLD), %q(15), %q(1), %q(1)]).includes ["NOT GIVEN THIS YEAR"]
make([%q(ALTERNATIVE SPRING BREAK - FROM CLASSROOM TO COMMUNITY: SCIENCE EDUCATION AND ENVIRONMENTAL LITERACY), %q(16), %q(1), %q(1)]).includes ["NOT GIVEN THIS YEAR"]
make([%q(THE SCIENCE OF FLAMES), %q(16N), %q(3), %q(3)]).includes ["NOT GIVEN THIS YEAR"]
make([%q(ROBOTICS IMITATING NATURE), %q(17N), %q(3), %q(3)]).includes ["NOT GIVEN THIS YEAR"]
make([%q(TEAMOLOGY: CREATIVE TEAMS AND INDIVIDUAL DEVELOPMENT), %q(18Q), %q(3), %q(3)]).includes ["AUT"]
make([%q(PRE-FIELD COURSE FOR ALTERNATIVE SPRING BREAK: DESIGN FOR SOCIAL CHANGE), %q(19), %q(1), %q(1)]).includes ["NOT GIVEN THIS YEAR"]
make([%q(HAPTICS: ENGINEERING TOUCH), %q(20N), %q(3), %q(3)]).includes ["AUT"]
make([%q(RENAISSANCE MACHINE DESIGN), %q(21N), %q(3), %q(3)]).includes ["NOT GIVEN THIS YEAR"]
make([%q(THE WORLDLY ENGINEER), %q(23Q), %q(3), %q(3)]).includes ["SPR"]
make([%q(DESIGNING THE CAR OF THE FUTURE), %q(24N), %q(3), %q(3)]).includes ["NOT GIVEN THIS YEAR"]
make([%q(ENERGY SUSTAINABILITY AND CLIMATE CHANGE), %q(25N), %q(3), %q(3)]).includes ["NOT GIVEN THIS YEAR"]
make([%q(THINK LIKE A DESIGNER), %q(26N), %q(3), %q(3)]).includes ["AUT"]
make([%q(NEEDFINDING FOR UNDERSERVED POPULATIONS), %q(27SI), %q(2), %q(2)]).includes ["NOT GIVEN THIS YEAR"]
make([%q(PROFESSIONAL DESIGN PRACTICES), %q(28SI), %q(1), %q(1)]).includes ["NOT GIVEN THIS YEAR"]
make([%q(DESIGN FOR DIVERSITY: COLLABORATION BY DIFFERENCE IN DIGITAL AGE), %q(29D), %q(2), %q(2)]).includes ["WIN"]
make([%q(CARS: A CRASH COURSE), %q(29SI), %q(1), %q(1)]).includes ["NOT GIVEN THIS YEAR"]
make([%q(INTRODUCTORY FLUIDS ENGINEERING), %q(70), %q(4), %q(4)]).includes ["AUT", "WIN", "SPR"]
make([%q(MECHANICS OF MATERIALS), %q(80), %q(4), %q(4)]).includes ["AUT", "WIN", "SPR"]
make([%q(VISUAL THINKING), %q(101), %q(4), %q(4)]).includes ["AUT", "WIN", "SPR"]
make([%q(ENGINEERING DRAWING AND DESIGN), %q(103D), %q(1), %q(1)]).includes ["AUT", "WIN", "SPR"]
make([%q(PRODUCT REALIZATION: MAKING IS THINKING), %q(103Q), %q(3), %q(3)]).includes ["SPR"]
make([%q(THE DESIGNER'S VOICE), %q(104), %q(1), %q(1)]).includes ["AUT"]
make([%q(DESIGNING YOUR LIFE), %q(104B), %q(2), %q(2)]).includes ["AUT", "WIN", "SPR"]
make([%q(DESIGNING YOUR STANFORD (EDUC 118S)), %q(104S), %q(2), %q(2)]).includes ["AUT", "WIN", "SPR"]
make([%q(DESIGN SKETCHING), %q(110), %q(1), %q(2)]).includes ["AUT", "WIN", "SPR"]
make([%q(MECHANICAL SYSTEMS DESIGN), %q(112), %q(4), %q(4)]).includes ["WIN"]
make([%q(MECHANICAL ENGINEERING DESIGN), %q(113), %q(4), %q(4)]).includes ["SPR"]
make([%q(INTRODUCTION TO HUMAN VALUES IN DESIGN), %q(115A), %q(3), %q(3)]).includes ["AUT"]
make([%q(PRODUCT DESIGN METHODS), %q(115B), %q(3), %q(3)]).includes ["WIN"]
make([%q(DESIGN AND BUSINESS FACTORS), %q(115C), %q(3), %q(3)]).includes ["SPR"]
make([%q(HISTORY AND PHILOSOPHY OF DESIGN), %q(120), %q(3), %q(3)]).includes ["SPR"]
make([%q(HEAT TRANSFER), %q(131A), %q(3), %q(5)]).includes ["AUT"]
make([%q(FLUID MECHANICS: COMPRESSIBLE FLOW AND TURBOMACHINERY), %q(131B), %q(4), %q(4)]).includes ["WIN"]
make([%q(EDUCATING YOUNG STEM THINKERS (EDUC 139X, EDUC 239X, ME 231)), %q(139), %q(3), %q(5)]).includes ["WIN", "SPR"]
make([%q(ADVANCED THERMAL SYSTEMS), %q(140), %q(5), %q(5)]).includes ["SPR"]
make([%q(DYNAMIC SYSTEMS, VIBRATIONS AND CONTROL (ME 261)), %q(161), %q(3), %q(4)]).includes ["AUT"]
make([%q(GLOBAL ENGINEERS' EDUCATION), %q(177), %q(3), %q(3)]).includes ["SPR"]
make([%q(DELIVERABLES: A MECHANICAL ENGINEERING DESIGN PRACTICUM), %q(181), %q(1), %q(2)]).includes ["SPR"]
make([%q(ELECTRIC VEHICLE DESIGN), %q(185), %q(3), %q(3)]).includes ["NOT GIVEN THIS YEAR"]
make([%q(ETHICAL ISSUES IN MECHANICAL ENGINEERING), %q(190), %q(4), %q(4)]).includes ["NOT GIVEN THIS YEAR"]
make([%q(ENGINEERING PROBLEMS AND EXPERIMENTAL INVESTIGATION), %q(191), %q(1), %q(5)]).includes ["AUT", "WIN", "SPR", "SUM"]
make([%q(HONORS RESEARCH), %q(191H), %q(1), %q(5)]).includes ["AUT", "WIN", "SPR", "SUM"]
make([%q(DESIGN AND MANUFACTURING FORUM (ME 396)), %q(196), %q(1), %q(1)]).includes ["NOT GIVEN THIS YEAR"]
make([%q(PRACTICAL TRAINING), %q(199A), %q(1), %q(1)]).includes ["SUM"]
make([%q(JUDGING HISTORICAL SIGNIFICANCE THROUGH THE AUTOMOBILE), %q(200), %q(1), %q(1)]).includes ["SPR"]
make([%q(DIM SUM OF MECHANICAL ENGINEERING), %q(201), %q(1), %q(1)]).includes ["AUT"]
make([%q(MECHAPHONICS: SMART PHONE-ENABLED MECHATRONIC SYSTEMS), %q(202), %q(3), %q(3)]).includes ["AUT"]
make([%q(DESIGN AND MANUFACTURING), %q(203), %q(4), %q(4)]).includes ["AUT", "WIN", "SPR"]
make([%q(PROTOTYPING AND PROCESS CAPTURE), %q(203X), %q(1), %q(1)]).includes ["NOT GIVEN THIS YEAR"]
make([%q(BICYCLE DESIGN AND FRAME-BUILDING), %q(204A), %q(1), %q(1)]).includes ["WIN"]
make([%q(BICYCLE DESIGN AND FRAME-BUILDING), %q(204B), %q(3), %q(3)]).includes ["SPR"]
make([%q(FLEXIBLE PART DESIGN), %q(205), %q(3), %q(3)]).includes ["AUT"]
make([%q(ENTREPRENEURIAL DESIGN FOR EXTREME AFFORDABILITY), %q(206A), %q(4), %q(4)]).includes ["WIN"]
make([%q(ENTREPRENEURIAL DESIGN FOR EXTREME AFFORDABILITY), %q(206B), %q(4), %q(4)]).includes ["SPR"]
make([%q(PATENT LAW AND STRATEGY FOR INNOVATORS AND ENTREPRENEURS (MS&E 278)), %q(208), %q(2), %q(3)]).includes ["AUT"]
make([%q(INTRODUCTION TO MECHATRONICS), %q(210), %q(4), %q(4)]).includes ["WIN"]
make([%q(REMAKE: DESIGN LESSONS FROM RESTORATION), %q(211), %q(1), %q(1)]).includes ["NOT GIVEN THIS YEAR"]
make([%q(CALIBRATING THE INSTRUMENT), %q(212), %q(1), %q(1)]).includes ["AUT"]
make([%q(DESIGN FOR EXPLORATION (ARTSTUDI 265)), %q(213), %q(3), %q(4)]).includes ["WIN"]
make([%q(GOOD PRODUCTS, BAD PRODUCTS (ME 314)), %q(214), %q(3), %q(4)]).includes ["WIN"]
make([%q(ADVANCED PRODUCT DESIGN: NEEDFINDING), %q(216A), %q(3), %q(4)]).includes ["AUT"]
make([%q(ADVANCED PRODUCT DESIGN: IMPLEMENTATION 1), %q(216B), %q(4), %q(4)]).includes ["WIN"]
make([%q(ADVANCED PRODUCT DESIGN: IMPLEMENTATION 2), %q(216C), %q(4), %q(4)]).includes ["SPR"]
make([%q(DESIGN & CONSTRUCTION IN WOOD), %q(217), %q(1), %q(3)]).includes ["WIN", "SPR"]
make([%q(SMART PRODUCT DESIGN FUNDAMENTALS), %q(218A), %q(4), %q(5)]).includes ["AUT"]
make([%q(SMART PRODUCT DESIGN APPLICATIONS), %q(218B), %q(4), %q(5)]).includes ["WIN"]
make([%q(SMART PRODUCT DESIGN PRACTICE), %q(218C), %q(4), %q(5)]).includes ["SPR"]
make([%q(SMART PRODUCT DESIGN: PROJECTS), %q(218D), %q(3), %q(4)]).includes ["AUT"]
make([%q(THE MAGIC OF MATERIALS AND MANUFACTURING), %q(219), %q(3), %q(3)]).includes ["AUT"]
make([%q(INTRODUCTION TO SENSORS), %q(220), %q(3), %q(4)]).includes ["SPR"]
make([%q(GREEN DESIGN STRATEGIES AND METRICS), %q(221), %q(2), %q(2)]).includes ["NOT GIVEN THIS YEAR"]
make([%q(DESIGN FOR SUSTAINABILITY), %q(222), %q(2), %q(3)]).includes ["NOT GIVEN THIS YEAR"]
make([%q(INNOVATING WATER SOLUTIONS FOR DEVELOPING COUNTRIES), %q(223), %q(2), %q(3)]).includes ["NOT GIVEN THIS YEAR"]
make([%q(MYSTERY OF MANUFACTURING), %q(225), %q(3), %q(3)]).includes ["SPR"]
make([%q(DESIGNING SUSTAINABLE BEHAVIOR), %q(226), %q(1), %q(1)]).includes ["NOT GIVEN THIS YEAR"]
make([%q(VEHICLE DYNAMICS AND CONTROL), %q(227), %q(3), %q(3)]).includes ["SPR"]
make([%q(DESIGN EVANGELISM), %q(229), %q(1), %q(2)]).includes ["NOT GIVEN THIS YEAR"]
make([%q(EDUCATING YOUNG STEM THINKERS (EDUC 139X, EDUC 239X, ME 139)), %q(231), %q(3), %q(5)]).includes ["WIN", "SPR"]
make([%q(MAKING IT BIG: CROSSING THE ENTREPRENEUR'S GAP), %q(233), %q(3), %q(3)]).includes ["AUT"]
make([%q(UNDERSTANDING SUPERFANS AND THEIR HEROES), %q(235), %q(2), %q(3)]).includes ["NOT GIVEN THIS YEAR"]
make([%q(TALES TO DESIGN CARS BY), %q(236), %q(1), %q(3)]).includes ["SPR"]
make([%q(PATENT PROSECUTION), %q(238), %q(2), %q(2)]).includes ["NOT GIVEN THIS YEAR"]
make([%q(MECHANICS OF THE CELL), %q(239), %q(3), %q(3)]).includes ["NOT GIVEN THIS YEAR"]
make([%q(INTRODUCTION TO NANOTECHNOLOGY), %q(240), %q(3), %q(3)]).includes ["NOT GIVEN THIS YEAR"]
make([%q(DESIGNING EMOTION-REACTIVE CAR INTERFACES), %q(243), %q(3), %q(3)]).includes ["NOT GIVEN THIS YEAR"]
make([%q(MECHANOTRANSDUCTION IN CELLS AND TISSUES (BIOE 283)), %q(244), %q(3), %q(3)]).includes ["AUT"]
make([%q(@STANFORD STUDIO), %q(247A), %q(4), %q(4)]).includes ["NOT GIVEN THIS YEAR"]
make([%q(@STANFORD STUDIO), %q(247B), %q(4), %q(4)]).includes ["AUT"]
make([%q(@STANFORD STUDIO), %q(247C), %q(4), %q(4)]).includes ["WIN"]
make([%q(INTERNAL COMBUSTION ENGINES), %q(250), %q(1), %q(5)]).includes ["AUT"]
make([%q(TURBINE AND INTERNAL COMBUSTION ENGINES (ME 357)), %q(257), %q(3), %q(3)]).includes ["SPR"]
make([%q(FUEL  CELL SCIENCE AND TECHNOLOGY), %q(260), %q(3), %q(3)]).includes ["SPR"]
make([%q(DYNAMIC SYSTEMS, VIBRATIONS AND CONTROL (ME 161)), %q(261), %q(3), %q(4)]).includes ["AUT"]
make([%q(D.SCIENCE: DESIGN FOR SCIENCE), %q(264), %q(3), %q(4)]).includes ["NOT GIVEN THIS YEAR"]
make([%q(TECHNOLOGY LICENCING AND COMMERCIALIZATION), %q(265), %q(3), %q(3)]).includes ["SPR"]
make([%q(INTRODUCTION TO PHYSIOLOGY AND BIOMECHANICS OF HEARING), %q(266), %q(3), %q(3)]).includes ["SPR"]
make([%q(GRADUATE DESIGN RESEARCH TECHNIQUES), %q(277), %q(3), %q(4)]).includes ["WIN"]
make([%q(SKELETAL DEVELOPMENT AND EVOLUTION (BIOE 280)), %q(280), %q(3), %q(3)]).includes ["NOT GIVEN THIS YEAR"]
make([%q(BIOMECHANICS OF MOVEMENT (BIOE 281)), %q(281), %q(3), %q(3)]).includes ["WIN"]
make([%q(INTRODUCTION TO BIOMECHANICS), %q(283), %q(3), %q(3)]).includes ["NOT GIVEN THIS YEAR"]
make([%q(MECHANICS OF BIOLOGICAL TISSUES), %q(287), %q(3), %q(3)]).includes ["SPR"]
make([%q(MECHANICS OF BIOLOGICAL TISSUES LAB), %q(287L), %q(1), %q(1)]).includes ["SPR"]
make([%q(REDESIGNING THEATER: LIVE & DIGITAL PERFORMANCE (TAPS 130)), %q(288), %q(3), %q(3)]).includes ["AUT"]
make([%q(INTERACTIVE ART / PERFORMANCE DESIGN (TAPS 289A)), %q(289A), %q(2), %q(2)]).includes ["WIN"]
make([%q(INTERACTIVE ART / PERFORMANCE CREATION (TAPS 289B)), %q(289B), %q(3), %q(4)]).includes ["SPR"]
make([%q(GIVE BIG OR GO HOME), %q(290), %q(3), %q(4)]).includes ["SPR"]
make([%q(MEDICAL DEVICE DESIGN), %q(294), %q(1), %q(1)]).includes ["AUT"]
make([%q(MEDICAL DEVICE DESIGN LAB), %q(294L), %q(3), %q(3)]).includes ["AUT"]
make([%q(FORECASTING FOR INNOVATORS:TECHNOLOGY, TOOLS & SOCIAL CHANGE), %q(297), %q(3), %q(3)]).includes ["WIN"]
make([%q(SILVERSMITHING AND DESIGN), %q(298), %q(3), %q(4)]).includes ["WIN"]
make([%q(PRACTICAL TRAINING), %q(299A), %q(1), %q(1)]).includes ["AUT", "WIN", "SPR", "SUM"]
make([%q(PRACTICAL TRAINING), %q(299B), %q(1), %q(1)]).includes ["AUT", "WIN", "SPR", "SUM"]
make([%q(LINEAR ALGEBRA WITH APPLICATION TO ENGINEERING COMPUTATIONS (CME 200)), %q(300A), %q(3), %q(3)]).includes ["AUT"]
make([%q(PARTIAL DIFFERENTIAL EQUATIONS IN ENGINEERING (CME 204)), %q(300B), %q(3), %q(3)]).includes ["WIN"]
make([%q(INTRODUCTION TO NUMERICAL METHODS FOR ENGINEERING (AA 214A, CME 206)), %q(300C), %q(3), %q(3)]).includes ["AUT", "SPR"]
make([%q(LAUNCHPAD:DESIGN AND LAUNCH YOUR PRODUCT OR SERVICE), %q(301), %q(4), %q(4)]).includes ["SPR"]
make([%q(THE FUTURE OF THE AUTOMOBILE), %q(302), %q(1), %q(1)]).includes ["AUT", "WIN", "SPR"]
make([%q(BIOMECHANICS OF FLIGHT), %q(303), %q(3), %q(3)]).includes ["AUT", "SPR"]
make([%q(THE DESIGNER'S VOICE), %q(304), %q(1), %q(1)]).includes ["WIN"]
make([%q(STATISTICS FOR DESIGN RESEARCHERS), %q(305), %q(1), %q(2)]).includes ["SPR"]
make([%q(GREEN'S FUNCTION METHODS IN ENGINEERING (MATSCI 307)), %q(307), %q(3), %q(3)]).includes ["SPR"]
make([%q(SPATIAL MOTION), %q(308), %q(3), %q(3)]).includes ["NOT GIVEN THIS YEAR"]
make([%q(FINITE ELEMENT ANALYSIS IN MECHANICAL DESIGN), %q(309), %q(3), %q(3)]).includes ["NOT GIVEN THIS YEAR"]
make([%q(PRODUCT-BASED ENGINEERING DESIGN, INNOVATION, AND DEVELOPMENT), %q(310A), %q(4), %q(4)]).includes ["AUT"]
make([%q(PRODUCT-BASED ENGINEERING DESIGN, INNOVATION, AND DEVELOPMENT), %q(310B), %q(4), %q(4)]).includes ["WIN"]
make([%q(PROJECT-BASED ENGINEERING DESIGN, INNOVATION, AND DEVELOPMENT), %q(310C), %q(4), %q(4)]).includes ["SPR"]
make([%q(NEW PRODUCT MANAGEMENT), %q(310X), %q(1), %q(1)]).includes ["AUT", "WIN", "SPR"]
make([%q(ADVANCED PRODUCT DESIGN: FORMGIVING), %q(312), %q(3), %q(3)]).includes ["WIN"]
make([%q(HUMAN VALUES AND INNOVATION IN DESIGN), %q(313), %q(3), %q(3)]).includes ["AUT"]
make([%q(GOOD PRODUCTS, BAD PRODUCTS (ME 214)), %q(314), %q(3), %q(4)]).includes ["WIN"]
make([%q(THE DESIGNER IN SOCIETY), %q(315), %q(3), %q(3)]).includes ["WIN"]
make([%q(PRODUCT DESIGN MASTER'S PROJECT), %q(316A), %q(2), %q(6)]).includes ["AUT"]
make([%q(PRODUCT DESIGN MASTER'S PROJECT), %q(316B), %q(2), %q(4)]).includes ["WIN"]
make([%q(PRODUCT DESIGN MASTER'S PROJECT), %q(316C), %q(2), %q(4)]).includes ["SPR"]
make([%q(DESIGN METHODS: PRODUCT DEFINITION), %q(317A), %q(4), %q(4)]).includes ["WIN"]
make([%q(DESIGN METHODS: QUALITY BY DESIGN), %q(317B), %q(4), %q(4)]).includes ["SPR"]
make([%q(COMPUTER-AIDED PRODUCT CREATION), %q(318), %q(4), %q(4)]).includes ["AUT", "WIN", "SPR"]
make([%q(FUNDAMENTALS OF DESIGN FOR DESIGN THINKERS), %q(319), %q(2), %q(4)]).includes ["NOT GIVEN THIS YEAR"]
make([%q(INTRODUCTION TO ROBOTICS (CS 223A)), %q(320), %q(3), %q(3)]).includes ["WIN"]
make([%q(OPTOFLUIDICS: INTERPLAY OF LIGHT AND FLUIDS AT THE MICRO AND NANOSCALE), %q(321), %q(3), %q(3)]).includes ["AUT"]
make([%q(KINEMATIC SYNTHESIS OF MECHANISMS), %q(322), %q(3), %q(3)]).includes ["WIN"]
make([%q(MODELING AND IDENTIFICATION OF MECHANICAL SYSTEMS FOR CONTROL), %q(323), %q(3), %q(3)]).includes ["NOT GIVEN THIS YEAR"]
make([%q(PRECISION ENGINEERING), %q(324), %q(4), %q(4)]).includes ["SPR"]
make([%q(TELEROBOTICS AND HUMAN-ROBOT INTERACTIONS), %q(326), %q(3), %q(3)]).includes ["NOT GIVEN THIS YEAR"]
make([%q(DESIGN AND CONTROL OF HAPTIC SYSTEMS), %q(327), %q(3), %q(3)]).includes ["SPR"]
make([%q(MEDICAL ROBOTICS), %q(328), %q(3), %q(3)]).includes ["NOT GIVEN THIS YEAR"]
make([%q(ADVANCED KINEMATICS), %q(330), %q(3), %q(3)]).includes ["NOT GIVEN THIS YEAR"]
make([%q(ADVANCED DYNAMICS & COMPUTATION), %q(331A), %q(3), %q(3)]).includes ["WIN"]
make([%q(ADVANCED DYNAMICS, SIMULATION & CONTROL), %q(331B), %q(3), %q(3)]).includes ["SPR"]
make([%q(MECHANICS), %q(333), %q(3), %q(3)]).includes ["AUT"]
make([%q(FINITE ELEMENT ANALYSIS), %q(335A), %q(3), %q(3)]).includes ["WIN"]
make([%q(FINITE ELEMENT ANALYSIS), %q(335B), %q(3), %q(3)]).includes ["NOT GIVEN THIS YEAR"]
make([%q(FINITE ELEMENT ANALYSIS), %q(335C), %q(3), %q(3)]).includes ["SUM"]
make([%q(MECHANICS OF GROWTH), %q(337), %q(3), %q(3)]).includes ["WIN"]
make([%q(CONTINUUM MECHANICS), %q(338), %q(3), %q(3)]).includes ["AUT"]
make([%q(CONTINUUM MECHANICS), %q(338B), %q(3), %q(3)]).includes ["ALTERNATE YEARS", "GIVEN NEXT YEAR"]
make([%q(INTRODUCTION TO PARALLEL COMPUTING USING MPI, OPENMP, AND CUDA (CME 213)), %q(339), %q(3), %q(3)]).includes ["SPR"]
make([%q(THEORY AND APPLICATIONS OF ELASTICITY), %q(340), %q(3), %q(3)]).includes ["NOT GIVEN THIS YEAR"]
make([%q(THEORY AND APPLICATION OF INELASTICITY), %q(342), %q(3), %q(3)]).includes ["NOT GIVEN THIS YEAR"]
make([%q(MEMS LABORATORY), %q(342A), %q(3), %q(4)]).includes ["NOT GIVEN THIS YEAR"]
make([%q(MEMS FABRICATION/PROJECTS), %q(342D), %q(1), %q(3)]).includes ["NOT GIVEN THIS YEAR"]
make([%q(AN INTRODUCTION TO WAVES IN ELASTIC SOLIDS), %q(343), %q(3), %q(3)]).includes ["WIN"]
make([%q(FATIGUE DESIGN AND ANALYSIS), %q(345), %q(3), %q(3)]).includes ["WIN"]
make([%q(INTRODUCTION TO STATISTICAL MECHANICS), %q(346A), %q(3), %q(3)]).includes ["WIN"]
make([%q(INTRODUCTION TO MOLECULAR SIMULATIONS), %q(346B), %q(3), %q(3)]).includes ["SPR"]
make([%q(ADVANCED TECHNIQUES FOR MOLECULAR SIMULATIONS), %q(346C), %q(3), %q(3)]).includes ["NOT GIVEN THIS YEAR"]
make([%q(MATHEMATICAL THEORY OF DISLOCATIONS), %q(347), %q(3), %q(3)]).includes ["NOT GIVEN THIS YEAR"]
make([%q(EXPERIMENTAL STRESS ANALYSIS), %q(348), %q(3), %q(3)]).includes ["SPR"]
make([%q(VARIATIONAL METHODS IN ELASTICITY AND PLATE THEORY), %q(349), %q(3), %q(3)]).includes ["NOT GIVEN THIS YEAR"]
make([%q(DESIGN @ THE INTERSECTION OF SCIENCE, TECHNOLOGY, AND ENTREPRENEURSHIP), %q(350A), %q(1), %q(1)]).includes ["SPR"]
make([%q(FLUID MECHANICS), %q(351A), %q(3), %q(3)]).includes ["AUT"]
make([%q(FLUID MECHANICS), %q(351B), %q(3), %q(3)]).includes ["WIN"]
make([%q(RADIATIVE HEAT TRANSFER), %q(352A), %q(3), %q(3)]).includes ["NOT GIVEN THIS YEAR"]
make([%q(FUNDAMENTALS OF HEAT CONDUCTION), %q(352B), %q(3), %q(3)]).includes ["WIN"]
make([%q(CONVECTIVE HEAT TRANSFER), %q(352C), %q(3), %q(3)]).includes ["ALTERNATE YEARS", "GIVEN NEXT YEAR"]
make([%q(EXPERIMENTAL METHODS IN FLUID MECHANICS), %q(354), %q(4), %q(4)]).includes ["AUT"]
make([%q(COMPRESSIBLE FLOW), %q(355), %q(3), %q(3)]).includes ["SPR"]
make([%q(TURBINE AND INTERNAL COMBUSTION ENGINES (ME 257)), %q(357), %q(3), %q(3)]).includes ["SPR"]
make([%q(HEAT TRANSFER IN MICRODEVICES), %q(358), %q(3), %q(3)]).includes ["SPR"]
make([%q(ADVANCED DESIGN AND ENGINEERING OF SPACE SYSTEMS I), %q(359A), %q(4), %q(4)]).includes ["NOT GIVEN THIS YEAR"]
make([%q(ADVANCED DESIGN AND ENGINEERING OF SPACE SYSTEMS II), %q(359B), %q(4), %q(4)]).includes ["NOT GIVEN THIS YEAR"]
make([%q(TURBULENCE), %q(361), %q(3), %q(3)]).includes ["SPR"]
make([%q(PHYSICAL GAS DYNAMICS), %q(362A), %q(3), %q(3)]).includes ["AUT"]
make([%q(NONEQUILIBRIUM PROCESSES IN HIGH-TEMPERATURE GASES), %q(362B), %q(3), %q(3)]).includes ["NOT GIVEN THIS YEAR"]
make([%q(PARTIALLY IONIZED PLASMAS AND GAS DISCHARGES), %q(363), %q(3), %q(3)]).includes ["NOT GIVEN THIS YEAR"]
make([%q(OPTICAL DIAGNOSTICS AND SPECTROSCOPY), %q(364), %q(3), %q(3)]).includes ["WIN"]
make([%q(CREATIVE GYM: A DESIGN THINKING SKILLS STUDIO), %q(366), %q(1), %q(1)]).includes ["SPR"]
make([%q(OPTICAL DIAGNOSTICS AND SPECTROSCOPY LABORATORY), %q(367), %q(4), %q(4)]).includes ["SPR"]
make([%q(D.LEADERSHIP: DESIGN LEADERSHIP IN CONTEXT (MS&E 489)), %q(368), %q(1), %q(3)]).includes ["WIN"]
make([%q(BIODESIGN INNOVATION: NEEDS FINDING AND CONCEPT CREATION (BIOE 374A, MED 272A)), %q(368A), %q(4), %q(4)]).includes ["WIN"]
make([%q(BIODESIGN INNOVATION: CONCEPT DEVELOPMENT AND IMPLEMENTATION (BIOE 374B, MED 272B)), %q(368B), %q(4), %q(4)]).includes ["SPR"]
make([%q(CRACKS, DISLOCATIONS, AND WAVES), %q(369), %q(3), %q(3)]).includes ["NOT GIVEN THIS YEAR"]
make([%q(ENERGY SYSTEMS I: THERMODYNAMICS), %q(370A), %q(3), %q(3)]).includes ["AUT"]
make([%q(ENERGY SYSTEMS II: MODELING AND ADVANCED CONCEPTS), %q(370B), %q(4), %q(4)]).includes ["WIN"]
make([%q(ENERGY SYSTEMS III: PROJECTS), %q(370C), %q(3), %q(5)]).includes ["SPR"]
make([%q(COMBUSTION FUNDAMENTALS), %q(371), %q(3), %q(3)]).includes ["WIN"]
make([%q(COMBUSTION APPLICATIONS), %q(372), %q(3), %q(3)]).includes ["SPR"]
make([%q(DYNAMICS AND KINETICS OF NANOPARTICLES), %q(374), %q(3), %q(3)]).includes ["WIN"]
make([%q(STORYVIZ: STORYTELLING AND VISUAL COMMUNICATION), %q(375A), %q(2), %q(3)]).includes ["NOT GIVEN THIS YEAR"]
make([%q(INSTITUTE OF DESIGN PROJECT 2), %q(375B), %q(1), %q(6)]).includes ["NOT GIVEN THIS YEAR"]
make([%q(INSTITUTE OF DESIGN PROJECT 3), %q(375C), %q(1), %q(6)]).includes ["NOT GIVEN THIS YEAR"]
make([%q(IMAGINING THE FUTURE OF LEARNING: SPARKTRUCK - DESIGNING MOBILE INTERVENTIONS FOR EDUCATION (EDUC 333B)), %q(376A), %q(4), %q(4)]).includes ["NOT GIVEN THIS YEAR"]
make([%q(INSTITUTE OF DESIGN PROJECT 2), %q(376C), %q(1), %q(6)]).includes ["NOT GIVEN THIS YEAR"]
make([%q(DESIGN THINKING BOOTCAMP: EXPERIENCES IN INNOVATION AND DESIGN), %q(377), %q(3), %q(4)]).includes ["AUT"]
make([%q(TELL, MAKE, ENGAGE: ACTION STORIES FOR ENTREPRENEURING), %q(378), %q(1), %q(3)]).includes ["AUT", "WIN", "SPR"]
make([%q(FAIL FASTER), %q(379), %q(1), %q(1)]).includes ["SPR"]
make([%q(COLLABORATING WITH THE FUTURE: LAUNCHING LARGE SCALE SUSTAINABLE TRANSFORMATIONS (ENVRES 380, PSYCH 380)), %q(380), %q(3), %q(4)]).includes ["SPR"]
make([%q(ORTHOPAEDIC BIOENGINEERING (BIOE 381)), %q(381), %q(3), %q(3)]).includes ["AUT"]
make([%q(BIOMEDICAL ENGINEERING IN RESEARCH AND DEVELOPMENT), %q(382), %q(4), %q(4)]).includes ["NOT GIVEN THIS YEAR"]
make([%q(BIOMEDICAL ENGINEERING IN RESEARCH AND DEVELOPMENT), %q(382A), %q(4), %q(4)]).includes ["NOT GIVEN THIS YEAR"]
make([%q(MEDICAL DEVICE DESIGN), %q(382B), %q(4), %q(4)]).includes ["ALTERNATE YEARS", "GIVEN NEXT YEAR"]
make([%q(TISSUE ENGINEERING LAB), %q(385), %q(1), %q(2)]).includes ["NOT GIVEN THIS YEAR"]
make([%q(SOFT TISSUE MECHANICS), %q(387), %q(3), %q(3)]).includes ["NOT GIVEN THIS YEAR"]
make([%q(TRANSPORT MODELING FOR BIOLOGICAL SYSTEMS), %q(388), %q(3), %q(3)]).includes ["NOT GIVEN THIS YEAR"]
make([%q(BIOMECHANICAL RESEARCH SYMPOSIUM), %q(389), %q(1), %q(1)]).includes ["AUT", "SPR"]
make([%q(THERMOSCIENCES RESEARCH PROJECT SEMINAR), %q(390), %q(1), %q(1)]).includes ["NOT GIVEN THIS YEAR"]
make([%q(HIGH TEMPERATURE GASDYNAMICS LABORATORY RESEARCH PROJECT SEMINAR), %q(390A), %q(1), %q(1)]).includes ["AUT", "SPR"]
make([%q(ENGINEERING PROBLEMS), %q(391), %q(1), %q(10)]).includes ["AUT", "WIN", "SPR", "SUM"]
make([%q(EXPERIMENTAL INVESTIGATION OF ENGINEERING PROBLEMS), %q(392), %q(1), %q(10)]).includes ["AUT", "WIN", "SPR", "SUM"]
make([%q(TOPICS IN BIOLOGICALLY INSPIRED OR HUMAN INTERACTIVE ROBOTICS), %q(393), %q(1), %q(1)]).includes ["NOT GIVEN THIS YEAR"]
make([%q(SEMINAR IN SOLID MECHANICS), %q(395), %q(1), %q(1)]).includes ["AUT", "WIN"]
make([%q(DESIGN AND MANUFACTURING FORUM (ME 196)), %q(396), %q(1), %q(1)]).includes ["NOT GIVEN THIS YEAR"]
make([%q(DESIGN THEORY AND METHODOLOGY SEMINAR), %q(397), %q(1), %q(3)]).includes ["NOT GIVEN THIS YEAR"]
make([%q(FUEL CELL SEMINAR), %q(399), %q(1), %q(1)]).includes ["NOT GIVEN THIS YEAR"]
make([%q(THESIS (ENGINEER DEGREE)), %q(400), %q(2), %q(15)]).includes ["AUT", "WIN", "SPR", "SUM"]
make([%q(ASYMPTOTIC METHODS IN COMPUTATIONAL ENGINEERING), %q(405), %q(3), %q(3)]).includes ["NOT GIVEN THIS YEAR"]
make([%q(TURBULENCE PHYSICS AND MODELING USING NUMERICAL SIMULATION DATA), %q(406), %q(2), %q(2)]).includes ["SUM"]
make([%q(SPECTRAL METHODS IN COMPUTATIONAL PHYSICS (CME 322)), %q(408), %q(3), %q(3)]).includes ["NOT GIVEN THIS YEAR"]
make([%q(ADVANCED DESIGN STUDIES IN PRODUCT REALIZATION), %q(409), %q(3), %q(5)]).includes ["WIN"]
make([%q(FORESIGHT AND INNOVATION), %q(410A), %q(3), %q(5)]).includes ["AUT"]
make([%q(FORESIGHT AND INNOVATION), %q(410B), %q(1), %q(5)]).includes ["WIN"]
make([%q(FORESIGHT AND INNOVATION), %q(410C), %q(1), %q(5)]).includes ["SPR"]
make([%q(FORESIGHT ENGINEERING PROJECT EXPERIENCE), %q(410X), %q(3), %q(3)]).includes ["SPR"]
make([%q(ADVANCED TOPICS IN COMPUTATIONAL SOLID MECHANICS), %q(411), %q(3), %q(3)]).includes ["NOT GIVEN THIS YEAR"]
make([%q(ENGINEERING FUNCTIONAL ANALYSIS AND FINITE ELEMENTS (CME 356)), %q(412), %q(3), %q(3)]).includes ["NOT GIVEN THIS YEAR"]
make([%q(QUANTUM CONFINEMENT STRUCTURES: PHYSICS AND FABRICATION), %q(413), %q(3), %q(3)]).includes ["NOT GIVEN THIS YEAR"]
make([%q(SOLID STATE PHYSICS FOR MECHANICAL ENGINEERING EXPERIMENTS), %q(414), %q(3), %q(3)]).includes ["NOT GIVEN THIS YEAR"]
make([%q(TOTAL PRODUCT INTEGRATION ENGINEERING), %q(417), %q(4), %q(4)]).includes ["AUT"]
make([%q(APPLIED ELECTROCHEMISTRY AT MICRO- AND NANOSCALE), %q(420), %q(3), %q(3)]).includes ["SUM"]
make([%q(EUROPEAN ENTREPRENEURSHIP AND INNOVATION THOUGHT LEADERS SEMINAR), %q(421), %q(1), %q(1)]).includes ["WIN"]
make([%q(D.HEALTH: DESIGN THINKING FOR BETTER HEALTH), %q(423), %q(3), %q(3)]).includes ["WIN"]
make([%q(COMMERCIAL MEMS DESIGN), %q(429), %q(3), %q(3)]).includes ["ALTERNATE YEARS", "GIVEN NEXT YEAR"]
make([%q(ELECTRONIC STATES AND TRANSITIONS IN QUANTUM CONFINED STRUCTURES), %q(440), %q(3), %q(3)]).includes ["NOT GIVEN THIS YEAR"]
make([%q(ADVANCES IN BIOTECHNOLOGY), %q(450), %q(3), %q(3)]).includes ["NOT GIVEN NEXT YEAR"]
make([%q(ADVANCED FLUID MECHANICS), %q(451B), %q(3), %q(3)]).includes ["NOT GIVEN THIS YEAR"]
make([%q(ADVANCED FLUID MECHANICS), %q(451C), %q(3), %q(3)]).includes ["NOT GIVEN THIS YEAR"]
make([%q(MICROHYDRODYNAMICS (CHEMENG 310)), %q(451D), %q(3), %q(3)]).includes ["WIN"]
make([%q(FINITE ELEMENT-BASED MODELING AND SIMULATION OF LINEAR FLUID/STRUCTURE INTERACTION PROBLEMS), %q(453A), %q(3), %q(3)]).includes ["NOT GIVEN THIS YEAR"]
make([%q(COMPUTATIONAL FLUID DYNAMICS BASED MODELING OF NONLINEAR FLUID/STRUCTURE INTERACTION PROBLEMS), %q(453B), %q(3), %q(3)]).includes ["NOT GIVEN THIS YEAR"]
make([%q(COMPLEX FLUIDS AND NON-NEWTONIAN FLOWS (CHEMENG 462)), %q(455), %q(3), %q(3)]).includes ["SPR"]
make([%q(FLUID FLOW IN MICRODEVICES), %q(457), %q(3), %q(3)]).includes ["SPR"]
make([%q(ADVANCED TOPICS IN ELECTROKINETICS), %q(458), %q(3), %q(5)]).includes ["SPR"]
make([%q(ADVANCED TOPICS IN TURBULENCE), %q(461), %q(3), %q(3)]).includes ["AUT"]
make([%q(ADVANCED TOPICS IN PLASMA SCIENCE AND ENGINEERING), %q(463), %q(3), %q(3)]).includes ["SPR"]
make([%q(EXPERIMENTAL RESEARCH IN ADVANCED USER INTERFACES (COMM 168, COMM 268, COMM 368)), %q(468), %q(1), %q(5)]).includes ["AUT"]
make([%q(COMPUTATIONAL METHODS IN FLUID MECHANICS), %q(469), %q(3), %q(3)]).includes ["WIN"]
make([%q(COMPUTATIONAL METHODS IN FLUID MECHANICS), %q(469B), %q(3), %q(3)]).includes ["NOT GIVEN THIS YEAR"]
make([%q(UNCERTAINTY QUANTIFICATION), %q(470), %q(3), %q(3)]).includes ["NOT GIVEN THIS YEAR"]
make([%q(TURBULENT COMBUSTION), %q(471), %q(3), %q(3)]).includes ["AUT"]
make([%q(COMPUTATIONAL METHODS IN CARDIOVASCULAR BIOENGINEERING (BIOE 484)), %q(484), %q(3), %q(3)]).includes ["NOT GIVEN THIS YEAR"]
make([%q(MODELING AND SIMULATION OF HUMAN MOVEMENT (BIOE 485)), %q(485), %q(3), %q(3)]).includes ["SPR"]
make([%q(PH.D. TEACHING EXPERIENCE), %q(491), %q(3), %q(3)]).includes ["AUT", "WIN", "SPR", "SUM"]
make([%q(MECHANICAL ENGINEERING TEACHING ASSISTANCE TRAINING), %q(492), %q(1), %q(1)]).includes ["AUT", "WIN", "SPR"]
make([%q(ME SEMINAR SERIES: PRODUCT DESIGN), %q(495A), %q(1), %q(1)]).includes ["WIN"]
make([%q(ME SEMINAR SERIES: AT THE INTERFACE BETWEEN MECHANICAL ENGINEERING AND BIOLOGY), %q(495B), %q(1), %q(1)]).includes ["NOT GIVEN THIS YEAR"]
make([%q(THESIS (PH.D.)), %q(500), %q(1), %q(15)]).includes ["AUT", "WIN", "SPR", "SUM"]
make([%q(TGR PROJECT), %q(801), %q(0), %q(0)]).includes ["AUT", "WIN", "SPR", "SUM"]
make([%q(TGR DISSERTATION), %q(802), %q(0), %q(0)]).includes ["AUT", "WIN", "SPR", "SUM"]
