make([%q(GROWING UP BILINGUAL (CSRE 14N, EDUC 114N)), %q(14N), %q(3), %q(3)]).includes ["WIN"]
make([%q(LOVE NOTES: QUEERS OF COLOR ON POLITICS OF THE HEART (CSRE 53J)), %q(53J), %q(3), %q(3)]).includes ["AUT"]
make([%q(FILM, NATION, LATINIDAD (CSRE 117N)), %q(117N), %q(3), %q(4)]).includes ["NOT GIVEN THIS YEAR"]
make([%q(QUEER RAZA (FEMGEN 120, ILAC 287)), %q(120), %q(3), %q(5)]).includes ["AUT"]
make([%q(CHICANO/LATINO POLITICS (POLISCI 125S)), %q(125S), %q(5), %q(5)]).includes ["NOT GIVEN THIS YEAR"]
make([%q(MIGRATION IN 21ST CENTURY LATIN AMERICAN FILM (ILAC 140)), %q(140), %q(3), %q(5)]).includes ["NOT GIVEN THIS YEAR"]
make([%q(CHICAN@/LATIN@ PERFORMANCE IN THE U.S. (TAPS 160N)), %q(160N), %q(4), %q(4)]).includes ["SPR"]
make([%q(NEW CITIZENSHIP: GRASSROOTS MOVEMENTS FOR SOCIAL JUSTICE IN THE U.S. (ANTHRO 169A, CSRE 168, FEMGEN 140H)), %q(168), %q(5), %q(5)]).includes ["WIN"]
make([%q(TRANSNATIONAL LATIN AMERICAN MIGRATION TO THE UNITED STATES), %q(175B), %q(5), %q(5)]).includes ["NOT GIVEN THIS YEAR"]
make([%q(CHICANO & CHICANA THEATER:  POLITICS IN PERFORMANCE (TAPS 179, TAPS 379)), %q(179), %q(3), %q(5)]).includes ["NOT GIVEN THIS YEAR"]
make([%q(FLOR Y CANTO: POETRY WORKSHOP (CSRE 179F, TAPS 179F, TAPS 279F)), %q(179F), %q(3), %q(5)]).includes ["WIN"]
make([%q(INTRODUCTION TO CHICANA/O-LATINA/O STUDIES), %q(180E), %q(5), %q(5)]).includes ["AUT"]
make([%q(PRACTICUM IN ENGLISH-SPANISH SCHOOL & COMMUNITY INTERPRETING (EDUC 183X, EDUC 283X)), %q(183X), %q(3), %q(4)]).includes ["SPR"]
make([%q(LANGUAGE AND MINORITY RIGHTS (CSRE 189W, EDUC 189X)), %q(189W), %q(3), %q(3)]).includes ["NOT GIVEN THIS YEAR"]
make([%q(INTERNSHIP FOR PUBLIC SERVICE (CSRE 198)), %q(198), %q(1), %q(5)]).includes ["AUT", "WIN", "SPR", "SUM"]
make([%q(LATIN@ LITERATURE (CSRE 200, ILAC 280, ILAC 382)), %q(200), %q(3), %q(5)]).includes ["AUT"]
make([%q(DIRECTED RESEARCH), %q(200R), %q(1), %q(5)]).includes ["AUT", "WIN", "SPR"]
make([%q(DIRECTED READING), %q(200W), %q(1), %q(5)]).includes ["AUT", "WIN", "SPR"]
make([%q(FROM RACIAL JUSTICE TO MULTICULTURALISM: MOVEMENT-BASED ARTS ORGANIZING IN THE POST CIVIL RIGHTS ERA (CSRE 201B)), %q(201B), %q(5), %q(5)]).includes ["NOT GIVEN THIS YEAR"]
make([%q(CRITICAL CONCEPTS IN CHICAN@ LITERATURE (CSRE 201C, ILAC 380E)), %q(201C), %q(3), %q(5)]).includes ["NOT GIVEN THIS YEAR"]
make([%q(GOVERNANCE, RESISTANCE, AND IDENTITY IN MODERN MEXICO), %q(275B), %q(5), %q(5)]).includes ["NOT GIVEN THIS YEAR"]
