make([%q(HISTORY AND PHILOSOPHY OF ARTIFICIAL INTELLIGENCE (CS 22)), %q(22), %q(2), %q(2)]).includes ["AUT"]
make([%q(INTRODUCTION TO COGNITIVE AND INFORMATION SCIENCES (LINGUIST 144, PHIL 190, PSYCH 35)), %q(100), %q(4), %q(4)]).includes ["WIN"]
make([%q(RESEARCH METHODS IN THE COGNITIVE AND INFORMATION SCIENCES), %q(130), %q(3), %q(3)]).includes ["GIVEN NEXT YEAR"]
make([%q(CRYPTOCURRENCIES SEMINAR), %q(150), %q(2), %q(2)]).includes ["SPR"]
make([%q(DECISION BEHAVIOR: THEORY AND EVIDENCE (SYMSYS 270)), %q(170), %q(3), %q(4)]).includes ["NOT GIVEN THIS YEAR"]
make([%q(SENIOR HONORS TUTORIAL), %q(190), %q(1), %q(5)]).includes ["AUT", "WIN", "SPR", "SUM"]
make([%q(SENIOR HONORS SEMINAR), %q(191), %q(1), %q(1)]).includes ["AUT"]
make([%q(INDEPENDENT STUDY), %q(196), %q(1), %q(15)]).includes ["AUT", "WIN", "SPR", "SUM"]
make([%q(SYMBOLIC SYSTEMS IN PRACTICE), %q(200), %q(2), %q(3)]).includes ["NOT GIVEN THIS YEAR"]
make([%q(ICT, SOCIETY, AND DEMOCRACY), %q(201), %q(3), %q(3)]).includes ["AUT"]
make([%q(PHILOSOPHY OF LINGUISTICS (LINGUIST 204, PHIL 369)), %q(204), %q(4), %q(4)]).includes ["SPR"]
make([%q(PHILOSOPHY OF NEUROSCIENCE (PHIL 167D, PHIL 267D)), %q(206), %q(4), %q(4)]).includes ["AUT"]
make([%q(BATTLES OVER BITS), %q(209), %q(3), %q(3)]).includes ["NOT GIVEN THIS YEAR"]
make([%q(LEARNING FACIAL EMOTIONS: ART AND PSYCHOLOGY), %q(210), %q(3), %q(3)]).includes ["NOT GIVEN THIS YEAR"]
make([%q(LEARNING FACIAL EMOTIONS: ART, PSYCHOLOGY, HUMAN-COMPUTER INTERACTION), %q(211), %q(3), %q(3)]).includes ["NOT GIVEN THIS YEAR"]
make([%q(COGNITION IN INTERACTION DESIGN), %q(245), %q(3), %q(3)]).includes ["WIN"]
make([%q(BUILDING DIGITAL HISTORY: SOCIAL MOVEMENTS AND PROTEST AT STANFORD), %q(255), %q(3), %q(5)]).includes ["WIN"]
make([%q(BUILDING DIGITAL HISTORY: SOCIAL MOVEMENTS AND PROTEST AT STANFORD), %q(255A), %q(1), %q(1)]).includes ["WIN"]
make([%q(DECISION BEHAVIOR: THEORY AND EVIDENCE (SYMSYS 170)), %q(270), %q(3), %q(4)]).includes ["NOT GIVEN THIS YEAR"]
make([%q(SYMBOLIC SYSTEMS RESEARCH SEMINAR), %q(280), %q(1), %q(1)]).includes ["AUT", "WIN", "SPR"]
make([%q(MASTER'S DEGREE PROJECT), %q(290), %q(1), %q(15)]).includes ["AUT", "WIN", "SPR", "SUM"]
make([%q(MASTER'S PROGRAM SEMINAR), %q(291), %q(1), %q(1)]).includes ["AUT", "WIN", "SPR"]
make([%q(INDEPENDENT STUDY), %q(296), %q(1), %q(15)]).includes ["AUT", "WIN", "SPR", "SUM"]
make([%q(CURRICULAR PRACTICAL TRAINING), %q(299), %q(1), %q(1)]).includes ["AUT", "WIN", "SPR", "SUM"]
