make([%q(Introduction to Prehistoric Archeology (ANTHRO 3)), %q(1), %q(3), %q(5)]).includes ["AUT"]
make([%q(The Archaeology of Home (ANTHRO 10A)), %q(10), %q(3), %q(5)]).includes ["AUT"]
make([%q(Peopling of the Globe: Changing Patterns of Land Use and Consumption Over the Last 50,000 Years), %q(12), %q(3), %q(5)]).includes ["NOT GIVEN THIS YEAR"]
make([%q(Islamic Routes: Archaeology and Heritage of Muslim Societies (ANTHRO 13A, HISTORY 7E, HISTORY 107E)), %q(13), %q(3), %q(5)]).includes ["AUT"]
make([%q(Animals and Us (ANTHRO 34)), %q(34), %q(5), %q(5)]).includes ["AUT"]
make([%q(Pompeii), %q(42), %q(3), %q(5)]).includes ["NOT GIVEN THIS YEAR"]
make([%q(Introduction to the Archaeology of Greece (CLASSICS 51)), %q(51), %q(3), %q(5)]).includes ["AUT"]
make([%q(Cultural Heritage and Human Rights (ARCHLGY 164)), %q(64), %q(1), %q(1)]).includes ["NOT GIVEN THIS YEAR"]
make([%q(Introduction to Roman Archaeology (CLASSICS 52)), %q(81), %q(3), %q(5)]).includes ["SPR"]
make([%q(Archaeology Internship), %q(97), %q(1), %q(10)]).includes ["NOT GIVEN THIS YEAR"]
make([%q(Historical Archaeology in the Archive, Lab, and Underground: Methods), %q(99A), %q(5), %q(5)]).includes ["NOT GIVEN THIS YEAR"]
make([%q(ARCHAEOLOGY OF TECHNOLOGY (ARCHLGY 200)), %q(100), %q(0), %q(0)]).includes ["WIN"]
make([%q(Indigenous Cultural Heritage: Law, Practice and Theory (CSRE 102, NATIVEAM 102)), %q(101), %q(5), %q(5)]).includes ["WIN"]
make([%q(Archaeological Methods (ANTHRO 91A)), %q(102), %q(5), %q(5)]).includes ["WIN"]
make([%q(Incas and their Ancestors: Peruvian Archaeology (ANTHRO 106, ANTHRO 206A)), %q(102B), %q(3), %q(5)]).includes ["WIN"]
make([%q(History of Archaeological Thought), %q(103), %q(5), %q(5)]).includes ["AUT"]
make([%q(The Archaeology of Ancient China (ARCHLGY 304C)), %q(104C), %q(5), %q(5)]).includes ["NOT GIVEN THIS YEAR"]
make([%q(Heritage & Neoliberalism: Theorizations of the Past (ANTHRO 105B, ANTHRO 205B)), %q(105), %q(3), %q(5)]).includes ["NOT GIVEN THIS YEAR"]
make([%q(Museums and Collections (ARCHLGY 306A)), %q(106A), %q(5), %q(5)]).includes ["NOT GIVEN THIS YEAR"]
make([%q(Archaeology as a Profession (ANTHRO 101A)), %q(107A), %q(5), %q(5)]).includes ["NOT GIVEN THIS YEAR"]
make([%q(Catalhoyuk and Neolithic Archaeology (ANTHRO 108E)), %q(108E), %q(3), %q(3)]).includes ["SPR"]
make([%q(Emergence of Chinese Civilization from Caves to Palaces (CHINGEN 141, CHINGEN 241)), %q(111), %q(3), %q(4)]).includes ["AUT"]
make([%q(Engineering the Roman Empire (CLASSICS 168)), %q(118), %q(4), %q(5)]).includes ["SPR"]
make([%q(Zooarchaeology: An Introduction to Faunal Remains (ANTHRO 119, ANTHRO 219)), %q(119), %q(5), %q(5)]).includes ["AUT"]
make([%q(Archaeology of Food: production, consumption and ritual (ARCHLGY 224)), %q(124), %q(3), %q(5)]).includes ["AUT"]
make([%q(ARCHAEOLOGICAL FIELD SURVEY METHODS (ARCHLGY 225)), %q(125), %q(3), %q(5)]).includes ["SPR"]
make([%q(Archaeobotany (ARCHLGY 226)), %q(126), %q(5), %q(5)]).includes ["SPR"]
make([%q(Introduction to bioarchaeological Method and Theory (ARCHLGY 227)), %q(127), %q(3), %q(5)]).includes ["NOT GIVEN THIS YEAR"]
make([%q(The Anthropology of Heritage: Concepts, Contexts and Critique (ANTHRO 332A, ARCHLGY 232, ARCHLGY 332)), %q(132), %q(3), %q(5)]).includes ["NOT GIVEN THIS YEAR"]
make([%q(Constructing National History in East Asian Archaeology (ARCHLGY 235, CHINGEN 118, CHINGEN 218)), %q(135), %q(3), %q(5)]).includes ["SPR"]
make([%q(Ethnographic Archaeologies (ANTHRO 140A, ANTHRO 240A)), %q(137), %q(4), %q(5)]).includes ["GIVEN NEXT YEAR"]
make([%q(The Aegean in the Neolithic and Bronze Age (ANTHRO 115A, ANTHRO 215A, ARCHLGY 239)), %q(139), %q(3), %q(5)]).includes ["NOT GIVEN THIS YEAR"]
make([%q(Forgotten Africa: An Introduction to the Archaeology of Africa (AFRICAST 139A, ANTHRO 139A)), %q(139A), %q(5), %q(5)]).includes ["NOT GIVEN THIS YEAR"]
make([%q(Lost and found: Roman Coinage (ARCHLGY 242, CLASSART 232)), %q(142), %q(4), %q(5)]).includes ["NOT GIVEN THIS YEAR"]
make([%q(Classical Archaeology Today: Ethical Issues of Excavation, Ownership, and Display), %q(143), %q(3), %q(5)]).includes ["NOT GIVEN THIS YEAR"]
make([%q(Sailing the Wine-Dark Sea: Maritime Archaeology of the Ancient Mediterranean (CLASSICS 154)), %q(145), %q(3), %q(4)]).includes ["WIN"]
make([%q(Ceramic Analysis for Archaeologists (ARCHLGY 248)), %q(148), %q(3), %q(5)]).includes ["NOT GIVEN THIS YEAR"]
make([%q(Ten Things: An Archaeology of Design (CLASSICS 151)), %q(151), %q(3), %q(3)]).includes ["AUT"]
make([%q(Cultural Heritage and Human Rights (ARCHLGY 64)), %q(164), %q(1), %q(1)]).includes ["NOT GIVEN THIS YEAR"]
make([%q(Archaeology of Britannia (CLASSICS 169)), %q(169), %q(3), %q(4)]).includes ["SPR"]
make([%q(Archaeology Directed Reading/Independent Study), %q(190), %q(1), %q(5)]).includes ["AUT", "WIN", "SPR"]
make([%q(Independent Study/Research), %q(195), %q(1), %q(5)]).includes ["AUT", "WIN", "SPR"]
make([%q(Honors Independent Study), %q(199), %q(5), %q(6)]).includes ["WIN", "SPR"]
make([%q(ARCHAEOLOGY OF TECHNOLOGY (ARCHLGY 100)), %q(200), %q(0), %q(0)]).includes ["WIN"]
make([%q(Pottery Analysis for Archaeologists: The Social and Material Dimensions of Ceramic Containers), %q(222), %q(5), %q(5)]).includes ["NOT GIVEN THIS YEAR"]
make([%q(Archaeology of Food: production, consumption and ritual (ARCHLGY 124)), %q(224), %q(3), %q(5)]).includes ["AUT"]
make([%q(ARCHAEOLOGICAL FIELD SURVEY METHODS (ARCHLGY 125)), %q(225), %q(3), %q(5)]).includes ["SPR"]
make([%q(Archaeobotany (ARCHLGY 126)), %q(226), %q(5), %q(5)]).includes ["SPR"]
make([%q(Introduction to bioarchaeological Method and Theory (ARCHLGY 127)), %q(227), %q(3), %q(5)]).includes ["NOT GIVEN THIS YEAR"]
make([%q(The Anthropology of Heritage: Concepts, Contexts and Critique (ANTHRO 332A, ARCHLGY 132, ARCHLGY 332)), %q(232), %q(3), %q(5)]).includes ["NOT GIVEN THIS YEAR"]
make([%q(Constructing National History in East Asian Archaeology (ARCHLGY 135, CHINGEN 118, CHINGEN 218)), %q(235), %q(3), %q(5)]).includes ["SPR"]
make([%q(The Aegean in the Neolithic and Bronze Age (ANTHRO 115A, ANTHRO 215A, ARCHLGY 139)), %q(239), %q(3), %q(5)]).includes ["NOT GIVEN THIS YEAR"]
make([%q(Lost and found: Roman Coinage (ARCHLGY 142, CLASSART 232)), %q(242), %q(4), %q(5)]).includes ["NOT GIVEN THIS YEAR"]
make([%q(Ceramic Analysis for Archaeologists (ARCHLGY 148)), %q(248), %q(3), %q(5)]).includes ["NOT GIVEN THIS YEAR"]
make([%q(Heritage Ecologies: Heritage, Culture, and the Environment), %q(270), %q(3), %q(5)]).includes ["NOT GIVEN THIS YEAR"]
make([%q(INDEPENDENT STUDY/RESEARCH), %q(299), %q(1), %q(5)]).includes ["AUT", "WIN", "SPR"]
make([%q(The Archaeology of Ancient China (ARCHLGY 104C)), %q(304C), %q(5), %q(5)]).includes ["NOT GIVEN THIS YEAR"]
make([%q(Museums and Collections (ARCHLGY 106A)), %q(306A), %q(5), %q(5)]).includes ["NOT GIVEN THIS YEAR"]
make([%q(Archaeological Theory: Graeco-Roman Antiquity), %q(319), %q(3), %q(5)]).includes ["NOT GIVEN THIS YEAR"]
make([%q(Doing Business in Classical Antiquity: Mediterranean Exchange (CLASSICS 352)), %q(327), %q(3), %q(5)]).includes ["NOT GIVEN THIS YEAR"]
make([%q(The Anthropology of Heritage: Concepts, Contexts and Critique (ANTHRO 332A, ARCHLGY 132, ARCHLGY 232)), %q(332), %q(3), %q(5)]).includes ["NOT GIVEN THIS YEAR"]
make([%q(Models in Archaeology), %q(335), %q(3), %q(5)]).includes ["NOT GIVEN THIS YEAR"]
make([%q(Archaeology of Roman Slavery), %q(342), %q(4), %q(5)]).includes ["NOT GIVEN THIS YEAR"]
make([%q(Archaeology: Post-Humanist Agendas (CLASSICS 353)), %q(353), %q(3), %q(5)]).includes ["SPR"]
make([%q(Mediterranean Networks (CLASSICS 367)), %q(367), %q(3), %q(5)]).includes ["WIN"]
make([%q(Proposal Writing for Archaeologists (ANTHRO 371)), %q(371), %q(3), %q(3)]).includes ["NOT GIVEN THIS YEAR"]
