make([%q(GLOBAL HISTORY: THE EARLY MODERN WORLD, 1300 TO 1800), %q(1B), %q(3), %q(5)]).includes ["WIN"]
make([%q(BUILDING MODERN SOCIETY: REVOLUTION & ECONOMY IN THE EIGHTEENTH-CENTURY ATLANTIC WORLD), %q(3S), %q(5), %q(5)]).includes ["SPR"]
make([%q(A WORLD HISTORY OF GENOCIDE), %q(4N), %q(3), %q(5)]).includes ["WIN"]
make([%q(HUMAN TRAFFICKING: HISTORICAL, LEGAL, AND MEDICAL PERSPECTIVES (FEMGEN 5C, HUMBIO 178T, SOMGEN 205)), %q(5C), %q(3), %q(3)]).includes ["SPR"]
make([%q(HUMAN TRAFFICKING SERVICE LEARNING), %q(5W), %q(2), %q(2)]).includes ["AUT"]
make([%q(FROM RENAISSANCE TO REVOLUTION: EARLY MODERN EUROPE), %q(10B), %q(3), %q(3)]).includes ["WIN"]
make([%q(INTRODUCTION TO MODERN EUROPE), %q(10C), %q(3), %q(3)]).includes ["SPR"]
make([%q(BIOGRAPHY IN HISTORY, FICTION, AND ELSEWHERE), %q(10SC), %q(2), %q(2)]).includes ["NOT GIVEN THIS YEAR"]
make([%q(THE ROMAN EMPIRE: ITS GRANDEUR AND FALL (CLASSHIS 24N)), %q(11N), %q(4), %q(4)]).includes ["AUT"]
make([%q(HOW IS A BUDDHIST), %q(11SC), %q(2), %q(2)]).includes ["NOT GIVEN THIS YEAR"]
make([%q(SERVICE-LEARNING WORKSHOP ON ISSUES OF EDUCATION EQUITY (CSRE 11W)), %q(11W), %q(1), %q(1)]).includes ["WIN", "SPR"]
make([%q(THE EARLY ROMAN EMPERORS: HISTORY, BIOGRAPHY, AND FICTION), %q(12N), %q(3), %q(3)]).includes ["NOT GIVEN THIS YEAR"]
make([%q(RUSSIA IN THE EARLY MODERN EUROPEAN IMAGINATION), %q(20N), %q(4), %q(4)]).includes ["SPR"]
make([%q(RESISTANCE AND REBELLION UNDER COMMUNISM), %q(20S), %q(5), %q(5)]).includes ["AUT"]
make([%q(A TALE OF TWO CITIES: LONDON AND SAN FRANCISCO), %q(22SC), %q(2), %q(2)]).includes ["SUM"]
make([%q(PEOPLE, LAND, AND WATER IN THE HEART OF THE WEST (CEE 11SC, EARTHSYS 13SC)), %q(23SC), %q(2), %q(2)]).includes ["NOT GIVEN THIS YEAR"]
make([%q(CULTURE AND SOCIETY IN REFORMATION ENGLAND), %q(30C), %q(3), %q(3)]).includes ["NOT GIVEN THIS YEAR"]
make([%q(ENGLISH SOCIETY THROUGH FICTION), %q(30Q), %q(4), %q(4)]).includes ["NOT GIVEN THIS YEAR"]
make([%q(BLOOD AND ROSES: THE AGE OF THE TUDORS), %q(33A), %q(3), %q(3)]).includes ["SPR"]
make([%q(PUBLIC KNOWLEDGE? PROPAGANDA, CENSORSHIP, AND NEWS IN EARLY MODERN ENGLAND), %q(33S), %q(5), %q(5)]).includes ["AUT"]
make([%q(EUROPEAN WITCH HUNTS), %q(34A), %q(3), %q(3)]).includes ["SPR"]
make([%q(GAY AUTOBIOGRAPHY), %q(36N), %q(4), %q(4)]).includes ["SPR"]
make([%q(GERMANY AND THE WORLD WARS, 1870-1990), %q(38A), %q(3), %q(3)]).includes ["NOT GIVEN THIS YEAR"]
make([%q(ANTISLAVERY, ABOLITION, AND EMANCIPATION IN THE BRITISH EMPIRE), %q(38S), %q(5), %q(5)]).includes ["WIN"]
make([%q(WORLD HISTORY OF SCIENCE), %q(40), %q(3), %q(3)]).includes ["WIN"]
make([%q(MAD WOMEN: WOMEN AND MENTAL ILLNESS IN U.S. HISTORY), %q(41Q), %q(3), %q(3)]).includes ["AUT"]
make([%q(THE CIRCLE OF LIFE: VISIONS OF NATURE IN MODERN SCIENCE, RELIGION, POLITICS AND CULTURE), %q(42S), %q(5), %q(5)]).includes ["SPR"]
make([%q(HISTORY OF WOMEN AND GENDER IN SCIENCE, MEDICINE, ENGINEERING, AND ENVIRONMENT), %q(44), %q(3), %q(3)]).includes ["SPR"]
make([%q(GENDERED INNOVATIONS IN SCIENCE, MEDICINE, ENGINEERING, AND ENVIRONMENT), %q(44Q), %q(4), %q(5)]).includes ["SPR"]
make([%q(AFRICA IN THE TWENTIETH CENTURY), %q(45B), %q(3), %q(3)]).includes ["WIN"]
make([%q(HISTORY OF SOUTH AFRICA (AFRICAAM 47)), %q(47), %q(3), %q(3)]).includes ["AUT"]
make([%q(AFRICAN HISTORY THROUGH LITERATURE AND FILM), %q(48N), %q(3), %q(4)]).includes ["AUT"]
make([%q(SOUTH AFRICA: CONTESTED TRANSITIONS (AFRICAAM 48Q)), %q(48Q), %q(3), %q(3)]).includes ["WIN"]
make([%q(THE SLAVE TRADE), %q(49C), %q(3), %q(3)]).includes ["NOT GIVEN THIS YEAR"]
make([%q(COLONIAL AND REVOLUTIONARY AMERICA), %q(50A), %q(3), %q(3)]).includes ["AUT"]
make([%q(19TH CENTURY AMERICA (AFRICAAM 50B)), %q(50B), %q(3), %q(3)]).includes ["WIN"]
make([%q(THE UNITED STATES IN THE TWENTIETH CENTURY), %q(50C), %q(3), %q(3)]).includes ["SPR"]
make([%q(JOHN F. KENNEDY: FIFTY YEARS LATER), %q(50K), %q(1), %q(1)]).includes ["AUT"]
make([%q(INTRODUCTION TO ASIAN AMERICAN HISTORY), %q(59), %q(3), %q(3)]).includes ["SPR"]
make([%q(REVOLUTIONARIES AND FOUNDERS), %q(60N), %q(3), %q(3)]).includes ["WIN"]
make([%q(RACIAL AND ETHNIC DIVERSITY IN MODERN AMERICA (CSRE 64)), %q(64), %q(4), %q(5)]).includes ["WIN"]
make([%q(CULTURE, POLITICS, AND SOCIETY IN LATIN AMERICA), %q(70), %q(3), %q(3)]).includes ["NOT GIVEN THIS YEAR"]
make([%q(AMERICAN POLITICAL THOUGHT FROM THE CIVIL WAR TO THE COLD WAR), %q(71S), %q(5), %q(5)]).includes ["WIN"]
make([%q(MEXICO SINCE 1876: HISTORY OF A \FAILED STATE\?), %q(74), %q(3), %q(3)]).includes ["NOT GIVEN THIS YEAR"]
make([%q(SOUNDS OF THE CENTURY: POPULAR MUSIC AND THE UNITED STATES IN THE 20TH CENTURY), %q(74S), %q(5), %q(5)]).includes ["SPR"]
make([%q(THE WORLD THAT COLUMBUS MADE: IMAGINING THE SPANISH EMPIRE (1492- C. 1600) (ILAC 168)), %q(76S), %q(5), %q(5)]).includes ["WIN"]
make([%q(LATIN AMERICAN MOVIES OF REVOLUTION), %q(78N), %q(3), %q(3)]).includes ["SPR"]
make([%q(FORMATION OF THE CONTEMPORARY MIDDLE EAST), %q(81B), %q(3), %q(3)]).includes ["SPR"]
make([%q(THE MAKING OF THE ISLAMIC WORLD, 600-1500), %q(82C), %q(3), %q(3)]).includes ["WIN"]
make([%q(JEWS, 1500 TO THE PRESENT (JEWISHST 85B)), %q(85B), %q(3), %q(3)]).includes ["AUT"]
make([%q(THE ISLAMIC REPUBLICS: POLITICS AND SOCIETY IN IRAN, AFGHANISTAN AND PAKISTAN), %q(87), %q(3), %q(3)]).includes ["AUT"]
make([%q(THE CITY IN IMPERIAL CHINA), %q(91B), %q(3), %q(3)]).includes ["SPR"]
make([%q(CHINA: THE NORTHERN AND SOUTHERN DYNASTIES), %q(91D), %q(3), %q(3)]).includes ["NOT GIVEN THIS YEAR"]
make([%q(EARLY EMPIRES IN CHINA), %q(92), %q(3), %q(3)]).includes ["WIN"]
make([%q(THE HISTORICAL ROOTS OF MODERN EAST ASIA (HISTORY 392E)), %q(92A), %q(4), %q(5)]).includes ["NOT GIVEN THIS YEAR"]
make([%q(JAPAN IN THE AGE OF THE SAMURAI), %q(94B), %q(3), %q(3)]).includes ["NOT GIVEN THIS YEAR"]
make([%q(REBELS, BOXERS AND BANDITS: VIOLENT RESISTANCE IN LATE IMPERIAL CHINA), %q(94S), %q(5), %q(5)]).includes ["NOT GIVEN THIS YEAR"]
make([%q(MODERN KOREAN HISTORY), %q(95), %q(3), %q(3)]).includes ["SPR"]
make([%q(MODERN JAPANESE HISTORY: FROM SAMURAI TO POKEMON), %q(95C), %q(3), %q(3)]).includes ["AUT"]
make([%q(MAPPING THE WORLD: CARTOGRAPHY AND THE MODERN IMAGINATION), %q(95N), %q(4), %q(5)]).includes ["AUT"]
make([%q(WORLDS OF GANDHI), %q(96), %q(3), %q(3)]).includes ["AUT"]
make([%q(THE HISTORY OF MODERN CHINA), %q(98), %q(3), %q(3)]).includes ["WIN"]
make([%q(BEIJING, SHANGHAI, AND THE STRUCTURE OF MODERN CHINA), %q(98N), %q(3), %q(3)]).includes ["WIN"]
make([%q(THE GREEKS (CLASSHIS 101)), %q(101), %q(4), %q(5)]).includes ["WIN"]
make([%q(THE HISTORY OF THE INTERNATIONAL SYSTEM SINCE 1914 (INTNLREL 102)), %q(102), %q(5), %q(5)]).includes ["SPR"]
make([%q(THE ROMANS (CLASSHIS 60)), %q(102A), %q(3), %q(5)]).includes ["SPR"]
make([%q(HUMAN SOCIETY AND ENVIRONMENTAL CHANGE (EARTHSYS 112, EESS 112)), %q(103D), %q(4), %q(4)]).includes ["AUT"]
make([%q(INTRODUCTION TO MILITARY HISTORY), %q(103F), %q(5), %q(5)]).includes ["AUT"]
make([%q(HUMAN TRAFFICKING: HISTORICAL, LEGAL, AND MEDICAL PERSPECTIVES (FEMGEN 105C, INTNLREL 105C)), %q(105C), %q(5), %q(5)]).includes ["SPR"]
make([%q(GLOBAL HUMAN GEOGRAPHY: ASIA AND AFRICA), %q(106A), %q(5), %q(5)]).includes ["SPR"]
make([%q(GLOBAL HUMAN GEOGRAPHY: EUROPE AND AMERICAS), %q(106B), %q(5), %q(5)]).includes ["AUT"]
make([%q(GLOBAL HISTORICAL GEOGRAPHY), %q(106C), %q(5), %q(5)]).includes ["NOT GIVEN THIS YEAR"]
make([%q(INTRODUCTION TO FEMINIST STUDIES (AMSTUD 107, CSRE 108, FEMGEN 101)), %q(107), %q(4), %q(5)]).includes ["AUT"]
make([%q(FROM RENAISSANCE TO REVOLUTION: EARLY MODERN EUROPE), %q(110B), %q(5), %q(5)]).includes ["WIN"]
make([%q(INTRODUCTION TO MODERN EUROPE), %q(110C), %q(5), %q(5)]).includes ["SPR"]
make([%q(BEFORE GLOBALIZATION: UNDERSTANDING PREMODERN WORLD HISTORY (CLASSHIS 147)), %q(113), %q(3), %q(5)]).includes ["SPR"]
make([%q(ORIGINS OF HISTORY IN GREECE AND ROME (CLASSHIS 117)), %q(114), %q(4), %q(5)]).includes ["SPR"]
make([%q(HOWARD ZINN'S 'A PEOPLE'S HISTORY' AND THE QUEST FOR HISTORICAL TRUTH (EDUC 116N)), %q(116N), %q(3), %q(3)]).includes ["NOT GIVEN THIS YEAR"]
make([%q(THE RUSSIAN EMPIRE), %q(120B), %q(5), %q(5)]).includes ["NOT GIVEN THIS YEAR"]
make([%q(20TH-CENTURY RUSSIAN AND SOVIET HISTORY), %q(120C), %q(5), %q(5)]).includes ["NOT GIVEN THIS YEAR"]
make([%q(DARK CENTURY: EASTERN EUROPE AFTER 1900), %q(125), %q(5), %q(5)]).includes ["AUT"]
make([%q(IN SICKNESS AND IN HEALTH: MEDICINE AND AMERICAN SOCIETY, 1800-PRESENT), %q(130A), %q(5), %q(5)]).includes ["AUT"]
make([%q(BRITAIN AND WORLD HISTORY SINCE 1750: \BRITAIN INVENTED EVERYTHING!\), %q(131A), %q(5), %q(5)]).includes ["WIN"]
make([%q(ORDINARY LIVES: A SOCIAL HISTORY OF THE EVERYDAY IN EARLY MODERN EUROPE), %q(132), %q(5), %q(5)]).includes ["NOT GIVEN THIS YEAR"]
make([%q(BLOOD AND ROSES: THE AGE OF THE TUDORS), %q(133A), %q(5), %q(5)]).includes ["SPR"]
make([%q(THE EUROPEAN WITCH HUNTS), %q(134A), %q(5), %q(5)]).includes ["SPR"]
make([%q(EUROPE, 1945-2002), %q(137A), %q(5), %q(5)]).includes ["NOT GIVEN THIS YEAR"]
make([%q(GERMANY AND THE WORLD WARS, 1870-1990), %q(138A), %q(5), %q(5)]).includes ["NOT GIVEN THIS YEAR"]
make([%q(WORLD HISTORY OF SCIENCE), %q(140), %q(5), %q(5)]).includes ["WIN"]
make([%q(HISTORY OF WOMEN AND GENDER IN SCIENCE, MEDICINE AND ENGINEERING (FEMGEN 144)), %q(144), %q(5), %q(5)]).includes ["SPR"]
make([%q(AFRICA UNTIL EUROPEAN CONQUEST), %q(145A), %q(5), %q(5)]).includes ["NOT GIVEN THIS YEAR"]
make([%q(AFRICA IN THE 20TH CENTURY (AFRICAAM 145B)), %q(145B), %q(5), %q(5)]).includes ["WIN"]
make([%q(HISTORY OF SOUTH AFRICA (AFRICAAM 147)), %q(147), %q(5), %q(5)]).includes ["AUT"]
make([%q(THE SLAVE TRADE), %q(149C), %q(5), %q(5)]).includes ["NOT GIVEN THIS YEAR"]
make([%q(COLONIAL AND REVOLUTIONARY AMERICA (AMSTUD 150A)), %q(150A), %q(5), %q(5)]).includes ["AUT"]
make([%q(19TH-CENTURY AMERICA (AFRICAAM 150B, AMSTUD 150B)), %q(150B), %q(5), %q(5)]).includes ["WIN"]
make([%q(THE UNITED STATES IN THE TWENTIETH CENTURY (AMSTUD 150C)), %q(150C), %q(5), %q(5)]).includes ["SPR"]
make([%q(THE AMERICAN WEST (AMSTUD 124A, ARTHIST 152, ENGLISH 124, POLISCI 124A)), %q(151), %q(4), %q(4)]).includes ["SPR"]
make([%q(HISTORY OF AMERICAN LAW (HISTORY 352B)), %q(152), %q(5), %q(5)]).includes ["SPR"]
make([%q(RELIGION AND WAR IN AMERICA (RELIGST 105)), %q(154D), %q(4), %q(4)]).includes ["NOT GIVEN THIS YEAR"]
make([%q(AMERICAN ECONOMIC HISTORY (AMSTUD 116, ECON 116)), %q(156), %q(5), %q(5)]).includes ["SPR"]
make([%q(THE UNITED STATES SINCE 1945), %q(158), %q(4), %q(5)]).includes ["NOT GIVEN THIS YEAR"]
make([%q(HISTORY OF EDUCATION IN THE UNITED STATES (AMSTUD 201, EDUC 201)), %q(158B), %q(3), %q(5)]).includes ["SPR"]
make([%q(HISTORY OF HIGHER EDUCATION IN THE U.S. (AMSTUD 165, EDUC 165, EDUC 265)), %q(158C), %q(3), %q(5)]).includes ["WIN"]
make([%q(INTRODUCTION TO ASIAN AMERICAN HISTORY (AMSTUD 159, ASNAMST 159)), %q(159), %q(5), %q(5)]).includes ["SPR"]
make([%q(WOMEN IN MODERN AMERICA (AMSTUD 161, CSRE 162, FEMGEN 161)), %q(161), %q(4), %q(5)]).includes ["SPR"]
make([%q(A HISTORY OF NORTH AMERICAN WESTS), %q(163), %q(5), %q(5)]).includes ["NOT GIVEN THIS YEAR"]
make([%q(FROM FREEDOM TO FREEDOM NOW: AFRICAN AMERICAN HISTORY, 1865-1965 (AMSTUD 164C)), %q(164C), %q(5), %q(5)]).includes ["NOT GIVEN THIS YEAR"]
make([%q(MEXICAN AMERICAN HISTORY THROUGH FILM), %q(165), %q(4), %q(5)]).includes ["NOT GIVEN THIS YEAR"]
make([%q(INTRODUCTION TO AFRICAN AMERICAN HISTORY: THE MODERN AFRICAN AMERICAN FREEDOM STRUGGLE (AFRICAAM 166, AMSTUD 166)), %q(166), %q(3), %q(5)]).includes ["AUT"]
make([%q(IMMIGRATION DEBATES IN AMERICA, PAST AND PRESENT (CSRE 166B, HISTORY 366B)), %q(166B), %q(3), %q(5)]).includes ["WIN"]
make([%q(MARTIN LUTHER KING, JR. AND THE GLOBAL FREEDOM STRUGGLE), %q(167A), %q(3), %q(5)]).includes ["WIN"]
make([%q(AMERICAN HISTORY IN FILM SINCE WORLD WAR LL), %q(168), %q(3), %q(4)]).includes ["SUM"]
make([%q(MEXICO: FROM COLONY TO NATION, OR THE HISTORY OF AN IMPOSSIBLE REPUBLIC?), %q(172A), %q(5), %q(5)]).includes ["SPR"]
make([%q(MEXICO SINCE 1876: HISTORY OF A \FAILED STATE\?), %q(174), %q(5), %q(5)]).includes ["NOT GIVEN THIS YEAR"]
make([%q(FORMATION OF THE CONTEMPORARY MIDDLE EAST), %q(181B), %q(5), %q(5)]).includes ["SPR"]
make([%q(THE MAKING OF THE ISLAMIC WORLD, 600-1500), %q(182C), %q(5), %q(5)]).includes ["WIN"]
make([%q(JEWS, 1500 TO THE PRESENT (JEWISHST 185B)), %q(185B), %q(5), %q(5)]).includes ["AUT"]
make([%q(THE ISLAMIC REPUBLICS: POLITICS AND SOCIETY IN IRAN, AFGHANISTAN AND PAKISTAN), %q(187), %q(5), %q(5)]).includes ["AUT"]
make([%q(ZIONISM AND ITS CRITICS), %q(187D), %q(4), %q(5)]).includes ["NOT GIVEN THIS YEAR"]
make([%q(THE CITY IN IMPERIAL CHINA), %q(191B), %q(5), %q(5)]).includes ["SPR"]
make([%q(CHINA: THE NORTHERN AND SOUTHERN DYNASTIES), %q(191D), %q(5), %q(5)]).includes ["NOT GIVEN THIS YEAR"]
make([%q(CHINA: THE EARLY EMPIRES), %q(192), %q(5), %q(5)]).includes ["WIN"]
make([%q(JAPAN IN THE AGE OF THE SAMURAI), %q(194B), %q(5), %q(5)]).includes ["NOT GIVEN THIS YEAR"]
make([%q(MODERN KOREAN HISTORY (HISTORY 395)), %q(195), %q(5), %q(5)]).includes ["SPR"]
make([%q(MODERN JAPANESE HISTORY: FROM SAMURAI TO POKEMON), %q(195C), %q(5), %q(5)]).includes ["AUT"]
make([%q(ISLAM IN INDIA: CONFLICT AND ACCOMMODATION (RELIGST 111)), %q(195X), %q(4), %q(4)]).includes ["WIN"]
make([%q(WORLDS OF GANDHI), %q(196), %q(5), %q(5)]).includes ["AUT"]
make([%q(SOUTHEAST ASIA: FROM ANTIQUITY TO THE MODERN ERA), %q(197), %q(5), %q(5)]).includes ["NOT GIVEN THIS YEAR"]
make([%q(THE HISTORY OF MODERN CHINA), %q(198), %q(5), %q(5)]).includes ["WIN"]
make([%q(BEIJING, SHANGHAI, AND THE STRUCTURE OF CHINA), %q(198G), %q(3), %q(5)]).includes ["NOT GIVEN THIS YEAR"]
make([%q(INTRODUCTION TO PUBLIC HISTORY IN THE U.S.,19TH CENTURY TO THE PRESENT (AFRICAAM 102, CSRE 201, HISTORY 301)), %q(201), %q(4), %q(5)]).includes ["AUT"]
make([%q(THE GLOBAL DRUG WARS (HISTORY 301A)), %q(201A), %q(4), %q(5)]).includes ["WIN"]
make([%q(THE U.S., U.N. PEACEKEEPING, AND HUMANITARIAN WAR (INTNLREL 140C)), %q(201C), %q(5), %q(5)]).includes ["AUT"]
make([%q(QUESTIONS IN MODERN WORLD HISTORY: PROVINCIALIZING EUROPE? (HISTORY 302A)), %q(202A), %q(4), %q(5)]).includes ["AUT"]
make([%q(COFFEE, SUGAR, AND CHOCOLATE: COMMODITIES AND CONSUMPTION IN WORLD HISTORY, 1200-1800 (HISTORY 302B)), %q(202B), %q(4), %q(4)]).includes ["AUT"]
make([%q(PEOPLES, ARMIES AND GOVERNMENTS OF THE SECOND WORLD WAR (HISTORY 302G)), %q(202G), %q(4), %q(5)]).includes ["AUT"]
make([%q(PREMODERN ECONOMIC CULTURES (HISTORY 303)), %q(203), %q(5), %q(5)]).includes ["SPR"]
make([%q(SECRET SOCIETIES IN WESTERN HISTORY (HISTORY 303B)), %q(203B), %q(5), %q(5)]).includes ["NOT GIVEN THIS YEAR"]
make([%q(HISTORY OF IGNORANCE), %q(203C), %q(3), %q(3)]).includes ["AUT"]
make([%q(INTRODUCTION TO HISTORY AND HISTORIOGRAPHY), %q(204), %q(4), %q(5)]).includes ["AUT"]
make([%q(HOW WARS END: WAR AND PEACE IN THE 20TH CENTURY (HISTORY 304C)), %q(204C), %q(5), %q(5)]).includes ["WIN"]
make([%q(TOTALITARIANISM (HISTORY 307E)), %q(204E), %q(4), %q(5)]).includes ["SPR"]
make([%q(WAR AND SOCIETY (HISTORY 304G)), %q(204G), %q(5), %q(5)]).includes ["AUT"]
make([%q(DIGITAL HISTORY), %q(205F), %q(4), %q(4)]).includes ["NOT GIVEN THIS YEAR"]
make([%q(HISTORY AND GEOGRAPHY OF CONTEMPORARY GLOBAL ISSUES), %q(206), %q(5), %q(5)]).includes ["SPR"]
make([%q(CITY, SOCIETY, LITERATURE- 19TH CENTURY HISTORIES (HISTORY 306A, URBANST 106)), %q(206A), %q(4), %q(4)]).includes ["SPR"]
make([%q(BIOGRAPHY AND HISTORY (HISTORY 308)), %q(207), %q(4), %q(5)]).includes ["NOT GIVEN THIS YEAR"]
make([%q(ENVIRONMENT, TECHNOLOGY AND REVOLUTION IN WORLD HISTORY), %q(207B), %q(4), %q(5)]).includes ["NOT GIVEN THIS YEAR"]
make([%q(THE GLOBAL EARLY MODERN (HISTORY 307C)), %q(207C), %q(4), %q(5)]).includes ["SPR"]
make([%q(HEAVENLY BODIES: SAINTS' BODIES, RELICS AND MIRACLES IN LATE ANTIQUE AND MEDIEVAL EUROPE (HISTORY 307F, RELIGST 237, RELIGST 337)), %q(207F), %q(4), %q(5)]).includes ["AUT"]
make([%q(PRIVATE LIVES, PUBLIC STORIES: AUTOBIOGRAPHY IN WOMEN'S HISTORY), %q(208), %q(5), %q(5)]).includes ["NOT GIVEN THIS YEAR"]
make([%q(SCIENCE AND LAW IN HISTORY (HISTORY 308A)), %q(208A), %q(4), %q(5)]).includes ["WIN"]
make([%q(WOMEN ACTIVISTS' RESPONSE TO WAR (HISTORY 308B)), %q(208B), %q(4), %q(5)]).includes ["NOT GIVEN THIS YEAR"]
make([%q(HISTORY OF DEATH AND DYING (HISTORY 308C)), %q(208C), %q(4), %q(4)]).includes ["NOT GIVEN THIS YEAR"]
make([%q(FACING THE PAST: THE POLITICS OF RETROSPECTIVE JUSTICE), %q(208S), %q(5), %q(5)]).includes ["NOT GIVEN THIS YEAR"]
make([%q(THE IDEA OF POLITICS (HISTORY 309B)), %q(209B), %q(4), %q(5)]).includes ["NOT GIVEN THIS YEAR"]
make([%q(POSTCOLONIALISM AND UNIVERSALISM (HISTORY 309A)), %q(209D), %q(4), %q(5)]).includes ["NOT GIVEN THIS YEAR"]
make([%q(RESEARCH SEMINAR FOR MAJORS), %q(209S), %q(5), %q(5)]).includes ["AUT", "WIN", "SPR"]
make([%q(MEDITERRANEAN CROSSROADS: POWER, CULTURE, AND RELIGION IN MEDIEVAL SICILY (HISTORY 314D)), %q(214D), %q(5), %q(5)]).includes ["SPR"]
make([%q(THE CRUSADES: A CULTURAL HISTORY), %q(215K), %q(5), %q(5)]).includes ["SPR"]
make([%q(SCIENCE, TECHNOLOGY, AND MODERNITY IN THE SOVIET UNION (HISTORY 319C)), %q(219C), %q(5), %q(5)]).includes ["SPR"]
make([%q(MEN, WOMEN, AND POWER IN EARLY MODERN RUSSIA, 1500-1800), %q(221A), %q(5), %q(5)]).includes ["NOT GIVEN THIS YEAR"]
make([%q(THE WOMAN QUESTION IN MODERN RUSSIA), %q(221B), %q(5), %q(5)]).includes ["SPR"]
make([%q(HONOR, LAW, AND MODERNITY), %q(222), %q(5), %q(5)]).includes ["NOT GIVEN THIS YEAR"]
make([%q(ART AND IDEAS IN IMPERIAL RUSSIA (HISTORY 323)), %q(223), %q(4), %q(5)]).includes ["NOT GIVEN THIS YEAR"]
make([%q(THE SOVIET CIVILIZATION (HISTORY 424A)), %q(224A), %q(4), %q(5)]).includes ["WIN"]
make([%q(GENOCIDE AND HUMANITARIAN INTERVENTION (HISTORY 324C, PEDS 224)), %q(224C), %q(3), %q(3)]).includes ["WIN"]
make([%q(THE SOVIET CIVILIZATION, PART 2 (HISTORY 424B)), %q(225), %q(4), %q(5)]).includes ["SPR"]
make([%q(FAMINE IN THE MODERN WORLD (HISTORY 326E, PEDS 226)), %q(226E), %q(3), %q(3)]).includes ["WIN"]
make([%q(CIRCLES OF HELL: POLAND IN WORLD WAR II (HISTORY 328, JEWISHST 282, JEWISHST 382)), %q(228), %q(5), %q(5)]).includes ["AUT"]
make([%q(THE WITNESS IN MODERN HISTORY: MEMOIR, REPORTAGE, IMAGE), %q(230A), %q(5), %q(5)]).includes ["NOT GIVEN THIS YEAR"]
make([%q(PARIS: CAPITAL OF THE MODERN WORLD (FRENCH 140, FRENCH 340)), %q(230C), %q(4), %q(5)]).includes ["AUT"]
make([%q(EUROPE IN THE WORLD, 1789-PRESENT (HISTORY 330D)), %q(230D), %q(4), %q(5)]).includes ["NOT GIVEN THIS YEAR"]
make([%q(SELF-POLICING, DENUNCIATION, AND SURVEILLANCE IN MODERN EUROPE (HISTORY 330F)), %q(230F), %q(4), %q(5)]).includes ["NOT GIVEN THIS YEAR"]
make([%q(EUROPEAN REFORMATIONS (HISTORY 331G, RELIGST 236, RELIGST 336)), %q(231G), %q(4), %q(5)]).includes ["WIN"]
make([%q(POWER, ART, AND KNOWLEDGE IN RENAISSANCE ITALY (HISTORY 332A)), %q(232A), %q(4), %q(5)]).includes ["WIN"]
make([%q(ROME: THE CITY AND THE WORLD, 1350-1750 (HISTORY 332D)), %q(232D), %q(4), %q(5)]).includes ["NOT GIVEN THIS YEAR"]
make([%q(THE SCIENTIFIC REVOLUTION), %q(232F), %q(5), %q(5)]).includes ["SPR"]
make([%q(REFORMATION, POLITICAL  CULTURE, AND THE ORIGINS OF THE ENGLISH CIVIL WAR (HISTORY 333)), %q(233), %q(4), %q(5)]).includes ["WIN"]
make([%q(TWO BRITISH REVOLUTIONS (HISTORY 333C)), %q(233C), %q(4), %q(5)]).includes ["NOT GIVEN THIS YEAR"]
make([%q(POLITICAL THOUGHT IN EARLY MODERN BRITAIN), %q(233F), %q(5), %q(5)]).includes ["NOT GIVEN THIS YEAR"]
make([%q(CATHOLIC POLITICS IN EUROPE, 1789-1992), %q(233G), %q(5), %q(5)]).includes ["NOT GIVEN THIS YEAR"]
make([%q(THE INVENTION OF THE MODERN REPUBLIC (HISTORY 333K)), %q(233K), %q(4), %q(5)]).includes ["NOT GIVEN THIS YEAR"]
make([%q(THE ETHICS OF IMPERIALISM), %q(236), %q(5), %q(5)]).includes ["NOT GIVEN THIS YEAR"]
make([%q(EMPIRE AND INFORMATION (HISTORY 339F)), %q(239F), %q(4), %q(5)]).includes ["NOT GIVEN THIS YEAR"]
make([%q(COLONIALISM AND EMPIRE IN MODERN EUROPE), %q(239H), %q(5), %q(5)]).includes ["NOT GIVEN THIS YEAR"]
make([%q(TOBACCO AND HEALTH IN WORLD HISTORY (HISTORY 343G)), %q(243G), %q(4), %q(5)]).includes ["AUT"]
make([%q(CLIMATE CHANGE IN THE WEST: A HISTORY OF THE FUTURE (EARTHSYS 143J)), %q(243J), %q(5), %q(5)]).includes ["NOT GIVEN THIS YEAR"]
make([%q(HUMAN ORIGINS: HISTORY, EVIDENCE, AND CONTROVERSY (HISTORY 443A)), %q(243S), %q(4), %q(5)]).includes ["NOT GIVEN THIS YEAR"]
make([%q(THE HISTORY OF THE  BODY IN SCIENCE, MEDICINE, AND CULTURE (HISTORY 444C)), %q(244C), %q(4), %q(5)]).includes ["NOT GIVEN THIS YEAR"]
make([%q(HEALTH AND SOCIETY IN AFRICA (HISTORY 347E)), %q(245E), %q(4), %q(5)]).includes ["NOT GIVEN THIS YEAR"]
make([%q(AFRICAN SOCIETIES AND COLONIAL STATES, PART 1), %q(248S), %q(4), %q(5)]).includes ["NOT GIVEN THIS YEAR"]
make([%q(HISTORY OF CALIFORNIA INDIANS (CSRE 117S)), %q(250A), %q(5), %q(5)]).includes ["NOT GIVEN THIS YEAR"]
make([%q(TOPICS IN CONSTITUTIONAL HISTORY (AMSTUD 251, POLISCI 222S)), %q(251G), %q(5), %q(5)]).includes ["WIN"]
make([%q(DIPLOMACY ON THE GROUND: CASE STUDIES IN THE CHALLENGES OF REPRESENTING YOUR COUNTRY (INTNLREL 174)), %q(252B), %q(5), %q(5)]).includes ["SPR"]
make([%q(AMERICA AS A WORLD POWER: U.S. FOREIGN RELATIONS, 1914 TO PRESENT (INTNLREL 168)), %q(252K), %q(5), %q(5)]).includes ["WIN"]
make([%q(APPROACHES TO AMERICAN LEGAL HISTORY (POLISCI 226U)), %q(253D), %q(5), %q(5)]).includes ["AUT"]
make([%q(MARTIN LUTHER KING, JR.: THE SOCIAL GOSPEL AND THE STRUGGLE FOR JUSTICE), %q(255), %q(5), %q(5)]).includes ["NOT GIVEN THIS YEAR"]
make([%q(EDUCATION, RACE, AND INEQUALITY IN AFRICAN AMERICAN HISTORY, 1880-1990 (AFRICAAM 116, CSRE 216X, EDUC 216)), %q(255E), %q(3), %q(5)]).includes ["SPR"]
make([%q(U.S.-CHINA RELATIONS: FROM THE OPIUM WAR TO TIANANMEN (AMSTUD 256, HISTORY 356)), %q(256), %q(4), %q(5)]).includes ["SPR"]
make([%q(CONSTRUCTING RACE AND RELIGION IN AMERICA (CSRE 246, HISTORY 356G, RELIGST 246, RELIGST 346)), %q(256G), %q(4), %q(5)]).includes ["NOT GIVEN THIS YEAR"]
make([%q(LGBT/QUEER LIFE IN THE UNITED STATES (FEMGEN 140D, FEMGEN 240D)), %q(257C), %q(4), %q(5)]).includes ["SPR"]
make([%q(TOPICS IN THE HISTORY OF SEXUALITY: SEXUAL VIOLENCE (AMSTUD 258, CSRE 192E, FEMGEN 258, FEMGEN 358, HISTORY 358)), %q(258), %q(4), %q(5)]).includes ["WIN"]
make([%q(SCHOOL: WHAT IS IT GOOD FOR? (EDUC 207)), %q(258D), %q(3), %q(4)]).includes ["WIN"]
make([%q(HISTORY OF SCHOOL REFORM: ORIGINS, POLICIES, OUTCOMES, AND EXPLANATIONS (EDUC 220D)), %q(258E), %q(3), %q(5)]).includes ["AUT"]
make([%q(POVERTY AND HOMELESSNESS IN AMERICA), %q(259A), %q(4), %q(5)]).includes ["NOT GIVEN THIS YEAR"]
make([%q(CALIFORNIA'S MINORITY-MAJORITY CITIES (CSRE 260)), %q(260), %q(4), %q(5)]).includes ["SPR"]
make([%q(RACE, GENDER, AND CLASS IN JIM CROW AMERICA), %q(261), %q(5), %q(5)]).includes ["NOT GIVEN THIS YEAR"]
make([%q(PRESIDENTS AND FOREIGN POLICY IN MODERN HISTORY (INTNLREL 173)), %q(261G), %q(5), %q(5)]).includes ["AUT"]
make([%q(GLOBALIZING THE AMERICAN REVOLUTION (AMSTUD 262A)), %q(262A), %q(5), %q(5)]).includes ["WIN"]
make([%q(ATLANTIC AMERICA: POLITICS, ECONOMICS, AND EMPIRE), %q(262E), %q(5), %q(5)]).includes ["SPR"]
make([%q(THE SOCIAL HISTORY OF MENTAL ILLNESS IN THE UNITED STATES), %q(264G), %q(5), %q(5)]).includes ["SPR"]
make([%q(THE COLD WAR: AN INTERNATIONAL HISTORY (INTNLREL 154)), %q(266C), %q(5), %q(5)]).includes ["NOT GIVEN THIS YEAR"]
make([%q(RELIGION IN TWENTIETH CENTURY AMERICAN LIFE (AMSTUD 267)), %q(267), %q(5), %q(5)]).includes ["NOT GIVEN THIS YEAR"]
make([%q(HISTORY OF CAPITALISM (HISTORY 369)), %q(269), %q(5), %q(5)]).includes ["WIN"]
make([%q(SPANISH NATIONALIST DISCOURSES FROM FRANCO TO ZAPATERO: WHAT DOES 'PLURAL SPAIN' MEAN?), %q(272A), %q(3), %q(5)]).includes ["NOT GIVEN THIS YEAR"]
make([%q(THE EUROPEAN EXPANSION (HISTORY 373A)), %q(273), %q(4), %q(5)]).includes ["NOT GIVEN THIS YEAR"]
make([%q(U.S. INTERVENTION AND REGIME CHANGE IN 20TH CENTURY LATIN AMERICA), %q(277D), %q(5), %q(5)]).includes ["AUT"]
make([%q(LATIN AMERICAN DEVELOPMENT: ECONOMY AND SOCIETY, 1800-2000 (HISTORY 379)), %q(279), %q(4), %q(5)]).includes ["NOT GIVEN THIS YEAR"]
make([%q(TWENTIETH-CENTURY IRAQ: A POLITICAL AND SOCIAL HISTORY), %q(281A), %q(5), %q(5)]).includes ["NOT GIVEN THIS YEAR"]
make([%q(MODERN EGYPT), %q(281B), %q(4), %q(5)]).includes ["WIN"]
make([%q(THE UNITED STATES AND THE MIDDLE EAST SINCE 1945 (HISTORY 382)), %q(282), %q(4), %q(5)]).includes ["NOT GIVEN THIS YEAR"]
make([%q(HISTORY OF MODERN TURKEY), %q(282F), %q(4), %q(5)]).includes ["SPR"]
make([%q(THE NEW GLOBAL ECONOMY, OIL, AND ISLAMIC MOVEMENTS IN THE MIDDLE EAST (HISTORY 383)), %q(283), %q(4), %q(5)]).includes ["NOT GIVEN THIS YEAR"]
make([%q(THE OTTOMAN EMPIRE, 1300-1923 (HISTORY 384)), %q(284), %q(4), %q(5)]).includes ["AUT"]
make([%q(ISLAMIC EURASIA: EMPIRES, NOMADS AND MERCHANTS (1300-1850) (HISTORY 384F)), %q(284F), %q(4), %q(5)]).includes ["NOT GIVEN THIS YEAR"]
make([%q(ZIONISM AND ITS CRITICS), %q(287C), %q(4), %q(5)]).includes ["NOT GIVEN THIS YEAR"]
make([%q(PALESTINE AND THE ARAB-ISRAELI CONFLICT (JEWISHST 288, JEWISHST 388)), %q(288), %q(4), %q(5)]).includes ["SPR"]
make([%q(MOVIES AND EMPIRE IN EAST ASIA (HISTORY 390E)), %q(290E), %q(5), %q(5)]).includes ["WIN"]
make([%q(ARCHAEOLOGY AND MODERNITY IN ASIA: THE EXCAVATION OF ANCIENT CIVILIZATIONS IN MODERN TIMES (HISTORY 391A)), %q(291A), %q(4), %q(5)]).includes ["NOT GIVEN THIS YEAR"]
make([%q(THE TWO KOREAS (HISTORY 392)), %q(292), %q(4), %q(5)]).includes ["AUT"]
make([%q(JAPAN IN ASIA, ASIA IN JAPAN (HISTORY 392D)), %q(292D), %q(4), %q(5)]).includes ["SPR"]
make([%q(TRADITIONAL KOREA: HISTORY AND CULTURE (HISTORY 392F)), %q(292F), %q(4), %q(5)]).includes ["NOT GIVEN THIS YEAR"]
make([%q(COMMUNISM AND REVOLUTION IN CHINA), %q(296), %q(5), %q(5)]).includes ["NOT GIVEN THIS YEAR"]
make([%q(SHORT STORIES FROM INDIA AND PAKISTAN (ICA 296F)), %q(296F), %q(3), %q(5)]).includes ["SPR"]
make([%q(THE COLD WAR AND EAST ASIA (HISTORY 397)), %q(297), %q(5), %q(5)]).includes ["SPR"]
make([%q(SENIOR RESEARCH I), %q(299A), %q(1), %q(5)]).includes ["AUT", "WIN", "SPR"]
make([%q(SENIOR RESEARCH II), %q(299B), %q(1), %q(5)]).includes ["AUT", "WIN", "SPR"]
make([%q(SENIOR RESEARCH III), %q(299C), %q(1), %q(5)]).includes ["AUT", "WIN", "SPR"]
make([%q(TOOLING UP FOR DIGITAL HUMANITIES), %q(299D), %q(1), %q(1)]).includes ["NOT GIVEN THIS YEAR"]
make([%q(JUNIOR HONORS COLLOQUIUM), %q(299H), %q(1), %q(1)]).includes ["WIN"]
make([%q(UNDERGRADUATE DIRECTED RESEARCH: MARTIN LUTHER KING, JR., RESEARCH AND EDUCATION INSTITUTE), %q(299M), %q(1), %q(4)]).includes ["AUT", "WIN", "SPR"]
make([%q(UNDERGRADUATE DIRECTED RESEARCH AND WRITING), %q(299S), %q(1), %q(5)]).includes ["AUT", "WIN", "SPR", "SUM"]
make([%q(PREPARING FOR INTERNATIONAL FIELD WORK: PUBLIC SERVICE OR RESEARCH (HISTORY 399A)), %q(299X), %q(1), %q(1)]).includes ["SPR"]
make([%q(INTRODUCTION TO PUBLIC HISTORY IN THE U.S.,19TH CENTURY TO THE PRESENT (AFRICAAM 102, CSRE 201, HISTORY 201)), %q(301), %q(4), %q(5)]).includes ["AUT"]
make([%q(THE GLOBAL DRUG WARS (HISTORY 201A)), %q(301A), %q(4), %q(5)]).includes ["WIN"]
make([%q(QUESTIONS IN MODERN WORLD HISTORY: PROVINCIALIZING EUROPE? (HISTORY 202A)), %q(302A), %q(4), %q(5)]).includes ["AUT"]
make([%q(COFFEE, SUGAR, AND CHOCOLATE: COMMODITIES AND CONSUMPTION IN WORLD HISTORY, 1200-1800 (HISTORY 202B)), %q(302B), %q(4), %q(4)]).includes ["AUT"]
make([%q(THE GREAT WAR), %q(302E), %q(4), %q(5)]).includes ["NOT GIVEN THIS YEAR"]
make([%q(PEOPLES, ARMIES AND GOVERNMENTS OF THE SECOND WORLD WAR (HISTORY 202G)), %q(302G), %q(4), %q(5)]).includes ["AUT"]
make([%q(PREMODERN ECONOMIC CULTURES (HISTORY 203)), %q(303), %q(5), %q(5)]).includes ["SPR"]
make([%q(SECRET SOCIETIES IN WESTERN HISTORY (HISTORY 203B)), %q(303B), %q(5), %q(5)]).includes ["NOT GIVEN THIS YEAR"]
make([%q(HISTORY OF IGNORANCE), %q(303C), %q(3), %q(3)]).includes ["AUT"]
make([%q(WORDS AND THINGS IN THE HISTORY OF CLASSICAL SCHOLARSHIP (CLASSGEN 241)), %q(303F), %q(4), %q(5)]).includes ["AUT"]
make([%q(APPROACHES TO HISTORY), %q(304), %q(4), %q(5)]).includes ["AUT"]
make([%q(HOW WARS END: WAR AND PEACE IN THE 20TH CENTURY (HISTORY 204C)), %q(304C), %q(5), %q(5)]).includes ["WIN"]
make([%q(WAR AND SOCIETY (HISTORY 204G)), %q(304G), %q(5), %q(5)]).includes ["AUT"]
make([%q(GRADUATE WORKSHOP IN TEACHING), %q(305), %q(1), %q(1)]).includes ["SPR"]
make([%q(THE HISTORY OF INFORMATION), %q(305A), %q(4), %q(5)]).includes ["NOT GIVEN THIS YEAR"]
make([%q(CREATIVE POLITICAL THINKING: THREE CASES (POLISCI 235J, POLISCI 335J)), %q(305G), %q(4), %q(5)]).includes ["NOT GIVEN THIS YEAR"]
make([%q(CITY, SOCIETY, LITERATURE- 19TH CENTURY HISTORIES (HISTORY 206A, URBANST 106)), %q(306A), %q(4), %q(4)]).includes ["SPR"]
make([%q(WORLD HISTORY: GRADUATE COLLOQUIUM), %q(306D), %q(4), %q(4)]).includes ["WIN"]
make([%q(INTERNATIONAL HISTORY AND INTERNATIONAL RELATIONS THEORY (POLISCI 216E, POLISCI 316)), %q(306E), %q(5), %q(5)]).includes ["NOT GIVEN THIS YEAR"]
make([%q(IDENTITIES AND IDENTIFICATION IN THE ATLANTIC WORLD), %q(306F), %q(4), %q(5)]).includes ["NOT GIVEN THIS YEAR"]
make([%q(COLONIAL LAW), %q(306G), %q(4), %q(5)]).includes ["NOT GIVEN THIS YEAR"]
make([%q(WORLD HISTORY PEDAGOGY WORKSHOP), %q(306K), %q(1), %q(1)]).includes ["WIN"]
make([%q(LEGAL HISTORY WORKSHOP), %q(307A), %q(4), %q(5)]).includes ["NOT GIVEN THIS YEAR"]
make([%q(THE GLOBAL EARLY MODERN (HISTORY 207C)), %q(307C), %q(4), %q(5)]).includes ["SPR"]
make([%q(TOTALITARIANISM (HISTORY 204E)), %q(307E), %q(4), %q(5)]).includes ["SPR"]
make([%q(HEAVENLY BODIES: SAINTS' BODIES, RELICS AND MIRACLES IN LATE ANTIQUE AND MEDIEVAL EUROPE (HISTORY 207F, RELIGST 237, RELIGST 337)), %q(307F), %q(4), %q(5)]).includes ["AUT"]
make([%q(BIOGRAPHY AND HISTORY (HISTORY 207)), %q(308), %q(4), %q(5)]).includes ["NOT GIVEN THIS YEAR"]
make([%q(SCIENCE AND LAW IN HISTORY (HISTORY 208A)), %q(308A), %q(4), %q(5)]).includes ["WIN"]
make([%q(WOMEN ACTIVISTS' RESPONSE TO WAR (HISTORY 208B)), %q(308B), %q(4), %q(5)]).includes ["NOT GIVEN THIS YEAR"]
make([%q(HISTORY OF DEATH AND DYING (HISTORY 208C)), %q(308C), %q(4), %q(4)]).includes ["NOT GIVEN THIS YEAR"]
make([%q(PRE-MODERN WARFARE), %q(308D), %q(3), %q(5)]).includes ["NOT GIVEN THIS YEAR"]
make([%q(POSTCOLONIALISM AND UNIVERSALISM (HISTORY 209D)), %q(309A), %q(4), %q(5)]).includes ["NOT GIVEN THIS YEAR"]
make([%q(THE IDEA OF POLITICS (HISTORY 209B)), %q(309B), %q(4), %q(5)]).includes ["NOT GIVEN THIS YEAR"]
make([%q(LIBERALISM AND VIOLENCE), %q(309C), %q(5), %q(5)]).includes ["NOT GIVEN THIS YEAR"]
make([%q(HISTORY MEETS GEOGRAPHY), %q(309E), %q(4), %q(5)]).includes ["NOT GIVEN THIS YEAR"]
make([%q(HISTORICAL GEOGRAPHY COLLOQUIUM: MAPS IN THE EARLY MODERN WORLD), %q(309F), %q(4), %q(5)]).includes ["NOT GIVEN THIS YEAR"]
make([%q(PALEOGRAPHY OF MEDIEVAL AND EARLY MODERN MANUSCRIPTS (CLASSGEN 311, DLCL 209, ENGLISH 209, RELIGST 204)), %q(309G), %q(3), %q(5)]).includes ["SPR"]
make([%q(FAMILY, GENDER, AND PRODUCTION IN ANCIENT ROME), %q(311A), %q(4), %q(5)]).includes ["NOT GIVEN THIS YEAR"]
make([%q(BIG ANCIENT HISTORY), %q(311G), %q(4), %q(5)]).includes ["NOT GIVEN THIS YEAR"]
make([%q(MEDITERRANEAN CROSSROADS: POWER, CULTURE, AND RELIGION IN MEDIEVAL SICILY (HISTORY 214D)), %q(314D), %q(5), %q(5)]).includes ["SPR"]
make([%q(SECULARITY), %q(319B), %q(4), %q(5)]).includes ["NOT GIVEN THIS YEAR"]
make([%q(SCIENCE, TECHNOLOGY, AND MODERNITY IN THE SOVIET UNION (HISTORY 219C)), %q(319C), %q(5), %q(5)]).includes ["SPR"]
make([%q(DEMONS, WITCHES, AND PRIESTS: RELIGION AND POPULAR CULTURE IN RUSSIA), %q(320G), %q(4), %q(5)]).includes ["NOT GIVEN THIS YEAR"]
make([%q(THEORIES OF STATE AND SOCIETY: RUSSIAN HISTORIOGRAPHY 19TH-20TH CENTURY), %q(321A), %q(4), %q(5)]).includes ["WIN"]
make([%q(IMPERIAL RUSSIAN HISTORIOGRAPHY), %q(321B), %q(4), %q(5)]).includes ["NOT GIVEN THIS YEAR"]
make([%q(ART AND IDEAS IN IMPERIAL RUSSIA (HISTORY 223)), %q(323), %q(4), %q(5)]).includes ["NOT GIVEN THIS YEAR"]
make([%q(RESEARCH METHODOLOGIES IN EARLY MODERN RUSSIAN HISTORY), %q(323B), %q(4), %q(5)]).includes ["NOT GIVEN THIS YEAR"]
make([%q(GENOCIDE AND HUMANITARIAN INTERVENTION (HISTORY 224C, PEDS 224)), %q(324C), %q(3), %q(3)]).includes ["WIN"]
make([%q(THE CAUCASUS AND THE MUSLIM WORLD), %q(324F), %q(4), %q(5)]).includes ["NOT GIVEN THIS YEAR"]
make([%q(MODERN EUROPE: SOCIETY AND POLITICS), %q(326A), %q(5), %q(5)]).includes ["WIN"]
make([%q(GRADUATE COLLOQUIUM ON BALKAN HISTORY), %q(326C), %q(4), %q(5)]).includes ["NOT GIVEN THIS YEAR"]
make([%q(FAMINE IN THE MODERN WORLD (HISTORY 226E, PEDS 226)), %q(326E), %q(3), %q(3)]).includes ["WIN"]
make([%q(EAST EUROPEAN WOMEN AND WAR IN THE 20TH CENTURY), %q(327), %q(4), %q(5)]).includes ["NOT GIVEN THIS YEAR"]
make([%q(CIRCLES OF HELL: POLAND IN WORLD WAR II (HISTORY 228, JEWISHST 282, JEWISHST 382)), %q(328), %q(5), %q(5)]).includes ["AUT"]
make([%q(CORE COLLOQUIUM ON EARLY MODERN EUROPE: ANCIEN REGIME), %q(330), %q(4), %q(5)]).includes ["NOT GIVEN THIS YEAR"]
make([%q(EUROPE IN THE WORLD, 1789-PRESENT (HISTORY 230D)), %q(330D), %q(4), %q(5)]).includes ["NOT GIVEN THIS YEAR"]
make([%q(REPUBLIC OF LETTERS: KNOWLEDGE AND COMMUNITY, 1300-1800), %q(330E), %q(4), %q(5)]).includes ["NOT GIVEN THIS YEAR"]
make([%q(SELF-POLICING, DENUNCIATION, AND SURVEILLANCE IN MODERN EUROPE (HISTORY 230F)), %q(330F), %q(4), %q(5)]).includes ["NOT GIVEN THIS YEAR"]
make([%q(LEFT, RIGHT, AND THE INTELLECTUAL LIFE: POLITICS AND INTELLECTUALS IN THE SHORT TWENTIETH CENTURY), %q(330K), %q(5), %q(5)]).includes ["NOT GIVEN THIS YEAR"]
make([%q(CORE COLLOQUIUM ON MODERN EUROPE: INTELLECTUAL HISTORY), %q(331D), %q(4), %q(5)]).includes ["NOT GIVEN THIS YEAR"]
make([%q(EUROPEAN REFORMATIONS (HISTORY 231G, RELIGST 236, RELIGST 336)), %q(331G), %q(4), %q(5)]).includes ["WIN"]
make([%q(POWER, ART, AND KNOWLEDGE IN RENAISSANCE ITALY (HISTORY 232A)), %q(332A), %q(4), %q(5)]).includes ["WIN"]
make([%q(HERETICS, PROSTITUTES, AND MERCHANTS: VENICE AND ITS EMPIRE), %q(332B), %q(4), %q(5)]).includes ["NOT GIVEN THIS YEAR"]
make([%q(ROME: THE CITY AND THE WORLD, 1350-1750 (HISTORY 232D)), %q(332D), %q(4), %q(5)]).includes ["NOT GIVEN THIS YEAR"]
make([%q(THE SCIENTIFIC REVOLUTION), %q(332F), %q(5), %q(5)]).includes ["SPR"]
make([%q(WHEN WORLDS COLLIDE: THE TRIAL OF GALILEO), %q(332G), %q(4), %q(5)]).includes ["NOT GIVEN THIS YEAR"]
make([%q(REFORMATION, POLITICAL  CULTURE, AND THE ORIGINS OF THE ENGLISH CIVIL WAR (HISTORY 233)), %q(333), %q(4), %q(5)]).includes ["WIN"]
make([%q(TWO BRITISH REVOLUTIONS (HISTORY 233C)), %q(333C), %q(4), %q(5)]).includes ["NOT GIVEN THIS YEAR"]
make([%q(EUROPEAN INTELLECTUAL HISTORY: THE AGE OF GRAND IDEOLOGIES), %q(333E), %q(4), %q(5)]).includes ["NOT GIVEN THIS YEAR"]
make([%q(THE INVENTION OF THE MODERN REPUBLIC (HISTORY 233K)), %q(333K), %q(4), %q(5)]).includes ["NOT GIVEN THIS YEAR"]
make([%q(ENLIGHTENMENT SEMINAR (DLCL 324, HISTORY 432A, HUMNTIES 324)), %q(334), %q(3), %q(5)]).includes ["NOT GIVEN THIS YEAR"]
make([%q(SCIENCE, TECHNOLOGY, AND EMPIRE), %q(334F), %q(4), %q(5)]).includes ["NOT GIVEN THIS YEAR"]
make([%q(MODERN FRANCE), %q(336), %q(4), %q(5)]).includes ["NOT GIVEN THIS YEAR"]
make([%q(VIOLENCE IN HISTORY AND THEORY), %q(336E), %q(4), %q(5)]).includes ["NOT GIVEN THIS YEAR"]
make([%q(STREET HISTORY: LEARNING THE PAST IN SCHOOL AND OUT (EDUC 356)), %q(337C), %q(3), %q(5)]).includes ["NOT GIVEN THIS YEAR"]
make([%q(GRADUATE COLLOQUIUM IN MODERN BRITISH HISTORY, PART I), %q(338A), %q(4), %q(5)]).includes ["NOT GIVEN THIS YEAR"]
make([%q(CAPITAL AND EMPIRE), %q(339D), %q(4), %q(5)]).includes ["NOT GIVEN THIS YEAR"]
make([%q(EMPIRE AND INFORMATION (HISTORY 239F)), %q(339F), %q(4), %q(5)]).includes ["NOT GIVEN THIS YEAR"]
make([%q(MODERN EUROPEAN HISTORY IN A GLOBAL AGE), %q(339H), %q(4), %q(5)]).includes ["NOT GIVEN THIS YEAR"]
make([%q(DARWIN IN THE HISTORY OF LIFE), %q(342), %q(4), %q(5)]).includes ["NOT GIVEN THIS YEAR"]
make([%q(WHAT IS LIFE? THE HISTORY OF A QUESTION), %q(342A), %q(4), %q(5)]).includes ["NOT GIVEN THIS YEAR"]
make([%q(TOBACCO AND HEALTH IN WORLD HISTORY (HISTORY 243G)), %q(343G), %q(4), %q(5)]).includes ["AUT"]
make([%q(AFRICA IN THE ERA OF THE SLAVE TRADE), %q(345A), %q(4), %q(5)]).includes ["NOT GIVEN THIS YEAR"]
make([%q(ISLAM AND CHRISTIANITY IN AFRICA (AFRICAAM 246C)), %q(346C), %q(4), %q(5)]).includes ["NOT GIVEN THIS YEAR"]
make([%q(HEALTH AND SOCIETY IN AFRICA (HISTORY 245E)), %q(347E), %q(4), %q(5)]).includes ["NOT GIVEN THIS YEAR"]
make([%q(CORE IN AMERICAN HISTORY, PART I), %q(351A), %q(4), %q(5)]).includes ["NOT GIVEN THIS YEAR"]
make([%q(CORE IN AMERICAN HISTORY, PART II), %q(351B), %q(4), %q(5)]).includes ["AUT"]
make([%q(CORE IN AMERICAN HISTORY, PART III), %q(351C), %q(4), %q(5)]).includes ["WIN"]
make([%q(CORE IN AMERICAN HISTORY, PART IV), %q(351D), %q(4), %q(5)]).includes ["WIN"]
make([%q(CORE IN AMERICAN HISTORY, PART V), %q(351E), %q(4), %q(5)]).includes ["SPR"]
make([%q(CORE IN AMERICAN HISTORY, PART VI), %q(351F), %q(4), %q(5)]).includes ["NOT GIVEN THIS YEAR"]
make([%q(HISTORY OF AMERICAN LAW (HISTORY 152)), %q(352B), %q(5), %q(5)]).includes ["SPR"]
make([%q(APPROACHES TO  AMERICAN LEGAL HISTORY), %q(353D), %q(4), %q(5)]).includes ["NOT GIVEN THIS YEAR"]
make([%q(DECISION MAKING IN INTERNATIONAL CRISES: THE A-BOMB, THE KOREAN WAR, AND THE CUBAN MISSILE CRISIS), %q(355), %q(4), %q(5)]).includes ["NOT GIVEN THIS YEAR"]
make([%q(RACIAL IDENTITY IN THE AMERICAN IMAGINATION (AFRICAAM 255, AMSTUD 255D, CSRE 255D)), %q(355D), %q(4), %q(5)]).includes ["NOT GIVEN THIS YEAR"]
make([%q(U.S.-CHINA RELATIONS: FROM THE OPIUM WAR TO TIANANMEN (AMSTUD 256, HISTORY 256)), %q(356), %q(4), %q(5)]).includes ["SPR"]
make([%q(CONSTRUCTING RACE AND RELIGION IN AMERICA (CSRE 246, HISTORY 256G, RELIGST 246, RELIGST 346)), %q(356G), %q(4), %q(5)]).includes ["NOT GIVEN THIS YEAR"]
make([%q(TOPICS IN THE HISTORY OF SEXUALITY: SEXUAL VIOLENCE (AMSTUD 258, CSRE 192E, FEMGEN 258, FEMGEN 358, HISTORY 258)), %q(358), %q(4), %q(5)]).includes ["WIN"]
make([%q(THE PIVOTAL DECADE IN U.S. HISTORY: 1960'S OR 1970'S?), %q(362G), %q(4), %q(5)]).includes ["NOT GIVEN THIS YEAR"]
make([%q(HISTORY THROUGH A LIFE: THE ALLURE OF AMERICAN BIOGRAPHY), %q(363G), %q(4), %q(5)]).includes ["NOT GIVEN THIS YEAR"]
make([%q(WRITING ASIAN AMERICAN HISTORY (AMSTUD 265, ASNAMST 265)), %q(365), %q(5), %q(5)]).includes ["NOT GIVEN THIS YEAR"]
make([%q(IMMIGRATION DEBATES IN AMERICA, PAST AND PRESENT (CSRE 166B, HISTORY 166B)), %q(366B), %q(3), %q(5)]).includes ["WIN"]
make([%q(HISTORY OF CAPITALISM (HISTORY 269)), %q(369), %q(5), %q(5)]).includes ["WIN"]
make([%q(GRADUATE COLLOQUIUM ON COLONIAL LATIN AMERICAN HISTORY), %q(370), %q(4), %q(5)]).includes ["NOT GIVEN THIS YEAR"]
make([%q(MEXICO: FROM COLONY TO NATION OR THE HISTORY OF AN IMPOSSIBLE REPUBLIC?), %q(372A), %q(5), %q(5)]).includes ["SPR"]
make([%q(THE EUROPEAN EXPANSION (HISTORY 273)), %q(373A), %q(4), %q(5)]).includes ["NOT GIVEN THIS YEAR"]
make([%q(BORDERS AND BORDERLANDS IN MODERN MEXICO), %q(375B), %q(4), %q(5)]).includes ["NOT GIVEN THIS YEAR"]
make([%q(MODERN BRAZIL), %q(376), %q(4), %q(5)]).includes ["NOT GIVEN THIS YEAR"]
make([%q(THE LOGIC OF AUTHORITARIAN GOVERNMENT, ANCIENT AND MODERN), %q(378A), %q(5), %q(5)]).includes ["NOT GIVEN THIS YEAR"]
make([%q(LATIN AMERICAN DEVELOPMENT: ECONOMY AND SOCIETY, 1800-2000 (HISTORY 279)), %q(379), %q(4), %q(5)]).includes ["NOT GIVEN THIS YEAR"]
make([%q(ECONOMIC AND SOCIAL HISTORY OF THE MODERN MIDDLE EAST), %q(381), %q(4), %q(5)]).includes ["WIN"]
make([%q(THE UNITED STATES AND THE MIDDLE EAST SINCE 1945 (HISTORY 282)), %q(382), %q(4), %q(5)]).includes ["NOT GIVEN THIS YEAR"]
make([%q(JEWS, CHRISTIANS AND MUSLIMS IN THE OTTOMAN WORLD), %q(382E), %q(4), %q(5)]).includes ["NOT GIVEN THIS YEAR"]
make([%q(HISTORY OF MODERN TURKEY), %q(382F), %q(4), %q(5)]).includes ["SPR"]
make([%q(ISRAEL FROM THE MARGINS), %q(382G), %q(4), %q(5)]).includes ["NOT GIVEN THIS YEAR"]
make([%q(THE NEW GLOBAL ECONOMY, OIL, AND ISLAMIC MOVEMENTS IN THE MIDDLE EAST (HISTORY 283)), %q(383), %q(4), %q(5)]).includes ["NOT GIVEN THIS YEAR"]
make([%q(THE OTTOMAN EMPIRE, 1300-1923 (HISTORY 284)), %q(384), %q(4), %q(5)]).includes ["AUT"]
make([%q(ISLAMIC EURASIA: EMPIRES, NOMADS AND MERCHANTS (1300-1850) (HISTORY 284F)), %q(384F), %q(4), %q(5)]).includes ["NOT GIVEN THIS YEAR"]
make([%q(HISTORY OF MODERN ANTISEMITISM: NINETEENTH AND TWENTIETH CENTURIES), %q(385K), %q(4), %q(5)]).includes ["NOT GIVEN THIS YEAR"]
make([%q(JEWS AMONG MUSLIMS), %q(386), %q(4), %q(5)]).includes ["NOT GIVEN THIS YEAR"]
make([%q(THE OTTOMAN EMPIRE IN THE AGE OF REVOLUTIONS, 1750-1850), %q(386B), %q(4), %q(5)]).includes ["NOT GIVEN THIS YEAR"]
make([%q(ZIONISM AND ITS CRITICS), %q(387C), %q(4), %q(5)]).includes ["NOT GIVEN THIS YEAR"]
make([%q(GENTLEMEN AND JEWS: HISTORY OF THE JEWS OF ENGLAND), %q(387K), %q(4), %q(5)]).includes ["NOT GIVEN THIS YEAR"]
make([%q(HAN CHINESE AND THE GLOBAL WHITE: THE PRODUCTION OF  ETHNORACIAL MAJORITIES, EAST AND WEST), %q(390), %q(4), %q(5)]).includes ["NOT GIVEN THIS YEAR"]
make([%q(MAJOR TOPICS IN MODERN CHINESE HISTORY: QING/REPUBLICAN TRANSITION), %q(390A), %q(4), %q(5)]).includes ["NOT GIVEN THIS YEAR"]
make([%q(MOVIES AND EMPIRE IN EAST ASIA (HISTORY 290E)), %q(390E), %q(5), %q(5)]).includes ["WIN"]
make([%q(EAST ASIA IN THE EARLY BUDDHIST AGE), %q(391), %q(4), %q(5)]).includes ["NOT GIVEN THIS YEAR"]
make([%q(ARCHAEOLOGY AND MODERNITY IN ASIA: THE EXCAVATION OF ANCIENT CIVILIZATIONS IN MODERN TIMES (HISTORY 291A)), %q(391A), %q(4), %q(5)]).includes ["NOT GIVEN THIS YEAR"]
make([%q(THE CITY IN IMPERIAL CHINA), %q(391B), %q(5), %q(5)]).includes ["SPR"]
make([%q(EARLY IMPERIAL CHINA), %q(391C), %q(4), %q(5)]).includes ["NOT GIVEN THIS YEAR"]
make([%q(PRE-MODERN CHINESE WARFARE), %q(391G), %q(3), %q(5)]).includes ["NOT GIVEN THIS YEAR"]
make([%q(THE TWO KOREAS (HISTORY 292)), %q(392), %q(4), %q(5)]).includes ["AUT"]
make([%q(LAW AND SOCIETY IN LATE IMPERIAL CHINA), %q(392B), %q(4), %q(5)]).includes ["NOT GIVEN THIS YEAR"]
make([%q(JAPAN IN ASIA, ASIA IN JAPAN (HISTORY 292D)), %q(392D), %q(4), %q(5)]).includes ["SPR"]
make([%q(THE HISTORICAL ROOTS OF MODERN EAST ASIA (HISTORY 92A)), %q(392E), %q(4), %q(5)]).includes ["NOT GIVEN THIS YEAR"]
make([%q(TRADITIONAL KOREA: HISTORY AND CULTURE (HISTORY 292F)), %q(392F), %q(4), %q(5)]).includes ["NOT GIVEN THIS YEAR"]
make([%q(HOMOSEXUALITY IN HISTORICAL AND COMPARATIVE PERSPECTIVE), %q(393B), %q(4), %q(5)]).includes ["NOT GIVEN THIS YEAR"]
make([%q(MODERN KOREAN HISTORY (HISTORY 195)), %q(395), %q(5), %q(5)]).includes ["SPR"]
make([%q(GENDER AND SEXUALITY IN CHINESE HISTORY), %q(395J), %q(4), %q(5)]).includes ["NOT GIVEN THIS YEAR"]
make([%q(MODERN JAPAN), %q(396D), %q(4), %q(5)]).includes ["WIN"]
make([%q(THE COLD WAR AND EAST ASIA (HISTORY 297)), %q(397), %q(5), %q(5)]).includes ["SPR"]
make([%q(READINGS IN INDO-PERSIAN LITERATURE (ICA 397D, RELIGST 309P)), %q(397D), %q(3), %q(5)]).includes ["WIN"]
make([%q(PREPARING FOR INTERNATIONAL FIELD WORK: PUBLIC SERVICE OR RESEARCH (HISTORY 299X)), %q(399A), %q(1), %q(1)]).includes ["SPR"]
make([%q(PREPARING FOR INTERNATIONAL FIELD RESEARCH: PUBLIC SVC OR RESEARCH, ELECTRONIC VERSION), %q(399E), %q(1), %q(1)]).includes ["NOT GIVEN THIS YEAR"]
make([%q(GRADUATE DIRECTED READING), %q(399W), %q(1), %q(10)]).includes ["AUT", "WIN", "SPR", "SUM"]
make([%q(SPATIAL HISTORY: CONCEPTS, METHODS, PROBLEMS), %q(401A), %q(4), %q(5)]).includes ["SPR"]
make([%q(SPATIAL HISTORY, PART II), %q(401B), %q(4), %q(5)]).includes ["NOT GIVEN THIS YEAR"]
make([%q(GRADUATE RESEARCH SEMINAR ON COLONIAL LAW), %q(406), %q(4), %q(5)]).includes ["NOT GIVEN THIS YEAR"]
make([%q(MEDIEVAL HISTORY), %q(414A), %q(4), %q(5)]).includes ["NOT GIVEN THIS YEAR"]
make([%q(MEDIEVAL HISTORY), %q(414B), %q(4), %q(5)]).includes ["NOT GIVEN THIS YEAR"]
make([%q(EARLY MODERN RUSSIA), %q(421A), %q(4), %q(5)]).includes ["NOT GIVEN THIS YEAR"]
make([%q(RESEARCH SEMINAR ON THE HISTORY OF THE RUSSIAN EMPIRE), %q(422A), %q(4), %q(5)]).includes ["NOT GIVEN THIS YEAR"]
make([%q(RESEARCH SEMINAR IN IMPERIAL RUSSIA), %q(422B), %q(4), %q(5)]).includes ["NOT GIVEN THIS YEAR"]
make([%q(THE SOVIET CIVILIZATION (HISTORY 224A)), %q(424A), %q(4), %q(5)]).includes ["WIN"]
make([%q(THE SOVIET CIVILIZATION, PART 2 (HISTORY 225)), %q(424B), %q(4), %q(5)]).includes ["SPR"]
make([%q(THE END OF COMMUNISM IN EUROPE), %q(424C), %q(4), %q(5)]).includes ["NOT GIVEN THIS YEAR"]
make([%q(GRADUATE RESEARCH SEMINAR: EARLY MODERN EUROPE), %q(430), %q(4), %q(5)]).includes ["SPR"]
make([%q(GRADUATE RESEARCH SEMINAR: EARLY MODERN EUROPE), %q(430A), %q(3), %q(5)]).includes ["NOT GIVEN THIS YEAR"]
make([%q(EARLY MODERN THINGS), %q(431), %q(4), %q(5)]).includes ["NOT GIVEN THIS YEAR"]
make([%q(ENLIGHTENMENT SEMINAR (DLCL 324, HISTORY 334, HUMNTIES 324)), %q(432A), %q(3), %q(5)]).includes ["NOT GIVEN THIS YEAR"]
make([%q(GRAD RESEARCH SEMINAR: THE ENLIGHTENMENT, PT. II), %q(432B), %q(4), %q(5)]).includes ["NOT GIVEN THIS YEAR"]
make([%q(MODERN EUROPE: SOCIETY AND POLITICS), %q(433A), %q(5), %q(5)]).includes ["WIN"]
make([%q(EUROPEAN HISTORY), %q(433B), %q(4), %q(5)]).includes ["SPR"]
make([%q(EUROPEAN HISTORY WORKSHOP), %q(438), %q(1), %q(1)]).includes ["SPR"]
make([%q(GRADUATE RESEARCH SEMINAR: MODERN BRITAIN AND THE BRITISH EMPIRE), %q(439A), %q(4), %q(5)]).includes ["NOT GIVEN THIS YEAR"]
make([%q(GRADUATE RESEARCH SEMINAR: MODERN BRITAIN AND THE BRITISH EMPIRE II), %q(439B), %q(4), %q(5)]).includes ["NOT GIVEN THIS YEAR"]
make([%q(HUMAN ORIGINS: HISTORY, EVIDENCE, AND CONTROVERSY (HISTORY 243S)), %q(443A), %q(4), %q(5)]).includes ["NOT GIVEN THIS YEAR"]
make([%q(THE HISTORY OF THE  BODY IN SCIENCE, MEDICINE, AND CULTURE (HISTORY 244C)), %q(444C), %q(4), %q(5)]).includes ["NOT GIVEN THIS YEAR"]
make([%q(RESEARCH SEMINAR IN AFRICAN HISTORY), %q(445A), %q(4), %q(5)]).includes ["WIN"]
make([%q(RESEARCH SEMINAR IN AFRICAN HISTORY), %q(445B), %q(4), %q(5)]).includes ["SPR"]
make([%q(AMERICA IN THE WORLD), %q(460), %q(4), %q(5)]).includes ["WIN", "SPR"]
make([%q(RESEARCH SEMINAR ON THE HISTORIES OF WOMEN, THE FAMILY, AND SEXUALITY), %q(461A), %q(4), %q(5)]).includes ["NOT GIVEN THIS YEAR"]
make([%q(RESEARCH SEMINAR ON THE HISTORIES OF WOMEN, THE FAMILY, AND SEXUALITY,  PART II), %q(461B), %q(4), %q(5)]).includes ["NOT GIVEN THIS YEAR"]
make([%q(RESEARCH IN HISTORY AND SOCIAL SCIENCE EDUCATION (EDUC 496)), %q(464E), %q(3), %q(5)]).includes ["NOT GIVEN THIS YEAR"]
make([%q(GRADUATE COLLOQUIUM: EXPLORATIONS IN LATIN AMERICAN SOCIAL HISTORY), %q(470), %q(4), %q(5)]).includes ["NOT GIVEN THIS YEAR"]
make([%q(ENVIRONMENTAL HISTORY OF LATIN AMERICA), %q(471A), %q(5), %q(5)]).includes ["AUT"]
make([%q(ENVIRONMENTAL HISTORY OF LATIN AMERICA), %q(471B), %q(5), %q(5)]).includes ["WIN"]
make([%q(RESEARCH SEMINAR IN MIDDLE EAST HISTORY (JEWISHST 287S, JEWISHST 481)), %q(481), %q(4), %q(5)]).includes ["SPR"]
make([%q(RESEARCH SEMINAR IN MIDDLE EAST HISTORY), %q(481A), %q(4), %q(5)]).includes ["SUM"]
make([%q(GRADUATE RESEARCH SEMINAR IN JEWISH HISTORY (JEWISHST 486A)), %q(486A), %q(4), %q(5)]).includes ["WIN"]
make([%q(GRADUATE RESEARCH SEMINAR IN JEWISH HISTORY (JEWISHST 486B)), %q(486B), %q(4), %q(5)]).includes ["SUM"]
make([%q(MODERN KOREA RESEARCH SEMINAR), %q(491A), %q(4), %q(5)]).includes ["AUT"]
make([%q(MODERN KOREA RESEARCH SEMINAR), %q(491B), %q(4), %q(5)]).includes ["WIN"]
make([%q(EARLY EMPIRES: HAN AND ROME (CLASSHIS 344)), %q(494C), %q(4), %q(5)]).includes ["SPR"]
make([%q(QING LEGAL DOCUMENTS), %q(495A), %q(4), %q(5)]).includes ["NOT GIVEN THIS YEAR"]
make([%q(MAPS AND GAZETTEERS AS SOURCES FOR EAST ASIAN HISTORY), %q(497A), %q(4), %q(5)]).includes ["NOT GIVEN THIS YEAR"]
make([%q(MAPS AND GAZETTERS AS SOURCES FOR EAST ASIAN HISTORY, PART 2), %q(497B), %q(4), %q(5)]).includes ["NOT GIVEN THIS YEAR"]
make([%q(JAPANESE IMPERIAL ARCHIVES, PART 2), %q(498D), %q(4), %q(5)]).includes ["SUM"]
make([%q(GRADUATE RESEARCH), %q(499X), %q(1), %q(10)]).includes ["AUT", "WIN", "SPR", "SUM"]
make([%q(TGR DISSERTATION), %q(802), %q(0), %q(0)]).includes ["AUT", "WIN", "SPR", "SUM"]
