make([%q(ART IS MY OCCUPATION: PROFESSIONAL DEVELOPMENT FOR CREATIVES (ARTSINST 5, MUSIC 6P, TAPS 6P)), %q(6P), %q(1), %q(1)]).includes ["WIN"]
make([%q(FILMMAKING), %q(10AX), %q(2), %q(2)]).includes ["NOT GIVEN THIS YEAR"]
make([%q(DRAWING: MEANS & ALTERNATE MEANS), %q(11A), %q(2), %q(2)]).includes ["NOT GIVEN THIS YEAR"]
make([%q(DIGITAL ART AND DESIGN IN PRACTICE), %q(11AX), %q(2), %q(2)]).includes ["NOT GIVEN THIS YEAR"]
make([%q(DRAWING INTENSIVE: REVISITING NATURE), %q(12AX), %q(2), %q(2)]).includes ["NOT GIVEN THIS YEAR"]
make([%q(FUNDAMENTALS OF OIL PAINTING), %q(13A), %q(2), %q(2)]).includes ["NOT GIVEN THIS YEAR"]
make([%q(PHOTOGRAPHY), %q(13AX), %q(2), %q(2)]).includes ["NOT GIVEN THIS YEAR"]
make([%q(PAINTING FOR NON-MAJORS), %q(13BX), %q(2), %q(2)]).includes ["WIN"]
make([%q(SCULPTURE AND THE EXPANDED FIELD), %q(14AX), %q(2), %q(2)]).includes ["NOT GIVEN THIS YEAR"]
make([%q(INTRODUCTION TO SCULPTURE), %q(15AX), %q(2), %q(2)]).includes ["AUT"]
make([%q(DRAWING MARATHON), %q(16AX), %q(2), %q(22)]).includes ["SUM"]
make([%q(BLACK AND WHITE DARKROOM), %q(17A), %q(2), %q(2)]).includes ["NOT GIVEN THIS YEAR"]
make([%q(PHOTOGRAPHY FOR NON-MAJORS: VISUALIZING YOUR WORLD), %q(17X), %q(2), %q(2)]).includes ["SPR"]
make([%q(NEW ART-CINEMA FOR NON MAJORS), %q(31X), %q(2), %q(2)]).includes ["SPR"]
make([%q(ART IN THE STREETS: IDENTITY IN MURALS, SITE-SPECIFIC WORKS, AND INTERVENTIONS IN PUBLIC SPACES (AFRICAAM 122E, CSRE 122E)), %q(122E), %q(4), %q(4)]).includes ["WIN"]
make([%q(WHAT WE WANT IS WE: IDENTITY IN VISUAL ARTS, SOCIAL ENGAGEMENT, AND CIVIC PROPOSITIONS (CSRE 128)), %q(128J), %q(4), %q(4)]).includes ["SPR"]
make([%q(INTERACTIVE ART: MAKING IT WITH ARDUINO), %q(130), %q(4), %q(4)]).includes ["SPR"]
make([%q(INTRODUCTION TO ART PRACTICE), %q(130N), %q(3), %q(3)]).includes ["WIN"]
make([%q(SOUND ART I (MUSIC 154A)), %q(131), %q(4), %q(4)]).includes ["AUT"]
make([%q(SOUND AND IMAGE), %q(138), %q(4), %q(4)]).includes ["NOT GIVEN THIS YEAR"]
make([%q(DRAWING I), %q(140), %q(4), %q(4)]).includes ["AUT", "WIN", "SPR"]
make([%q(PLEIN AIR DRAWING), %q(141S), %q(3), %q(3)]).includes ["SUM"]
make([%q(PAINTING I), %q(145), %q(4), %q(4)]).includes ["AUT", "WIN", "SPR"]
make([%q(PAINTING WITH ACRYLICS), %q(145A), %q(4), %q(4)]).includes ["SPR"]
make([%q(ARTIST'S BOOK), %q(147), %q(4), %q(4)]).includes ["NOT GIVEN THIS YEAR"]
make([%q(PAINTING AND DRAWING), %q(147S), %q(3), %q(3)]).includes ["SUM"]
make([%q(MONOTYPE), %q(148), %q(4), %q(4)]).includes ["WIN"]
make([%q(LITHOGRAPHY), %q(148A), %q(4), %q(4)]).includes ["SPR"]
make([%q(INTRODUCTION TO PRINTMAKING TECHNIQUES), %q(148B), %q(4), %q(4)]).includes ["AUT"]
make([%q(SCULPTURE I), %q(151), %q(4), %q(4)]).includes ["AUT", "WIN"]
make([%q(DESIGN I : FUNDAMENTAL VISUAL LANGUAGE), %q(160), %q(3), %q(4)]).includes ["AUT", "WIN", "SPR"]
make([%q(CATALYSTS FOR DESIGN), %q(161), %q(3), %q(4)]).includes ["NOT GIVEN THIS YEAR"]
make([%q(DESIGN IN MOTION), %q(166), %q(3), %q(4)]).includes ["NOT GIVEN THIS YEAR"]
make([%q(INTRODUCTION TO ANIMATION), %q(167), %q(3), %q(4)]).includes ["NOT GIVEN THIS YEAR"]
make([%q(INTRODUCTION TO PHOTOGRAPHY), %q(170), %q(4), %q(4)]).includes ["AUT", "WIN", "SPR", "SUM"]
make([%q(INTRODUCTION TO PHOTO- SUMMER), %q(170S), %q(3), %q(3)]).includes ["SUM"]
make([%q(INTRO TO DIGITAL PHOTO), %q(171), %q(3), %q(3)]).includes ["SPR"]
make([%q(CELL PHONE PHOTOGRAPHY), %q(173E), %q(4), %q(4)]).includes ["AUT", "WIN", "SPR"]
make([%q(INTERNET ART), %q(174B), %q(4), %q(4)]).includes ["AUT", "WIN", "SPR"]
make([%q(TIME SHIFTS), %q(176), %q(4), %q(4)]).includes ["SPR"]
make([%q(VIDEO ART I), %q(177), %q(4), %q(4)]).includes ["AUT"]
make([%q(ART AND ELECTRONICS), %q(178), %q(4), %q(4)]).includes ["WIN"]
make([%q(DIGITAL ART I), %q(179), %q(4), %q(4)]).includes ["AUT", "WIN"]
make([%q(COLOR (TAPS 180P)), %q(180), %q(3), %q(4)]).includes ["AUT"]
make([%q(INTERDISCIPLINARY ART SURVEY), %q(230), %q(4), %q(4)]).includes ["WIN"]
make([%q(FUTURE MEDIA, MEDIA ARCHAEOLOGIES (MUSIC 236)), %q(236), %q(3), %q(4)]).includes ["NOT GIVEN THIS YEAR"]
make([%q(INTERMEDIA WORKSHOP (MUSIC 155, MUSIC 255)), %q(239), %q(3), %q(4)]).includes ["WIN"]
make([%q(DRAWING II), %q(240), %q(4), %q(4)]).includes ["SPR"]
make([%q(PAINTING II), %q(245), %q(4), %q(4)]).includes ["WIN", "SPR"]
make([%q(INDIVIDUAL WORK: DRAWING AND PAINTING), %q(246), %q(1), %q(15)]).includes ["AUT", "WIN", "SPR"]
make([%q(ADVANCED UNDERGRADUATE SEMINAR), %q(249), %q(3), %q(4)]).includes ["SPR"]
make([%q(INDIVIDUAL WORK: SCULPTURE), %q(250), %q(1), %q(15)]).includes ["AUT", "WIN", "SPR"]
make([%q(SCULPTURE II), %q(252), %q(4), %q(4)]).includes ["NOT GIVEN THIS YEAR"]
make([%q(KINETIC SCULPTURE), %q(254), %q(3), %q(4)]).includes ["SPR"]
make([%q(DESIGN II: THE BRIDGE), %q(260), %q(3), %q(4)]).includes ["SPR"]
make([%q(INDIVIDUAL WORK: DESIGN), %q(261), %q(1), %q(15)]).includes ["AUT", "WIN", "SPR"]
make([%q(THE CHAIR), %q(262), %q(3), %q(4)]).includes ["NOT GIVEN THIS YEAR"]
make([%q(PAPER), %q(263), %q(3), %q(4)]).includes ["NOT GIVEN THIS YEAR"]
make([%q(DESIGN FOR EXPLORATION (ME 213)), %q(265), %q(3), %q(4)]).includes ["WIN"]
make([%q(ADVANCED PHOTOGRAPHY SEMINAR), %q(270), %q(1), %q(5)]).includes ["WIN", "SPR"]
make([%q(THE VIEW CAMERA: ITS USES AND TECHNIQUES), %q(271), %q(4), %q(4)]).includes ["WIN"]
make([%q(INDIVIDUAL WORK: PHOTOGRAPHY), %q(272), %q(1), %q(5)]).includes ["AUT", "WIN", "SPR"]
make([%q(INDIVIDUAL WORK: EXPERIMENTAL MEDIA ART), %q(273), %q(1), %q(15)]).includes ["AUT", "WIN", "SPR"]
make([%q(ALTERNATIVE PROCESSES), %q(274), %q(4), %q(4)]).includes ["SPR"]
make([%q(INTRODUCTION TO DIGITAL PHOTOGRAPHY AND VISUAL IMAGES), %q(275), %q(4), %q(4)]).includes ["WIN", "SPR"]
make([%q(THE PHOTOGRAPHIC BOOK), %q(276), %q(4), %q(4)]).includes ["SPR"]
make([%q(PROJECT CLASS: DIGITAL AND ANALOGUE PROJECTS IN PHOTOGRAPHY), %q(277), %q(4), %q(4)]).includes ["AUT", "WIN"]
make([%q(INTERMEDIATE BLACK AND WHITE PHOTOGRAPHY), %q(278), %q(4), %q(4)]).includes ["AUT"]
make([%q(DIGITAL ART II), %q(279A), %q(4), %q(4)]).includes ["NOT GIVEN THIS YEAR"]
make([%q(ART AND BIOLOGY), %q(284), %q(4), %q(4)]).includes ["SPR"]
make([%q(TOPICS IN MEDIA STUDIES: STREET MEDIA), %q(285), %q(4), %q(4)]).includes ["SPR"]
make([%q(DIRECTED READING: STUDIO), %q(310A), %q(1), %q(15)]).includes ["AUT"]
make([%q(DIRECTED READING: STUDIO), %q(310B), %q(1), %q(15)]).includes ["WIN"]
make([%q(DIRECTED READING: STUDIO), %q(310C), %q(1), %q(15)]).includes ["SPR"]
make([%q(MFA PROJECT: TUTORIAL), %q(342), %q(1), %q(15)]).includes ["AUT", "WIN", "SPR"]
make([%q(MFA: OBJECT SEMINAR), %q(342A), %q(1), %q(15)]).includes ["AUT", "WIN", "SPR"]
make([%q(MFA: CONCEPT SEMINAR), %q(342B), %q(1), %q(15)]).includes ["AUT", "WIN"]
make([%q(M.F.A SEMINAR), %q(342C), %q(1), %q(15)]).includes ["AUT", "WIN"]
make([%q(ART IN CONTEXT I : HISTORIES AND DESIGN PRACTICES), %q(350A), %q(3), %q(3)]).includes ["AUT"]
make([%q(ART IN CONTEXT II: DESIGN AND PERSONAL PROCESSES), %q(350B), %q(3), %q(3)]).includes ["WIN"]
make([%q(MASTERS PROJECT-SITES/SITUATIONS I: STRATEGIES), %q(360A), %q(2), %q(4)]).includes ["WIN"]
make([%q(MASTERS PROJECT- SITES/SITUATIONS II: IMPLEMENTATION), %q(360B), %q(2), %q(4)]).includes ["SPR"]
make([%q(MASTER'S PROJECT: DESIGN), %q(360C), %q(2), %q(4)]).includes ["NOT GIVEN THIS YEAR"]
make([%q(TGR PROJECT), %q(801), %q(0), %q(0)]).includes ["AUT", "WIN", "SPR", "SUM"]
