make([%q(GREEK CULTURE, IDEALS, AND THEMES), %q(75), %q(3), %q(3)]).includes ["SPR"]
make([%q(LANGUAGE SPECIALS), %q(99), %q(2), %q(5)]).includes ["AUT", "WIN", "SPR"]
make([%q(THIRD-YEAR ALBANIAN, FIRST QUARTER), %q(106A), %q(3), %q(3)]).includes ["NOT GIVEN THIS YEAR"]
make([%q(THIRD-YEAR ALBANIAN, SECOND QUARTER), %q(106B), %q(3), %q(3)]).includes ["WIN"]
make([%q(FIRST-YEAR BENGALI- FIRST QUARTER), %q(109A), %q(4), %q(4)]).includes ["AUT"]
make([%q(FIRST-YEAR BENGALI-2ND QTR), %q(109B), %q(4), %q(4)]).includes ["WIN"]
make([%q(FIRST-YEAR BENGALI - THIRD QUARTER), %q(109C), %q(4), %q(4)]).includes ["NOT GIVEN THIS YEAR"]
make([%q(FIRST-YEAR UKRAINIAN, FIRST QUARTER), %q(129A), %q(3), %q(3)]).includes ["AUT"]
make([%q(FIRST-YEAR UKRAINIAN, THIRD QUARTER), %q(129C), %q(3), %q(3)]).includes ["NOT GIVEN THIS YEAR"]
make([%q(SECOND-YEAR UKRAINIAN, FIRST QUARTER), %q(130A), %q(4), %q(4)]).includes ["WIN"]
make([%q(SECOND-YEAR INTERMEDIATE UKRAINIAN, SECOND QUARTER), %q(130B), %q(4), %q(4)]).includes ["SPR"]
make([%q(FIRST-YEAR NAVAJO, FIRST QUARTER), %q(138A), %q(4), %q(4)]).includes ["NOT GIVEN THIS YEAR"]
make([%q(FIRST-YEAR NAVAJO, SECOND QUARTER), %q(138B), %q(4), %q(4)]).includes ["NOT GIVEN THIS YEAR"]
make([%q(FIRST-YEAR NAVAJO, THIRD QUARTER), %q(138C), %q(4), %q(4)]).includes ["NOT GIVEN THIS YEAR"]
make([%q(FIRST-YEAR TAGALOG, FIRST QUARTER), %q(144A), %q(5), %q(5)]).includes ["AUT"]
make([%q(FIRST-YEAR TAGALOG, SECOND QUARTER), %q(144B), %q(5), %q(5)]).includes ["WIN"]
make([%q(FIRST-YEAR TAGALOG, THIRD QUARTER), %q(144C), %q(5), %q(5)]).includes ["SPR"]
make([%q(SECOND-YEAR TAGALOG, FIRST QUARTER), %q(145A), %q(4), %q(4)]).includes ["AUT"]
make([%q(SECOND-YEAR TAGALOG, SECOND QUARTER), %q(145B), %q(4), %q(4)]).includes ["NOT GIVEN THIS YEAR"]
make([%q(SECOND-YEAR TAGALOG, THIRD QUARTER), %q(145C), %q(4), %q(4)]).includes ["NOT GIVEN THIS YEAR"]
make([%q(THIRD-YEAR TAGALOG, FIRST QUARTER), %q(146A), %q(3), %q(3)]).includes ["AUT"]
make([%q(THIRD-YEAR TAGALOG, SECOND QUARTER), %q(146B), %q(3), %q(3)]).includes ["WIN"]
make([%q(THIRD-YEAR TAGALOG, THIRD QUARTER), %q(146C), %q(3), %q(3)]).includes ["SPR"]
make([%q(FIRST-YEAR VIETNAMESE, FIRST QUARTER), %q(150A), %q(5), %q(5)]).includes ["AUT"]
make([%q(FIRST-YEAR VIETNAMESE, SECOND QUARTER), %q(150B), %q(5), %q(5)]).includes ["WIN"]
make([%q(FIRST-YEAR VIETNAMESE, THIRD QUARTER), %q(150C), %q(5), %q(5)]).includes ["SPR"]
make([%q(SECOND-YEAR VIETNAMESE, FIRST QUARTER), %q(151A), %q(4), %q(4)]).includes ["AUT"]
make([%q(SECOND-YEAR VIETNAMESE, SECOND QUARTER), %q(151B), %q(4), %q(4)]).includes ["WIN"]
make([%q(SECOND-YEAR VIETNAMESE, THIRD QUARTER), %q(151C), %q(4), %q(4)]).includes ["SPR"]
make([%q(FIRST-YEAR HINDI, FIRST QUARTER), %q(152A), %q(5), %q(5)]).includes ["AUT"]
make([%q(FIRST-YEAR HINDI, SECOND QUARTER), %q(152B), %q(5), %q(5)]).includes ["WIN"]
make([%q(FIRST-YEAR HINDI, THIRD QUARTER), %q(152C), %q(5), %q(5)]).includes ["SPR"]
make([%q(SECOND-YEAR HINDI, FIRST QUARTER), %q(153A), %q(4), %q(4)]).includes ["AUT"]
make([%q(SECOND-YEAR HINDI, SECOND QUARTER), %q(153B), %q(4), %q(4)]).includes ["WIN"]
make([%q(SECOND-YEAR HINDI, THIRD QUARTER), %q(153C), %q(4), %q(4)]).includes ["SPR"]
make([%q(THIRD-YEAR HINDI, FIRST QUARTER), %q(154A), %q(4), %q(4)]).includes ["AUT"]
make([%q(THIRD-YEAR HINDI, SECOND QUARTER), %q(154B), %q(4), %q(4)]).includes ["WIN"]
make([%q(THIRD-YEAR HINDI, THIRD QUARTER), %q(154C), %q(4), %q(4)]).includes ["SPR"]
make([%q(FIRST-YEAR CZECH, FIRST QUARTER), %q(164A), %q(3), %q(3)]).includes ["AUT"]
make([%q(FIRST-YEAR CZECH, SECOND QUARTER), %q(164B), %q(3), %q(3)]).includes ["WIN"]
make([%q(FIRST-YEAR CZECH, THIRD QUARTER), %q(164C), %q(3), %q(3)]).includes ["SPR"]
make([%q(SECOND-YEAR CZECH, FIRST QUARTER), %q(165A), %q(3), %q(3)]).includes ["NOT GIVEN THIS YEAR"]
make([%q(SECOND-YEAR CZECH, THIRD QUARTER), %q(165C), %q(3), %q(3)]).includes ["SPR"]
make([%q(FIRST-YEAR POLISH, FIRST QUARTER), %q(167A), %q(3), %q(3)]).includes ["AUT"]
make([%q(FIRST-YEAR POLISH, SECOND QUARTER), %q(167B), %q(3), %q(3)]).includes ["WIN"]
make([%q(FIRST-YEAR POLISH, THIRD QUARTER), %q(167C), %q(3), %q(3)]).includes ["SPR"]
make([%q(SECOND-YEAR POLISH, FIRST QUARTER), %q(168A), %q(3), %q(3)]).includes ["AUT"]
make([%q(SECOND-YEAR POLISH, SECOND QUARTER), %q(168B), %q(3), %q(3)]).includes ["WIN"]
make([%q(SECOND-YEAR POLISH, THIRD QUARTER), %q(168C), %q(3), %q(3)]).includes ["SPR"]
make([%q(THIRD-YEAR POLISH, FIRST QUARTER), %q(169A), %q(3), %q(3)]).includes ["AUT"]
make([%q(THIRD-YEAR POLISH, SECOND QUARTER), %q(169B), %q(3), %q(3)]).includes ["WIN"]
make([%q(FIRST-YEAR MODERN GREEK, FIRST QUARTER), %q(170A), %q(5), %q(5)]).includes ["AUT"]
make([%q(FIRST-YEAR MODERN GREEK, SECOND QUARTER), %q(170B), %q(5), %q(5)]).includes ["WIN"]
make([%q(FIRST-YEAER MODERN GREEK, THIRD QUARTER), %q(170C), %q(5), %q(5)]).includes ["SPR"]
make([%q(SECOND-YEAR MODERN GREEK, FIRST QUARTER), %q(171A), %q(4), %q(4)]).includes ["AUT"]
make([%q(SECOND-YEAR MODERN GREEK, SECOND QUARTER), %q(171B), %q(4), %q(4)]).includes ["WIN"]
make([%q(SECOND-YEAR MODERN GREEK, THIRD QUARTER), %q(171C), %q(4), %q(4)]).includes ["SPR"]
make([%q(MODERN GREEK LANGUAGE AND CULTURE THROUGH LITERATURE AND FILM, FIRST QUARTER), %q(172A), %q(4), %q(4)]).includes ["NOT GIVEN THIS YEAR"]
make([%q(MODERN GREEK LANGUAGE AND CULTURE THROUGH LITERATURE AND FILM, SECOND QUARTER), %q(172B), %q(4), %q(4)]).includes ["NOT GIVEN THIS YEAR"]
make([%q(MODERN GREEK LANGUAGE AND CULTURE THROUGH LITERATURE AND FILM, THIRD QUARTER), %q(172C), %q(4), %q(4)]).includes ["NOT GIVEN THIS YEAR"]
make([%q(FIRST-YEAR HUNGARIAN, FIRST QUARTER), %q(173A), %q(3), %q(3)]).includes ["AUT"]
make([%q(FIRST-YEAR HUNGARIAN, SECOND QUARTER), %q(173B), %q(3), %q(3)]).includes ["WIN"]
make([%q(FIRST-YEAR HUNGARIAN, THIRD QUARTER), %q(173C), %q(3), %q(3)]).includes ["SPR"]
make([%q(FIRST-YEAR QUECHUA, FIRST QUARTER), %q(174A), %q(3), %q(3)]).includes ["AUT"]
make([%q(FIRST-YEAR QUECHUA, SECOND QUARTER), %q(174B), %q(3), %q(3)]).includes ["WIN"]
make([%q(BEGINNING QUECHUA - 3RD QUARTER), %q(174C), %q(3), %q(3)]).includes ["SPR"]
make([%q(FIRST-YEAR QUECHUA, THIRD QUARTER), %q(174C), %q(4), %q(4)]).includes ["SPR"]
make([%q(SECOND-YEAR QUECHUA, FIRST QUARTER), %q(175A), %q(3), %q(3)]).includes ["AUT"]
make([%q(SECOND-YEAR QUECHUA, SECOND QUARTER), %q(175B), %q(4), %q(4)]).includes ["WIN"]
make([%q(SECOND-YEAR QUECHUA, THIRD QUARTER), %q(175C), %q(4), %q(4)]).includes ["SPR"]
make([%q(FIRST-YEAR THAI, FIRST QUARTER), %q(176A), %q(4), %q(4)]).includes ["AUT"]
make([%q(FIRST-YEAR THAI, SECOND QUARTER), %q(176B), %q(4), %q(4)]).includes ["NOT GIVEN THIS YEAR"]
make([%q(SECOND-YEAR THAI, FIRST QUARTER), %q(177A), %q(3), %q(3)]).includes ["AUT"]
make([%q(SECOND-YEAR THAI, SECOND QUARTER), %q(177B), %q(4), %q(4)]).includes ["WIN"]
make([%q(SECOND-YEAR THAI, THIRD QUARTER), %q(177C), %q(4), %q(4)]).includes ["SPR"]
make([%q(FIRST-YEAR SIGN LANGUAGE, FIRST QUARTER), %q(178A), %q(4), %q(4)]).includes ["AUT"]
make([%q(FIRST-YEAR SIGN LANGUAGE, SECOND QUARTER), %q(178B), %q(4), %q(4)]).includes ["WIN"]
make([%q(FIRST-YEAR SIGN LANGUAGE, THIRD QUARTER), %q(178C), %q(4), %q(4)]).includes ["SPR"]
make([%q(SECOND-YEAR SIGN LANGUAGE, FIRST QUARTER), %q(179A), %q(4), %q(4)]).includes ["AUT"]
make([%q(SECOND-YEAR SIGN LANGUAGE, SECOND QUARTER), %q(179B), %q(4), %q(4)]).includes ["WIN"]
make([%q(SECOND-YEAR SIGN LANGUAGE, THIRD QUARTER), %q(179C), %q(4), %q(4)]).includes ["SPR"]
make([%q(SECOND-YEAR HUNGARIAN, FIRST QUARTER), %q(182A), %q(3), %q(3)]).includes ["AUT"]
make([%q(SECOND-YEAR HUNGARIAN, SECOND QUARTER), %q(182B), %q(3), %q(3)]).includes ["WIN"]
make([%q(SECOND-YEAR HUNGARIAN, THIRD QUARTER), %q(182C), %q(3), %q(3)]).includes ["SPR"]
make([%q(FIRST-YEAR SANSKRIT, FIRST QUARTER), %q(183A), %q(4), %q(4)]).includes ["AUT"]
make([%q(FIRST-YEAR SANSKRIT, SECOND QUARTER), %q(183B), %q(4), %q(4)]).includes ["WIN"]
make([%q(SECOND-YEAR SANSKRIT, FIRST QUARTER), %q(184A), %q(3), %q(3)]).includes ["AUT"]
make([%q(SECOND-YEAR SANSKRIT, SECOND QUARTER), %q(184B), %q(4), %q(4)]).includes ["WIN"]
make([%q(SECOND-YEAR SANSKRIT, THIRD QUARTER), %q(184C), %q(4), %q(4)]).includes ["SPR"]
make([%q(FIRST-YEAR SERBO-CROATIAN, FIRST QUARTER), %q(186A), %q(3), %q(3)]).includes ["AUT"]
make([%q(FIRST-YEAR SERBO-CROATIAN, SECOND QUARTER), %q(186B), %q(3), %q(3)]).includes ["WIN"]
make([%q(FIRST-YEAR HAWAIIAN, FIRST QUARTER), %q(189A), %q(4), %q(4)]).includes ["AUT"]
make([%q(FIRST-YEAR BEGINNING HAWAIIAN, SECOND QUARTER), %q(189B), %q(4), %q(4)]).includes ["WIN"]
make([%q(FIRST-YEAR HAWAIIAN, THIRD QUARTER), %q(189C), %q(4), %q(4)]).includes ["SPR"]
make([%q(FIRST-YEAR KAZAKH, FIRST QUARTER), %q(192A), %q(3), %q(3)]).includes ["AUT"]
make([%q(FIRST-YEAR KAZAKH, SECOND QUARTER), %q(192B), %q(3), %q(3)]).includes ["WIN"]
make([%q(FIRST-YEAR KAZAKH, THIRD QUARTER), %q(192C), %q(3), %q(3)]).includes ["SPR"]
make([%q(SECOND-YEAR KAZAKH, FIRST QUARTER), %q(193A), %q(3), %q(3)]).includes ["AUT"]
make([%q(SECOND-YEAR KAZAKH, SECOND QUARTER), %q(193B), %q(3), %q(3)]).includes ["WIN"]
make([%q(SECOND-YEAR KAZAKH, THIRD QUARTER), %q(193C), %q(3), %q(3)]).includes ["SPR"]
make([%q(MODERN GREECE IN FILM AND LITERATURE), %q(198Q), %q(3), %q(5)]).includes ["AUT"]
make([%q(MODERN GREEK FOR HERITAGE LANGUAGE LEARNERS, FIRST QUARTER), %q(215A), %q(2), %q(4)]).includes ["AUT"]
make([%q(MODERN GREEK FOR HERITAGE LANGUAGE LEARNERS, SECOND QUARTER), %q(215B), %q(2), %q(4)]).includes ["WIN"]
make([%q(MODERN GREEK FOR HERITAGE LANGUAGE LEARNERS, THIRD QUARTER), %q(215C), %q(2), %q(4)]).includes ["SPR"]
make([%q(BEGINNING URDU, FIRST QUARTER), %q(218A), %q(4), %q(4)]).includes ["AUT"]
make([%q(BEGINNING URDU, SECOND QUARTER), %q(218B), %q(4), %q(4)]).includes ["WIN"]
make([%q(INTERMEDIATE URDU, FIRST QUARTER), %q(219A), %q(4), %q(4)]).includes ["AUT"]
make([%q(INTERMEDIATE URDU, SECOND QUARTER), %q(219B), %q(4), %q(4)]).includes ["WIN"]
make([%q(THIRD-YEAR VIETNAMESE, FIRST QUARTER), %q(224A), %q(4), %q(4)]).includes ["AUT"]
make([%q(THIRD-YEAR VIETNAMESE, SECOND QUARTER), %q(224B), %q(3), %q(3)]).includes ["WIN"]
make([%q(THIRD-YEAR VIETNAMESE, THIRD QUARTER), %q(224C), %q(3), %q(3)]).includes ["SPR"]
make([%q(BEGINNING PASHTO, FIRST QUARTER), %q(229A), %q(4), %q(4)]).includes ["AUT"]
make([%q(BEGINNING PASHTO, SECOND QUARTER), %q(229B), %q(4), %q(4)]).includes ["WIN"]
make([%q(SECOND-YEAR UZBEK, FIRST QUARTER), %q(239A), %q(3), %q(3)]).includes ["NOT GIVEN THIS YEAR"]
make([%q(SECOND-YEAR UZBEK, SECOND QUARTER), %q(239B), %q(3), %q(3)]).includes ["NOT GIVEN THIS YEAR"]
make([%q(SECOND-YEAR UZBEK, THIRD QUARTER), %q(239C), %q(3), %q(3)]).includes ["NOT GIVEN THIS YEAR"]
make([%q(THIRD-YEAR UZBEK, FIRST QUARTER), %q(240A), %q(3), %q(3)]).includes ["NOT GIVEN THIS YEAR"]
make([%q(FIRST-YEAR LAKOTA, FIRST QUARTER), %q(247A), %q(4), %q(4)]).includes ["AUT"]
make([%q(FIRST-YEAR LAKOTA, SECOND QUARTER), %q(247B), %q(4), %q(4)]).includes ["WIN"]
make([%q(INTRODUCTION TO SIOUAN LANGUAGE & CULTURE II), %q(248), %q(5), %q(5)]).includes ["NOT GIVEN THIS YEAR"]
make([%q(SECOND-YEAR LAKOTA, FIRST QUARTER), %q(248A), %q(4), %q(4)]).includes ["AUT"]
make([%q(SECOND-YEAR LAKOTA), %q(248B), %q(4), %q(4)]).includes ["WIN"]
make([%q(SECOND-YEAR LAKOTA, THIRD QUARTER), %q(248C), %q(4), %q(4)]).includes ["SPR"]
make([%q(FIRST-YEAR ROMANIAN, FIRST QUARTER), %q(250A), %q(3), %q(3)]).includes ["AUT"]
make([%q(FIRST-YEAR ROMANIAN, SECOND QUARTER), %q(250B), %q(3), %q(3)]).includes ["NOT GIVEN THIS YEAR"]
make([%q(FIRST-YEAR ROMANIAN, THIRD QUARTER), %q(250C), %q(3), %q(3)]).includes ["SPR"]
make([%q(SECOND-YEAR ROMANIAN, FIRST QUARTER), %q(251A), %q(3), %q(3)]).includes ["AUT"]
make([%q(SECOND-YEAR ROMANIAN, SECOND QUARTER), %q(251B), %q(3), %q(3)]).includes ["WIN"]
make([%q(SECOND-YEAR ROMANIAN, THIRD QUARTER), %q(251C), %q(3), %q(3)]).includes ["SPR"]
make([%q(THIRD-YEAR HUNGARIAN, THIRD QUARTER), %q(254C), %q(3), %q(3)]).includes ["NOT GIVEN THIS YEAR"]
make([%q(FOURTH-YEAR ALBANIAN, 1ST QUARTER), %q(255A), %q(3), %q(4)]).includes ["AUT"]
make([%q(FOURTH-YEAR ALBANIAN, 2ND QUARTER), %q(255B), %q(3), %q(4)]).includes ["WIN"]
make([%q(FOURTH-YEAR ALBANIAN, 3RD QUARTER), %q(255C), %q(3), %q(4)]).includes ["SPR"]
make([%q(ADVANCED CZECH CONVERSATION, FIRST QUARTER), %q(264A), %q(1), %q(4)]).includes ["SPR"]
make([%q(THIRD-YEAR HUNGARIAN, FIRST QUARTER), %q(265A), %q(3), %q(3)]).includes ["AUT"]
make([%q(THIRD-YEAR HUNGARIAN, SECOND QUARTER), %q(265B), %q(3), %q(3)]).includes ["WIN"]
make([%q(THIRD-YEAR HUNGARIAN, THIRD QUARTER), %q(265C), %q(3), %q(3)]).includes ["SPR"]
make([%q(DIRECTED READING), %q(297), %q(1), %q(5)]).includes ["AUT", "WIN", "SPR", "SUM"]
make([%q(GRADUATE STUDIES IN SPECIAL LANGUAGE), %q(395), %q(1), %q(5)]).includes ["AUT", "WIN", "SPR"]
