make([%q(FINANCIAL ACCOUNTING), %q(210), %q(4), %q(4)]).includes []
make([%q(MANAGERIAL ACCOUNTING: BASE), %q(212), %q(3), %q(3)]).includes []
make([%q(FINANCIAL ACCOUNTING - ACCELERATED), %q(213), %q(4), %q(4)]).includes []
make([%q(MANAGERIAL ACCOUNTING: ACCELERATED), %q(215), %q(3), %q(3)]).includes []
make([%q(MSX: ACCOUNTING), %q(219), %q(4), %q(4)]).includes []
make([%q(GLOBAL FINANCIAL REPORTING), %q(311), %q(4), %q(4)]).includes []
make([%q(ACCOUNTING-BASED VALUATION), %q(313), %q(4), %q(4)]).includes []
make([%q(MANAGERIAL ACCOUNTING: PERFORMANCE MEASUREMENT, COMPENSATION, AND GOVERNANCE), %q(317), %q(3), %q(3)]).includes []
make([%q(MERGERS AND ACQUISITIONS: ACCOUNTING, REGULATORY, AND GOVERNANCE ISSUES), %q(332), %q(4), %q(4)]).includes []
make([%q(ALPHANOMICS: INFORMATIONAL ARBITRAGE IN EQUITY MARKETS), %q(340), %q(4), %q(4)]).includes []
make([%q(ANALYSIS AND VALUATION FOR EVENT-DRIVEN INVESTING), %q(354), %q(3), %q(3)]).includes []
make([%q(EVALUATING EARNINGS QUALITY), %q(506), %q(2), %q(2)]).includes []
make([%q(ANALYSIS AND VALUATION OF EMERGING MARKET FIRMS), %q(518), %q(2), %q(2)]).includes []
make([%q(BOARD GOVERNANCE), %q(523), %q(2), %q(2)]).includes []
make([%q(TAXES AND BUSINESS STRATEGY), %q(533), %q(2), %q(2)]).includes []
make([%q(ALPHANOMICS II), %q(541), %q(2), %q(2)]).includes []
make([%q(FINANCIAL REPORTING AND MANAGEMENT CONTROL), %q(609), %q(4), %q(4)]).includes []
make([%q(SEMINAR IN EMPIRICAL ACCOUNTING RESEARCH), %q(610), %q(3), %q(3)]).includes []
make([%q(APPLICATIONS OF INFORMATION ECONOMICS IN MANAGEMENT AND ACCOUNTING), %q(611), %q(4), %q(4)]).includes []
make([%q(FINANCIAL REPORTING SEMINAR), %q(612), %q(3), %q(3)]).includes []
make([%q(SELECTED TOPICS IN ACCOUNTING RESEARCH), %q(615), %q(3), %q(3)]).includes []
make([%q(MANAGERIAL INCENTIVES AND CORPORATE GOVERNANCE: CONCEPTS AND EMPIRICAL METHODOLOGY), %q(617), %q(4), %q(4)]).includes []
make([%q(PHD DIRECTED READING (FINANCE 691, GSBGEN 691, HRMGT 691, MGTECON 691, MKTG 691, OB 691, OIT 691, POLECON 691, STRAMGT 691)), %q(691), %q(1), %q(15)]).includes []
make([%q(PHD DISSERTATION RESEARCH (FINANCE 692, GSBGEN 692, HRMGT 692, MGTECON 692, MKTG 692, OB 692, OIT 692, POLECON 692, STRAMGT 692)), %q(692), %q(1), %q(15)]).includes []
make([%q(TGR DISSERTATION (FINANCE 802, GSBGEN 802, HRMGT 802, MGTECON 802, MKTG 802, OB 802, OIT 802, POLECON 802, STRAMGT 802)), %q(802), %q(0), %q(0)]).includes []
