make([%q(INTRODUCTION TO CROSS CULTURAL ISSUES IN MEDICINE), %q(89Q), %q(3), %q(3)]).includes ["WIN"]
make([%q(UNITE, EMPOWER, EXPERIENCE: UNDERSTANDING THE UNIVERSALITY OF WOMEN'S HEALTH), %q(198), %q(1), %q(1)]).includes ["WIN"]
make([%q(UNDERGRADUATE RESEARCH), %q(199), %q(1), %q(18)]).includes ["AUT", "WIN", "SPR", "SUM"]
make([%q(META-RESEARCH: APPRAISING RESEARCH FINDINGS, BIAS, AND META-ANALYSIS (MED 206, STATS 211)), %q(206), %q(3), %q(3)]).includes ["WIN"]
make([%q(INTRODUCTION TO CONCEPTS AND METHODS IN HEALTH SERVICES AND POLICY RESEARCH I), %q(207), %q(3), %q(3)]).includes ["AUT"]
make([%q(INTRODUCTION TO CONCEPTS AND METHODS IN HEALTH SERVICES AND POLICY RESEARCH II), %q(208), %q(3), %q(3)]).includes ["WIN"]
make([%q(FDA'S REGULATION OF HEALTH CARE), %q(209), %q(2), %q(3)]).includes ["NOT GIVEN THIS YEAR"]
make([%q(HEALTH LAW AND POLICY), %q(210), %q(3), %q(3)]).includes ["NOT GIVEN THIS YEAR"]
make([%q(LAW AND THE BIOSCIENCES: NEUROSCIENCE), %q(211), %q(3), %q(3)]).includes ["NOT GIVEN THIS YEAR"]
make([%q(CROSS CULTURAL MEDICINE), %q(212), %q(3), %q(3)]).includes ["SPR"]
make([%q(WRITING IN THE SCIENCES), %q(213), %q(2), %q(3)]).includes ["AUT"]
make([%q(SCIENTIFIC WRITING), %q(214), %q(2), %q(3)]).includes ["WIN"]
make([%q(SCIENTIFIC WRITING FOR BASIC AND TRANSLATIONAL SCIENTISTS), %q(215), %q(2), %q(3)]).includes ["NOT GIVEN THIS YEAR"]
make([%q(ANALYTICAL AND PRACTICAL ISSUES IN THE CONDUCT OF CLINICAL AND EPIDEMIOLOGIC RESEARCH), %q(216), %q(2), %q(3)]).includes ["SPR"]
make([%q(BIOTECHNOLOGY LAW AND POLICY), %q(220), %q(3), %q(3)]).includes ["NOT GIVEN THIS YEAR"]
make([%q(LAW AND THE BIOSCIENCES: GENETICS), %q(221), %q(3), %q(3)]).includes ["SPR"]
make([%q(ADVISING CONGRESS ON HEALTH POLICY), %q(222A), %q(1), %q(1)]).includes ["AUT"]
make([%q(ADVISING CONGRESS ON HEALTH POLICY), %q(222B), %q(2), %q(2)]).includes ["WIN"]
make([%q(EPIDEMIOLOGIC ANALYSIS: DATA MANAGEMENT AND STATISTICAL PROGRAMMING), %q(223), %q(2), %q(3)]).includes ["AUT"]
make([%q(DESIGN AND CONDUCT OF CLINICAL AND EPIDEMIOLOGIC STUDIES), %q(225), %q(3), %q(4)]).includes ["AUT"]
make([%q(ADVANCED EPIDEMIOLOGIC AND CLINICAL RESEARCH METHODS), %q(226), %q(3), %q(4)]).includes ["WIN"]
make([%q(GENETIC EPIDEMIOLOGY), %q(228), %q(2), %q(2)]).includes ["SPR"]
make([%q(CANCER EPIDEMIOLOGY), %q(230), %q(2), %q(3)]).includes ["NOT GIVEN THIS YEAR"]
make([%q(EPIDEMIOLOGY OF INFECTIOUS DISEASES), %q(231), %q(3), %q(3)]).includes ["GIVEN NEXT YEAR"]
make([%q(EPIDEMIOLOGY RESEARCH SEMINAR), %q(236), %q(1), %q(1)]).includes ["AUT", "WIN", "SPR"]
make([%q(GENES AND ENVIRONMENT IN DISEASE CAUSATION: IMPLICATIONS FOR MEDICINE AND PUBLIC HEALTH (HUMBIO 159)), %q(238), %q(2), %q(3)]).includes ["WIN"]
make([%q(STATISTICAL METHODS FOR GROUP COMPARISONS AND CAUSAL INFERENCE (EDUC 260X, STATS 209)), %q(239), %q(3), %q(3)]).includes ["WIN"]
make([%q(MEASURING GLOBAL HEALTH (HUMBIO 129M, MED 231)), %q(241), %q(4), %q(4)]).includes ["NOT GIVEN THIS YEAR"]
make([%q(DESIGN AND CONDUCT OF CLINICAL TRIALS), %q(251), %q(3), %q(3)]).includes ["SPR"]
make([%q(OUTCOMES ANALYSIS (BIOMEDIN 251, MED 252)), %q(252), %q(4), %q(4)]).includes ["SPR"]
make([%q(OBSERVATIONAL STUDIES (STATS 355)), %q(255), %q(2), %q(3)]).includes ["NOT GIVEN THIS YEAR"]
make([%q(ECONOMICS OF HEALTH AND MEDICAL CARE (BIOMEDIN 156, BIOMEDIN 256, ECON 126)), %q(256), %q(5), %q(5)]).includes ["AUT", "WIN"]
make([%q(INTRODUCTION TO PROBABILITY AND STATISTICS FOR CLINICAL RESEARCH), %q(258), %q(3), %q(3)]).includes ["SPR"]
make([%q(INTRODUCTION TO PROBABILITY AND STATISTICS FOR EPIDEMIOLOGY), %q(259), %q(3), %q(4)]).includes ["AUT"]
make([%q(WORKSHOP IN BIOSTATISTICS (STATS 260A)), %q(260A), %q(1), %q(2)]).includes ["AUT"]
make([%q(WORKSHOP IN BIOSTATISTICS (STATS 260B)), %q(260B), %q(1), %q(2)]).includes ["WIN"]
make([%q(WORKSHOP IN BIOSTATISTICS (STATS 260C)), %q(260C), %q(1), %q(2)]).includes ["SPR"]
make([%q(INTERMEDIATE BIOSTATISTICS: ANALYSIS OF DISCRETE DATA (BIOMEDIN 233, STATS 261)), %q(261), %q(3), %q(3)]).includes ["WIN"]
make([%q(INTERMEDIATE BIOSTATISTICS: REGRESSION, PREDICTION, SURVIVAL ANALYSIS (STATS 262)), %q(262), %q(3), %q(3)]).includes ["SPR"]
make([%q(ADVANCED DECISION SCIENCE METHODS AND MODELING IN HEALTH (MED 263)), %q(263), %q(3), %q(3)]).includes ["NOT GIVEN THIS YEAR"]
make([%q(GENETICS AND REPRODUCTIVE TECHNOLOGIES), %q(268), %q(2), %q(2)]).includes ["NOT GIVEN THIS YEAR"]
make([%q(DESIGN FOR SERVICE INNOVATION (BIOE 372, MED 274)), %q(274), %q(4), %q(4)]).includes ["NOT GIVEN THIS YEAR"]
make([%q(SPANISH FOR MEDICAL STUDENTS (SPANLANG 121M)), %q(280), %q(3), %q(3)]).includes ["AUT"]
make([%q(SPANISH FOR MEDICAL STUDENTS (SPANLANG 122M)), %q(281), %q(2), %q(2)]).includes ["WIN"]
make([%q(SPANISH FOR MEDICAL STUDENTS (SPANLANG 123M)), %q(282), %q(2), %q(3)]).includes ["SPR"]
make([%q(HEALTH SERVICES RESEARCH CORE SEMINAR), %q(283), %q(1), %q(1)]).includes ["NOT GIVEN THIS YEAR"]
make([%q(ADVANCED MEDICAL SPANISH ORAL COMMUNICATION), %q(290), %q(2), %q(2)]).includes ["AUT", "WIN", "SPR"]
make([%q(CURRENT TOPICS IN BIOETHICS), %q(296), %q(3), %q(3)]).includes ["NOT GIVEN THIS YEAR"]
make([%q(DIRECTED READING IN HEALTH RESEARCH AND POLICY), %q(299), %q(1), %q(18)]).includes ["AUT", "WIN", "SPR", "SUM"]
make([%q(MEDICAL SCHOLARS RESEARCH), %q(370), %q(4), %q(18)]).includes ["AUT", "WIN", "SPR", "SUM"]
make([%q(HEALTH CARE REGULATION, FINANCE AND POLICY (PUBLPOL 231)), %q(391), %q(3), %q(3)]).includes ["WIN"]
make([%q(ANALYSIS OF COSTS, RISKS, AND BENEFITS OF HEALTH CARE (BIOMEDIN 432)), %q(392), %q(4), %q(4)]).includes ["AUT"]
make([%q(GRADUATE RESEARCH), %q(399), %q(1), %q(18)]).includes ["AUT", "WIN", "SPR", "SUM"]
make([%q(TGR PROJECT), %q(801), %q(0), %q(0)]).includes ["AUT", "WIN", "SPR", "SUM"]
make([%q(TGR DISSERTATION), %q(802), %q(0), %q(0)]).includes ["AUT", "WIN", "SPR", "SUM"]
