make([%q(FIRST-YEAR ITALIAN, FIRST QUARTER), %q(1), %q(5), %q(5)]).includes ["AUT", "WIN", "SPR"]
make([%q(ACCELERATED FIRST-YEAR ITALIAN, PART 1), %q(1A), %q(5), %q(5)]).includes ["AUT", "WIN", "SPR"]
make([%q(FIRST-YEAR ITALIAN, SECOND QUARTER), %q(2), %q(5), %q(5)]).includes ["AUT", "WIN", "SPR"]
make([%q(ACCELERATED FIRST-YEAR ITALIAN, PART 2), %q(2A), %q(5), %q(5)]).includes ["AUT", "WIN", "SPR"]
make([%q(FIRST-YEAR ITALIAN, THIRD QUARTER), %q(3), %q(5), %q(5)]).includes ["AUT", "WIN", "SPR"]
make([%q(INTENSIVE FIRST-YEAR ITALIAN, PART A), %q(5A), %q(5), %q(5)]).includes ["SUM"]
make([%q(INTENSIVE FIRST-YEAR ITALIAN, PART B), %q(5B), %q(5), %q(5)]).includes ["SUM"]
make([%q(INTENSIVE FIRST-YEAR ITALIAN, PART C), %q(5C), %q(5), %q(5)]).includes ["SUM"]
make([%q(INTERMEDIATE ITALIAN ORAL CONVERSATION), %q(15S), %q(3), %q(3)]).includes ["NOT GIVEN THIS YEAR"]
make([%q(INTERMEDIATE ORAL COMMUNICATION: ITALY TODAY), %q(20), %q(3), %q(3)]).includes ["AUT", "WIN", "SPR"]
make([%q(SECOND YEAR ITALIAN, FIRST QUARTER), %q(21), %q(3), %q(4)]).includes ["AUT"]
make([%q(ACCELERATED SECOND-YEAR ITALIAN, PART 1), %q(21A), %q(4), %q(5)]).includes ["AUT", "WIN", "SPR"]
make([%q(SECOND-YEAR ITALIAN, SECOND QUARTER), %q(22), %q(3), %q(4)]).includes ["WIN"]
make([%q(ACCELERATED SECOND-YEAR ITALIAN, PART 2), %q(22A), %q(4), %q(5)]).includes ["AUT", "WIN", "SPR"]
make([%q(SECOND-YEAR ITALIAN, THIRD QUARTER), %q(23), %q(3), %q(4)]).includes ["SPR"]
make([%q(LANGUAGE SPECIALS), %q(99), %q(1), %q(5)]).includes ["AUT", "WIN", "SPR", "SUM"]
make([%q(ADVANCED ORAL COMMUNICATION: ITALIAN OPERA), %q(101), %q(3), %q(3)]).includes ["AUT"]
make([%q(ADVANCED ORAL COMMUNICATION: MODERN CINEMA), %q(102), %q(3), %q(3)]).includes ["NOT GIVEN THIS YEAR"]
make([%q(ADVANCED ORAL COMMUNICATION: ITALIAN CLASSIC CINEMA), %q(103), %q(3), %q(3)]).includes ["SPR"]
make([%q(ITALIAN CULTURAL STUDIES), %q(113), %q(3), %q(4)]).includes ["NOT GIVEN THIS YEAR"]
make([%q(ADVANCED STYLISTICS AND COMPOSITION), %q(114), %q(3), %q(4)]).includes ["WIN"]
make([%q(ACADEMIC AND CREATIVE WRITING), %q(115), %q(3), %q(4)]).includes ["SPR"]
make([%q(ITALY AND ITALIANS TODAY), %q(126), %q(2), %q(2)]).includes ["AUT", "WIN", "SPR"]
make([%q(INTENSIVE FIRST-YEAR ITALIAN FOR STANFORD GRADS, PART A), %q(205A), %q(3), %q(5)]).includes ["SUM"]
make([%q(INTENSIVE FIRST-YEAR ITALIAN FOR STANFORD GRADS, PART B), %q(205B), %q(3), %q(5)]).includes ["SUM"]
make([%q(INTENSIVE FIRST-YEAR ITALIAN FOR STANFORD GRADS, PART C), %q(205C), %q(3), %q(5)]).includes ["SUM"]
make([%q(READING ITALIAN), %q(250), %q(4), %q(4)]).includes ["SPR"]
make([%q(GRADUATE STUDIES IN ITALIAN CONVERSATION), %q(394), %q(1), %q(3)]).includes ["AUT", "WIN", "SPR"]
make([%q(GRADUATE STUDIES IN ITALIAN), %q(395), %q(2), %q(5)]).includes ["AUT", "WIN", "SPR"]
