make(%q(INTRODUCTION TO PHILOSOPHY), '1', 5, 5).includes ["WIN"]
make(%q(INTRODUCTION TO MORAL PHILOSOPHY (ETHICSOC 20)), '2', 5, 5).includes ["AUT"]
make(%q(THE ART OF LIVING), '5N', 4, 4).includes ["WIN"]
make(%q(PICTURES AND THE IMAGINATION), '6N', 3, 3).includes ["NOT GIVEN THIS YEAR"]
make(%q(WHAT IS TRUTH), '7Q', 3, 3).includes ["AUT"]
make(%q(FREE WILL AND RESPONSIBILITY), '8N', 4, 4).includes ["NOT GIVEN THIS YEAR"]
make(%q(PHILOSOPHICAL CLASSICS OF THE 20TH CENTURY), '9N', 4, 4).includes ["NOT GIVEN THIS YEAR"]
make(%q(BOUNDED RATIONALITY), '10N', 3, 3).includes ["AUT"]
make(%q(SKEPTICISM), '11N', 3, 3).includes ["SPR"]
make(%q(FREEDOM, COMMUNITY, AND MORALITY), '15N', 3, 3).includes ["WIN"]
make(%q(INTRODUCTION TO MORAL PHILOSOPHY), '20S', 3, 3).includes ["NOT GIVEN THIS YEAR"]
make(%q(THE COGNITIVE SCIENCE OF MATHEMATICS), '23A', 2, 2).includes ["AUT"]
make(%q(TRUTH AND PARADOX), '23B', 2, 2).includes ["NOT GIVEN THIS YEAR"]
make(%q(COUNTERFACTUALS), '23C', 2, 2).includes ["NOT GIVEN THIS YEAR"]
make(%q(EMBODIED COGNITION), '23E', 2, 2).includes ["NOT GIVEN THIS YEAR"]
make(%q(FORGIVE AND PUNISH), '23F', 2, 2).includes ["NOT GIVEN THIS YEAR"]
make(%q(PESSIMISM, PHILOSOPHY, AND HUMAN NATURE), '23G', 2, 2).includes ["NOT GIVEN THIS YEAR"]
make(%q(PERFECTIONISM:  THE IDEA OF THE PERFECT IN NATURE, ETHICS, AND POLITICS), '23H', 2, 2).includes ["NOT GIVEN THIS YEAR"]
make(%q(ON THE NOTION OF RESPECT: POLITICS, DELIBERATION AND DISAGREEMENTS), '23J', 2, 2).includes ["NOT GIVEN THIS YEAR"]
make(%q(GENDER, SEXUALITY, AND EQUALITY), '23K', 2, 2).includes ["WIN"]
make(%q(LOVE AND FRIENDSHIP), '23L', 2, 2).includes ["NOT GIVEN THIS YEAR"]
make(%q(JUSTICE AND CLIMATE CHANGE), '23M', 2, 2).includes ["SPR"]
make(%q(NEUROSCIENCE AND THE SELF), '23N', 2, 2).includes ["NOT GIVEN THIS YEAR"]
make(%q(PERSONAL RESPONSIBILITY: MORAL AND CIVIC), '23P', 2, 2).includes ["NOT GIVEN THIS YEAR"]
make(%q(WHAT'S IN AN ESSAY?), '23R', 2, 2).includes ["SPR"]
make(%q(INTELLECTUAL TRUST IN ONESELF AND OTHERS), '23T', 2, 2).includes ["NOT GIVEN THIS YEAR"]
make(%q(THE ANIMAL-HUMAN RELATIONSHIP: INTERDISCIPLINARY PERSPECTIVES), '25SI', 1, 1).includes 
make(%q(HUMAN NATURE AND ITS DISCONTENTS), '27S', 3, 3).includes ["SUM"]
make(%q(JUSTIFYING JUSTICE AT HOME AND ABROAD), '30S', 3, 3).includes ["SUM"]
make(%q(GOOD, BAD, AND ROTTEN: THE PHILOSOPHICAL STUDY OF MORAL CHARACTER), '34S', 3, 3).includes ["SUM"]
make(%q(TRUTH), '41Q', 3, 3).includes ["NOT GIVEN THIS YEAR"]
make(%q(PHILOSOPHY THROUGH THEATER: CHOICE AND CHANCE), '42', 4, 4).includes ["NOT GIVEN THIS YEAR"]
make(%q(HAPPINESS: POSITIVE PSYCHOLOGY AND PHILOSOPHY), '43S', 3, 3).includes ["NOT GIVEN THIS YEAR"]
make(%q(IS IT ALWAYS GOOD TO 'BE YOURSELF'? ' ISSUES IN ETHICS AND MORAL PSYCHOLOGY), '45S', 3, 3).includes ["NOT GIVEN THIS YEAR"]
make(%q(INTRODUCTORY LOGIC), '50', 4, 4).includes ["AUT", "SPR"]
make(%q(INTRODUCTORY LOGIC), '50S', 3, 3).includes ["NOT GIVEN THIS YEAR"]
make(%q(INTRODUCTION TO PHILOSOPHY OF SCIENCE (HPS 60)), '60', 5, 5).includes ["AUT"]
make(%q(SCIENCE, RELIGION, AND THE BIRTH OF MODERN PHILOSOPHY (HPS 61)), '61', 5, 5).includes ["NOT GIVEN THIS YEAR"]
make(%q(A MEANINGFUL LIFE IN A PHYSICAL WORLD), '61S', 3, 3).includes ["NOT GIVEN THIS YEAR"]
make(%q(INTRODUCTION TO BIOETHICS), '63S', 3, 3).includes ["SUM"]
make(%q(INTRODUCTION TO ENVIRONMENTAL PHILOSOPHY), '64S', 3, 3).includes ["SUM"]
make(%q(TECHNOLOGY AND THE GOOD LIFE), '65S', 3, 3).includes ["NOT GIVEN THIS YEAR"]
make(%q(PHILOSOPHY AND THE REAL WORLD), '71H', 2, 2).includes ["NOT GIVEN THIS YEAR"]
make(%q(CONTEMPORARY MORAL PROBLEMS (ETHICSOC 185M, POLISCI 134P)), '72', 5, 5).includes ["SPR"]
make(%q(COLLECTIVE ACTION: ETHICS AND POLICY (ETHICSOC 180M, PUBLPOL 304A)), '73', 3, 5).includes ["SPR"]
make(%q(BUSINESS ETHICS (ETHICSOC 182M)), '74', 4, 4).includes ["NOT GIVEN THIS YEAR"]
make(%q(INTRODUCTION TO GLOBAL JUSTICE (ETHICSOC 136R, INTNLREL 136R, POLISCI 136R, POLISCI 336)), '76', 4, 4).includes ["SPR"]
make(%q(PHILOSOPHY OF RELIGION (RELIGST 62S)), '77S', 3, 3).includes ["NOT GIVEN THIS YEAR"]
make(%q(MIND, MATTER, AND MEANING), '80', 5, 5).includes ["AUT", "SPR"]
make(%q(PHILOSOPHY AND LITERATURE (CLASSGEN 81, COMPLIT 181, ENGLISH 81, FRENCH 181, GERMAN 181, ITALIAN 181, SLAVIC 181)), '81', 5, 5).includes ["WIN"]
make(%q(THE PHILOSOPHY OF JOHN PERRY), '90A', 4, 4).includes ["NOT GIVEN THIS YEAR"]
make(%q(THE ETHICS OF WAR), '90B', 4, 4).includes ["NOT GIVEN THIS YEAR"]
make(%q(PREDICTING THE FUTURE: PUZZLES OF INDUCTION), '90C', 4, 4).includes ["NOT GIVEN THIS YEAR"]
make(%q(WHAT DO PHILOSOPHERS DO?), '90D', 4, 4).includes ["NOT GIVEN THIS YEAR"]
make(%q(ETHICS IN REAL LIFE: HOW PHILOSOPHY CAN MAKE US BETTER PEOPLE (ETHICSOC 203R)), '90E', 4, 4).includes ["WIN"]
make(%q(NATIVE AMERICAN PHILOSOPHY), '90G', 4, 4).includes ["NOT GIVEN THIS YEAR"]
make(%q(IS IT ALWAYS GOOD TO "BE YOURSELF?" - ISSUES AT THE INTERSECTION OF ETHICS AND MORAL PSYCHOLOGY), '90J', 4, 4).includes ["SPR"]
make(%q(PROBABILITY AND THE LAW), '90L', 4, 4).includes ["WIN"]
make(%q(PHILOSOPHICAL DIMENSIONS OF COGNITIVE SCIENCE), '90S', 4, 4).includes ["NOT GIVEN THIS YEAR"]
make(%q(GREEK PHILOSOPHY), '100', 4, 4).includes ["WIN"]
make(%q(INTRODUCTION TO MEDIEVAL PHILOSOPHY (PHIL 201)), '101', 4, 4).includes ["AUT"]
make(%q(MODERN PHILOSOPHY, DESCARTES TO KANT), '102', 4, 4).includes ["SPR"]
make(%q(FICHTE (PHIL 202M)), '102M', 1, 2).includes ["SPR"]
make(%q(19TH-CENTURY PHILOSOPHY), '103', 4, 4).includes ["NOT GIVEN THIS YEAR"]
make(%q(PHILOSOPHY OF RELIGION), '104', 4, 4).includes ["NOT GIVEN THIS YEAR"]
make(%q(ANCIENT SKEPTICISM (PHIL 206)), '106', 4, 4).includes ["NOT GIVEN THIS YEAR"]
make(%q(EARLY PLATO (PHIL 207)), '107', 4, 4).includes ["WIN"]
make(%q(THE GREEKS ON IRRATIONALITY (PHIL 207A)), '107A', 2, 4).includes ["NOT GIVEN THIS YEAR"]
make(%q(PLATO'S METAPHYSICS AND EPISTEMOLOGY (PHIL 207B)), '107B', 4, 4).includes ["SPR"]
make(%q(ARISTOTLE'S METAPHYSICS BOOK ALPHA (PHIL 208)), '108', 4, 4).includes ["NOT GIVEN THIS YEAR"]
make(%q(ARISTOTELIAN LOGIC (PHIL 208A)), '108A', 2, 4).includes ["WIN"]
make(%q(ARISTOTLE'S PHYSICS BOOK ONE (PHIL 208B)), '108B', 4, 4).includes ["SPR"]
make(%q(TOPICS IN ANCIENT PHILOSOPHY: PLATO AND ARISTOTLE ON ART AND RHETORIC (PHIL 209)), '109', 4, 4).includes ["NOT GIVEN THIS YEAR"]
make(%q(SPECIAL TOPICS IN ANCIENT PHILOSOPHY (PHIL 209A)), '109A', 4, 4).includes ["NOT GIVEN THIS YEAR"]
make(%q(GREEK PHILOSOPHERS READ THEIR ANCESTORS: INTRO TO THE ANCIENT RECEPTION OF PRESOCRATIC PHILOSOPHY (PHIL 209B)), '109B', 4, 4).includes ["NOT GIVEN THIS YEAR"]
make(%q(PLATO (PHIL 210)), '110', 4, 4).includes ["NOT GIVEN THIS YEAR"]
make(%q(ARISTOTLE AND CONTEMPORARY ETHICS (PHIL 211)), '111', 4, 4).includes ["NOT GIVEN THIS YEAR"]
make(%q(HELLENISTIC PHILOSOPHY (PHIL 213)), '113', 4, 4).includes ["NOT GIVEN THIS YEAR"]
make(%q(PROBLEMS IN MEDIEVAL PHILOSOPHY: ISLAMIC ARISTOTELIANISM AND WESTERN SCHOLASTICISM (PHIL 215)), '115', 3, 5).includes ["NOT GIVEN THIS YEAR"]
make(%q(AQUINAS (PHIL 216)), '116', 4, 4).includes ["SPR"]
make(%q(DESCARTES (PHIL 217)), '117', 4, 4).includes ["WIN"]
make(%q(BRITISH EMPIRICISM, 1660S-1730S), '118', 4, 4).includes ["NOT GIVEN THIS YEAR"]
make(%q(ORIGINS OF EMPIRICISM: GASSENDI, LOCKE, AND BERKELEY (PHIL 218A)), '118A', 4, 4).includes ["SPR"]
make(%q(RATIONALISTS (PHIL 219)), '119', 4, 4).includes ["NOT GIVEN THIS YEAR"]
make(%q(THE LEIBNIZ-CLARKE CORRESPONDENCE (PHIL 220A)), '120A', 4, 4).includes ["NOT GIVEN THIS YEAR"]
make(%q(HUME (PHIL 222)), '122', 4, 4).includes ["NOT GIVEN THIS YEAR"]
make(%q(TOPICS IN EARLY MODERN PHILOSOPHY), '124', 4, 4).includes ["NOT GIVEN THIS YEAR"]
make(%q(KANT'S FIRST CRITIQUE (PHIL 225)), '125', 4, 4).includes ["AUT"]
make(%q(KANT'S ETHICAL THEORY (PHIL 226B)), '126B', 2, 4).includes ["NOT GIVEN THIS YEAR"]
make(%q(KANT'S ETHICS (PHIL 227)), '127', 4, 4).includes ["WIN"]
make(%q(KANT'S VALUE THEORY (PHIL 227A)), '127A', 4, 4).includes ["NOT GIVEN THIS YEAR"]
make(%q(KANT'S ANTHROPOLOGY AND PHILOSOPHY OF HISTORY (PHIL 227B)), '127B', 4, 4).includes ["NOT GIVEN THIS YEAR"]
make(%q(RICHARD RUFUS OF CORNWALL (PHIL 227M)), '127M', 1, 2).includes ["SPR"]
make(%q(FICHTE'S ETHICS (PHIL 228)), '128', 4, 4).includes ["NOT GIVEN THIS YEAR"]
make(%q(HEGEL (PHIL 230)), '130', 4, 4).includes ["NOT GIVEN THIS YEAR"]
make(%q(PHENOMENOLOGY AND INTERSUBJECTIVITY (PHIL 234)), '134', 4, 4).includes ["NOT GIVEN THIS YEAR"]
make(%q(EXISTENTIALISM (PHIL 235)), '135', 4, 4).includes ["SPR"]
make(%q(HISTORY OF ANALYTIC PHILOSOPHY (PHIL 236)), '136', 4, 4).includes ["NOT GIVEN THIS YEAR"]
make(%q(WITTGENSTEIN (PHIL 237)), '137', 4, 4).includes ["AUT"]
make(%q(RECENT EUROPEAN PHILOSOPHY: BETWEEN NATURE AND HISTORY (PHIL 238)), '138', 4, 4).includes ["NOT GIVEN THIS YEAR"]
make(%q(QUINE (PHIL 243)), '143', 4, 4).includes ["NOT GIVEN THIS YEAR"]
make(%q(BASIC CONCEPTS IN MATHEMATICAL LOGIC (PHIL 250)), '150', 4, 4).includes ["AUT"]
make(%q(LOGIC IN ACTION: A NEW INTRODUCTION TO LOGIC), '150E', 4, 4).includes ["SPR"]
make(%q(BASIC CONCEPTS IN MATHEMATICAL LOGIC), '150X', 2, 2).includes ["AUT"]
make(%q(FIRST-ORDER LOGIC (PHIL 251)), '151', 4, 4).includes ["WIN"]
make(%q(RECURSION THEORY (PHIL 251A)), '151A', 4, 4).includes ["NOT GIVEN THIS YEAR"]
make(%q(COMPUTABILITY AND LOGIC (PHIL 252)), '152', 4, 4).includes ["SPR"]
make(%q(FEMINIST THEORIES AND METHODS ACROSS THE DISCIPLINES (FEMGEN 103, FEMGEN 203, PHIL 253)), '153', 2, 5).includes ["WIN"]
make(%q(MODAL LOGIC (PHIL 254)), '154', 4, 4).includes ["SPR"]
make(%q(GENERAL INTEREST TOPICS IN MATHEMATICAL LOGIC (PHIL 255)), '155', 4, 4).includes ["NOT GIVEN THIS YEAR"]
make(%q(TOPICS IN PHILOSOPHY OF LOGIC (PHIL 257)), '157', 3, 3).includes ["NOT GIVEN THIS YEAR"]
make(%q(TOPICS IN LOGIC: TEN PROBLEMS IN DEONTIC LOGIC (PHIL 258)), '158', 2, 2).includes ["NOT GIVEN THIS YEAR"]
make(%q(NEWTONIAN REVOLUTION (PHIL 260A)), '160A', 4, 4).includes ["NOT GIVEN THIS YEAR"]
make(%q(NEWTONIAN REVOLUTION (PHIL 260B)), '160B', 4, 4).includes ["NOT GIVEN THIS YEAR"]
make(%q(PHILOSOPHY OF MATHEMATICS (MATH 162, PHIL 262)), '162', 4, 4).includes ["NOT GIVEN THIS YEAR"]
make(%q(SIGNIFICANT FIGURES IN PHILOSOPHY OF SCIENCE (PHIL 263)), '163', 4, 4).includes ["NOT GIVEN THIS YEAR"]
make(%q(CENTRAL TOPICS IN THE PHILOSOPHY OF SCIENCE: THEORY AND EVIDENCE (PHIL 264)), '164', 4, 4).includes ["SPR"]
make(%q(CENTRAL TOPICS IN PHILOSOPHY OF SCIENCE: CAUSATION (PHIL 264A)), '164A', 4, 4).includes ["NOT GIVEN THIS YEAR"]
make(%q(PHILOSOPHY OF PHYSICS (PHIL 265)), '165', 4, 4).includes ["WIN"]
make(%q(PROBABILITY: TEN GREAT IDEAS ABOUT CHANCE (PHIL 266, STATS 167, STATS 267)), '166', 4, 4).includes ["NOT GIVEN THIS YEAR"]
make(%q(FOUNDATIONS OF QUANTUM MECHANICS (PHIL 266A)), '166A', 4, 4).includes ["AUT"]
make(%q(PHILOSOPHY OF BIOLOGY (PHIL 267A)), '167A', 2, 4).includes ["NOT GIVEN THIS YEAR"]
make(%q(PHILOSOPHY, BIOLOGY, AND BEHAVIOR (PHIL 267B)), '167B', 4, 4).includes ["SPR"]
make(%q(ASSOCIATIVE THEORIES OF MIND AND BRAIN (PHIL 267C)), '167C', 4, 4).includes ["NOT GIVEN THIS YEAR"]
make(%q(PHILOSOPHY OF NEUROSCIENCE (PHIL 267D, SYMSYS 206)), '167D', 4, 4).includes ["AUT"]
make(%q(ETHICAL THEORY (ETHICSOC 170, PHIL 270)), '170', 4, 4).includes ["WIN"]
make(%q(METAPHOR (PHIL 270B)), '170B', 4, 4).includes ["WIN"]
make(%q(TRUST AND TRUSTWORTHINESS (PHIL 270D)), '170D', 4, 4).includes ["NOT GIVEN THIS YEAR"]
make(%q(JUSTICE (ETHICSOC 171, IPS 208, PHIL 271, POLISCI 3P, POLISCI 136S, POLISCI 336S, PUBLPOL 103C, PUBLPOL 307)), '171', 4, 5).includes ["AUT"]
make(%q(HISTORY OF MODERN MORAL PHILOSOPHY (PHIL 272)), '172', 4, 4).includes ["NOT GIVEN THIS YEAR"]
make(%q(RECENT ETHICAL THEORY (PHIL 272B)), '172B', 4, 4).includes ["NOT GIVEN THIS YEAR"]
make(%q(BERNARD WILLIAMS (PHIL 272D)), '172D', 4, 4).includes ["NOT GIVEN THIS YEAR"]
make(%q(PRUDENCE AND MORALITY (PHIL 272N)), '172N', 4, 4).includes ["AUT"]
make(%q(AESTHETICS: METAPHOR ACROSS THE ARTS), '173A', 4, 4).includes ["NOT GIVEN THIS YEAR"]
make(%q(METAETHICS), '173B', 4, 4).includes ["NOT GIVEN THIS YEAR"]
make(%q(FREEDOM AND THE PRACTICAL STANDPOINT (PHIL 274)), '174', 4, 4).includes ["NOT GIVEN THIS YEAR"]
make(%q(MORAL LIMITS OF THE MARKET (ETHICSOC 174A, PHIL 274A, POLISCI 135P)), '174A', 4, 4).includes ["NOT GIVEN THIS YEAR"]
make(%q(MORAL LUCK (PHIL 274D)), '174D', 4, 4).includes ["SPR"]
make(%q(BETRAYAL AND LOYALTY, TREASON AND TRUST (ETHICSOC 174L, ETHICSOC 274L, PHIL 274L)), '174L', 2, 2).includes ["WIN"]
make(%q(PHILOSOPHY OF LAW), '175', 4, 4).includes ["NOT GIVEN THIS YEAR"]
make(%q(ETHICS AND POLITICS OF PUBLIC SERVICE (CSRE 178, ETHICSOC 133, HUMBIO 178, PHIL 275A, POLISCI 133, PUBLPOL 103D, URBANST 122)), '175A', 5, 5).includes ["SPR"]
make(%q(TWO ETHICAL THEORIES AND BEING A PERSON (PHIL 275M)), '175M', 4, 4).includes ["NOT GIVEN THIS YEAR"]
make(%q(POLITICAL PHILOSOPHY: THE SOCIAL CONTRACT TRADITION (PHIL 276)), '176', 4, 4).includes ["SPR"]
make(%q(CLASSICAL SEMINAR: ORIGINS OF POLITICAL THOUGHT (CLASSHIS 133, CLASSHIS 333, PHIL 276A, POLISCI 330A)), '176A', 4, 5).includes ["NOT GIVEN THIS YEAR"]
make(%q(THE ECONOMIC INDIVIDUAL IN THE BEHAVIORAL SCIENCES (PHIL 276B)), '176B', 4, 4).includes ["NOT GIVEN THIS YEAR"]
make(%q(RELIGION AND POLITICS: A LATIN AMERICAN PERSPECTIVE (ETHICSOC 276R, ETHICSOC 376R, PHIL 276C)), '176C', 4, 4).includes ["SPR"]
make(%q(EMOTIONS: MORALITY AND LAW (ETHICSOC 202, ETHICSOC 302, PHIL 277B)), '177B', 2, 2).includes ["WIN"]
make(%q(ETHICS IN SOCIETY HONORS SEMINAR (ETHICSOC 190)), '178', 3, 3).includes ["WIN"]
make(%q(THE ETHICS OF ENVIRONMENTAL CHOICES (EARTHSYS 178, EARTHSYS 278, PHIL 278A)), '178A', 4, 4).includes ["NOT GIVEN THIS YEAR"]
make(%q(INTRODUCTION TO ENVIRONMENTAL ETHICS (ETHICSOC 178M, ETHICSOC 278M, PHIL 278M, POLISCI 134L)), '178M', 5, 5).includes ["WIN"]
make(%q(MORAL PSYCHOLOGY, REASONS FOR ACTION, AND MORAL THEORY (PHIL 279S)), '179S', 4, 4).includes ["NOT GIVEN THIS YEAR"]
make(%q(METAPHYSICS (PHIL 280)), '180', 4, 4).includes ["NOT GIVEN THIS YEAR"]
make(%q(REALISM, ANTI-REALISM, IRREALISM, QUASI-REALISM (PHIL 280A)), '180A', 4, 4).includes ["NOT GIVEN THIS YEAR"]
make(%q(PHILOSOPHY OF LANGUAGE (PHIL 281)), '181', 4, 4).includes ["AUT"]
make(%q(PHILOSOPHY OF LANGUAGE: CONTEMPORARY DEBATES (PHIL 281B)), '181B', 4, 4).includes ["WIN"]
make(%q(TRUTH (PHIL 282)), '182', 2, 4).includes ["NOT GIVEN THIS YEAR"]
make(%q(THEORY OF KNOWLEDGE (PHIL 284)), '184', 4, 4).includes ["WIN"]
make(%q(EPISTEMOLOGY OF TESTIMONY (PHIL 284C)), '184C', 4, 4).includes ["NOT GIVEN THIS YEAR"]
make(%q(FEMINIST THEORIES OF KNOWLEDGE (FEMST 166, PHIL 284F)), '184F', 4, 4).includes ["NOT GIVEN THIS YEAR"]
make(%q(PROBABILITY AND EPISTEMOLOGY), '184P', 4, 4).includes ["NOT GIVEN THIS YEAR"]
make(%q(MEMORY), '185', 4, 4).includes ["NOT GIVEN THIS YEAR"]
make(%q(PHILOSOPHY OF PERCEPTION (PHIL 285B)), '185B', 4, 4).includes ["NOT GIVEN THIS YEAR"]
make(%q(PHILOSOPHY OF MIND (PHIL 286)), '186', 4, 4).includes ["SPR"]
make(%q(INNER SENSE), '186B', 4, 4).includes ["NOT GIVEN THIS YEAR"]
make(%q(PHILOSOPHY OF ACTION (PHIL 287)), '187', 4, 4).includes ["SPR"]
make(%q(PERSONAL IDENTITY (PHIL 288)), '188', 4, 4).includes ["NOT GIVEN THIS YEAR"]
make(%q(EXAMPLES OF FREE WILL (PHIL 289)), '189', 4, 4).includes ["NOT GIVEN THIS YEAR"]
make(%q(INTRODUCTION TO COGNITIVE AND INFORMATION SCIENCES (LINGUIST 144, PSYCH 35, SYMSYS 100)), '190', 4, 4).includes ["WIN"]
make(%q(FILM & PHILOSOPHY (COMPLIT 154A, FRENCH 154, ITALIAN 154, PHIL 293C)), '193C', 4, 4).includes ["NOT GIVEN THIS YEAR"]
make(%q(THE ART OF THE MOVIES: STORY, DRAMA, AND IMAGE), '193H', 4, 4).includes ["NOT GIVEN THIS YEAR"]
make(%q(NIETZSCHE, DOESTOEVSKY, AND SARTRE), '193W', 4, 4).includes ["NOT GIVEN THIS YEAR"]
make(%q(RATIONALITY OVER TIME), '194A', 4, 4).includes ["AUT"]
make(%q(REASON AND PASSION), '194B', 4, 4).includes ["SPR"]
make(%q(TIME AND FREE WILL), '194C', 4, 4).includes ["NOT GIVEN THIS YEAR"]
make(%q(BEAUTY AND OTHER FORMS OF VALUE), '194E', 4, 4).includes ["NOT GIVEN THIS YEAR"]
make(%q(PHILOSOPHICAL ISSUES IN LANGUAGE), '194G', 4, 4).includes ["NOT GIVEN THIS YEAR"]
make(%q(EXPLANATION AND JUSTIFICATION), '194H', 4, 4).includes ["WIN"]
make(%q(MONTAIGNE), '194L', 4, 4).includes ["NOT GIVEN THIS YEAR"]
make(%q(PHILOSOPHICAL ISSUES IN COGNITIVE SCIENCE), '194N', 4, 4).includes ["NOT GIVEN THIS YEAR"]
make(%q(NAMING AND NECESSITY), '194P', 4, 4).includes ["NOT GIVEN THIS YEAR"]
make(%q(EPISTEMIC PARADOXES), '194R', 4, 4).includes ["NOT GIVEN THIS YEAR"]
make(%q(SKEPTICISM), '194S', 4, 4).includes ["NOT GIVEN THIS YEAR"]
make(%q(PRACTICAL REASON), '194T', 4, 4).includes ["NOT GIVEN THIS YEAR"]
make(%q(UNITY OF SCIENCE), '195A', 4, 5).includes ["NOT GIVEN THIS YEAR"]
make(%q(DONOR SEMINAR: PRACTICAL REASONING), '195B', 4, 4).includes ["NOT GIVEN THIS YEAR"]
make(%q(TUTORIAL, SENIOR YEAR), '196', 5, 5).includes ["AUT", "WIN", "SPR", "SUM"]
make(%q(INDIVIDUAL WORK, UNDERGRADUATE), '197', 1, 15).includes ["AUT", "WIN", "SPR", "SUM"]
make(%q(THE DUALIST), '198', 1, 1).includes ["AUT", "WIN", "SPR"]
make(%q(SEMINAR FOR PROSPECTIVE HONORS STUDENTS), '199', 2, 2).includes ["SPR"]
make(%q(INTRODUCTION TO MEDIEVAL PHILOSOPHY (PHIL 101)), '201', 4, 4).includes ["AUT"]
make(%q(JOHN DUNS SCOTUS: POLITICS, METAPHYSICS & PHILOSOPHY OF MIND), '201B', 1, 2).includes ["NOT GIVEN THIS YEAR"]
make(%q(FICHTE (PHIL 102M)), '202M', 1, 2).includes ["SPR"]
make(%q(ANCIENT SKEPTICISM (PHIL 106)), '206', 4, 4).includes ["NOT GIVEN THIS YEAR"]
make(%q(EARLY PLATO (PHIL 107)), '207', 4, 4).includes ["WIN"]
make(%q(THE GREEKS ON IRRATIONALITY (PHIL 107A)), '207A', 2, 4).includes ["NOT GIVEN THIS YEAR"]
make(%q(PLATO'S METAPHYSICS AND EPISTEMOLOGY (PHIL 107B)), '207B', 4, 4).includes ["SPR"]
make(%q(ARISTOTLE'S METAPHYSICS BOOK ALPHA (PHIL 108)), '208', 4, 4).includes ["NOT GIVEN THIS YEAR"]
make(%q(ARISTOTELIAN LOGIC (PHIL 108A)), '208A', 2, 4).includes ["WIN"]
make(%q(ARISTOTLE'S PHYSICS BOOK ONE (PHIL 108B)), '208B', 4, 4).includes ["SPR"]
make(%q(TOPICS IN ANCIENT PHILOSOPHY: PLATO AND ARISTOTLE ON ART AND RHETORIC (PHIL 109)), '209', 4, 4).includes ["NOT GIVEN THIS YEAR"]
make(%q(SPECIAL TOPICS IN ANCIENT PHILOSOPHY (PHIL 109A)), '209A', 4, 4).includes ["NOT GIVEN THIS YEAR"]
make(%q(GREEK PHILOSOPHERS READ THEIR ANCESTORS: INTRO TO THE ANCIENT RECEPTION OF PRESOCRATIC PHILOSOPHY (PHIL 109B)), '209B', 4, 4).includes ["NOT GIVEN THIS YEAR"]
make(%q(PLATO (PHIL 110)), '210', 4, 4).includes ["NOT GIVEN THIS YEAR"]
make(%q(ARISTOTLE AND CONTEMPORARY ETHICS (PHIL 111)), '211', 4, 4).includes ["NOT GIVEN THIS YEAR"]
make(%q(HELLENISTIC PHILOSOPHY (PHIL 113)), '213', 4, 4).includes ["NOT GIVEN THIS YEAR"]
make(%q(PROBLEMS IN MEDIEVAL PHILOSOPHY: ISLAMIC ARISTOTELIANISM AND WESTERN SCHOLASTICISM (PHIL 115)), '215', 3, 5).includes ["NOT GIVEN THIS YEAR"]
make(%q(AQUINAS (PHIL 116)), '216', 4, 4).includes ["SPR"]
make(%q(DESCARTES (PHIL 117)), '217', 4, 4).includes ["WIN"]
make(%q(ORIGINS OF EMPIRICISM: GASSENDI, LOCKE, AND BERKELEY (PHIL 118A)), '218A', 4, 4).includes ["SPR"]
make(%q(RATIONALISTS (PHIL 119)), '219', 4, 4).includes ["NOT GIVEN THIS YEAR"]
make(%q(THE LEIBNIZ-CLARKE CORRESPONDENCE (PHIL 120A)), '220A', 4, 4).includes ["NOT GIVEN THIS YEAR"]
make(%q(HUME (PHIL 122)), '222', 4, 4).includes ["NOT GIVEN THIS YEAR"]
make(%q(KANT'S PHILOSOPHY OF PHYSICAL SCIENCE), '224', 2, 4).includes ["NOT GIVEN THIS YEAR"]
make(%q(MATHEMATICS IN KANT'S PHILOSOPHY), '224A', 4, 4).includes ["SPR"]
make(%q(KANT'S FIRST CRITIQUE (PHIL 125)), '225', 4, 4).includes ["AUT"]
make(%q(KANT'S ETHICAL THEORY (PHIL 126B)), '226B', 2, 4).includes ["NOT GIVEN THIS YEAR"]
make(%q(KANT'S ETHICS (PHIL 127)), '227', 4, 4).includes ["WIN"]
make(%q(KANT'S VALUE THEORY (PHIL 127A)), '227A', 4, 4).includes ["NOT GIVEN THIS YEAR"]
make(%q(KANT'S ANTHROPOLOGY AND PHILOSOPHY OF HISTORY (PHIL 127B)), '227B', 4, 4).includes ["NOT GIVEN THIS YEAR"]
make(%q(ROUSSEAU AND KANT), '227C', 1, 2).includes ["NOT GIVEN THIS YEAR"]
make(%q(RICHARD RUFUS OF CORNWALL (PHIL 127M)), '227M', 1, 2).includes ["SPR"]
make(%q(FICHTE'S ETHICS (PHIL 128)), '228', 4, 4).includes ["NOT GIVEN THIS YEAR"]
make(%q(HEGEL (PHIL 130)), '230', 4, 4).includes ["NOT GIVEN THIS YEAR"]
make(%q(INTRODUCTION TO PHILOSOPHY OF EDUCATION (EDUC 204)), '231', 3, 3).includes ["AUT"]
make(%q(HUSSERL), '233', 4, 4).includes ["NOT GIVEN THIS YEAR"]
make(%q(PHENOMENOLOGY AND INTERSUBJECTIVITY (PHIL 134)), '234', 4, 4).includes ["NOT GIVEN THIS YEAR"]
make(%q(THE LATER HEIDEGGER: ART, POETRY, LANGUAGE (RELIGST 277, RELIGST 377)), '234B', 3, 3).includes ["NOT GIVEN THIS YEAR"]
make(%q(EXISTENTIALISM (PHIL 135)), '235', 4, 4).includes ["SPR"]
make(%q(HISTORY OF ANALYTIC PHILOSOPHY (PHIL 136)), '236', 4, 4).includes ["NOT GIVEN THIS YEAR"]
make(%q(WITTGENSTEIN (PHIL 137)), '237', 4, 4).includes ["AUT"]
make(%q(RECENT EUROPEAN PHILOSOPHY: BETWEEN NATURE AND HISTORY (PHIL 138)), '238', 4, 4).includes ["NOT GIVEN THIS YEAR"]
make(%q(TEACHING METHODS IN PHILOSOPHY), '239', 1, 4).includes ["AUT", "WIN", "SPR"]
make(%q(INDIVIDUAL WORK FOR GRADUATE STUDENTS), '240', 1, 15).includes ["AUT", "WIN", "SPR", "SUM"]
make(%q(DISSERTATION DEVELOPMENT SEMINAR), '241', 1, 4).includes ["SUM"]
make(%q(QUINE (PHIL 143)), '243', 4, 4).includes ["NOT GIVEN THIS YEAR"]
make(%q(MEDIEVAL LATIN PALEOGRAPHY), '248', 3, 5).includes ["NOT GIVEN THIS YEAR"]
make(%q(EVIDENCE AND EVOLUTION (PHIL 349)), '249', 3, 5).includes ["NOT GIVEN THIS YEAR"]
make(%q(BASIC CONCEPTS IN MATHEMATICAL LOGIC (PHIL 150)), '250', 4, 4).includes ["AUT"]
make(%q(FIRST-ORDER LOGIC (PHIL 151)), '251', 4, 4).includes ["WIN"]
make(%q(RECURSION THEORY (PHIL 151A)), '251A', 4, 4).includes ["NOT GIVEN THIS YEAR"]
make(%q(COMPUTABILITY AND LOGIC (PHIL 152)), '252', 4, 4).includes ["SPR"]
make(%q(FEMINIST THEORIES AND METHODS ACROSS THE DISCIPLINES (FEMGEN 103, FEMGEN 203, PHIL 153)), '253', 2, 5).includes ["WIN"]
make(%q(MODAL LOGIC (PHIL 154)), '254', 4, 4).includes ["SPR"]
make(%q(GENERAL INTEREST TOPICS IN MATHEMATICAL LOGIC (PHIL 155)), '255', 4, 4).includes ["NOT GIVEN THIS YEAR"]
make(%q(TOPICS IN PHILOSOPHY OF LOGIC (PHIL 157)), '257', 3, 3).includes ["NOT GIVEN THIS YEAR"]
make(%q(TOPICS IN LOGIC: TEN PROBLEMS IN DEONTIC LOGIC (PHIL 158)), '258', 2, 2).includes ["NOT GIVEN THIS YEAR"]
make(%q(MINDS AND MACHINES), '258', 4, 4).includes ["NOT GIVEN THIS YEAR"]
make(%q(NEWTONIAN REVOLUTION (PHIL 160A)), '260A', 4, 4).includes ["NOT GIVEN THIS YEAR"]
make(%q(NEWTONIAN REVOLUTION (PHIL 160B)), '260B', 4, 4).includes ["NOT GIVEN THIS YEAR"]
make(%q(PHILOSOPHY OF MATHEMATICS (MATH 162, PHIL 162)), '262', 4, 4).includes ["NOT GIVEN THIS YEAR"]
make(%q(SIGNIFICANT FIGURES IN PHILOSOPHY OF SCIENCE (PHIL 163)), '263', 4, 4).includes ["NOT GIVEN THIS YEAR"]
make(%q(CENTRAL TOPICS IN THE PHILOSOPHY OF SCIENCE: THEORY AND EVIDENCE (PHIL 164)), '264', 4, 4).includes ["SPR"]
make(%q(CENTRAL TOPICS IN PHILOSOPHY OF SCIENCE: CAUSATION (PHIL 164A)), '264A', 4, 4).includes ["NOT GIVEN THIS YEAR"]
make(%q(PHILOSOPHY OF PHYSICS (PHIL 165)), '265', 4, 4).includes ["WIN"]
make(%q(PHILOSOPHY OF PHYSICS: PROBABILITY AND RELATIVITY), '265C', 4, 4).includes ["NOT GIVEN THIS YEAR"]
make(%q(PROBABILITY: TEN GREAT IDEAS ABOUT CHANCE (PHIL 166, STATS 167, STATS 267)), '266', 4, 4).includes ["NOT GIVEN THIS YEAR"]
make(%q(FOUNDATIONS OF QUANTUM MECHANICS (PHIL 166A)), '266A', 4, 4).includes ["AUT"]
make(%q(PHILOSOPHY OF BIOLOGY (PHIL 167A)), '267A', 2, 4).includes ["NOT GIVEN THIS YEAR"]
make(%q(PHILOSOPHY, BIOLOGY, AND BEHAVIOR (PHIL 167B)), '267B', 4, 4).includes ["SPR"]
make(%q(ASSOCIATIVE THEORIES OF MIND AND BRAIN (PHIL 167C)), '267C', 4, 4).includes ["NOT GIVEN THIS YEAR"]
make(%q(PHILOSOPHY OF NEUROSCIENCE (PHIL 167D, SYMSYS 206)), '267D', 4, 4).includes ["AUT"]
make(%q(ETHICAL THEORY (ETHICSOC 170, PHIL 170)), '270', 4, 4).includes ["WIN"]
make(%q(METAPHOR (PHIL 170B)), '270B', 4, 4).includes ["WIN"]
make(%q(TRUST AND TRUSTWORTHINESS (PHIL 170D)), '270D', 4, 4).includes ["NOT GIVEN THIS YEAR"]
make(%q(SEXUAL ETHICS), '270E', 4, 4).includes ["NOT GIVEN THIS YEAR"]
make(%q(JUSTICE (ETHICSOC 171, IPS 208, PHIL 171, POLISCI 3P, POLISCI 136S, POLISCI 336S, PUBLPOL 103C, PUBLPOL 307)), '271', 4, 5).includes ["AUT"]
make(%q(HISTORY OF MODERN MORAL PHILOSOPHY (PHIL 172)), '272', 4, 4).includes ["NOT GIVEN THIS YEAR"]
make(%q(RECENT ETHICAL THEORY (PHIL 172B)), '272B', 4, 4).includes ["NOT GIVEN THIS YEAR"]
make(%q(BERNARD WILLIAMS (PHIL 172D)), '272D', 4, 4).includes ["NOT GIVEN THIS YEAR"]
make(%q(PRUDENCE AND MORALITY (PHIL 172N)), '272N', 4, 4).includes ["AUT"]
make(%q(METAETHICS), '273B', 2, 4).includes ["AUT"]
make(%q(FREEDOM AND THE PRACTICAL STANDPOINT (PHIL 174)), '274', 4, 4).includes ["NOT GIVEN THIS YEAR"]
make(%q(MORAL LIMITS OF THE MARKET (ETHICSOC 174A, PHIL 174A, POLISCI 135P)), '274A', 4, 4).includes ["NOT GIVEN THIS YEAR"]
make(%q(MORAL LUCK (PHIL 174D)), '274D', 4, 4).includes ["SPR"]
make(%q(BETRAYAL AND LOYALTY, TREASON AND TRUST (ETHICSOC 174L, ETHICSOC 274L, PHIL 174L)), '274L', 2, 2).includes ["WIN"]
make(%q(ETHICS AND POLITICS OF PUBLIC SERVICE (CSRE 178, ETHICSOC 133, HUMBIO 178, PHIL 175A, POLISCI 133, PUBLPOL 103D, URBANST 122)), '275A', 5, 5).includes ["SPR"]
make(%q(TWO ETHICAL THEORIES AND BEING A PERSON (PHIL 175M)), '275M', 4, 4).includes ["NOT GIVEN THIS YEAR"]
make(%q(POLITICAL PHILOSOPHY: THE SOCIAL CONTRACT TRADITION (PHIL 176)), '276', 4, 4).includes ["SPR"]
make(%q(CLASSICAL SEMINAR: ORIGINS OF POLITICAL THOUGHT (CLASSHIS 133, CLASSHIS 333, PHIL 176A, POLISCI 330A)), '276A', 4, 5).includes ["NOT GIVEN THIS YEAR"]
make(%q(THE ECONOMIC INDIVIDUAL IN THE BEHAVIORAL SCIENCES (PHIL 176B)), '276B', 4, 4).includes ["NOT GIVEN THIS YEAR"]
make(%q(RELIGION AND POLITICS: A LATIN AMERICAN PERSPECTIVE (ETHICSOC 276R, ETHICSOC 376R, PHIL 176C)), '276C', 4, 4).includes ["SPR"]
make(%q(EMOTIONS: MORALITY AND LAW (ETHICSOC 202, ETHICSOC 302, PHIL 177B)), '277B', 2, 2).includes ["WIN"]
make(%q(THE ETHICS OF ENVIRONMENTAL CHOICES (EARTHSYS 178, EARTHSYS 278, PHIL 178A)), '278A', 4, 4).includes ["NOT GIVEN THIS YEAR"]
make(%q(INTRODUCTION TO ENVIRONMENTAL ETHICS (ETHICSOC 178M, ETHICSOC 278M, PHIL 178M, POLISCI 134L)), '278M', 5, 5).includes ["WIN"]
make(%q(MORAL PSYCHOLOGY, REASONS FOR ACTION, AND MORAL THEORY (PHIL 179S)), '279S', 4, 4).includes ["NOT GIVEN THIS YEAR"]
make(%q(METAPHYSICS (PHIL 180)), '280', 4, 4).includes ["NOT GIVEN THIS YEAR"]
make(%q(REALISM, ANTI-REALISM, IRREALISM, QUASI-REALISM (PHIL 180A)), '280A', 4, 4).includes ["NOT GIVEN THIS YEAR"]
make(%q(PHILOSOPHY OF LANGUAGE (PHIL 181)), '281', 4, 4).includes ["AUT"]
make(%q(PHILOSOPHY OF LANGUAGE: CONTEMPORARY DEBATES (PHIL 181B)), '281B', 4, 4).includes ["WIN"]
make(%q(TRUTH (PHIL 182)), '282', 2, 4).includes ["NOT GIVEN THIS YEAR"]
make(%q(THEORY OF KNOWLEDGE (PHIL 184)), '284', 4, 4).includes ["WIN"]
make(%q(EPISTEMOLOGY OF TESTIMONY (PHIL 184C)), '284C', 4, 4).includes ["NOT GIVEN THIS YEAR"]
make(%q(FEMINIST THEORIES OF KNOWLEDGE (FEMST 166, PHIL 184F)), '284F', 4, 4).includes ["NOT GIVEN THIS YEAR"]
make(%q(PHILOSOPHY OF PERCEPTION (PHIL 185B)), '285B', 4, 4).includes ["NOT GIVEN THIS YEAR"]
make(%q(PHILOSOPHY OF MIND (PHIL 186)), '286', 4, 4).includes ["SPR"]
make(%q(PHILOSOPHY OF ACTION (PHIL 187)), '287', 4, 4).includes ["SPR"]
make(%q(PERSONAL IDENTITY (PHIL 188)), '288', 4, 4).includes ["NOT GIVEN THIS YEAR"]
make(%q(EXAMPLES OF FREE WILL (PHIL 189)), '289', 4, 4).includes ["NOT GIVEN THIS YEAR"]
make(%q(FILM & PHILOSOPHY (COMPLIT 154A, FRENCH 154, ITALIAN 154, PHIL 193C)), '293C', 4, 4).includes ["NOT GIVEN THIS YEAR"]
make(%q(PROSEMINAR), '300', 4, 4).includes ["AUT"]
make(%q(DISSERTATION DEVELOPMENT PROSEMINAR), '301', 2, 4).includes ["WIN", "SPR"]
make(%q(ARISTOTLE'S POLITICS), '308', 4, 4).includes ["SPR"]
make(%q(ARISTOTLE ON HIS PREDECESSORS), '308B', 2, 4).includes ["AUT"]
make(%q(HUME'S PSYCHOLOGY AND POLITICAL THEORY), '309', 3, 5).includes ["SPR"]
make(%q(ARISTOTLE'S PSYCHOLOGY), '312', 4, 4).includes ["NOT GIVEN THIS YEAR"]
make(%q(PRACTICAL REASONING IN PLATO AND ARISTOTLE), '314', 2, 4).includes ["NOT GIVEN THIS YEAR"]
make(%q(ETHICS BEFORE ETHICS: MORAL CONDUCT IN ARCHAIC PHILOSOPHY), '316', 2, 4).includes ["SPR"]
make(%q(TOPICS IN PLATO: MIDDLE AND LATE ETHICS & POLITICS), '317', 2, 4).includes ["NOT GIVEN THIS YEAR"]
make(%q(ARISTOTLE AND THE OBJECT OF MATHEMATICAL REASONING (CLASSGEN 338)), '318', 4, 4).includes ["NOT GIVEN THIS YEAR"]
make(%q(TOPICS IN GREEK PHILOSOPHY:  PLATO AND ARISTOTLE ON KNOWLEDGE AND ACTION), '319', 2, 4).includes ["NOT GIVEN THIS YEAR"]
make(%q(LEIBNIZ'S METAPHYSICS), '321', 2, 4).includes ["NOT GIVEN THIS YEAR"]
make(%q(HUME), '322', 2, 4).includes ["WIN"]
make(%q(KANT'S CRITICISM OF METAPHYSICS), '323', 4, 4).includes ["NOT GIVEN THIS YEAR"]
make(%q(KANT'S SYSTEM OF NATURE AND FREEDOM), '324', 4, 4).includes ["NOT GIVEN THIS YEAR"]
make(%q(NIETZSCHE), '332', 2, 4).includes ["NOT GIVEN THIS YEAR"]
make(%q(HABERMAS), '334', 3, 5).includes ["NOT GIVEN THIS YEAR"]
make(%q(TOPICS IN AESTHETICS), '335', 4, 4).includes ["NOT GIVEN THIS YEAR"]
make(%q(MARX (POLISCI 333S)), '339', 2, 4).includes ["AUT"]
make(%q(TIME AND FREE WILL), '340', 3, 5).includes ["NOT GIVEN THIS YEAR"]
make(%q(EVOLUTION OF SIGNALS), '348', 2, 4).includes ["NOT GIVEN THIS YEAR"]
make(%q(EVIDENCE AND EVOLUTION (PHIL 249)), '349', 3, 5).includes ["NOT GIVEN THIS YEAR"]
make(%q(MODEL THEORY), '350A', 3, 3).includes ["NOT GIVEN THIS YEAR"]
make(%q(MODEL THEORY B (MATH 290B)), '350B', 1, 3).includes ["AUT"]
make(%q(RECURSION THEORY), '351A', 3, 3).includes ["NOT GIVEN THIS YEAR"]
make(%q(PROOF MINING), '351B', 1, 3).includes ["NOT GIVEN THIS YEAR"]
make(%q(SET THEORY (MATH 292A)), '352A', 3, 3).includes ["NOT GIVEN THIS YEAR"]
make(%q(PROOF THEORY (MATH 293A)), '353A', 3, 3).includes ["NOT GIVEN THIS YEAR"]
make(%q(PROOF THEORY B), '353B', 2, 3).includes ["NOT GIVEN THIS YEAR"]
make(%q(FUNCTIONAL INTERPRETATIONS), '353C', 4, 4).includes ["NOT GIVEN THIS YEAR"]
make(%q(TOPICS IN LOGIC), '354', 1, 3).includes ["WIN"]
make(%q(LOGIC AND SOCIAL CHOICE), '355', 4, 4).includes ["NOT GIVEN THIS YEAR"]
make(%q(APPLICATIONS OF MODAL LOGIC), '356', 3, 3).includes ["NOT GIVEN THIS YEAR"]
make(%q(RATIONAL AGENCY AND INTELLIGENT INTERACTION (CS 222)), '358', 3, 3).includes ["NOT GIVEN THIS YEAR"]
make(%q(TOPICS IN LOGIC, INFORMATION AND INTERACTION), '359', 2, 4).includes ["SPR"]
make(%q(CORE SEMINAR IN PHILOSOPHY OF SCIENCE), '360', 4, 4).includes ["NOT GIVEN THIS YEAR"]
make(%q(SOCIAL DIMENSIONS OF SCIENCE), '361', 4, 4).includes ["AUT"]
make(%q(SEMINAR IN PHILOSOPHY OF SCIENCE: TIME), '365', 4, 4).includes ["NOT GIVEN THIS YEAR"]
make(%q(EVOLUTION AND COMMUNICATION), '366', 4, 4).includes ["NOT GIVEN THIS YEAR"]
make(%q(PHILOSOPHY OF LINGUISTICS (LINGUIST 204, SYMSYS 204)), '369', 4, 4).includes ["SPR"]
make(%q(CORE SEMINAR IN ETHICS), '370', 4, 4).includes ["NOT GIVEN THIS YEAR"]
make(%q(GRAD SEMINAR IN ETHICS), '370A', 4, 4).includes ["AUT"]
make(%q(GRADUATE SEMINAR ON EQUALITY), '371D', 5, 5).includes ["NOT GIVEN THIS YEAR"]
make(%q(TOPICS IN KANTIAN ETHICS), '372', 4, 4).includes ["NOT GIVEN THIS YEAR"]
make(%q(TOPICS IN POLITICAL PHILOSOPHY (POLISCI 332)), '372D', 5, 5).includes ["SPR"]
make(%q(GRADUATE SEMINAR ON MORAL PSYCHOLOGY), '372E', 3, 5).includes ["NOT GIVEN THIS YEAR"]
make(%q(KORSGAARD AND HER CRITICS), '372P', 2, 4).includes ["NOT GIVEN THIS YEAR"]
make(%q(POLITICAL REALISM (POLISCI 435R)), '372R', 3, 5).includes ["NOT GIVEN THIS YEAR"]
make(%q(MORAL PSYCHOLOGY: THE CONCEPT OF INCLINATION), '373', 4, 4).includes ["NOT GIVEN THIS YEAR"]
make(%q(CARING AND PRACTICAL REASONING), '374', 4, 4).includes ["NOT GIVEN THIS YEAR"]
make(%q(DEMOCRACY AND THE CONSTITUTION), '374C', 5, 5).includes ["NOT GIVEN THIS YEAR"]
make(%q(AGENCY AND PERSONAL IDENTITY), '376', 4, 4).includes ["NOT GIVEN THIS YEAR"]
make(%q(RATIONAL AND SOCIAL AGENCY (POLISCI 333)), '377', 2, 5).includes ["NOT GIVEN THIS YEAR"]
make(%q(AMARTYA SEN'S CAPABILITY THEORY (POLISCI 436R)), '378', 2, 4).includes ["NOT GIVEN THIS YEAR"]
make(%q(GRADUATE SEMINAR IN METAETHICS), '379', 2, 4).includes ["NOT GIVEN THIS YEAR"]
make(%q(CORE SEMINAR IN METAPHYSICS AND EPISTEMOLOGY), '380', 4, 4).includes ["NOT GIVEN THIS YEAR"]
make(%q(CORE SEMINAR IN PHILOSOPHY OF LANGUAGE), '381', 4, 4).includes ["NOT GIVEN THIS YEAR"]
make(%q(SEMINAR ON REFERENCE), '382', 4, 4).includes ["NOT GIVEN THIS YEAR"]
make(%q(PRAGMATICS AND REFERENCE), '382A', 4, 4).includes ["NOT GIVEN THIS YEAR"]
make(%q(PHILOSOPHY OF MIND SEMINAR), '383', 2, 4).includes ["NOT GIVEN THIS YEAR"]
make(%q(WHAT'S AN INFERENCE?), '383B', 2, 4).includes ["NOT GIVEN THIS YEAR"]
make(%q(SEMINAR IN METAPHYSICS AND EPISTEMOLOGY), '384', 4, 4).includes ["NOT GIVEN THIS YEAR"]
make(%q(PRAGMATICS AND REFERENCE), '385', 2, 4).includes ["NOT GIVEN THIS YEAR"]
make(%q(TOPICS IN METAPHYSICS AND EPISTEMOLOGY: VAGUENES), '385B', 4, 4).includes ["NOT GIVEN THIS YEAR"]
make(%q(TOPICS IN PHILOSOPHY OF LANGUAGE: THE FREGE-RUSSELL PROBLEMS), '385C', 2, 4).includes ["NOT GIVEN THIS YEAR"]
make(%q(TOPICS IN PHILOSOPHY OF LANGUAGE), '385D', 2, 4).includes ["AUT"]
make(%q(THE METAPHYSICS OF MEANING), '385M', 2, 4).includes ["NOT GIVEN THIS YEAR"]
make(%q(METAPHYSICS OF REFERENCE), '385R', 2, 4).includes ["NOT GIVEN THIS YEAR"]
make(%q(TOPICS IN PHILOSOPHY OF MIND: DUAL PROCESS THEORIES OF MIND), '386', 4, 4).includes ["WIN"]
make(%q(HUSSERL AND ADAM SMITH), '386B', 4, 4).includes ["NOT GIVEN THIS YEAR"]
make(%q(SUBJECTIVITY), '386C', 4, 4).includes ["NOT GIVEN THIS YEAR"]
make(%q(PERSONAL IDENTITY), '386D', 4, 4).includes ["NOT GIVEN THIS YEAR"]
make(%q(ABOUT BEING), '386E', 4, 4).includes ["SPR"]
make(%q(INTENTION AND NORMATIVE JUDGMENT), '387', 2, 4).includes ["WIN"]
make(%q(CONSISTENCY AND COHERENCE), '387C', 2, 4).includes ["NOT GIVEN THIS YEAR"]
make(%q(RATIONALITY OVER TIME), '387D', 2, 4).includes ["NOT GIVEN THIS YEAR"]
make(%q(PRACTICAL REASONS AND PRACTICAL REASONING), '387S', 4, 4).includes ["NOT GIVEN THIS YEAR"]
make(%q(THE NORMATIVITY OF CONTENT), '388', 2, 4).includes ["SPR"]
make(%q(ADVANCED TOPICS IN EPISTEMOLOGY), '389', 2, 5).includes ["SPR"]
make(%q(RESEARCH SEMINAR IN LOGIC AND THE FOUNDATIONS OF MATHEMATICS (MATH 391)), '391', 1, 3).includes ["AUT", "WIN", "SPR"]
make(%q(THESIS), '450', 1, 15).includes ["AUT", "WIN", "SPR", "SUM"]
make(%q(PROSEMINAR IN MORAL PSYCHOLOGY), '470', 4, 4).includes ["NOT GIVEN THIS YEAR"]
make(%q(ADVANCED DISSERTATION SEMINAR), '500', 1, 1).includes ["AUT", "WIN", "SPR"]
make(%q(TGR PROJECT), '801', 0, 0).includes ["AUT", "WIN", "SPR", "SUM"]
make(%q(TGR DISSERTATION), '802', 0, 0).includes ["AUT", "WIN", "SPR", "SUM"]
