make([%q(Genetics, Evolution, and Ecology), %q(2A), %q(5), %q(5)]).includes ["AUT"]
make([%q(Culture, Evolution, and Society), %q(2B), %q(5), %q(5)]).includes ["AUT"]
make([%q(Cell and Developmental Biology), %q(3A), %q(5), %q(5)]).includes ["WIN"]
make([%q(Behavior, Health, and Development), %q(3B), %q(5), %q(5)]).includes ["WIN"]
make([%q(Practicum in Child Development), %q(3Y), %q(1), %q(1)]).includes ["WIN"]
make([%q(The Human Organism), %q(4A), %q(5), %q(5)]).includes ["SPR"]
make([%q(Environmental and Health Policy Analysis), %q(4B), %q(5), %q(5)]).includes ["SPR"]
make([%q(Science Education in Human Biology), %q(5E), %q(1), %q(1)]).includes ["SPR"]
make([%q(Human Origins (ANTHRO 6, ANTHRO 206, BIO 106)), %q(6), %q(5), %q(5)]).includes ["NOT GIVEN THIS YEAR"]
make([%q(Preparing for Your Community Based Internship (EARTHSYS 9, URBANST 101)), %q(9), %q(1), %q(1)]).includes ["SPR"]
make([%q(What's love got to do with it? - Exploring Sexuality, Gender, and Relationships in Romantic Movies), %q(10SI), %q(1), %q(1)]).includes ["WIN"]
make([%q(The Stanford Safari: Field Observations in Our Own Backyard), %q(16SC), %q(2), %q(2)]).includes ["NOT GIVEN THIS YEAR"]
make([%q(Darwin, Evolution, and Galapagos (ANTHRO 10SC)), %q(17SC), %q(2), %q(2)]).includes ["NOT GIVEN THIS YEAR"]
make([%q(Conservation and Development Dilemmas in the Amazon (ANTHRO 11SC)), %q(18SC), %q(2), %q(2)]).includes ["NOT GIVEN THIS YEAR"]
make([%q(Parks and Peoples: Dilemmas of Protected Area Conservation in East Africa (ANTHRO 12SC)), %q(19SC), %q(2), %q(2)]).includes ["SUM"]
make([%q(Introduction to Brain and Behavior (BIO 20)), %q(21), %q(3), %q(3)]).includes ["NOT GIVEN THIS YEAR"]
make([%q(Health and Wellness for Generation Y: A Post-college Survival Seminar), %q(21SI), %q(1), %q(1)]).includes ["SPR"]
make([%q(Diverse Perspectives on Disabilities), %q(25SI), %q(1), %q(2)]).includes ["SPR"]
make([%q(Traditional Chinese Medicine), %q(27), %q(1), %q(1)]).includes ["SPR"]
make([%q(Sexuality and Society), %q(79Q), %q(3), %q(3)]).includes ["SPR"]
make([%q(Introduction to Child Nutrition), %q(81Q), %q(3), %q(3)]).includes ["NOT GIVEN THIS YEAR"]
make([%q(Qualitative Research Methodology), %q(82A), %q(3), %q(3)]).includes ["WIN", "SPR"]
make([%q(Advanced Data Analysis in Qualitative Research), %q(82B), %q(3), %q(3)]).includes ["AUT"]
make([%q(Essential Statistics for Human Biology (BIO 108)), %q(85A), %q(4), %q(4)]).includes ["SPR"]
make([%q(Love as a Force for Social Justice), %q(86Q), %q(3), %q(3)]).includes ["WIN"]
make([%q(Women and Aging (MED 87Q)), %q(87Q), %q(5), %q(5)]).includes ["NOT GIVEN THIS YEAR"]
make([%q(Introduction to Statistics for the Health Sciences), %q(88), %q(3), %q(3)]).includes ["WIN"]
make([%q(Neuroethology: The Neural Control of Behavior), %q(91Q), %q(3), %q(3)]).includes ["WIN"]
make([%q(Law, Lawyers and Justice in Cinema), %q(94Q), %q(4), %q(4)]).includes ["AUT"]
make([%q(Injustice, Advocacy and Courage: The Path of Everyday Heroes), %q(96Q), %q(3), %q(3)]).includes ["WIN"]
make([%q(Sport, Exercise, and Health:  Exploring Sports Medicine (ORTHO 97Q)), %q(97Q), %q(3), %q(3)]).includes ["AUT", "WIN", "SPR"]
make([%q(Becoming a Doctor: Readings from Medical School, Medical Training, Medical Practice), %q(99Q), %q(3), %q(3)]).includes ["AUT"]
make([%q(Building a Sustainable Society: New Approaches for Integrating Human and Environmental Priorities (EARTHSYS 121)), %q(110), %q(3), %q(3)]).includes ["WIN"]
make([%q(Human Dimensions of Global Environmental Change: Resilence, Vulnerability, and Environmental Justice (ANTHRO 173)), %q(111), %q(3), %q(3)]).includes ["NOT GIVEN THIS YEAR"]
make([%q(Marine Resource Economics and Conservation (EARTHSYS 156M, ECON 156)), %q(111M), %q(5), %q(5)]).includes ["NOT GIVEN THIS YEAR"]
make([%q(Conservation Biology: A Latin American Perspective (BIO 144, BIO 234)), %q(112), %q(3), %q(3)]).includes ["SPR"]
make([%q(The Biologies of Humans and Plants), %q(113), %q(3), %q(3)]).includes ["SPR"]
make([%q(Healthy/Sustainable Food Systems: Max. sustainability across health, economics and environment.), %q(113S), %q(4), %q(4)]).includes ["SPR"]
make([%q(Environmental Change and Emerging Infectious Diseases (ANTHRO 177, ANTHRO 277)), %q(114), %q(3), %q(5)]).includes ["AUT"]
make([%q(Controlling Climate Change in the 21st Century (BIO 147, BIO 247, EARTHSYS 247)), %q(116), %q(3), %q(3)]).includes ["NOT GIVEN THIS YEAR"]
make([%q(Human Behavioral Ecology (ANTHRO 161, ANTHRO 261)), %q(117H), %q(3), %q(5)]).includes ["NOT GIVEN THIS YEAR"]
make([%q(Theory of Ecological and Environmental Anthropology (ANTHRO 90C)), %q(118), %q(5), %q(5)]).includes ["WIN"]
make([%q(Demography: Health, Development, Environment (BIO 102)), %q(119), %q(3), %q(3)]).includes ["NOT GIVEN THIS YEAR"]
make([%q(Health Care in America: An Introduction to U.S. Health Policy), %q(120), %q(4), %q(4)]).includes ["AUT"]
make([%q(American Health Policy), %q(120A), %q(3), %q(3)]).includes ["ALTERNATE YEARS", "GIVEN NEXT YEAR"]
make([%q(Critical Issues in Child Health), %q(121), %q(4), %q(4)]).includes ["AUT", "SPR"]
make([%q(Ethnicity and Medicine (FAMMED 244)), %q(121E), %q(1), %q(3)]).includes ["SPR"]
make([%q(Beyond Health Care: Seeking Health in Society (PEDS 222)), %q(122), %q(3), %q(3)]).includes ["WIN"]
make([%q(Challenges of Human Migration: Health and Health Care of Migrants and Autochthonous Populations (PEDS 212)), %q(122M), %q(3), %q(3)]).includes ["SPR"]
make([%q(Social Class, Race, Ethnicity, and Health), %q(122S), %q(4), %q(4)]).includes ["WIN"]
make([%q(Obesity in America: Clinical and Public Health Implications), %q(123), %q(3), %q(4)]).includes ["WIN"]
make([%q(Current Controversies in Women's Health (FEMGEN 125, FEMGEN 256, OBGYN 256)), %q(125), %q(3), %q(3)]).includes ["SPR"]
make([%q(Promoting Health Over the Life Course: Multidisciplinary Perspectives), %q(126), %q(3), %q(3)]).includes ["AUT"]
make([%q(Community Health: Assessment and Planning I), %q(127A), %q(4), %q(4)]).includes ["ALTERNATE YEARS", "GIVEN NEXT YEAR"]
make([%q(Community Health: Assessment and Planning II), %q(127B), %q(4), %q(4)]).includes ["ALTERNATE YEARS", "GIVEN NEXT YEAR"]
make([%q(Community Health Psychology (PSYCH 101)), %q(128), %q(4), %q(4)]).includes ["WIN"]
make([%q(Critical Issues in International Women's Health (FEMGEN 129)), %q(129), %q(4), %q(4)]).includes ["AUT", "WIN"]
make([%q(Measuring Global Health (HRP 241, MED 231)), %q(129M), %q(4), %q(4)]).includes ["NOT GIVEN THIS YEAR"]
make([%q(Global Public Health), %q(129S), %q(4), %q(4)]).includes ["WIN"]
make([%q(Health Care Systems Around the World), %q(129W), %q(4), %q(4)]).includes ["WIN"]
make([%q(Human Nutrition), %q(130), %q(4), %q(4)]).includes ["WIN"]
make([%q(Human Physiology (BIO 112, BIO 212)), %q(133), %q(4), %q(4)]).includes ["WIN"]
make([%q(Exercise Physiology), %q(135), %q(4), %q(4)]).includes ["AUT"]
make([%q(Applied Topics in Exercise Physiology and Metabolism), %q(135S), %q(3), %q(3)]).includes ["SPR"]
make([%q(Sex and Gender Differences in Human Physiology and Disease (FEMGEN 241, MED 240)), %q(140), %q(2), %q(3)]).includes ["WIN"]
make([%q(Adolescent Development), %q(142), %q(4), %q(4)]).includes ["NOT GIVEN THIS YEAR"]
make([%q(Special Topics in Adolescent Mental Health), %q(142M), %q(4), %q(4)]).includes ["AUT"]
make([%q(Adolescent Sexuality), %q(143), %q(4), %q(4)]).includes ["WIN"]
make([%q(Boys' Psychosocial Development), %q(144), %q(3), %q(3)]).includes ["SPR"]
make([%q(The Biology and Evolution of Language (ANTHRO 171, ANTHRO 271)), %q(145L), %q(4), %q(5)]).includes ["WIN"]
make([%q(Developmental Disabilities: From Biology to Policy (PEDS 246)), %q(146D), %q(3), %q(3)]).includes ["WIN"]
make([%q(Women, Fertility, and Work (ANTHRO 151, ANTHRO 251)), %q(148W), %q(5), %q(5)]).includes ["NOT GIVEN THIS YEAR"]
make([%q(Psychological and Educational Resilience Among Children and Youth (EDUC 256)), %q(149), %q(4), %q(4)]).includes ["SPR"]
make([%q(Longevity (NENS 202, PSYCH 102)), %q(149L), %q(4), %q(4)]).includes ["WIN"]
make([%q(Assisted Reproductive Technologies (DBIO 202, OBGYN 202)), %q(150A), %q(1), %q(3)]).includes ["NOT GIVEN THIS YEAR"]
make([%q(PRINCIPLES OF EPIDEMIOLOGY), %q(151P), %q(3), %q(3)]).includes ["SPR"]
make([%q(Biology Research in the Age of Informatics), %q(151R), %q(3), %q(3)]).includes ["GIVEN NEXT YEAR"]
make([%q(Viral Lifestyles), %q(152), %q(3), %q(3)]).includes ["NOT GIVEN THIS YEAR"]
make([%q(Parasites and Pestilence: Infectious Public Health Challenges), %q(153), %q(4), %q(4)]).includes ["WIN"]
make([%q(Cancer Epidemiology), %q(154), %q(4), %q(4)]).includes ["SPR"]
make([%q(Outbreaks, Epidemics, & Disease Control Systems), %q(154A), %q(4), %q(4)]).includes ["AUT"]
make([%q(The Vaccine Revolution (MI 115B)), %q(155B), %q(6), %q(6)]).includes ["NOT GIVEN THIS YEAR"]
make([%q(Humans and Viruses I (MI 155H)), %q(155H), %q(6), %q(6)]).includes ["NOT GIVEN THIS YEAR"]
make([%q(Global HIV/AIDS (MED 256)), %q(156), %q(3), %q(3)]).includes ["SPR"]
make([%q(The Biology of Stem Cells), %q(157), %q(3), %q(3)]).includes ["NOT GIVEN THIS YEAR"]
make([%q(The Human Genome and Disease (BIO 109A, BIO 209A, BIOC 109A, BIOC 209A)), %q(158), %q(3), %q(3)]).includes ["WIN"]
make([%q(Genomics, Bioinformatics and Medicine (BIOC 158, BIOC 258, BIOMEDIN 258)), %q(158G), %q(3), %q(3)]).includes ["AUT", "WIN", "SPR"]
make([%q(Genes and Environment in Disease Causation: Implications for Medicine and Public Health (HRP 238)), %q(159), %q(2), %q(3)]).includes ["WIN"]
make([%q(Human Behavioral Biology (BIO 150, BIO 250)), %q(160), %q(5), %q(5)]).includes ["SPR"]
make([%q(The Neurobiology of Sleep (BIO 149, BIO 249)), %q(161), %q(4), %q(4)]).includes ["NOT GIVEN THIS YEAR"]
make([%q(The Nervous Age: Neurosis, Neurology, and Nineteenth-century Theatre (GERMAN 284, TAPS 354)), %q(162), %q(5), %q(5)]).includes ["SPR"]
make([%q(Neural Systems and Behavior (BIO 163, BIO 263)), %q(163), %q(4), %q(4)]).includes ["GIVEN NEXT YEAR"]
make([%q(Autism Spectrum Disorders), %q(164), %q(3), %q(3)]).includes ["AUT"]
make([%q(Food and Society: Exploring Eating Behaviors in Social, Environmental, and Policy Context), %q(166), %q(4), %q(4)]).includes ["NOT GIVEN THIS YEAR"]
make([%q(The Art of Vision), %q(167), %q(3), %q(3)]).includes ["WIN"]
make([%q(Justice, Policy, and Science), %q(170), %q(5), %q(5)]).includes ["NOT GIVEN THIS YEAR"]
make([%q(Sex and the Law), %q(170A), %q(4), %q(4)]).includes ["AUT"]
make([%q(Children, Youth, and the Law), %q(172B), %q(5), %q(5)]).includes ["SPR"]
make([%q(Science, Innovation and the Law), %q(173), %q(3), %q(3)]).includes ["NOT GIVEN THIS YEAR"]
make([%q(Foundations of Bioethics), %q(174), %q(3), %q(3)]).includes ["SPR"]
make([%q(Health Care as Seen Through Medical History, Literature, and the Arts), %q(175), %q(3), %q(3)]).includes ["AUT"]
make([%q(Literature of Global Health (COMPLIT 229, FRENCH 229, MED 234)), %q(175L), %q(3), %q(5)]).includes ["SPR"]
make([%q(Novels and Theater of Illness), %q(175S), %q(3), %q(3)]).includes ["SPR"]
make([%q(Impact of Infectious Diseases on Human History (MED 176)), %q(176), %q(3), %q(3)]).includes ["AUT"]
make([%q(Medical Anthropology (ANTHRO 82, ANTHRO 282)), %q(176A), %q(3), %q(5)]).includes ["SPR"]
make([%q(Culture, Narrative, and Medicine (ANTHRO 178A)), %q(177C), %q(5), %q(5)]).includes ["AUT"]
make([%q(Ethics and Politics of Public Service (CSRE 178, ETHICSOC 133, PHIL 175A, PHIL 275A, POLISCI 133, PUBLPOL 103D, URBANST 122)), %q(178), %q(5), %q(5)]).includes ["SPR"]
make([%q(Human Trafficking: Historical, Legal, and Medical Perspectives (FEMGEN 5C, HISTORY 5C, SOMGEN 205)), %q(178T), %q(3), %q(3)]).includes ["SPR"]
make([%q(Violence Against Women: Theory, Issues, and Prevention (FEMGEN 138, FEMGEN 238)), %q(178V), %q(3), %q(4)]).includes ["AUT"]
make([%q(Spirituality and Healing (ANTHRO 184)), %q(179S), %q(3), %q(5)]).includes ["NOT GIVEN THIS YEAR"]
make([%q(Human Skeletal Anatomy (ANTHRO 175, ANTHRO 275, BIO 174, BIO 274)), %q(180), %q(5), %q(5)]).includes ["WIN"]
make([%q(Biological Clocks), %q(186), %q(3), %q(3)]).includes ["NOT GIVEN THIS YEAR"]
make([%q(Research in Human Biology), %q(193), %q(1), %q(5)]).includes ["AUT", "WIN", "SPR"]
make([%q(Honors), %q(194), %q(1), %q(10)]).includes ["AUT", "WIN", "SPR"]
make([%q(Human Biology Internship), %q(197), %q(1), %q(4)]).includes ["AUT", "WIN", "SPR"]
make([%q(Senior Tutorial in Human Biology), %q(198), %q(1), %q(5)]).includes ["AUT", "WIN", "SPR"]
make([%q(Directed Reading/Special Projects), %q(199), %q(1), %q(4)]).includes ["AUT", "WIN", "SPR"]
make([%q(Teaching of Human Biology), %q(200), %q(1), %q(5)]).includes ["AUT", "WIN", "SPR"]
