make([%q(Introduction to Aeronautics and Astronautics), %q(100), %q(3), %q(3)]).includes ["AUT"]
make([%q(The Global Positioning System: Where on Earth are We, and What Time is It?), %q(115N), %q(3), %q(3)]).includes ["NOT GIVEN THIS YEAR"]
make([%q(Electric Automobiles and Aircraft), %q(116Q), %q(3), %q(3)]).includes ["AUT"]
make([%q(Directed Research and Writing in Aero/Astro), %q(190), %q(3), %q(5)]).includes ["AUT", "WIN", "SPR", "SUM"]
make([%q(Independent Study in Aero/Astro), %q(199), %q(1), %q(5)]).includes ["AUT", "WIN", "SPR", "SUM"]
make([%q(Applied Aerodynamics), %q(200), %q(3), %q(3)]).includes ["SPR"]
make([%q(Fundamentals of Acoustics), %q(201A), %q(3), %q(3)]).includes ["SPR"]
make([%q(Topics in Aeroacoustics), %q(201B), %q(3), %q(3)]).includes ["NOT GIVEN THIS YEAR"]
make([%q(Hypersonic Flow), %q(202), %q(3), %q(3)]).includes ["NOT GIVEN THIS YEAR"]
make([%q(Introduction to Optimal Control Theory), %q(203), %q(3), %q(3)]).includes ["SPR"]
make([%q(Bio-Aerodynamics), %q(206), %q(3), %q(3)]).includes ["NOT GIVEN THIS YEAR"]
make([%q(Aerodynamics of Aircraft Dynamic Response and Stability), %q(208), %q(3), %q(3)]).includes ["NOT GIVEN THIS YEAR"]
make([%q(Fundamentals of Compressible Flow), %q(210A), %q(3), %q(3)]).includes ["AUT"]
make([%q(Fundamentals of Compressible Flow), %q(210B), %q(3), %q(3)]).includes ["NOT GIVEN THIS YEAR"]
make([%q(Analysis and Design of Multivariable Feedback Systems), %q(212), %q(3), %q(3)]).includes ["WIN"]
make([%q(Introduction to Numerical Methods for Engineering (CME 206, ME 300C)), %q(214A), %q(3), %q(3)]).includes ["AUT", "SPR"]
make([%q(Numerical Methods for Compressible Flows), %q(214B), %q(3), %q(3)]).includes ["WIN"]
make([%q(Numerical Computation of Viscous Flow), %q(214C), %q(3), %q(3)]).includes ["SPR"]
make([%q(Advanced Computational Fluid Dynamics (CME 215A)), %q(215A), %q(3), %q(3)]).includes ["WIN"]
make([%q(Advanced Computational Fluid Dynamics (CME 215B)), %q(215B), %q(3), %q(3)]).includes ["NOT GIVEN THIS YEAR"]
make([%q(Introduction to Symmetry Analysis), %q(218), %q(3), %q(3)]).includes ["SPR"]
make([%q(Introduction to Multidisciplinary Design Optimization), %q(222), %q(3), %q(4)]).includes ["SPR"]
make([%q(Spacecraft Design), %q(236A), %q(3), %q(5)]).includes ["AUT"]
make([%q(Spacecraft Design Laboratory), %q(236B), %q(3), %q(5)]).includes ["WIN"]
make([%q(Spacecraft Design Laboratory), %q(236C), %q(3), %q(5)]).includes ["SPR"]
make([%q(Analysis of Structures), %q(240A), %q(3), %q(3)]).includes ["AUT"]
make([%q(Analysis of Structures), %q(240B), %q(3), %q(3)]).includes ["WIN"]
make([%q(Introduction to Aircraft Design, Synthesis, and Analysis), %q(241A), %q(3), %q(3)]).includes ["AUT"]
make([%q(Introduction to Aircraft Design, Synthesis, and Analysis), %q(241B), %q(3), %q(3)]).includes ["WIN"]
make([%q(Design, Construction, and Testing of Autonomous Aircraft), %q(241X), %q(3), %q(3)]).includes ["SPR"]
make([%q(Classical Dynamics), %q(242A), %q(3), %q(3)]).includes ["AUT"]
make([%q(Mechanical Vibrations), %q(242B), %q(3), %q(3)]).includes ["SPR"]
make([%q(Introduction to Plasma Physics and Engineering), %q(244A), %q(3), %q(3)]).includes ["WIN"]
make([%q(Advanced Plasma Physics and Engineering), %q(244B), %q(3), %q(3)]).includes ["NOT GIVEN THIS YEAR"]
make([%q(Introduction to the Space Environment), %q(251), %q(3), %q(3)]).includes ["NOT GIVEN THIS YEAR"]
make([%q(Techniques of Failure Analysis), %q(252), %q(3), %q(3)]).includes ["SPR"]
make([%q(Mechanics of Composites), %q(256), %q(3), %q(3)]).includes ["NOT GIVEN THIS YEAR"]
make([%q(Sustainable Aviation), %q(260), %q(3), %q(3)]).includes ["NOT GIVEN THIS YEAR"]
make([%q(Dynamics and Control of Spacecraft and Aircraft), %q(271A), %q(3), %q(3)]).includes ["SPR"]
make([%q(Global Positioning Systems), %q(272C), %q(3), %q(3)]).includes ["WIN"]
make([%q(Space Mechanics), %q(279A), %q(3), %q(3)]).includes ["SPR"]
make([%q(Advanced Space Mechanics), %q(279B), %q(3), %q(3)]).includes ["WIN"]
make([%q(Smart Structures), %q(280), %q(3), %q(3)]).includes ["SPR"]
make([%q(Aircraft and Rocket Propulsion), %q(283), %q(3), %q(3)]).includes ["WIN"]
make([%q(Advanced Rocket Propulsion), %q(284A), %q(3), %q(3)]).includes ["AUT"]
make([%q(Propulsion System Design Laboratory), %q(284B), %q(3), %q(3)]).includes ["WIN"]
make([%q(Propulsion System Design Laboratory), %q(284C), %q(3), %q(3)]).includes ["SPR"]
make([%q(Practical Training), %q(291), %q(1), %q(3)]).includes ["AUT", "WIN", "SPR", "SUM"]
make([%q(Case Studies in Aircraft Design), %q(294), %q(1), %q(1)]).includes ["SPR"]
make([%q(Aerospace Structures and Materials), %q(295), %q(1), %q(1)]).includes ["NOT GIVEN THIS YEAR"]
make([%q(Seminar in Guidance, Navigation, and Control), %q(297), %q(1), %q(1)]).includes ["NOT GIVEN THIS YEAR"]
make([%q(Engineer Thesis), %q(300), %q(1), %q(15)]).includes ["AUT", "WIN", "SPR", "SUM"]
make([%q(Ph.D. Dissertation), %q(301), %q(1), %q(15)]).includes ["AUT", "WIN", "SPR", "SUM"]
make([%q(TGR Engineer Thesis), %q(801), %q(0), %q(0)]).includes ["AUT", "WIN", "SPR", "SUM"]
make([%q(TGR Ph.D. Dissertation), %q(802), %q(0), %q(0)]).includes ["AUT", "WIN", "SPR", "SUM"]
