make([%q(RESISTANCE WRITINGS IN NAZI GERMANY), %q(10SC), %q(2), %q(2)]).includes ["SUM"]
make([%q(INVENTING MODERN THEATRE: GEORG BüCHNER AND FRANK WEDEKIND (TAPS 41N)), %q(41N), %q(3), %q(3)]).includes ["NOT GIVEN THIS YEAR"]
make([%q(MODERN CONSERVATIVES), %q(80N), %q(4), %q(4)]).includes ["AUT"]
make([%q(GATEWAYS TO THE WORLD: GERMANY IN 5 WORDS), %q(88Q), %q(3), %q(3)]).includes ["SPR"]
make([%q(RESISTANCE WRITINGS IN NAZI GERMANY), %q(104), %q(3), %q(3)]).includes ["SPR"]
make([%q(WRITING ABOUT GERMANY: NEW TOPICS, NEW GENRES), %q(116), %q(3), %q(4)]).includes ["AUT", "WIN", "SPR"]
make([%q(THE BROTHERS GRIMM AND THEIR FAIRY TALES), %q(120N), %q(4), %q(4)]).includes ["AUT"]
make([%q(CONTEMPORARY POLITICS IN GERMANY), %q(120Q), %q(3), %q(4)]).includes ["SPR"]
make([%q(GERMANY IN CRISIS), %q(122), %q(3), %q(5)]).includes ["WIN"]
make([%q(GERMAN CULTURE AND FILM), %q(123), %q(3), %q(5)]).includes ["NOT GIVEN THIS YEAR"]
make([%q(INTRODUCTION TO GERMAN POETRY), %q(124), %q(3), %q(5)]).includes ["NOT GIVEN THIS YEAR"]
make([%q(MEDICINE, MODERNISM, AND MYSTICISM IN THOMAS MANN'S THE MAGIC MOUNTAIN), %q(128N), %q(3), %q(3)]).includes ["NOT GIVEN THIS YEAR"]
make([%q(WHAT IS GERMAN LITERATURE?), %q(131), %q(3), %q(5)]).includes ["AUT"]
make([%q(DYNASTIES, DICTATORS AND DEMOCRATS: HISTORY AND POLITICS IN GERMANY (COMPLIT 132A)), %q(132), %q(3), %q(5)]).includes ["WIN"]
make([%q(MARX, NIETZSCHE, FREUD), %q(133), %q(3), %q(5)]).includes ["SPR"]
make([%q(POETIC THINKING ACROSS MEDIA (COMPLIT 154B, JEWISHST 144B)), %q(154), %q(4), %q(4)]).includes ["AUT"]
make([%q(PHILOSOPHY AND LITERATURE (CLASSGEN 81, COMPLIT 181, ENGLISH 81, FRENCH 181, ITALIAN 181, PHIL 81, SLAVIC 181)), %q(181), %q(5), %q(5)]).includes ["WIN"]
make([%q(WAR AND WARFARE IN GERMANY), %q(182), %q(3), %q(3)]).includes ["NOT GIVEN THIS YEAR"]
make([%q(TECHNOLOGY, INNOVATION, AND THE HISTORY OF THE BOOK), %q(184), %q(3), %q(5)]).includes ["NOT GIVEN THIS YEAR"]
make([%q(GERMAN CAPSTONE: READING FRANZ KAFKA (COMPLIT 111, COMPLIT 311C, GERMAN 390, JEWISHST 147, JEWISHST 349)), %q(190), %q(3), %q(5)]).includes ["NOT GIVEN THIS YEAR"]
make([%q(GERMAN CAPSTONE PROJECT), %q(191), %q(1), %q(1)]).includes ["WIN"]
make([%q(INDIVIDUAL WORK), %q(199), %q(1), %q(12)]).includes ["AUT", "WIN", "SPR", "SUM"]
make([%q(CENTRAL EUROPEAN LITERATURE), %q(218), %q(4), %q(4)]).includes ["SPR"]
make([%q(MEDIEVAL AND EARLY MODERN GERMAN LITERATURE (GERMAN 320)), %q(220), %q(5), %q(8)]).includes ["AUT"]
make([%q(FROM ENLIGHTENMENT TO REALISM: GERMAN LITERATURE 1750-1900 (COMPLIT 321A, GERMAN 321)), %q(221), %q(5), %q(8)]).includes ["WIN"]
make([%q(WRESTLING WITH MODERNITY: GERMAN LITERATURE AND THOUGHT FROM 1900 TO THE PRESENT (COMPLIT 222A, GERMAN 322)), %q(222), %q(5), %q(8)]).includes ["SPR"]
make([%q(CULTURES OF FORGETTING: ON THE ETHICS AND AESTHETICS OF DEMENTIA), %q(233), %q(3), %q(3)]).includes ["AUT"]
make([%q(GERMAN IDEALIST AND ROMANTIC AESTHETICS), %q(245), %q(3), %q(5)]).includes ["NOT GIVEN THIS YEAR"]
make([%q(HEGEL'S PHENOMENOLOGY OF SPIRIT), %q(246), %q(4), %q(4)]).includes ["AUT"]
make([%q(HUMANITIES EDUCATION IN THE CHANGING UNIVERSITY (COMPLIT 275, DLCL 320)), %q(250), %q(3), %q(3)]).includes ["NOT GIVEN THIS YEAR"]
make([%q(THE TOTAL WORK OF ART (TAPS 262S)), %q(262), %q(5), %q(5)]).includes ["AUT"]
make([%q(EXPLOSIONS OF ENLIGHTENMENT (COMPLIT 262A)), %q(262A), %q(3), %q(5)]).includes ["WIN"]
make([%q(POST-COLD WAR GERMAN FOREIGN POLICY), %q(264), %q(3), %q(5)]).includes ["SPR"]
make([%q(WALTER BENJAMIN (COMPLIT 264)), %q(264A), %q(3), %q(5)]).includes ["WIN"]
make([%q(FUTURITY: WHY THE PAST MATTERS (COMPLIT 271A)), %q(271), %q(3), %q(5)]).includes ["WIN"]
make([%q(MARTIN HEIDEGGER (COMPLIT 213A, COMPLIT 313A, GERMAN 382)), %q(282), %q(3), %q(5)]).includes ["NOT GIVEN THIS YEAR"]
make([%q(THE NERVOUS AGE: NEUROSIS, NEUROLOGY, AND NINETEENTH-CENTURY THEATRE (HUMBIO 162, TAPS 354)), %q(284), %q(5), %q(5)]).includes ["SPR"]
make([%q(ENVIRONMENTALISM, LITERATURE AND CULTURAL CRITICISM), %q(285), %q(3), %q(5)]).includes ["WIN"]
make([%q(WRITING WORKSHOP), %q(298), %q(1), %q(12)]).includes ["AUT", "WIN", "SPR", "SUM"]
make([%q(MUSIC AND CRITICAL THEORY (MUSIC 310A)), %q(310A), %q(3), %q(5)]).includes ["SPR"]
make([%q(MEDIEVAL AND EARLY MODERN GERMAN LITERATURE (GERMAN 220)), %q(320), %q(5), %q(8)]).includes ["AUT"]
make([%q(FROM ENLIGHTENMENT TO REALISM: GERMAN LITERATURE 1750-1900 (COMPLIT 321A, GERMAN 221)), %q(321), %q(5), %q(8)]).includes ["WIN"]
make([%q(WRESTLING WITH MODERNITY: GERMAN LITERATURE AND THOUGHT FROM 1900 TO THE PRESENT (COMPLIT 222A, GERMAN 222)), %q(322), %q(5), %q(8)]).includes ["SPR"]
make([%q(INTRODUCTION TO GRADUATE STUDIES: CRITICISM AS PROFESSION (COMPLIT 369, DLCL 369, FRENCH 369, ITALIAN 369)), %q(369), %q(5), %q(5)]).includes ["AUT"]
make([%q(MARTIN HEIDEGGER (COMPLIT 213A, COMPLIT 313A, GERMAN 282)), %q(382), %q(3), %q(5)]).includes ["NOT GIVEN THIS YEAR"]
make([%q(GERMAN CAPSTONE: READING FRANZ KAFKA (COMPLIT 111, COMPLIT 311C, GERMAN 190, JEWISHST 147, JEWISHST 349)), %q(390), %q(3), %q(5)]).includes ["NOT GIVEN THIS YEAR"]
make([%q(GRADUATE STUDIES COLLOQUIUM), %q(397), %q(1), %q(1)]).includes ["AUT", "WIN", "SPR"]
make([%q(DISSERTATION PROSPECTUS COLLOQUIUM), %q(398), %q(1), %q(12)]).includes ["AUT", "WIN", "SPR", "SUM"]
make([%q(INDIVIDUAL WORK), %q(399), %q(1), %q(12)]).includes ["AUT", "WIN", "SPR", "SUM"]
make([%q(TGR DISSERTATION), %q(802), %q(0), %q(0)]).includes ["AUT", "WIN", "SPR", "SUM"]
