make([%q(EVOLUTION AND EXTINCTION: INTRODUCTION TO HISTORICAL GEOLOGY (GES 4)), %q(4), %q(4), %q(4)]).includes ["WIN"]
make([%q(THE OCEANS: AN INTRODUCTION TO THE MARINE ENVIRONMENT (EESS 8)), %q(8), %q(3), %q(3)]).includes ["NOT GIVEN THIS YEAR"]
make([%q(PREPARING FOR YOUR COMMUNITY BASED INTERNSHIP (HUMBIO 9, URBANST 101)), %q(9), %q(1), %q(1)]).includes ["SPR"]
make([%q(INTRODUCTION TO EARTH SYSTEMS), %q(10), %q(4), %q(4)]).includes ["AUT"]
make([%q(GROW IT, COOK IT, EAT IT: PERSONAL EMPOWERMENT IN INTERDISCIPLINARY FOOD SYSTEMS), %q(11SI), %q(2), %q(2)]).includes ["AUT"]
make([%q(ENVIRONMENTAL AND GEOLOGICAL FIELD STUDIES IN THE ROCKY MOUNTAINS (EESS 12SC, GES 12SC)), %q(12SC), %q(2), %q(2)]).includes ["SUM"]
make([%q(PEOPLE, LAND, AND WATER IN THE HEART OF THE WEST (CEE 11SC, HISTORY 23SC)), %q(13SC), %q(2), %q(2)]).includes ["NOT GIVEN THIS YEAR"]
make([%q(HUMAN AND ENVIRONMENTAL RIGHTS FROM FARM TO FORK (EESS 11SI)), %q(14SI), %q(1), %q(1)]).includes ["NOT GIVEN THIS YEAR"]
make([%q(CONSERVATION AND SOCIAL JUSTICE: OCEAN VIEWS FROM SOCIAL LANDSCAPES), %q(16), %q(1), %q(1)]).includes ["NOT GIVEN THIS YEAR"]
make([%q(PROMOTING SUSTAINABILITY BEHAVIOR CHANGE AT STANFORD), %q(18), %q(2), %q(2)]).includes ["AUT"]
make([%q(HUMAN POWER, THE ENVIRONMENT, AND ALTERNATIVE TRANSPORTATION), %q(23), %q(1), %q(1)]).includes ["WIN"]
make([%q(ECOLOGY FOR EVERYONE (BIO 30)), %q(30), %q(4), %q(4)]).includes ["SPR"]
make([%q(CLIMATE CHANGE: SCIENCE & SOCIETY), %q(37N), %q(3), %q(3)]).includes ["NOT GIVEN THIS YEAR"]
make([%q(THE WORST JOURNEY IN THE WORLD: THE SCIENCE, LITERATURE, AND HISTORY OF POLAR EXPLORATION (EESS 38N, GES 38N)), %q(38N), %q(3), %q(3)]).includes ["WIN"]
make([%q(THE CARBON CYCLE: REDUCING YOUR IMPACT), %q(39N), %q(3), %q(3)]).includes ["NOT GIVEN THIS YEAR"]
make([%q(THE GLOBAL WARMING PARADOX (EESS 41N)), %q(41N), %q(3), %q(3)]).includes ["AUT"]
make([%q(THE GLOBAL WARMING PARADOX II (EESS 42)), %q(42), %q(1), %q(1)]).includes ["NOT GIVEN THIS YEAR"]
make([%q(EXPLORING THE CRITICAL INTERFACE BETWEEN THE LAND AND MONTEREY BAY: ELKHORN SLOUGH (EESS 46N)), %q(46N), %q(3), %q(3)]).includes ["NOT GIVEN THIS YEAR"]
make([%q(MULTI-DISCIPLINARY PERSPECTIVES ON A LARGE URBAN ESTUARY: SAN FRANCISCO BAY (CEE 50N, EESS 49N)), %q(49N), %q(3), %q(3)]).includes ["SPR"]
make([%q(CHANGES IN THE COASTAL OCEAN: THE VIEW FROM MONTEREY AND SAN FRANCISCO BAYS (EESS 56Q)), %q(56Q), %q(3), %q(3)]).includes ["NOT GIVEN NEXT YEAR"]
make([%q(CLIMATE CHANGE FROM THE PAST TO THE FUTURE (EESS 57Q)), %q(57Q), %q(3), %q(3)]).includes ["WIN"]
make([%q(FOOD AND SECURITY (EESS 61Q, INTNLREL 61Q)), %q(61Q), %q(3), %q(3)]).includes ["AUT"]
make([%q(ENVIRONMENTAL AND GEOLOGICAL FIELD STUDIES IN THE ROCKY MOUNTAINS (EESS 101, GES 101)), %q(100), %q(3), %q(3)]).includes ["AUT"]
make([%q(ENERGY AND THE ENVIRONMENT (ENERGY 101)), %q(101), %q(3), %q(3)]).includes ["WIN"]
make([%q(RENEWABLE ENERGY SOURCES AND GREENER ENERGY PROCESSES (ENERGY 102)), %q(102), %q(3), %q(3)]).includes ["SPR"]
make([%q(ENERGY RESOURCES (CEE 173A, CEE 207A)), %q(103), %q(3), %q(5)]).includes ["AUT"]
make([%q(THE WATER COURSE (GEOPHYS 104)), %q(104), %q(4), %q(4)]).includes ["SPR"]
make([%q(FOOD AND COMMUNITY: NEW VISIONS FOR A SUSTAINABLE FUTURE (EESS 105)), %q(105), %q(3), %q(3)]).includes ["AUT"]
make([%q(ECOLOGY AND NATURAL HISTORY OF JASPER RIDGE BIOLOGICAL PRESERVE (BIO 105A)), %q(105A), %q(4), %q(4)]).includes ["WIN"]
make([%q(ECOLOGY AND NATURAL HISTORY OF JASPER RIDGE BIOLOGICAL PRESERVE (BIO 105B)), %q(105B), %q(4), %q(4)]).includes ["SPR"]
make([%q(WORLD FOOD ECONOMY (ECON 106, EESS 106)), %q(106), %q(5), %q(5)]).includes ["WIN"]
make([%q(COASTAL WETLANDS (EARTHSYS 208)), %q(108), %q(3), %q(3)]).includes ["NOT GIVEN THIS YEAR"]
make([%q(CREATING A GREEN STUDENT WORKFORCE TO HELP IMPLEMENT STANFORD'S SUSTAINABILITY VISION (CEE 109, ENVRINST 109)), %q(109), %q(2), %q(2)]).includes ["NOT GIVEN THIS YEAR"]
make([%q(BIOLOGY AND GLOBAL CHANGE (BIO 117, EESS 111)), %q(111), %q(4), %q(4)]).includes ["WIN"]
make([%q(HUMAN SOCIETY AND ENVIRONMENTAL CHANGE (EESS 112, HISTORY 103D)), %q(112), %q(4), %q(4)]).includes ["AUT"]
make([%q(EARTHQUAKES AND VOLCANOES (GEOPHYS 113)), %q(113), %q(3), %q(3)]).includes ["SPR"]
make([%q(WETLANDS ECOLOGY OF THE PANTANAL PREFIELD SEMINAR), %q(115), %q(2), %q(3)]).includes ["WIN"]
make([%q(ECOLOGY OF THE HAWAIIAN ISLANDS (BIO 116)), %q(116), %q(4), %q(4)]).includes ["ALTERNATE YEARS", "GIVEN NEXT YEAR"]
make([%q(EARTH SCIENCES OF THE HAWAIIAN ISLANDS (EARTHSCI 117, EESS 117)), %q(117), %q(4), %q(4)]).includes ["ALTERNATE YEARS", "NOT GIVEN NEXT YEAR"]
make([%q(HERITAGE, ENVIRONMENT, AND SOVEREIGNTY IN HAWAII (ANTHRO 118)), %q(118), %q(4), %q(4)]).includes ["NOT GIVEN THIS YEAR"]
make([%q(BUILDING A SUSTAINABLE SOCIETY: NEW APPROACHES FOR INTEGRATING HUMAN AND ENVIRONMENTAL PRIORITIES (HUMBIO 110)), %q(121), %q(3), %q(3)]).includes ["WIN"]
make([%q(PALEOBIOLOGY (GES 123)), %q(122), %q(4), %q(4)]).includes ["ALTERNATE YEARS", "GIVEN NEXT YEAR"]
make([%q(FROM LOCAL TO GLOBAL: COLLABORATIONS FOR INTERNATIONAL ENVIRONMENTAL EDUCATION (EDUC 122X)), %q(123), %q(2), %q(2)]).includes ["NOT GIVEN THIS YEAR"]
make([%q(GIS FOR GOOD: APPLICATIONS OF GIS FOR INTERNATIONAL DEVELOPMENT AND HUMANITARIAN ASSISTANCE (EESS 122, EESS 222)), %q(127), %q(3), %q(4)]).includes ["SPR"]
make([%q(ENERGY AND CLIMATE COOPERATION IN THE WESTERN HEMISPHERE (EARTHSYS 232, INTNLREL 146A, IPS 263)), %q(132), %q(4), %q(4)]).includes ["OFFERED OCCASIONALLY"]
make([%q(STABLE ISOTOPES IN BIOGEOCHEMISTRY (EARTHSYS 234, EESS 134, EESS 234)), %q(134), %q(3), %q(3)]).includes ["NOT GIVEN THIS YEAR"]
make([%q(PODCASTING THE ANTHROPOCENE (EARTHSYS 235)), %q(135), %q(1), %q(1)]).includes ["NOT GIVEN THIS YEAR"]
make([%q(INTERNATIONAL URBANIZATION SEMINAR: CROSS-CULTURAL COLLABORATION FOR SUSTAINABLE URBAN DEVELOPMENT (IPS 274, URBANST 145)), %q(138), %q(4), %q(5)]).includes ["SPR"]
make([%q(THE ENERGY-WATER NEXUS (GEOPHYS 135)), %q(140), %q(3), %q(3)]).includes ["SPR"]
make([%q(REMOTE SENSING OF THE OCEANS (EARTHSYS 241, EESS 141, EESS 241, GEOPHYS 141)), %q(141), %q(3), %q(4)]).includes ["WIN"]
make([%q(REMOTE SENSING OF LAND (EARTHSYS 242, EESS 162, EESS 262)), %q(142), %q(4), %q(4)]).includes ["WIN"]
make([%q(NEGOTIATING SUSTAINABLE DEVELOPMENT (CEE 142A, CEE 242A, EARTHSYS 242A)), %q(142A), %q(3), %q(3)]).includes ["NOT GIVEN THIS YEAR"]
make([%q(CLIMATE CHANGE IN THE WEST: A HISTORY OF THE FUTURE (HISTORY 243J)), %q(143J), %q(5), %q(5)]).includes ["NOT GIVEN THIS YEAR"]
make([%q(FUNDAMENTALS OF GEOGRAPHIC INFORMATION SCIENCE (GIS) (EESS 164)), %q(144), %q(3), %q(4)]).includes ["AUT"]
make([%q(ENVIRONMENTAL CRISES AND HISTORICAL CHANGE), %q(145), %q(4), %q(5)]).includes ["NOT GIVEN THIS YEAR"]
make([%q(ATMOSPHERE, OCEAN, AND CLIMATE DYNAMICS: THE ATMOSPHERIC CIRCULATION (EARTHSYS 246A, EESS 146A, EESS 246A, GEOPHYS 146A, GEOPHYS 246A)), %q(146A), %q(3), %q(3)]).includes ["WIN"]
make([%q(ATMOSPHERE, OCEAN, AND CLIMATE DYNAMICS: THE OCEAN CIRCULATION (EARTHSYS 246B, EESS 146B, EESS 246B, GEOPHYS 146B, GEOPHYS 246B)), %q(146B), %q(3), %q(3)]).includes ["SPR"]
make([%q(BIOLOGICAL OCEANOGRAPHY (EARTHSYS 251, EESS 151, EESS 251)), %q(151), %q(3), %q(4)]).includes ["SPR"]
make([%q(MARINE CHEMISTRY (EARTHSYS 252, EESS 152, EESS 252)), %q(152), %q(3), %q(4)]).includes ["SPR"]
make([%q(SCIENCE OF SOILS (EESS 155)), %q(155), %q(3), %q(4)]).includes ["SPR"]
make([%q(SOIL AND WATER CHEMISTRY (EARTHSYS 256, EESS 156, EESS 256)), %q(156), %q(1), %q(4)]).includes ["WIN"]
make([%q(MARINE RESOURCE ECONOMICS AND CONSERVATION (ECON 156, HUMBIO 111M)), %q(156M), %q(5), %q(5)]).includes ["NOT GIVEN THIS YEAR"]
make([%q(GEOMICROBIOLOGY (EARTHSYS 258, EESS 158, EESS 258)), %q(158), %q(3), %q(3)]).includes ["NOT GIVEN THIS YEAR"]
make([%q(STATISTICAL METHODS FOR EARTH AND ENVIRONMENTAL SCIENCES: GENERAL INTRODUCTION (EESS 160)), %q(160), %q(3), %q(3)]).includes ["NOT GIVEN THIS YEAR"]
make([%q(STATISTICAL METHODS FOR THE EARTH AND ENVIRONMENTAL SCIENCES: GEOSTATISTICS (EESS 161, ENERGY 161)), %q(161), %q(3), %q(4)]).includes ["NOT GIVEN THIS YEAR"]
make([%q(INTRODUCTION TO PHYSICAL OCEANOGRAPHY (CEE 164, CEE 262D, EESS 148)), %q(164), %q(4), %q(4)]).includes ["WIN"]
make([%q(ENVIRONMENTAL GEOCHEMISTRY (GES 170, GES 270)), %q(170), %q(4), %q(4)]).includes ["WIN"]
make([%q(AQUACULTURE AND THE ENVIRONMENT: SCIENCE, HISTORY, AND POLICY (EARTHSYS 273, EESS 173, EESS 273)), %q(173), %q(3), %q(3)]).includes ["NOT GIVEN THIS YEAR"]
make([%q(MARINE BIODIVERSITY: LAW, SCIENCE, AND POLICY (EARTHSYS 274)), %q(174), %q(3), %q(3)]).includes ["NOT GIVEN THIS YEAR"]
make([%q(CALIFORNIA COAST: SCIENCE, POLICY, AND LAW (CEE 175A, CEE 275A, EARTHSYS 275)), %q(175), %q(3), %q(4)]).includes ["ALTERNATE YEARS", "GIVEN NEXT YEAR"]
make([%q(INTERDISCIPLINARY RESEARCH SURVIVAL SKILLS (EARTHSYS 277, ENVRINST 177, ENVRINST 277)), %q(177), %q(2), %q(2)]).includes ["SPR"]
make([%q(SPECIALIZED WRITING AND REPORTING: ENVIRONMENTAL JOURNALISM (COMM 177C, COMM 277C, ENVRES 277C)), %q(177C), %q(4), %q(5)]).includes ["SPR"]
make([%q(THE ETHICS OF ENVIRONMENTAL CHOICES (EARTHSYS 278, PHIL 178A, PHIL 278A)), %q(178), %q(4), %q(4)]).includes ["NOT GIVEN THIS YEAR"]
make([%q(SEMINAR: ISSUES IN ENVIRONMENTAL SCIENCE, TECHNOLOGY AND SUSTAINABILITY (CEE 179S, CEE 279S, EESS 179S)), %q(179S), %q(1), %q(2)]).includes ["SUM"]
make([%q(PRINCIPLES AND PRACTICES OF SUSTAINABLE AGRICULTURE (EESS 280B)), %q(180B), %q(3), %q(4)]).includes ["AUT", "SPR"]
make([%q(CONCEPTS OF URBAN AGRICULTURE (EARTHSYS 281, EESS 181, EESS 281)), %q(181), %q(3), %q(3)]).includes ["NOT GIVEN THIS YEAR"]
make([%q(CURRENT ISSUES IN SUSTAINABLE AGRICULTURE (EARTHSYS 282, EESS 182, EESS 282)), %q(182), %q(2), %q(2)]).includes ["NOT GIVEN THIS YEAR"]
make([%q(FOOD MATTERS: AGRICULTURE IN FILM (EARTHSYS 283, EESS 183, EESS 283)), %q(183), %q(1), %q(1)]).includes ["WIN"]
make([%q(CLIMATE AND AGRICULTURE (EARTHSYS 284, EESS 184, EESS 284)), %q(184), %q(3), %q(4)]).includes ["ALTERNATE YEARS", "GIVEN NEXT YEAR"]
make([%q(FEEDING NINE BILLION), %q(185), %q(3), %q(3)]).includes ["AUT"]
make([%q(FEED THE CHANGE: REDESIGNING FOOD SYSTEMS (MS&E 187)), %q(187), %q(2), %q(3)]).includes ["AUT"]
make([%q(SOCIAL AND ENVIRONMENTAL TRADEOFFS IN CLIMATE DECISION-MAKING (EARTHSYS 288)), %q(188), %q(1), %q(2)]).includes ["SPR"]
make([%q(NATURAL HAZARDS AND RISK COMMUNICATION), %q(195), %q(3), %q(3)]).includes ["SPR"]
make([%q(DIRECTED INDIVIDUAL STUDY IN EARTH SYSTEMS), %q(197), %q(1), %q(9)]).includes ["SPR", "SUM"]
make([%q(HONORS PROGRAM IN EARTH SYSTEMS), %q(199), %q(1), %q(9)]).includes ["AUT", "WIN", "SPR", "SUM"]
make([%q(SUSTAINING ACTION: RESEARCH, ANALYSIS AND WRITING FOR THE PUBLIC (ENVRES 200)), %q(200), %q(3), %q(3)]).includes ["AUT", "SPR"]
make([%q(PHD STUDENTS ON THE PHD: DOCTORAL RESEARCH IN ENVIRONMENTAL SCIENCE), %q(202), %q(1), %q(1)]).includes ["SPR"]
make([%q(COASTAL WETLANDS (EARTHSYS 108)), %q(208), %q(3), %q(3)]).includes ["NOT GIVEN THIS YEAR"]
make([%q(SENIOR SEMINAR), %q(210A), %q(3), %q(3)]).includes ["AUT"]
make([%q(SENIOR SEMINAR), %q(210B), %q(3), %q(3)]).includes ["WIN"]
make([%q(SENIOR SEMINAR), %q(210C), %q(3), %q(3)]).includes ["WIN"]
make([%q(SENIOR SEMINAR), %q(210D), %q(3), %q(3)]).includes ["NOT GIVEN THIS YEAR"]
make([%q(FUNDAMENTALS OF MODELING (EESS 211)), %q(211), %q(3), %q(5)]).includes ["AUT"]
make([%q(ENERGY AND CLIMATE COOPERATION IN THE WESTERN HEMISPHERE (EARTHSYS 132, INTNLREL 146A, IPS 263)), %q(232), %q(4), %q(4)]).includes ["OFFERED OCCASIONALLY"]
make([%q(STABLE ISOTOPES IN BIOGEOCHEMISTRY (EARTHSYS 134, EESS 134, EESS 234)), %q(234), %q(3), %q(3)]).includes ["NOT GIVEN THIS YEAR"]
make([%q(PODCASTING THE ANTHROPOCENE (EARTHSYS 135)), %q(235), %q(1), %q(1)]).includes ["NOT GIVEN THIS YEAR"]
make([%q(LAND USE), %q(238), %q(3), %q(3)]).includes ["SPR"]
make([%q(REMOTE SENSING OF THE OCEANS (EARTHSYS 141, EESS 141, EESS 241, GEOPHYS 141)), %q(241), %q(3), %q(4)]).includes ["WIN"]
make([%q(REMOTE SENSING OF LAND (EARTHSYS 142, EESS 162, EESS 262)), %q(242), %q(4), %q(4)]).includes ["WIN"]
make([%q(NEGOTIATING SUSTAINABLE DEVELOPMENT (CEE 142A, CEE 242A, EARTHSYS 142A)), %q(242A), %q(3), %q(3)]).includes ["NOT GIVEN THIS YEAR"]
make([%q(ATMOSPHERE, OCEAN, AND CLIMATE DYNAMICS: THE ATMOSPHERIC CIRCULATION (EARTHSYS 146A, EESS 146A, EESS 246A, GEOPHYS 146A, GEOPHYS 246A)), %q(246A), %q(3), %q(3)]).includes ["WIN"]
make([%q(ATMOSPHERE, OCEAN, AND CLIMATE DYNAMICS: THE OCEAN CIRCULATION (EARTHSYS 146B, EESS 146B, EESS 246B, GEOPHYS 146B, GEOPHYS 246B)), %q(246B), %q(3), %q(3)]).includes ["SPR"]
make([%q(CONTROLLING CLIMATE CHANGE IN THE 21ST CENTURY (BIO 147, BIO 247, HUMBIO 116)), %q(247), %q(3), %q(3)]).includes ["NOT GIVEN THIS YEAR"]
make([%q(DIRECTED RESEARCH), %q(250), %q(1), %q(9)]).includes ["AUT", "WIN", "SPR", "SUM"]
make([%q(BIOLOGICAL OCEANOGRAPHY (EARTHSYS 151, EESS 151, EESS 251)), %q(251), %q(3), %q(4)]).includes ["SPR"]
make([%q(MARINE CHEMISTRY (EARTHSYS 152, EESS 152, EESS 252)), %q(252), %q(3), %q(4)]).includes ["SPR"]
make([%q(SOIL AND WATER CHEMISTRY (EARTHSYS 156, EESS 156, EESS 256)), %q(256), %q(1), %q(4)]).includes ["WIN"]
make([%q(GEOMICROBIOLOGY (EARTHSYS 158, EESS 158, EESS 258)), %q(258), %q(3), %q(3)]).includes ["NOT GIVEN THIS YEAR"]
make([%q(INTERNSHIP), %q(260), %q(1), %q(9)]).includes ["AUT", "WIN", "SPR", "SUM"]
make([%q(ANTARCTIC MARINE GEOLOGY (EESS 242)), %q(272), %q(3), %q(3)]).includes ["GIVEN NEXT YEAR"]
make([%q(AQUACULTURE AND THE ENVIRONMENT: SCIENCE, HISTORY, AND POLICY (EARTHSYS 173, EESS 173, EESS 273)), %q(273), %q(3), %q(3)]).includes ["NOT GIVEN THIS YEAR"]
make([%q(MARINE BIODIVERSITY: LAW, SCIENCE, AND POLICY (EARTHSYS 174)), %q(274), %q(3), %q(3)]).includes ["NOT GIVEN THIS YEAR"]
make([%q(CALIFORNIA COAST: SCIENCE, POLICY, AND LAW (CEE 175A, CEE 275A, EARTHSYS 175)), %q(275), %q(3), %q(4)]).includes ["ALTERNATE YEARS", "GIVEN NEXT YEAR"]
make([%q(INTERDISCIPLINARY RESEARCH SURVIVAL SKILLS (EARTHSYS 177, ENVRINST 177, ENVRINST 277)), %q(277), %q(2), %q(2)]).includes ["SPR"]
make([%q(THE ETHICS OF ENVIRONMENTAL CHOICES (EARTHSYS 178, PHIL 178A, PHIL 278A)), %q(278), %q(4), %q(4)]).includes ["NOT GIVEN THIS YEAR"]
make([%q(CONCEPTS OF URBAN AGRICULTURE (EARTHSYS 181, EESS 181, EESS 281)), %q(281), %q(3), %q(3)]).includes ["NOT GIVEN THIS YEAR"]
make([%q(CURRENT ISSUES IN SUSTAINABLE AGRICULTURE (EARTHSYS 182, EESS 182, EESS 282)), %q(282), %q(2), %q(2)]).includes ["NOT GIVEN THIS YEAR"]
make([%q(FOOD MATTERS: AGRICULTURE IN FILM (EARTHSYS 183, EESS 183, EESS 283)), %q(283), %q(1), %q(1)]).includes ["WIN"]
make([%q(CLIMATE AND AGRICULTURE (EARTHSYS 184, EESS 184, EESS 284)), %q(284), %q(3), %q(4)]).includes ["ALTERNATE YEARS", "GIVEN NEXT YEAR"]
make([%q(SOCIAL AND ENVIRONMENTAL TRADEOFFS IN CLIMATE DECISION-MAKING (EARTHSYS 188)), %q(288), %q(1), %q(2)]).includes ["SPR"]
make([%q(MASTER'S SEMINAR), %q(290), %q(2), %q(2)]).includes ["AUT"]
make([%q(DIRECTED INDIVIDUAL STUDY IN EARTH SYSTEMS), %q(297), %q(1), %q(9)]).includes ["AUT", "WIN", "SPR", "SUM"]
make([%q(EARTH SYSTEMS BOOK REVIEW), %q(298), %q(2), %q(2)]).includes ["SPR"]
make([%q(M.S. THESIS), %q(299), %q(1), %q(9)]).includes ["AUT", "WIN", "SPR", "SUM"]
make([%q(STANFORD AT SEA (BIOHOPK 182H, BIOHOPK 323H, EESS 323)), %q(323), %q(16), %q(16)]).includes ["ALTERNATE YEARS", "GIVEN NEXT YEAR"]
