make([%q(INTRODUCTION TO THE CIVIL & ENVIRONMENTAL ENGINEERING MAJORS), %q(10), %q(1), %q(1)]).includes ["NOT GIVEN THIS YEAR"]
make([%q(INTRODUCTION TO ARCHITECTURE), %q(10A), %q(2), %q(2)]).includes ["NOT GIVEN THIS YEAR"]
make([%q(CHICAGO ARCHITECTURE: HISTORY AND FORM), %q(10AX), %q(2), %q(2)]).includes ["NOT GIVEN THIS YEAR"]
make([%q(PRESENTATION SKILLS), %q(10B), %q(0), %q(0)]).includes ["NOT GIVEN THIS YEAR"]
make([%q(PEOPLE, LAND, AND WATER IN THE HEART OF THE WEST (EARTHSYS 13SC, HISTORY 23SC)), %q(11SC), %q(2), %q(2)]).includes ["NOT GIVEN THIS YEAR"]
make([%q(GOOD FOOD, FAST CARS, GREAT SPACES: CONNECTIONS BETWEEN ARCHITECTURE, COOKING, PHOTOGRAPHY, DESIGN), %q(12SC), %q(2), %q(2)]).includes ["NOT GIVEN THIS YEAR"]
make([%q(ENERGIZING A SUSTAINABLE FUTURE), %q(13SC), %q(2), %q(2)]).includes ["NOT GIVEN THIS YEAR"]
make([%q(INTRODUCTION TO ARCHITECTURAL MODELING), %q(13SI), %q(2), %q(2)]).includes ["NOT GIVEN THIS YEAR"]
make([%q(WHEN ENGINEERS GO SAILING: THE SCIENCE AND TECHNOLOGY OF AMERICA'S CUP YACHTS AND MATCHES), %q(14SC), %q(2), %q(2)]).includes ["NOT GIVEN THIS YEAR"]
make([%q(ENERGY IN THE WEST (ENERGY 10SC, POLISCI 23SC)), %q(15SC), %q(2), %q(2)]).includes ["SUM"]
make([%q(ELEMENTARY SURVEYING), %q(20), %q(0), %q(60)]).includes []
make([%q(MANAGING NATURAL DISASTER RISK), %q(29N), %q(3), %q(3)]).includes ["WIN"]
make([%q(ACCESSING ARCHITECTURE THROUGH DRAWING), %q(31), %q(4), %q(4)]).includes ["WIN"]
make([%q(ARCHITECTURAL DRAWING AND RENDERING), %q(31B), %q(4), %q(4)]).includes ["NOT GIVEN THIS YEAR"]
make([%q(ACCESSING ARCHITECTURE THROUGH DRAWING), %q(31Q), %q(4), %q(4)]).includes ["AUT", "SPR"]
make([%q(PSYCHOLOGY OF ARCHITECTURE), %q(32A), %q(3), %q(3)]).includes ["NOT GIVEN THIS YEAR"]
make([%q(DESIGN THEORY), %q(32B), %q(4), %q(4)]).includes ["WIN"]
make([%q(CONSTRUCTION: THE WRITING OF ARCHITECTURE), %q(32D), %q(4), %q(4)]).includes ["AUT"]
make([%q(LIGHT, COLOR, AND SPACE), %q(32F), %q(3), %q(3)]).includes ["SPR"]
make([%q(PLACE: MAKING SPACE NOW (ARTHIST 232Q)), %q(32Q), %q(3), %q(3)]).includes ["NOT GIVEN THIS YEAR"]
make([%q(CRITICAL THINKING AND CAREER SKILLS), %q(44Q), %q(3), %q(3)]).includes ["NOT GIVEN THIS YEAR"]
make([%q(FAIL YOUR WAY TO SUCCESS), %q(46Q), %q(3), %q(3)]).includes ["NOT GIVEN THIS YEAR"]
make([%q(MANAGING COMPLEX, GLOBAL PROJECTS), %q(48N), %q(3), %q(3)]).includes ["WIN"]
make([%q(MULTI-DISCIPLINARY PERSPECTIVES ON A LARGE URBAN ESTUARY: SAN FRANCISCO BAY (EARTHSYS 49N, EESS 49N)), %q(50N), %q(3), %q(3)]).includes ["SPR"]
make([%q(WEATHER AND STORMS (CEE 263C)), %q(63), %q(3), %q(3)]).includes ["AUT"]
make([%q(AIR POLLUTION AND GLOBAL WARMING: HISTORY, SCIENCE, AND SOLUTIONS (CEE 263D)), %q(64), %q(3), %q(3)]).includes ["WIN"]
make([%q(ENVIRONMENTAL SCIENCE AND TECHNOLOGY (ENGR 90)), %q(70), %q(3), %q(3)]).includes ["AUT", "SUM"]
make([%q(WATER, PUBLIC HEALTH, AND ENGINEERING), %q(70N), %q(3), %q(3)]).includes ["NOT GIVEN THIS YEAR"]
make([%q(UNDERSTANDING WATER: TOOLS AND APPROACHES FROM SCIENCE AND ENGINEERING), %q(73), %q(3), %q(3)]).includes ["SUM"]
make([%q(MANAGING SUSTAINABLE BUILDING PROJECTS), %q(100), %q(4), %q(4)]).includes ["AUT"]
make([%q(MECHANICS OF MATERIALS), %q(101A), %q(4), %q(4)]).includes ["WIN"]
make([%q(MECHANICS OF FLUIDS), %q(101B), %q(4), %q(4)]).includes ["SPR"]
make([%q(GEOTECHNICAL ENGINEERING), %q(101C), %q(3), %q(4)]).includes ["AUT"]
make([%q(COMPUTATIONS IN CIVIL AND ENVIRONMENTAL ENGINEERING (CEE 201D)), %q(101D), %q(3), %q(3)]).includes ["AUT"]
make([%q(SCIENCE & ENGINEERING PROBLEM-SOLVING WITH MATLAB. (CEE 201S)), %q(101S), %q(3), %q(3)]).includes ["SUM"]
make([%q(LEGAL ASPECTS OF ENGINEERING AND CONSTRUCTION), %q(102), %q(3), %q(3)]).includes ["WIN"]
make([%q(ENERGY RESOURCES: FUELS AND TOOLS (CEE 207S)), %q(107S), %q(3), %q(3)]).includes ["SUM"]
make([%q(CREATING A GREEN STUDENT WORKFORCE TO HELP IMPLEMENT STANFORD'S SUSTAINABILITY VISION (EARTHSYS 109, ENVRINST 109)), %q(109), %q(2), %q(2)]).includes ["NOT GIVEN THIS YEAR"]
make([%q(BUILDING INFORMATION MODELING AND SHORT COURSE (CEE 210A)), %q(110A), %q(2), %q(4)]).includes ["NOT GIVEN THIS YEAR"]
make([%q(INDUSTRY APPLICATIONS OF VIRTUAL DESIGN & CONSTRUCTION), %q(112A), %q(2), %q(4)]).includes ["AUT"]
make([%q(INDUSTRY APPLICATIONS OF VIRTUAL DESIGN & CONSTRUCTION (CEE 212B)), %q(112B), %q(2), %q(4)]).includes ["WIN"]
make([%q(INDUSTRY APPLICATIONS OF VIRTUAL DESIGN & CONSTRUCTION (CEE 212C)), %q(112C), %q(2), %q(4)]).includes ["SPR"]
make([%q(PATTERNS OF SUSTAINABILITY (CEE 213)), %q(113), %q(1), %q(4)]).includes ["SPR"]
make([%q(GOALS AND METHODS OF SUSTAINABLE BUILDING PROJECTS (CEE 215)), %q(115), %q(3), %q(3)]).includes ["NOT GIVEN THIS YEAR"]
make([%q(BUILDING INFORMATION MODELING WORKSHOP (CEE 220A)), %q(120A), %q(2), %q(4)]).includes ["AUT"]
make([%q(BUILDING INFORMATION MODELING WORKSHOP (CEE 220B)), %q(120B), %q(2), %q(4)]).includes ["WIN"]
make([%q(PARAMETRIC DESIGN AND OPTIMIZATION (CEE 220C)), %q(120C), %q(2), %q(3)]).includes ["SPR"]
make([%q(BUILDING INFORMATION MODELING SPECIAL STUDY (CEE 220S)), %q(120S), %q(2), %q(4)]).includes ["AUT", "WIN", "SPR"]
make([%q(COMPUTER INTEGRATED ARCHITECTURE/ENGINEERING/CONSTRUCTION (A/E/C)), %q(122A), %q(2), %q(2)]).includes ["WIN"]
make([%q(COMPUTER INTEGRATED A/E/C), %q(122B), %q(2), %q(2)]).includes ["SPR"]
make([%q(SUSTAINABLE DEVELOPMENT STUDIO), %q(124), %q(1), %q(5)]).includes ["AUT", "WIN", "SPR"]
make([%q(ENERGY SYSTEM DESIGN IN EASTERN EUROPE (CEE 227A)), %q(127A), %q(2), %q(2)]).includes ["AUT"]
make([%q(INFRASTRUCTURE, DISRUPTIVE TECHNOLOGIES AND ENTREPRENEURSHIP. (CEE 227E)), %q(127E), %q(1), %q(1)]).includes ["NOT GIVEN THIS YEAR"]
make([%q(CLIMATE CHANGE ADAPTATION FOR SEAPORTS: ENGINEERING AND POLICY FOR A SUSTAINABLE FUTURE (CEE 229)), %q(129), %q(3), %q(3)]).includes ["NOT GIVEN THIS YEAR"]
make([%q(CLIMATE CHANGE ADAPTATION IN THE COASTAL BUILT ENVIRONMENT (CEE 229S)), %q(129S), %q(1), %q(1)]).includes ["NOT GIVEN THIS YEAR"]
make([%q(ARCHITECTURAL DESIGN: 3-D MODELING, METHODOLOGY, AND PROCESS), %q(130), %q(4), %q(4)]).includes ["AUT", "WIN"]
make([%q(ARCHITECTURAL DESIGN PROCESS), %q(131), %q(4), %q(4)]).includes ["NOT GIVEN THIS YEAR"]
make([%q(PROFESSIONAL PRACTICE: MIXED-USE DESIGN IN AN URBAN SETTING), %q(131A), %q(3), %q(3)]).includes ["WIN"]
make([%q(INTERPLAY OF ARCHITECTURE AND ENGINEERING (CEE 232)), %q(132), %q(4), %q(4)]).includes ["NOT GIVEN THIS YEAR"]
make([%q(OFFICE OF METROPOLITAN ARCHITECTURE: WORKSHOP OF THE NEW (ARTHIST 262)), %q(132Q), %q(4), %q(5)]).includes ["NOT GIVEN THIS YEAR"]
make([%q(ADVANCED RHINOCEROS MODELING AND WORKFLOWS (CEE 233)), %q(133), %q(3), %q(3)]).includes ["NOT GIVEN THIS YEAR"]
make([%q(PRINCIPLES OF FREEHAND DRAWING), %q(133F), %q(3), %q(3)]).includes ["WIN"]
make([%q(SITE AND SPACE), %q(134A), %q(4), %q(4)]).includes ["NOT GIVEN THIS YEAR"]
make([%q(INTERMEDIATE ARCH STUDIO (CEE 234B)), %q(134B), %q(4), %q(4)]).includes ["AUT", "WIN"]
make([%q(DESIGN APPROACHES TO MENDING A CITY: RETHINKING THE 101 IN EAST PALO ALTO (URBANST 172)), %q(134C), %q(4), %q(4)]).includes ["GIVEN NEXT YEAR"]
make([%q(PARAMETRIC MODELING AND OPTIMIZATION), %q(135), %q(4), %q(4)]).includes ["SPR"]
make([%q(PARAMETRIC MODELING AND OPTIMIZATION), %q(135A), %q(4), %q(4)]).includes ["SPR"]
make([%q(GREEN ARCHITECTURE (CEE 236)), %q(136), %q(4), %q(4)]).includes ["NOT GIVEN THIS YEAR"]
make([%q(FORM AND STRUCTURE), %q(137A), %q(4), %q(4)]).includes ["NOT GIVEN THIS YEAR"]
make([%q(ADVANCED ARCHITECTURE STUDIO (CEE 237B)), %q(137B), %q(5), %q(5)]).includes ["SPR"]
make([%q(CONTEMPORARY ARCHITECTURE: MATERIALS, STRUCTURES, AND INNOVATIONS), %q(138A), %q(3), %q(3)]).includes ["NOT GIVEN THIS YEAR"]
make([%q(DESIGN PORTFOLIO METHODS), %q(139), %q(2), %q(2)]).includes ["WIN"]
make([%q(FIELD SURVEYING LABORATORY (CEE 225)), %q(140), %q(3), %q(3)]).includes ["NOT GIVEN THIS YEAR"]
make([%q(INFRASTRUCTURE PROJECT DEVELOPMENT (CEE 241A)), %q(141A), %q(3), %q(3)]).includes ["AUT"]
make([%q(INFRASTRUCTURE PROJECT DELIVERY (CEE 241B)), %q(141B), %q(3), %q(3)]).includes ["WIN"]
make([%q(GLOBAL INFRASTRUCTURE PROJECTS SEMINAR (CEE 241C)), %q(141C), %q(1), %q(2)]).includes ["SPR"]
make([%q(NEGOTIATING SUSTAINABLE DEVELOPMENT (CEE 242A, EARTHSYS 142A, EARTHSYS 242A)), %q(142A), %q(3), %q(3)]).includes ["NOT GIVEN THIS YEAR"]
make([%q(ENGINEERING ECONOMY (CEE 246A)), %q(146A), %q(3), %q(3)]).includes ["WIN"]
make([%q(CASES IN PERSONALITY, LEADERSHIP, AND NEGOTIATION (CEE 247)), %q(147), %q(3), %q(3)]).includes ["NOT GIVEN THIS YEAR"]
make([%q(NEGOTIATION (CEE 251, EARTHSCI 251)), %q(151), %q(3), %q(3)]).includes ["WIN"]
make([%q(CASES IN ESTIMATING COSTS (CEE 254)), %q(154), %q(3), %q(3)]).includes ["NOT GIVEN THIS YEAR"]
make([%q(INTRODUCTION TO SENSING NETWORKS FOR CEE), %q(155), %q(4), %q(4)]).includes ["WIN"]
make([%q(BUILDING SYSTEMS (CEE 256)), %q(156), %q(4), %q(4)]).includes ["WIN"]
make([%q(MECHANICS OF FLUIDS LABORATORY), %q(160), %q(2), %q(2)]).includes ["SPR"]
make([%q(RIVERS, STREAMS, AND CANALS (CEE 264A)), %q(161A), %q(3), %q(4)]).includes ["AUT"]
make([%q(INTRODUCTION TO PHYSICAL OCEANOGRAPHY (CEE 262D, EARTHSYS 164, EESS 148)), %q(164), %q(4), %q(4)]).includes ["WIN"]
make([%q(WATER RESOURCES MANAGEMENT (CEE 265C)), %q(165C), %q(3), %q(3)]).includes ["SUM"]
make([%q(WATERSHEDS AND WETLANDS (CEE 266A)), %q(166A), %q(3), %q(3)]).includes ["AUT"]
make([%q(FLOODS AND DROUGHTS, DAMS AND AQUEDUCTS (CEE 266B)), %q(166B), %q(3), %q(3)]).includes ["WIN"]
make([%q(WATER RESOURCES AND WATER HAZARDS FIELD TRIPS (CEE 266D)), %q(166D), %q(2), %q(2)]).includes ["WIN"]
make([%q(ENVIRONMENTAL AND WATER RESOURCES ENGINEERING DESIGN), %q(169), %q(5), %q(5)]).includes ["SPR"]
make([%q(ENVIRONMENTAL PLANNING METHODS), %q(171), %q(3), %q(3)]).includes ["WIN"]
make([%q(ENVIRONMENTAL CHALLENGES AND POLICIES IN EUROPE (CEE 271E)), %q(171E), %q(3), %q(3)]).includes ["NOT GIVEN THIS YEAR"]
make([%q(NEW INDICATORS OF WELL-BEING AND SUSTAINABILITY (CEE 271F)), %q(171F), %q(3), %q(3)]).includes ["SUM"]
make([%q(AIR QUALITY MANAGEMENT), %q(172), %q(3), %q(3)]).includes ["WIN"]
make([%q(INDOOR AIR QUALITY (CEE 278C)), %q(172A), %q(2), %q(3)]).includes ["SPR"]
make([%q(GREEN HOUSE GAS MITIGATION (CEE 272S)), %q(172S), %q(1), %q(3)]).includes ["SPR"]
make([%q(ENERGY RESOURCES (CEE 207A, EARTHSYS 103)), %q(173A), %q(3), %q(5)]).includes ["AUT"]
make([%q(INTRODUCTION TO MEMBRANE TECHNOLOGY FOR WATER / WASTEWATER TREATMENT (CEE 273C)), %q(173C), %q(3), %q(3)]).includes ["NOT GIVEN THIS YEAR"]
make([%q(PROVIDING SAFE WATER FOR THE DEVELOPING AND DEVELOPED WORLD), %q(174A), %q(3), %q(3)]).includes ["AUT"]
make([%q(WASTEWATER TREATMENT: FROM DISPOSAL TO RESOURCE RECOVERY), %q(174B), %q(3), %q(3)]).includes ["WIN"]
make([%q(CALIFORNIA COAST: SCIENCE, POLICY, AND LAW (CEE 275A, EARTHSYS 175, EARTHSYS 275)), %q(175A), %q(3), %q(4)]).includes ["ALTERNATE YEARS", "GIVEN NEXT YEAR"]
make([%q(ENVIRONMENTAL ENTREPRENEURSHIP AND INNOVATION (CEE 275S)), %q(175S), %q(1), %q(1)]).includes ["SUM"]
make([%q(ENERGY EFFICIENT BUILDINGS), %q(176A), %q(3), %q(4)]).includes ["WIN"]
make([%q(ELECTRIC POWER: RENEWABLES AND EFFICIENCY), %q(176B), %q(3), %q(4)]).includes ["SPR"]
make([%q(ENERGY STORAGE INTEGRATION - VEHICLES, RENEWABLES, AND THE GRID), %q(176C), %q(3), %q(4)]).includes ["AUT"]
make([%q(ENERGY SYSTEMS FIELD TRIPS: CHINA ENERGY SYSTEMS (CEE 276F)), %q(176F), %q(1), %q(2)]).includes ["WIN"]
make([%q(INSTRUMENTAL ANALYSIS OF MICROCONSTITUENTS IN THE ENVIRONMENT (CEE 276S)), %q(176S), %q(3), %q(3)]).includes ["NOT GIVEN THIS YEAR"]
make([%q(AQUATIC CHEMISTRY AND BIOLOGY), %q(177), %q(4), %q(4)]).includes ["AUT"]
make([%q(ENVIRONMENTAL INFORMATION ENGINEERING (CEE 277K)), %q(177K), %q(2), %q(3)]).includes ["NOT GIVEN THIS YEAR"]
make([%q(SMART CITIES & COMMUNITIES (CEE 277L)), %q(177L), %q(2), %q(3)]).includes ["SUM"]
make([%q(SUSTAINABILITY IN THEORY AND PRACTICE), %q(177P), %q(3), %q(3)]).includes ["NOT GIVEN THIS YEAR"]
make([%q(DESIGN FOR A SUSTAINABLE WORLD (CEE 277S)), %q(177S), %q(1), %q(5)]).includes ["SPR"]
make([%q(CURRENT TOPICS IN SUSTAINABLE ENGINEERING (CEE 277X)), %q(177X), %q(1), %q(2)]).includes ["WIN"]
make([%q(INTRODUCTION TO HUMAN EXPOSURE ANALYSIS (CEE 276)), %q(178), %q(3), %q(3)]).includes ["SPR"]
make([%q(WATER CHEMISTRY LABORATORY (CEE 273A)), %q(179A), %q(3), %q(3)]).includes ["WIN"]
make([%q(ENVIRONMENTAL ENGINEERING DESIGN), %q(179C), %q(5), %q(5)]).includes ["NOT GIVEN THIS YEAR"]
make([%q(SEMINAR: ISSUES IN ENVIRONMENTAL SCIENCE, TECHNOLOGY AND SUSTAINABILITY (CEE 279S, EARTHSYS 179S, EESS 179S)), %q(179S), %q(1), %q(2)]).includes ["SUM"]
make([%q(STRUCTURAL ANALYSIS), %q(180), %q(4), %q(4)]).includes ["AUT"]
make([%q(DESIGN OF STEEL STRUCTURES), %q(181), %q(4), %q(4)]).includes ["AUT"]
make([%q(DESIGN OF REINFORCED CONCRETE STRUCTURES), %q(182), %q(3), %q(4)]).includes ["WIN"]
make([%q(INTEGRATED CIVIL ENGINEERING DESIGN PROJECT), %q(183), %q(4), %q(4)]).includes ["SPR"]
make([%q(FUNDAMENTALS OF STRUCTURAL GEOLOGY (GES 111)), %q(195), %q(3), %q(3)]).includes ["WIN"]
make([%q(ENGINEERING GEOLOGY AND GLOBAL CHANGE (GES 115)), %q(196), %q(3), %q(3)]).includes ["SPR"]
make([%q(DIRECTED READING OR SPECIAL STUDIES IN CIVIL ENGINEERING), %q(198), %q(1), %q(4)]).includes ["AUT", "WIN", "SPR", "SUM"]
make([%q(UNDERGRADUATE RESEARCH IN CIVIL AND ENVIRONMENTAL ENGINEERING), %q(199), %q(1), %q(4)]).includes ["AUT", "WIN", "SPR", "SUM"]
make([%q(SPECIAL PROJECTS IN ARCHITECTURE), %q(199A), %q(1), %q(4)]).includes ["AUT", "WIN", "SPR"]
make([%q(DIRECTED STUDIES IN ARCHITECTURE), %q(199B), %q(1), %q(4)]).includes ["AUT", "WIN", "SPR"]
make([%q(OUTREACH AND MENTORING PROGRAM DEVELOPMENT IN CEE), %q(199E), %q(1), %q(2)]).includes ["NOT GIVEN THIS YEAR"]
make([%q(UNDERGRADUATE HONORS THESIS), %q(199H), %q(2), %q(3)]).includes ["AUT", "WIN", "SPR", "SUM"]
make([%q(INDEPENDENT PROJECT IN CIVIL AND ENVIRONMENTAL ENGINEERING), %q(199L), %q(1), %q(4)]).includes ["AUT", "WIN", "SPR", "SUM"]
make([%q(TEACHING OF CIVIL AND ENVIRONMENTAL ENGINEERING), %q(200A), %q(1), %q(1)]).includes ["AUT"]
make([%q(TEACHING OF CIVIL AND ENVIRONMENTAL ENGINEERING), %q(200B), %q(1), %q(1)]).includes ["WIN"]
make([%q(TEACHING OF CIVIL AND ENVIRONMENTAL ENGINEERING), %q(200C), %q(1), %q(1)]).includes ["SPR"]
make([%q(COMPUTATIONS IN CIVIL AND ENVIRONMENTAL ENGINEERING (CEE 101D)), %q(201D), %q(3), %q(3)]).includes ["AUT"]
make([%q(SCIENCE & ENGINEERING PROBLEM-SOLVING WITH MATLAB. (CEE 101S)), %q(201S), %q(3), %q(3)]).includes ["SUM"]
make([%q(CONSTRUCTION LAW AND CLAIMS), %q(202), %q(3), %q(3)]).includes ["WIN"]
make([%q(PROBABILISTIC MODELS IN CIVIL ENGINEERING), %q(203), %q(3), %q(4)]).includes ["AUT"]
make([%q(STRUCTURAL RELIABILITY), %q(204), %q(3), %q(4)]).includes ["SPR"]
make([%q(STRUCTURAL MATERIALS TESTING AND SIMULATION), %q(205A), %q(3), %q(4)]).includes ["NOT GIVEN THIS YEAR"]
make([%q(ADVANCED TOPICS IN STRUCTURAL CONCRETE), %q(205B), %q(3), %q(3)]).includes ["ALTERNATE YEARS", "GIVEN NEXT YEAR"]
make([%q(DECISION ANALYSIS FOR  CIVIL AND ENVIRONMENTAL ENGINEERS), %q(206), %q(3), %q(3)]).includes ["WIN"]
make([%q(DECISION MODELS IN CIVIL ENGINEERING), %q(206A), %q(2), %q(2)]).includes ["NOT GIVEN THIS YEAR"]
make([%q(ENERGY RESOURCES (CEE 173A, EARTHSYS 103)), %q(207A), %q(3), %q(5)]).includes ["AUT"]
make([%q(ENERGY RESOURCES: FUELS AND TOOLS (CEE 107S)), %q(207S), %q(3), %q(3)]).includes ["SUM"]
make([%q(STRUCTURAL HEALTH MONITORING USING STATISTICAL METHODS), %q(208), %q(1), %q(2)]).includes ["NOT GIVEN THIS YEAR"]
make([%q(BUILDING INFORMATION MODELING AND SHORT COURSE (CEE 110A)), %q(210A), %q(2), %q(4)]).includes ["NOT GIVEN THIS YEAR"]
make([%q(INDUSTRY APPLICATIONS OF VIRTUAL DESIGN & CONSTRUCTION), %q(212A), %q(2), %q(4)]).includes ["AUT"]
make([%q(INDUSTRY APPLICATIONS OF VIRTUAL DESIGN & CONSTRUCTION (CEE 112B)), %q(212B), %q(2), %q(4)]).includes ["WIN"]
make([%q(INDUSTRY APPLICATIONS OF VIRTUAL DESIGN & CONSTRUCTION (CEE 112C)), %q(212C), %q(2), %q(4)]).includes ["SPR"]
make([%q(PATTERNS OF SUSTAINABILITY (CEE 113)), %q(213), %q(1), %q(4)]).includes ["SPR"]
make([%q(INTRODUCTION TO MODELING AND ANALYSIS IN CEE), %q(214), %q(3), %q(3)]).includes ["NOT GIVEN THIS YEAR"]
make([%q(GOALS AND METHODS OF SUSTAINABLE BUILDING PROJECTS (CEE 115)), %q(215), %q(3), %q(3)]).includes ["NOT GIVEN THIS YEAR"]
make([%q(RENEWABLE ENERGY INFRASTRUCTURE), %q(217), %q(3), %q(3)]).includes ["NOT GIVEN THIS YEAR"]
make([%q(BUILDING INFORMATION MODELING WORKSHOP (CEE 120A)), %q(220A), %q(2), %q(4)]).includes ["AUT"]
make([%q(BUILDING INFORMATION MODELING WORKSHOP (CEE 120B)), %q(220B), %q(2), %q(4)]).includes ["WIN"]
make([%q(PARAMETRIC DESIGN AND OPTIMIZATION (CEE 120C)), %q(220C), %q(2), %q(3)]).includes ["SPR"]
make([%q(BUILDING INFORMATION MODELING SPECIAL STUDY (CEE 120S)), %q(220S), %q(2), %q(4)]).includes ["AUT", "WIN", "SPR"]
make([%q(PLANNING TOOLS AND METHODS IN THE POWER SECTOR), %q(221A), %q(3), %q(4)]).includes ["WIN"]
make([%q(COMPUTER INTEGRATED ARCHITECTURE/ENGINEERING/CONSTRUCTION (AEC) GLOBAL TEAMWORK), %q(222A), %q(3), %q(3)]).includes ["WIN"]
make([%q(COMPUTER INTEGRATED ARCHITECTURE/ENGINEERING/CONSTRUCTION (AEC) GLOBAL TEAMWORK), %q(222B), %q(2), %q(2)]).includes ["SPR"]
make([%q(SUSTAINABLE DEVELOPMENT STUDIO), %q(224A), %q(1), %q(5)]).includes ["AUT", "WIN", "SPR", "SUM"]
make([%q(FIELD SURVEYING LABORATORY (CEE 140)), %q(225), %q(3), %q(3)]).includes ["NOT GIVEN THIS YEAR"]
make([%q(LIFE CYCLE ASSESSMENT FOR COMPLEX SYSTEMS), %q(226), %q(3), %q(4)]).includes ["AUT"]
make([%q(ADVANCED TOPICS IN INTEGRATED, ENERGY-EFFICIENT BUILDING DESIGN), %q(226E), %q(2), %q(3)]).includes ["SPR"]
make([%q(GLOBAL PROJECT FINANCE), %q(227), %q(3), %q(5)]).includes ["WIN"]
make([%q(ENERGY SYSTEM DESIGN IN EASTERN EUROPE (CEE 127A)), %q(227A), %q(2), %q(2)]).includes ["AUT"]
make([%q(INFRASTRUCTURE, DISRUPTIVE TECHNOLOGIES AND ENTREPRENEURSHIP. (CEE 127E)), %q(227E), %q(1), %q(1)]).includes ["NOT GIVEN THIS YEAR"]
make([%q(INNOVATIVE GLOBAL CONSTRUCTION TECHNOLOGY), %q(228), %q(2), %q(2)]).includes ["NOT GIVEN THIS YEAR"]
make([%q(DESIGN AND CONSTRUCTION FOR SUSTAINABILITY IN EXTREME ENVIRONMENTS), %q(228C), %q(2), %q(2)]).includes ["NOT GIVEN THIS YEAR"]
make([%q(CLIMATE CHANGE ADAPTATION FOR SEAPORTS: ENGINEERING AND POLICY FOR A SUSTAINABLE FUTURE (CEE 129)), %q(229), %q(3), %q(3)]).includes ["NOT GIVEN THIS YEAR"]
make([%q(CLIMATE CHANGE ADAPTATION IN THE COASTAL BUILT ENVIRONMENT (CEE 129S)), %q(229S), %q(1), %q(1)]).includes ["NOT GIVEN THIS YEAR"]
make([%q(INTERPLAY OF ARCHITECTURE AND ENGINEERING (CEE 132)), %q(232), %q(4), %q(4)]).includes ["NOT GIVEN THIS YEAR"]
make([%q(ADVANCED RHINOCEROS MODELING AND WORKFLOWS (CEE 133)), %q(233), %q(3), %q(3)]).includes ["NOT GIVEN THIS YEAR"]
make([%q(INTERMEDIATE ARCH STUDIO (CEE 134B)), %q(234B), %q(4), %q(4)]).includes ["AUT", "WIN"]
make([%q(GREEN ARCHITECTURE (CEE 136)), %q(236), %q(4), %q(4)]).includes ["NOT GIVEN THIS YEAR"]
make([%q(ADVANCED ARCHITECTURE STUDIO (CEE 137B)), %q(237B), %q(5), %q(5)]).includes ["SPR"]
make([%q(INFRASTRUCTURE PROJECT DEVELOPMENT (CEE 141A)), %q(241A), %q(3), %q(3)]).includes ["AUT"]
make([%q(INFRASTRUCTURE PROJECT DELIVERY (CEE 141B)), %q(241B), %q(3), %q(3)]).includes ["WIN"]
make([%q(GLOBAL INFRASTRUCTURE PROJECTS SEMINAR (CEE 141C)), %q(241C), %q(1), %q(2)]).includes ["SPR"]
make([%q(INTEGRATED  MANAGEMENT OF FABRICATION AND CONSTRUCTION), %q(241P), %q(3), %q(4)]).includes ["WIN"]
make([%q(FUNDAMENTALS OF MANAGING FABRICATION AND CONSTRUCTION), %q(241T), %q(2), %q(2)]).includes ["AUT"]
make([%q(NEGOTIATING SUSTAINABLE DEVELOPMENT (CEE 142A, EARTHSYS 142A, EARTHSYS 242A)), %q(242A), %q(3), %q(3)]).includes ["NOT GIVEN THIS YEAR"]
make([%q(DESIGNING PROJECT ORGANIZATIONS), %q(242P), %q(2), %q(2)]).includes ["WIN"]
make([%q(ORGANIZATIONAL BEHAVIOR AND DESIGN FOR CONSTRUCTION), %q(242T), %q(2), %q(2)]).includes ["AUT"]
make([%q(FUNDAMENTALS OF CONSTRUCTION ACCOUNTING AND FINANCE), %q(244), %q(2), %q(2)]).includes ["AUT"]
make([%q(SUSTAINABLE BANKING SEMINAR), %q(244A), %q(1), %q(1)]).includes ["SPR"]
make([%q(GLOBAL PROJECT SEMINAR), %q(245A), %q(3), %q(3)]).includes ["NOT GIVEN THIS YEAR"]
make([%q(ENTREPRENEURSHIP IN CIVIL & ENVIRONMENTAL ENGINEERING), %q(246), %q(3), %q(4)]).includes ["SPR"]
make([%q(ENGINEERING ECONOMY (CEE 146A)), %q(246A), %q(3), %q(3)]).includes ["WIN"]
make([%q(ENGINEERING ECONOMY PRIMER), %q(246A), %q(2), %q(2)]).includes ["NOT GIVEN THIS YEAR"]
make([%q(REAL ESTATE FINANCE SEMINAR), %q(246B), %q(1), %q(1)]).includes ["SPR"]
make([%q(CASES IN PERSONALITY, LEADERSHIP, AND NEGOTIATION (CEE 147)), %q(247), %q(3), %q(3)]).includes ["NOT GIVEN THIS YEAR"]
make([%q(NETWORK GOVERNANCE), %q(247A), %q(3), %q(4)]).includes ["WIN"]
make([%q(REAL ESTATE DEVELOPMENT), %q(248), %q(3), %q(3)]).includes ["SPR"]
make([%q(CERTIFYING GREEN BUILDINGS), %q(248G), %q(1), %q(1)]).includes ["NOT GIVEN THIS YEAR"]
make([%q(LABOR AND INDUSTRIAL RELATIONS: NEGOTIATIONS, STRIKES, AND DISPUTE RESOLUTION), %q(249), %q(2), %q(2)]).includes ["WIN"]
make([%q(NEGOTIATION (CEE 151, EARTHSCI 251)), %q(251), %q(3), %q(3)]).includes ["WIN"]
make([%q(CONSTRUCTION METHODS FOR CONCRETE AND STEEL STRUCTURES), %q(252), %q(3), %q(3)]).includes ["NOT GIVEN THIS YEAR"]
make([%q(ELECTRICAL SYSTEMS PRACTICUM (EE 252E)), %q(252E), %q(1), %q(1)]).includes ["WIN"]
make([%q(CONSTRUCTION ENGINEERING PRACTICUM), %q(252P), %q(1), %q(2)]).includes ["WIN"]
make([%q(EARTHWORK CONSTRUCTION), %q(253A), %q(1), %q(1)]).includes ["NOT GIVEN THIS YEAR"]
make([%q(CASES IN ESTIMATING COSTS (CEE 154)), %q(254), %q(3), %q(3)]).includes ["NOT GIVEN THIS YEAR"]
make([%q(BUILDING SYSTEMS (CEE 156)), %q(256), %q(4), %q(4)]).includes ["WIN"]
make([%q(DONALD R. WATSON SEMINAR IN CONSTRUCTION ENGINEERING AND MANAGEMENT), %q(258), %q(1), %q(1)]).includes ["AUT"]
make([%q(DONALD R. WATSON SEMINAR IN CONSTRUCTION ENGINEERING AND MANAGEMENT), %q(258B), %q(1), %q(1)]).includes ["NOT GIVEN THIS YEAR"]
make([%q(CONSTRUCTION PROBLEMS), %q(259A), %q(1), %q(3)]).includes ["AUT"]
make([%q(CONSTRUCTION PROBLEMS), %q(259B), %q(1), %q(3)]).includes ["WIN"]
make([%q(PHYSICAL HYDROGEOLOGY (EESS 220)), %q(260A), %q(4), %q(4)]).includes ["AUT"]
make([%q(SURFACE AND NEAR-SURFACE HYDROLOGIC RESPONSE (GES 237)), %q(260B), %q(3), %q(3)]).includes ["ALTERNATE YEARS", "GIVEN NEXT YEAR"]
make([%q(CONTAMINANT HYDROGEOLOGY AND REACTIVE TRANSPORT (EESS 221, GES 225)), %q(260C), %q(4), %q(4)]).includes ["WIN"]
make([%q(HYDRODYNAMICS), %q(262A), %q(3), %q(4)]).includes ["AUT"]
make([%q(TRANSPORT AND MIXING IN SURFACE WATER FLOWS), %q(262B), %q(3), %q(4)]).includes ["WIN"]
make([%q(MODELING ENVIRONMENTAL FLOWS), %q(262C), %q(3), %q(3)]).includes ["SPR"]
make([%q(INTRODUCTION TO PHYSICAL OCEANOGRAPHY (CEE 164, EARTHSYS 164, EESS 148)), %q(262D), %q(4), %q(4)]).includes ["WIN"]
make([%q(LAKES AND RESERVOIRS), %q(262E), %q(2), %q(3)]).includes ["NOT GIVEN THIS YEAR"]
make([%q(OCEAN WAVES), %q(262F), %q(3), %q(3)]).includes ["NOT GIVEN THIS YEAR"]
make([%q(AIR POLLUTION MODELING), %q(263A), %q(3), %q(4)]).includes ["SPR"]
make([%q(NUMERICAL WEATHER PREDICTION), %q(263B), %q(3), %q(4)]).includes ["GIVEN NEXT YEAR"]
make([%q(WEATHER AND STORMS (CEE 63)), %q(263C), %q(3), %q(3)]).includes ["AUT"]
make([%q(AIR POLLUTION AND GLOBAL WARMING: HISTORY, SCIENCE, AND SOLUTIONS (CEE 64)), %q(263D), %q(3), %q(3)]).includes ["WIN"]
make([%q(ATMOSPHERE/ENERGY SEMINAR), %q(263S), %q(1), %q(1)]).includes ["AUT", "WIN", "SPR"]
make([%q(SEDIMENT TRANSPORT MODELING), %q(264), %q(3), %q(3)]).includes ["NOT GIVEN THIS YEAR"]
make([%q(RIVERS, STREAMS, AND CANALS (CEE 161A)), %q(264A), %q(3), %q(4)]).includes ["AUT"]
make([%q(SUSTAINABLE WATER RESOURCES DEVELOPMENT), %q(265A), %q(3), %q(3)]).includes ["SPR"]
make([%q(WATER RESOURCES MANAGEMENT (CEE 165C)), %q(265C), %q(3), %q(3)]).includes ["SUM"]
make([%q(WATER AND SANITATION IN DEVELOPING COUNTRIES), %q(265D), %q(1), %q(3)]).includes ["SPR"]
make([%q(WATERSHEDS AND WETLANDS (CEE 166A)), %q(266A), %q(3), %q(3)]).includes ["AUT"]
make([%q(FLOODS AND DROUGHTS, DAMS AND AQUEDUCTS (CEE 166B)), %q(266B), %q(3), %q(3)]).includes ["WIN"]
make([%q(ADVANCED TOPICS IN HYDROLOGY AND WATER RESOURCES), %q(266C), %q(3), %q(3)]).includes ["ALTERNATE YEARS", "GIVEN NEXT YEAR"]
make([%q(WATER RESOURCES AND WATER HAZARDS FIELD TRIPS (CEE 166D)), %q(266D), %q(2), %q(2)]).includes ["WIN"]
make([%q(GROUNDWATER FLOW), %q(268), %q(3), %q(4)]).includes ["WIN"]
make([%q(ENVIRONMENTAL FLUID MECHANICS AND HYDROLOGY SEMINAR), %q(269A), %q(1), %q(1)]).includes ["AUT"]
make([%q(ENVIRONMENTAL FLUID MECHANICS AND HYDROLOGY SEMINAR), %q(269B), %q(1), %q(1)]).includes ["WIN"]
make([%q(ENVIRONMENTAL FLUID MECHANICS AND HYDROLOGY), %q(269C), %q(1), %q(1)]).includes ["SPR"]
make([%q(MOVEMENT AND FATE OF ORGANIC CONTAMINANTS IN  WATERS), %q(270), %q(3), %q(3)]).includes ["AUT"]
make([%q(ENVIRONMENTAL ORGANIC REACTION CHEMISTRY), %q(270B), %q(2), %q(3)]).includes ["SPR"]
make([%q(PHYSICAL AND CHEMICAL TREATMENT PROCESSES), %q(271A), %q(3), %q(3)]).includes ["WIN"]
make([%q(ENVIRONMENTAL BIOTECHNOLOGY), %q(271B), %q(4), %q(4)]).includes ["WIN"]
make([%q(ENVIRONMENTAL CHALLENGES AND POLICIES IN EUROPE (CEE 171E)), %q(271E), %q(3), %q(3)]).includes ["NOT GIVEN THIS YEAR"]
make([%q(NEW INDICATORS OF WELL-BEING AND SUSTAINABILITY (CEE 171F)), %q(271F), %q(3), %q(3)]).includes ["SUM"]
make([%q(TRANSPORT PHENOMENA: MOMENTUM, HEAT AND MASS TRANSPORT (CEE 371M)), %q(271M), %q(3), %q(3)]).includes ["WIN"]
make([%q(COASTAL CONTAMINANTS), %q(272), %q(3), %q(4)]).includes ["AUT"]
make([%q(MODERN POWER SYSTEMS ENGINEERING), %q(272R), %q(3), %q(3)]).includes ["SPR"]
make([%q(GREEN HOUSE GAS MITIGATION (CEE 172S)), %q(272S), %q(1), %q(3)]).includes ["SPR"]
make([%q(SMARTGRIDS AND ADVANCED POWER SYSTEMS SEMINAR (EE 292T)), %q(272T), %q(1), %q(2)]).includes ["WIN", "SPR"]
make([%q(WIND POWER PROJECT DEVELOPMENT), %q(272W), %q(1), %q(1)]).includes ["NOT GIVEN THIS YEAR"]
make([%q(AQUATIC CHEMISTRY), %q(273), %q(3), %q(3)]).includes ["AUT"]
make([%q(WATER CHEMISTRY LABORATORY (CEE 179A)), %q(273A), %q(3), %q(3)]).includes ["WIN"]
make([%q(INTRODUCTION TO MEMBRANE TECHNOLOGY FOR WATER / WASTEWATER TREATMENT (CEE 173C)), %q(273C), %q(3), %q(3)]).includes ["NOT GIVEN THIS YEAR"]
make([%q(INTRODUCTION TO MEMBRANE TECHNOLOGY FOR WATER/WASTEWATER TREATMENT), %q(273C), %q(1), %q(1)]).includes ["NOT GIVEN THIS YEAR"]
make([%q(WASTEWATER TREATMENT PROCESS SIMULATORS AND THEIR USE FOR EMERGING TECHNOLOGIES), %q(273D), %q(2), %q(2)]).includes ["SPR"]
make([%q(CHEMICAL TRANSFORMATION OF ENVIRONMENTAL ORGANIC COMPOUNDS), %q(273S), %q(3), %q(3)]).includes ["NOT GIVEN THIS YEAR"]
make([%q(ENVIRONMENTAL MICROBIOLOGY I (CHEMENG 174, CHEMENG 274)), %q(274A), %q(3), %q(3)]).includes ["AUT"]
make([%q(MICROBIAL BIOENERGY SYSTEMS (CHEMENG 456)), %q(274B), %q(3), %q(3)]).includes ["WIN"]
make([%q(PATHOGENS AND DISINFECTION), %q(274D), %q(3), %q(3)]).includes ["SPR"]
make([%q(PATHOGENS IN THE ENVIRONMENT), %q(274E), %q(3), %q(3)]).includes ["NOT GIVEN THIS YEAR"]
make([%q(ENVIRONMENTAL HEALTH MICROBIOLOGY LAB), %q(274P), %q(3), %q(4)]).includes ["SPR"]
make([%q(HOPKINS MICROBIOLOGY COURSE (BIO 274S, BIOHOPK 274, EESS 253S)), %q(274S), %q(3), %q(12)]).includes ["NOT GIVEN THIS YEAR"]
make([%q(CALIFORNIA COAST: SCIENCE, POLICY, AND LAW (CEE 175A, EARTHSYS 175, EARTHSYS 275)), %q(275A), %q(3), %q(4)]).includes ["ALTERNATE YEARS", "GIVEN NEXT YEAR"]
make([%q(PROCESS DESIGN FOR ENVIRONMENTAL BIOTECHNOLOGY), %q(275B), %q(3), %q(3)]).includes ["NOT GIVEN THIS YEAR"]
make([%q(WATER, SANITATION AND HEALTH), %q(275C), %q(1), %q(4)]).includes ["NOT GIVEN THIS YEAR"]
make([%q(THE PRACTICE OF ENVIRONMENTAL CONSULTING), %q(275K), %q(2), %q(2)]).includes ["WIN"]
make([%q(ENVIRONMENTAL ENTREPRENEURSHIP AND INNOVATION (CEE 175S)), %q(275S), %q(1), %q(1)]).includes ["SUM"]
make([%q(INTRODUCTION TO HUMAN EXPOSURE ANALYSIS (CEE 178)), %q(276), %q(3), %q(3)]).includes ["SPR"]
make([%q(ENVIRONMENTAL TOXICANTS), %q(276E), %q(2), %q(3)]).includes ["NOT GIVEN THIS YEAR"]
make([%q(ENERGY SYSTEMS FIELD TRIPS: CHINA ENERGY SYSTEMS (CEE 176F)), %q(276F), %q(1), %q(2)]).includes ["WIN"]
make([%q(INSTRUMENTAL ANALYSIS OF MICROCONSTITUENTS IN THE ENVIRONMENT (CEE 176S)), %q(276S), %q(3), %q(3)]).includes ["NOT GIVEN THIS YEAR"]
make([%q(ENVIRONMENTAL GOVERNANCE (ENVRES 250)), %q(277C), %q(3), %q(3)]).includes ["WIN", "ALTERNATE YEARS", "NOT GIVEN NEXT YEAR"]
make([%q(WATER, HEALTH & DEVELOPMENT IN AFRICA), %q(277D), %q(1), %q(1)]).includes ["NOT GIVEN THIS YEAR"]
make([%q(ADVANCED FIELD METHODS IN WATER, HEALTH AND DEVELOPMENT), %q(277F), %q(1), %q(10)]).includes ["AUT", "WIN", "SPR", "SUM"]
make([%q(ENVIRONMENTAL INFORMATION ENGINEERING (CEE 177K)), %q(277K), %q(2), %q(3)]).includes ["NOT GIVEN THIS YEAR"]
make([%q(SMART CITIES & COMMUNITIES (CEE 177L)), %q(277L), %q(2), %q(3)]).includes ["SUM"]
make([%q(DESIGN FOR A SUSTAINABLE WORLD (CEE 177S)), %q(277S), %q(1), %q(5)]).includes ["SPR"]
make([%q(CURRENT TOPICS IN SUSTAINABLE ENGINEERING (CEE 177X)), %q(277X), %q(1), %q(2)]).includes ["WIN"]
make([%q(AIR POLLUTION FUNDAMENTALS), %q(278A), %q(3), %q(4)]).includes ["AUT"]
make([%q(ATMOSPHERIC AEROSOLS), %q(278B), %q(3), %q(3)]).includes ["ALTERNATE YEARS", "GIVEN NEXT YEAR"]
make([%q(INDOOR AIR QUALITY (CEE 172A)), %q(278C), %q(2), %q(3)]).includes ["SPR"]
make([%q(ENVIRONMENTAL ENGINEERING SEMINAR), %q(279), %q(1), %q(1)]).includes ["AUT", "WIN", "SPR"]
make([%q(URBAN HYDROLOGY), %q(279H), %q(1), %q(1)]).includes ["AUT"]
make([%q(SEMINAR: ISSUES IN ENVIRONMENTAL SCIENCE, TECHNOLOGY AND SUSTAINABILITY (CEE 179S, EARTHSYS 179S, EESS 179S)), %q(279S), %q(1), %q(2)]).includes ["SUM"]
make([%q(ADVANCED STRUCTURAL ANALYSIS), %q(280), %q(3), %q(4)]).includes ["AUT"]
make([%q(MECHANICS AND FINITE ELEMENTS), %q(281), %q(3), %q(3)]).includes ["WIN"]
make([%q(NONLINEAR STRUCTURAL ANALYSIS), %q(282), %q(3), %q(4)]).includes ["WIN"]
make([%q(STRUCTURAL DYNAMICS), %q(283), %q(3), %q(4)]).includes ["WIN"]
make([%q(FINITE ELEMENT  METHODS IN STRUCTURAL DYNAMICS), %q(284), %q(3), %q(4)]).includes ["SPR"]
make([%q(ADVANCED STRUCTURAL CONCRETE BEHAVIOR AND DESIGN), %q(285A), %q(3), %q(4)]).includes ["AUT"]
make([%q(ADVANCED STRUCTURAL STEEL BEHAVIOR AND DESIGN), %q(285B), %q(3), %q(4)]).includes ["WIN"]
make([%q(EARTHQUAKE RESISTANT DESIGN AND CONSTRUCTION), %q(287), %q(3), %q(4)]).includes ["SPR"]
make([%q(INTRODUCTION TO PERFORMANCE BASED EARTHQUAKE ENGINEERING), %q(288), %q(3), %q(4)]).includes ["SPR"]
make([%q(RANDOM VIBRATIONS), %q(289), %q(3), %q(4)]).includes ["NOT GIVEN THIS YEAR"]
make([%q(STRUCTURAL PERFORMANCE AND FAILURES), %q(290), %q(2), %q(2)]).includes ["SPR"]
make([%q(SOLID MECHANICS), %q(291), %q(3), %q(3)]).includes ["AUT"]
make([%q(COMPUTATIONAL MICROMECHANICS), %q(292), %q(3), %q(3)]).includes ["SPR"]
make([%q(FOUNDATIONS AND EARTH STRUCTURES), %q(293), %q(3), %q(3)]).includes ["WIN"]
make([%q(COMPUTATIONAL POROMECHANICS), %q(294), %q(3), %q(3)]).includes ["SPR"]
make([%q(PLASTICITY MODELING AND COMPUTATION), %q(295), %q(3), %q(3)]).includes ["GIVEN NEXT YEAR"]
make([%q(SPECIAL TOPICS IN FLUID-SOLID INTERACTIONS), %q(296), %q(2), %q(2)]).includes ["NOT GIVEN THIS YEAR"]
make([%q(ISSUES IN GEOTECHNICAL AND ENVIRONMENTAL FAILURES), %q(297), %q(3), %q(3)]).includes ["NOT GIVEN THIS YEAR"]
make([%q(MANAGING CRITICAL INFRASTRUCTURE), %q(297M), %q(2), %q(2)]).includes ["SPR"]
make([%q(LARGE DEFORMATION COMPUTATIONAL INELASTICITY), %q(297Q), %q(3), %q(3)]).includes ["WIN"]
make([%q(STRUCTURAL GEOLOGY AND ROCK MECHANICS (GEOPHYS 251, GES 215)), %q(297R), %q(4), %q(4)]).includes ["AUT"]
make([%q(STRUCTURAL ENGINEERING AND GEOMECHANICS SEMINAR), %q(298), %q(1), %q(1)]).includes ["WIN"]
make([%q(INDEPENDENT STUDY IN CIVIL ENGINEERING), %q(299), %q(1), %q(5)]).includes ["AUT", "WIN", "SPR", "SUM"]
make([%q(INDEPENDENT PROJECT IN CIVIL AND ENVIRONMENTAL ENGINEERING), %q(299L), %q(1), %q(4)]).includes ["AUT", "WIN", "SPR", "SUM"]
make([%q(INDEPENDENT PROJECT IN CIVIL AND ENVIRONMENTAL ENGINEERING), %q(299S), %q(1), %q(4)]).includes ["AUT", "WIN", "SPR"]
make([%q(THESIS (ENGINEER DEGREE)), %q(300), %q(1), %q(15)]).includes ["AUT", "WIN", "SPR", "SUM"]
make([%q(THE ENERGY SEMINAR (ENERGY 301)), %q(301), %q(1), %q(1)]).includes ["AUT", "WIN", "SPR"]
make([%q(DAMAGE AND FAILURE MECHANICS OF STRUCTURAL SYSTEMS), %q(305), %q(3), %q(4)]).includes ["SPR"]
make([%q(SUSTAINABLE BUILT ENVIRONMENT RESEARCH), %q(316), %q(3), %q(3)]).includes ["WIN"]
make([%q(INTEGRATED FACILITY ENGINEERING), %q(320), %q(1), %q(1)]).includes ["WIN", "SPR"]
make([%q(FORMAL MODELS FOR DESIGN), %q(321), %q(3), %q(3)]).includes ["NOT GIVEN THIS YEAR"]
make([%q(COMPUTATIONAL MODELING OF ORGANIZATIONS), %q(342), %q(4), %q(4)]).includes ["NOT GIVEN THIS YEAR", "GIVEN NEXT YEAR"]
make([%q(GAME THEORY MODELING IN ENGINEERING), %q(345), %q(2), %q(3)]).includes ["NOT GIVEN THIS YEAR"]
make([%q(TURBULENCE MODELING FOR ENVIRONMENTAL FLUID MECHANICS), %q(361), %q(2), %q(4)]).includes ["SPR"]
make([%q(NUMERICAL MODELING OF SUBSURFACE PROCESSES), %q(362), %q(3), %q(4)]).includes ["ALTERNATE YEARS", "GIVEN NEXT YEAR"]
make([%q(STOCHASTIC INVERSE MODELING AND DATA ASSIMILATION METHODS), %q(362G), %q(3), %q(4)]).includes ["SPR"]
make([%q(HETEROGENEITY AND SCALE IN GROUNDWATER), %q(362H), %q(3), %q(4)]).includes ["NOT GIVEN THIS YEAR"]
make([%q(MECHANICS OF STRATIFIED FLOWS), %q(363A), %q(3), %q(3)]).includes ["AUT"]
make([%q(OCEAN AND ESTUARINE MODELING), %q(363C), %q(3), %q(3)]).includes ["NOT GIVEN THIS YEAR"]
make([%q(OCEANIC FLUID DYNAMICS (EESS 363F)), %q(363F), %q(3), %q(3)]).includes ["GIVEN NEXT YEAR"]
make([%q(FIELD TECHNIQUES IN COASTAL OCEANOGRAPHY), %q(363G), %q(3), %q(3)]).includes ["SPR"]
make([%q(ADVANCED TOPICS IN GEOPHYSICAL FLUID DYNAMICS (EESS 364F)), %q(364F), %q(2), %q(3)]).includes ["NOT GIVEN THIS YEAR"]
make([%q(ADVANCED TOPICS IN COASTAL OCEANOGRAPHY), %q(364Y), %q(1), %q(2)]).includes ["NOT GIVEN THIS YEAR"]
make([%q(ADVANCED TOPICS IN ENVIRONMENTAL FLUID MECHANICS AND HYDROLOGY), %q(365A), %q(2), %q(6)]).includes ["AUT"]
make([%q(ADVANCED TOPICS IN ENVIRONMENTAL FLUID MECHANICS AND HYDROLOGY), %q(365B), %q(2), %q(6)]).includes ["WIN"]
make([%q(ADVANCED TOPICS IN ENVIRONMENTAL FLUID MECHANICS AND HYDROLOGY), %q(365C), %q(2), %q(6)]).includes ["SPR"]
make([%q(ADVANCED TOPICS IN ENVIRONMENTAL FLUID MECHANICS AND HYDROLOGY), %q(365D), %q(2), %q(6)]).includes ["SUM"]
make([%q(ENVIRONMENTAL RESEARCH), %q(370A), %q(5), %q(6)]).includes ["AUT"]
make([%q(ENVIRONMENTAL RESEARCH), %q(370B), %q(5), %q(6)]).includes ["WIN"]
make([%q(ENVIRONMENTAL RESEARCH), %q(370C), %q(5), %q(6)]).includes ["SPR"]
make([%q(ENVIRONMENTAL RESEARCH), %q(370D), %q(3), %q(6)]).includes ["SUM"]
make([%q(FRONTIERS IN ENVIRONMENTAL RESEARCH), %q(371), %q(1), %q(2)]).includes ["AUT", "WIN", "SPR"]
make([%q(TRANSPORT PHENOMENA: MOMENTUM, HEAT AND MASS TRANSPORT (CEE 271M)), %q(371M), %q(3), %q(3)]).includes ["WIN"]
make([%q(INTRODUCTION TO PHYSIOLOGY OF MICROBES IN BIOFILMS), %q(374A), %q(1), %q(6)]).includes ["AUT"]
make([%q(INTRODUCTION TO PHYSIOLOGY OF MICROBES IN BIOFILMS), %q(374B), %q(1), %q(6)]).includes ["WIN"]
make([%q(INTRODUCTION TO PHYSIOLOGY OF MICROBES IN BIOFILMS), %q(374C), %q(1), %q(6)]).includes ["SPR"]
make([%q(INTRODUCTION TO PHYSIOLOGY OF MICROBES IN BIOFILMS), %q(374D), %q(1), %q(6)]).includes ["SUM"]
make([%q(ADVANCED TOPICS IN MICROBIAL POLLUTION), %q(374S), %q(1), %q(5)]).includes ["AUT", "WIN", "SPR", "SUM"]
make([%q(ADVANCED TOPICS IN COASTAL POLLUTION), %q(374T), %q(1), %q(5)]).includes ["AUT", "WIN", "SPR", "SUM"]
make([%q(ADVANCED TOPICS IN SUBMARINE GROUNDWATER DISCHARGE), %q(374U), %q(1), %q(5)]).includes ["AUT", "WIN", "SPR", "SUM"]
make([%q(ADVANCED TOPICS IN MICROBIAL SOURCE TRACKING), %q(374V), %q(1), %q(5)]).includes ["AUT", "WIN", "SPR", "SUM"]
make([%q(ADVANCED TOPICS IN WATER, HEALTH AND DEVELOPMENT), %q(374W), %q(1), %q(12)]).includes ["AUT", "WIN", "SPR", "SUM"]
make([%q(ADVANCED TOPICS IN MULTIVARIATE STATISTICAL ANALYSIS), %q(374X), %q(1), %q(6)]).includes ["AUT", "WIN", "SPR", "SUM"]
make([%q(ADVANCED METHODS IN PATHOGEN DETECTION), %q(375), %q(2), %q(2)]).includes ["NOT GIVEN THIS YEAR"]
make([%q(RESEARCH PROPOSAL WRITING IN ENVIRONMENTAL ENGINEERING AND SCIENCE), %q(377), %q(1), %q(3)]).includes ["AUT", "WIN", "SPR", "SUM"]
make([%q(STATISTICAL ANALYSIS OF ENVIRONMENTAL DATA: TOOLS AND APPLICATIONS), %q(378), %q(2), %q(3)]).includes ["NOT GIVEN THIS YEAR"]
make([%q(SEMINAR OF STATISTICAL ANALYSIS OF MULTIDISCIPLINARY PRIMARY DATA), %q(378D), %q(1), %q(3)]).includes ["NOT GIVEN THIS YEAR"]
make([%q(ADVANCED ENGINEERING INFORMATICS), %q(381), %q(1), %q(4)]).includes ["AUT", "WIN", "SPR", "SUM"]
make([%q(PERFORMANCE-BASED EARTHQUAKE ENGINEERING), %q(385), %q(2), %q(3)]).includes ["AUT"]
make([%q(FUNDAMENTALS AND APPLICATIONS OF WIND ENGINEERING), %q(386), %q(3), %q(3)]).includes ["AUT"]
make([%q(REPORT ON CIVIL ENGINEERING TRAINING), %q(398), %q(1), %q(1)]).includes ["AUT", "WIN", "SPR", "SUM"]
make([%q(ADVANCED ENGINEERING PROBLEMS), %q(399), %q(1), %q(10)]).includes ["AUT", "WIN", "SPR", "SUM"]
make([%q(THESIS (PH.D. DEGREE)), %q(400), %q(1), %q(15)]).includes ["AUT", "WIN", "SPR", "SUM"]
make([%q(TGR PROJECT (ENGINEER DEGREE)), %q(801), %q(0), %q(0)]).includes ["AUT", "WIN", "SPR", "SUM"]
make([%q(TGR DISSERTATION (PHD DEGREE)), %q(802), %q(0), %q(0)]).includes ["AUT", "WIN", "SPR", "SUM"]
