make([%q(EIGHT GREAT ARCHAEOLOGICAL SITES IN EUROPE), %q(21Q), %q(3), %q(5)]).includes ["AUT", "SPR"]
make([%q(POMPEII (ARCHLGY 42)), %q(42), %q(3), %q(5)]).includes ["WIN"]
make([%q(INTRODUCTION TO ROMAN ARCHAEOLOGY (ARCHLGY 81)), %q(81), %q(3), %q(5)]).includes ["SPR"]
make([%q(ARCHAIC GREEK ART (ARTHIST 101, ARTHIST 301, CLASSART 201)), %q(101), %q(4), %q(4)]).includes ["AUT"]
make([%q(EMPIRE AND AFTERMATH: GREEK ART FROM THE PARTHENON TO PRAXITELES (ARTHIST 102, ARTHIST 302)), %q(102), %q(4), %q(4)]).includes ["WIN"]
make([%q(INTRODUCTION TO THE HISTORY OF ARCHITECTURE- DOMES: FROM THE PANTHEON TO THE PRESENT (ARTHIST 3)), %q(103), %q(5), %q(5)]).includes ["SPR"]
make([%q(THE BODY IN ROMAN ART), %q(105), %q(4), %q(5)]).includes ["SPR"]
make([%q(BYZANTINE ART AND ARCHITECTURE, 300-1453 C.E. (ARTHIST 106, ARTHIST 306, CLASSART 206)), %q(106), %q(4), %q(4)]).includes ["SPR"]
make([%q(ARCHITECTURE, ACOUSTICS AND RITUAL IN BYZANTIUM (ARTHIST 208C, ARTHIST 408C, CLASSART 208, MUSIC 208C, MUSIC 408C, REES 208C, REES 408C, RELIGST 208C, RELIGST 308C)), %q(108), %q(1), %q(3)]).includes ["AUT", "WIN", "SPR"]
make([%q(GREEK ART IN AND OUT OF CONTEXT (ARTHIST 203)), %q(109), %q(4), %q(5)]).includes ["AUT"]
make([%q(APPROPRIATIONS OF GREEK ART), %q(110), %q(4), %q(5)]).includes ["NOT GIVEN THIS YEAR"]
make([%q(TEN THINGS: AN ARCHAEOLOGY OF DESIGN (CLASSART 213)), %q(113), %q(3), %q(5)]).includes ["WIN"]
make([%q(ART & ARCHITECTURE IN THE MEDIEVAL MEDITERRANEAN (ARTHIST 105, ARTHIST 305, CLASSART 215)), %q(115), %q(4), %q(4)]).includes ["NOT GIVEN THIS YEAR"]
make([%q(ARCHITECTURE & POWER: ENGINEERING THE ROMAN EMPIRE (ARCHLGY 118)), %q(117), %q(3), %q(4)]).includes ["WIN"]
make([%q(HAGIA SOPHIA (ARTHIST 208)), %q(118), %q(5), %q(5)]).includes ["NOT GIVEN THIS YEAR"]
make([%q(ART AND RELIGIOUS EXPERIENCE IN BYZANTIUM AND ISLAM (ARTHIST 209, ARTHIST 309)), %q(139), %q(5), %q(5)]).includes ["NOT GIVEN THIS YEAR"]
make([%q(CLASSICAL ARCHAEOLOGY TODAY: ETHICAL ISSUES OF EXCAVATION, OWNERSHIP, AND DISPLAY (ARCHLGY 143)), %q(143), %q(3), %q(5)]).includes ["WIN"]
make([%q(SAILING THE WINE-DARK SEA: MARITIME ARCHAEOLOGY OF THE ANCIENT MEDITERRANEAN (ARCHLGY 145)), %q(145), %q(3), %q(4)]).includes ["AUT"]
make([%q(ARCHAIC GREEK ART (ARTHIST 101, ARTHIST 301, CLASSART 101)), %q(201), %q(4), %q(4)]).includes ["AUT"]
make([%q(BYZANTINE ART AND ARCHITECTURE, 300-1453 C.E. (ARTHIST 106, ARTHIST 306, CLASSART 106)), %q(206), %q(4), %q(4)]).includes ["SPR"]
make([%q(ARCHITECTURE, ACOUSTICS AND RITUAL IN BYZANTIUM (ARTHIST 208C, ARTHIST 408C, CLASSART 108, MUSIC 208C, MUSIC 408C, REES 208C, REES 408C, RELIGST 208C, RELIGST 308C)), %q(208), %q(1), %q(3)]).includes ["AUT", "WIN", "SPR"]
make([%q(TEN THINGS: AN ARCHAEOLOGY OF DESIGN (CLASSART 113)), %q(213), %q(3), %q(5)]).includes ["WIN"]
make([%q(ART & ARCHITECTURE IN THE MEDIEVAL MEDITERRANEAN (ARTHIST 105, ARTHIST 305, CLASSART 115)), %q(215), %q(4), %q(4)]).includes ["NOT GIVEN THIS YEAR"]
make([%q(LOST AND FOUND: ROMAN COINAGE (ARCHLGY 142, ARCHLGY 242)), %q(232), %q(4), %q(5)]).includes ["NOT GIVEN THIS YEAR"]
make([%q(ART, EKPHRASIS, AND MUSIC IN BYZANTIUM AND ISLAM (ARTHIST 405)), %q(305), %q(5), %q(5)]).includes ["NOT GIVEN THIS YEAR"]
make([%q(ANIMATION, PERFORMANCE, PRESENCE IN MEDIEVAL ART (ARTHIST 411)), %q(311), %q(5), %q(5)]).includes ["SPR"]
make([%q(DOING BUSINESS IN CLASSICAL ANTIQUITY: MEDITERRANEAN EXCHANGE (ARCHLGY 327)), %q(327), %q(3), %q(5)]).includes ["SPR"]
make([%q(MODELS IN ARCHAEOLOGY (ARCHLGY 335)), %q(335), %q(3), %q(5)]).includes ["SPR"]
make([%q(ARCHAEOLOGY OF ROMAN SLAVERY (ARCHLGY 342)), %q(342), %q(4), %q(5)]).includes ["WIN"]
