make([%q(PRE-FIELD COURSE FOR URBAN STUDIES ALTERNATIVE SPRING BREAK), %q(100A), %q(1), %q(1)]).includes ["WIN"]
make([%q(PREPARING FOR YOUR COMMUNITY BASED INTERNSHIP (EARTHSYS 9, HUMBIO 9)), %q(101), %q(1), %q(1)]).includes ["SPR"]
make([%q(SOCIAL AND URBAN DEVELOPMENT IN BEIJING: FIELD OBSERVATION & SERVICE LEARNING), %q(102), %q(4), %q(4)]).includes ["SPR"]
make([%q(CITY, SOCIETY, LITERATURE- 19TH CENTURY HISTORIES (HISTORY 206A, HISTORY 306A)), %q(106), %q(4), %q(4)]).includes ["SPR"]
make([%q(UTOPIA AND REALITY: INTRODUCTION TO URBAN STUDIES), %q(110), %q(4), %q(4)]).includes ["AUT", "SPR"]
make([%q(URBAN POLITICS (AMSTUD 121Z, POLISCI 121, PUBLPOL 133)), %q(111), %q(5), %q(5)]).includes ["WIN"]
make([%q(THE URBAN UNDERCLASS (SOC 149, SOC 249)), %q(112), %q(5), %q(5)]).includes ["NOT GIVEN THIS YEAR"]
make([%q(INTRODUCTION TO URBAN DESIGN: CONTEMPORARY URBAN DESIGN IN THEORY AND PRACTICE), %q(113), %q(5), %q(5)]).includes ["WIN"]
make([%q(URBAN CULTURE IN GLOBAL PERSPECTIVE (ANTHRO 126)), %q(114), %q(5), %q(5)]).includes ["SPR"]
make([%q(URBAN SUSTAINABILITY: LONG-TERM ARCHAEOLOGICAL PERSPECTIVES (CLASSGEN 123, CLASSGEN 223)), %q(115), %q(3), %q(5)]).includes ["WIN"]
make([%q(PUBLIC SCHOLARSHIP & SOCIAL CHANGE), %q(121), %q(2), %q(2)]).includes ["SPR"]
make([%q(ETHICS AND POLITICS OF PUBLIC SERVICE (CSRE 178, ETHICSOC 133, HUMBIO 178, PHIL 175A, PHIL 275A, POLISCI 133, PUBLPOL 103D)), %q(122), %q(5), %q(5)]).includes ["SPR"]
make([%q(APPROACHING RESEARCH AND THE COMMUNITY), %q(123), %q(2), %q(3)]).includes ["AUT"]
make([%q(SPATIAL APPROACHES TO SOCIAL SCIENCE (ANTHRO 130D, ANTHRO 230D, POLISCI 241S)), %q(124), %q(5), %q(5)]).includes ["WIN"]
make([%q(SPIRITUALITY AND NONVIOLENT URBAN AND SOCIAL TRANSFORMATION (CSRE 162A, RELIGST 162)), %q(126), %q(3), %q(3)]).includes ["SPR"]
make([%q(COMMUNITY PLANNING WORKSHOP), %q(127), %q(4), %q(5)]).includes ["NOT GIVEN NEXT YEAR"]
make([%q(COMMUNITY MAPPING PRACTICUM), %q(128), %q(4), %q(4)]).includes ["NOT GIVEN THIS YEAR"]
make([%q(VIP: VERY IMPACTFUL PEOPLE - SOCIAL INNOVATION & THE SOCIAL ENTREPRENEUR), %q(131), %q(1), %q(1)]).includes ["AUT", "SPR"]
make([%q(CONCEPTS AND ANALYTIC SKILLS FOR THE SOCIAL SECTOR), %q(132), %q(4), %q(4)]).includes ["WIN"]
make([%q(SOCIAL ENTREPRENEURSHIP COLLABORATORY), %q(133), %q(4), %q(4)]).includes ["AUT", "SPR"]
make([%q(INNOVATIONS IN MICROCREDIT AND DEVELOPMENT FINANCE), %q(137), %q(4), %q(4)]).includes ["SPR"]
make([%q(URBAN ETHNOGRAPHY (ANTHRO 102)), %q(140), %q(5), %q(5)]).includes ["NOT GIVEN THIS YEAR"]
make([%q(CITIES AND CITIZENS IN THE MIDDLE EAST (ANTHRO 149A)), %q(144), %q(4), %q(4)]).includes ["WIN"]
make([%q(INTERNATIONAL URBANIZATION SEMINAR: CROSS-CULTURAL COLLABORATION FOR SUSTAINABLE URBAN DEVELOPMENT (EARTHSYS 138, IPS 274)), %q(145), %q(4), %q(5)]).includes ["SPR"]
make([%q(HISTORY OF SAN FRANCISCO), %q(150), %q(5), %q(5)]).includes ["NOT GIVEN NEXT YEAR"]
make([%q(ENVIRONMENTAL POLICY AND THE CITY IN U.S. HISTORY), %q(160), %q(5), %q(5)]).includes ["NOT GIVEN THIS YEAR"]
make([%q(U.S. URBAN HISTORY SINCE 1920), %q(161), %q(5), %q(5)]).includes ["SPR"]
make([%q(MANAGING LOCAL GOVERNMENTS), %q(162), %q(4), %q(4)]).includes ["NOT GIVEN THIS YEAR"]
make([%q(LAND USE CONTROL), %q(163), %q(4), %q(4)]).includes ["NOT GIVEN NEXT YEAR"]
make([%q(SUSTAINABLE CITIES), %q(164), %q(4), %q(5)]).includes ["WIN"]
make([%q(SUSTAINABLE URBAN AND REGIONAL TRANSPORTATION PLANNING), %q(165), %q(4), %q(5)]).includes ["AUT"]
make([%q(EAST PALO ALTO: READING URBAN CHANGE), %q(166), %q(5), %q(5)]).includes ["GIVEN NEXT YEAR"]
make([%q(THE AUTOMOBILE AND THE CITY), %q(167), %q(4), %q(4)]).includes ["WIN"]
make([%q(URBAN DESIGN STUDIO), %q(171), %q(5), %q(5)]).includes ["SPR"]
make([%q(DESIGN APPROACHES TO MENDING A CITY: RETHINKING THE 101 IN EAST PALO ALTO (CEE 134C)), %q(172), %q(4), %q(4)]).includes ["GIVEN NEXT YEAR"]
make([%q(THE URBAN ECONOMY (PUBLPOL 174)), %q(173), %q(4), %q(4)]).includes ["SPR"]
make([%q(URBAN PROFESSIONS SEMINAR), %q(190), %q(1), %q(1)]).includes ["NOT GIVEN THIS YEAR"]
make([%q(INTERNSHIP IN URBAN STUDIES), %q(194), %q(2), %q(4)]).includes ["AUT", "WIN", "SPR"]
make([%q(SPECIAL PROJECTS IN URBAN STUDIES), %q(195), %q(1), %q(5)]).includes ["AUT", "WIN", "SPR"]
make([%q(DIRECTED READING), %q(197), %q(1), %q(5)]).includes ["AUT", "WIN", "SPR"]
make([%q(SENIOR RESEARCH IN PUBLIC SERVICE), %q(198), %q(1), %q(3)]).includes ["AUT", "WIN", "SPR"]
make([%q(SENIOR HONORS THESIS), %q(199), %q(1), %q(10)]).includes ["AUT", "WIN", "SPR"]
make([%q(PREPARATION FOR SENIOR PROJECT (SOC 201)), %q(201), %q(5), %q(5)]).includes ["NOT GIVEN THIS YEAR"]
make([%q(CAPSTONE INTERNSHIP IN URBAN STUDIES), %q(201A), %q(3), %q(3)]).includes ["AUT", "WIN", "SPR"]
make([%q(CAPSTONE INTERNSHIP SEMINAR), %q(201B), %q(3), %q(4)]).includes ["NOT GIVEN THIS YEAR"]
make([%q(PREPARATION FOR SENIOR RESEARCH (SOC 202)), %q(202), %q(5), %q(5)]).includes ["WIN"]
make([%q(SENIOR SEMINAR), %q(203), %q(5), %q(5)]).includes ["AUT"]
