make([%q(The Science of MythBusters), %q(1), %q(4), %q(4)]).includes ["AUT"]
make([%q(The Art of Living), %q(2), %q(4), %q(4)]).includes ["NOT GIVEN THIS YEAR"]
make([%q(Breaking Codes, Finding Patterns), %q(3), %q(4), %q(4)]).includes ["AUT"]
make([%q(Can the People Rule?), %q(4), %q(4), %q(4)]).includes ["AUT"]
make([%q(Constituting Justice), %q(5), %q(4), %q(4)]).includes ["NOT GIVEN THIS YEAR"]
make([%q(Everyday Life: How History Happens), %q(6), %q(4), %q(4)]).includes ["NOT GIVEN THIS YEAR"]
make([%q(Journeys), %q(7), %q(4), %q(4)]).includes ["AUT"]
make([%q(Sustainability and Collapse), %q(8), %q(4), %q(4)]).includes ["AUT"]
make([%q(Technological Visions of Utopia), %q(9), %q(4), %q(4)]).includes ["AUT"]
make([%q(Voyages and Visionaries), %q(10), %q(4), %q(4)]).includes ["NOT GIVEN THIS YEAR"]
make([%q(Bioethical Challenges of New Technology), %q(11), %q(4), %q(4)]).includes ["WIN"]
make([%q(Century of Violence), %q(12), %q(4), %q(4)]).includes ["SPR"]
make([%q(Epic Journeys), %q(13), %q(4), %q(4)]).includes ["NOT GIVEN THIS YEAR"]
make([%q(From the Closed World to the Infinite Universe: Science, Philosophy and Religion), %q(14), %q(4), %q(4)]).includes ["WIN"]
make([%q(How Does Your Brain Work?), %q(15), %q(4), %q(4)]).includes ["WIN"]
make([%q(Is the Universe Just? Explorations in the Classics), %q(16), %q(4), %q(4)]).includes ["NOT GIVEN THIS YEAR"]
make([%q(The Poet Re-Making the World), %q(17), %q(4), %q(4)]).includes ["NOT GIVEN THIS YEAR"]
make([%q(Rebellious Daughters and Filial Sons of the Chinese Family), %q(18), %q(4), %q(4)]).includes ["NOT GIVEN THIS YEAR"]
make([%q(Rules of War), %q(19), %q(4), %q(4)]).includes ["WIN"]
make([%q(Ultimate Meanings: The Stories Buddhists Tell), %q(20), %q(4), %q(4)]).includes ["WIN"]
make([%q(Folklore and Literature in Russia and Beyond:  Vampires, Talking Cats, and Frog Princesses), %q(21), %q(4), %q(4)]).includes ["WIN"]
make([%q(Who Owns the Past? Archaeology, Heritage and Global Conflicts), %q(22), %q(4), %q(4)]).includes ["WIN"]
make([%q(The Cancer Problem: Causes, Treatments, and Prevention), %q(23), %q(4), %q(4)]).includes ["SPR"]
make([%q(Evil), %q(24), %q(4), %q(4)]).includes ["SPR"]
make([%q(Evolution on Earth), %q(25), %q(4), %q(4)]).includes ["SPR"]
make([%q(How Do You Build a Nation?  Inclusion and Exclusion in the Making of Modern Iran), %q(26), %q(4), %q(4)]).includes ["NOT GIVEN THIS YEAR"]
make([%q(Human Rights and Humanitarianism), %q(27), %q(4), %q(4)]).includes ["NOT GIVEN THIS YEAR"]
make([%q(Media and Message), %q(28), %q(4), %q(4)]).includes ["SPR"]
make([%q(Networks: Ecological, Revolutionary, Digital), %q(29), %q(4), %q(4)]).includes ["SPR"]
make([%q(Race Matters), %q(30), %q(4), %q(4)]).includes ["NOT GIVEN THIS YEAR"]
make([%q(Reimagining America: Cultural Memory and Identity Since the Civil War), %q(31), %q(4), %q(4)]).includes ["NOT GIVEN THIS YEAR"]
make([%q(Subversive Acts: Invention and Convention in the 20th Century), %q(32), %q(4), %q(4)]).includes ["NOT GIVEN THIS YEAR"]
make([%q(The Water Course), %q(33), %q(4), %q(4)]).includes ["NOT GIVEN THIS YEAR"]
make([%q(Energy? Understanding the Challenge, Developing Solutions), %q(39), %q(4), %q(4)]).includes ["AUT"]
make([%q(A Transition Toward Sustainability), %q(40), %q(4), %q(4)]).includes ["WIN"]
make([%q(The Conscious Mind: The Philosophy and Biology of Consciousness, Memory, and Personal Identity), %q(41), %q(4), %q(4)]).includes ["SPR"]
make([%q(Thinking through Africa: Perspectives on Wealth, Well-Being, and Development), %q(42), %q(4), %q(4)]).includes ["SPR"]
