make([%q(African Americans and Social Movements (CSRE 16N, SOC 16N)), %q(16N), %q(3), %q(3)]).includes ["NOT GIVEN THIS YEAR"]
make([%q(Jazz History: Ragtime to Bebop, 1900-1940 (MUSIC 18A)), %q(18A), %q(3), %q(3)]).includes ["WIN"]
make([%q(Jazz History: Bebop to Present, 1940-Present (MUSIC 18B)), %q(18B), %q(3), %q(3)]).includes ["SPR"]
make([%q(African American Vernacular English (LINGUIST 65, LINGUIST 265)), %q(21), %q(3), %q(5)]).includes ["WIN"]
make([%q(The Egyptians (CLASSHIS 105)), %q(30), %q(3), %q(5)]).includes ["AUT"]
make([%q(RealTalk: Intimate Discussions about the African Diaspora), %q(31), %q(1), %q(1)]).includes ["AUT", "WIN"]
make([%q(The 5th Element: Hip Hop Knowledge, Pedagogy, and Social Justice (AMSTUD 32, CSRE 32A, EDUC 32X, EDUC 432X, TAPS 32)), %q(32), %q(1), %q(5)]).includes ["SPR"]
make([%q(Possessive Investment in Whiteness), %q(40SI), %q(1), %q(2)]).includes ["NOT GIVEN THIS YEAR"]
make([%q(Introduction to African American Literature (AMSTUD 143)), %q(43), %q(3), %q(5)]).includes ["NOT GIVEN THIS YEAR"]
make([%q(Dance Improvisation Techniques and Strategies Lab: From Hip Hop to Contact (DANCE 45)), %q(45), %q(2), %q(2)]).includes ["SPR"]
make([%q(History of South Africa (HISTORY 47)), %q(47), %q(3), %q(3)]).includes ["AUT"]
make([%q(South Africa: Contested Transitions (HISTORY 48Q)), %q(48Q), %q(3), %q(3)]).includes ["WIN"]
make([%q(19th Century America (HISTORY 50B)), %q(50B), %q(3), %q(3)]).includes ["WIN"]
make([%q(African American Women's Lives), %q(54N), %q(3), %q(4)]).includes ["NOT GIVEN THIS YEAR"]
make([%q(From Freedom to Freedom Now!: African American History, 1865-1965), %q(64C), %q(3), %q(3)]).includes ["NOT GIVEN THIS YEAR"]
make([%q(Black Cinema), %q(75E), %q(2), %q(2)]).includes ["OFFERED OCCASIONALLY"]
make([%q(Race & Technology (AFRICAAM 201F)), %q(101F), %q(1), %q(2)]).includes ["NOT GIVEN THIS YEAR"]
make([%q(Introduction to Public History in the U.S.,19th Century to the Present (CSRE 201, HISTORY 201, HISTORY 301)), %q(102), %q(4), %q(5)]).includes ["AUT"]
make([%q(Dance, Text, Gesture: Performance and Composition (DANCE 103)), %q(103), %q(1), %q(1)]).includes ["NOT GIVEN THIS YEAR"]
make([%q(Introduction to African and African American Studies), %q(105), %q(5), %q(5)]).includes ["AUT"]
make([%q(Race, Ethnicity, and Linguistic Diversity in Classrooms: Sociocultural Theory and Practices (CSRE 103B, EDUC 103B, EDUC 337)), %q(106), %q(3), %q(5)]).includes ["SPR"]
make([%q(The Black Mediterranean: Greece, Rome and Antiquity (CSRE 107)), %q(107C), %q(4), %q(5)]).includes ["NOT GIVEN THIS YEAR"]
make([%q(Urban Education (CSRE 112X, EDUC 112X, EDUC 212X, SOC 129X, SOC 229X)), %q(112), %q(3), %q(4)]).includes ["WIN"]
make([%q(South African Encounters (AFRICAST 115)), %q(115), %q(1), %q(1)]).includes ["WIN"]
make([%q(Education, Race, and Inequality in African American History, 1880-1990 (CSRE 216X, EDUC 216, HISTORY 255E)), %q(116), %q(3), %q(5)]).includes ["SPR"]
make([%q(Hip Hop, Youth Identities, and the Politics of Language (AMSTUD 121X, ANTHRO 121A, CSRE 121X, EDUC 121X, LINGUIST 155)), %q(121X), %q(3), %q(4)]).includes ["NOT GIVEN THIS YEAR"]
make([%q(Art in the Streets: Identity in Murals, Site-specific works, and Interventions in Public Spaces (ARTSTUDI 122E, CSRE 122E)), %q(122E), %q(4), %q(4)]).includes ["WIN"]
make([%q(Great Works of the African American Tradition), %q(123), %q(5), %q(5)]).includes ["NOT GIVEN THIS YEAR"]
make([%q(The Voting Rights Act (CSRE 125V, POLISCI 125V)), %q(125V), %q(5), %q(5)]).includes ["SPR"]
make([%q(Can't Stop Won't Stop: A History Of The Hip-Hop Arts (CSRE 127A)), %q(127A), %q(4), %q(4)]).includes ["AUT"]
make([%q(Community-based Research As Tool for Social Change:Discourses of Equity in Communities & Classrooms (CSRE 130, EDUC 123X, EDUC 322)), %q(130), %q(3), %q(5)]).includes ["SPR"]
make([%q(Genes and Identity (ANTHRO 131, CSRE 131)), %q(131), %q(5), %q(5)]).includes ["WIN"]
make([%q(Literature and Society in Africa and the Caribbean (FRENCH 133, JEWISHST 143)), %q(133), %q(4), %q(4)]).includes ["WIN"]
make([%q(Poetics and Politics of Caribbean Women's Literature), %q(145A), %q(5), %q(5)]).includes ["NOT GIVEN THIS YEAR"]
make([%q(Africa in the 20th Century (HISTORY 145B)), %q(145B), %q(5), %q(5)]).includes ["WIN"]
make([%q(History of South Africa (HISTORY 147)), %q(147), %q(5), %q(5)]).includes ["AUT"]
make([%q(19th-Century America (AMSTUD 150B, HISTORY 150B)), %q(150B), %q(5), %q(5)]).includes ["WIN"]
make([%q(African American Literature (AMSTUD 152E, ENGLISH 152E)), %q(152E), %q(5), %q(5)]).includes ["WIN"]
make([%q(Global Harlem Renaissance (AMSTUD 152G)), %q(152G), %q(5), %q(5)]).includes ["NOT GIVEN THIS YEAR"]
make([%q(Black Feminist Theory (FEMGEN 154)), %q(154), %q(5), %q(5)]).includes ["AUT"]
make([%q(Performing History: Race, Politics, and Staging the Plays of August Wilson (TAPS 156, TAPS 356)), %q(156), %q(4), %q(4)]).includes ["AUT"]
make([%q(Introduction to African American History: The Modern African American Freedom Struggle (AMSTUD 166, HISTORY 166)), %q(166), %q(3), %q(5)]).includes ["AUT"]
make([%q(Directed Reading), %q(190), %q(1), %q(5)]).includes ["AUT", "WIN", "SPR", "SUM"]
make([%q(Independent Study), %q(195), %q(5), %q(5)]).includes ["AUT", "WIN"]
make([%q(Honors Project), %q(199), %q(1), %q(5)]).includes ["SPR"]
make([%q(Honors Thesis and Senior Thesis Seminar), %q(200X), %q(5), %q(5)]).includes ["AUT"]
make([%q(Honors Thesis and Senior Thesis Research), %q(200Y), %q(3), %q(5)]).includes ["WIN"]
make([%q(Honors Thesis and Senior Thesis Research), %q(200Z), %q(3), %q(5)]).includes ["SPR"]
make([%q(Race & Technology (AFRICAAM 101F)), %q(201F), %q(1), %q(2)]).includes ["NOT GIVEN THIS YEAR"]
make([%q(The Modern Tradition of Non-Violent Resistance (CSRE 104F)), %q(204F), %q(5), %q(5)]).includes ["NOT GIVEN THIS YEAR"]
make([%q(Counseling Theories and Interventions from a Multicultural Perspective (CSRE 233A, EDUC 233A)), %q(233A), %q(3), %q(5)]).includes ["NOT GIVEN THIS YEAR"]
make([%q(Understanding Racial and Ethnic Identity Development (CSRE 245, EDUC 245)), %q(245), %q(3), %q(5)]).includes ["WIN"]
make([%q(Islam and Christianity in Africa (HISTORY 346C)), %q(246C), %q(4), %q(5)]).includes ["NOT GIVEN THIS YEAR"]
make([%q(Racial Identity in the American Imagination (AMSTUD 255D, CSRE 255D, HISTORY 355D)), %q(255), %q(4), %q(5)]).includes ["NOT GIVEN THIS YEAR"]
make([%q(Mixed Race Literature in the U.S. and South Africa (AMSTUD 261E)), %q(261E), %q(5), %q(5)]).includes ["NOT GIVEN THIS YEAR"]
make([%q(African American Poetics (AMSTUD 262D)), %q(262D), %q(5), %q(5)]).includes ["NOT GIVEN THIS YEAR"]
make([%q(RealTalk: Intimate Discussions about the African Diaspora), %q(301), %q(1), %q(1)]).includes ["AUT"]
