make([%q(European Thought and Culture in the 19th Century), %q(9), %q(4), %q(4)]).includes ["NOT GIVEN THIS YEAR"]
make([%q(MLA Natural Science Elective), %q(100E), %q(1), %q(2)]).includes ["NOT GIVEN THIS YEAR"]
make([%q(Foundations I), %q(101A), %q(4), %q(4)]).includes ["AUT"]
make([%q(Foundations II: the Middle Ages and Renaissance.), %q(101B), %q(4), %q(4)]).includes ["WIN"]
make([%q(Foundations III: the Enlightenment through Modernism), %q(101C), %q(4), %q(4)]).includes ["SPR"]
make([%q(An Introduction to Interdisciplinary Graduate Study), %q(102), %q(4), %q(4)]).includes ["AUT"]
make([%q(The Economics of Life and Death), %q(262), %q(4), %q(4)]).includes ["NOT GIVEN THIS YEAR"]
make([%q(Fin-de-Siecle Vienna), %q(268), %q(4), %q(4)]).includes ["NOT GIVEN THIS YEAR"]
make([%q(The Meaning of Life: Moral and Spiritual Inquiry through Literature), %q(269), %q(4), %q(4)]).includes ["AUT"]
make([%q(From Slavery to Obama), %q(274), %q(4), %q(4)]).includes ["NOT GIVEN THIS YEAR"]
make([%q(Shakespeare in Performance), %q(275), %q(4), %q(4)]).includes ["SUM"]
make([%q(James Joyce's Ulysses), %q(278), %q(4), %q(4)]).includes ["NOT GIVEN THIS YEAR"]
make([%q(When Worlds Collide: The Trial of Galileo), %q(279), %q(4), %q(4)]).includes ["NOT GIVEN THIS YEAR"]
make([%q(British and American Fiction in the 19th and early 20th Century), %q(280), %q(4), %q(4)]).includes ["NOT GIVEN THIS YEAR"]
make([%q(The Arts as History: Britain 1900-1956), %q(281), %q(4), %q(4)]).includes ["NOT GIVEN THIS YEAR"]
make([%q(Indigenous Peoples and Environmental Problems), %q(282), %q(4), %q(4)]).includes ["NOT GIVEN THIS YEAR"]
make([%q(Three 20th-century Minds: Eliot, Pound, and Yeats), %q(283), %q(4), %q(4)]).includes ["NOT GIVEN THIS YEAR"]
make([%q(Problems in American Foreign Policy), %q(284), %q(4), %q(4)]).includes ["NOT GIVEN THIS YEAR"]
make([%q(The Age of Enlightenment), %q(285), %q(4), %q(4)]).includes ["NOT GIVEN THIS YEAR"]
make([%q(Evolutionary Theories of Music), %q(286), %q(4), %q(4)]).includes ["NOT GIVEN THIS YEAR"]
make([%q(Ancients vs Moderns), %q(287), %q(4), %q(4)]).includes ["NOT GIVEN THIS YEAR"]
make([%q(Who Was Shakespeare?), %q(288), %q(4), %q(4)]).includes ["WIN"]
make([%q(Conservation and Development Dilemmas in Latin America: Microcosm of the Galapagos), %q(290), %q(4), %q(4)]).includes ["NOT GIVEN THIS YEAR"]
make([%q(The Politics of International Humanitarian Action), %q(291), %q(4), %q(4)]).includes ["NOT GIVEN THIS YEAR"]
make([%q(The Bloomsbury Group), %q(292), %q(4), %q(4)]).includes ["NOT GIVEN THIS YEAR"]
make([%q(Darwin, Marx, and Freud), %q(293), %q(4), %q(4)]).includes ["NOT GIVEN THIS YEAR"]
make([%q(Text and Context: Art, Music, Poetry), %q(294), %q(4), %q(4)]).includes ["NOT GIVEN THIS YEAR"]
make([%q(The American Enlightenment), %q(295), %q(4), %q(4)]).includes ["NOT GIVEN THIS YEAR"]
make([%q(Reflections on the American Condition), %q(296), %q(4), %q(4)]).includes ["NOT GIVEN THIS YEAR"]
make([%q(Islands as Model Systems: Geology, Evolution, Ecology, and Human Societies), %q(297), %q(4), %q(4)]).includes ["NOT GIVEN THIS YEAR"]
make([%q(Heretics, Prostitutes, and Merchants: The Venetian Empire), %q(298), %q(4), %q(4)]).includes ["NOT GIVEN THIS YEAR"]
make([%q(Evolution and Conservation in Galapagos), %q(299), %q(4), %q(4)]).includes ["NOT GIVEN THIS YEAR"]
make([%q(Oxford Summer Programme), %q(300), %q(2), %q(4)]).includes ["SUM"]
make([%q(Mary Magdalene: The Feminine Principle in Scripture, Literature, and Legend), %q(301), %q(4), %q(4)]).includes ["NOT GIVEN THIS YEAR"]
make([%q(Paris: Capital of the Modern World), %q(302), %q(4), %q(4)]).includes ["AUT"]
make([%q(CULTURES OF COLLECTING), %q(303), %q(4), %q(4)]).includes ["WIN"]
make([%q(The Colorado River: A Case Study of the History and Future of Western Water), %q(304), %q(4), %q(4)]).includes ["SPR"]
make([%q(Russia Encounters the Enlightenment: The Art, Culture, and Politics), %q(305), %q(4), %q(4)]).includes ["SPR"]
make([%q(The Young Romantics: Mythmaking, Monstrosity, and Representation), %q(306), %q(4), %q(4)]).includes ["SPR"]
make([%q(What Do We Mean When We Speak of Evil?), %q(307), %q(4), %q(4)]).includes ["WIN"]
make([%q(Martin Luther King, Jr.: The Man, the Movement, and the Legacy), %q(308), %q(4), %q(4)]).includes ["SUM"]
make([%q(MLA Thesis in Progress), %q(398), %q(0), %q(0)]).includes ["AUT", "WIN", "SPR", "SUM"]
make([%q(MLA Thesis Final Quarter), %q(399), %q(6), %q(6)]).includes ["AUT", "WIN", "SPR", "SUM"]
