make([%q(Accelerated First-Year Italian, Part 1), %q(1A), %q(5), %q(5)]).includes ["WIN"]
make([%q(First-Year Italian, First Quarter), %q(1F), %q(5), %q(5)]).includes ["WIN"]
make([%q(Accelerated First-Year Italian, Part 2), %q(2A), %q(5), %q(5)]).includes ["WIN"]
make([%q(First-Year Italian, Second Quarter), %q(2F), %q(5), %q(5)]).includes ["WIN"]
make([%q(First-Year Italian, Third Quarter), %q(3F), %q(5), %q(5)]).includes ["WIN"]
make([%q(Accelerated Second-Year Italian, Part A), %q(21F), %q(5), %q(5)]).includes ["AUT", "WIN", "SPR"]
make([%q(Accelerated Second-Year Italian Part B), %q(22F), %q(5), %q(5)]).includes ["AUT", "WIN", "SPR"]
make([%q(Advanced Oral Communication: Italian), %q(31F), %q(3), %q(3)]).includes ["AUT", "WIN", "SPR"]
make([%q(Under the Tuscan Sun: A Model for Agriculture and Sustainability), %q(33), %q(5), %q(5)]).includes ["SPR"]
make([%q(The Virgin Mother, Goddess of Beauty, Grand Duchess, and the Lady: Women in Florentine Art), %q(34), %q(4), %q(4)]).includes ["AUT"]
make([%q(Movement, Posture and Gesture in Italian Art and Academia), %q(39), %q(3), %q(3)]).includes ["SPR"]
make([%q(Independent Study in Movement, Posture and Gesture), %q(40), %q(2), %q(3)]).includes ["SPR"]
make([%q(The Florentine Sketchbook: A Visual Arts Practicum), %q(41), %q(3), %q(5)]).includes ["AUT"]
make([%q(Academic Internship), %q(42), %q(1), %q(5)]).includes ["AUT", "WIN", "SPR"]
make([%q(Galileo: Genius, Innovation and the Scientific Revolution), %q(44), %q(5), %q(5)]).includes ["AUT"]
make([%q(Images of Evil in Criminal Law: Icons and the Visual Representation on Wrongdoing), %q(46), %q(5), %q(5)]).includes ["SPR"]
make([%q(Sharing Beauty in Florence: Collectors, Collections and the Shaping of the Western Museum Tradition), %q(48), %q(4), %q(4)]).includes ["WIN"]
make([%q(On-Screen Battles: Filmic Portrayals of Fascism and World War II), %q(49), %q(5), %q(5)]).includes ["WIN"]
make([%q(Introductory Science of Materials), %q(50M), %q(4), %q(4)]).includes ["AUT", "WIN", "SPR"]
make([%q(High Renaissance and Mannerism: the Great Italian Masters of the 15th and 16th Centuries), %q(54), %q(5), %q(5)]).includes ["SPR"]
make([%q(Academy of Fine Arts: Studio Art), %q(55), %q(1), %q(5)]).includes ["AUT", "WIN", "SPR"]
make([%q(University of Florence Courses), %q(56), %q(1), %q(5)]).includes ["AUT", "WIN", "SPR"]
make([%q(Space as History: Social Vision and Urban Change), %q(58), %q(4), %q(4)]).includes ["SPR"]
make([%q(The Celluloid Gaze: Gender, Identity and Sexuality in Cinema), %q(67), %q(4), %q(4)]).includes ["SPR"]
make([%q(Abstract Art: Creativity, Self-Expression and Depicting the Unimaginable), %q(69), %q(4), %q(4)]).includes ["WIN"]
make([%q(A Studio with a View: Drawing, Painting and Informing your Aesthetic in Florence), %q(71), %q(3), %q(5)]).includes ["SPR"]
make([%q(Ethics and Politics of Climate Change), %q(74), %q(5), %q(5)]).includes ["WIN"]
make([%q(Florence in the Renaissance: Family, Youth and Marriage in the Fourteenth and Fifteenth Centuries), %q(75), %q(5), %q(5)]).includes ["SPR"]
make([%q(The Impossible Experiment: Politics and Policies of the New European Union), %q(78), %q(5), %q(5)]).includes ["WIN"]
make([%q(Bioethics: the Biotechnological Revolution, Human Rights and Politics in the Global Era), %q(85), %q(4), %q(4)]).includes ["SPR"]
make([%q(Stem Cells in Human Development and Regenerative Medicine), %q(86), %q(4), %q(5)]).includes ["WIN"]
make([%q(The Future of Healthcare: Italy, Europe and the U.S.), %q(87), %q(4), %q(4)]).includes ["AUT"]
make([%q(Social, Cultural and Ethical Issues Surrounding Stem Cell Biology and Regenerative Medicine), %q(91), %q(2), %q(2)]).includes ["WIN"]
make([%q(Food and Politics), %q(96), %q(3), %q(5)]).includes ["AUT"]
make([%q(From Giotto to Michelangelo: The Birth and Flowering of Renaissance Art in Florence), %q(111Y), %q(4), %q(4)]).includes ["WIN"]
make([%q(Building the Cathedral and the Town Hall: Constructing and Deconstructing Symbols of a Civilization), %q(115Y), %q(4), %q(4)]).includes ["AUT"]
make([%q(Italian Cinema and the Aesthetics of Modernism), %q(134F), %q(5), %q(5)]).includes ["AUT"]
make([%q(Directed Reading A), %q(199A), %q(1), %q(4)]).includes ["AUT", "WIN", "SPR"]
make([%q(Directed Reading B), %q(199B), %q(1), %q(4)]).includes ["AUT", "WIN", "SPR"]
make([%q(Directed Reading C), %q(199C), %q(1), %q(5)]).includes ["WIN"]
