make([%q(ENERGY IN THE WEST (CEE 15SC, POLISCI 23SC)), %q(10SC), %q(2), %q(2)]).includes ["SUM"]
make([%q(MAKING MOLEHILLS OUT OF MOUNTAINS: ENERGY AND DEVELOPMENT IN APPALACHIA), %q(24), %q(1), %q(1)]).includes ["NOT GIVEN THIS YEAR"]
make([%q(ENERGY AND THE ENVIRONMENT (EARTHSYS 101)), %q(101), %q(3), %q(3)]).includes ["WIN"]
make([%q(ENERGIZING CALIFORNIA), %q(101A), %q(1), %q(1)]).includes ["SPR"]
make([%q(RENEWABLE ENERGY SOURCES AND GREENER ENERGY PROCESSES (EARTHSYS 102)), %q(102), %q(3), %q(3)]).includes ["SPR"]
make([%q(TRANSITION TO SUSTAINABLE ENERGY SYSTEMS), %q(104), %q(3), %q(3)]).includes ["SPR"]
make([%q(FUNDAMENTALS OF PETROLEUM ENGINEERING (ENGR 120)), %q(120), %q(3), %q(3)]).includes ["AUT"]
make([%q(FLOW THROUGH POROUS MEDIA LABORATORY), %q(120A), %q(1), %q(1)]).includes ["AUT"]
make([%q(FUNDAMENTALS OF MULTIPHASE FLOW (ENERGY 221)), %q(121), %q(3), %q(3)]).includes ["WIN"]
make([%q(WHEN TECHNOLOGY MEETS REALITY; AN IN-DEPTH LOOK AT THE DEEPWATER HORIZON BLOWOUT AND OIL SPILL), %q(123), %q(1), %q(2)]).includes ["SPR"]
make([%q(MODELING AND SIMULATION FOR GEOSCIENTISTS AND ENGINEERS), %q(125), %q(3), %q(3)]).includes ["ALTERNATE YEARS", "GIVEN NEXT YEAR"]
make([%q(WELL LOG ANALYSIS I), %q(130), %q(3), %q(3)]).includes ["AUT"]
make([%q(SEISMIC RESERVOIR CHARACTERIZATION (ENERGY 241, GEOPHYS 241A)), %q(141), %q(3), %q(4)]).includes ["SPR"]
make([%q(RESERVOIR CHARACTERIZATION AND FLOW MODELING WITH OUTCROP DATA (ENERGY 246, GES 246)), %q(146), %q(3), %q(3)]).includes ["AUT"]
make([%q(CARBON CAPTURE AND SEQUESTRATION (ENERGY 253)), %q(153), %q(3), %q(4)]).includes ["AUT"]
make([%q(ENERGY IN TRANSITION:  TECHNOLOGY, POLICY AND POLITICS), %q(154), %q(2), %q(2)]).includes ["NOT GIVEN THIS YEAR"]
make([%q(UNDERGRADUATE REPORT ON ENERGY INDUSTRY TRAINING), %q(155), %q(1), %q(3)]).includes ["AUT", "WIN", "SPR", "SUM"]
make([%q(BRINGING NEW ENERGY TECHNOLOGIES TO MARKET: OPTIMIZING TECHNOLOGY PUSH AND MARKET PULL), %q(158), %q(3), %q(3)]).includes ["AUT"]
make([%q(MODELING UNCERTAINTY IN THE EARTH SCIENCES (ENERGY 260)), %q(160), %q(3), %q(3)]).includes ["WIN"]
make([%q(STATISTICAL METHODS FOR THE EARTH AND ENVIRONMENTAL SCIENCES: GEOSTATISTICS (EARTHSYS 161, EESS 161)), %q(161), %q(3), %q(4)]).includes ["NOT GIVEN THIS YEAR"]
make([%q(ENGINEERING VALUATION AND APPRAISAL OF OIL AND GAS WELLS, FACILITIES, AND PROPERTIES (ENERGY 267)), %q(167), %q(3), %q(3)]).includes ["WIN"]
make([%q(ENERGY INFRASTRUCTURE, TECHNOLOGY AND ECONOMICS (ENERGY 271)), %q(171), %q(3), %q(3)]).includes ["AUT"]
make([%q(WELL TEST ANALYSIS), %q(175), %q(3), %q(3)]).includes ["SPR"]
make([%q(OIL AND GAS PRODUCTION ENGINEERING (ENERGY 280)), %q(180), %q(3), %q(3)]).includes ["NOT GIVEN THIS YEAR"]
make([%q(OPTIMIZATION OF ENERGY SYSTEMS (ENERGY 291)), %q(191), %q(3), %q(4)]).includes ["WIN"]
make([%q(UNDERGRADUATE TEACHING EXPERIENCE), %q(192), %q(1), %q(3)]).includes ["AUT", "WIN", "SPR", "SUM"]
make([%q(UNDERGRADUATE RESEARCH PROBLEMS), %q(193), %q(1), %q(3)]).includes ["AUT", "WIN", "SPR", "SUM"]
make([%q(SPECIAL TOPICS IN ENERGY AND MINERAL FLUIDS), %q(194), %q(1), %q(3)]).includes ["AUT", "WIN", "SPR", "SUM"]
make([%q(SENIOR PROJECT AND SEMINAR IN ENERGY RESOURCES), %q(199), %q(3), %q(4)]).includes ["SPR"]
make([%q(LABORATORY MEASUREMENT OF RESERVOIR ROCK PROPERTIES), %q(201), %q(3), %q(3)]).includes ["NOT GIVEN THIS YEAR"]
make([%q(PETROLEUM INDUSTRY PERFORMANCE MANAGEMENT), %q(202), %q(1), %q(1)]).includes ["AUT"]
make([%q(ADVANCED PROGRAMMING FOR SCIENTISTS AND ENGINEERS (CME 212)), %q(212), %q(3), %q(3)]).includes ["WIN"]
make([%q(FUNDAMENTALS OF MULTIPHASE FLOW (ENERGY 121)), %q(221), %q(3), %q(3)]).includes ["WIN"]
make([%q(ADVANCED RESERVOIR ENGINEERING), %q(222), %q(3), %q(3)]).includes ["SPR"]
make([%q(RESERVOIR SIMULATION), %q(223), %q(3), %q(4)]).includes ["WIN"]
make([%q(ADVANCED RESERVOIR SIMULATION), %q(224), %q(3), %q(3)]).includes ["AUT"]
make([%q(THEORY OF GAS INJECTION PROCESSES), %q(225), %q(3), %q(3)]).includes ["SPR"]
make([%q(THERMAL RECOVERY METHODS), %q(226), %q(3), %q(3)]).includes ["SPR"]
make([%q(ENHANCED OIL RECOVERY), %q(227), %q(3), %q(3)]).includes ["ALTERNATE YEARS", "GIVEN NEXT YEAR"]
make([%q(ADVANCED TOPICS IN WELL LOGGING), %q(230), %q(3), %q(3)]).includes ["SPR"]
make([%q(GEOSTATISTICS (GES 240)), %q(240), %q(2), %q(3)]).includes ["SPR"]
make([%q(SEISMIC RESERVOIR CHARACTERIZATION (ENERGY 141, GEOPHYS 241A)), %q(241), %q(3), %q(4)]).includes ["SPR"]
make([%q(TOPICS IN ADVANCED GEOSTATISTICS (EESS 263)), %q(242), %q(3), %q(4)]).includes ["NOT GIVEN THIS YEAR"]
make([%q(RESERVOIR CHARACTERIZATION AND FLOW MODELING WITH OUTCROP DATA (ENERGY 146, GES 246)), %q(246), %q(3), %q(3)]).includes ["AUT"]
make([%q(STOCHASTIC SIMULATION), %q(247), %q(3), %q(3)]).includes ["NOT GIVEN THIS YEAR"]
make([%q(THERMODYNAMICS OF EQUILIBRIA), %q(251), %q(3), %q(3)]).includes ["AUT"]
make([%q(CHEMICAL KINETICS MODELING), %q(252), %q(3), %q(3)]).includes ["NOT GIVEN THIS YEAR"]
make([%q(CARBON CAPTURE AND SEQUESTRATION (ENERGY 153)), %q(253), %q(3), %q(4)]).includes ["AUT"]
make([%q(MASTER'S REPORT ON ENERGY INDUSTRY TRAINING), %q(255), %q(1), %q(3)]).includes ["SUM"]
make([%q(ELECTRONIC STRUCTURE THEORY AND APPLICATIONS TO CHEMICAL KINETICS (CHEMENG 444)), %q(256), %q(3), %q(3)]).includes ["NOT GIVEN THIS YEAR"]
make([%q(PRESENTATION SKILLS), %q(259), %q(1), %q(1)]).includes ["NOT GIVEN THIS YEAR"]
make([%q(MODELING UNCERTAINTY IN THE EARTH SCIENCES (ENERGY 160)), %q(260), %q(3), %q(3)]).includes ["WIN"]
make([%q(ENGINEERING VALUATION AND APPRAISAL OF OIL AND GAS WELLS, FACILITIES, AND PROPERTIES (ENERGY 167)), %q(267), %q(3), %q(3)]).includes ["WIN"]
make([%q(GEOTHERMAL RESERVOIR ENGINEERING), %q(269), %q(3), %q(3)]).includes ["NOT GIVEN THIS YEAR"]
make([%q(ENERGY INFRASTRUCTURE, TECHNOLOGY AND ECONOMICS (ENERGY 171)), %q(271), %q(3), %q(3)]).includes ["AUT"]
make([%q(SPECIAL TOPICS IN ENERGY RESOURCES ENGINEERING), %q(273), %q(1), %q(3)]).includes ["AUT", "WIN", "SPR", "SUM"]
make([%q(QUANTITATIVE METHODS IN BASIN AND PETROLEUM SYSTEM MODELING (GES 256)), %q(275), %q(1), %q(3)]).includes ["WIN"]
make([%q(OIL AND GAS PRODUCTION ENGINEERING (ENERGY 180)), %q(280), %q(3), %q(3)]).includes ["NOT GIVEN THIS YEAR"]
make([%q(APPLIED MATHEMATICS IN RESERVOIR ENGINEERING), %q(281), %q(3), %q(3)]).includes ["ALTERNATE YEARS", "GIVEN NEXT YEAR"]
make([%q(OPTIMIZATION AND INVERSE MODELING), %q(284), %q(3), %q(3)]).includes ["AUT"]
make([%q(SUPRI-A RESEARCH SEMINAR: ENHANCED OIL RECOVERY), %q(285A), %q(1), %q(1)]).includes ["AUT", "WIN", "SPR"]
make([%q(SUPRI-B RESEARCH SEMINAR: RESERVOIR SIMULATION), %q(285B), %q(1), %q(1)]).includes ["AUT", "WIN"]
make([%q(SUPRI-C RESEARCH SEMINAR: GAS INJECTION PROCESSES), %q(285C), %q(1), %q(1)]).includes ["AUT", "WIN"]
make([%q(SUPRI-D RESEARCH SEMINAR: WELL TEST ANALYSIS), %q(285D), %q(1), %q(1)]).includes ["AUT", "WIN"]
make([%q(SCRF RESEARCH SEMINAR: GEOSTATISTICS AND RESERVOIR FORECASTING), %q(285F), %q(1), %q(1)]).includes ["AUT", "WIN"]
make([%q(GEOTHERMAL RESERVOIR ENGINEERING RESEARCH SEMINAR), %q(285G), %q(1), %q(1)]).includes ["AUT", "WIN"]
make([%q(SMART FIELDS RESEARCH SEMINAR: HORIZONTAL WELL TECHNOLOGY), %q(285S), %q(1), %q(1)]).includes ["AUT", "WIN"]
make([%q(NUMERICAL MODELING OF FLUID FLOW IN HETEROGENEOUS POROUS MEDIA), %q(290), %q(3), %q(3)]).includes ["NOT GIVEN THIS YEAR"]
make([%q(OPTIMIZATION OF ENERGY SYSTEMS (ENERGY 191)), %q(291), %q(3), %q(4)]).includes ["WIN"]
make([%q(SOLAR CELLS, FUEL CELLS, AND BATTERIES: MATERIALS FOR THE ENERGY SOLUTION (EE 293A, MATSCI 156, MATSCI 256)), %q(293A), %q(3), %q(4)]).includes ["AUT"]
make([%q(FUNDAMENTALS OF ENERGY PROCESSES (EE 293B)), %q(293B), %q(3), %q(3)]).includes ["WIN"]
make([%q(ENERGY FROM WIND AND WATER CURRENTS), %q(293C), %q(3), %q(3)]).includes ["SPR"]
make([%q(QUANTITATIVE ENVIRONMENTAL ASSESSMENT OF ENERGY SYSTEMS), %q(295), %q(1), %q(1)]).includes ["NOT GIVEN THIS YEAR"]
make([%q(THE ENERGY SEMINAR (CEE 301)), %q(301), %q(1), %q(1)]).includes ["AUT", "WIN", "SPR"]
make([%q(DOCTORAL REPORT ON ENERGY INDUSTRY TRAINING), %q(355), %q(1), %q(3)]).includes ["SUM"]
make([%q(TEACHING EXPERIENCE IN ENERGY RESOURCES ENGINEERING), %q(359), %q(1), %q(1)]).includes ["AUT", "WIN", "SPR"]
make([%q(ADVANCED RESEARCH WORK IN ENERGY RESOURCES ENGINEERING), %q(360), %q(1), %q(10)]).includes ["AUT", "WIN", "SPR", "SUM"]
make([%q(MASTER'S DEGREE RESEARCH IN ENERGY RESOURCES ENGINEERING), %q(361), %q(1), %q(6)]).includes ["AUT", "WIN", "SPR", "SUM"]
make([%q(ENGINEER'S DEGREE RESEARCH IN ENERGY RESOURCES ENGINEERING), %q(362), %q(1), %q(10)]).includes ["AUT", "WIN", "SPR", "SUM"]
make([%q(DOCTORAL DEGREE RESEARCH IN ENERGY RESOURCES ENGINEERING), %q(363), %q(1), %q(10)]).includes ["AUT", "WIN", "SPR", "SUM"]
make([%q(SPECIAL RESEARCH TOPICS IN ENERGY RESOURCES ENGINEERING), %q(365), %q(1), %q(15)]).includes ["AUT", "WIN", "SPR", "SUM"]
make([%q(PRACTICAL ENERGY STUDIES), %q(369), %q(1), %q(3)]).includes ["NOT GIVEN THIS YEAR"]
make([%q(TGR PROJECT), %q(801), %q(0), %q(0)]).includes ["AUT", "WIN", "SPR", "SUM"]
make([%q(TGR DISSERTATION), %q(802), %q(0), %q(0)]).includes ["AUT", "WIN", "SPR", "SUM"]
