make([%q(Aikido), %q(3M), %q(1), %q(1)]).includes ["AUT", "WIN", "SPR"]
make([%q(Archery Club Team), %q(4C), %q(1), %q(1)]).includes ["AUT", "WIN", "SPR"]
make([%q(Band, Sports Activity), %q(10), %q(1), %q(1)]).includes ["AUT", "WIN", "SPR"]
make([%q(Baseball, Varsity Men), %q(12V), %q(1), %q(2)]).includes ["AUT", "WIN", "SPR"]
make([%q(Basketball, Varsity Men), %q(14V), %q(1), %q(2)]).includes ["AUT", "WIN", "SPR"]
make([%q(Basketball, Varsity Women), %q(15V), %q(1), %q(2)]).includes ["AUT", "WIN"]
make([%q(Capoeira Club), %q(20M), %q(1), %q(1)]).includes ["AUT", "WIN", "SPR"]
make([%q(Competitive Cheer Club), %q(22C), %q(1), %q(1)]).includes ["AUT", "WIN"]
make([%q(Crew, Varsity Men), %q(25V), %q(1), %q(2)]).includes ["AUT", "WIN", "SPR"]
make([%q(Crew, Varsity Women), %q(26V), %q(1), %q(2)]).includes ["AUT", "WIN", "SPR"]
make([%q(Cross Country, Varsity Men), %q(28V), %q(1), %q(2)]).includes ["AUT"]
make([%q(Cross Country, Varsity Women), %q(29V), %q(1), %q(2)]).includes ["AUT"]
make([%q(Cycling Club Team), %q(31C), %q(1), %q(1)]).includes ["AUT", "WIN", "SPR"]
make([%q(Diving, Varsity Men), %q(34V), %q(1), %q(2)]).includes ["AUT", "WIN", "SPR"]
make([%q(Diving, Varsity Women), %q(35V), %q(1), %q(2)]).includes ["AUT", "WIN", "SPR"]
make([%q(Equestrian Club Team), %q(37C), %q(1), %q(1)]).includes ["AUT", "WIN", "SPR"]
make([%q(Eskrima), %q(38M), %q(1), %q(1)]).includes ["AUT", "WIN", "SPR"]
make([%q(Fencing, Varsity Men), %q(41V), %q(1), %q(2)]).includes ["AUT", "WIN", "SPR"]
make([%q(Fencing, Varsity Women), %q(42V), %q(1), %q(2)]).includes ["AUT", "WIN", "SPR"]
make([%q(Field Hockey, Varsity Women), %q(47V), %q(1), %q(2)]).includes ["AUT", "SPR"]
make([%q(Football, Varsity), %q(48V), %q(1), %q(2)]).includes ["AUT", "WIN", "SPR"]
make([%q(Golf, Varsity Men), %q(55V), %q(1), %q(2)]).includes ["AUT", "WIN", "SPR"]
make([%q(Golf, Varsity Women), %q(56V), %q(1), %q(2)]).includes ["AUT", "WIN", "SPR"]
make([%q(Gymnastics, Varsity Men), %q(60V), %q(1), %q(2)]).includes ["AUT", "WIN", "SPR"]
make([%q(Gymnastics, Varsity Women), %q(61V), %q(1), %q(2)]).includes ["AUT", "WIN", "SPR"]
make([%q(Horse Polo Club Team), %q(70C), %q(1), %q(1)]).includes ["WIN", "SPR"]
make([%q(Ice Hockey Club Team), %q(72C), %q(1), %q(1)]).includes ["AUT", "WIN"]
make([%q(JKA Shotokan Karate), %q(73M), %q(1), %q(1)]).includes ["AUT", "WIN", "SPR"]
make([%q(Judo Club Team), %q(74C), %q(1), %q(1)]).includes ["WIN", "SPR"]
make([%q(Jujitsu Self Defense), %q(75M), %q(1), %q(1)]).includes ["AUT", "WIN", "SPR"]
make([%q(Kendo), %q(76M), %q(1), %q(1)]).includes ["AUT", "WIN"]
make([%q(Lacrosse Club Team (Men)), %q(77C), %q(1), %q(1)]).includes ["WIN", "SPR"]
make([%q(Kenpo Karate), %q(78M), %q(1), %q(1)]).includes ["AUT", "WIN", "SPR"]
make([%q(Lacrosse, Varsity Women), %q(78V), %q(1), %q(2)]).includes ["AUT", "WIN", "SPR"]
make([%q(Muay Thai), %q(81M), %q(1), %q(1)]).includes ["AUT", "WIN", "SPR"]
make([%q(Manager: Athletic Team), %q(82), %q(1), %q(1)]).includes ["AUT", "WIN", "SPR"]
make([%q(Rugby Club Team (Men)), %q(91C), %q(1), %q(1)]).includes ["AUT", "WIN", "SPR"]
make([%q(Rugby Club Team (Women)), %q(92C), %q(1), %q(1)]).includes ["AUT", "WIN", "SPR"]
make([%q(Sailing, Varsity Men), %q(104V), %q(1), %q(2)]).includes ["AUT", "WIN", "SPR"]
make([%q(Sailing, Varsity Women), %q(105V), %q(1), %q(2)]).includes ["AUT", "WIN", "SPR"]
make([%q(Ski Club Team), %q(107C), %q(1), %q(1)]).includes ["WIN"]
make([%q(Soccer, Varsity Men), %q(118V), %q(1), %q(2)]).includes ["AUT", "SPR"]
make([%q(Soccer, Varsity Women), %q(119V), %q(1), %q(2)]).includes ["AUT", "SPR"]
make([%q(Softball, Varsity Women), %q(121V), %q(1), %q(2)]).includes ["AUT", "WIN", "SPR"]
make([%q(Squash  Club Team (Men)), %q(125C), %q(1), %q(1)]).includes ["AUT", "WIN", "SPR"]
make([%q(Squash, Varsity Women), %q(126V), %q(1), %q(2)]).includes ["AUT", "WIN", "SPR"]
make([%q(Swimming, Synchronized: Varsity), %q(135V), %q(1), %q(2)]).includes ["AUT", "WIN", "SPR"]
make([%q(Swimming, Varsity Men), %q(136V), %q(1), %q(2)]).includes ["AUT", "WIN", "SPR"]
make([%q(Swimming, Varsity Women), %q(137V), %q(1), %q(2)]).includes ["AUT", "WIN", "SPR"]
make([%q(Tae Kwon Do Club Team), %q(141C), %q(1), %q(1)]).includes ["AUT", "WIN"]
make([%q(Tennis Club Team), %q(143C), %q(1), %q(1)]).includes ["AUT"]
make([%q(Tennis, Varsity Men), %q(148V), %q(1), %q(2)]).includes ["AUT", "WIN", "SPR"]
make([%q(Tennis, Varsity Women), %q(149V), %q(1), %q(2)]).includes ["AUT", "WIN", "SPR"]
make([%q(Track and Field, Varsity Men), %q(153V), %q(1), %q(2)]).includes ["AUT", "WIN", "SPR"]
make([%q(Track and Field, Varsity Women), %q(154V), %q(1), %q(2)]).includes ["AUT", "WIN", "SPR"]
make([%q(Triathlon Club Team), %q(156C), %q(1), %q(1)]).includes ["AUT", "WIN", "SPR"]
make([%q(Ultimate Frisbee Club Team (Men)), %q(158C), %q(1), %q(1)]).includes ["AUT", "WIN", "SPR"]
make([%q(Ultimate Frisbee Club Team (Women)), %q(159C), %q(1), %q(1)]).includes ["AUT", "WIN", "SPR"]
make([%q(Volleyball, Varsity Men), %q(166V), %q(1), %q(2)]).includes ["AUT", "WIN", "SPR"]
make([%q(Volleyball, Varsity Women), %q(167V), %q(1), %q(2)]).includes ["AUT", "WIN", "SPR"]
make([%q(Volleyball Club Team), %q(168C), %q(1), %q(1)]).includes ["NOT GIVEN THIS YEAR"]
make([%q(Water Polo, Varsity Men), %q(171V), %q(1), %q(2)]).includes ["AUT", "WIN", "SPR"]
make([%q(Water Polo, Varsity Women), %q(172V), %q(1), %q(2)]).includes ["AUT", "WIN", "SPR"]
make([%q(Wing Chun Kung Fu), %q(178M), %q(1), %q(1)]).includes ["AUT", "WIN", "SPR"]
make([%q(Wrestling, Varsity), %q(180V), %q(1), %q(2)]).includes ["AUT", "WIN", "SPR"]
make([%q(Wushu), %q(181M), %q(1), %q(1)]).includes ["AUT", "WIN", "SPR"]
