make([%q(WORK AND FAMILY), %q(11SC), %q(2), %q(2)]).includes ["NOT GIVEN THIS YEAR"]
make([%q(HIP HOP AS A UNIVERSAL LANGUAGE), %q(12SC), %q(2), %q(2)]).includes ["NOT GIVEN THIS YEAR"]
make([%q(LANGUAGE, IDENTITY, AND THE POWER OF PUBLIC DISCOURSE), %q(13SC), %q(2), %q(2)]).includes ["NOT GIVEN THIS YEAR"]
make([%q(PUBLIC EDUCATION AND SCHOOLING: THE GREAT EQUALIZER OR THE FIERCELY COMPETITIVE FIELD?), %q(14SC), %q(2), %q(2)]).includes ["NOT GIVEN THIS YEAR"]
make([%q(THE 5TH ELEMENT: HIP HOP KNOWLEDGE, PEDAGOGY, AND SOCIAL JUSTICE (AFRICAAM 32, AMSTUD 32, CSRE 32A, EDUC 432X, TAPS 32)), %q(32X), %q(1), %q(5)]).includes ["SPR"]
make([%q(SERVICE LEARNING PRACTICUM), %q(98X), %q(1), %q(1)]).includes ["AUT"]
make([%q(EAST HOUSE SEMINAR: CURRENT ISSUES AND DEBATES IN EDUCATION), %q(100A), %q(1), %q(1)]).includes ["AUT"]
make([%q(EAST HOUSE SEMINAR: CURRENT ISSUES AND DEBATES IN EDUCATION (FEMGEN 107B)), %q(100B), %q(1), %q(1)]).includes ["WIN"]
make([%q(EAST HOUSE SEMINAR: CURRENT ISSUES AND DEBATES IN EDUCATION (ASNAMST 100C)), %q(100C), %q(1), %q(1)]).includes ["SPR"]
make([%q(INTRODUCTION TO TEACHING AND LEARNING), %q(101), %q(4), %q(4)]).includes ["AUT"]
make([%q(EXAMINING SOCIAL STRUCTURES, POWER, AND EDUCATIONAL ACCESS), %q(102), %q(2), %q(3)]).includes ["SPR"]
make([%q(TUTORING: SEEING A CHILD THROUGH LITERACY (EDUC 203A)), %q(103A), %q(3), %q(4)]).includes ["AUT"]
make([%q(RACE, ETHNICITY, AND LINGUISTIC DIVERSITY IN CLASSROOMS: SOCIOCULTURAL THEORY AND PRACTICES (AFRICAAM 106, CSRE 103B, EDUC 337)), %q(103B), %q(3), %q(5)]).includes ["SPR"]
make([%q(\GIVE ME THE CHILD UNTIL HE IS SEVEN...\ THE EARLY ROOTS OF HUMAN BEHAVIOR), %q(104Q), %q(3), %q(3)]).includes ["AUT"]
make([%q(INTRODUCTION TO EDUCATION RESEARCH FOR UNDERGRADUATES), %q(105X), %q(3), %q(3)]).includes ["NOT GIVEN THIS YEAR"]
make([%q(INTERACTIVE MEDIA IN EDUCATION), %q(106), %q(3), %q(5)]).includes ["NOT GIVEN THIS YEAR"]
make([%q(EDUCATIONAL ISSUES IN CONTEMPORARY CHINA (EDUC 309X)), %q(109X), %q(3), %q(4)]).includes ["NOT GIVEN THIS YEAR"]
make([%q(SOCIOLOGY OF EDUCATION: THE SOCIAL ORGANIZATION OF SCHOOLS (EDUC 310, SOC 132, SOC 332)), %q(110), %q(4), %q(4)]).includes ["NOT GIVEN THIS YEAR"]
make([%q(THE YOUNG ADULT NOVEL: A LITERATURE FOR AND ABOUT ADOLESCENTS), %q(111), %q(4), %q(4)]).includes ["SPR"]
make([%q(URBAN EDUCATION (AFRICAAM 112, CSRE 112X, EDUC 212X, SOC 129X, SOC 229X)), %q(112X), %q(3), %q(4)]).includes ["WIN"]
make([%q(GENDER AND SEXUALITY IN SCHOOLS), %q(113X), %q(1), %q(3)]).includes ["NOT GIVEN THIS YEAR"]
make([%q(GROWING UP BILINGUAL (CHILATST 14N, CSRE 14N)), %q(114N), %q(3), %q(3)]).includes ["WIN"]
make([%q(HOW TO LEARN MATHEMATICS: THE JOYS AND PITFALLS OF MATH LEARNING IN THE UNITED STATES), %q(115N), %q(3), %q(3)]).includes ["WIN"]
make([%q(HOWARD ZINN'S 'A PEOPLE'S HISTORY' AND THE QUEST FOR HISTORICAL TRUTH (HISTORY 116N)), %q(116N), %q(3), %q(3)]).includes ["NOT GIVEN THIS YEAR"]
make([%q(SERVICE LEARNING AS AN APPROACH TO TEACHING), %q(116X), %q(3), %q(3)]).includes ["NOT GIVEN THIS YEAR"]
make([%q(RESEARCH AND POLICY ON POSTSECONDARY ACCESS (EDUC 417)), %q(117), %q(3), %q(3)]).includes ["WIN"]
make([%q(DESIGNING YOUR STANFORD (ME 104S)), %q(118S), %q(2), %q(2)]).includes ["AUT", "WIN", "SPR"]
make([%q(EDUCATION AND SOCIETY (EDUC 220C, SOC 130, SOC 230)), %q(120C), %q(4), %q(5)]).includes ["AUT"]
make([%q(HIP HOP, YOUTH IDENTITIES, AND THE POLITICS OF LANGUAGE (AFRICAAM 121X, AMSTUD 121X, ANTHRO 121A, CSRE 121X, LINGUIST 155)), %q(121X), %q(3), %q(4)]).includes ["NOT GIVEN THIS YEAR"]
make([%q(FROM LOCAL TO GLOBAL: COLLABORATIONS FOR INTERNATIONAL ENVIRONMENTAL EDUCATION (EARTHSYS 123)), %q(122X), %q(2), %q(2)]).includes ["NOT GIVEN THIS YEAR"]
make([%q(COMMUNITY-BASED RESEARCH AS TOOL FOR SOCIAL CHANGE:DISCOURSES OF EQUITY IN COMMUNITIES & CLASSROOMS (AFRICAAM 130, CSRE 130, EDUC 322)), %q(123X), %q(3), %q(5)]).includes ["SPR"]
make([%q(INTRODUCTION TO PUBLIC SERVICE LEADERSHIP), %q(126A), %q(1), %q(2)]).includes ["WIN"]
make([%q(PUBLIC SERVICE LEADERSHIP PROGRAM PRACTICUM), %q(126B), %q(1), %q(1)]).includes ["AUT", "SPR"]
make([%q(THE WELLBEING OF CHILDREN IN IMMIGRANT FAMILIES), %q(127X), %q(2), %q(2)]).includes ["NOT GIVEN THIS YEAR"]
make([%q(PROFESSIONAL AND LEADERSHIP DEVELOPMENT FOR FROSH), %q(128X), %q(1), %q(2)]).includes ["NOT GIVEN THIS YEAR"]
make([%q(INTRODUCTION TO COUNSELING (PSYCH 148)), %q(130), %q(3), %q(3)]).includes ["WIN"]
make([%q(MEDIATION FOR DISPUTE RESOLUTION (PSYCH 152)), %q(131), %q(3), %q(3)]).includes ["AUT"]
make([%q(RELIGION, MUSIC AND IDENTITY), %q(132N), %q(3), %q(3)]).includes ["NOT GIVEN THIS YEAR"]
make([%q(THE ROLE OF LANGUAGE IN EDUCATION AND SOCIETY), %q(133N), %q(3), %q(3)]).includes ["NOT GIVEN THIS YEAR"]
make([%q(CAREER AND PERSONAL COUNSELING (EDUC 234, PSYCH 192)), %q(134), %q(3), %q(3)]).includes ["SPR"]
make([%q(DESIGNING RESEARCH-BASED INTERVENTIONS TO SOLVE GLOBAL HEALTH PROBLEMS (AFRICAST 135, AFRICAST 235, EDUC 335X, MED 235)), %q(135X), %q(3), %q(4)]).includes ["SPR"]
make([%q(WORLD, SOCIETAL, AND EDUCATIONAL CHANGE: COMPARATIVE PERSPECTIVES (EDUC 306D, SOC 231)), %q(136), %q(4), %q(5)]).includes ["WIN"]
make([%q(EDUCATING YOUNG STEM THINKERS (EDUC 239X, ME 139, ME 231)), %q(139X), %q(3), %q(5)]).includes ["WIN", "SPR"]
make([%q(HONORS RESEARCH), %q(140), %q(1), %q(5)]).includes ["AUT", "WIN", "SPR", "SUM"]
make([%q(WRITING ACROSS LANGUAGES AND CULTURES: RESEARCH IN WRITING AND WRITING INSTRUCTION (CSRE 243, EDUC 243)), %q(145), %q(3), %q(5)]).includes ["WIN"]
make([%q(PERSPECTIVES ON THE EDUCATION OF LINGUISTIC MINORITIES), %q(146X), %q(3), %q(4)]).includes ["NOT GIVEN THIS YEAR"]
make([%q(CRITICAL PERSPECTIVES ON TEACHING AND TUTORING ENGLISH LANGUAGE LEARNERS), %q(148X), %q(3), %q(3)]).includes ["AUT", "WIN", "SPR"]
make([%q(THEORY AND ISSUES IN THE STUDY OF BILINGUALISM (EDUC 249)), %q(149), %q(3), %q(5)]).includes ["AUT"]
make([%q(FIRST YEAR REFLECTIONS SEMINAR), %q(155X), %q(1), %q(1)]).includes ["WIN"]
make([%q(EDUCATION & POVERTY: RESEARCH & SOLUTIONS), %q(157X), %q(1), %q(1)]).includes ["AUT", "WIN", "SPR"]
make([%q(HISTORY OF HIGHER EDUCATION IN THE U.S. (AMSTUD 165, EDUC 265, HISTORY 158C)), %q(165), %q(3), %q(5)]).includes ["WIN"]
make([%q(PREPARATION FOR INDEPENDENT PUBLIC SERVICE PROJECTS), %q(170X), %q(2), %q(2)]).includes ["SPR"]
make([%q(EARLY CHILDHOOD EDUCATION PRACTICUM), %q(171), %q(2), %q(4)]).includes ["WIN", "SPR"]
make([%q(GENDER AND HIGHER EDUCATION: NATIONAL AND INTERNATIONAL PERSPECTIVES (EDUC 273, FEMST 173, SOC 173, SOC 273)), %q(173), %q(4), %q(4)]).includes ["NOT GIVEN THIS YEAR"]
make([%q(THE DESIGN OF TECHNOLOGIES FOR CASUAL LEARNING - LAB), %q(176X), %q(1), %q(1)]).includes ["NOT GIVEN THIS YEAR"]
make([%q(LATINO FAMILIES, LANGUAGES, AND SCHOOLS), %q(178X), %q(3), %q(5)]).includes ["NOT GIVEN THIS YEAR"]
make([%q(DIRECTED READING IN EDUCATION), %q(180), %q(1), %q(15)]).includes ["AUT", "WIN", "SPR", "SUM"]
make([%q(PRE-FIELD COURSE FOR ALTERNATIVE SPRING BREAK), %q(180S), %q(1), %q(1)]).includes ["WIN"]
make([%q(MULTICULTURAL ISSUES IN HIGHER EDUCATION (EDUC 381)), %q(181), %q(4), %q(4)]).includes ["NOT GIVEN THIS YEAR"]
make([%q(PRACTICUM IN ENGLISH-SPANISH SCHOOL & COMMUNITY INTERPRETING (CHILATST 183X, EDUC 283X)), %q(183X), %q(3), %q(4)]).includes ["SPR"]
make([%q(MASTER'S THESIS), %q(185), %q(1), %q(15)]).includes ["AUT", "WIN", "SPR", "SUM"]
make([%q(MATH MENTORING: WORKING IN THE ZONE WITH LEARNERS (EDUC 397X)), %q(187X), %q(1), %q(2)]).includes ["NOT GIVEN THIS YEAR"]
make([%q(LANGUAGE AND MINORITY RIGHTS (CHILATST 189W, CSRE 189W)), %q(189X), %q(3), %q(3)]).includes ["NOT GIVEN THIS YEAR"]
make([%q(DIRECTED RESEARCH IN EDUCATION), %q(190), %q(1), %q(15)]).includes ["AUT", "WIN", "SPR", "SUM"]
make([%q(INTRODUCTION TO SURVEY RESEARCH (EDUC 291X)), %q(191X), %q(3), %q(4)]).includes ["NOT GIVEN THIS YEAR"]
make([%q(INTERPERSONAL LEARNING & LEADERSHIP: AN INTRODUCTION TO THE RA ROLE), %q(192X), %q(2), %q(2)]).includes ["SPR"]
make([%q(LISTEN UP! CORE PEER COUNSELING SKILLS), %q(193A), %q(2), %q(2)]).includes ["AUT", "WIN", "SPR"]
make([%q(PEER COUNSELING IN THE CHICANO/LATINO COMMUNITY), %q(193B), %q(1), %q(1)]).includes ["SPR"]
make([%q(PSYCHOLOGICAL WELL-BEING ON CAMPUS: PERSPECTIVES OF THE BLACK DIASPORA), %q(193C), %q(1), %q(1)]).includes ["NOT GIVEN THIS YEAR"]
make([%q(PSYCHOLOGICAL WELL-BEING ON CAMPUS: ASIAN AMERICAN PERSPECTIVES (ASNAMST 193F)), %q(193F), %q(1), %q(1)]).includes ["WIN"]
make([%q(PSYCHOLOGICAL WELL-BEING ON CAMPUS: A FOCUS ON GENDER AND SEXUAL IDENTITIES (FEMGEN 193G)), %q(193G), %q(1), %q(1)]).includes ["AUT"]
make([%q(PEER COUNSELING IN THE NATIVE AMERICAN COMMUNITY), %q(193N), %q(1), %q(1)]).includes ["AUT", "SPR"]
make([%q(PEER COUNSELING AT THE BRIDGE), %q(193P), %q(1), %q(1)]).includes ["AUT", "WIN", "SPR"]
make([%q(PEER COUNSELING ON COMPREHENSIVE SEXUAL HEALTH), %q(193S), %q(1), %q(1)]).includes ["AUT", "WIN", "SPR"]
make([%q(THE DESIGN OF TECHNOLOGIES FOR CASUAL LEARNING (EDUC 396X)), %q(196X), %q(3), %q(3)]).includes ["NOT GIVEN THIS YEAR"]
make([%q(EDUCATION, GENDER, AND DEVELOPMENT (FEMGEN 297, SOC 134)), %q(197), %q(4), %q(4)]).includes ["NOT GIVEN THIS YEAR"]
make([%q(UNDERGRADUATE HONORS SEMINAR), %q(199A), %q(3), %q(3)]).includes ["AUT"]
make([%q(UNDERGRADUATE HONORS SEMINAR), %q(199B), %q(1), %q(1)]).includes ["WIN"]
make([%q(UNDERGRADUATE HONORS SEMINAR), %q(199C), %q(1), %q(1)]).includes ["SPR"]
make([%q(INTRODUCTION TO DATA ANALYSIS AND INTERPRETATION), %q(200A), %q(4), %q(4)]).includes ["AUT"]
make([%q(INTRODUCTION TO QUALITATIVE RESEARCH METHODS), %q(200B), %q(4), %q(4)]).includes ["AUT", "WIN"]
make([%q(INTRODUCTION TO STATISTICAL METHODS IN EDUCATION), %q(200C), %q(3), %q(4)]).includes ["AUT"]
make([%q(HISTORY OF EDUCATION IN THE UNITED STATES (AMSTUD 201, HISTORY 158B)), %q(201), %q(3), %q(5)]).includes ["SPR"]
make([%q(INTRODUCTION TO COMPARATIVE AND INTERNATIONAL EDUCATION), %q(202), %q(4), %q(5)]).includes ["AUT"]
make([%q(INTERNATIONAL EDUCATION POLICY WORKSHOP), %q(202I), %q(3), %q(3)]).includes ["WIN"]
make([%q(THE ANTHROPOLOGY OF EDUCATION), %q(203), %q(3), %q(5)]).includes ["NOT GIVEN THIS YEAR"]
make([%q(TUTORING: SEEING A CHILD THROUGH LITERACY (EDUC 103A)), %q(203A), %q(3), %q(4)]).includes ["AUT"]
make([%q(INTRODUCTION TO PHILOSOPHY OF EDUCATION (PHIL 231)), %q(204), %q(3), %q(3)]).includes ["AUT"]
make([%q(THE IMPACT OF SOCIAL AND BEHAVIORAL SCIENCE RESEARCH ON EDUCATIONAL ISSUES), %q(205X), %q(3), %q(3)]).includes ["NOT GIVEN THIS YEAR"]
make([%q(APPLIED RESEARCH METHODS IN INTERNATIONAL AND COMPARATIVE EDUCATION I: INTRODUCTION), %q(206A), %q(1), %q(1)]).includes ["AUT"]
make([%q(APPLIED RESEARCH METHODS IN INTERNATIONAL AND COMPARATIVE EDUCATION II: MASTER'S PAPER PROPOSAL), %q(206B), %q(1), %q(3)]).includes ["WIN"]
make([%q(APPLIED RESEARCH METHODS IN ICE III: DATA COLLECTION AND ANALYSIS), %q(206C), %q(1), %q(1)]).includes ["SPR"]
make([%q(APPLIED RESEARCH METHODS IN INTERNATIONAL AND COMPARATIVE EDUCATION IV: MASTER'S PAPER WORKSHOP), %q(206D), %q(3), %q(3)]).includes ["SUM"]
make([%q(SCHOOL: WHAT IS IT GOOD FOR? (HISTORY 258D)), %q(207), %q(3), %q(4)]).includes ["WIN"]
make([%q(CURRICULUM CONSTRUCTION), %q(208B), %q(3), %q(4)]).includes ["WIN"]
make([%q(POLICY, ORGANIZATION, AND LEADERSHIP STUDIES SEMINAR), %q(209A), %q(1), %q(1)]).includes ["AUT"]
make([%q(POLICY, ORGANIZATION, AND LEADERSHIP STUDIES SEMINAR), %q(209B), %q(1), %q(3)]).includes ["WIN"]
make([%q(POLICY, ORGANIZATION, AND LEADERSHIP STUDIES SEMINAR), %q(209C), %q(1), %q(3)]).includes ["SPR"]
make([%q(POLICY, ORGANIZATION, AND LEADERSHIP STUDIES INTERNSHIP WORKSHOP), %q(210X), %q(1), %q(3)]).includes ["AUT", "WIN", "SPR"]
make([%q(BEYOND BITS AND ATOMS - LAB (CS 402L)), %q(211X), %q(1), %q(3)]).includes ["NOT GIVEN THIS YEAR"]
make([%q(URBAN EDUCATION (AFRICAAM 112, CSRE 112X, EDUC 112X, SOC 129X, SOC 229X)), %q(212X), %q(3), %q(4)]).includes ["WIN"]
make([%q(INTRODUCTION TO TEACHING), %q(213), %q(3), %q(4)]).includes ["AUT"]
make([%q(LDT INTERNSHIP WORKSHOP), %q(215X), %q(1), %q(3)]).includes ["AUT", "WIN", "SPR", "SUM"]
make([%q(EDUCATION, RACE, AND INEQUALITY IN AFRICAN AMERICAN HISTORY, 1880-1990 (AFRICAAM 116, CSRE 216X, HISTORY 255E)), %q(216), %q(3), %q(5)]).includes ["SPR"]
make([%q(HISTORIES AND FUTURES OF HUMANISTIC EDUCATION: CULTURE AND CRISIS, BOOKS AND MOOCS (COMPLIT 265, DLCL 265)), %q(217X), %q(5), %q(5)]).includes ["WIN"]
make([%q(TOPICS IN COGNITION AND LEARNING: INDUCTION, PROOF, DISCOVERY, AND STATISTICS), %q(218), %q(3), %q(3)]).includes ["NOT GIVEN THIS YEAR"]
make([%q(THE CREATIVE ARTS IN ELEMENTARY CLASSROOMS), %q(219E), %q(1), %q(1)]).includes ["AUT"]
make([%q(INTRODUCTION TO THE ECONOMICS OF EDUCATION), %q(220A), %q(4), %q(4)]).includes ["NOT GIVEN THIS YEAR"]
make([%q(INTRODUCTION TO THE POLITICS OF EDUCATION), %q(220B), %q(4), %q(4)]).includes ["NOT GIVEN THIS YEAR"]
make([%q(EDUCATION AND SOCIETY (EDUC 120C, SOC 130, SOC 230)), %q(220C), %q(4), %q(5)]).includes ["AUT"]
make([%q(HISTORY OF SCHOOL REFORM: ORIGINS, POLICIES, OUTCOMES, AND EXPLANATIONS (HISTORY 258E)), %q(220D), %q(3), %q(5)]).includes ["AUT"]
make([%q(INTRODUCTION TO THE ECONOMICS OF EDUCATION: ECONOMICS SECTION), %q(220Y), %q(1), %q(2)]).includes ["NOT GIVEN THIS YEAR"]
make([%q(POLICY ANALYSIS IN EDUCATION), %q(221A), %q(4), %q(5)]).includes ["WIN"]
make([%q(RESOURCE ALLOCATION IN EDUCATION), %q(222), %q(4), %q(5)]).includes ["NOT GIVEN THIS YEAR"]
make([%q(GOOD DISTRICTS AND GOOD SCHOOLS: RESEARCH, POLICY, AND PRACTICE), %q(223), %q(3), %q(4)]).includes ["NOT GIVEN THIS YEAR"]
make([%q(SOCIAL ENTREPRENEURSHIP AND SOCIAL INNOVATION), %q(224), %q(2), %q(4)]).includes ["NOT GIVEN THIS YEAR"]
make([%q(SOCIAL ENTREPRENEURSHIP AND SOCIAL INNOVATION), %q(224A), %q(3), %q(3)]).includes ["NOT GIVEN THIS YEAR"]
make([%q(SOCIAL ENTREPRENEURSHIP AND SOCIAL INNOVATION), %q(224B), %q(2), %q(2)]).includes ["NOT GIVEN THIS YEAR"]
make([%q(BUSINESS CONCEPTS AND SKILLS FOR THE SOCIAL SECTOR), %q(225X), %q(3), %q(3)]).includes ["NOT GIVEN THIS YEAR"]
make([%q(CURATING EXPERIENCE: REPRESENTATION IN AND BEYOND MUSEUMS (AMSTUD 226X, CSRE 226X)), %q(226X), %q(4), %q(4)]).includes ["SPR"]
make([%q(BECOMING LITERATE IN SCHOOL I), %q(228E), %q(2), %q(2)]).includes ["SUM"]
make([%q(BECOMING LITERATE IN SCHOOL II), %q(228F), %q(2), %q(2)]).includes ["AUT"]
make([%q(BECOMING LITERATE IN SCHOOL III), %q(228G), %q(2), %q(2)]).includes ["SPR"]
make([%q(LITERACY, HISTORY, AND SOCIAL SCIENCE), %q(228H), %q(1), %q(1)]).includes ["SPR"]
make([%q(LEARNING DESIGN AND TECHNOLOGY SEMINAR), %q(229A), %q(1), %q(1)]).includes ["AUT"]
make([%q(LEARNING DESIGN AND TECHNOLOGY SEMINAR), %q(229B), %q(1), %q(1)]).includes ["WIN"]
make([%q(LEARNING DESIGN AND TECHNOLOGY SEMINAR), %q(229C), %q(1), %q(1)]).includes ["SPR"]
make([%q(LEARNING DESIGN AND TECHNOLOGY SEMINAR), %q(229D), %q(2), %q(5)]).includes ["SUM"]
make([%q(SOCIAL ENTERPRISE), %q(230X), %q(4), %q(4)]).includes ["NOT GIVEN THIS YEAR"]
make([%q(KNOWING GOD: LEARNING RELIGION IN POPULAR CULTURE (JEWISHST 291X, RELIGST 231X)), %q(231X), %q(4), %q(4)]).includes ["NOT GIVEN THIS YEAR"]
make([%q(CULTURE, LEARNING, AND POVERTY), %q(232), %q(2), %q(3)]).includes ["WIN"]
make([%q(COUNSELING THEORIES AND INTERVENTIONS FROM A MULTICULTURAL PERSPECTIVE (AFRICAAM 233A, CSRE 233A)), %q(233A), %q(3), %q(5)]).includes ["NOT GIVEN THIS YEAR"]
make([%q(ADOLESCENT DEVELOPMENT AND MENTORING IN THE URBAN CONTEXT), %q(233B), %q(3), %q(3)]).includes ["NOT GIVEN THIS YEAR"]
make([%q(CAREER AND PERSONAL COUNSELING (EDUC 134, PSYCH 192)), %q(234), %q(3), %q(3)]).includes ["SPR"]
make([%q(THE CREATIVE ARTS IN SCHOOLS AND CLASSROOMS), %q(235X), %q(2), %q(2)]).includes ["NOT GIVEN THIS YEAR"]
make([%q(BEYOND BITS AND ATOMS: DESIGNING TECHNOLOGICAL TOOLS (CS 402)), %q(236X), %q(3), %q(5)]).includes ["NOT GIVEN THIS YEAR"]
make([%q(EDUCATING YOUNG STEM THINKERS (EDUC 139X, ME 139, ME 231)), %q(239X), %q(3), %q(5)]).includes ["WIN", "SPR"]
make([%q(ADOLESCENT DEVELOPMENT AND LEARNING), %q(240), %q(5), %q(5)]).includes ["AUT"]
make([%q(ORGANIZATIONAL LEARNING), %q(241S), %q(2), %q(2)]).includes ["NOT GIVEN THIS YEAR"]
make([%q(ORGANIZATIONAL LEARNING), %q(241X), %q(4), %q(4)]).includes ["NOT GIVEN THIS YEAR"]
make([%q(LANGUAGE USE IN THE CHICANO COMMUNITY (SPANLIT 206)), %q(242), %q(3), %q(5)]).includes ["NOT GIVEN THIS YEAR"]
make([%q(WRITING ACROSS LANGUAGES AND CULTURES: RESEARCH IN WRITING AND WRITING INSTRUCTION (CSRE 243, EDUC 145)), %q(243), %q(3), %q(5)]).includes ["WIN"]
make([%q(CLASSROOM MANAGEMENT AND LEADERSHIP), %q(244), %q(2), %q(2)]).includes ["AUT"]
make([%q(ELEMENTARY CLASSROOM LEADERSHIP AND MANAGEMENT), %q(244E), %q(1), %q(1)]).includes ["SUM"]
make([%q(ELEMENTARY CLASSROOM LEADERSHIP AND MANAGEMENT), %q(244F), %q(1), %q(1)]).includes ["AUT"]
make([%q(UNDERSTANDING RACIAL AND ETHNIC IDENTITY DEVELOPMENT (AFRICAAM 245, CSRE 245)), %q(245), %q(3), %q(5)]).includes ["WIN"]
make([%q(SECONDARY TEACHING SEMINAR), %q(246A), %q(3), %q(3)]).includes ["SUM"]
make([%q(SECONDARY TEACHING SEMINAR), %q(246B), %q(5), %q(5)]).includes ["AUT"]
make([%q(SECONDARY TEACHING SEMINAR), %q(246C), %q(5), %q(5)]).includes ["WIN"]
make([%q(SECONDARY TEACHING SEMINAR), %q(246D), %q(2), %q(7)]).includes ["SPR"]
make([%q(ELEMENTARY TEACHING SEMINAR), %q(246E), %q(3), %q(3)]).includes ["SUM"]
make([%q(ELEMENTARY TEACHING SEMINAR), %q(246F), %q(5), %q(7)]).includes ["AUT"]
make([%q(ELEMENTARY TEACHING SEMINAR), %q(246G), %q(3), %q(3)]).includes ["WIN"]
make([%q(ELEMENTARY TEACHING SEMINAR), %q(246H), %q(4), %q(4)]).includes ["SPR"]
make([%q(MORAL EDUCATION), %q(247), %q(3), %q(3)]).includes ["SPR"]
make([%q(PSYCHOLOGY OF PEDAGOGY (PSYCH 277)), %q(248X), %q(1), %q(3)]).includes ["WIN"]
make([%q(THEORY AND ISSUES IN THE STUDY OF BILINGUALISM (EDUC 149)), %q(249), %q(3), %q(5)]).includes ["AUT"]
make([%q(STATISTICAL ANALYSIS IN EDUCATION: REGRESSION), %q(250B), %q(4), %q(4)]).includes ["WIN"]
make([%q(QUALITATIVE ANALYSIS IN EDUCATION), %q(250C), %q(4), %q(4)]).includes ["SPR"]
make([%q(INTRODUCTION TO TEST THEORY), %q(252), %q(4), %q(5)]).includes ["AUT"]
make([%q(INEQUALITY, SOCIETY, AND EDUCATION (SOC 353X)), %q(253X), %q(3), %q(5)]).includes ["NOT GIVEN THIS YEAR"]
make([%q(LEADERSHIP IN DIVERSE ORGANIZATIONS), %q(254S), %q(2), %q(2)]).includes ["NOT GIVEN THIS YEAR"]
make([%q(LEADERSHIP IN DIVERSE ORGANIZATIONS), %q(254X), %q(4), %q(4)]).includes ["NOT GIVEN THIS YEAR"]
make([%q(EXPERIMENTAL RESEARCH DESIGNS IN EDUCATIONAL RESEARCH), %q(255A), %q(3), %q(5)]).includes ["AUT"]
make([%q(CAUSAL INFERENCE IN QUANTITATIVE EDUCATIONAL AND SOCIAL SCIENCE RESEARCH (SOC 257)), %q(255B), %q(3), %q(5)]).includes ["WIN"]
make([%q(APPLIED QUASI-EXPERIMENTAL RESEARCH IN EDUCATION (SOC 258)), %q(255C), %q(3), %q(5)]).includes ["SPR"]
make([%q(PSYCHOLOGICAL AND EDUCATIONAL RESILIENCE AMONG CHILDREN AND YOUTH (HUMBIO 149)), %q(256), %q(4), %q(4)]).includes ["SPR"]
make([%q(STATISTICAL METHODS FOR BEHAVIORAL AND SOCIAL SCIENCES), %q(257A), %q(3), %q(3)]).includes ["NOT GIVEN THIS YEAR"]
make([%q(STATISTICAL METHODS FOR BEHAVIORAL AND SOCIAL SCIENCES), %q(257B), %q(3), %q(3)]).includes ["NOT GIVEN THIS YEAR"]
make([%q(LITERACY DEVELOPMENT AND INSTRUCTION), %q(258), %q(3), %q(5)]).includes ["SPR"]
make([%q(APPLICATION OF HIERARCHICAL LINEAR MODELS IN BEHAVIORAL AND SOCIAL RESEARCH), %q(259X), %q(4), %q(4)]).includes ["WIN"]
make([%q(STATISTICAL METHODS FOR GROUP COMPARISONS AND CAUSAL INFERENCE (HRP 239, STATS 209)), %q(260X), %q(3), %q(3)]).includes ["WIN"]
make([%q(CURRICULUM AND INSTRUCTION IN ENGLISH), %q(262A), %q(2), %q(2)]).includes ["SUM"]
make([%q(CURRICULUM AND INSTRUCTION IN ENGLISH), %q(262B), %q(3), %q(3)]).includes ["AUT"]
make([%q(CURRICULUM AND INSTRUCTION IN ENGLISH), %q(262C), %q(3), %q(3)]).includes ["WIN"]
make([%q(CURRICULUM AND INSTRUCTION IN MATHEMATICS), %q(263A), %q(2), %q(2)]).includes ["SUM"]
make([%q(CURRICULUM AND INSTRUCTION IN MATHEMATICS), %q(263B), %q(3), %q(3)]).includes ["AUT"]
make([%q(CURRICULUM AND INSTRUCTION IN MATHEMATICS), %q(263C), %q(3), %q(3)]).includes ["WIN"]
make([%q(QUANTITATIVE REASONING IN MATHEMATICS I), %q(263E), %q(2), %q(2)]).includes ["SUM"]
make([%q(QUANTITATIVE REASONING IN MATHEMATICS II), %q(263F), %q(2), %q(3)]).includes ["AUT"]
make([%q(QUANTITATIVE REASONING IN MATHEMATICS III), %q(263G), %q(2), %q(2)]).includes ["WIN"]
make([%q(CURRICULUM AND INSTRUCTION IN WORLD LANGUAGES), %q(264A), %q(2), %q(2)]).includes ["SUM"]
make([%q(CURRICULUM AND INSTRUCTION IN WORLD LANGUAGES), %q(264B), %q(3), %q(3)]).includes ["AUT"]
make([%q(CURRICULUM AND INSTRUCTION IN WORLD LANGUAGES), %q(264C), %q(3), %q(3)]).includes ["WIN"]
make([%q(METHODS AND MATERIALS IN BILINGUAL CLASSROOMS), %q(264E), %q(2), %q(2)]).includes ["AUT"]
make([%q(HISTORY OF HIGHER EDUCATION IN THE U.S. (AMSTUD 165, EDUC 165, HISTORY 158C)), %q(265), %q(3), %q(5)]).includes ["WIN"]
make([%q(CURRICULUM AND INSTRUCTION IN SCIENCE), %q(267A), %q(2), %q(2)]).includes ["SUM"]
make([%q(CURRICULUM AND INSTRUCTION IN SCIENCE), %q(267B), %q(3), %q(3)]).includes ["AUT"]
make([%q(CURRICULUM AND INSTRUCTION IN SCIENCE), %q(267C), %q(3), %q(3)]).includes ["WIN"]
make([%q(DEVELOPMENT OF SCIENTIFIC REASONING AND KNOWLEDGE), %q(267E), %q(2), %q(2)]).includes ["AUT"]
make([%q(DEVELOPMENT OF SCIENTIFIC REASONING AND KNOWLEDGE II), %q(267F), %q(2), %q(2)]).includes ["WIN"]
make([%q(INTEGRATING THE GARDEN INTO THE ELEMENTARY CURRICULUM), %q(267G), %q(1), %q(1)]).includes ["SPR"]
make([%q(CURRICULUM AND INSTRUCTION IN HISTORY AND SOCIAL SCIENCE), %q(268A), %q(2), %q(2)]).includes ["SUM"]
make([%q(CURRICULUM AND INSTRUCTION IN HISTORY AND SOCIAL SCIENCE), %q(268B), %q(3), %q(3)]).includes ["AUT"]
make([%q(CURRICULUM AND INSTRUCTION IN HISTORY AND SOCIAL SCIENCE), %q(268C), %q(3), %q(3)]).includes ["WIN"]
make([%q(ELEMENTARY HISTORY AND SOCIAL SCIENCE), %q(268E), %q(3), %q(4)]).includes ["NOT GIVEN THIS YEAR"]
make([%q(THE ETHICS IN TEACHING), %q(269X), %q(1), %q(1)]).includes ["WIN", "SPR"]
make([%q(EDUCATION POLICY IN THE UNITED STATES), %q(271X), %q(5), %q(5)]).includes ["SPR"]
make([%q(UNDERSTANDING AND CREATING VALUE-ADDED MEASURES OF TEACHER EFFECTIVENESS), %q(272X), %q(3), %q(3)]).includes ["NOT GIVEN THIS YEAR"]
make([%q(GENDER AND HIGHER EDUCATION: NATIONAL AND INTERNATIONAL PERSPECTIVES (EDUC 173, FEMST 173, SOC 173, SOC 273)), %q(273), %q(4), %q(4)]).includes ["NOT GIVEN THIS YEAR"]
make([%q(SCHOOL CHOICE: THE ROLE OF CHARTER SCHOOLS), %q(274X), %q(3), %q(3)]).includes ["WIN"]
make([%q(EDUCATIONAL ASSESSMENT), %q(276), %q(3), %q(3)]).includes ["SPR"]
make([%q(EDUCATION OF IMMIGRANT STUDENTS: PSYCHOLOGICAL PERSPECTIVES), %q(277), %q(4), %q(4)]).includes ["WIN"]
make([%q(INTRODUCTION TO ISSUES IN EVALUATION), %q(278), %q(3), %q(4)]).includes ["SPR"]
make([%q(TECHNOLOGY FOR LEARNERS), %q(281X), %q(3), %q(3)]).includes ["AUT"]
make([%q(THE POLITICS OF KNOWLEDGE IN THE TWENTIETH CENTURY UNITED STATES), %q(282X), %q(3), %q(5)]).includes ["NOT GIVEN THIS YEAR"]
make([%q(CHILD DEVELOPMENT IN AND BEYOND SCHOOLS), %q(283), %q(2), %q(2)]).includes ["AUT"]
make([%q(PRACTICUM IN ENGLISH-SPANISH SCHOOL & COMMUNITY INTERPRETING (CHILATST 183X, EDUC 183X)), %q(283X), %q(3), %q(4)]).includes ["SPR"]
make([%q(TEACHING AND LEARNING IN HETEROGENEOUS CLASSROOMS), %q(284), %q(3), %q(3)]).includes ["AUT"]
make([%q(SUPPORTING STUDENTS WITH SPECIAL NEEDS), %q(285), %q(2), %q(3)]).includes ["SPR"]
make([%q(SECOND LANGUAGE ACQUISITION RESEARCH), %q(286B), %q(4), %q(4)]).includes ["WIN"]
make([%q(GRADUATE RESEARCH WORKSHOP ON PSYCHOLOGICAL INTERVENTIONS (PSYCH 274)), %q(287X), %q(3), %q(3)]).includes ["NOT GIVEN THIS YEAR"]
make([%q(ORGANIZATIONAL ANALYSIS (SOC 366)), %q(288), %q(4), %q(5)]).includes ["AUT"]
make([%q(THE CENTRALITY OF LITERACIES IN TEACHING AND LEARNING), %q(289), %q(3), %q(3)]).includes ["SUM"]
make([%q(INSTRUCTIONAL LEADERSHIP: BUILDING CAPACITY FOR EXCELLENT TEACHING), %q(290), %q(3), %q(4)]).includes ["SPR"]
make([%q(LEARNING SCIENCES AND TECHNOLOGY DESIGN RESEARCH SEMINAR AND COLLOQUIUM), %q(291), %q(1), %q(3)]).includes ["AUT", "WIN", "SPR"]
make([%q(INTRODUCTION TO SURVEY RESEARCH (EDUC 191X)), %q(291X), %q(3), %q(4)]).includes ["NOT GIVEN THIS YEAR"]
make([%q(ACADEMIC WRITING FOR CLARITY AND GRACE), %q(292), %q(2), %q(4)]).includes ["SPR"]
make([%q(CHURCH, STATE, & SCHOOLS: ISSUES IN EDUCATION & RELIGION (RELIGST 293X)), %q(293X), %q(4), %q(4)]).includes ["NOT GIVEN THIS YEAR"]
make([%q(HISTORY OF THE LEARNED BOOK), %q(294X), %q(3), %q(5)]).includes ["NOT GIVEN THIS YEAR"]
make([%q(LEARNING AND COGNITION IN ACTIVITY (PSYCH 261A)), %q(295), %q(3), %q(3)]).includes ["NOT GIVEN THIS YEAR"]
make([%q(SCHOOL LEADERSHIP), %q(296X), %q(3), %q(3)]).includes ["NOT GIVEN THIS YEAR"]
make([%q(TEACHING AND LEARNING IN HIGHER EDUCATION (CTL 297)), %q(297), %q(3), %q(4)]).includes ["WIN"]
make([%q(LEARNING IN A NETWORKED WORLD: LEARNING ANALYTICS IN TECHNOLOGY-ENHANCED EDUCATION (CS 377L)), %q(298), %q(3), %q(3)]).includes ["NOT GIVEN THIS YEAR"]
make([%q(EDUCATING FOR EQUITY AND DEMOCRACY), %q(299), %q(2), %q(2)]).includes ["SUM"]
make([%q(INCENTIVES IN EDUCATION), %q(302X), %q(1), %q(4)]).includes ["NOT GIVEN THIS YEAR"]
make([%q(DESIGNING LEARNING SPACES), %q(303X), %q(3), %q(4)]).includes ["NOT GIVEN THIS YEAR"]
make([%q(ECONOMICS OF EDUCATION IN THE GLOBAL ECONOMY), %q(306A), %q(5), %q(5)]).includes ["AUT"]
make([%q(THE POLITICS OF INTERNATIONAL COOPERATION IN EDUCATION), %q(306B), %q(3), %q(5)]).includes ["SPR"]
make([%q(WORLD, SOCIETAL, AND EDUCATIONAL CHANGE: COMPARATIVE PERSPECTIVES (EDUC 136, SOC 231)), %q(306D), %q(4), %q(5)]).includes ["WIN"]
make([%q(ECONOMIC SUPPORT SEMINAR FOR EDUCATION AND ECONOMIC DEVELOPMENT), %q(306Y), %q(1), %q(1)]).includes ["AUT"]
make([%q(ORGANIZING FOR DIVERSITY: OPPORTUNITIES AND OBSTACLES IN GROUPS AND ORGANIZATIONS), %q(307X), %q(3), %q(4)]).includes ["NOT GIVEN THIS YEAR"]
make([%q(MOBILE LEARNING TECHNOLOGY FOR THE MARGINALIZED), %q(308X), %q(1), %q(3)]).includes ["NOT GIVEN THIS YEAR"]
make([%q(EDUCATIONAL ISSUES IN CONTEMPORARY CHINA (EDUC 109X)), %q(309X), %q(3), %q(4)]).includes ["NOT GIVEN THIS YEAR"]
make([%q(SOCIOLOGY OF EDUCATION: THE SOCIAL ORGANIZATION OF SCHOOLS (EDUC 110, SOC 132, SOC 332)), %q(310), %q(4), %q(4)]).includes ["NOT GIVEN THIS YEAR"]
make([%q(DESIGNING LEARNING FOR DEVELOPMENT: LEARNING THEORIES, TECHONOLOGY DESIGN AND SOCIAL CHANGE), %q(311X), %q(3), %q(3)]).includes ["NOT GIVEN THIS YEAR"]
make([%q(MICROSOCIOLOGY: SOCIAL STRUCTURE AND INTERACTION (SOC 224B)), %q(312B), %q(4), %q(4)]).includes ["NOT GIVEN THIS YEAR"]
make([%q(THE EDUCATION OF AMERICAN JEWS (JEWISHST 393X, RELIGST 313X)), %q(313X), %q(4), %q(4)]).includes ["AUT"]
make([%q(RACE AND ETHNICITY IN SOCIETY AND INSTITUTIONS (SOC 347)), %q(315X), %q(1), %q(5)]).includes ["NOT GIVEN THIS YEAR"]
make([%q(WORKSHOP: NETWORKS, HISTORIES, AND THEORIES OF ACTION (SOC 317W)), %q(317X), %q(1), %q(2)]).includes ["NOT GIVEN THIS YEAR"]
make([%q(THE DISCOURSES OF TEACHING READING), %q(318X), %q(3), %q(5)]).includes ["NOT GIVEN THIS YEAR"]
make([%q(ANALYSIS OF SOCIAL INTERACTION), %q(321), %q(4), %q(4)]).includes ["NOT GIVEN THIS YEAR"]
make([%q(LEADING SOCIAL CHANGE: EDUCATIONAL AND SOCIAL ENTREPRENEURSHIP (OB 385)), %q(321X), %q(4), %q(4)]).includes ["NOT GIVEN THIS YEAR"]
make([%q(COMMUNITY-BASED RESEARCH AS TOOL FOR SOCIAL CHANGE:DISCOURSES OF EQUITY IN COMMUNITIES & CLASSROOMS (AFRICAAM 130, CSRE 130, EDUC 123X)), %q(322), %q(3), %q(5)]).includes ["SPR"]
make([%q(THE PRACTICE OF EDUCATION POLICY ANALYSIS), %q(323A), %q(3), %q(5)]).includes ["SPR"]
make([%q(THE ECOLOGY OF EQUALITY), %q(324X), %q(1), %q(4)]).includes ["NOT GIVEN THIS YEAR"]
make([%q(PROSEMINAR 1), %q(325A), %q(3), %q(3)]).includes ["AUT"]
make([%q(PROSEMINAR 2), %q(325B), %q(3), %q(3)]).includes ["WIN"]
make([%q(PROSEMINAR 3), %q(325C), %q(2), %q(4)]).includes ["SPR"]
make([%q(LAW, LITIGATION, AND EDUCATIONAL POLICY), %q(326), %q(3), %q(3)]).includes ["NOT GIVEN THIS YEAR"]
make([%q(THE CONDUCT OF QUALITATIVE INQUIRY (SOC 331)), %q(327A), %q(3), %q(4)]).includes ["NOT GIVEN THIS YEAR"]
make([%q(THE CONDUCT OF QUALITATIVE INQUIRY), %q(327C), %q(1), %q(4)]).includes ["SPR"]
make([%q(TOPICS IN LEARNING AND TECHNOLOGY: D.COMPRESS - DESIGNING CALM (CS 377D)), %q(328A), %q(2), %q(3)]).includes ["NOT GIVEN THIS YEAR"]
make([%q(TOPICS IN LEARNING AND TECHNOLOGY: CORE MECHANICS FOR LEARNING), %q(328X), %q(3), %q(3)]).includes ["WIN"]
make([%q(SEMINAR ON TEACHER PROFESSIONAL DEVELOPMENT), %q(329X), %q(1), %q(4)]).includes ["NOT GIVEN THIS YEAR"]
make([%q(TEACHING ENGLISH LANGUAGE LEARNERS: ISSUES IN POLICY, LEADERSHIP, AND INSTRUCTION), %q(330X), %q(3), %q(4)]).includes ["SPR"]
make([%q(THEORY AND PRACTICE OF ENVIRONMENTAL EDUCATION), %q(332), %q(3), %q(3)]).includes ["SPR"]
make([%q(UNDERSTANDING LEARNING ENVIRONMENTS), %q(333A), %q(3), %q(3)]).includes ["WIN"]
make([%q(IMAGINING THE FUTURE OF LEARNING: SPARKTRUCK - DESIGNING MOBILE INTERVENTIONS FOR EDUCATION (ME 376A)), %q(333B), %q(4), %q(4)]).includes ["NOT GIVEN THIS YEAR"]
make([%q(YOUTH AND EDUCATION LAW PROJECT: CLINICAL PRACTICE), %q(334A), %q(4), %q(4)]).includes ["WIN", "SPR"]
make([%q(YOUTH AND EDUCATION LAW PROJECT: CLINICAL METHODS), %q(334B), %q(4), %q(4)]).includes ["WIN", "SPR"]
make([%q(YOUTH AND EDUCATION LAW PROJECT: CLINICAL COURSEWORK), %q(334C), %q(4), %q(4)]).includes ["WIN", "SPR"]
make([%q(EDUCATION ADVOCACY CLINIC), %q(334X), %q(2), %q(10)]).includes []
make([%q(DESIGNING RESEARCH-BASED INTERVENTIONS TO SOLVE GLOBAL HEALTH PROBLEMS (AFRICAST 135, AFRICAST 235, EDUC 135X, MED 235)), %q(335X), %q(3), %q(4)]).includes ["SPR"]
make([%q(LANGUAGE, IDENTITY, AND CLASSROOM LEARNING), %q(336), %q(1), %q(3)]).includes ["NOT GIVEN THIS YEAR"]
make([%q(LAW AND PUBLIC POLICY: ISSUES IN IMPLEMENTATION), %q(336A), %q(3), %q(3)]).includes ["NOT GIVEN THIS YEAR"]
make([%q(RACE, ETHNICITY, AND LINGUISTIC DIVERSITY IN CLASSROOMS: SOCIOCULTURAL THEORY AND PRACTICES (AFRICAAM 106, CSRE 103B, EDUC 103B)), %q(337), %q(3), %q(5)]).includes ["SPR"]
make([%q(INNOVATIONS IN EDUCATION: DESIGNING THE TEACHING EXPERIENCE), %q(338X), %q(3), %q(4)]).includes ["SPR"]
make([%q(ADVANCED TOPICS IN QUANTITATIVE POLICY ANALYSIS), %q(339), %q(1), %q(2)]).includes ["AUT", "WIN", "SPR"]
make([%q(PSYCHOLOGY AND AMERICAN INDIAN MENTAL HEALTH (NATIVEAM 240)), %q(340), %q(3), %q(5)]).includes ["SPR"]
make([%q(URBAN SCHOOL SYSTEM REFORM), %q(341X), %q(4), %q(4)]).includes ["NOT GIVEN THIS YEAR"]
make([%q(CHILD DEVELOPMENT AND NEW TECHNOLOGIES), %q(342), %q(3), %q(3)]).includes ["SPR"]
make([%q(NAVIGATING THE ACADEMIC PROFESSION), %q(343X), %q(1), %q(2)]).includes ["AUT"]
make([%q(ADOLESCENT DEVELOPMENT AND SCHOOLING), %q(345X), %q(3), %q(5)]).includes ["NOT GIVEN THIS YEAR"]
make([%q(RESEARCH SEMINAR IN HIGHER EDUCATION), %q(346), %q(4), %q(4)]).includes ["AUT"]
make([%q(THE ECONOMICS OF HIGHER EDUCATION), %q(347), %q(4), %q(4)]).includes ["WIN"]
make([%q(POLICY AND PRACTICE IN SCIENCE EDUCATION), %q(348X), %q(3), %q(4)]).includes ["NOT GIVEN THIS YEAR"]
make([%q(WORKSHOP ON NEW RESEARCH), %q(350X), %q(1), %q(1)]).includes ["AUT", "WIN", "SPR"]
make([%q(STATISTICAL METHODS FOR LONGITUDINAL DATA (STATS 222)), %q(351A), %q(2), %q(3)]).includes ["NOT GIVEN THIS YEAR"]
make([%q(STATISTICAL ISSUES IN TESTING AND ASSESSMENT), %q(351B), %q(2), %q(3)]).includes ["AUT"]
make([%q(WORKSHOP IN TECHNICAL QUALITY OF EDUCATIONAL ASSESSMENTS AND ACCOUNTABILITY), %q(351C), %q(3), %q(3)]).includes ["NOT GIVEN THIS YEAR"]
make([%q(PROBLEMS IN MEASUREMENT: GENERALIZABILITY THEORY), %q(353C), %q(3), %q(3)]).includes ["NOT GIVEN THIS YEAR"]
make([%q(SCHOOL-BASED DECISION MAKING), %q(354), %q(3), %q(4)]).includes ["WIN"]
make([%q(HIGHER EDUCATION AND SOCIETY), %q(355X), %q(3), %q(3)]).includes ["AUT"]
make([%q(STREET HISTORY: LEARNING THE PAST IN SCHOOL AND OUT (HISTORY 337C)), %q(356), %q(3), %q(5)]).includes ["NOT GIVEN THIS YEAR"]
make([%q(SCIENCE AND ENVIRONMENTAL EDUCATION IN INFORMAL CONTEXTS), %q(357), %q(3), %q(4)]).includes ["WIN"]
make([%q(LEARNING, SHARING, PUBLISHING, AND INTELLECTUAL PROPERTY), %q(358X), %q(1), %q(4)]).includes ["NOT GIVEN THIS YEAR"]
make([%q(SCIENCE LEARNING), %q(359B), %q(2), %q(3)]).includes ["NOT GIVEN THIS YEAR"]
make([%q(SCIENCE LITERACY), %q(359C), %q(2), %q(3)]).includes ["NOT GIVEN THIS YEAR"]
make([%q(RESEARCH IN MATHEMATICS EDUCATION: CONDUCTING INQUIRY), %q(359F), %q(2), %q(4)]).includes ["NOT GIVEN THIS YEAR"]
make([%q(DEVELOPMENTAL PSYCHOPATHOLOGY AND RESILIENCE), %q(360X), %q(3), %q(4)]).includes ["NOT GIVEN THIS YEAR"]
make([%q(THE SCIENCE CURRICULUM: VALUES AND IDEOLOGY IN A CONTESTED TERRAIN), %q(362X), %q(2), %q(4)]).includes ["SPR"]
make([%q(COGNITION AND LEARNING), %q(364), %q(3), %q(4)]).includes ["NOT GIVEN THIS YEAR"]
make([%q(SOCIAL, EMOTIONAL, AND PERSONALITY DEVELOPMENT), %q(365), %q(3), %q(3)]).includes ["WIN"]
make([%q(LEARNING IN FORMAL AND INFORMAL ENVIRONMENTS), %q(366X), %q(3), %q(3)]).includes ["WIN"]
make([%q(CULTURAL PSYCHOLOGY), %q(367), %q(3), %q(5)]).includes ["AUT"]
make([%q(COGNITIVE DEVELOPMENT IN CHILDHOOD AND ADOLESCENCE), %q(368), %q(3), %q(4)]).includes ["AUT"]
make([%q(GRADUATE WORKSHOP: FEMINIST, GENDER, AND SEXUALITY STUDIES (FEMGEN 299)), %q(370X), %q(1), %q(3)]).includes ["AUT", "WIN", "SPR"]
make([%q(SOCIAL PSYCHOLOGY AND SOCIAL CHANGE (PSYCH 265)), %q(371X), %q(2), %q(3)]).includes ["SPR"]
make([%q(TEACHING IN THE HUMANITIES-RESEARCH INTO ADOLESCENT LITERACY), %q(373X), %q(3), %q(5)]).includes ["NOT GIVEN THIS YEAR"]
make([%q(PHILANTHROPY AND CIVIL SOCIETY (POLISCI 334, SOC 374)), %q(374), %q(1), %q(3)]).includes ["AUT", "WIN", "SPR"]
make([%q(SEMINAR ON ORGANIZATIONAL THEORY (MS&E 389, SOC 363A)), %q(375A), %q(5), %q(5)]).includes ["AUT"]
make([%q(SEMINAR ON ORGANIZATIONS: INSTITUTIONAL ANALYSIS (SOC 363B)), %q(375B), %q(3), %q(5)]).includes ["NOT GIVEN THIS YEAR"]
make([%q(STATE THEORY AND EDUCATIONAL POLICY), %q(376), %q(4), %q(4)]).includes ["NOT GIVEN THIS YEAR"]
make([%q(COMPARING INSTITUTIONAL FORMS: PUBLIC, PRIVATE, AND NONPROFIT (GSBGEN 346, PUBLPOL 317, SOC 377)), %q(377), %q(4), %q(4)]).includes ["NOT GIVEN THIS YEAR"]
make([%q(STRATEGIC MANAGEMENT OF NONPROFITS), %q(377B), %q(4), %q(4)]).includes ["WIN"]
make([%q(STRATEGIC ISSUES IN PHILANTHROPY), %q(377C), %q(3), %q(3)]).includes ["AUT"]
make([%q(STRATEGIC LEADERSHIP OF NONPROFITS (STRAMGT 378)), %q(377D), %q(4), %q(4)]).includes ["NOT GIVEN THIS YEAR"]
make([%q(SEMINAR ON SOCIAL CHANGE PROCESSES AND ORGANIZATIONS), %q(378X), %q(3), %q(4)]).includes ["NOT GIVEN THIS YEAR"]
make([%q(EDUCATIONAL INEQUALITY: LEGAL AND SOCIAL SCIENCE PERSPECTIVES (LAW 505)), %q(379X), %q(3), %q(5)]).includes ["NOT GIVEN THIS YEAR"]
make([%q(SUPERVISED INTERNSHIP), %q(380), %q(1), %q(15)]).includes ["AUT", "WIN", "SPR", "SUM"]
make([%q(MULTICULTURAL ISSUES IN HIGHER EDUCATION (EDUC 181)), %q(381), %q(4), %q(4)]).includes ["NOT GIVEN THIS YEAR"]
make([%q(LEADERSHIP AND ADMINISTRATION IN HIGHER EDUCATION), %q(386), %q(3), %q(4)]).includes ["SPR"]
make([%q(WORKSHOP: COMPARATIVE STUDIES OF EDUCATIONAL AND POLITICAL SYSTEMS (SOC 311A)), %q(387A), %q(1), %q(5)]).includes ["AUT"]
make([%q(WORKSHOP: COMPARATIVE SYSTEMS OF EDUCATIONAL AND POLITICAL SYSTEMS (SOC 311B)), %q(387B), %q(1), %q(5)]).includes ["WIN"]
make([%q(WORKSHOP: COMPARATIVE STUDIES OF EDUCATIONAL AND POLITICAL SYSTEMS (SOC 311C)), %q(387C), %q(1), %q(5)]).includes ["SPR"]
make([%q(LANGUAGE POLICIES AND PRACTICES), %q(388A), %q(2), %q(2)]).includes ["WIN"]
make([%q(INTRODUCTION TO ACADEMIC LANGUAGE), %q(388F), %q(1), %q(1)]).includes ["AUT"]
make([%q(RACE, ETHNICITY, AND LANGUAGE (ANTHRO 320A, LINGUIST 253)), %q(389X), %q(3), %q(4)]).includes ["NOT GIVEN THIS YEAR"]
make([%q(LEARNING ANALYTICS AND COMPUTATIONAL MODELING IN SOCIAL SCIENCE (CS 424M)), %q(390X), %q(3), %q(4)]).includes ["NOT GIVEN THIS YEAR"]
make([%q(ENGINEERING EDUCATION AND ONLINE LEARNING (EE 396)), %q(391X), %q(3), %q(3)]).includes ["SPR"]
make([%q(THE POLITICAL ECONOMY OF GLOBAL HIGHER EDUCATION), %q(392X), %q(3), %q(4)]).includes ["NOT GIVEN THIS YEAR"]
make([%q(PROSEMINAR: EDUCATION, BUSINESS, POLITICS), %q(393), %q(3), %q(3)]).includes ["SPR"]
make([%q(RESEARCH IN PROGRESS SEMINAR), %q(394X), %q(1), %q(1)]).includes ["NOT GIVEN THIS YEAR"]
make([%q(SCHOLARLY WRITING IN EDUCATION AND THE SOCIAL SCIENCES), %q(395), %q(3), %q(5)]).includes ["SPR"]
make([%q(THE DESIGN OF TECHNOLOGIES FOR CASUAL LEARNING (EDUC 196X)), %q(396X), %q(3), %q(3)]).includes ["NOT GIVEN THIS YEAR"]
make([%q(MATH MENTORING: WORKING IN THE ZONE WITH LEARNERS (EDUC 187X)), %q(397X), %q(1), %q(2)]).includes ["NOT GIVEN THIS YEAR"]
make([%q(MARKET-BASED EDUCATION REFORMS), %q(398X), %q(2), %q(2)]).includes ["NOT GIVEN THIS YEAR"]
make([%q(DESIGNING SURVEYS), %q(399A), %q(1), %q(2)]).includes ["WIN"]
make([%q(MIXED METHODS RESEARCH), %q(399X), %q(3), %q(3)]).includes ["NOT GIVEN THIS YEAR"]
make([%q(MINI COURSES IN METHODOLOGY: STATISTICAL PACKAGES FOR THE SOCIAL SCIENCES), %q(401A), %q(1), %q(1)]).includes ["AUT"]
make([%q(MINI COURSES IN METHODOLOGY: STATA), %q(401B), %q(1), %q(1)]).includes ["AUT"]
make([%q(DATA ANALYSIS EXAMPLES USING R), %q(401C), %q(1), %q(1)]).includes ["AUT"]
make([%q(EDUCATION'S DIGITAL FUTURE), %q(403X), %q(1), %q(1)]).includes ["NOT GIVEN THIS YEAR"]
make([%q(TOPICS IN BRAZILIAN EDUCATION: PUBLIC POLICY AND INNOVATION FOR THE 21ST CENTURY), %q(404X), %q(1), %q(2)]).includes ["AUT", "WIN", "SPR"]
make([%q(TEACHING THE HUMANITIES: LIGHTING A FIRE (ENGLISH 397X)), %q(405X), %q(2), %q(4)]).includes ["WIN"]
make([%q(PERSPECTIVES ON TEACHER LEARNING AND LESSON STUDY), %q(406X), %q(2), %q(4)]).includes ["NOT GIVEN THIS YEAR"]
make([%q(LYTICS SEMINAR), %q(407X), %q(1), %q(4)]).includes ["AUT", "WIN", "SPR"]
make([%q(MANAGING TO OUTCOMES IN EDUCATION AND OTHER SECTORS), %q(409X), %q(2), %q(2)]).includes ["WIN"]
make([%q(EARLY CHILDHOOD EDUCATION), %q(411X), %q(1), %q(4)]).includes ["NOT GIVEN THIS YEAR"]
make([%q(ORGANIZATION STUDIES RESEARCH WORKSHOP), %q(412X), %q(1), %q(2)]).includes ["NOT GIVEN THIS YEAR"]
make([%q(RESEARCH AND POLICY ON POSTSECONDARY ACCESS (EDUC 117)), %q(417), %q(3), %q(3)]).includes ["WIN"]
make([%q(ACADEMIC ACHIEVEMENT OF LANGUAGE MINORITY STUDENTS), %q(419X), %q(3), %q(5)]).includes ["NOT GIVEN THIS YEAR"]
make([%q(POWERFUL IDEAS FOR LEARNING SCIENCES AND TECHNOLOGY DESIGN), %q(421X), %q(1), %q(3)]).includes ["WIN", "SPR"]
make([%q(INTRODUCTION TO RESEARCH IN CURRICULUM AND TEACHER EDUCATION), %q(424), %q(2), %q(5)]).includes ["SPR"]
make([%q(ADVANCED TOPICS IN RESEARCH ON SELF AND STIGMA), %q(425X), %q(1), %q(3)]).includes ["WIN", "SPR"]
make([%q(THE 5TH ELEMENT: HIP HOP KNOWLEDGE, PEDAGOGY, AND SOCIAL JUSTICE (AFRICAAM 32, AMSTUD 32, CSRE 32A, EDUC 32X, TAPS 32)), %q(432X), %q(1), %q(5)]).includes ["SPR"]
make([%q(CURRICULAR PRACTICAL TRAINING), %q(437), %q(1), %q(1)]).includes ["SUM"]
make([%q(ENTREPRENEURIAL APPROACHES TO EDUCATION REFORM), %q(445X), %q(2), %q(2)]).includes ["SPR"]
make([%q(LEADING CHANGE IN PUBLIC EDUCATION), %q(447X), %q(2), %q(2)]).includes ["SPR"]
make([%q(DOCTORAL DISSERTATION), %q(453), %q(1), %q(15)]).includes ["AUT", "WIN", "SPR", "SUM"]
make([%q(SEMINAR IN THE PEDAGOGY OF TEACHER EDUCATION), %q(465), %q(3), %q(3)]).includes ["NOT GIVEN THIS YEAR"]
make([%q(DOCTORAL SEMINAR IN CURRICULUM RESEARCH), %q(466), %q(2), %q(4)]).includes ["AUT"]
make([%q(PRACTICUM), %q(470), %q(1), %q(15)]).includes ["AUT", "WIN", "SPR", "SUM"]
make([%q(DIRECTED READING), %q(480), %q(1), %q(15)]).includes ["AUT", "WIN", "SPR", "SUM"]
make([%q(DIRECTED RESEARCH), %q(490), %q(1), %q(15)]).includes ["AUT", "WIN", "SPR", "SUM"]
make([%q(WORKSHOP IN DESIGN AND ANALYSIS OF COMPARATIVE STUDIES), %q(493), %q(1), %q(3)]).includes ["NOT GIVEN THIS YEAR"]
make([%q(RESEARCH IN HISTORY AND SOCIAL SCIENCE EDUCATION (HISTORY 464E)), %q(496), %q(3), %q(5)]).includes ["NOT GIVEN THIS YEAR"]
make([%q(TGR PROJECT), %q(801), %q(0), %q(0)]).includes ["AUT", "WIN", "SPR", "SUM"]
make([%q(TGR DISSERTATION), %q(802), %q(0), %q(0)]).includes ["AUT", "WIN", "SPR", "SUM"]
