make(%q(Introduction to Computing at Stanford), '1C', 1, 1).includes ["Aut"]
make(%q(Practical Unix), '1U', 1, 1).includes ["Aut", "Win", "Spr"]
make(%q(Multimedia Production), '2C', 1, 2).includes ["Aut", "Win"]
make(%q(Problem-Solving for the CS Technical Interview), '9', 1, 1).includes ["Win"]
make(%q(Great Ideas in Computer Science), '10SC', 2, 2).includes ["not given this year"]
make(%q(Can Machines Know? Can Machines Feel?), '21N', 3, 3).includes ["Aut"]
make(%q(History and Philosophy of Artificial Intelligence (SYMSYS 22)), '22', 2, 2).includes ["Aut"]
make(%q(Computers and Photography: From Capture to Sharing), '45N', 3, 4).includes ["Aut"]
make(%q(Great Ideas in Computer Science), '54N', 3, 3).includes ["Aut"]
make(%q(Great Discoveries and Inventions in Computing), '56N', 3, 3).includes ["Win"]
make(%q(The Business of the Internet), '73N', 3, 3).includes ["Spr"]
make(%q(Digital Dilemmas), '74N', 3, 3).includes ["Aut"]
make(%q(Cell Phones, Sensors, and You), '75N', 3, 3).includes ["not given this year"]
make(%q(Interaction Design Basics), '77', 2, 2).includes ["Win"]
make(%q(Understanding Women's Experience in High-Tech Companies), '78', 3, 3).includes ["Win"]
make(%q(Code the Change: Learn Web Development Through Nonprofit Projects), '90SI', 2, 2).includes ["Aut", "Spr"]
make(%q(Introduction to Functional Programming in Haskell), '93SI', 1, 1).includes ["Win"]
make(%q(Callback Me Maybe: Contemporary JavaScript), '99SI', 2, 2).includes ["Aut", "Spr"]
make(%q(Introduction to Computing Principles), '101', 3, 5).includes ["Spr"]
make(%q(Mathematical Foundations of Computing), '103', 3, 5).includes ["Aut", "Win", "Spr"]
make(%q(Introduction to Computers), '105', 3, 5).includes ["Aut", "Win"]
make(%q(Programming Methodology (ENGR 70A)), '106A', 3, 5).includes ["Aut", "Win", "Spr", "Sum"]
make(%q(Programming Abstractions (ENGR 70B)), '106B', 3, 5).includes ["Aut", "Win", "Spr", "Sum"]
make(%q(Standard C++ Programming Laboratory), '106L', 1, 1).includes ["Aut", "Spr"]
make(%q(Programming Abstractions (Accelerated) (ENGR 70X)), '106X', 3, 5).includes ["Aut", "Win"]
make(%q(Computer Organization and Systems), '107', 3, 5).includes ["Aut", "Win", "Spr", "Sum"]
make(%q(Object-Oriented Systems Design), '108', 3, 4).includes ["Aut", "Win"]
make(%q(Introduction to Probability for Computer Scientists), '109', 3, 5).includes ["Win", "Spr", "Sum"]
make(%q(Statistical Computing with R Laboratory), '109L', 1, 1).includes ["Win", "Spr"]
make(%q(Principles of Computer Systems), '110', 3, 5).includes ["Aut", "Win", "Spr"]
make(%q(From Languages to Information (LINGUIST 180, LINGUIST 280)), '124', 3, 4).includes ["Win"]
make(%q(Computer Vision: Foundations and Applications), '131', 3, 4).includes ["Aut"]
make(%q(Operating Systems and Systems Programming), '140', 3, 4).includes ["Win", "Spr"]
make(%q(Web Applications), '142', 3, 3).includes ["Win", "Spr"]
make(%q(Compilers), '143', 3, 4).includes ["Spr", "Sum"]
make(%q(Introduction to Computer Networking), '144', 3, 4).includes ["Aut"]
make(%q(Introduction to Databases), '145', 3, 4).includes ["Aut", "Sum"]
make(%q(Introduction to Human-Computer Interaction Design), '147', 3, 4).includes ["Win"]
make(%q(Introduction to Computer Graphics and Imaging), '148', 3, 4).includes ["Aut", "Sum"]
make(%q(Parallel Computing), '149', 3, 4).includes ["Win"]
make(%q(Introduction to Automata and Complexity Theory), '154', 3, 4).includes ["Win"]
make(%q(Computer and Network Security), '155', 3, 3).includes ["Spr"]
make(%q(Logic and Automated Reasoning), '157', 3, 3).includes ["Aut"]
make(%q(Design and Analysis of Algorithms), '161', 3, 5).includes ["Aut", "Spr", "Sum"]
make(%q(Implementation of Algorithms), '161L', 1, 1).includes ["Spr"]
make(%q(Computing with Physical Objects: Algorithms for Shape and Motion), '164', 3, 3).includes ["not given this year"]
make(%q(Data Structures), '166', 3, 4).includes ["Spr"]
make(%q(Readings in Algorithms), '167', 3, 3).includes ["Spr"]
make(%q(Stanford Laptop Orchestra: Composition, Coding, and Performance (MUSIC 128)), '170', 1, 5).includes ["Spr"]
make(%q(A Computational Tour of the Human Genome), '173', 3, 3).includes ["not given this year"]
make(%q(Digital Photography), '178', 3, 5).includes ["Spr"]
make(%q(Computers, Ethics, and Public Policy), '181', 4, 4).includes ["Aut", "Win", "Spr"]
make(%q(Computers, Ethics, and Public Policy (WIM)), '181W', 4, 4).includes ["Aut", "Win", "Spr"]
make(%q(Senior Project), '191', 1, 6).includes ["Aut", "Win", "Spr", "Sum"]
make(%q(Writing Intensive Senior Project (WIM)), '191W', 3, 6).includes ["Aut", "Win", "Spr"]
make(%q(Programming Service Project), '192', 1, 4).includes ["Aut", "Win", "Spr", "Sum"]
make(%q(Client-Side Internet Technologies), '193C', 3, 3).includes ["Sum"]
make(%q(iPhone and iPad Application Programming), '193P', 3, 3).includes ["Aut", "Spr"]
make(%q(Software Project), '194', 3, 3).includes ["Win", "Spr"]
make(%q(Software Project (WIM)), '194W', 3, 3).includes ["Win", "Spr"]
make(%q(Computer Consulting), '196', 2, 2).includes ["Win", "Spr"]
make(%q(Teaching Computer Science), '198', 3, 4).includes ["Aut", "Win", "Spr"]
make(%q(Independent Work), '199', 1, 6).includes ["Aut", "Win", "Spr", "Sum"]
make(%q(Independent Work), '199P', 1, 6).includes ["Aut", "Win", "Spr", "Sum"]
make(%q(Care and Feeding of Large-Scale Web Services), '200', 1, 1).includes ["Spr"]
make(%q(Law for Computer Science Professionals), '202', 1, 1).includes ["Spr"]
make(%q(Legal Informatics), '204', 3, 3).includes ["Spr"]
make(%q(Mathematical Methods for Robotics, Vision, and Graphics), '205A', 3, 3).includes ["Aut"]
make(%q(Mathematical Methods for Fluids, Solids, and Interfaces), '205B', 3, 3).includes ["not given this year"]
make(%q(The Economics of Software), '207', 2, 2).includes ["Aut"]
make(%q(Software Project Experience with Corporate Partners), '210A', 3, 4).includes ["Win"]
make(%q(Software Project Experience with Corporate Partners), '210B', 3, 4).includes ["Spr"]
make(%q(Artificial Intelligence: Principles and Techniques), '221', 3, 4).includes ["Aut"]
make(%q(Rational Agency and Intelligent Interaction (PHIL 358)), '222', 3, 3).includes ["not given this year"]
make(%q(Introduction to Robotics (ME 320)), '223A', 3, 3).includes ["Win"]
make(%q(Multi-Agent Systems), '224M', 3, 3).includes ["Spr"]
make(%q(Natural Language Processing (LINGUIST 284)), '224N', 3, 4).includes ["Aut"]
make(%q(Spoken Language Processing (LINGUIST 285)), '224S', 2, 4).includes ["Spr"]
make(%q(Natural Language Understanding (LINGUIST 188, LINGUIST 288)), '224U', 3, 4).includes ["Spr"]
make(%q(Social and Information Network Analysis), '224W', 3, 4).includes ["Aut"]
make(%q(Experimental Robotics), '225A', 3, 3).includes ["not given this year"]
make(%q(Robot Programming Laboratory), '225B', 3, 4).includes ["not given this year"]
make(%q(Statistical Techniques in Robotics), '226', 3, 3).includes ["not given this year"]
make(%q(General Game Playing), '227B', 3, 3).includes ["Spr"]
make(%q(Probabilistic Graphical Models: Principles and Techniques), '228', 3, 4).includes ["Win"]
make(%q(Machine Learning), '229', 3, 4).includes ["Aut"]
make(%q(Statistical Learning Theory (STATS 231)), '229T', 3, 3).includes ["Win"]
make(%q(Computer Vision: From 3D Reconstruction to Recognition), '231A', 3, 4).includes ["Win"]
make(%q(The Cutting Edge of Computer Vision), '231B', 3, 3).includes ["not given this year"]
make(%q(Mobile Computer Vision), '231M', 3, 4).includes ["Spr"]
make(%q(Digital Image Processing (EE 368)), '232', 3, 3).includes ["Aut", "Win", "Spr"]
make(%q(Advanced Topics in Operating Systems), '240', 3, 3).includes ["Spr"]
make(%q(Embedded Wireless Systems), '240E', 3, 3).includes ["Spr"]
make(%q(Functional Systems in Haskell), '240H', 3, 4).includes ["Spr"]
make(%q(Programming Languages), '242', 3, 3).includes ["Aut"]
make(%q(Program Analysis and Optimizations), '243', 3, 4).includes ["Win"]
make(%q(Advanced Topics in Networking), '244', 3, 4).includes ["Spr"]
make(%q(Distributed Systems), '244B', 3, 3).includes ["Spr"]
make(%q(Readings and Projects in Distributed Systems), '244C', 3, 6).includes ["offered occasionally"]
make(%q(Networked Wireless Systems), '244E', 3, 3).includes ["not given this year"]
make(%q(Database Systems Principles), '245', 3, 3).includes ["Win"]
make(%q(Mining Massive Data Sets), '246', 3, 4).includes ["Win"]
make(%q(Mining Massive Data Sets Hadoop Lab), '246H', 1, 1).includes ["Win"]
make(%q(Human-Computer Interaction Design Studio), '247', 3, 4).includes ["Spr"]
make(%q(Human Computer Interaction Technology Laboratory), '247L', 1, 1).includes ["Spr"]
make(%q(Interactive Computer Graphics), '248', 3, 4).includes ["Win"]
make(%q(Object-Oriented Programming from a Modeling and Simulation Perspective), '249A', 3, 3).includes ["Aut"]
make(%q(Large-scale Software Development), '249B', 3, 3).includes ["not given this year"]
make(%q(Computational Complexity), '254', 3, 3).includes ["Win"]
make(%q(Introduction to Cryptography), '255', 3, 3).includes ["Win"]
make(%q(Optimization and Algorithmic Paradigms), '261', 3, 3).includes ["Win"]
make(%q(Computational Genomics (BIOMEDIN 262)), '262', 3, 3).includes ["Win"]
make(%q(Algorithms for Modern Data Models (MS&E 317)), '263', 3, 3).includes ["Spr"]
make(%q(Randomized Algorithms and Probabilistic Analysis (CME 309)), '265', 3, 3).includes ["Aut"]
make(%q(Parameterized Algorithms and Complexity), '266', 3, 3).includes ["not given this year"]
make(%q(Graph Algorithms), '267', 3, 3).includes ["Win"]
make(%q(Modeling Biomedical Systems: Ontology, Terminology, Problem Solving (BIOMEDIN 210)), '270', 3, 3).includes ["Win"]
make(%q(Introduction to Biomedical Informatics Research Methodology (BIOE 212, BIOMEDIN 212, GENE 212)), '272', 3, 3).includes ["Spr"]
make(%q(A Computational Tour of the Human Genome (BIOMEDIN 273A, DBIO 273A)), '273A', 3, 3).includes ["Aut"]
make(%q(Representations and Algorithms for Computational Molecular Biology (BIOE 214, BIOMEDIN 214, GENE 214)), '274', 3, 4).includes ["Aut"]
make(%q(Translational Bioinformatics (BIOMEDIN 217)), '275', 4, 4).includes ["Win"]
make(%q(Symbolic Musical Information (MUSIC 253)), '275A', 2, 4).includes ["Win"]
make(%q(Music Query, Analysis, and Style Simulation (MUSIC 254)), '275B', 2, 4).includes ["Spr"]
make(%q(Information Retrieval and Web Search (LINGUIST 286)), '276', 3, 3).includes ["Spr"]
make(%q(Experimental Haptics), '277', 3, 3).includes ["Spr"]
make(%q(Research Project in Computer Science), '294', 3, 3).includes ["offered occasionally"]
make(%q(Research Project in Artificial Intelligence), '294A', 3, 3).includes ["not given this year"]
make(%q(Research Project in Human-Computer Interaction), '294H', 3, 3).includes ["not given this year"]
make(%q(Software Engineering), '295', 2, 3).includes ["not given this year"]
make(%q(Seminar on Teaching Introductory Computer Science), '298', 1, 3).includes ["not given this year"]
make(%q(Departmental Lecture Series), '300', 1, 1).includes ["Aut"]
make(%q(Industrial Lectureships in Computer Science), '309', 1, 1).includes ["offered occasionally"]
make(%q(Cloud Computing), '309A', 1, 1).includes ["Aut"]
make(%q(Parallel Computer Architecture and Programming), '315A', 3, 3).includes ["not given this year"]
make(%q(Parallel Computing Research Project), '315B', 3, 3).includes ["not given this year"]
make(%q(Advanced Multi-Core Systems (EE 382E)), '316', 3, 3).includes ["Aut"]
make(%q(Topics in Digital Systems), '319', 3, 3).includes ["offered occasionally"]
make(%q(Topics in Computer Vision), '328', 3, 3).includes ["offered occasionally"]
make(%q(Topics in Artificial Intelligence), '329', 3, 3).includes ["offered occasionally"]
make(%q(Advanced Reading in Computer Vision), '331A', 3, 3).includes ["Win"]
make(%q(3D Representation and Recognition), '331B', 3, 3).includes ["Aut"]
make(%q(Convex Optimization I (CME 364A, EE 364A)), '334A', 3, 3).includes ["Win", "Sum"]
make(%q(Topics in Computer Systems), '340', 3, 4).includes ["offered occasionally"]
make(%q(Project in Mining Massive Data Sets), '341', 3, 3).includes ["Spr"]
make(%q(Advanced Topics in Compilers), '343', 3, 3).includes ["Spr"]
make(%q(Topics in Computer Networks), '344', 3, 3).includes ["not given this year"]
make(%q(Advanced Wireless Networks), '344E', 3, 3).includes ["not given this year"]
make(%q(Topics in Database Systems), '345D', 3, 3).includes ["Win"]
make(%q(Database System Implementation), '346', 3, 5).includes ["Spr"]
make(%q(Parallel and Distributed Data Management), '347', 3, 3).includes ["Spr"]
make(%q(Computer Graphics: Geometric Modeling), '348A', 3, 4).includes ["Win"]
make(%q(Computer Graphics: Image Synthesis Techniques), '348B', 3, 4).includes ["Spr"]
make(%q(Topics in Programming Systems), '349', 3, 3).includes ["offered occasionally"]
make(%q(Topics in Programming Systems: Readings in Distributed Systems), '349C', 1, 3).includes ["not given this year"]
make(%q(Topics in Circuit Complexity), '354', 3, 3).includes ["Spr"]
make(%q(Advanced Topics in Cryptography), '355', 3, 3).includes ["Spr"]
make(%q(Advanced Topics in Formal Methods), '357', 3, 3).includes ["Aut"]
make(%q(Topics in Programming Language Theory), '358', 3, 3).includes ["offered occasionally"]
make(%q(Topics in the Theory of Computation), '359', 3, 3).includes ["offered occasionally"]
make(%q(Advanced Algorithms), '361A', 3, 3).includes ["not given this year"]
make(%q(Advanced Algorithms), '361B', 3, 3).includes ["Spr"]
make(%q(Algorithmic Frontiers: Effective Algorithms for Large Data), '362', 3, 3).includes ["Spr"]
make(%q(Algorithmic Game Theory), '364A', 3, 3).includes ["Aut"]
make(%q(Topics in Algorithmic Game Theory), '364B', 3, 3).includes ["Win"]
make(%q(Algebraic Graph Algorithms), '367', 3, 3).includes ["Spr"]
make(%q(Topics in Analysis of Algorithms), '369', 3, 3).includes ["offered occasionally"]
make(%q(Beyond Worst-Case Analysis), '369N', 3, 3).includes ["not given this year"]
make(%q(Computational Biology in Four Dimensions (CME 371)), '371', 3, 3).includes ["Spr"]
make(%q(Algorithms in Biology (BIOMEDIN 374)), '374', 2, 3).includes ["Spr"]
make(%q(Research Topics in Human-Computer Interaction), '376', 3, 4).includes ["Spr"]
make(%q(Topics in Human-Computer Interaction), '377', 2, 3).includes ["offered occasionally"]
make(%q(Topics in Learning and Technology: d.compress - Designing Calm (EDUC 328A)), '377D', 2, 3).includes ["not given this year"]
make(%q(Learning in a Networked World: Learning Analytics in Technology-Enhanced Education (EDUC 298)), '377L', 3, 3).includes ["not given this year"]
make(%q(HCI Issues in Wearable Computing), '377W', 3, 3).includes ["Spr"]
make(%q(Interdisciplinary Topics), '379', 3, 3).includes ["offered occasionally"]
make(%q(Designing Liberation Technology (POLISCI 337T)), '379L', 3, 4).includes ["Spr"]
make(%q(Curricular Practical Training), '390A', 1, 1).includes ["Aut", "Win", "Spr", "Sum"]
make(%q(Curricular Practical Training), '390B', 1, 1).includes ["Aut", "Win", "Spr", "Sum"]
make(%q(Curricular Practical Training), '390C', 1, 1).includes ["Aut", "Win", "Spr", "Sum"]
make(%q(Computer Laboratory), '393', 1, 9).includes ["Aut", "Win", "Spr", "Sum"]
make(%q(Independent Database Project), '395', 1, 6).includes ["Aut", "Win", "Spr", "Sum"]
make(%q(Independent Project), '399', 1, 9).includes ["Aut", "Win", "Spr", "Sum"]
make(%q(Independent Project), '399P', 1, 9).includes ["Aut", "Win", "Spr", "Sum"]
make(%q(Beyond Bits and Atoms: Designing Technological Tools (EDUC 236X)), '402', 3, 5).includes ["not given this year"]
make(%q(Beyond Bits and Atoms - Lab (EDUC 211X)), '402L', 1, 3).includes ["not given this year"]
make(%q(Learning Analytics and Computational Modeling in Social Science (EDUC 390X)), '424M', 3, 4).includes ["not given this year"]
make(%q(High-Level Vision: Object Representation (PSYCH 250)), '431', 3, 3).includes ["Spr"]
make(%q(High Productivity and Performance with Domain-specific Languages in Scala), '442', 3, 3).includes ["not given this year"]
make(%q(Software Design Experiences), '447', 3, 4).includes ["not given this year"]
make(%q(Topics in Computer Graphics), '448', 3, 4).includes ["offered occasionally"]
make(%q(Data Visualization), '448B', 3, 3).includes ["not given this year"]
make(%q(Topics in Geometric Algorithms:Data-Driven Shape Analysis), '468', 3, 3).includes ["Win", "Spr"]
make(%q(Music, Computing, and Design I: Software Paradigms for Computer Music (MUSIC 256A)), '476A', 1, 4).includes ["Aut"]
make(%q(Music, Computing, Design II: Mobile Music (MUSIC 256B)), '476B', 1, 4).includes ["Win"]
make(%q(Advanced Reading and Research), '499', 1, 15).includes ["Aut", "Win", "Spr", "Sum"]
make(%q(Advanced Reading and Research), '499P', 1, 15).includes ["Aut", "Win", "Spr", "Sum"]
make(%q(Database and Information Management Seminar), '545', 1, 1).includes ["Win"]
make(%q(Seminar on Liberation Technologies (POLISCI 337S)), '546', 1, 1).includes ["Aut", "Win"]
make(%q(Human-Computer Interaction Seminar), '547', 1, 1).includes ["Aut", "Win", "Spr"]
make(%q(Internet and Distributed Systems Seminar), '548', 1, 1).includes ["not given this year"]
make(%q(Human-Computer Interaction in the Real World), '549', 1, 1).includes ["Spr"]
make(%q(TGR Project), '801', 0, 0).includes ["Aut", "Win", "Spr", "Sum"]
make(%q(TGR Dissertation), '802', 0, 0).includes ["Aut", "Win", "Spr", "Sum"]
