make(%q(How Musical Instruments Work), '10N', 3, 3).includes ["not given this year"]
make(%q(Mathematics of the Information Age), '10SC', 2, 2).includes ["not given this year"]
make(%q(Things about Stuff), '14N', 3, 3).includes ["Aut"]
make(%q(The Art and Science of Engineering Design), '15N', 3, 3).includes ["not given this year"]
make(%q(Engineering the Micro and Nano Worlds: From Chips to Genes), '17N', 3, 3).includes ["Spr"]
make(%q(What is Nanotechnology?), '21N', 3, 3).includes ["Win"]
make(%q(Medical Imaging Systems), '22N', 3, 3).includes ["Win"]
make(%q(Imaging: From the Atom to the Universe), '23N', 3, 3).includes ["not given this year"]
make(%q(Electronics Rocks), '27N', 3, 3).includes ["Win"]
make(%q(Physics of Electrical Engineering (ENGR 40P)), '41', 5, 5).includes ["Win"]
make(%q(Engineering For Good: Save the World and Have Fun Doing It), '46', 3, 3).includes ["Spr"]
make(%q(Press Play: Interactive Device Design), '47', 3, 3).includes ["Sum"]
make(%q(Man versus Nature: Coping with Disasters Using Space Technology (GEOPHYS 60N)), '60N', 4, 4).includes ["not given this year"]
make(%q(Making and Breaking Things), '92A', 1, 1).includes ["Win"]
make(%q(The Electrical Engineering Profession), '100', 1, 1).includes ["Aut"]
make(%q(Circuits and Signals Applications), '100A', 1, 1).includes ["Win"]
make(%q(Circuits I), '101A', 4, 4).includes ["Win"]
make(%q(Circuits II), '101B', 4, 4).includes ["Spr"]
make(%q(Signal Processing and Linear Systems I), '102A', 4, 4).includes ["Win", "Sum"]
make(%q(Signal Processing and Linear Systems II), '102B', 4, 4).includes ["Spr"]
make(%q(Digital Systems I), '108A', 3, 4).includes ["Aut", "Win"]
make(%q(Digital Systems II), '108B', 3, 4).includes ["Aut", "Win"]
make(%q(Digital Systems Design Lab), '109', 4, 4).includes ["Spr"]
make(%q(Fundamentals of Analog Integrated Circuit Design (EE 214A)), '114', 3, 3).includes ["Aut"]
make(%q(Semiconductor Device Physics), '116', 3, 3).includes ["Spr"]
make(%q(Introduction to Mechatronics), '118', 4, 4).includes ["not given this year"]
make(%q(Analog Circuits Laboratory), '122A', 3, 3).includes ["Aut"]
make(%q(Introduction to Biomedical Electronics), '122B', 3, 3).includes ["Spr"]
make(%q(Introduction to Neuroelectrical Engineering), '124', 3, 3).includes ["not given this year"]
make(%q(Analog Communications Design Laboratory (EE 233)), '133', 3, 4).includes ["Win"]
make(%q(Introduction to Photonics), '134', 4, 4).includes ["Spr"]
make(%q(Introduction to Nanophotonics and Nanostructures), '136', 3, 3).includes ["Spr"]
make(%q(Engineering Electromagnetics), '141', 3, 3).includes ["Win"]
make(%q(Sustainable Energy Systems), '151', 3, 3).includes ["not given this year"]
make(%q(Green Electronics), '152', 4, 4).includes ["Aut"]
make(%q(Introduction to Digital Image Processing), '168', 3, 4).includes ["Win"]
make(%q(Introduction to Bioimaging), '169', 3, 3).includes ["not given this year"]
make(%q(Probabilistic Systems Analysis (EE 278A)), '178', 3, 4).includes ["Aut", "Spr"]
make(%q(Analog and Digital Communication Systems), '179', 3, 3).includes ["Spr"]
make(%q(Special Studies or Projects in Electrical Engineering), '190', 1, 15).includes ["Aut", "Win", "Spr"]
make(%q(Special Studies and Reports in Electrical Engineering), '191', 1, 15).includes ["Aut", "Win", "Spr"]
make(%q(Special Studies and Reports in Electrical Engineering), '191A', 1, 1).includes ["Aut", "Win", "Spr"]
make(%q(Special Studies and Reports in Electrical Engineering (WIM)), '191W', 3, 10).includes ["Aut", "Win", "Spr", "Sum"]
make(%q(Electrical Engineering in Biology and Medicine), '202', 3, 3).includes ["not given this year"]
make(%q(The Entrepreneurial Engineer), '203', 1, 1).includes ["Win"]
make(%q(Business Management for Electrical Engineers and Computer Scientists), '204', 3, 3).includes ["Spr"]
make(%q(Business Management for Electrical Engineers and Computer Scientists), '204S', 3, 3).includes ["Spr"]
make(%q(Integrated Circuit Fabrication Processes), '212', 3, 3).includes ["Aut"]
make(%q(Fundamentals of Analog Integrated Circuit Design (EE 114)), '214A', 3, 3).includes ["Aut"]
make(%q(Advanced Analog Integrated Circuit Design), '214B', 3, 3).includes ["Win"]
make(%q(Principles and Models of Semiconductor Devices), '216', 3, 3).includes ["Aut", "Win", "Sum"]
make(%q(Applied Quantum Mechanics I), '222', 3, 3).includes ["Aut"]
make(%q(Applied Quantum Mechanics II), '223', 3, 3).includes ["Win"]
make(%q(Bio-chips, Imaging and Nanomedicine (MATSCI 382, SBIO 225)), '225', 3, 3).includes ["Win"]
make(%q(Basic Physics for Solid State Electronics), '228', 3, 3).includes ["not given this year"]
make(%q(Analog Communications Design Laboratory (EE 133)), '233', 3, 4).includes ["Win"]
make(%q(Photonics Laboratory), '234', 3, 3).includes ["Aut"]
make(%q(Modern Optics), '236A', 3, 3).includes ["Aut"]
make(%q(MODERN OPTICS - LABORATORY), '236AL', 1, 1).includes ["Aut"]
make(%q(Guided Waves), '236B', 3, 3).includes ["Win"]
make(%q(Lasers), '236C', 3, 3).includes ["Spr"]
make(%q(Solar Energy Conversion), '237', 3, 3).includes ["Spr"]
make(%q(Electromagnetic Waves), '242', 3, 3).includes ["Spr"]
make(%q(Semiconductor Optoelectronic Devices), '243', 3, 3).includes ["Win"]
make(%q(Introduction to Optical Fiber Communications), '247', 3, 3).includes ["Aut"]
make(%q(Fundamentals of Noise Processes), '248', 3, 3).includes ["Aut"]
make(%q(High-Frequency Circuit Design Laboratory), '251', 3, 3).includes ["Aut"]
make(%q(Antenna Theory), '252', 3, 3).includes ["Aut"]
make(%q(Electrical Systems Practicum (CEE 252E)), '252E', 1, 1).includes ["Win"]
make(%q(Numerical Electromagnetics), '256', 3, 3).includes ["Spr"]
make(%q(Applied Optimization Laboratory (Geophys 258) (GEOPHYS 258)), '257', 3, 4).includes ["not given this year"]
make(%q(The Fourier Transform and Its Applications), '261', 3, 3).includes ["Aut", "Win", "Sum"]
make(%q(Two-Dimensional Imaging), '262', 3, 3).includes ["not given this year"]
make(%q(Introduction to Linear Dynamical Systems (CME 263)), '263', 3, 3).includes ["Aut", "Sum"]
make(%q(Digital Signal Processing), '264', 3, 3).includes ["Aut", "Spr", "Sum"]
make(%q(Digital Signal Processing Laboratory), '265', 3, 4).includes ["not given this year"]
make(%q(Introduction to VLSI Systems), '271', 3, 3).includes ["Aut"]
make(%q(Design Projects in VLSI Systems), '272', 3, 4).includes ["not given this year"]
make(%q(Digital Systems Engineering), '273', 3, 3).includes ["not given this year"]
make(%q(Probabilistic Systems Analysis (EE 178)), '278A', 3, 4).includes ["Aut", "Spr"]
make(%q(Introduction to Statistical Signal Processing), '278B', 3, 3).includes ["Aut", "Win", "Sum"]
make(%q(Introduction to Digital Communication), '279', 3, 3).includes ["Win"]
make(%q(Computer Systems Architecture), '282', 3, 3).includes ["Spr"]
make(%q(Introduction to Computer Networks), '284', 3, 3).includes ["not given this year"]
make(%q(Curricular Practical Training for Electrical Engineers), '290A', 1, 1).includes ["Aut", "Win", "Spr", "Sum"]
make(%q(Curricular Practical Training for Electrical Engineers), '290B', 1, 1).includes ["Aut", "Win", "Spr", "Sum"]
make(%q(Curricular Practical Training for Electrical Engineers), '290C', 1, 1).includes ["Aut", "Win", "Spr", "Sum"]
make(%q(Curricular Practical Training for Electrical Engineers), '290D', 1, 1).includes ["Aut", "Win", "Spr", "Sum"]
make(%q(Micro and Nanoscale Biosensing for Molecular Diagnostics), '292B', 3, 3).includes ["Spr"]
make(%q(Chemical Vapor Deposition and Epitaxy for Integrated Circuits and Nanostructures), '292C', 1, 1).includes ["Aut"]
make(%q(Engineering and Climate Change), '292H', 1, 1).includes ["Aut"]
make(%q(Insanely Great Products: How do they get built?), '292I', 1, 1).includes ["Spr"]
make(%q(Power Electronics), '292J', 3, 3).includes ["Spr"]
make(%q(Intelligent Energy Projects), '292K', 3, 3).includes ["not given this year"]
make(%q(Nanomanufacturing), '292L', 3, 3).includes ["Aut"]
make(%q(Parallel Processors Beyond Multi-Core Processing), '292M', 2, 2).includes ["not given this year"]
make(%q(Power Management Integrated Circuits), '292P', 3, 3).includes ["Aut"]
make(%q(SmartGrids and Advanced Power Systems Seminar (CEE 272T)), '292T', 1, 2).includes ["Win", "Spr"]
make(%q(Solar Cells, Fuel Cells, and Batteries: Materials for the Energy Solution (ENERGY 293A, MATSCI 156, MATSCI 256)), '293A', 3, 4).includes ["Aut"]
make(%q(Fundamentals of Energy Processes (ENERGY 293B)), '293B', 3, 3).includes ["Win"]
make(%q(Master's Thesis and Thesis Research), '300', 1, 15).includes ["Aut", "Win", "Spr", "Sum"]
make(%q(Autonomous Implantable Systems), '303', 3, 3).includes ["Win"]
make(%q(Neuromorphics: Brains in Silicon (BIOE 313)), '304', 3, 3).includes ["Spr"]
make(%q(Advanced Circuit Techniques), '308', 3, 3).includes ["Spr"]
make(%q(Semiconductor Memory Devices and Technology), '309', 3, 3).includes ["Aut"]
make(%q(Integrated Circuits Technology and Design Seminar), '310', 1, 1).includes ["not given this year"]
make(%q(Advanced Integrated Circuits Technology), '311', 3, 3).includes ["Spr"]
make(%q(Digital MOS Integrated Circuits), '313', 3, 3).includes ["Win"]
make(%q(RF Integrated Circuit Design), '314A', 3, 3).includes ["Spr"]
make(%q(Advanced RF Integrated Circuit Design), '314B', 3, 3).includes ["Aut"]
make(%q(VLSI Signal Conditioning Circuits), '315A', 3, 3).includes ["alternate years", "given next year"]
make(%q(VLSI Data Conversion Circuits), '315B', 3, 3).includes ["Aut", "alternate years", "not given next year"]
make(%q(Advanced VLSI Devices), '316', 3, 3).includes ["Win"]
make(%q(Advanced Nanoelectronic Devices and Technology), '319', 3, 3).includes ["alternate years", "given next year"]
make(%q(Nanoelectronics), '320', 3, 3).includes ["not given this year"]
make(%q(Properties of Semiconductor Materials), '327', 3, 3).includes ["not given this year"]
make(%q(Physics of Advanced Semiconductor Devices), '328', 3, 3).includes ["Spr"]
make(%q(The Electronic Structure of Surfaces and Interfaces (PHOTON 329)), '329', 3, 3).includes ["Aut"]
make(%q(Biophotonics: Light in Medicine and Biology), '331', 3, 3).includes ["Win"]
make(%q(Laser Dynamics), '332', 3, 3).includes ["Win"]
make(%q(Micro and Nano Optical Device Design), '334', 3, 3).includes ["not given this year"]
make(%q(Nanophotonics (MATSCI 346)), '336', 3, 3).includes ["Aut"]
make(%q(Optical Micro- and Nano-Cavities), '340', 3, 3).includes ["not given this year"]
make(%q(Optical Fiber Communication Laboratory), '345', 3, 3).includes ["alternate years", "given next year"]
make(%q(Introduction to Nonlinear Optics), '346', 3, 3).includes ["alternate years", "not given next year"]
make(%q(Advanced Optical Fiber Communications), '348', 3, 3).includes ["Win"]
make(%q(Imaging Radar and Applications (GEOPHYS 265)), '355', 3, 3).includes ["Win"]
make(%q(Wireless Communications), '359', 3, 4).includes ["Aut"]
make(%q(Multiuser Wireless Systems and Networks), '360', 3, 3).includes ["Win"]
make(%q(Principles of Cooperation in Wireless Networks), '361', 3, 3).includes ["not given this year"]
make(%q(Convex Optimization I (CME 364A, CS 334A)), '364A', 3, 3).includes ["Win", "Sum"]
make(%q(Convex Optimization II (CME 364B)), '364B', 3, 3).includes ["Spr"]
make(%q(STOCHASTIC CONTROL), '365', 3, 3).includes ["Spr"]
make(%q(Digital Image Processing (CS 232)), '368', 3, 3).includes ["Aut", "Win", "Spr"]
make(%q(Medical Imaging Systems I), '369A', 3, 3).includes ["not given this year"]
make(%q(Medical Imaging Systems II), '369B', 3, 3).includes ["Spr"]
make(%q(Medical Image Reconstruction), '369C', 3, 3).includes ["Aut"]
make(%q(Advanced VLSI Circuit Design), '371', 3, 3).includes ["alternate years", "given next year"]
make(%q(Adaptive Signal Processing), '373A', 3, 3).includes ["Win"]
make(%q(Adaptive Neural Networks), '373B', 3, 3).includes ["not given this year"]
make(%q(Information Theory (STATS 376A)), '376A', 3, 3).includes ["Win"]
make(%q(Network Information Theory), '376B', 3, 3).includes ["not given this year"]
make(%q(Universal Schemes in Information Theory), '376C', 3, 3).includes ["Spr"]
make(%q(Statistical Signal Processing), '378A', 3, 3).includes ["not given this year"]
make(%q(Inference, Estimation, and Information Processing), '378B', 3, 3).includes ["not given this year"]
make(%q(Digital Communication), '379', 3, 3).includes ["not given this year"]
make(%q(Colloquium on Computer Systems), '380', 1, 1).includes ["Aut", "Win", "Spr", "Sum"]
make(%q(Interconnection Networks), '382C', 3, 3).includes ["not given this year"]
make(%q(Advanced Multi-Core Systems (CS 316)), '382E', 3, 3).includes ["Aut"]
make(%q(Internet Routing Protocols and Standards), '384A', 3, 3).includes ["not given this year"]
make(%q(Wireless Local and Wide Area Networks), '384C', 3, 3).includes ["not given this year"]
make(%q(Network Science), '384M', 3, 3).includes ["not given this year"]
make(%q(Performance Engineering of Computer Systems & Networks), '384S', 3, 3).includes ["Spr"]
make(%q(Packet Switch Architectures), '384X', 3, 3).includes ["alternate years", "given next year"]
make(%q(Robust and Testable Systems Seminar), '385A', 1, 4).includes ["Aut", "Win", "Spr"]
make(%q(Robust System Design), '386', 3, 3).includes ["alternate years", "given next year"]
make(%q(Algebraic Error Control Codes), '387', 3, 3).includes ["not given this year"]
make(%q(Special Studies or Projects in Electrical Engineering), '390', 1, 15).includes ["Aut", "Win", "Spr", "Sum"]
make(%q(Special Studies and Reports in Electrical Engineering), '391', 1, 15).includes ["Aut", "Win", "Spr", "Sum"]
make(%q(VLSI Signal Processing), '392E', 3, 3).includes ["not given this year"]
make(%q(Logic Synthesis of VLSI Circuits), '392F', 3, 3).includes ["not given this year"]
make(%q(Seminar on Trends in Computing and Communications), '392I', 1, 1).includes ["Spr"]
make(%q(Modern Cellular Communication Systems), '392L', 3, 3).includes ["Spr"]
make(%q(INTELLIGENT ENERGY SYSTEMS), '392N', 1, 1).includes ["Spr"]
make(%q(Nanoscale Device Physics), '392P', 3, 3).includes ["not given this year"]
make(%q(Parallel Processors Beyond Multicore Processing), '392Q', 3, 3).includes ["Win"]
make(%q(Seminar in Chip Test and Debug), '392T', 1, 1).includes ["Win"]
make(%q(Electrical Engineering Instruction: Practice Teaching), '395', 1, 15).includes ["Aut", "Win", "Spr"]
make(%q(Engineering Education and Online Learning (EDUC 391X)), '396', 3, 3).includes ["Spr"]
make(%q(Image and Video Compression), '398A', 3, 3).includes ["not given this year"]
make(%q(Thesis and Thesis Research), '400', 1, 15).includes ["Aut", "Win", "Spr", "Sum"]
make(%q(Topics in International Technology Management), '402A', 1, 1).includes ["Aut"]
make(%q(Topics in International Advanced Technology Research), '402S', 1, 1).includes ["not given this year"]
make(%q(Entrepreneurship in Asian High-Tech Industries), '402T', 1, 1).includes ["Spr"]
make(%q(Integrated Circuit Fabrication Laboratory), '410', 3, 4).includes ["Win"]
make(%q(Advanced Nanofabrication Laboratory), '412', 3, 3).includes ["Spr"]
make(%q(RF Transceiver Design Laboratory), '414', 3, 3).includes ["Win"]
make(%q(Semidefinite Optimization and Algebraic Techniques), '464', 3, 3).includes ["not given this year"]
make(%q(RF Pulse Design for Magnetic Resonance Imaging), '469B', 3, 3).includes ["not given this year"]
make(%q(TGR Project), '801', 0, 0).includes ["Aut", "Win", "Spr", "Sum"]
make(%q(TGR Dissertation), '802', 0, 0).includes ["Aut", "Win", "Spr", "Sum"]
